gpasm-1.5.2 #0 (Sep 16 2019) build/default/pr   9-16-2019  13:05:29         PAGE  1


LOC    OBJECT CODE    LINE  SOURCE TEXT
  VALUE

                      00001 ;--------------------------------------------------------
                      00002 ; File Created by SDCC : free open source ANSI-C Compiler
                      00003 ; Version 3.9.3 #11377 (MINGW64)
                      00004 ;--------------------------------------------------------
                      00005 ; PIC16 port for the Microchip 16-bit core micros
                      00006 ;--------------------------------------------------------
                      00007         list    p=18f25k50
                      00008         radix   dec
                      00009 
                      00010 
                      00011 ;--------------------------------------------------------
                      00012 ; public variables in this module
                      00013 ;--------------------------------------------------------
  0000                00014         global  _print_digit
  0000                00015         global  _print_unit
  0000                00016         global  _print_reading
  0000                00017         global  _indicator
  0000                00018         global  _output_putch
  0000                00019         global  _put_str
  0000                00020         global  _lcd_put
                      00021 
                      00022 ;--------------------------------------------------------
                      00023 ; extern variables in this module
                      00024 ;--------------------------------------------------------
  0000                00025         extern  __gptrget1
  0000                00026         extern  _SRCON1bits
  0000                00027         extern  _SRCON0bits
  0000                00028         extern  _CCPTMRSbits
  0000                00029         extern  _ANSELAbits
  0000                00030         extern  _ANSELBbits
  0000                00031         extern  _ANSELCbits
  0000                00032         extern  _UCONbits
  0000                00033         extern  _USTATbits
  0000                00034         extern  _UCFGbits
  0000                00035         extern  _UADDRbits
  0000                00036         extern  _UIEbits
  0000                00037         extern  _UIRbits
  0000                00038         extern  _UEIEbits
  0000                00039         extern  _UEIRbits
  0000                00040         extern  _UFRMLbits
  0000                00041         extern  _UFRMHbits
  0000                00042         extern  _UEP0bits
  0000                00043         extern  _UEP1bits
  0000                00044         extern  _UEP2bits
  0000                00045         extern  _UEP3bits
  0000                00046         extern  _UEP4bits
  0000                00047         extern  _UEP5bits
  0000                00048         extern  _UEP6bits
  0000                00049         extern  _UEP7bits
  0000                00050         extern  _UEP8bits
  0000                00051         extern  _UEP9bits
  0000                00052         extern  _UEP10bits
  0000                00053         extern  _UEP11bits
gpasm-1.5.2 #0 (Sep 16 2019) build/default/pr   9-16-2019  13:05:29         PAGE  2


LOC    OBJECT CODE    LINE  SOURCE TEXT
  VALUE

  0000                00054         extern  _UEP12bits
  0000                00055         extern  _UEP13bits
  0000                00056         extern  _UEP14bits
  0000                00057         extern  _UEP15bits
  0000                00058         extern  _SLRCONbits
  0000                00059         extern  _VREFCON2bits
  0000                00060         extern  _VREFCON1bits
  0000                00061         extern  _VREFCON0bits
  0000                00062         extern  _PMD0bits
  0000                00063         extern  _PMD1bits
  0000                00064         extern  _PORTAbits
  0000                00065         extern  _PORTBbits
  0000                00066         extern  _PORTCbits
  0000                00067         extern  _PORTEbits
  0000                00068         extern  _WPUBbits
  0000                00069         extern  _IOCBbits
  0000                00070         extern  _IOCCbits
  0000                00071         extern  _CTMUICONbits
  0000                00072         extern  _LATAbits
  0000                00073         extern  _LATBbits
  0000                00074         extern  _LATCbits
  0000                00075         extern  _CTMUCON1bits
  0000                00076         extern  _CTMUCONLbits
  0000                00077         extern  _CTMUCON0bits
  0000                00078         extern  _CTMUCONHbits
  0000                00079         extern  _DDRAbits
  0000                00080         extern  _TRISAbits
  0000                00081         extern  _DDRBbits
  0000                00082         extern  _TRISBbits
  0000                00083         extern  _DDRCbits
  0000                00084         extern  _TRISCbits
  0000                00085         extern  _CCP2CONbits
  0000                00086         extern  _ECCP2CONbits
  0000                00087         extern  _CM1CON0bits
  0000                00088         extern  _CM2CON0bits
  0000                00089         extern  _CM2CON1bits
  0000                00090         extern  _OSCTUNEbits
  0000                00091         extern  _HLVDCONbits
  0000                00092         extern  _PIE1bits
  0000                00093         extern  _PIR1bits
  0000                00094         extern  _IPR1bits
  0000                00095         extern  _PIE2bits
  0000                00096         extern  _PIR2bits
  0000                00097         extern  _IPR2bits
  0000                00098         extern  _PIE3bits
  0000                00099         extern  _PIR3bits
  0000                00100         extern  _IPR3bits
  0000                00101         extern  _EECON1bits
  0000                00102         extern  _RCSTAbits
  0000                00103         extern  _RCSTA1bits
  0000                00104         extern  _TXSTAbits
  0000                00105         extern  _TXSTA1bits
  0000                00106         extern  _SPBRGbits
gpasm-1.5.2 #0 (Sep 16 2019) build/default/pr   9-16-2019  13:05:29         PAGE  3


LOC    OBJECT CODE    LINE  SOURCE TEXT
  VALUE

  0000                00107         extern  _SPBRG1bits
  0000                00108         extern  _SPBRGHbits
  0000                00109         extern  _SPBRGH1bits
  0000                00110         extern  _T3CONbits
  0000                00111         extern  _T3GCONbits
  0000                00112         extern  _ACTCONbits
  0000                00113         extern  _STCONbits
  0000                00114         extern  _ECCP1ASbits
  0000                00115         extern  _ECCP1DELbits
  0000                00116         extern  _PWM1CONbits
  0000                00117         extern  _BAUDCONbits
  0000                00118         extern  _BAUDCON1bits
  0000                00119         extern  _PSTR1CONbits
  0000                00120         extern  _T2CONbits
  0000                00121         extern  _CCP1CONbits
  0000                00122         extern  _ECCP1CONbits
  0000                00123         extern  _ADCON2bits
  0000                00124         extern  _ADCON1bits
  0000                00125         extern  _ADCON0bits
  0000                00126         extern  _SSP1CON2bits
  0000                00127         extern  _SSPCON2bits
  0000                00128         extern  _SSP1CON1bits
  0000                00129         extern  _SSPCONbits
  0000                00130         extern  _SSPCON1bits
  0000                00131         extern  _SSP1STATbits
  0000                00132         extern  _SSPSTATbits
  0000                00133         extern  _SSP1ADDbits
  0000                00134         extern  _SSPADDbits
  0000                00135         extern  _SSP1MSKbits
  0000                00136         extern  _SSPMSKbits
  0000                00137         extern  _SSP1CON3bits
  0000                00138         extern  _SSPCON3bits
  0000                00139         extern  _T1GCONbits
  0000                00140         extern  _T1CONbits
  0000                00141         extern  _RCONbits
  0000                00142         extern  _WDTCONbits
  0000                00143         extern  _OSCCON2bits
  0000                00144         extern  _OSCCONbits
  0000                00145         extern  _T0CONbits
  0000                00146         extern  _STATUSbits
  0000                00147         extern  _INTCON3bits
  0000                00148         extern  _INTCON2bits
  0000                00149         extern  _INTCONbits
  0000                00150         extern  _STKPTRbits
  0000                00151         extern  _buffer
  0000                00152         extern  _putchar_ptr
  0000                00153         extern  _SRCON1
  0000                00154         extern  _SRCON0
  0000                00155         extern  _CCPTMRS
  0000                00156         extern  _VREGCON
  0000                00157         extern  _ANSELA
  0000                00158         extern  _ANSELB
  0000                00159         extern  _ANSELC
gpasm-1.5.2 #0 (Sep 16 2019) build/default/pr   9-16-2019  13:05:29         PAGE  4


LOC    OBJECT CODE    LINE  SOURCE TEXT
  VALUE

  0000                00160         extern  _UCON
  0000                00161         extern  _USTAT
  0000                00162         extern  _UCFG
  0000                00163         extern  _UADDR
  0000                00164         extern  _UIE
  0000                00165         extern  _UIR
  0000                00166         extern  _UEIE
  0000                00167         extern  _UEIR
  0000                00168         extern  _UFRM
  0000                00169         extern  _UFRML
  0000                00170         extern  _UFRMH
  0000                00171         extern  _UEP0
  0000                00172         extern  _UEP1
  0000                00173         extern  _UEP2
  0000                00174         extern  _UEP3
  0000                00175         extern  _UEP4
  0000                00176         extern  _UEP5
  0000                00177         extern  _UEP6
  0000                00178         extern  _UEP7
  0000                00179         extern  _UEP8
  0000                00180         extern  _UEP9
  0000                00181         extern  _UEP10
  0000                00182         extern  _UEP11
  0000                00183         extern  _UEP12
  0000                00184         extern  _UEP13
  0000                00185         extern  _UEP14
  0000                00186         extern  _UEP15
  0000                00187         extern  _SLRCON
  0000                00188         extern  _VREFCON2
  0000                00189         extern  _VREFCON1
  0000                00190         extern  _VREFCON0
  0000                00191         extern  _PMD0
  0000                00192         extern  _PMD1
  0000                00193         extern  _PORTA
  0000                00194         extern  _PORTB
  0000                00195         extern  _PORTC
  0000                00196         extern  _PORTE
  0000                00197         extern  _WPUB
  0000                00198         extern  _IOCB
  0000                00199         extern  _IOCC
  0000                00200         extern  _CTMUICON
  0000                00201         extern  _LATA
  0000                00202         extern  _LATB
  0000                00203         extern  _LATC
  0000                00204         extern  _CTMUCON1
  0000                00205         extern  _CTMUCONL
  0000                00206         extern  _CTMUCON0
  0000                00207         extern  _CTMUCONH
  0000                00208         extern  _CCPR2
  0000                00209         extern  _CCPR2L
  0000                00210         extern  _CCPR2H
  0000                00211         extern  _DDRA
  0000                00212         extern  _TRISA
gpasm-1.5.2 #0 (Sep 16 2019) build/default/pr   9-16-2019  13:05:29         PAGE  5


LOC    OBJECT CODE    LINE  SOURCE TEXT
  VALUE

  0000                00213         extern  _DDRB
  0000                00214         extern  _TRISB
  0000                00215         extern  _DDRC
  0000                00216         extern  _TRISC
  0000                00217         extern  _CCP2CON
  0000                00218         extern  _ECCP2CON
  0000                00219         extern  _CM1CON0
  0000                00220         extern  _CM2CON0
  0000                00221         extern  _CM2CON1
  0000                00222         extern  _OSCTUNE
  0000                00223         extern  _HLVDCON
  0000                00224         extern  _PIE1
  0000                00225         extern  _PIR1
  0000                00226         extern  _IPR1
  0000                00227         extern  _PIE2
  0000                00228         extern  _PIR2
  0000                00229         extern  _IPR2
  0000                00230         extern  _PIE3
  0000                00231         extern  _PIR3
  0000                00232         extern  _IPR3
  0000                00233         extern  _EECON1
  0000                00234         extern  _EECON2
  0000                00235         extern  _EEDATA
  0000                00236         extern  _EEADR
  0000                00237         extern  _RCSTA
  0000                00238         extern  _RCSTA1
  0000                00239         extern  _TXSTA
  0000                00240         extern  _TXSTA1
  0000                00241         extern  _TXREG
  0000                00242         extern  _TXREG1
  0000                00243         extern  _RCREG
  0000                00244         extern  _RCREG1
  0000                00245         extern  _SPBRG
  0000                00246         extern  _SPBRG1
  0000                00247         extern  _SPBRGH
  0000                00248         extern  _SPBRGH1
  0000                00249         extern  _T3CON
  0000                00250         extern  _TMR3
  0000                00251         extern  _TMR3L
  0000                00252         extern  _TMR3H
  0000                00253         extern  _T3GCON
  0000                00254         extern  _ACTCON
  0000                00255         extern  _STCON
  0000                00256         extern  _ECCP1AS
  0000                00257         extern  _ECCP1DEL
  0000                00258         extern  _PWM1CON
  0000                00259         extern  _BAUDCON
  0000                00260         extern  _BAUDCON1
  0000                00261         extern  _PSTR1CON
  0000                00262         extern  _T2CON
  0000                00263         extern  _PR2
  0000                00264         extern  _TMR2
  0000                00265         extern  _CCP1CON
gpasm-1.5.2 #0 (Sep 16 2019) build/default/pr   9-16-2019  13:05:29         PAGE  6


LOC    OBJECT CODE    LINE  SOURCE TEXT
  VALUE

  0000                00266         extern  _ECCP1CON
  0000                00267         extern  _CCPR1
  0000                00268         extern  _CCPR1L
  0000                00269         extern  _CCPR1H
  0000                00270         extern  _ADCON2
  0000                00271         extern  _ADCON1
  0000                00272         extern  _ADCON0
  0000                00273         extern  _ADRESL
  0000                00274         extern  _ADRESH
  0000                00275         extern  _SSP1CON2
  0000                00276         extern  _SSPCON2
  0000                00277         extern  _SSP1CON1
  0000                00278         extern  _SSPCON
  0000                00279         extern  _SSPCON1
  0000                00280         extern  _SSP1STAT
  0000                00281         extern  _SSPSTAT
  0000                00282         extern  _SSP1ADD
  0000                00283         extern  _SSPADD
  0000                00284         extern  _SSP1BUF
  0000                00285         extern  _SSPBUF
  0000                00286         extern  _SSP1MSK
  0000                00287         extern  _SSPMSK
  0000                00288         extern  _SSP1CON3
  0000                00289         extern  _SSPCON3
  0000                00290         extern  _T1GCON
  0000                00291         extern  _T1CON
  0000                00292         extern  _TMR1
  0000                00293         extern  _TMR1L
  0000                00294         extern  _TMR1H
  0000                00295         extern  _RCON
  0000                00296         extern  _WDTCON
  0000                00297         extern  _OSCCON2
  0000                00298         extern  _OSCCON
  0000                00299         extern  _T0CON
  0000                00300         extern  _TMR0
  0000                00301         extern  _TMR0L
  0000                00302         extern  _TMR0H
  0000                00303         extern  _STATUS
  0000                00304         extern  _FSR2L
  0000                00305         extern  _FSR2H
  0000                00306         extern  _PLUSW2
  0000                00307         extern  _PREINC2
  0000                00308         extern  _POSTDEC2
  0000                00309         extern  _POSTINC2
  0000                00310         extern  _INDF2
  0000                00311         extern  _BSR
  0000                00312         extern  _FSR1L
  0000                00313         extern  _FSR1H
  0000                00314         extern  _PLUSW1
  0000                00315         extern  _PREINC1
  0000                00316         extern  _POSTDEC1
  0000                00317         extern  _POSTINC1
  0000                00318         extern  _INDF1
gpasm-1.5.2 #0 (Sep 16 2019) build/default/pr   9-16-2019  13:05:29         PAGE  7


LOC    OBJECT CODE    LINE  SOURCE TEXT
  VALUE

  0000                00319         extern  _WREG
  0000                00320         extern  _FSR0L
  0000                00321         extern  _FSR0H
  0000                00322         extern  _PLUSW0
  0000                00323         extern  _PREINC0
  0000                00324         extern  _POSTDEC0
  0000                00325         extern  _POSTINC0
  0000                00326         extern  _INDF0
  0000                00327         extern  _INTCON3
  0000                00328         extern  _INTCON2
  0000                00329         extern  _INTCON
  0000                00330         extern  _PROD
  0000                00331         extern  _PRODL
  0000                00332         extern  _PRODH
  0000                00333         extern  _TABLAT
  0000                00334         extern  _TBLPTR
  0000                00335         extern  _TBLPTRL
  0000                00336         extern  _TBLPTRH
  0000                00337         extern  _TBLPTRU
  0000                00338         extern  _PC
  0000                00339         extern  _PCL
  0000                00340         extern  _PCLATH
  0000                00341         extern  _PCLATU
  0000                00342         extern  _STKPTR
  0000                00343         extern  _TOS
  0000                00344         extern  _TOSL
  0000                00345         extern  _TOSH
  0000                00346         extern  _TOSU
  0000                00347         extern  _lcd_puts
  0000                00348         extern  _lcd_gotoxy
  0000                00349         extern  _lcd_send
  0000                00350         extern  _uart_puts
  0000                00351         extern  _format_number
  0000                00352         extern  __divuint
  0000                00353         extern  __moduint
  0000                00354         extern  _logo_image
  0000                00355         extern  _uart_brg
                      00356 
                      00357 ;--------------------------------------------------------
                      00358 ;       Equates to used internal registers
                      00359 ;--------------------------------------------------------
  00000FD8            00360 STATUS  equ     0xfd8
  00000FE8            00361 WREG    equ     0xfe8
  00000FE9            00362 FSR0L   equ     0xfe9
  00000FE1            00363 FSR1L   equ     0xfe1
  00000FE2            00364 FSR1H   equ     0xfe2
  00000FD9            00365 FSR2L   equ     0xfd9
  00000FDA            00366 FSR2H   equ     0xfda
  00000FE6            00367 POSTINC1        equ     0xfe6
  00000FE5            00368 POSTDEC1        equ     0xfe5
  00000FE4            00369 PREINC1 equ     0xfe4
  00000FDB            00370 PLUSW2  equ     0xfdb
  00000FF3            00371 PRODL   equ     0xff3
gpasm-1.5.2 #0 (Sep 16 2019) build/default/pr   9-16-2019  13:05:29         PAGE  8


LOC    OBJECT CODE    LINE  SOURCE TEXT
  VALUE

                      00372 
                      00373 
                      00374         idata
000000 00 00 00 00 00 00375 _print_unit_units_65536_64      db      LOW(___str_0), HIGH(___str_0), UPPER(___str_0), LOW(___str_1), H
                            IGH(___str_1), UPPER(___str_1), LOW(___str_2), HIGH(___str_2), UPPER(___str_2), LOW(___str_3), HIGH(___s
                            tr_3), UPPER(___str_3)
       00 00 00 00 00 
       00 00          
00000C 00 00 00 00 00 00376         db      LOW(___str_4), HIGH(___str_4), UPPER(___str_4), LOW(___str_5), HIGH(___str_5), UPPER(___
                            str_5), LOW(___str_6), HIGH(___str_6), UPPER(___str_6), LOW(___str_7), HIGH(___str_7), UPPER(___str_7)
       00 00 00 00 00 
       00 00          
                      00377 
                      00378 
                      00379 ; Internal registers
                      00380 .registers      udata_ovr       0x0000
000000                00381 r0x00   res     1
000001                00382 r0x01   res     1
000002                00383 r0x02   res     1
000003                00384 r0x03   res     1
000004                00385 r0x04   res     1
000005                00386 r0x05   res     1
000006                00387 r0x06   res     1
000007                00388 r0x07   res     1
                      00389 
                      00390 ;--------------------------------------------------------
                      00391 ; global & static initialisations
                      00392 ;--------------------------------------------------------
                      00393 ; I code from now on!
                      00394 ; ; Starting pCode block
                      00395 S_print__put_str        code
000000                00396 _put_str:
                      00397 ;       .line   510; ../../../src/print.c       put_str(const char* s) {
000000 CFDA FFE5      00398         MOVFF   FSR2H, POSTDEC1
000004 CFD9 FFE5      00399         MOVFF   FSR2L, POSTDEC1
000008 CFE2 FFDA      00400         MOVFF   FSR1H, FSR2H
00000C CFE1 FFD9      00401         MOVFF   FSR1L, FSR2L
000010 C??? F???      00402         MOVFF   r0x00, POSTDEC1
000014 C??? F???      00403         MOVFF   r0x01, POSTDEC1
000018 C??? F???      00404         MOVFF   r0x02, POSTDEC1
00001C C??? F???      00405         MOVFF   r0x03, POSTDEC1
000020 C??? F???      00406         MOVFF   r0x04, POSTDEC1
000024 C??? F???      00407         MOVFF   r0x05, POSTDEC1
000028 C??? F???      00408         MOVFF   r0x06, POSTDEC1
00002C C??? F???      00409         MOVFF   r0x07, POSTDEC1
000030 0E03           00410         MOVLW   0x03
000032 CFDB F000      00411         MOVFF   PLUSW2, r0x00
000036 0E04           00412         MOVLW   0x04
000038 CFDB F000      00413         MOVFF   PLUSW2, r0x01
00003C 0E05           00414         MOVLW   0x05
00003E CFDB F000      00415         MOVFF   PLUSW2, r0x02
                      00416 ;       .line   513; ../../../src/print.c       for(i = 0; s[i]; i++) {
000042 6A??           00417         CLRF    r0x03
gpasm-1.5.2 #0 (Sep 16 2019) build/default/pr   9-16-2019  13:05:29         PAGE  9


LOC    OBJECT CODE    LINE  SOURCE TEXT
  VALUE

000044 6A??           00418         CLRF    r0x04
000046                00419 _00154_DS_:
000046 50??           00420         MOVF    r0x03, W
000048 6E??           00421         MOVWF   r0x05
00004A 50??           00422         MOVF    r0x04, W
00004C 6E??           00423         MOVWF   r0x06
00004E 6A??           00424         CLRF    r0x07
000050 50??           00425         MOVF    r0x00, W
000052 26??           00426         ADDWF   r0x05, F
000054 50??           00427         MOVF    r0x01, W
000056 22??           00428         ADDWFC  r0x06, F
000058 50??           00429         MOVF    r0x02, W
00005A 22??           00430         ADDWFC  r0x07, F
00005C C??? F???      00431         MOVFF   r0x05, FSR0L
000060 C??? F???      00432         MOVFF   r0x06, PRODL
000064 50??           00433         MOVF    r0x07, W
000066 EC?? F0??      00434         CALL    __gptrget1
00006A 6E??           00435         MOVWF   r0x05
00006C 50??           00436         MOVF    r0x05, W
00006E E0??           00437         BZ      _00156_DS_
                      00438 ;       .line   514; ../../../src/print.c       output_putch(s[i]);
000070 50??           00439         MOVF    r0x05, W
000072 6EE5           00440         MOVWF   POSTDEC1
000074 EC?? F0??      00441         CALL    _output_putch
000078 52E6           00442         MOVF    POSTINC1, F
                      00443 ;       .line   513; ../../../src/print.c       for(i = 0; s[i]; i++) {
00007A 4A??           00444         INFSNZ  r0x03, F
00007C 2A??           00445         INCF    r0x04, F
00007E D???           00446         BRA     _00154_DS_
000080                00447 _00156_DS_:
                      00448 ;       .line   516; ../../../src/print.c       }
000080 CFE4 F000      00449         MOVFF   PREINC1, r0x07
000084 CFE4 F000      00450         MOVFF   PREINC1, r0x06
000088 CFE4 F000      00451         MOVFF   PREINC1, r0x05
00008C CFE4 F000      00452         MOVFF   PREINC1, r0x04
000090 CFE4 F000      00453         MOVFF   PREINC1, r0x03
000094 CFE4 F000      00454         MOVFF   PREINC1, r0x02
000098 CFE4 F000      00455         MOVFF   PREINC1, r0x01
00009C CFE4 F000      00456         MOVFF   PREINC1, r0x00
0000A0 CFE4 FFD9      00457         MOVFF   PREINC1, FSR2L
0000A4 CFE4 FFDA      00458         MOVFF   PREINC1, FSR2H
0000A8 0012           00459         RETURN  
                      00460 
                      00461 ; ; Starting pCode block
                      00462 S_print__output_putch   code
000000                00463 _output_putch:
                      00464 ;       .line   497; ../../../src/print.c       output_putch(char c) {
000000 CFDA FFE5      00465         MOVFF   FSR2H, POSTDEC1
000004 CFD9 FFE5      00466         MOVFF   FSR2L, POSTDEC1
000008 CFE2 FFDA      00467         MOVFF   FSR1H, FSR2H
00000C CFE1 FFD9      00468         MOVFF   FSR1L, FSR2L
000010 C??? F???      00469         MOVFF   r0x00, POSTDEC1
000014 0E03           00470         MOVLW   0x03
gpasm-1.5.2 #0 (Sep 16 2019) build/default/pr   9-16-2019  13:05:29         PAGE 10


LOC    OBJECT CODE    LINE  SOURCE TEXT
  VALUE

000016 CFDB F000      00471         MOVFF   PLUSW2, r0x00
                      00472 ;       .line   499; ../../../src/print.c       lcd_putch(c);
00001A 0E01           00473         MOVLW   0x01
00001C 6EE5           00474         MOVWF   POSTDEC1
00001E 50??           00475         MOVF    r0x00, W
000020 6EE5           00476         MOVWF   POSTDEC1
000022 EC?? F0??      00477         CALL    _lcd_send
000026 52E6           00478         MOVF    POSTINC1, F
000028 52E6           00479         MOVF    POSTINC1, F
                      00480 ;       .line   504; ../../../src/print.c       }
00002A CFE4 F000      00481         MOVFF   PREINC1, r0x00
00002E CFE4 FFD9      00482         MOVFF   PREINC1, FSR2L
000032 CFE4 FFDA      00483         MOVFF   PREINC1, FSR2H
000036 0012           00484         RETURN  
                      00485 
                      00486 ; ; Starting pCode block
                      00487 S_print__indicator      code
000000                00488 _indicator:
                      00489 ;       .line   473; ../../../src/print.c       indicator(uint8_t indicate) {
000000 CFDA FFE5      00490         MOVFF   FSR2H, POSTDEC1
000004 CFD9 FFE5      00491         MOVFF   FSR2L, POSTDEC1
000008 CFE2 FFDA      00492         MOVFF   FSR1H, FSR2H
00000C CFE1 FFD9      00493         MOVFF   FSR1L, FSR2L
000010 C??? F???      00494         MOVFF   r0x00, POSTDEC1
000014 C??? F???      00495         MOVFF   r0x01, POSTDEC1
000018 C??? F???      00496         MOVFF   r0x02, POSTDEC1
00001C 0E03           00497         MOVLW   0x03
00001E CFDB F000      00498         MOVFF   PLUSW2, r0x00
                      00499 ;       .line   487; ../../../src/print.c       lcd_gotoxy(0, 1);
000022 0E01           00500         MOVLW   0x01
000024 6EE5           00501         MOVWF   POSTDEC1
000026 0E00           00502         MOVLW   0x00
000028 6EE5           00503         MOVWF   POSTDEC1
00002A EC?? F0??      00504         CALL    _lcd_gotoxy
00002E 52E6           00505         MOVF    POSTINC1, F
000030 52E6           00506         MOVF    POSTINC1, F
                      00507 ;       .line   488; ../../../src/print.c       if(indicate) {
000032 50??           00508         MOVF    r0x00, W
000034 E0??           00509         BZ      _00140_DS_
                      00510 ;       .line   489; ../../../src/print.c       lcd_puts("-*-");
000036 0E??           00511         MOVLW   HIGH(___str_10)
000038 6E??           00512         MOVWF   r0x01
00003A 0E??           00513         MOVLW   LOW(___str_10)
00003C 6E??           00514         MOVWF   r0x00
00003E 6A??           00515         CLRF    r0x02
000040 50??           00516         MOVF    r0x02, W
000042 6EE5           00517         MOVWF   POSTDEC1
000044 50??           00518         MOVF    r0x01, W
000046 6EE5           00519         MOVWF   POSTDEC1
000048 50??           00520         MOVF    r0x00, W
00004A 6EE5           00521         MOVWF   POSTDEC1
00004C EC?? F0??      00522         CALL    _lcd_puts
000050 0E03           00523         MOVLW   0x03
gpasm-1.5.2 #0 (Sep 16 2019) build/default/pr   9-16-2019  13:05:29         PAGE 11


LOC    OBJECT CODE    LINE  SOURCE TEXT
  VALUE

000052 26E1           00524         ADDWF   FSR1L, F
000054 B0D8           00525         BTFSC   STATUS, 0
000056 2AE2           00526         INCF    FSR1H, F
000058 D???           00527         BRA     _00142_DS_
00005A                00528 _00140_DS_:
                      00529 ;       .line   491; ../../../src/print.c       lcd_puts("   ");
00005A 0E??           00530         MOVLW   HIGH(___str_11)
00005C 6E??           00531         MOVWF   r0x01
00005E 0E??           00532         MOVLW   LOW(___str_11)
000060 6E??           00533         MOVWF   r0x00
000062 6A??           00534         CLRF    r0x02
000064 50??           00535         MOVF    r0x02, W
000066 6EE5           00536         MOVWF   POSTDEC1
000068 50??           00537         MOVF    r0x01, W
00006A 6EE5           00538         MOVWF   POSTDEC1
00006C 50??           00539         MOVF    r0x00, W
00006E 6EE5           00540         MOVWF   POSTDEC1
000070 EC?? F0??      00541         CALL    _lcd_puts
000074 0E03           00542         MOVLW   0x03
000076 26E1           00543         ADDWF   FSR1L, F
000078 B0D8           00544         BTFSC   STATUS, 0
00007A 2AE2           00545         INCF    FSR1H, F
00007C                00546 _00142_DS_:
                      00547 ;       .line   494; ../../../src/print.c       }
00007C CFE4 F000      00548         MOVFF   PREINC1, r0x02
000080 CFE4 F000      00549         MOVFF   PREINC1, r0x01
000084 CFE4 F000      00550         MOVFF   PREINC1, r0x00
000088 CFE4 FFD9      00551         MOVFF   PREINC1, FSR2L
00008C CFE4 FFDA      00552         MOVFF   PREINC1, FSR2H
000090 0012           00553         RETURN  
                      00554 
                      00555 ; ; Starting pCode block
                      00556 S_print__print_reading  code
000000                00557 _print_reading:
                      00558 ;       .line   433; ../../../src/print.c       print_reading(uint16_t measurement) {
000000 CFDA FFE5      00559         MOVFF   FSR2H, POSTDEC1
000004 CFD9 FFE5      00560         MOVFF   FSR2L, POSTDEC1
000008 CFE2 FFDA      00561         MOVFF   FSR1H, FSR2H
00000C CFE1 FFD9      00562         MOVFF   FSR1L, FSR2L
000010 C??? F???      00563         MOVFF   r0x00, POSTDEC1
000014 C??? F???      00564         MOVFF   r0x01, POSTDEC1
000018 C??? F???      00565         MOVFF   r0x02, POSTDEC1
00001C C??? F???      00566         MOVFF   r0x03, POSTDEC1
000020 C??? F???      00567         MOVFF   r0x04, POSTDEC1
000024 0E03           00568         MOVLW   0x03
000026 CFDB F000      00569         MOVFF   PLUSW2, r0x00
00002A 0E04           00570         MOVLW   0x04
00002C CFDB F000      00571         MOVFF   PLUSW2, r0x01
                      00572 ;       .line   460; ../../../src/print.c       lcd_gotoxy(9, 0);
000030 0E00           00573         MOVLW   0x00
000032 6EE5           00574         MOVWF   POSTDEC1
000034 0E09           00575         MOVLW   0x09
000036 6EE5           00576         MOVWF   POSTDEC1
gpasm-1.5.2 #0 (Sep 16 2019) build/default/pr   9-16-2019  13:05:29         PAGE 12


LOC    OBJECT CODE    LINE  SOURCE TEXT
  VALUE

000038 EC?? F0??      00577         CALL    _lcd_gotoxy
00003C 52E6           00578         MOVF    POSTINC1, F
00003E 52E6           00579         MOVF    POSTINC1, F
                      00580 ;       .line   461; ../../../src/print.c       lcd_puts("     ");
000040 0E??           00581         MOVLW   HIGH(___str_9)
000042 6E??           00582         MOVWF   r0x03
000044 0E??           00583         MOVLW   LOW(___str_9)
000046 6E??           00584         MOVWF   r0x02
000048 6A??           00585         CLRF    r0x04
00004A 50??           00586         MOVF    r0x04, W
00004C 6EE5           00587         MOVWF   POSTDEC1
00004E 50??           00588         MOVF    r0x03, W
000050 6EE5           00589         MOVWF   POSTDEC1
000052 50??           00590         MOVF    r0x02, W
000054 6EE5           00591         MOVWF   POSTDEC1
000056 EC?? F0??      00592         CALL    _lcd_puts
00005A 0E03           00593         MOVLW   0x03
00005C 26E1           00594         ADDWF   FSR1L, F
00005E B0D8           00595         BTFSC   STATUS, 0
000060 2AE2           00596         INCF    FSR1H, F
                      00597 ;       .line   462; ../../../src/print.c       lcd_gotoxy(9, 0);
000062 0E00           00598         MOVLW   0x00
000064 6EE5           00599         MOVWF   POSTDEC1
000066 0E09           00600         MOVLW   0x09
000068 6EE5           00601         MOVWF   POSTDEC1
00006A EC?? F0??      00602         CALL    _lcd_gotoxy
00006E 52E6           00603         MOVF    POSTINC1, F
000070 52E6           00604         MOVF    POSTINC1, F
                      00605 ;       .line   464; ../../../src/print.c       format_number(/*&buffer_putch,*/ measurement / 100, 10, 
                            0);
000072 0E00           00606         MOVLW   0x00
000074 6EE5           00607         MOVWF   POSTDEC1
000076 0E64           00608         MOVLW   0x64
000078 6EE5           00609         MOVWF   POSTDEC1
00007A 50??           00610         MOVF    r0x01, W
00007C 6EE5           00611         MOVWF   POSTDEC1
00007E 50??           00612         MOVF    r0x00, W
000080 6EE5           00613         MOVWF   POSTDEC1
000082 EC?? F0??      00614         CALL    __divuint
000086 6E??           00615         MOVWF   r0x02
000088 CFF3 F000      00616         MOVFF   PRODL, r0x03
00008C 0E04           00617         MOVLW   0x04
00008E 26E1           00618         ADDWF   FSR1L, F
000090 B0D8           00619         BTFSC   STATUS, 0
000092 2AE2           00620         INCF    FSR1H, F
000094 0E00           00621         MOVLW   0x00
000096 6EE5           00622         MOVWF   POSTDEC1
000098 0E0A           00623         MOVLW   0x0a
00009A 6EE5           00624         MOVWF   POSTDEC1
00009C 50??           00625         MOVF    r0x03, W
00009E 6EE5           00626         MOVWF   POSTDEC1
0000A0 50??           00627         MOVF    r0x02, W
0000A2 6EE5           00628         MOVWF   POSTDEC1
gpasm-1.5.2 #0 (Sep 16 2019) build/default/pr   9-16-2019  13:05:29         PAGE 13


LOC    OBJECT CODE    LINE  SOURCE TEXT
  VALUE

0000A4 EC?? F0??      00629         CALL    _format_number
0000A8 0E04           00630         MOVLW   0x04
0000AA 26E1           00631         ADDWF   FSR1L, F
0000AC B0D8           00632         BTFSC   STATUS, 0
0000AE 2AE2           00633         INCF    FSR1H, F
                      00634 ;       .line   466; ../../../src/print.c       format_number(/*&buffer_putch,*/ measurement % 100, 10, 
                            0);
0000B0 0E00           00635         MOVLW   0x00
0000B2 6EE5           00636         MOVWF   POSTDEC1
0000B4 0E64           00637         MOVLW   0x64
0000B6 6EE5           00638         MOVWF   POSTDEC1
0000B8 50??           00639         MOVF    r0x01, W
0000BA 6EE5           00640         MOVWF   POSTDEC1
0000BC 50??           00641         MOVF    r0x00, W
0000BE 6EE5           00642         MOVWF   POSTDEC1
0000C0 EC?? F0??      00643         CALL    __moduint
0000C4 6E??           00644         MOVWF   r0x00
0000C6 CFF3 F000      00645         MOVFF   PRODL, r0x01
0000CA 0E04           00646         MOVLW   0x04
0000CC 26E1           00647         ADDWF   FSR1L, F
0000CE B0D8           00648         BTFSC   STATUS, 0
0000D0 2AE2           00649         INCF    FSR1H, F
0000D2 0E00           00650         MOVLW   0x00
0000D4 6EE5           00651         MOVWF   POSTDEC1
0000D6 0E0A           00652         MOVLW   0x0a
0000D8 6EE5           00653         MOVWF   POSTDEC1
0000DA 50??           00654         MOVF    r0x01, W
0000DC 6EE5           00655         MOVWF   POSTDEC1
0000DE 50??           00656         MOVF    r0x00, W
0000E0 6EE5           00657         MOVWF   POSTDEC1
0000E2 EC?? F0??      00658         CALL    _format_number
0000E6 0E04           00659         MOVLW   0x04
0000E8 26E1           00660         ADDWF   FSR1L, F
0000EA B0D8           00661         BTFSC   STATUS, 0
0000EC 2AE2           00662         INCF    FSR1H, F
                      00663 ;       .line   469; ../../../src/print.c       }
0000EE CFE4 F000      00664         MOVFF   PREINC1, r0x04
0000F2 CFE4 F000      00665         MOVFF   PREINC1, r0x03
0000F6 CFE4 F000      00666         MOVFF   PREINC1, r0x02
0000FA CFE4 F000      00667         MOVFF   PREINC1, r0x01
0000FE CFE4 F000      00668         MOVFF   PREINC1, r0x00
000102 CFE4 FFD9      00669         MOVFF   PREINC1, FSR2L
000106 CFE4 FFDA      00670         MOVFF   PREINC1, FSR2H
00010A 0012           00671         RETURN  
                      00672 
                      00673 ; ; Starting pCode block
                      00674 S_print__print_unit     code
000000                00675 _print_unit:
                      00676 ;       .line   412; ../../../src/print.c       print_unit(uint8_t unit) {
000000 CFDA FFE5      00677         MOVFF   FSR2H, POSTDEC1
000004 CFD9 FFE5      00678         MOVFF   FSR2L, POSTDEC1
000008 CFE2 FFDA      00679         MOVFF   FSR1H, FSR2H
00000C CFE1 FFD9      00680         MOVFF   FSR1L, FSR2L
gpasm-1.5.2 #0 (Sep 16 2019) build/default/pr   9-16-2019  13:05:29         PAGE 14


LOC    OBJECT CODE    LINE  SOURCE TEXT
  VALUE

000010 C??? F???      00681         MOVFF   r0x00, POSTDEC1
000014 C??? F???      00682         MOVFF   r0x01, POSTDEC1
000018 C??? F???      00683         MOVFF   r0x02, POSTDEC1
                      00684 ;       .line   421; ../../../src/print.c       lcd_gotoxy(14, 0);
00001C 0E00           00685         MOVLW   0x00
00001E 6EE5           00686         MOVWF   POSTDEC1
000020 0E0E           00687         MOVLW   0x0e
000022 6EE5           00688         MOVWF   POSTDEC1
000024 EC?? F0??      00689         CALL    _lcd_gotoxy
000028 52E6           00690         MOVF    POSTINC1, F
00002A 52E6           00691         MOVF    POSTINC1, F
00002C 010?           00692         BANKSEL (_buffer + 16)
                      00693 ;       .line   425; ../../../src/print.c       lcd_gotoxy(16 - BUFFER_LEN(), 0);
00002E 51??           00694         MOVF    (_buffer + 16), W, B
000030 38E8           00695         SWAPF   WREG, W
000032 0B0F           00696         ANDLW   0x0f
000034 6E??           00697         MOVWF   r0x00
000036 010?           00698         BANKSEL (_buffer + 16)
000038 51??           00699         MOVF    (_buffer + 16), W, B
00003A 0B0F           00700         ANDLW   0x0f
00003C 6E??           00701         MOVWF   r0x01
00003E 50??           00702         MOVF    r0x01, W
000040 5E??           00703         SUBWF   r0x00, F
000042 50??           00704         MOVF    r0x00, W
000044 0810           00705         SUBLW   0x10
000046 6E??           00706         MOVWF   r0x00
000048 0E00           00707         MOVLW   0x00
00004A 6EE5           00708         MOVWF   POSTDEC1
00004C 50??           00709         MOVF    r0x00, W
00004E 6EE5           00710         MOVWF   POSTDEC1
000050 EC?? F0??      00711         CALL    _lcd_gotoxy
000054 52E6           00712         MOVF    POSTINC1, F
000056 52E6           00713         MOVF    POSTINC1, F
                      00714 ;       .line   428; ../../../src/print.c       uart_puts("\r\n");
000058 0E??           00715         MOVLW   HIGH(___str_8)
00005A 6E??           00716         MOVWF   r0x01
00005C 0E??           00717         MOVLW   LOW(___str_8)
00005E 6E??           00718         MOVWF   r0x00
000060 6A??           00719         CLRF    r0x02
000062 50??           00720         MOVF    r0x02, W
000064 6EE5           00721         MOVWF   POSTDEC1
000066 50??           00722         MOVF    r0x01, W
000068 6EE5           00723         MOVWF   POSTDEC1
00006A 50??           00724         MOVF    r0x00, W
00006C 6EE5           00725         MOVWF   POSTDEC1
00006E EC?? F0??      00726         CALL    _uart_puts
000072 0E03           00727         MOVLW   0x03
000074 26E1           00728         ADDWF   FSR1L, F
000076 B0D8           00729         BTFSC   STATUS, 0
000078 2AE2           00730         INCF    FSR1H, F
                      00731 ;       .line   430; ../../../src/print.c       }
00007A CFE4 F000      00732         MOVFF   PREINC1, r0x02
00007E CFE4 F000      00733         MOVFF   PREINC1, r0x01
gpasm-1.5.2 #0 (Sep 16 2019) build/default/pr   9-16-2019  13:05:29         PAGE 15


LOC    OBJECT CODE    LINE  SOURCE TEXT
  VALUE

000082 CFE4 F000      00734         MOVFF   PREINC1, r0x00
000086 CFE4 FFD9      00735         MOVFF   PREINC1, FSR2L
00008A CFE4 FFDA      00736         MOVFF   PREINC1, FSR2H
00008E 0012           00737         RETURN  
                      00738 
                      00739 ; ; Starting pCode block
                      00740 S_print__print_digit    code
000000                00741 _print_digit:
                      00742 ;       .line   390; ../../../src/print.c       print_digit(uint8_t line, uint8_t column, uint8_t digit)
                             {
000000 CFDA FFE5      00743         MOVFF   FSR2H, POSTDEC1
000004 CFD9 FFE5      00744         MOVFF   FSR2L, POSTDEC1
000008 CFE2 FFDA      00745         MOVFF   FSR1H, FSR2H
00000C CFE1 FFD9      00746         MOVFF   FSR1L, FSR2L
000010 C??? F???      00747         MOVFF   r0x00, POSTDEC1
000014 C??? F???      00748         MOVFF   r0x01, POSTDEC1
000018 0E04           00749         MOVLW   0x04
00001A CFDB F000      00750         MOVFF   PLUSW2, r0x00
00001E 0E05           00751         MOVLW   0x05
000020 CFDB F000      00752         MOVFF   PLUSW2, r0x01
                      00753 ;       .line   405; ../../../src/print.c       lcd_gotoxy(column, /*line - 1*/ 0);
000024 0E00           00754         MOVLW   0x00
000026 6EE5           00755         MOVWF   POSTDEC1
000028 50??           00756         MOVF    r0x00, W
00002A 6EE5           00757         MOVWF   POSTDEC1
00002C EC?? F0??      00758         CALL    _lcd_gotoxy
000030 52E6           00759         MOVF    POSTINC1, F
000032 52E6           00760         MOVF    POSTINC1, F
                      00761 ;       .line   406; ../../../src/print.c       lcd_putch('0' + digit);
000034 0E30           00762         MOVLW   0x30
000036 26??           00763         ADDWF   r0x01, F
000038 0E01           00764         MOVLW   0x01
00003A 6EE5           00765         MOVWF   POSTDEC1
00003C 50??           00766         MOVF    r0x01, W
00003E 6EE5           00767         MOVWF   POSTDEC1
000040 EC?? F0??      00768         CALL    _lcd_send
000044 52E6           00769         MOVF    POSTINC1, F
000046 52E6           00770         MOVF    POSTINC1, F
                      00771 ;       .line   408; ../../../src/print.c       }
000048 CFE4 F000      00772         MOVFF   PREINC1, r0x01
00004C CFE4 F000      00773         MOVFF   PREINC1, r0x00
000050 CFE4 FFD9      00774         MOVFF   PREINC1, FSR2L
000054 CFE4 FFDA      00775         MOVFF   PREINC1, FSR2H
000058 0012           00776         RETURN  
                      00777 
                      00778 ; ; Starting pCode block
                      00779 S_print__lcd_put        code
000000                00780 _lcd_put:
                      00781 ;       .line   33; ../../../src/print.c        lcd_put(const char* buf, unsigned n) {
000000 CFDA FFE5      00782         MOVFF   FSR2H, POSTDEC1
000004 CFD9 FFE5      00783         MOVFF   FSR2L, POSTDEC1
000008 CFE2 FFDA      00784         MOVFF   FSR1H, FSR2H
00000C CFE1 FFD9      00785         MOVFF   FSR1L, FSR2L
gpasm-1.5.2 #0 (Sep 16 2019) build/default/pr   9-16-2019  13:05:29         PAGE 16


LOC    OBJECT CODE    LINE  SOURCE TEXT
  VALUE

000010 C??? F???      00786         MOVFF   r0x00, POSTDEC1
000014 C??? F???      00787         MOVFF   r0x01, POSTDEC1
000018 C??? F???      00788         MOVFF   r0x02, POSTDEC1
00001C C??? F???      00789         MOVFF   r0x03, POSTDEC1
000020 C??? F???      00790         MOVFF   r0x04, POSTDEC1
000024 C??? F???      00791         MOVFF   r0x05, POSTDEC1
000028 C??? F???      00792         MOVFF   r0x06, POSTDEC1
00002C 0E03           00793         MOVLW   0x03
00002E CFDB F000      00794         MOVFF   PLUSW2, r0x00
000032 0E04           00795         MOVLW   0x04
000034 CFDB F000      00796         MOVFF   PLUSW2, r0x01
000038 0E05           00797         MOVLW   0x05
00003A CFDB F000      00798         MOVFF   PLUSW2, r0x02
00003E 0E06           00799         MOVLW   0x06
000040 CFDB F000      00800         MOVFF   PLUSW2, r0x03
000044 0E07           00801         MOVLW   0x07
000046 CFDB F000      00802         MOVFF   PLUSW2, r0x04
00004A                00803 _00105_DS_:
                      00804 ;       .line   37; ../../../src/print.c        while(n--) lcd_putch(*buf++);
00004A C??? F???      00805         MOVFF   r0x03, r0x05
00004E C??? F???      00806         MOVFF   r0x04, r0x06
000052 0EFF           00807         MOVLW   0xff
000054 26??           00808         ADDWF   r0x03, F
000056 22??           00809         ADDWFC  r0x04, F
000058 50??           00810         MOVF    r0x05, W
00005A 10??           00811         IORWF   r0x06, W
00005C E0??           00812         BZ      _00108_DS_
00005E C??? F???      00813         MOVFF   r0x00, FSR0L
000062 C??? F???      00814         MOVFF   r0x01, PRODL
000066 50??           00815         MOVF    r0x02, W
000068 EC?? F0??      00816         CALL    __gptrget1
00006C 6E??           00817         MOVWF   r0x05
00006E 2A??           00818         INCF    r0x00, F
000070 E3??           00819         BNC     _00119_DS_
000072 4A??           00820         INFSNZ  r0x01, F
000074 2A??           00821         INCF    r0x02, F
000076                00822 _00119_DS_:
000076 0E01           00823         MOVLW   0x01
000078 6EE5           00824         MOVWF   POSTDEC1
00007A 50??           00825         MOVF    r0x05, W
00007C 6EE5           00826         MOVWF   POSTDEC1
00007E EC?? F0??      00827         CALL    _lcd_send
000082 52E6           00828         MOVF    POSTINC1, F
000084 52E6           00829         MOVF    POSTINC1, F
000086 D???           00830         BRA     _00105_DS_
000088                00831 _00108_DS_:
                      00832 ;       .line   39; ../../../src/print.c        }
000088 CFE4 F000      00833         MOVFF   PREINC1, r0x06
00008C CFE4 F000      00834         MOVFF   PREINC1, r0x05
000090 CFE4 F000      00835         MOVFF   PREINC1, r0x04
000094 CFE4 F000      00836         MOVFF   PREINC1, r0x03
000098 CFE4 F000      00837         MOVFF   PREINC1, r0x02
00009C CFE4 F000      00838         MOVFF   PREINC1, r0x01
gpasm-1.5.2 #0 (Sep 16 2019) build/default/pr   9-16-2019  13:05:29         PAGE 17


LOC    OBJECT CODE    LINE  SOURCE TEXT
  VALUE

0000A0 CFE4 F000      00839         MOVFF   PREINC1, r0x00
0000A4 CFE4 FFD9      00840         MOVFF   PREINC1, FSR2L
0000A8 CFE4 FFDA      00841         MOVFF   PREINC1, FSR2H
0000AC 0012           00842         RETURN  
                      00843 
                      00844 ; ; Starting pCode block
0000AE                00845 ___str_0:
0000AE 0048           00846         DB      0x48, 0x00
                      00847 ; ; Starting pCode block
0000B0                00848 ___str_1:
0000B0 486D 0000      00849         DB      0x6d, 0x48, 0x00
                      00850 ; ; Starting pCode block
0000B4                00851 ___str_2:
0000B4 4875 0000      00852         DB      0x75, 0x48, 0x00
                      00853 ; ; Starting pCode block
0000B8                00854 ___str_3:
0000B8 486E 0000      00855         DB      0x6e, 0x48, 0x00
                      00856 ; ; Starting pCode block
0000BC                00857 ___str_4:
0000BC 466D 0000      00858         DB      0x6d, 0x46, 0x00
                      00859 ; ; Starting pCode block
0000C0                00860 ___str_5:
0000C0 4675 0000      00861         DB      0x75, 0x46, 0x00
                      00862 ; ; Starting pCode block
0000C4                00863 ___str_6:
0000C4 466E 0000      00864         DB      0x6e, 0x46, 0x00
                      00865 ; ; Starting pCode block
0000C8                00866 ___str_7:
0000C8 4670 0000      00867         DB      0x70, 0x46, 0x00
                      00868 ; ; Starting pCode block
0000CC                00869 ___str_8:
0000CC 0A0D 0000      00870         DB      0x0d, 0x0a, 0x00
                      00871 ; ; Starting pCode block
0000D0                00872 ___str_9:
0000D0 2020 2020 0020 00873         DB      0x20, 0x20, 0x20, 0x20, 0x20, 0x00
                      00874 ; ; Starting pCode block
0000D6                00875 ___str_10:
0000D6 2A2D 002D      00876         DB      0x2d, 0x2a, 0x2d, 0x00
                      00877 ; ; Starting pCode block
0000DA                00878 ___str_11:
0000DA 2020 0020      00879         DB      0x20, 0x20, 0x20, 0x00
                      00880 
                      00881 
                      00882 ; Statistics:
                      00883 ; code size:     1072 (0x0430) bytes ( 0.82%)
                      00884 ;                 536 (0x0218) words
                      00885 ; udata size:       0 (0x0000) bytes ( 0.00%)
                      00886 ; access size:      8 (0x0008) bytes
                      00887 
                      00888 
                      00889         end
gpasm-1.5.2 #0 (Sep 16 2019) build/default/pr   9-16-2019  13:05:29         PAGE 18


SYMBOL TABLE
  LABEL                              TYPE        VALUE         VALUE          VALUE
                                                 (hex)         (dec)          (text)

FSR0L                             CONSTANT      00000FE9           4073
FSR1H                             CONSTANT      00000FE2           4066
FSR1L                             CONSTANT      00000FE1           4065
FSR2H                             CONSTANT      00000FDA           4058
FSR2L                             CONSTANT      00000FD9           4057
PLUSW2                            CONSTANT      00000FDB           4059
POSTDEC1                          CONSTANT      00000FE5           4069
POSTINC1                          CONSTANT      00000FE6           4070
PREINC1                           CONSTANT      00000FE4           4068
PRODL                             CONSTANT      00000FF3           4083
STATUS                            CONSTANT      00000FD8           4056
WREG                              CONSTANT      00000FE8           4072
_00105_DS_                        ADDRESS       0000004A             74
_00108_DS_                        ADDRESS       00000088            136
_00119_DS_                        ADDRESS       00000076            118
_00140_DS_                        ADDRESS       0000005A             90
_00142_DS_                        ADDRESS       0000007C            124
_00154_DS_                        ADDRESS       00000046             70
_00156_DS_                        ADDRESS       00000080            128
_ACTCON                           EXTERNAL      00000000              0
_ACTCONbits                       EXTERNAL      00000000              0
_ADCON0                           EXTERNAL      00000000              0
_ADCON0bits                       EXTERNAL      00000000              0
_ADCON1                           EXTERNAL      00000000              0
_ADCON1bits                       EXTERNAL      00000000              0
_ADCON2                           EXTERNAL      00000000              0
_ADCON2bits                       EXTERNAL      00000000              0
_ADRESH                           EXTERNAL      00000000              0
_ADRESL                           EXTERNAL      00000000              0
_ANSELA                           EXTERNAL      00000000              0
_ANSELAbits                       EXTERNAL      00000000              0
_ANSELB                           EXTERNAL      00000000              0
_ANSELBbits                       EXTERNAL      00000000              0
_ANSELC                           EXTERNAL      00000000              0
_ANSELCbits                       EXTERNAL      00000000              0
_BAUDCON                          EXTERNAL      00000000              0
_BAUDCON1                         EXTERNAL      00000000              0
_BAUDCON1bits                     EXTERNAL      00000000              0
_BAUDCONbits                      EXTERNAL      00000000              0
_BSR                              EXTERNAL      00000000              0
_CCP1CON                          EXTERNAL      00000000              0
_CCP1CONbits                      EXTERNAL      00000000              0
_CCP2CON                          EXTERNAL      00000000              0
_CCP2CONbits                      EXTERNAL      00000000              0
_CCPR1                            EXTERNAL      00000000              0
_CCPR1H                           EXTERNAL      00000000              0
_CCPR1L                           EXTERNAL      00000000              0
_CCPR2                            EXTERNAL      00000000              0
_CCPR2H                           EXTERNAL      00000000              0
_CCPR2L                           EXTERNAL      00000000              0
_CCPTMRS                          EXTERNAL      00000000              0
_CCPTMRSbits                      EXTERNAL      00000000              0
gpasm-1.5.2 #0 (Sep 16 2019) build/default/pr   9-16-2019  13:05:29         PAGE 19


SYMBOL TABLE
  LABEL                              TYPE        VALUE         VALUE          VALUE
                                                 (hex)         (dec)          (text)

_CM1CON0                          EXTERNAL      00000000              0
_CM1CON0bits                      EXTERNAL      00000000              0
_CM2CON0                          EXTERNAL      00000000              0
_CM2CON0bits                      EXTERNAL      00000000              0
_CM2CON1                          EXTERNAL      00000000              0
_CM2CON1bits                      EXTERNAL      00000000              0
_CTMUCON0                         EXTERNAL      00000000              0
_CTMUCON0bits                     EXTERNAL      00000000              0
_CTMUCON1                         EXTERNAL      00000000              0
_CTMUCON1bits                     EXTERNAL      00000000              0
_CTMUCONH                         EXTERNAL      00000000              0
_CTMUCONHbits                     EXTERNAL      00000000              0
_CTMUCONL                         EXTERNAL      00000000              0
_CTMUCONLbits                     EXTERNAL      00000000              0
_CTMUICON                         EXTERNAL      00000000              0
_CTMUICONbits                     EXTERNAL      00000000              0
_DDRA                             EXTERNAL      00000000              0
_DDRAbits                         EXTERNAL      00000000              0
_DDRB                             EXTERNAL      00000000              0
_DDRBbits                         EXTERNAL      00000000              0
_DDRC                             EXTERNAL      00000000              0
_DDRCbits                         EXTERNAL      00000000              0
_ECCP1AS                          EXTERNAL      00000000              0
_ECCP1ASbits                      EXTERNAL      00000000              0
_ECCP1CON                         EXTERNAL      00000000              0
_ECCP1CONbits                     EXTERNAL      00000000              0
_ECCP1DEL                         EXTERNAL      00000000              0
_ECCP1DELbits                     EXTERNAL      00000000              0
_ECCP2CON                         EXTERNAL      00000000              0
_ECCP2CONbits                     EXTERNAL      00000000              0
_EEADR                            EXTERNAL      00000000              0
_EECON1                           EXTERNAL      00000000              0
_EECON1bits                       EXTERNAL      00000000              0
_EECON2                           EXTERNAL      00000000              0
_EEDATA                           EXTERNAL      00000000              0
_FSR0H                            EXTERNAL      00000000              0
_FSR0L                            EXTERNAL      00000000              0
_FSR1H                            EXTERNAL      00000000              0
_FSR1L                            EXTERNAL      00000000              0
_FSR2H                            EXTERNAL      00000000              0
_FSR2L                            EXTERNAL      00000000              0
_HLVDCON                          EXTERNAL      00000000              0
_HLVDCONbits                      EXTERNAL      00000000              0
_INDF0                            EXTERNAL      00000000              0
_INDF1                            EXTERNAL      00000000              0
_INDF2                            EXTERNAL      00000000              0
_INTCON                           EXTERNAL      00000000              0
_INTCON2                          EXTERNAL      00000000              0
_INTCON2bits                      EXTERNAL      00000000              0
_INTCON3                          EXTERNAL      00000000              0
_INTCON3bits                      EXTERNAL      00000000              0
_INTCONbits                       EXTERNAL      00000000              0
gpasm-1.5.2 #0 (Sep 16 2019) build/default/pr   9-16-2019  13:05:29         PAGE 20


SYMBOL TABLE
  LABEL                              TYPE        VALUE         VALUE          VALUE
                                                 (hex)         (dec)          (text)

_IOCB                             EXTERNAL      00000000              0
_IOCBbits                         EXTERNAL      00000000              0
_IOCC                             EXTERNAL      00000000              0
_IOCCbits                         EXTERNAL      00000000              0
_IPR1                             EXTERNAL      00000000              0
_IPR1bits                         EXTERNAL      00000000              0
_IPR2                             EXTERNAL      00000000              0
_IPR2bits                         EXTERNAL      00000000              0
_IPR3                             EXTERNAL      00000000              0
_IPR3bits                         EXTERNAL      00000000              0
_LATA                             EXTERNAL      00000000              0
_LATAbits                         EXTERNAL      00000000              0
_LATB                             EXTERNAL      00000000              0
_LATBbits                         EXTERNAL      00000000              0
_LATC                             EXTERNAL      00000000              0
_LATCbits                         EXTERNAL      00000000              0
_OSCCON                           EXTERNAL      00000000              0
_OSCCON2                          EXTERNAL      00000000              0
_OSCCON2bits                      EXTERNAL      00000000              0
_OSCCONbits                       EXTERNAL      00000000              0
_OSCTUNE                          EXTERNAL      00000000              0
_OSCTUNEbits                      EXTERNAL      00000000              0
_PC                               EXTERNAL      00000000              0
_PCL                              EXTERNAL      00000000              0
_PCLATH                           EXTERNAL      00000000              0
_PCLATU                           EXTERNAL      00000000              0
_PIE1                             EXTERNAL      00000000              0
_PIE1bits                         EXTERNAL      00000000              0
_PIE2                             EXTERNAL      00000000              0
_PIE2bits                         EXTERNAL      00000000              0
_PIE3                             EXTERNAL      00000000              0
_PIE3bits                         EXTERNAL      00000000              0
_PIR1                             EXTERNAL      00000000              0
_PIR1bits                         EXTERNAL      00000000              0
_PIR2                             EXTERNAL      00000000              0
_PIR2bits                         EXTERNAL      00000000              0
_PIR3                             EXTERNAL      00000000              0
_PIR3bits                         EXTERNAL      00000000              0
_PLUSW0                           EXTERNAL      00000000              0
_PLUSW1                           EXTERNAL      00000000              0
_PLUSW2                           EXTERNAL      00000000              0
_PMD0                             EXTERNAL      00000000              0
_PMD0bits                         EXTERNAL      00000000              0
_PMD1                             EXTERNAL      00000000              0
_PMD1bits                         EXTERNAL      00000000              0
_PORTA                            EXTERNAL      00000000              0
_PORTAbits                        EXTERNAL      00000000              0
_PORTB                            EXTERNAL      00000000              0
_PORTBbits                        EXTERNAL      00000000              0
_PORTC                            EXTERNAL      00000000              0
_PORTCbits                        EXTERNAL      00000000              0
_PORTE                            EXTERNAL      00000000              0
gpasm-1.5.2 #0 (Sep 16 2019) build/default/pr   9-16-2019  13:05:29         PAGE 21


SYMBOL TABLE
  LABEL                              TYPE        VALUE         VALUE          VALUE
                                                 (hex)         (dec)          (text)

_PORTEbits                        EXTERNAL      00000000              0
_POSTDEC0                         EXTERNAL      00000000              0
_POSTDEC1                         EXTERNAL      00000000              0
_POSTDEC2                         EXTERNAL      00000000              0
_POSTINC0                         EXTERNAL      00000000              0
_POSTINC1                         EXTERNAL      00000000              0
_POSTINC2                         EXTERNAL      00000000              0
_PR2                              EXTERNAL      00000000              0
_PREINC0                          EXTERNAL      00000000              0
_PREINC1                          EXTERNAL      00000000              0
_PREINC2                          EXTERNAL      00000000              0
_PROD                             EXTERNAL      00000000              0
_PRODH                            EXTERNAL      00000000              0
_PRODL                            EXTERNAL      00000000              0
_PSTR1CON                         EXTERNAL      00000000              0
_PSTR1CONbits                     EXTERNAL      00000000              0
_PWM1CON                          EXTERNAL      00000000              0
_PWM1CONbits                      EXTERNAL      00000000              0
_RCON                             EXTERNAL      00000000              0
_RCONbits                         EXTERNAL      00000000              0
_RCREG                            EXTERNAL      00000000              0
_RCREG1                           EXTERNAL      00000000              0
_RCSTA                            EXTERNAL      00000000              0
_RCSTA1                           EXTERNAL      00000000              0
_RCSTA1bits                       EXTERNAL      00000000              0
_RCSTAbits                        EXTERNAL      00000000              0
_SLRCON                           EXTERNAL      00000000              0
_SLRCONbits                       EXTERNAL      00000000              0
_SPBRG                            EXTERNAL      00000000              0
_SPBRG1                           EXTERNAL      00000000              0
_SPBRG1bits                       EXTERNAL      00000000              0
_SPBRGH                           EXTERNAL      00000000              0
_SPBRGH1                          EXTERNAL      00000000              0
_SPBRGH1bits                      EXTERNAL      00000000              0
_SPBRGHbits                       EXTERNAL      00000000              0
_SPBRGbits                        EXTERNAL      00000000              0
_SRCON0                           EXTERNAL      00000000              0
_SRCON0bits                       EXTERNAL      00000000              0
_SRCON1                           EXTERNAL      00000000              0
_SRCON1bits                       EXTERNAL      00000000              0
_SSP1ADD                          EXTERNAL      00000000              0
_SSP1ADDbits                      EXTERNAL      00000000              0
_SSP1BUF                          EXTERNAL      00000000              0
_SSP1CON1                         EXTERNAL      00000000              0
_SSP1CON1bits                     EXTERNAL      00000000              0
_SSP1CON2                         EXTERNAL      00000000              0
_SSP1CON2bits                     EXTERNAL      00000000              0
_SSP1CON3                         EXTERNAL      00000000              0
_SSP1CON3bits                     EXTERNAL      00000000              0
_SSP1MSK                          EXTERNAL      00000000              0
_SSP1MSKbits                      EXTERNAL      00000000              0
_SSP1STAT                         EXTERNAL      00000000              0
gpasm-1.5.2 #0 (Sep 16 2019) build/default/pr   9-16-2019  13:05:29         PAGE 22


SYMBOL TABLE
  LABEL                              TYPE        VALUE         VALUE          VALUE
                                                 (hex)         (dec)          (text)

_SSP1STATbits                     EXTERNAL      00000000              0
_SSPADD                           EXTERNAL      00000000              0
_SSPADDbits                       EXTERNAL      00000000              0
_SSPBUF                           EXTERNAL      00000000              0
_SSPCON                           EXTERNAL      00000000              0
_SSPCON1                          EXTERNAL      00000000              0
_SSPCON1bits                      EXTERNAL      00000000              0
_SSPCON2                          EXTERNAL      00000000              0
_SSPCON2bits                      EXTERNAL      00000000              0
_SSPCON3                          EXTERNAL      00000000              0
_SSPCON3bits                      EXTERNAL      00000000              0
_SSPCONbits                       EXTERNAL      00000000              0
_SSPMSK                           EXTERNAL      00000000              0
_SSPMSKbits                       EXTERNAL      00000000              0
_SSPSTAT                          EXTERNAL      00000000              0
_SSPSTATbits                      EXTERNAL      00000000              0
_STATUS                           EXTERNAL      00000000              0
_STATUSbits                       EXTERNAL      00000000              0
_STCON                            EXTERNAL      00000000              0
_STCONbits                        EXTERNAL      00000000              0
_STKPTR                           EXTERNAL      00000000              0
_STKPTRbits                       EXTERNAL      00000000              0
_T0CON                            EXTERNAL      00000000              0
_T0CONbits                        EXTERNAL      00000000              0
_T1CON                            EXTERNAL      00000000              0
_T1CONbits                        EXTERNAL      00000000              0
_T1GCON                           EXTERNAL      00000000              0
_T1GCONbits                       EXTERNAL      00000000              0
_T2CON                            EXTERNAL      00000000              0
_T2CONbits                        EXTERNAL      00000000              0
_T3CON                            EXTERNAL      00000000              0
_T3CONbits                        EXTERNAL      00000000              0
_T3GCON                           EXTERNAL      00000000              0
_T3GCONbits                       EXTERNAL      00000000              0
_TABLAT                           EXTERNAL      00000000              0
_TBLPTR                           EXTERNAL      00000000              0
_TBLPTRH                          EXTERNAL      00000000              0
_TBLPTRL                          EXTERNAL      00000000              0
_TBLPTRU                          EXTERNAL      00000000              0
_TMR0                             EXTERNAL      00000000              0
_TMR0H                            EXTERNAL      00000000              0
_TMR0L                            EXTERNAL      00000000              0
_TMR1                             EXTERNAL      00000000              0
_TMR1H                            EXTERNAL      00000000              0
_TMR1L                            EXTERNAL      00000000              0
_TMR2                             EXTERNAL      00000000              0
_TMR3                             EXTERNAL      00000000              0
_TMR3H                            EXTERNAL      00000000              0
_TMR3L                            EXTERNAL      00000000              0
_TOS                              EXTERNAL      00000000              0
_TOSH                             EXTERNAL      00000000              0
_TOSL                             EXTERNAL      00000000              0
gpasm-1.5.2 #0 (Sep 16 2019) build/default/pr   9-16-2019  13:05:29         PAGE 23


SYMBOL TABLE
  LABEL                              TYPE        VALUE         VALUE          VALUE
                                                 (hex)         (dec)          (text)

_TOSU                             EXTERNAL      00000000              0
_TRISA                            EXTERNAL      00000000              0
_TRISAbits                        EXTERNAL      00000000              0
_TRISB                            EXTERNAL      00000000              0
_TRISBbits                        EXTERNAL      00000000              0
_TRISC                            EXTERNAL      00000000              0
_TRISCbits                        EXTERNAL      00000000              0
_TXREG                            EXTERNAL      00000000              0
_TXREG1                           EXTERNAL      00000000              0
_TXSTA                            EXTERNAL      00000000              0
_TXSTA1                           EXTERNAL      00000000              0
_TXSTA1bits                       EXTERNAL      00000000              0
_TXSTAbits                        EXTERNAL      00000000              0
_UADDR                            EXTERNAL      00000000              0
_UADDRbits                        EXTERNAL      00000000              0
_UCFG                             EXTERNAL      00000000              0
_UCFGbits                         EXTERNAL      00000000              0
_UCON                             EXTERNAL      00000000              0
_UCONbits                         EXTERNAL      00000000              0
_UEIE                             EXTERNAL      00000000              0
_UEIEbits                         EXTERNAL      00000000              0
_UEIR                             EXTERNAL      00000000              0
_UEIRbits                         EXTERNAL      00000000              0
_UEP0                             EXTERNAL      00000000              0
_UEP0bits                         EXTERNAL      00000000              0
_UEP1                             EXTERNAL      00000000              0
_UEP1bits                         EXTERNAL      00000000              0
_UEP2                             EXTERNAL      00000000              0
_UEP2bits                         EXTERNAL      00000000              0
_UEP3                             EXTERNAL      00000000              0
_UEP3bits                         EXTERNAL      00000000              0
_UEP4                             EXTERNAL      00000000              0
_UEP4bits                         EXTERNAL      00000000              0
_UEP5                             EXTERNAL      00000000              0
_UEP5bits                         EXTERNAL      00000000              0
_UEP6                             EXTERNAL      00000000              0
_UEP6bits                         EXTERNAL      00000000              0
_UEP7                             EXTERNAL      00000000              0
_UEP7bits                         EXTERNAL      00000000              0
_UEP8                             EXTERNAL      00000000              0
_UEP8bits                         EXTERNAL      00000000              0
_UEP9                             EXTERNAL      00000000              0
_UEP9bits                         EXTERNAL      00000000              0
_UEP10                            EXTERNAL      00000000              0
_UEP10bits                        EXTERNAL      00000000              0
_UEP11                            EXTERNAL      00000000              0
_UEP11bits                        EXTERNAL      00000000              0
_UEP12                            EXTERNAL      00000000              0
_UEP12bits                        EXTERNAL      00000000              0
_UEP13                            EXTERNAL      00000000              0
_UEP13bits                        EXTERNAL      00000000              0
_UEP14                            EXTERNAL      00000000              0
gpasm-1.5.2 #0 (Sep 16 2019) build/default/pr   9-16-2019  13:05:29         PAGE 24


SYMBOL TABLE
  LABEL                              TYPE        VALUE         VALUE          VALUE
                                                 (hex)         (dec)          (text)

_UEP14bits                        EXTERNAL      00000000              0
_UEP15                            EXTERNAL      00000000              0
_UEP15bits                        EXTERNAL      00000000              0
_UFRM                             EXTERNAL      00000000              0
_UFRMH                            EXTERNAL      00000000              0
_UFRMHbits                        EXTERNAL      00000000              0
_UFRML                            EXTERNAL      00000000              0
_UFRMLbits                        EXTERNAL      00000000              0
_UIE                              EXTERNAL      00000000              0
_UIEbits                          EXTERNAL      00000000              0
_UIR                              EXTERNAL      00000000              0
_UIRbits                          EXTERNAL      00000000              0
_USTAT                            EXTERNAL      00000000              0
_USTATbits                        EXTERNAL      00000000              0
_VREFCON0                         EXTERNAL      00000000              0
_VREFCON0bits                     EXTERNAL      00000000              0
_VREFCON1                         EXTERNAL      00000000              0
_VREFCON1bits                     EXTERNAL      00000000              0
_VREFCON2                         EXTERNAL      00000000              0
_VREFCON2bits                     EXTERNAL      00000000              0
_VREGCON                          EXTERNAL      00000000              0
_WDTCON                           EXTERNAL      00000000              0
_WDTCONbits                       EXTERNAL      00000000              0
_WPUB                             EXTERNAL      00000000              0
_WPUBbits                         EXTERNAL      00000000              0
_WREG                             EXTERNAL      00000000              0
__16_BIT                          CONSTANT      00000001              1
__18F25K50                        CONSTANT      00000001              1
__ACC_RAM_LOW_END                 CONSTANT      0000005F             95
__ACC_RAM_LOW_START               CONSTANT      00000000              0
__ACTIVE_BANK_ADDR                VARIABLE      FFFFFFFF             -1
__ASSUMED_BANK_ADDR               VARIABLE      FFFFFFFF             -1
__BANK_0                          CONSTANT      00000000              0
__BANK_1                          CONSTANT      00000100            256
__BANK_2                          CONSTANT      00000200            512
__BANK_3                          CONSTANT      00000300            768
__BANK_4                          CONSTANT      00000400           1024
__BANK_5                          CONSTANT      00000500           1280
__BANK_6                          CONSTANT      00000600           1536
__BANK_7                          CONSTANT      00000700           1792
__BANK_8                          CONSTANT      00000800           2048
__BANK_9                          CONSTANT      00000900           2304
__BANK_10                         CONSTANT      00000A00           2560
__BANK_11                         CONSTANT      00000B00           2816
__BANK_12                         CONSTANT      00000C00           3072
__BANK_13                         CONSTANT      00000D00           3328
__BANK_14                         CONSTANT      00000E00           3584
__BANK_15                         CONSTANT      00000F00           3840
__BANK_BITS                       CONSTANT      00000F00           3840
__BANK_FIRST                      CONSTANT      00000000              0
__BANK_INV                        CONSTANT      FFFFFFFF             -1
__BANK_LAST                       CONSTANT      00000F00           3840
gpasm-1.5.2 #0 (Sep 16 2019) build/default/pr   9-16-2019  13:05:29         PAGE 25


SYMBOL TABLE
  LABEL                              TYPE        VALUE         VALUE          VALUE
                                                 (hex)         (dec)          (text)

__BANK_MASK                       CONSTANT      000000FF            255
__BANK_SHIFT                      CONSTANT      00000008              8
__BANK_SIZE                       CONSTANT      00000100            256
__CODE_END                        CONSTANT      00007FFF          32767
__CODE_START                      CONSTANT      00000000              0
__COMMON_RAM_END                  CONSTANT      0000005F             95
__COMMON_RAM_START                CONSTANT      00000000              0
__CONFIG_END                      CONSTANT      0030000D        3145741
__CONFIG_START                    CONSTANT      00300000        3145728
__EEPROM_END                      CONSTANT      00F000FF       15728895
__EEPROM_START                    CONSTANT      00F00000       15728640
__EXTENDED                        CONSTANT      00000001              1
__GPUTILS_SVN_VERSION             CONSTANT      00000000              0
__GPUTILS_VERSION_MAJOR           CONSTANT      00000001              1
__GPUTILS_VERSION_MICRO           CONSTANT      00000002              2
__GPUTILS_VERSION_MINOR           CONSTANT      00000005              5
__IDLOCS_END                      CONSTANT      00200007        2097159
__IDLOCS_START                    CONSTANT      00200000        2097152
__NUM_BANKS                       CONSTANT      00000010             16
__VECTOR_INT_HIGH                 CONSTANT      00000008              8
__VECTOR_INT_LOW                  CONSTANT      00000018             24
__VECTOR_RESET                    CONSTANT      00000000              0
__WHILE_LOOP_COUNT_MAX            CONSTANT      000000FF            255
___str_0                          ADDRESS       000000AE            174
___str_1                          ADDRESS       000000B0            176
___str_2                          ADDRESS       000000B4            180
___str_3                          ADDRESS       000000B8            184
___str_4                          ADDRESS       000000BC            188
___str_5                          ADDRESS       000000C0            192
___str_6                          ADDRESS       000000C4            196
___str_7                          ADDRESS       000000C8            200
___str_8                          ADDRESS       000000CC            204
___str_9                          ADDRESS       000000D0            208
___str_10                         ADDRESS       000000D6            214
___str_11                         ADDRESS       000000DA            218
__divuint                         EXTERNAL      00000000              0
__gptrget1                        EXTERNAL      00000000              0
__moduint                         EXTERNAL      00000000              0
_buffer                           EXTERNAL      00000000              0
_format_number                    EXTERNAL      00000000              0
_indicator                        GLOBAL        00000000              0
_lcd_gotoxy                       EXTERNAL      00000000              0
_lcd_put                          GLOBAL        00000000              0
_lcd_puts                         EXTERNAL      00000000              0
_lcd_send                         EXTERNAL      00000000              0
_logo_image                       EXTERNAL      00000000              0
_output_putch                     GLOBAL        00000000              0
_print_digit                      GLOBAL        00000000              0
_print_reading                    GLOBAL        00000000              0
_print_unit                       GLOBAL        00000000              0
_print_unit_units_65536_64        STATIC        00000000              0
_put_str                          GLOBAL        00000000              0
gpasm-1.5.2 #0 (Sep 16 2019) build/default/pr   9-16-2019  13:05:29         PAGE 26


SYMBOL TABLE
  LABEL                              TYPE        VALUE         VALUE          VALUE
                                                 (hex)         (dec)          (text)

_putchar_ptr                      EXTERNAL      00000000              0
_uart_brg                         EXTERNAL      00000000              0
_uart_puts                        EXTERNAL      00000000              0
r0x00                             STATIC        00000000              0
r0x01                             STATIC        00000001              1
r0x02                             STATIC        00000002              2
r0x03                             STATIC        00000003              3
r0x04                             STATIC        00000004              4
r0x05                             STATIC        00000005              5
r0x06                             STATIC        00000006              6
r0x07                             STATIC        00000007              7

Errors   :     0
Warnings :     0 reported,     0 suppressed
Messages :     0 reported,     0 suppressed

