

HI-TECH Software PIC Macro Assembler V9.83 build 10920 
                                                                                                           Wed Oct 26 08:36:06 2016


     1                           
     2                           	; HI-TECH C Compiler for PIC10/12/16 MCUs V9.83
     3                           	; Copyright (C) 1984-2011 HI-TECH Software
     4                           	;Serial no. HCPICP-36668
     5                           
     6                           	; Auto-generated runtime startup code for prelink stage.
     7                           
     8                           	;
     9                           	; Compiler options:
    10                           	;
    11                           	; -odist/default/production/LC-meter-Nokia3310.X.production.cof \
    12                           	; -mdist/default/production/LC-meter-Nokia3310.X.production.map \
    13                           	; --summary=default,-psect,-class,+mem,-hex --chip=16F876A -P \
    14                           	; --runtime=default,+clear,+init,+keep,-osccal,+oscval:0x3400,-resetbits,+download,+stackcall,+clib
                                  \
    15                           	; --summary=default,-psect,-class,+mem,-hex \
    16                           	; --opt=default,+asm,+asmfile,+speed,-space,-debug,9 \
    17                           	; -D_XTAL_FREQ=20000000 -DUSE_TIMER_0=1 -DUSE_SER=1 \
    18                           	; -DUSE_NOKIA3310_LCD=1 -DUART_BAUD=38400 -P -N127 -I.. -I. \
    19                           	; -I../../../lib -I../../../src -v --warn=3 --double=32 --float=24 \
    20                           	; --addrqual=ignore --mode=pro --output=default,-inhx032 -g --asmlist \
    21                           	; --errformat=%f:%l: error: %s --msgformat=%f:%l: advisory: %s \
    22                           	; --warnformat=%f:%l warning: %s \
    23                           	; build/default/production/_ext/1386521430/delay.p1 \
    24                           	; build/default/production/_ext/1386521430/format.p1 \
    25                           	; build/default/production/_ext/1386521430/ser.p1 \
    26                           	; build/default/production/_ext/1386521430/timer.p1 \
    27                           	; build/default/production/_ext/1386521430/uart.p1 \
    28                           	; build/default/production/_ext/1386528437/display.p1 \
    29                           	; build/default/production/_ext/1386528437/LC-meter.p1 \
    30                           	; build/default/production/_ext/1386521430/lcd3310.p1
    31                           	;
    32                           
    33                           
    34                           	processor	16F876A
    35                           
    36                           	global	_main,start,_exit,reset_vec
    37                           	fnroot	_main
    38                           	psect	config,class=CONFIG,delta=2
    39                           	psect	idloc,class=IDLOC,delta=2
    40                           	psect	code,class=CODE,delta=2
    41                           	psect	powerup,class=CODE,delta=2
    42                           	psect	reset_vec,class=CODE,delta=2
    43                           	psect	maintext,class=CODE,delta=2
    44  0000                     	C	set	0
    45  0002                     	Z	set	2
    46  0002                     	PCL	set	2
    47  0000                     	INDF	set	0
    48                           
    49  0003                     	STATUS	equ	3
    50  000A                     	PCLATH	equ	0Ah
    51                           
    52                           	psect	eeprom_data,class=EEDATA,delta=2,space=2
    53                           	psect	intentry,class=CODE,delta=2
    54                           	psect	functab,class=CODE,delta=2
    55                           	global	intlevel0,intlevel1,intlevel2, intlevel3, intlevel4, intlevel5
    56  0000'                    intlevel0:
    57  0000'                    intlevel1:
    58  0000'                    intlevel2:
    59  0000'                    intlevel3:
    60  0000'                    intlevel4:
    61  0000'                    intlevel5:
    62                           	psect	init,class=CODE,delta=2
    63                           	psect	cinit,class=CODE,delta=2
    64                           	psect	text,class=CODE,delta=2
    65                           	psect	end_init,class=CODE,delta=2
    66                           	psect	clrtext,class=CODE,delta=2
    67  0004                     	FSR	set	4
    68                           	psect	strings,class=CODE,delta=2,reloc=256
    69                           
    70                           	psect	reset_vec
    71  0000'                    reset_vec:
    72                           	; No powerup routine
    73                           	global start
    74                           
    75                           ; jump to start
    76  0000' 120A' 118A' 2800'  	goto	start & 0x7FF | (reset_vec & not 0x7FF)
    77                           
    78                           	; No interrupt routine
    79                           
    80                           
    81                           	psect	init
    82  0000'                    start
    83  0000'                    _exit
    84                           	psect	end_init
    85                           	global start_initialization
    86  0000' 120A' 118A' 2800'  	ljmp start_initialization	;jump to C runtime clear & initialization


HI-TECH Software PICC Macro Assembler V9.83 build 10920 
Symbol Table                                                                                               Wed Oct 26 08:36:06 2016

               _main 0000*                _exit 0000                 start 0000  start_initialization 0000* 
           intlevel0 0000             intlevel1 0000             intlevel2 0000             intlevel3 0000  
           intlevel4 0000             intlevel5 0000             reset_vec 0000  
