gpasm-1.5.2 #0 (Sep 16 2019) build/default/pr   9-16-2019  10:40:44         PAGE  1


LOC    OBJECT CODE    LINE  SOURCE TEXT
  VALUE

                      00001 ;--------------------------------------------------------
                      00002 ; File Created by SDCC : free open source ANSI-C Compiler
                      00003 ; Version 3.9.3 #11377 (MINGW64)
                      00004 ;--------------------------------------------------------
                      00005 ; PIC port for the 14-bit core
                      00006 ;--------------------------------------------------------
                      00007 ;       .file   "../../../src/print.c"
                      00008         list    p=16f876a
                      00009         radix dec
                      00010         include "p16f876a.inc"
                      00001         LIST
                      00002 
                      00003 ;==========================================================================
                      00004 ; Build date : Oct 21 2015
                      00005 ;  MPASM PIC16F876A processor include
                      00006 ; 
                      00007 ;  (c) Copyright 1999-2015 Microchip Technology, All rights reserved
                      00008 ;==========================================================================
                      00009 
                      00525         LIST
                      00011 ;--------------------------------------------------------
                      00012 ; external declarations
                      00013 ;--------------------------------------------------------
  0000                00014         extern  ___uchar2fs
  0000                00015         extern  ___schar2fs
  0000                00016         extern  ___uint2fs
  0000                00017         extern  ___sint2fs
  0000                00018         extern  ___ulong2fs
  0000                00019         extern  ___slong2fs
  0000                00020         extern  ___fs2uchar
  0000                00021         extern  ___fs2schar
  0000                00022         extern  ___fs2uint
  0000                00023         extern  ___fs2sint
  0000                00024         extern  ___fs2ulong
  0000                00025         extern  ___fs2slong
  0000                00026         extern  ___fsadd
  0000                00027         extern  ___fssub
  0000                00028         extern  ___fsmul
  0000                00029         extern  ___fsdiv
  0000                00030         extern  ___fslt
  0000                00031         extern  ___fseq
  0000                00032         extern  ___fsgt
  0000                00033         extern  _buffer_init
  0000                00034         extern  _buffer_flush
  0000                00035         extern  _buffer_putch
  0000                00036         extern  _buffer_put
  0000                00037         extern  _buffer_puts
  0000                00038         extern  _lcd_puts
  0000                00039         extern  _print_print_float
  0000                00040         extern  _uart_putch
  0000                00041         extern  _uart_getch
  0000                00042         extern  _uart_poll
  0000                00043         extern  _uart_init
gpasm-1.5.2 #0 (Sep 16 2019) build/default/pr   9-16-2019  10:40:44         PAGE  2


LOC    OBJECT CODE    LINE  SOURCE TEXT
  VALUE

  0000                00044         extern  _uart_isr
  0000                00045         extern  _uart_enable
  0000                00046         extern  _uart_disable
  0000                00047         extern  _uart_puts
  0000                00048         extern  _uart_puts2
  0000                00049         extern  _format_number
  0000                00050         extern  _format_xint32
  0000                00051         extern  _format_double
  0000                00052         extern  _STATUSbits
  0000                00053         extern  _PORTAbits
  0000                00054         extern  _PORTBbits
  0000                00055         extern  _PORTCbits
  0000                00056         extern  _INTCONbits
  0000                00057         extern  _PIR1bits
  0000                00058         extern  _PIR2bits
  0000                00059         extern  _T1CONbits
  0000                00060         extern  _T2CONbits
  0000                00061         extern  _SSPCONbits
  0000                00062         extern  _CCP1CONbits
  0000                00063         extern  _RCSTAbits
  0000                00064         extern  _CCP2CONbits
  0000                00065         extern  _ADCON0bits
  0000                00066         extern  _OPTION_REGbits
  0000                00067         extern  _TRISAbits
  0000                00068         extern  _TRISBbits
  0000                00069         extern  _TRISCbits
  0000                00070         extern  _PIE1bits
  0000                00071         extern  _PIE2bits
  0000                00072         extern  _PCONbits
  0000                00073         extern  _SSPCON2bits
  0000                00074         extern  _SSPSTATbits
  0000                00075         extern  _TXSTAbits
  0000                00076         extern  _CMCONbits
  0000                00077         extern  _CVRCONbits
  0000                00078         extern  _ADCON1bits
  0000                00079         extern  _EECON1bits
  0000                00080         extern  _buffer
  0000                00081         extern  _putchar_ptr
  0000                00082         extern  _logo_image
  0000                00083         extern  _uart_brg
  0000                00084         extern  _INDF
  0000                00085         extern  _TMR0
  0000                00086         extern  _PCL
  0000                00087         extern  _STATUS
  0000                00088         extern  _FSR
  0000                00089         extern  _PORTA
  0000                00090         extern  _PORTB
  0000                00091         extern  _PORTC
  0000                00092         extern  _PCLATH
  0000                00093         extern  _INTCON
  0000                00094         extern  _PIR1
  0000                00095         extern  _PIR2
  0000                00096         extern  _TMR1
gpasm-1.5.2 #0 (Sep 16 2019) build/default/pr   9-16-2019  10:40:44         PAGE  3


LOC    OBJECT CODE    LINE  SOURCE TEXT
  VALUE

  0000                00097         extern  _TMR1L
  0000                00098         extern  _TMR1H
  0000                00099         extern  _T1CON
  0000                00100         extern  _TMR2
  0000                00101         extern  _T2CON
  0000                00102         extern  _SSPBUF
  0000                00103         extern  _SSPCON
  0000                00104         extern  _CCPR1
  0000                00105         extern  _CCPR1L
  0000                00106         extern  _CCPR1H
  0000                00107         extern  _CCP1CON
  0000                00108         extern  _RCSTA
  0000                00109         extern  _TXREG
  0000                00110         extern  _RCREG
  0000                00111         extern  _CCPR2
  0000                00112         extern  _CCPR2L
  0000                00113         extern  _CCPR2H
  0000                00114         extern  _CCP2CON
  0000                00115         extern  _ADRESH
  0000                00116         extern  _ADCON0
  0000                00117         extern  _OPTION_REG
  0000                00118         extern  _TRISA
  0000                00119         extern  _TRISB
  0000                00120         extern  _TRISC
  0000                00121         extern  _PIE1
  0000                00122         extern  _PIE2
  0000                00123         extern  _PCON
  0000                00124         extern  _SSPCON2
  0000                00125         extern  _PR2
  0000                00126         extern  _SSPADD
  0000                00127         extern  _SSPSTAT
  0000                00128         extern  _TXSTA
  0000                00129         extern  _SPBRG
  0000                00130         extern  _CMCON
  0000                00131         extern  _CVRCON
  0000                00132         extern  _ADRESL
  0000                00133         extern  _ADCON1
  0000                00134         extern  _EEDATA
  0000                00135         extern  _EEADR
  0000                00136         extern  _EEDATH
  0000                00137         extern  _EEADRH
  0000                00138         extern  _EECON1
  0000                00139         extern  _EECON2
  0000                00140         extern  __gptrget1
                      00141 
  0000                00142         extern PSAVE
  0000                00143         extern SSAVE
  0000                00144         extern WSAVE
  0000                00145         extern STK12
  0000                00146         extern STK11
  0000                00147         extern STK10
  0000                00148         extern STK09
  0000                00149         extern STK08
gpasm-1.5.2 #0 (Sep 16 2019) build/default/pr   9-16-2019  10:40:44         PAGE  4


LOC    OBJECT CODE    LINE  SOURCE TEXT
  VALUE

  0000                00150         extern STK07
  0000                00151         extern STK06
  0000                00152         extern STK05
  0000                00153         extern STK04
  0000                00154         extern STK03
  0000                00155         extern STK02
  0000                00156         extern STK01
  0000                00157         extern STK00
                      00158 ;--------------------------------------------------------
                      00159 ; global declarations
                      00160 ;--------------------------------------------------------
  0000                00161         global  _put_str
  0000                00162         global  _output_putch
  0000                00163         global  _indicator
  0000                00164         global  _print_reading
  0000                00165         global  _print_unit
  0000                00166         global  _print_digit
  0000                00167         global  _lcd_put
                      00168 
                      00169 ;--------------------------------------------------------
                      00170 ; global definitions
                      00171 ;--------------------------------------------------------
                      00172 ;--------------------------------------------------------
                      00173 ; absolute symbol definitions
                      00174 ;--------------------------------------------------------
                      00175 ;--------------------------------------------------------
                      00176 ; compiler-defined variables
                      00177 ;--------------------------------------------------------
                      00178 UDL_print_0     udata
0000                  00179 r0x1002 res     1
0001                  00180 r0x1001 res     1
0002                  00181 r0x1000 res     1
0003                  00182 r0x1003 res     1
0004                  00183 r0x1004 res     1
0005                  00184 r0x1005 res     1
0006                  00185 r0x1006 res     1
0007                  00186 r0x1007 res     1
0008                  00187 r0x1008 res     1
                      00188 ;--------------------------------------------------------
                      00189 ; initialized data
                      00190 ;--------------------------------------------------------
                      00191 ;--------------------------------------------------------
                      00192 ; overlayable items in internal ram 
                      00193 ;--------------------------------------------------------
                      00194 ;       udata_ovr
                      00195 ;--------------------------------------------------------
                      00196 ; code
                      00197 ;--------------------------------------------------------
                      00198 code_print      code
                      00199 ;***
                      00200 ;  pBlock Stats: dbName = C
                      00201 ;***
                      00202 ;has an exit
gpasm-1.5.2 #0 (Sep 16 2019) build/default/pr   9-16-2019  10:40:44         PAGE  5


LOC    OBJECT CODE    LINE  SOURCE TEXT
  VALUE

                      00203 ;functions called:
                      00204 ;   __gptrget1
                      00205 ;   _output_putch
                      00206 ;   __gptrget1
                      00207 ;   _output_putch
                      00208 ;11 compiler assigned registers:
                      00209 ;   r0x1000
                      00210 ;   STK00
                      00211 ;   r0x1001
                      00212 ;   STK01
                      00213 ;   r0x1002
                      00214 ;   r0x1003
                      00215 ;   r0x1004
                      00216 ;   r0x1005
                      00217 ;   r0x1006
                      00218 ;   r0x1007
                      00219 ;   r0x1008
                      00220 ;; Starting pCode block
                      00221 ;<>Start of new flow, seq=0x1 ancestor = 0x1
                      00222 ;  from: ; to: 002 
                      00223 ;;; /home/sdcc-builder/build/sdcc-build/orig/sdcc/src/pic14/gen.c:2308:resultRemat *{*
                      00224 ;;; /home/sdcc-builder/build/sdcc-build/orig/sdcc/src/pic14/gen.c:2752:genLabel *{*
                      00225 ;; ***  genLabel  2755
                      00226 ;;; /home/sdcc-builder/build/sdcc-build/orig/sdcc/src/pic14/gen.c:2308:resultRemat *{*
                      00227 ;;; /home/sdcc-builder/build/sdcc-build/orig/sdcc/src/pic14/gen.c:2332:genFunction *{*
                      00228 ;; ***  genFunction  2334 curr label offset=24previous max_key=0 
                      00229 ;;      -----------------------------------------
                      00230 ;;       function put_str
                      00231 ;;      -----------------------------------------
                      00232 ;_put_str:
                      00233 S_print__put_str        code
0000                  00234 _put_str:
                      00235 ; 2 exit points
                      00236 ;;; /home/sdcc-builder/build/sdcc-build/orig/sdcc/src/pic14/gen.c:2308:resultRemat *{*
                      00237 ;;; /home/sdcc-builder/build/sdcc-build/orig/sdcc/src/pic14/gen.c:7467:genReceive *{*
                      00238 ;; ***  genReceive  7468
                      00239 ;;      695 register type nRegs=3
                      00240 ;;; /home/sdcc-builder/build/sdcc-build/orig/sdcc/src/pic14/gen.c:1892:assignResultValue *{*
                      00241 ;; ***  assignResultValue  1894
                      00242 ;;      line = 1896 result -=-, size=0, left AOP_REG=r0x1045, size=3, right -=-, size=0
                      00243 ;; >>> /home/sdcc-builder/build/sdcc-build/orig/sdcc/src/pic14/gen.c:1378:movwf
                      00244 ;;      1097 rIdx = r0x1047 
                      00245 ;       .line   510; "../../../src/print.c"     put_str(const char* s) {
0000   0??? 0???      00246         BANKSEL r0x1000 ;id=471,key=000,inCond:0,outCond:0,flow seq=001
0002   00??           00247         MOVWF   r0x1000 ;id=281,key=001,inCond:10,outCond:1,flow seq=001,rIdx=r0x1047
                      00248 ;; >>> /home/sdcc-builder/build/sdcc-build/orig/sdcc/src/pic14/gen.c:1408:get_returnvalue
                      00249 ;; ***  popRegFromIdx,1030  , rIdx=0x7f
                      00250 ;; BANKOPT1 BANKSEL dropped; STK00 present in all of r0x1000's banks
0003   08??           00251         MOVF    STK00,W ;id=284,key=002,inCond:1,outCond:14,flow seq=001
                      00252 ;; >>> /home/sdcc-builder/build/sdcc-build/orig/sdcc/src/pic14/gen.c:1378:movwf
                      00253 ;;      1097 rIdx = r0x1046 
                      00254 ;; BANKOPT2 BANKSEL dropped; r0x1001 present in same bank as r0x1000
0004   00??           00255         MOVWF   r0x1001 ;id=287,key=003,inCond:10,outCond:1,flow seq=001,rIdx=r0x1046
gpasm-1.5.2 #0 (Sep 16 2019) build/default/pr   9-16-2019  10:40:44         PAGE  6


LOC    OBJECT CODE    LINE  SOURCE TEXT
  VALUE

                      00256 ;; >>> /home/sdcc-builder/build/sdcc-build/orig/sdcc/src/pic14/gen.c:1408:get_returnvalue
                      00257 ;; ***  popRegFromIdx,1030  , rIdx=0x7e
                      00258 ;; BANKOPT1 BANKSEL dropped; STK01 present in all of r0x1000's banks
0005   08??           00259         MOVF    STK01,W ;id=290,key=004,inCond:1,outCond:14,flow seq=001
                      00260 ;; >>> /home/sdcc-builder/build/sdcc-build/orig/sdcc/src/pic14/gen.c:1378:movwf
                      00261 ;;      1097 rIdx = r0x1045 
                      00262 ;; BANKOPT2 BANKSEL dropped; r0x1002 present in same bank as r0x1000
0006   00??           00263         MOVWF   r0x1002 ;id=293,key=005,inCond:10,outCond:1,flow seq=001,rIdx=r0x1045
                      00264 ;;; /home/sdcc-builder/build/sdcc-build/orig/sdcc/src/pic14/gen.c:2308:resultRemat *{*
                      00265 ;;; /home/sdcc-builder/build/sdcc-build/orig/sdcc/src/pic14/gen.c:7036:genAssign *{*
                      00266 ;; ***  genAssign  7037
                      00267 ;;      695 register type nRegs=2
                      00268 ;;      line = 7046 result AOP_REG=r0x1048, size=2, left -=-, size=0, right AOP_LIT=0x00, size=2
                      00269 ;; ***  genAssign  7132
                      00270 ;; >>> /home/sdcc-builder/build/sdcc-build/orig/sdcc/src/pic14/gen.c:7144:genAssign
                      00271 ;;      1097 rIdx = r0x1048 
                      00272 ;; BANKOPT2 BANKSEL dropped; r0x1003 present in same bank as r0x1000
                      00273 ;       .line   513; "../../../src/print.c"     for(i = 0; s[i]; i++) {
0007   01??           00274         CLRF    r0x1003 ;id=303,key=006,inCond:0,outCond:5,flow seq=001,rIdx=r0x1048
                      00275 ;; ***  genAssign  7132
                      00276 ;; >>> /home/sdcc-builder/build/sdcc-build/orig/sdcc/src/pic14/gen.c:7144:genAssign
                      00277 ;;      1097 rIdx = r0x1049 
                      00278 ;; BANKOPT2 BANKSEL dropped; r0x1004 present in same bank as r0x1000
0008   01??           00279         CLRF    r0x1004 ;id=307,key=007,inCond:0,outCond:5,flow seq=001,rIdx=r0x1049
                      00280 ;<>Start of new flow, seq=0x2 ancestor = 0x1
                      00281 ;  from: 00d 001 ; to: 004 003 
                      00282 ;;; /home/sdcc-builder/build/sdcc-build/orig/sdcc/src/pic14/gen.c:2308:resultRemat *{*
                      00283 ;;; /home/sdcc-builder/build/sdcc-build/orig/sdcc/src/pic14/gen.c:2752:genLabel *{*
                      00284 ;; ***  genLabel  2755
                      00285 ;_00131_DS_:
                      00286 ;;; /home/sdcc-builder/build/sdcc-build/orig/sdcc/src/pic14/gen.c:2308:resultRemat *{*
                      00287 ;; ***  genPlus  607
                      00288 ;;; /home/sdcc-builder/build/sdcc-build/orig/sdcc/src/pic14/genarith.c:608:genPlus *{*
                      00289 ;;      695 register type nRegs=3
                      00290 ;;      695 register type nRegs=2
                      00291 ;;      695 register type nRegs=3
                      00292 ;;      line = 614 result AOP_REG=r0x104A, size=3, left AOP_REG=r0x1045, size=3, right AOP_REG=r0x1048, 
                            size=2
                      00293 ;;; /home/sdcc-builder/build/sdcc-build/orig/sdcc/src/pic14/genarith.c:138:genPlusIncr *{*
                      00294 ;; ***  genPlusIncr  140
                      00295 ;;      result AOP_REG, left AOP_REG, right AOP_REG
                      00296 ;; ***  genPlus  713
                      00297 ;; >>> /home/sdcc-builder/build/sdcc-build/orig/sdcc/src/pic14/genarith.c:722:genPlus
                      00298 ;;      1097 rIdx = r0x1048 
                      00299 ;; BANKOPT3 drop assumptions: PCI with label or call found
0009                  00300 _00131_DS_:
0009   0??? 0???      00301         BANKSEL r0x1003 ;id=479,key=000,inCond:0,outCond:0,flow seq=002
000B   08??           00302         MOVF    r0x1003,W       ;id=326,key=001,inCond:1,outCond:14,flow seq=002,rIdx=r0x1048
                      00303 ;; >>> /home/sdcc-builder/build/sdcc-build/orig/sdcc/src/pic14/genarith.c:731:genPlus
                      00304 ;;      1097 rIdx = r0x1045 
                      00305 ;; BANKOPT2 BANKSEL dropped; r0x1002 present in same bank as r0x1003
000C   07??           00306         ADDWF   r0x1002,W       ;id=329,key=002,inCond:11,outCond:1e,flow seq=002,rIdx=r0x1045
                      00307 ;; >>> /home/sdcc-builder/build/sdcc-build/orig/sdcc/src/pic14/genarith.c:732:genPlus
gpasm-1.5.2 #0 (Sep 16 2019) build/default/pr   9-16-2019  10:40:44         PAGE  7


LOC    OBJECT CODE    LINE  SOURCE TEXT
  VALUE

                      00308 ;;      1097 rIdx = r0x104A 
                      00309 ;; BANKOPT2 BANKSEL dropped; r0x1005 present in same bank as r0x1003
000D   00??           00310         MOVWF   r0x1005 ;id=332,key=003,inCond:10,outCond:1,flow seq=002,rIdx=r0x104A
                      00311 ;; >>> /home/sdcc-builder/build/sdcc-build/orig/sdcc/src/pic14/genarith.c:767:genPlus
                      00312 ;;      1097 rIdx = r0x1046 
                      00313 ;; BANKOPT2 BANKSEL dropped; r0x1001 present in same bank as r0x1003
000E   08??           00314         MOVF    r0x1001,W       ;id=335,key=004,inCond:1,outCond:14,flow seq=002,rIdx=r0x1046
                      00315 ;; >>> /home/sdcc-builder/build/sdcc-build/orig/sdcc/src/pic14/genarith.c:768:genPlus
                      00316 ;;      1097 rIdx = r0x104B 
                      00317 ;; BANKOPT2 BANKSEL dropped; r0x1006 present in same bank as r0x1003
000F   00??           00318         MOVWF   r0x1006 ;id=338,key=005,inCond:10,outCond:1,flow seq=002,rIdx=r0x104B
                      00319 ;; >>> /home/sdcc-builder/build/sdcc-build/orig/sdcc/src/pic14/genarith.c:770:genPlus
                      00320 ;;      1097 rIdx = r0x1049 
                      00321 ;; BANKOPT2 BANKSEL dropped; r0x1004 present in same bank as r0x1003
0010   08??           00322         MOVF    r0x1004,W       ;id=341,key=006,inCond:1,outCond:14,flow seq=002,rIdx=r0x1049
                      00323 ;; >>> /home/sdcc-builder/build/sdcc-build/orig/sdcc/src/pic14/genarith.c:771:genPlus
0011   1803           00324         BTFSC   STATUS,0        ;id=343,key=007,inCond:23,outCond:0,flow seq=002
                      00325 ;<>Start of new flow, seq=0x3 ancestor = 0x2
                      00326 ;  from: 002 ; to: 005 004 
                      00327 ;; >>> /home/sdcc-builder/build/sdcc-build/orig/sdcc/src/pic14/genarith.c:772:genPlus
                      00328 ;;      1097 rIdx = r0x1049 
                      00329 ;; BANKOPT2 BANKSEL dropped; r0x1004 present in same bank as r0x1003
0012   0F??           00330         INCFSZ  r0x1004,W       ;id=346,key=000,inCond:1,outCond:14,flow seq=003,rIdx=r0x1049
                      00331 ;<>Start of new flow, seq=0x4 ancestor = 0x2
                      00332 ;  from: 003 002 ; to: 005 
                      00333 ;; >>> /home/sdcc-builder/build/sdcc-build/orig/sdcc/src/pic14/genarith.c:773:genPlus
                      00334 ;;      1097 rIdx = r0x104B 
                      00335 ;; BANKOPT2 BANKSEL dropped; r0x1006 present in same bank as r0x1003
0013   07??           00336         ADDWF   r0x1006,F       ;id=349,key=000,inCond:11,outCond:f,flow seq=004,rIdx=r0x104B
                      00337 ;<>Start of new flow, seq=0x5 ancestor = 0x3
                      00338 ;  from: 004 003 ; to: 007 006 
                      00339 ;; >>> /home/sdcc-builder/build/sdcc-build/orig/sdcc/src/pic14/genarith.c:795:genPlus
                      00340 ;;      1097 rIdx = r0x1047 
                      00341 ;; BANKOPT2 BANKSEL dropped; r0x1000 present in same bank as r0x1003
0014   08??           00342         MOVF    r0x1000,W       ;id=352,key=000,inCond:1,outCond:14,flow seq=005,rIdx=r0x1047
                      00343 ;; >>> /home/sdcc-builder/build/sdcc-build/orig/sdcc/src/pic14/genarith.c:796:genPlus
0015   1803           00344         BTFSC   STATUS,0        ;id=354,key=001,inCond:23,outCond:0,flow seq=005
                      00345 ;<>Start of new flow, seq=0x6 ancestor = 0x5
                      00346 ;  from: 005 ; to: 007 
                      00347 ;; >>> /home/sdcc-builder/build/sdcc-build/orig/sdcc/src/pic14/genarith.c:797:genPlus
0016   3E01           00348         ADDLW   0x01    ;id=356,key=000,inCond:410,outCond:1e,flow seq=006
                      00349 ;<>Start of new flow, seq=0x7 ancestor = 0x5
                      00350 ;  from: 006 005 ; to: 008 
                      00351 ;; >>> /home/sdcc-builder/build/sdcc-build/orig/sdcc/src/pic14/genarith.c:798:genPlus
                      00352 ;;      1097 rIdx = r0x104C 
                      00353 ;; BANKOPT2 BANKSEL dropped; r0x1007 present in same bank as r0x1003
0017   00??           00354         MOVWF   r0x1007 ;id=359,key=000,inCond:10,outCond:1,flow seq=007,rIdx=r0x104C
                      00355 ;;; /home/sdcc-builder/build/sdcc-build/orig/sdcc/src/pic14/gen.c:2308:resultRemat *{*
                      00356 ;;; /home/sdcc-builder/build/sdcc-build/orig/sdcc/src/pic14/gen.c:6260:genPointerGet *{*
                      00357 ;; ***  genPointerGet  6261
                      00358 ;;; /home/sdcc-builder/build/sdcc-build/orig/sdcc/src/pic14/gen.c:6149:genGenPointerGet *{*
                      00359 ;; ***  genGenPointerGet  6150
                      00360 ;;      695 register type nRegs=3
gpasm-1.5.2 #0 (Sep 16 2019) build/default/pr   9-16-2019  10:40:44         PAGE  8


LOC    OBJECT CODE    LINE  SOURCE TEXT
  VALUE

                      00361 ;;      695 register type nRegs=1
                      00362 ;;      line = 6155 result AOP_REG=r0x104D, size=1, left AOP_REG=r0x104A, size=3, right -=-, size=0
                      00363 ;; ***  mov2w  1366  offset=0
                      00364 ;; >>> /home/sdcc-builder/build/sdcc-build/orig/sdcc/src/pic14/gen.c:1371:mov2w
                      00365 ;;      1097 rIdx = r0x104A 
                      00366 ;; BANKOPT2 BANKSEL dropped; r0x1005 present in same bank as r0x1003
0018   08??           00367         MOVF    r0x1005,W       ;id=371,key=001,inCond:1,outCond:14,flow seq=007,rIdx=r0x104A
                      00368 ;; >>> /home/sdcc-builder/build/sdcc-build/orig/sdcc/src/pic14/gen.c:6174:genGenPointerGet
                      00369 ;; ***  popRegFromIdx,1030  , rIdx=0x7e
                      00370 ;; BANKOPT1 BANKSEL dropped; STK01 present in all of r0x1003's banks
0019   00??           00371         MOVWF   STK01   ;id=374,key=002,inCond:10,outCond:1,flow seq=007
                      00372 ;; ***  mov2w  1366  offset=1
                      00373 ;; >>> /home/sdcc-builder/build/sdcc-build/orig/sdcc/src/pic14/gen.c:1371:mov2w
                      00374 ;;      1097 rIdx = r0x104B 
                      00375 ;; BANKOPT2 BANKSEL dropped; r0x1006 present in same bank as r0x1003
001A   08??           00376         MOVF    r0x1006,W       ;id=378,key=003,inCond:1,outCond:14,flow seq=007,rIdx=r0x104B
                      00377 ;; >>> /home/sdcc-builder/build/sdcc-build/orig/sdcc/src/pic14/gen.c:6176:genGenPointerGet
                      00378 ;; ***  popRegFromIdx,1030  , rIdx=0x7f
                      00379 ;; BANKOPT1 BANKSEL dropped; STK00 present in all of r0x1003's banks
001B   00??           00380         MOVWF   STK00   ;id=381,key=004,inCond:10,outCond:1,flow seq=007
                      00381 ;; ***  mov2w  1366  offset=2
                      00382 ;; >>> /home/sdcc-builder/build/sdcc-build/orig/sdcc/src/pic14/gen.c:1371:mov2w
                      00383 ;;      1097 rIdx = r0x104C 
                      00384 ;; BANKOPT2 BANKSEL dropped; r0x1007 present in same bank as r0x1003
001C   08??           00385         MOVF    r0x1007,W       ;id=385,key=005,inCond:1,outCond:14,flow seq=007,rIdx=r0x104C
                      00386 ;; >>> /home/sdcc-builder/build/sdcc-build/orig/sdcc/src/pic14/gen.c:1418:call_libraryfunc
001D   0??? 0???      00387         PAGESEL __gptrget1      ;id=387,key=006,inCond:0,outCond:0,flow seq=007
                      00388 ;; >>> /home/sdcc-builder/build/sdcc-build/orig/sdcc/src/pic14/gen.c:1420:call_libraryfunc
                      00389 ;; BANKOPT3 drop assumptions: PCI with label or call found
001F   2???           00390         CALL    __gptrget1      ;id=389,key=007,inCond:10,outCond:1e,flow seq=007
                      00391 ;<>Start of new flow, seq=0x8 ancestor = 0x7
                      00392 ;  from: 007 ; to: 00a 009 
                      00393 ;; >>> /home/sdcc-builder/build/sdcc-build/orig/sdcc/src/pic14/gen.c:1422:call_libraryfunc
0020   0??? 0???      00394         PAGESEL $       ;id=391,key=000,inCond:0,outCond:0,flow seq=008
                      00395 ;; >>> /home/sdcc-builder/build/sdcc-build/orig/sdcc/src/pic14/gen.c:1378:movwf
                      00396 ;;      1097 rIdx = r0x104D 
0022   0??? 0???      00397         BANKSEL r0x1008 ;id=495,key=001,inCond:0,outCond:0,flow seq=008
0024   00??           00398         MOVWF   r0x1008 ;id=394,key=002,inCond:10,outCond:1,flow seq=008,rIdx=r0x104D
                      00399 ;;; /home/sdcc-builder/build/sdcc-build/orig/sdcc/src/pic14/gen.c:2308:resultRemat *{*
                      00400 ;;; /home/sdcc-builder/build/sdcc-build/orig/sdcc/src/pic14/gen.c:6868:genIfx *{*
                      00401 ;; ***  genIfx  6869
                      00402 ;;      695 register type nRegs=1
                      00403 ;; ***  pic14_toBoolean  1500
                      00404 ;; >>> /home/sdcc-builder/build/sdcc-build/orig/sdcc/src/pic14/gen.c:1507:pic14_toBoolean
                      00405 ;; BANKOPT2 BANKSEL dropped; r0x1008 present in same bank as r0x1008
0025   08??           00406         MOVF    r0x1008,W       ;id=470,key=003,inCond:1,outCond:14,flow seq=008,rIdx=r0x104D
0026   1903           00407         BTFSC   STATUS,2        ;id=406,key=004,inCond:25,outCond:0,flow seq=008
                      00408 ;<>Start of new flow, seq=0x9 ancestor = 0x8
                      00409 ;  from: 008 ; to: 00e 
                      00410 ;; >>> /home/sdcc-builder/build/sdcc-build/orig/sdcc/src/pic14/gen.c:6923:genIfx
                      00411 ;; ***  popGetLabel  key=5, label offset 28
0027   2???           00412         GOTO    _00133_DS_      ;id=409,key=000,inCond:0,outCond:0,flow seq=009
                      00413 ;<>Start of new flow, seq=0xa ancestor = 0x8
gpasm-1.5.2 #0 (Sep 16 2019) build/default/pr   9-16-2019  10:40:44         PAGE  9


LOC    OBJECT CODE    LINE  SOURCE TEXT
  VALUE

                      00414 ;  from: 008 ; to: 00b 
                      00415 ;;; /home/sdcc-builder/build/sdcc-build/orig/sdcc/src/pic14/gen.c:2308:resultRemat *{*
                      00416 ;;; /home/sdcc-builder/build/sdcc-build/orig/sdcc/src/pic14/gen.c:2308:resultRemat *{*
                      00417 ;;; /home/sdcc-builder/build/sdcc-build/orig/sdcc/src/pic14/gen.c:2071:genCall *{*
                      00418 ;; ***  genCall  2073
                      00419 ;;; /home/sdcc-builder/build/sdcc-build/orig/sdcc/src/pic14/gen.c:1786:saveRegisters *{*
                      00420 ;; ***  saveRegisters  1788
                      00421 ;;      695 register type nRegs=1
                      00422 ;;      695 register type nRegs=1
                      00423 ;;      2120 left AOP_REG
                      00424 ;;; /home/sdcc-builder/build/sdcc-build/orig/sdcc/src/pic14/gen.c:1328:mov2w_op *{*
                      00425 ;; ***  mov2w  1366  offset=0
                      00426 ;; >>> /home/sdcc-builder/build/sdcc-build/orig/sdcc/src/pic14/gen.c:1371:mov2w
                      00427 ;;      1097 rIdx = r0x104D 
                      00428 ;; BANKOPT2 BANKSEL dropped; r0x1008 present in same bank as r0x1008
                      00429 ;       .line   514; "../../../src/print.c"     output_putch(s[i]);
0028   08??           00430         MOVF    r0x1008,W       ;id=424,key=000,inCond:1,outCond:14,flow seq=00a,rIdx=r0x104D
                      00431 ;; >>> /home/sdcc-builder/build/sdcc-build/orig/sdcc/src/pic14/gen.c:2160:genCall
0029   0??? 0???      00432         PAGESEL _output_putch   ;id=426,key=001,inCond:0,outCond:0,flow seq=00a
                      00433 ;; >>> /home/sdcc-builder/build/sdcc-build/orig/sdcc/src/pic14/gen.c:2165:genCall
                      00434 ;; BANKOPT3 drop assumptions: PCI with label or call found
002B   2???           00435         CALL    _output_putch   ;id=428,key=002,inCond:10,outCond:1e,flow seq=00a
                      00436 ;<>Start of new flow, seq=0xb ancestor = 0xa
                      00437 ;  from: 00a ; to: 00d 00c 
                      00438 ;; >>> /home/sdcc-builder/build/sdcc-build/orig/sdcc/src/pic14/gen.c:2173:genCall
002C   0??? 0???      00439         PAGESEL $       ;id=430,key=000,inCond:0,outCond:0,flow seq=00b
                      00440 ;;; /home/sdcc-builder/build/sdcc-build/orig/sdcc/src/pic14/gen.c:1830:unsaveRegisters *{*
                      00441 ;; ***  unsaveRegisters  1832
                      00442 ;;; /home/sdcc-builder/build/sdcc-build/orig/sdcc/src/pic14/gen.c:2308:resultRemat *{*
                      00443 ;; ***  genPlus  607
                      00444 ;;; /home/sdcc-builder/build/sdcc-build/orig/sdcc/src/pic14/genarith.c:608:genPlus *{*
                      00445 ;;      695 register type nRegs=2
                      00446 ;;      576
                      00447 ;;      line = 614 result AOP_REG=r0x1048, size=2, left AOP_REG=r0x1048, size=2, right AOP_LIT=0x01, siz
                            e=1
                      00448 ;;; /home/sdcc-builder/build/sdcc-build/orig/sdcc/src/pic14/genarith.c:138:genPlusIncr *{*
                      00449 ;; ***  genPlusIncr  140
                      00450 ;;      result AOP_REG, left AOP_REG, right AOP_LIT
                      00451 ;;      genPlusIncr  152
                      00452 ;; >>> /home/sdcc-builder/build/sdcc-build/orig/sdcc/src/pic14/genarith.c:164:genPlusIncr
                      00453 ;;      1097 rIdx = r0x1048 
                      00454 ;       .line   513; "../../../src/print.c"     for(i = 0; s[i]; i++) {
002E   0??? 0???      00455         BANKSEL r0x1003 ;id=499,key=001,inCond:0,outCond:0,flow seq=00b
0030   0A??           00456         INCF    r0x1003,F       ;id=446,key=002,inCond:1,outCond:5,flow seq=00b,rIdx=r0x1048
                      00457 ;; >>> /home/sdcc-builder/build/sdcc-build/orig/sdcc/src/pic14/genarith.c:168:genPlusIncr
0031   1903           00458         BTFSC   STATUS,2        ;id=448,key=003,inCond:25,outCond:0,flow seq=00b
                      00459 ;<>Start of new flow, seq=0xc ancestor = 0xb
                      00460 ;  from: 00b ; to: 00d 
                      00461 ;; >>> /home/sdcc-builder/build/sdcc-build/orig/sdcc/src/pic14/genarith.c:169:genPlusIncr
                      00462 ;;      1097 rIdx = r0x1049 
                      00463 ;; BANKOPT2 BANKSEL dropped; r0x1004 present in same bank as r0x1003
0032   0A??           00464         INCF    r0x1004,F       ;id=451,key=000,inCond:1,outCond:5,flow seq=00c,rIdx=r0x1049
                      00465 ;<>Start of new flow, seq=0xd ancestor = 0xb
gpasm-1.5.2 #0 (Sep 16 2019) build/default/pr   9-16-2019  10:40:44         PAGE 10


LOC    OBJECT CODE    LINE  SOURCE TEXT
  VALUE

                      00466 ;  from: 00c 00b ; to: 002 
                      00467 ;;; /home/sdcc-builder/build/sdcc-build/orig/sdcc/src/pic14/gen.c:2308:resultRemat *{*
                      00468 ;;; /home/sdcc-builder/build/sdcc-build/orig/sdcc/src/pic14/gen.c:2770:genGoto *{*
                      00469 ;; >>> /home/sdcc-builder/build/sdcc-build/orig/sdcc/src/pic14/gen.c:2772:genGoto
                      00470 ;; ***  popGetLabel  key=3, label offset 28
0033   2???           00471         GOTO    _00131_DS_      ;id=456,key=000,inCond:0,outCond:0,flow seq=00d
                      00472 ;<>Start of new flow, seq=0xe ancestor = 0x9
                      00473 ;  from: 009 ; to: 
                      00474 ;goto   _00131_DS_
                      00475 ;;; /home/sdcc-builder/build/sdcc-build/orig/sdcc/src/pic14/gen.c:2308:resultRemat *{*
                      00476 ;;; /home/sdcc-builder/build/sdcc-build/orig/sdcc/src/pic14/gen.c:2752:genLabel *{*
                      00477 ;; ***  genLabel  2755
                      00478 ;_00133_DS_:
                      00479 ;;; /home/sdcc-builder/build/sdcc-build/orig/sdcc/src/pic14/gen.c:2308:resultRemat *{*
                      00480 ;;; /home/sdcc-builder/build/sdcc-build/orig/sdcc/src/pic14/gen.c:2520:genEndFunction *{*
                      00481 ;; ***  genEndFunction  2522
                      00482 ;return
                      00483 ;; BANKOPT3 drop assumptions: PCI with label or call found
0034                  00484 _00133_DS_:
                      00485 ;       .line   516; "../../../src/print.c"     }
0034   0008           00486         RETURN          ;id=468,key=000,inCond:10,outCond:e,flow seq=00e
                      00487 ;<>Start of new flow, seq=0xf
                      00488 ;  from: ; to: 
                      00489 ; exit point of _put_str
                      00490 
                      00491 ;***
                      00492 ;  pBlock Stats: dbName = C
                      00493 ;***
                      00494 ;has an exit
                      00495 ;; Starting pCode block
                      00496 ;<>Start of new flow, seq=0x10 ancestor = 0x10
                      00497 ;  from: ; to: 
                      00498 ;;; /home/sdcc-builder/build/sdcc-build/orig/sdcc/src/pic14/gen.c:2308:resultRemat *{*
                      00499 ;;; /home/sdcc-builder/build/sdcc-build/orig/sdcc/src/pic14/gen.c:2752:genLabel *{*
                      00500 ;; ***  genLabel  2755
                      00501 ;;; /home/sdcc-builder/build/sdcc-build/orig/sdcc/src/pic14/gen.c:2308:resultRemat *{*
                      00502 ;;; /home/sdcc-builder/build/sdcc-build/orig/sdcc/src/pic14/gen.c:2332:genFunction *{*
                      00503 ;; ***  genFunction  2334 curr label offset=20previous max_key=0 
                      00504 ;;      -----------------------------------------
                      00505 ;;       function output_putch
                      00506 ;;      -----------------------------------------
                      00507 ;_output_putch:
                      00508 S_print__output_putch   code
0000                  00509 _output_putch:
                      00510 ; 2 exit points
                      00511 ;;; /home/sdcc-builder/build/sdcc-build/orig/sdcc/src/pic14/gen.c:2308:resultRemat *{*
                      00512 ;;; /home/sdcc-builder/build/sdcc-build/orig/sdcc/src/pic14/gen.c:2752:genLabel *{*
                      00513 ;; ***  genLabel  2755
                      00514 ;_00125_DS_:
                      00515 ;;; /home/sdcc-builder/build/sdcc-build/orig/sdcc/src/pic14/gen.c:2308:resultRemat *{*
                      00516 ;;; /home/sdcc-builder/build/sdcc-build/orig/sdcc/src/pic14/gen.c:2520:genEndFunction *{*
                      00517 ;; ***  genEndFunction  2522
                      00518 ;return
gpasm-1.5.2 #0 (Sep 16 2019) build/default/pr   9-16-2019  10:40:44         PAGE 11


LOC    OBJECT CODE    LINE  SOURCE TEXT
  VALUE

                      00519 ;       .line   504; "../../../src/print.c"     }
0000   0008           00520         RETURN          ;id=256,key=000,inCond:10,outCond:e,flow seq=010
                      00521 ;<>Start of new flow, seq=0x11
                      00522 ;  from: ; to: 
                      00523 ; exit point of _output_putch
                      00524 ;;; /home/sdcc-builder/build/sdcc-build/orig/sdcc/src/pic14/gen.c:7535:genpic14Code *{*
                      00525 
                      00526 ;***
                      00527 ;  pBlock Stats: dbName = C
                      00528 ;***
                      00529 ;has an exit
                      00530 ;; Starting pCode block
                      00531 ;<>Start of new flow, seq=0x12 ancestor = 0x12
                      00532 ;  from: ; to: 
                      00533 ;;; /home/sdcc-builder/build/sdcc-build/orig/sdcc/src/pic14/gen.c:2308:resultRemat *{*
                      00534 ;;; /home/sdcc-builder/build/sdcc-build/orig/sdcc/src/pic14/gen.c:2752:genLabel *{*
                      00535 ;; ***  genLabel  2755
                      00536 ;;; /home/sdcc-builder/build/sdcc-build/orig/sdcc/src/pic14/gen.c:2308:resultRemat *{*
                      00537 ;;; /home/sdcc-builder/build/sdcc-build/orig/sdcc/src/pic14/gen.c:2332:genFunction *{*
                      00538 ;; ***  genFunction  2334 curr label offset=16previous max_key=0 
                      00539 ;;      -----------------------------------------
                      00540 ;;       function indicator
                      00541 ;;      -----------------------------------------
                      00542 ;_indicator:
                      00543 S_print__indicator      code
0000                  00544 _indicator:
                      00545 ; 2 exit points
                      00546 ;;; /home/sdcc-builder/build/sdcc-build/orig/sdcc/src/pic14/gen.c:2308:resultRemat *{*
                      00547 ;;; /home/sdcc-builder/build/sdcc-build/orig/sdcc/src/pic14/gen.c:2752:genLabel *{*
                      00548 ;; ***  genLabel  2755
                      00549 ;_00121_DS_:
                      00550 ;;; /home/sdcc-builder/build/sdcc-build/orig/sdcc/src/pic14/gen.c:2308:resultRemat *{*
                      00551 ;;; /home/sdcc-builder/build/sdcc-build/orig/sdcc/src/pic14/gen.c:2520:genEndFunction *{*
                      00552 ;; ***  genEndFunction  2522
                      00553 ;return
                      00554 ;       .line   494; "../../../src/print.c"     }
0000   0008           00555         RETURN          ;id=230,key=000,inCond:10,outCond:e,flow seq=012
                      00556 ;<>Start of new flow, seq=0x13
                      00557 ;  from: ; to: 
                      00558 ; exit point of _indicator
                      00559 ;;; /home/sdcc-builder/build/sdcc-build/orig/sdcc/src/pic14/gen.c:7535:genpic14Code *{*
                      00560 
                      00561 ;***
                      00562 ;  pBlock Stats: dbName = C
                      00563 ;***
                      00564 ;has an exit
                      00565 ;; Starting pCode block
                      00566 ;<>Start of new flow, seq=0x14 ancestor = 0x14
                      00567 ;  from: ; to: 
                      00568 ;;; /home/sdcc-builder/build/sdcc-build/orig/sdcc/src/pic14/gen.c:2308:resultRemat *{*
                      00569 ;;; /home/sdcc-builder/build/sdcc-build/orig/sdcc/src/pic14/gen.c:2752:genLabel *{*
                      00570 ;; ***  genLabel  2755
                      00571 ;;; /home/sdcc-builder/build/sdcc-build/orig/sdcc/src/pic14/gen.c:2308:resultRemat *{*
gpasm-1.5.2 #0 (Sep 16 2019) build/default/pr   9-16-2019  10:40:44         PAGE 12


LOC    OBJECT CODE    LINE  SOURCE TEXT
  VALUE

                      00572 ;;; /home/sdcc-builder/build/sdcc-build/orig/sdcc/src/pic14/gen.c:2332:genFunction *{*
                      00573 ;; ***  genFunction  2334 curr label offset=12previous max_key=0 
                      00574 ;;      -----------------------------------------
                      00575 ;;       function print_reading
                      00576 ;;      -----------------------------------------
                      00577 ;_print_reading:
                      00578 S_print__print_reading  code
0000                  00579 _print_reading:
                      00580 ; 2 exit points
                      00581 ;;; /home/sdcc-builder/build/sdcc-build/orig/sdcc/src/pic14/gen.c:2308:resultRemat *{*
                      00582 ;;; /home/sdcc-builder/build/sdcc-build/orig/sdcc/src/pic14/gen.c:2752:genLabel *{*
                      00583 ;; ***  genLabel  2755
                      00584 ;_00117_DS_:
                      00585 ;;; /home/sdcc-builder/build/sdcc-build/orig/sdcc/src/pic14/gen.c:2308:resultRemat *{*
                      00586 ;;; /home/sdcc-builder/build/sdcc-build/orig/sdcc/src/pic14/gen.c:2520:genEndFunction *{*
                      00587 ;; ***  genEndFunction  2522
                      00588 ;return
                      00589 ;       .line   469; "../../../src/print.c"     }
0000   0008           00590         RETURN          ;id=204,key=000,inCond:10,outCond:e,flow seq=014
                      00591 ;<>Start of new flow, seq=0x15
                      00592 ;  from: ; to: 
                      00593 ; exit point of _print_reading
                      00594 ;;; /home/sdcc-builder/build/sdcc-build/orig/sdcc/src/pic14/gen.c:7535:genpic14Code *{*
                      00595 
                      00596 ;***
                      00597 ;  pBlock Stats: dbName = C
                      00598 ;***
                      00599 ;has an exit
                      00600 ;; Starting pCode block
                      00601 ;<>Start of new flow, seq=0x16 ancestor = 0x16
                      00602 ;  from: ; to: 
                      00603 ;;; /home/sdcc-builder/build/sdcc-build/orig/sdcc/src/pic14/gen.c:2308:resultRemat *{*
                      00604 ;;; /home/sdcc-builder/build/sdcc-build/orig/sdcc/src/pic14/gen.c:2752:genLabel *{*
                      00605 ;; ***  genLabel  2755
                      00606 ;;; /home/sdcc-builder/build/sdcc-build/orig/sdcc/src/pic14/gen.c:2308:resultRemat *{*
                      00607 ;;; /home/sdcc-builder/build/sdcc-build/orig/sdcc/src/pic14/gen.c:2332:genFunction *{*
                      00608 ;; ***  genFunction  2334 curr label offset=8previous max_key=0 
                      00609 ;;      -----------------------------------------
                      00610 ;;       function print_unit
                      00611 ;;      -----------------------------------------
                      00612 ;_print_unit:
                      00613 S_print__print_unit     code
0000                  00614 _print_unit:
                      00615 ; 2 exit points
                      00616 ;;; /home/sdcc-builder/build/sdcc-build/orig/sdcc/src/pic14/gen.c:2308:resultRemat *{*
                      00617 ;;; /home/sdcc-builder/build/sdcc-build/orig/sdcc/src/pic14/gen.c:2752:genLabel *{*
                      00618 ;; ***  genLabel  2755
                      00619 ;_00113_DS_:
                      00620 ;;; /home/sdcc-builder/build/sdcc-build/orig/sdcc/src/pic14/gen.c:2308:resultRemat *{*
                      00621 ;;; /home/sdcc-builder/build/sdcc-build/orig/sdcc/src/pic14/gen.c:2520:genEndFunction *{*
                      00622 ;; ***  genEndFunction  2522
                      00623 ;return
                      00624 ;       .line   430; "../../../src/print.c"     }
gpasm-1.5.2 #0 (Sep 16 2019) build/default/pr   9-16-2019  10:40:44         PAGE 13


LOC    OBJECT CODE    LINE  SOURCE TEXT
  VALUE

0000   0008           00625         RETURN          ;id=178,key=000,inCond:10,outCond:e,flow seq=016
                      00626 ;<>Start of new flow, seq=0x17
                      00627 ;  from: ; to: 
                      00628 ; exit point of _print_unit
                      00629 ;;; /home/sdcc-builder/build/sdcc-build/orig/sdcc/src/pic14/gen.c:7535:genpic14Code *{*
                      00630 
                      00631 ;***
                      00632 ;  pBlock Stats: dbName = C
                      00633 ;***
                      00634 ;has an exit
                      00635 ;; Starting pCode block
                      00636 ;<>Start of new flow, seq=0x18 ancestor = 0x18
                      00637 ;  from: ; to: 
                      00638 ;;; /home/sdcc-builder/build/sdcc-build/orig/sdcc/src/pic14/gen.c:2308:resultRemat *{*
                      00639 ;;; /home/sdcc-builder/build/sdcc-build/orig/sdcc/src/pic14/gen.c:2752:genLabel *{*
                      00640 ;; ***  genLabel  2755
                      00641 ;;; /home/sdcc-builder/build/sdcc-build/orig/sdcc/src/pic14/gen.c:2308:resultRemat *{*
                      00642 ;;; /home/sdcc-builder/build/sdcc-build/orig/sdcc/src/pic14/gen.c:2332:genFunction *{*
                      00643 ;; ***  genFunction  2334 curr label offset=4previous max_key=0 
                      00644 ;;      -----------------------------------------
                      00645 ;;       function print_digit
                      00646 ;;      -----------------------------------------
                      00647 ;_print_digit:
                      00648 S_print__print_digit    code
0000                  00649 _print_digit:
                      00650 ; 2 exit points
                      00651 ;;; /home/sdcc-builder/build/sdcc-build/orig/sdcc/src/pic14/gen.c:2308:resultRemat *{*
                      00652 ;;; /home/sdcc-builder/build/sdcc-build/orig/sdcc/src/pic14/gen.c:2752:genLabel *{*
                      00653 ;; ***  genLabel  2755
                      00654 ;_00109_DS_:
                      00655 ;;; /home/sdcc-builder/build/sdcc-build/orig/sdcc/src/pic14/gen.c:2308:resultRemat *{*
                      00656 ;;; /home/sdcc-builder/build/sdcc-build/orig/sdcc/src/pic14/gen.c:2520:genEndFunction *{*
                      00657 ;; ***  genEndFunction  2522
                      00658 ;return
                      00659 ;       .line   408; "../../../src/print.c"     }
0000   0008           00660         RETURN          ;id=152,key=000,inCond:10,outCond:e,flow seq=018
                      00661 ;<>Start of new flow, seq=0x19
                      00662 ;  from: ; to: 
                      00663 ; exit point of _print_digit
                      00664 ;;; /home/sdcc-builder/build/sdcc-build/orig/sdcc/src/pic14/gen.c:7535:genpic14Code *{*
                      00665 
                      00666 ;***
                      00667 ;  pBlock Stats: dbName = C
                      00668 ;***
                      00669 ;has an exit
                      00670 ;; Starting pCode block
                      00671 ;<>Start of new flow, seq=0x1a ancestor = 0x1a
                      00672 ;  from: ; to: 
                      00673 ;;; /home/sdcc-builder/build/sdcc-build/orig/sdcc/src/pic14/gen.c:2308:resultRemat *{*
                      00674 ;;; /home/sdcc-builder/build/sdcc-build/orig/sdcc/src/pic14/gen.c:2752:genLabel *{*
                      00675 ;; ***  genLabel  2755
                      00676 ;;; /home/sdcc-builder/build/sdcc-build/orig/sdcc/src/pic14/gen.c:2308:resultRemat *{*
                      00677 ;;; /home/sdcc-builder/build/sdcc-build/orig/sdcc/src/pic14/gen.c:2332:genFunction *{*
gpasm-1.5.2 #0 (Sep 16 2019) build/default/pr   9-16-2019  10:40:44         PAGE 14


LOC    OBJECT CODE    LINE  SOURCE TEXT
  VALUE

                      00678 ;; ***  genFunction  2334 curr label offset=0previous max_key=0 
                      00679 ;;      -----------------------------------------
                      00680 ;;       function lcd_put
                      00681 ;;      -----------------------------------------
                      00682 ;_lcd_put:
                      00683 S_print__lcd_put        code
0000                  00684 _lcd_put:
                      00685 ; 2 exit points
                      00686 ;;; /home/sdcc-builder/build/sdcc-build/orig/sdcc/src/pic14/gen.c:2308:resultRemat *{*
                      00687 ;;; /home/sdcc-builder/build/sdcc-build/orig/sdcc/src/pic14/gen.c:2752:genLabel *{*
                      00688 ;; ***  genLabel  2755
                      00689 ;_00105_DS_:
                      00690 ;;; /home/sdcc-builder/build/sdcc-build/orig/sdcc/src/pic14/gen.c:2308:resultRemat *{*
                      00691 ;;; /home/sdcc-builder/build/sdcc-build/orig/sdcc/src/pic14/gen.c:2520:genEndFunction *{*
                      00692 ;; ***  genEndFunction  2522
                      00693 ;return
                      00694 ;       .line   39; "../../../src/print.c"      }
0000   0008           00695         RETURN          ;id=126,key=000,inCond:10,outCond:e,flow seq=01a
                      00696 ;<>Start of new flow, seq=0x1b
                      00697 ;  from: ; to: 
                      00698 ; exit point of _lcd_put
                      00699 ;;; /home/sdcc-builder/build/sdcc-build/orig/sdcc/src/pic14/gen.c:7535:genpic14Code *{*
                      00700 
                      00701 
                      00702 ;       code size estimation:
                      00703 ;          43+    8 =    51 instructions (  118 byte)
                      00704 
                      00705         end
gpasm-1.5.2 #0 (Sep 16 2019) build/default/pr   9-16-2019  10:40:44         PAGE 15


SYMBOL TABLE
  LABEL                              TYPE        VALUE         VALUE          VALUE
                                                 (hex)         (dec)          (text)

ACKDT                             CONSTANT      00000005              5
ACKEN                             CONSTANT      00000004              4
ACKSTAT                           CONSTANT      00000006              6
ADCON0                            CONSTANT      0000001F             31
ADCON1                            CONSTANT      0000009F            159
ADCS0                             CONSTANT      00000006              6
ADCS1                             CONSTANT      00000007              7
ADCS2                             CONSTANT      00000006              6
ADDEN                             CONSTANT      00000003              3
ADFM                              CONSTANT      00000007              7
ADIE                              CONSTANT      00000006              6
ADIF                              CONSTANT      00000006              6
ADON                              CONSTANT      00000000              0
ADRESH                            CONSTANT      0000001E             30
ADRESL                            CONSTANT      0000009E            158
BCLIE                             CONSTANT      00000003              3
BCLIF                             CONSTANT      00000003              3
BF                                CONSTANT      00000000              0
BRGH                              CONSTANT      00000002              2
C                                 CONSTANT      00000000              0
C1INV                             CONSTANT      00000004              4
C1OUT                             CONSTANT      00000006              6
C2INV                             CONSTANT      00000005              5
C2OUT                             CONSTANT      00000007              7
CCP1CON                           CONSTANT      00000017             23
CCP1IE                            CONSTANT      00000002              2
CCP1IF                            CONSTANT      00000002              2
CCP1M0                            CONSTANT      00000000              0
CCP1M1                            CONSTANT      00000001              1
CCP1M2                            CONSTANT      00000002              2
CCP1M3                            CONSTANT      00000003              3
CCP1X                             CONSTANT      00000005              5
CCP1Y                             CONSTANT      00000004              4
CCP2CON                           CONSTANT      0000001D             29
CCP2IE                            CONSTANT      00000000              0
CCP2IF                            CONSTANT      00000000              0
CCP2M0                            CONSTANT      00000000              0
CCP2M1                            CONSTANT      00000001              1
CCP2M2                            CONSTANT      00000002              2
CCP2M3                            CONSTANT      00000003              3
CCP2X                             CONSTANT      00000005              5
CCP2Y                             CONSTANT      00000004              4
CCPR1                             CONSTANT      00000015             21
CCPR1H                            CONSTANT      00000016             22
CCPR1L                            CONSTANT      00000015             21
CCPR2                             CONSTANT      0000001B             27
CCPR2H                            CONSTANT      0000001C             28
CCPR2L                            CONSTANT      0000001B             27
CHS0                              CONSTANT      00000003              3
CHS1                              CONSTANT      00000004              4
CHS2                              CONSTANT      00000005              5
CIS                               CONSTANT      00000003              3
gpasm-1.5.2 #0 (Sep 16 2019) build/default/pr   9-16-2019  10:40:44         PAGE 16


SYMBOL TABLE
  LABEL                              TYPE        VALUE         VALUE          VALUE
                                                 (hex)         (dec)          (text)

CKE                               CONSTANT      00000006              6
CKP                               CONSTANT      00000004              4
CM0                               CONSTANT      00000000              0
CM1                               CONSTANT      00000001              1
CM2                               CONSTANT      00000002              2
CMCON                             CONSTANT      0000009C            156
CMIE                              CONSTANT      00000006              6
CMIF                              CONSTANT      00000006              6
CREN                              CONSTANT      00000004              4
CSRC                              CONSTANT      00000007              7
CVR0                              CONSTANT      00000000              0
CVR1                              CONSTANT      00000001              1
CVR2                              CONSTANT      00000002              2
CVR3                              CONSTANT      00000003              3
CVRCON                            CONSTANT      0000009D            157
CVREN                             CONSTANT      00000007              7
CVROE                             CONSTANT      00000006              6
CVRR                              CONSTANT      00000005              5
D                                 CONSTANT      00000005              5
DATA_ADDRESS                      CONSTANT      00000005              5
DC                                CONSTANT      00000001              1
D_A                               CONSTANT      00000005              5
D_NOT_A                           CONSTANT      00000005              5
EEADR                             CONSTANT      0000010D            269
EEADRH                            CONSTANT      0000010F            271
EECON1                            CONSTANT      0000018C            396
EECON2                            CONSTANT      0000018D            397
EEDATA                            CONSTANT      0000010C            268
EEDATH                            CONSTANT      0000010E            270
EEIE                              CONSTANT      00000004              4
EEIF                              CONSTANT      00000004              4
EEPGD                             CONSTANT      00000007              7
F                                 CONSTANT      00000001              1
FERR                              CONSTANT      00000002              2
FSR                               CONSTANT      00000004              4
GCEN                              CONSTANT      00000007              7
GIE                               CONSTANT      00000007              7
GO                                CONSTANT      00000002              2
GO_DONE                           CONSTANT      00000002              2
GO_NOT_DONE                       CONSTANT      00000002              2
I2C_DATA                          CONSTANT      00000005              5
I2C_READ                          CONSTANT      00000002              2
I2C_START                         CONSTANT      00000003              3
I2C_STOP                          CONSTANT      00000004              4
INDF                              CONSTANT      00000000              0
INTCON                            CONSTANT      0000000B             11
INTE                              CONSTANT      00000004              4
INTEDG                            CONSTANT      00000006              6
INTF                              CONSTANT      00000001              1
IRP                               CONSTANT      00000007              7
NOT_A                             CONSTANT      00000005              5
NOT_ADDRESS                       CONSTANT      00000005              5
gpasm-1.5.2 #0 (Sep 16 2019) build/default/pr   9-16-2019  10:40:44         PAGE 17


SYMBOL TABLE
  LABEL                              TYPE        VALUE         VALUE          VALUE
                                                 (hex)         (dec)          (text)

NOT_BO                            CONSTANT      00000000              0
NOT_BOR                           CONSTANT      00000000              0
NOT_DONE                          CONSTANT      00000002              2
NOT_PD                            CONSTANT      00000003              3
NOT_POR                           CONSTANT      00000001              1
NOT_RBPU                          CONSTANT      00000007              7
NOT_RC8                           CONSTANT      00000006              6
NOT_T1SYNC                        CONSTANT      00000002              2
NOT_TO                            CONSTANT      00000004              4
NOT_TX8                           CONSTANT      00000006              6
NOT_W                             CONSTANT      00000002              2
NOT_WRITE                         CONSTANT      00000002              2
OERR                              CONSTANT      00000001              1
OPTION_REG                        CONSTANT      00000081            129
P                                 CONSTANT      00000004              4
PCFG0                             CONSTANT      00000000              0
PCFG1                             CONSTANT      00000001              1
PCFG2                             CONSTANT      00000002              2
PCFG3                             CONSTANT      00000003              3
PCL                               CONSTANT      00000002              2
PCLATH                            CONSTANT      0000000A             10
PCON                              CONSTANT      0000008E            142
PEIE                              CONSTANT      00000006              6
PEN                               CONSTANT      00000002              2
PIE1                              CONSTANT      0000008C            140
PIE2                              CONSTANT      0000008D            141
PIR1                              CONSTANT      0000000C             12
PIR2                              CONSTANT      0000000D             13
PORTA                             CONSTANT      00000005              5
PORTB                             CONSTANT      00000006              6
PORTC                             CONSTANT      00000007              7
PR2                               CONSTANT      00000092            146
PS0                               CONSTANT      00000000              0
PS1                               CONSTANT      00000001              1
PS2                               CONSTANT      00000002              2
PSA                               CONSTANT      00000003              3
PSAVE                             EXTERNAL      00000000              0
R                                 CONSTANT      00000002              2
RA0                               CONSTANT      00000000              0
RA1                               CONSTANT      00000001              1
RA2                               CONSTANT      00000002              2
RA3                               CONSTANT      00000003              3
RA4                               CONSTANT      00000004              4
RA5                               CONSTANT      00000005              5
RB0                               CONSTANT      00000000              0
RB1                               CONSTANT      00000001              1
RB2                               CONSTANT      00000002              2
RB3                               CONSTANT      00000003              3
RB4                               CONSTANT      00000004              4
RB5                               CONSTANT      00000005              5
RB6                               CONSTANT      00000006              6
RB7                               CONSTANT      00000007              7
gpasm-1.5.2 #0 (Sep 16 2019) build/default/pr   9-16-2019  10:40:44         PAGE 18


SYMBOL TABLE
  LABEL                              TYPE        VALUE         VALUE          VALUE
                                                 (hex)         (dec)          (text)

RBIE                              CONSTANT      00000003              3
RBIF                              CONSTANT      00000000              0
RC0                               CONSTANT      00000000              0
RC1                               CONSTANT      00000001              1
RC2                               CONSTANT      00000002              2
RC3                               CONSTANT      00000003              3
RC4                               CONSTANT      00000004              4
RC5                               CONSTANT      00000005              5
RC6                               CONSTANT      00000006              6
RC7                               CONSTANT      00000007              7
RC8_9                             CONSTANT      00000006              6
RC9                               CONSTANT      00000006              6
RCD8                              CONSTANT      00000000              0
RCEN                              CONSTANT      00000003              3
RCIE                              CONSTANT      00000005              5
RCIF                              CONSTANT      00000005              5
RCREG                             CONSTANT      0000001A             26
RCSTA                             CONSTANT      00000018             24
RD                                CONSTANT      00000000              0
READ_WRITE                        CONSTANT      00000002              2
RP0                               CONSTANT      00000005              5
RP1                               CONSTANT      00000006              6
RSEN                              CONSTANT      00000001              1
RX9                               CONSTANT      00000006              6
RX9D                              CONSTANT      00000000              0
R_NOT_W                           CONSTANT      00000002              2
R_W                               CONSTANT      00000002              2
S                                 CONSTANT      00000003              3
SEN                               CONSTANT      00000000              0
SMP                               CONSTANT      00000007              7
SPBRG                             CONSTANT      00000099            153
SPEN                              CONSTANT      00000007              7
SREN                              CONSTANT      00000005              5
SSAVE                             EXTERNAL      00000000              0
SSPADD                            CONSTANT      00000093            147
SSPBUF                            CONSTANT      00000013             19
SSPCON                            CONSTANT      00000014             20
SSPCON2                           CONSTANT      00000091            145
SSPEN                             CONSTANT      00000005              5
SSPIE                             CONSTANT      00000003              3
SSPIF                             CONSTANT      00000003              3
SSPM0                             CONSTANT      00000000              0
SSPM1                             CONSTANT      00000001              1
SSPM2                             CONSTANT      00000002              2
SSPM3                             CONSTANT      00000003              3
SSPOV                             CONSTANT      00000006              6
SSPSTAT                           CONSTANT      00000094            148
STATUS                            CONSTANT      00000003              3
STK00                             EXTERNAL      00000000              0
STK01                             EXTERNAL      00000000              0
STK02                             EXTERNAL      00000000              0
STK03                             EXTERNAL      00000000              0
gpasm-1.5.2 #0 (Sep 16 2019) build/default/pr   9-16-2019  10:40:44         PAGE 19


SYMBOL TABLE
  LABEL                              TYPE        VALUE         VALUE          VALUE
                                                 (hex)         (dec)          (text)

STK04                             EXTERNAL      00000000              0
STK05                             EXTERNAL      00000000              0
STK06                             EXTERNAL      00000000              0
STK07                             EXTERNAL      00000000              0
STK08                             EXTERNAL      00000000              0
STK09                             EXTERNAL      00000000              0
STK10                             EXTERNAL      00000000              0
STK11                             EXTERNAL      00000000              0
STK12                             EXTERNAL      00000000              0
SYNC                              CONSTANT      00000004              4
T0CS                              CONSTANT      00000005              5
T0IE                              CONSTANT      00000005              5
T0IF                              CONSTANT      00000002              2
T0SE                              CONSTANT      00000004              4
T1CKPS0                           CONSTANT      00000004              4
T1CKPS1                           CONSTANT      00000005              5
T1CON                             CONSTANT      00000010             16
T1INSYNC                          CONSTANT      00000002              2
T1OSCEN                           CONSTANT      00000003              3
T1SYNC                            CONSTANT      00000002              2
T2CKPS0                           CONSTANT      00000000              0
T2CKPS1                           CONSTANT      00000001              1
T2CON                             CONSTANT      00000012             18
TMR0                              CONSTANT      00000001              1
TMR0IE                            CONSTANT      00000005              5
TMR0IF                            CONSTANT      00000002              2
TMR1                              CONSTANT      0000000E             14
TMR1CS                            CONSTANT      00000001              1
TMR1H                             CONSTANT      0000000F             15
TMR1IE                            CONSTANT      00000000              0
TMR1IF                            CONSTANT      00000000              0
TMR1L                             CONSTANT      0000000E             14
TMR1ON                            CONSTANT      00000000              0
TMR2                              CONSTANT      00000011             17
TMR2IE                            CONSTANT      00000001              1
TMR2IF                            CONSTANT      00000001              1
TMR2ON                            CONSTANT      00000002              2
TOUTPS0                           CONSTANT      00000003              3
TOUTPS1                           CONSTANT      00000004              4
TOUTPS2                           CONSTANT      00000005              5
TOUTPS3                           CONSTANT      00000006              6
TRISA                             CONSTANT      00000085            133
TRISA0                            CONSTANT      00000000              0
TRISA1                            CONSTANT      00000001              1
TRISA2                            CONSTANT      00000002              2
TRISA3                            CONSTANT      00000003              3
TRISA4                            CONSTANT      00000004              4
TRISA5                            CONSTANT      00000005              5
TRISB                             CONSTANT      00000086            134
TRISB0                            CONSTANT      00000000              0
TRISB1                            CONSTANT      00000001              1
TRISB2                            CONSTANT      00000002              2
gpasm-1.5.2 #0 (Sep 16 2019) build/default/pr   9-16-2019  10:40:44         PAGE 20


SYMBOL TABLE
  LABEL                              TYPE        VALUE         VALUE          VALUE
                                                 (hex)         (dec)          (text)

TRISB3                            CONSTANT      00000003              3
TRISB4                            CONSTANT      00000004              4
TRISB5                            CONSTANT      00000005              5
TRISB6                            CONSTANT      00000006              6
TRISB7                            CONSTANT      00000007              7
TRISC                             CONSTANT      00000087            135
TRISC0                            CONSTANT      00000000              0
TRISC1                            CONSTANT      00000001              1
TRISC2                            CONSTANT      00000002              2
TRISC3                            CONSTANT      00000003              3
TRISC4                            CONSTANT      00000004              4
TRISC5                            CONSTANT      00000005              5
TRISC6                            CONSTANT      00000006              6
TRISC7                            CONSTANT      00000007              7
TRMT                              CONSTANT      00000001              1
TX8_9                             CONSTANT      00000006              6
TX9                               CONSTANT      00000006              6
TX9D                              CONSTANT      00000000              0
TXD8                              CONSTANT      00000000              0
TXEN                              CONSTANT      00000005              5
TXIE                              CONSTANT      00000004              4
TXIF                              CONSTANT      00000004              4
TXREG                             CONSTANT      00000019             25
TXSTA                             CONSTANT      00000098            152
UA                                CONSTANT      00000001              1
W                                 CONSTANT      00000000              0
WCOL                              CONSTANT      00000007              7
WR                                CONSTANT      00000001              1
WREN                              CONSTANT      00000002              2
WRERR                             CONSTANT      00000003              3
WSAVE                             EXTERNAL      00000000              0
Z                                 CONSTANT      00000002              2
_00131_DS_                        ADDRESS       00000009              9
_00133_DS_                        ADDRESS       00000034             52
_ADCON0                           EXTERNAL      00000000              0
_ADCON0bits                       EXTERNAL      00000000              0
_ADCON1                           EXTERNAL      00000000              0
_ADCON1bits                       EXTERNAL      00000000              0
_ADRESH                           EXTERNAL      00000000              0
_ADRESL                           EXTERNAL      00000000              0
_BODEN_OFF                        CONSTANT      00003FBF          16319
_BODEN_ON                         CONSTANT      00003FFF          16383
_BOREN_OFF                        CONSTANT      00003FBF          16319
_BOREN_ON                         CONSTANT      00003FFF          16383
_CCP1CON                          EXTERNAL      00000000              0
_CCP1CONbits                      EXTERNAL      00000000              0
_CCP2CON                          EXTERNAL      00000000              0
_CCP2CONbits                      EXTERNAL      00000000              0
_CCPR1                            EXTERNAL      00000000              0
_CCPR1H                           EXTERNAL      00000000              0
_CCPR1L                           EXTERNAL      00000000              0
_CCPR2                            EXTERNAL      00000000              0
gpasm-1.5.2 #0 (Sep 16 2019) build/default/pr   9-16-2019  10:40:44         PAGE 21


SYMBOL TABLE
  LABEL                              TYPE        VALUE         VALUE          VALUE
                                                 (hex)         (dec)          (text)

_CCPR2H                           EXTERNAL      00000000              0
_CCPR2L                           EXTERNAL      00000000              0
_CMCON                            EXTERNAL      00000000              0
_CMCONbits                        EXTERNAL      00000000              0
_CONFIG                           CONSTANT      00002007           8199
_CPD_OFF                          CONSTANT      00003FFF          16383
_CPD_ON                           CONSTANT      00003EFF          16127
_CP_ALL                           CONSTANT      00001FFF           8191
_CP_OFF                           CONSTANT      00003FFF          16383
_CP_ON                            CONSTANT      00001FFF           8191
_CVRCON                           EXTERNAL      00000000              0
_CVRCONbits                       EXTERNAL      00000000              0
_DEBUG_OFF                        CONSTANT      00003FFF          16383
_DEBUG_ON                         CONSTANT      000037FF          14335
_DEVID1                           CONSTANT      00002006           8198
_EEADR                            EXTERNAL      00000000              0
_EEADRH                           EXTERNAL      00000000              0
_EECON1                           EXTERNAL      00000000              0
_EECON1bits                       EXTERNAL      00000000              0
_EECON2                           EXTERNAL      00000000              0
_EEDATA                           EXTERNAL      00000000              0
_EEDATH                           EXTERNAL      00000000              0
_FOSC_EXTRC                       CONSTANT      00003FFF          16383
_FOSC_HS                          CONSTANT      00003FFE          16382
_FOSC_LP                          CONSTANT      00003FFC          16380
_FOSC_XT                          CONSTANT      00003FFD          16381
_FSR                              EXTERNAL      00000000              0
_HS_OSC                           CONSTANT      00003FFE          16382
_IDLOC0                           CONSTANT      00002000           8192
_IDLOC1                           CONSTANT      00002001           8193
_IDLOC2                           CONSTANT      00002002           8194
_IDLOC3                           CONSTANT      00002003           8195
_INDF                             EXTERNAL      00000000              0
_INTCON                           EXTERNAL      00000000              0
_INTCONbits                       EXTERNAL      00000000              0
_LP_OSC                           CONSTANT      00003FFC          16380
_LVP_OFF                          CONSTANT      00003F7F          16255
_LVP_ON                           CONSTANT      00003FFF          16383
_OPTION_REG                       EXTERNAL      00000000              0
_OPTION_REGbits                   EXTERNAL      00000000              0
_PCL                              EXTERNAL      00000000              0
_PCLATH                           EXTERNAL      00000000              0
_PCON                             EXTERNAL      00000000              0
_PCONbits                         EXTERNAL      00000000              0
_PIE1                             EXTERNAL      00000000              0
_PIE1bits                         EXTERNAL      00000000              0
_PIE2                             EXTERNAL      00000000              0
_PIE2bits                         EXTERNAL      00000000              0
_PIR1                             EXTERNAL      00000000              0
_PIR1bits                         EXTERNAL      00000000              0
_PIR2                             EXTERNAL      00000000              0
_PIR2bits                         EXTERNAL      00000000              0
gpasm-1.5.2 #0 (Sep 16 2019) build/default/pr   9-16-2019  10:40:44         PAGE 22


SYMBOL TABLE
  LABEL                              TYPE        VALUE         VALUE          VALUE
                                                 (hex)         (dec)          (text)

_PORTA                            EXTERNAL      00000000              0
_PORTAbits                        EXTERNAL      00000000              0
_PORTB                            EXTERNAL      00000000              0
_PORTBbits                        EXTERNAL      00000000              0
_PORTC                            EXTERNAL      00000000              0
_PORTCbits                        EXTERNAL      00000000              0
_PR2                              EXTERNAL      00000000              0
_PWRTE_OFF                        CONSTANT      00003FFF          16383
_PWRTE_ON                         CONSTANT      00003FF7          16375
_RCREG                            EXTERNAL      00000000              0
_RCSTA                            EXTERNAL      00000000              0
_RCSTAbits                        EXTERNAL      00000000              0
_RC_OSC                           CONSTANT      00003FFF          16383
_SPBRG                            EXTERNAL      00000000              0
_SSPADD                           EXTERNAL      00000000              0
_SSPBUF                           EXTERNAL      00000000              0
_SSPCON                           EXTERNAL      00000000              0
_SSPCON2                          EXTERNAL      00000000              0
_SSPCON2bits                      EXTERNAL      00000000              0
_SSPCONbits                       EXTERNAL      00000000              0
_SSPSTAT                          EXTERNAL      00000000              0
_SSPSTATbits                      EXTERNAL      00000000              0
_STATUS                           EXTERNAL      00000000              0
_STATUSbits                       EXTERNAL      00000000              0
_S_print__put_str_0020            ADDRESS       00000020             32
_S_print__put_str_002C            ADDRESS       0000002C             44
_T1CON                            EXTERNAL      00000000              0
_T1CONbits                        EXTERNAL      00000000              0
_T2CON                            EXTERNAL      00000000              0
_T2CONbits                        EXTERNAL      00000000              0
_TMR0                             EXTERNAL      00000000              0
_TMR1                             EXTERNAL      00000000              0
_TMR1H                            EXTERNAL      00000000              0
_TMR1L                            EXTERNAL      00000000              0
_TMR2                             EXTERNAL      00000000              0
_TRISA                            EXTERNAL      00000000              0
_TRISAbits                        EXTERNAL      00000000              0
_TRISB                            EXTERNAL      00000000              0
_TRISBbits                        EXTERNAL      00000000              0
_TRISC                            EXTERNAL      00000000              0
_TRISCbits                        EXTERNAL      00000000              0
_TXREG                            EXTERNAL      00000000              0
_TXSTA                            EXTERNAL      00000000              0
_TXSTAbits                        EXTERNAL      00000000              0
_WDTE_OFF                         CONSTANT      00003FFB          16379
_WDTE_ON                          CONSTANT      00003FFF          16383
_WDT_OFF                          CONSTANT      00003FFB          16379
_WDT_ON                           CONSTANT      00003FFF          16383
_WRT_1FOURTH                      CONSTANT      00003BFF          15359
_WRT_256                          CONSTANT      00003DFF          15871
_WRT_HALF                         CONSTANT      000039FF          14847
_WRT_OFF                          CONSTANT      00003FFF          16383
gpasm-1.5.2 #0 (Sep 16 2019) build/default/pr   9-16-2019  10:40:44         PAGE 23


SYMBOL TABLE
  LABEL                              TYPE        VALUE         VALUE          VALUE
                                                 (hex)         (dec)          (text)

_XT_OSC                           CONSTANT      00003FFD          16381
__14_BIT                          CONSTANT      00000001              1
__16F876A                         CONSTANT      00000001              1
__ACTIVE_BANK_ADDR                VARIABLE      FFFFFFFF             -1
__ACTIVE_PAGE_ADDR                VARIABLE      FFFFFFFF             -1
__ASSUMED_BANK_ADDR               VARIABLE      FFFFFFFF             -1
__BANK_0                          CONSTANT      00000000              0
__BANK_1                          CONSTANT      00000080            128
__BANK_2                          CONSTANT      00000100            256
__BANK_3                          CONSTANT      00000180            384
__BANK_BITS                       CONSTANT      00000180            384
__BANK_FIRST                      CONSTANT      00000000              0
__BANK_INV                        CONSTANT      FFFFFFFF             -1
__BANK_LAST                       CONSTANT      00000180            384
__BANK_MASK                       CONSTANT      0000007F            127
__BANK_SHIFT                      CONSTANT      00000007              7
__BANK_SIZE                       CONSTANT      00000080            128
__CODE_END                        CONSTANT      00001FFF           8191
__CODE_START                      CONSTANT      00000000              0
__COMMON_RAM_END                  CONSTANT      0000007F            127
__COMMON_RAM_START                CONSTANT      00000070            112
__CONFIG_END                      CONSTANT      00002007           8199
__CONFIG_START                    CONSTANT      00002007           8199
__EEPROM_END                      CONSTANT      000021FF           8703
__EEPROM_START                    CONSTANT      00002100           8448
__GPUTILS_SVN_VERSION             CONSTANT      00000000              0
__GPUTILS_VERSION_MAJOR           CONSTANT      00000001              1
__GPUTILS_VERSION_MICRO           CONSTANT      00000002              2
__GPUTILS_VERSION_MINOR           CONSTANT      00000005              5
__IDLOCS_END                      CONSTANT      00002003           8195
__IDLOCS_START                    CONSTANT      00002000           8192
__NUM_BANKS                       CONSTANT      00000004              4
__NUM_PAGES                       CONSTANT      00000004              4
__PAGE_0                          CONSTANT      00000000              0
__PAGE_1                          CONSTANT      00000800           2048
__PAGE_2                          CONSTANT      00001000           4096
__PAGE_3                          CONSTANT      00001800           6144
__PAGE_BITS                       CONSTANT      00001800           6144
__PAGE_FIRST                      CONSTANT      00000000              0
__PAGE_INV                        CONSTANT      FFFFFFFF             -1
__PAGE_LAST                       CONSTANT      00001800           6144
__PAGE_MASK                       CONSTANT      000007FF           2047
__PAGE_SHIFT                      CONSTANT      0000000B             11
__PAGE_SIZE                       CONSTANT      00000800           2048
__VECTOR_INT                      CONSTANT      00000004              4
__VECTOR_RESET                    CONSTANT      00000000              0
__WHILE_LOOP_COUNT_MAX            CONSTANT      000000FF            255
___fs2schar                       EXTERNAL      00000000              0
___fs2sint                        EXTERNAL      00000000              0
___fs2slong                       EXTERNAL      00000000              0
___fs2uchar                       EXTERNAL      00000000              0
___fs2uint                        EXTERNAL      00000000              0
gpasm-1.5.2 #0 (Sep 16 2019) build/default/pr   9-16-2019  10:40:44         PAGE 24


SYMBOL TABLE
  LABEL                              TYPE        VALUE         VALUE          VALUE
                                                 (hex)         (dec)          (text)

___fs2ulong                       EXTERNAL      00000000              0
___fsadd                          EXTERNAL      00000000              0
___fsdiv                          EXTERNAL      00000000              0
___fseq                           EXTERNAL      00000000              0
___fsgt                           EXTERNAL      00000000              0
___fslt                           EXTERNAL      00000000              0
___fsmul                          EXTERNAL      00000000              0
___fssub                          EXTERNAL      00000000              0
___schar2fs                       EXTERNAL      00000000              0
___sint2fs                        EXTERNAL      00000000              0
___slong2fs                       EXTERNAL      00000000              0
___uchar2fs                       EXTERNAL      00000000              0
___uint2fs                        EXTERNAL      00000000              0
___ulong2fs                       EXTERNAL      00000000              0
__gptrget1                        EXTERNAL      00000000              0
_buffer                           EXTERNAL      00000000              0
_buffer_flush                     EXTERNAL      00000000              0
_buffer_init                      EXTERNAL      00000000              0
_buffer_put                       EXTERNAL      00000000              0
_buffer_putch                     EXTERNAL      00000000              0
_buffer_puts                      EXTERNAL      00000000              0
_format_double                    EXTERNAL      00000000              0
_format_number                    EXTERNAL      00000000              0
_format_xint32                    EXTERNAL      00000000              0
_indicator                        GLOBAL        00000000              0
_lcd_put                          GLOBAL        00000000              0
_lcd_puts                         EXTERNAL      00000000              0
_logo_image                       EXTERNAL      00000000              0
_output_putch                     GLOBAL        00000000              0
_print_digit                      GLOBAL        00000000              0
_print_print_float                EXTERNAL      00000000              0
_print_reading                    GLOBAL        00000000              0
_print_unit                       GLOBAL        00000000              0
_put_str                          GLOBAL        00000000              0
_putchar_ptr                      EXTERNAL      00000000              0
_uart_brg                         EXTERNAL      00000000              0
_uart_disable                     EXTERNAL      00000000              0
_uart_enable                      EXTERNAL      00000000              0
_uart_getch                       EXTERNAL      00000000              0
_uart_init                        EXTERNAL      00000000              0
_uart_isr                         EXTERNAL      00000000              0
_uart_poll                        EXTERNAL      00000000              0
_uart_putch                       EXTERNAL      00000000              0
_uart_puts                        EXTERNAL      00000000              0
_uart_puts2                       EXTERNAL      00000000              0
r0x1000                           STATIC        00000002              2
r0x1001                           STATIC        00000001              1
r0x1002                           STATIC        00000000              0
r0x1003                           STATIC        00000003              3
r0x1004                           STATIC        00000004              4
r0x1005                           STATIC        00000005              5
r0x1006                           STATIC        00000006              6
gpasm-1.5.2 #0 (Sep 16 2019) build/default/pr   9-16-2019  10:40:44         PAGE 25


SYMBOL TABLE
  LABEL                              TYPE        VALUE         VALUE          VALUE
                                                 (hex)         (dec)          (text)

r0x1007                           STATIC        00000007              7
r0x1008                           STATIC        00000008              8

Errors   :     0
Warnings :     0 reported,     0 suppressed
Messages :     0 reported,     0 suppressed

