gpasm-1.5.0 #1285 (Jul 12 2020) obj/sdcc-16f8   11/12/23  13:12:37          PAGE  1


LOC    OBJECT CODE    LINE  SOURCE TEXT
  VALUE

                      00001 ;--------------------------------------------------------
                      00002 ; File Created by SDCC : free open source ANSI-C Compiler
                      00003 ; Version 4.2.0 #13081 (Linux)
                      00004 ;--------------------------------------------------------
                      00005 ; PIC port for the 14-bit core
                      00006 ;--------------------------------------------------------
                      00007 ;       .file   "lib/delay.c"
                      00008         list    p=16f876a
                      00009         radix dec
                      00010         include "p16f876a.inc"
                      00001         LIST
                      00002 
                      00003 ;==========================================================================
                      00004 ; Build date : Oct 21 2015
                      00005 ;  MPASM PIC16F876A processor include
                      00006 ; 
                      00007 ;  (c) Copyright 1999-2015 Microchip Technology, All rights reserved
                      00008 ;==========================================================================
                      00009 
                      00525         LIST
                      00011 ;--------------------------------------------------------
                      00012 ; external declarations
                      00013 ;--------------------------------------------------------
                      00014 
  0000                00015         extern PSAVE
  0000                00016         extern SSAVE
  0000                00017         extern WSAVE
  0000                00018         extern STK12
  0000                00019         extern STK11
  0000                00020         extern STK10
  0000                00021         extern STK09
  0000                00022         extern STK08
  0000                00023         extern STK07
  0000                00024         extern STK06
  0000                00025         extern STK05
  0000                00026         extern STK04
  0000                00027         extern STK03
  0000                00028         extern STK02
  0000                00029         extern STK01
  0000                00030         extern STK00
                      00031 ;--------------------------------------------------------
                      00032 ; global declarations
                      00033 ;--------------------------------------------------------
  0000                00034         global  _delay_ms
  0000                00035         global  _delay_us
                      00036 
                      00037 ;--------------------------------------------------------
                      00038 ; global definitions
                      00039 ;--------------------------------------------------------
                      00040 ;--------------------------------------------------------
                      00041 ; absolute symbol definitions
                      00042 ;--------------------------------------------------------
                      00043 ;--------------------------------------------------------
gpasm-1.5.0 #1285 (Jul 12 2020) obj/sdcc-16f8   11/12/23  13:12:37          PAGE  2


LOC    OBJECT CODE    LINE  SOURCE TEXT
  VALUE

                      00044 ; compiler-defined variables
                      00045 ;--------------------------------------------------------
                      00046 UDL_delay_0     udata
0000                  00047 r0x1004 res     1
0001                  00048 r0x1001 res     1
0002                  00049 r0x1000 res     1
0003                  00050 r0x1002 res     1
0004                  00051 r0x1003 res     1
                      00052 ;--------------------------------------------------------
                      00053 ; initialized data
                      00054 ;--------------------------------------------------------
                      00055 ;--------------------------------------------------------
                      00056 ; initialized absolute data
                      00057 ;--------------------------------------------------------
                      00058 ;--------------------------------------------------------
                      00059 ; overlayable items in internal ram 
                      00060 ;--------------------------------------------------------
                      00061 ;       udata_ovr
                      00062 ;--------------------------------------------------------
                      00063 ; code
                      00064 ;--------------------------------------------------------
                      00065 code_delay      code
                      00066 ;***
                      00067 ;  pBlock Stats: dbName = C
                      00068 ;***
                      00069 ;has an exit
                      00070 ;5 compiler assigned registers:
                      00071 ;   r0x1000
                      00072 ;   STK00
                      00073 ;   r0x1001
                      00074 ;   r0x1002
                      00075 ;   r0x1003
                      00076 ;; Starting pCode block
                      00077 S_delay__delay_ms       code
0000                  00078 _delay_ms:
                      00079 ; 2 exit points
                      00080 ;       .line   11; "lib/delay.c"       delay_ms(unsigned int x) {
0000   0??? 0???      00081         BANKSEL r0x1000
0002   00??           00082         MOVWF   r0x1000
0003   08??           00083         MOVF    STK00,W
0004   00??           00084         MOVWF   r0x1001
                      00085 ;       .line   12; "lib/delay.c"       unsigned char i = 255;
0005   30FF           00086         MOVLW   0xff
0006   00??           00087         MOVWF   r0x1002
0007                  00088 _00129_DS_:
                      00089 ;       .line   13; "lib/delay.c"       for(x; x > 0; x--) {
0007   0??? 0???      00090         BANKSEL r0x1000
0009   08??           00091         MOVF    r0x1000,W
000A   04??           00092         IORWF   r0x1001,W
000B   1903           00093         BTFSC   STATUS,2
000C   2???           00094         GOTO    _00131_DS_
                      00095 ;       .line   14; "lib/delay.c"       while(i > 0) i--;
000D   08??           00096         MOVF    r0x1002,W
gpasm-1.5.0 #1285 (Jul 12 2020) obj/sdcc-16f8   11/12/23  13:12:37          PAGE  3


LOC    OBJECT CODE    LINE  SOURCE TEXT
  VALUE

000E   00??           00097         MOVWF   r0x1003
000F                  00098 _00112_DS_:
000F   0??? 0???      00099         BANKSEL r0x1003
0011   08??           00100         MOVF    r0x1003,W
0012   1903           00101         BTFSC   STATUS,2
0013   2???           00102         GOTO    _00114_DS_
0014   03??           00103         DECF    r0x1003,F
0015   2???           00104         GOTO    _00112_DS_
0016                  00105 _00114_DS_:
                      00106 ;       .line   16; "lib/delay.c"       while(i > 0) i--;
0016   30FF           00107         MOVLW   0xff
0017   0??? 0???      00108         BANKSEL r0x1003
0019   00??           00109         MOVWF   r0x1003
001A                  00110 _00115_DS_:
001A   0??? 0???      00111         BANKSEL r0x1003
001C   08??           00112         MOVF    r0x1003,W
001D   1903           00113         BTFSC   STATUS,2
001E   2???           00114         GOTO    _00117_DS_
001F   03??           00115         DECF    r0x1003,F
0020   2???           00116         GOTO    _00115_DS_
0021                  00117 _00117_DS_:
                      00118 ;       .line   18; "lib/delay.c"       while(i > 0) i--;
0021   30FF           00119         MOVLW   0xff
0022   0??? 0???      00120         BANKSEL r0x1003
0024   00??           00121         MOVWF   r0x1003
0025                  00122 _00118_DS_:
0025   0??? 0???      00123         BANKSEL r0x1003
0027   08??           00124         MOVF    r0x1003,W
0028   1903           00125         BTFSC   STATUS,2
0029   2???           00126         GOTO    _00120_DS_
002A   03??           00127         DECF    r0x1003,F
002B   2???           00128         GOTO    _00118_DS_
002C                  00129 _00120_DS_:
                      00130 ;       .line   20; "lib/delay.c"       while(i > 0) i--;
002C   30FF           00131         MOVLW   0xff
002D   0??? 0???      00132         BANKSEL r0x1003
002F   00??           00133         MOVWF   r0x1003
0030                  00134 _00121_DS_:
0030   0??? 0???      00135         BANKSEL r0x1003
0032   08??           00136         MOVF    r0x1003,W
0033   1903           00137         BTFSC   STATUS,2
0034   2???           00138         GOTO    _00123_DS_
0035   03??           00139         DECF    r0x1003,F
0036   2???           00140         GOTO    _00121_DS_
0037                  00141 _00123_DS_:
                      00142 ;       .line   22; "lib/delay.c"       while(i > 0) i--;
0037   3032           00143         MOVLW   0x32
0038   0??? 0???      00144         BANKSEL r0x1003
003A   00??           00145         MOVWF   r0x1003
003B                  00146 _00124_DS_:
003B   0??? 0???      00147         BANKSEL r0x1003
003D   08??           00148         MOVF    r0x1003,W
003E   1903           00149         BTFSC   STATUS,2
gpasm-1.5.0 #1285 (Jul 12 2020) obj/sdcc-16f8   11/12/23  13:12:37          PAGE  4


LOC    OBJECT CODE    LINE  SOURCE TEXT
  VALUE

003F   2???           00150         GOTO    _00151_DS_
0040   03??           00151         DECF    r0x1003,F
0041   2???           00152         GOTO    _00124_DS_
0042                  00153 _00151_DS_:
0042   0??? 0???      00154         BANKSEL r0x1003
0044   08??           00155         MOVF    r0x1003,W
0045   00??           00156         MOVWF   r0x1002
                      00157 ;       .line   13; "lib/delay.c"       for(x; x > 0; x--) {
0046   30FF           00158         MOVLW   0xff
0047   07??           00159         ADDWF   r0x1001,F
0048   1C03           00160         BTFSS   STATUS,0
0049   03??           00161         DECF    r0x1000,F
004A   2???           00162         GOTO    _00129_DS_
004B                  00163 _00131_DS_:
                      00164 ;       .line   24; "lib/delay.c"       }
004B   0008           00165         RETURN  
                      00166 ; exit point of _delay_ms
                      00167 
                      00168 ;***
                      00169 ;  pBlock Stats: dbName = C
                      00170 ;***
                      00171 ;has an exit
                      00172 ;1 compiler assigned register :
                      00173 ;   r0x1004
                      00174 ;; Starting pCode block
                      00175 S_delay__delay_us       code
0000                  00176 _delay_us:
                      00177 ; 2 exit points
                      00178 ;       .line   5; "lib/delay.c"        delay_us(unsigned char x) {
0000   0??? 0???      00179         BANKSEL r0x1004
0002   00??           00180         MOVWF   r0x1004
0003                  00181 _00105_DS_:
                      00182 ;       .line   6; "lib/delay.c"        while(x > 0) x--;
0003   0??? 0???      00183         BANKSEL r0x1004
0005   08??           00184         MOVF    r0x1004,W
0006   1903           00185         BTFSC   STATUS,2
0007   2???           00186         GOTO    _00107_DS_
0008   03??           00187         DECF    r0x1004,F
0009   2???           00188         GOTO    _00105_DS_
000A                  00189 _00107_DS_:
000A   0000           00190         nop     
                      00191 ;       .line   8; "lib/delay.c"        }
000B   0008           00192         RETURN  
                      00193 ; exit point of _delay_us
                      00194 
                      00195 
                      00196 ;       code size estimation:
                      00197 ;          59+   14 =    73 instructions (  174 byte)
                      00198 
                      00199         end
gpasm-1.5.0 #1285 (Jul 12 2020) obj/sdcc-16f8   11/12/23  13:12:37          PAGE  5


SYMBOL TABLE
  LABEL                              TYPE        VALUE         VALUE          VALUE
                                                 (hex)         (dec)          (text)

ACKDT                             CONSTANT      00000005              5
ACKEN                             CONSTANT      00000004              4
ACKSTAT                           CONSTANT      00000006              6
ADCON0                            CONSTANT      0000001F             31
ADCON1                            CONSTANT      0000009F            159
ADCS0                             CONSTANT      00000006              6
ADCS1                             CONSTANT      00000007              7
ADCS2                             CONSTANT      00000006              6
ADDEN                             CONSTANT      00000003              3
ADFM                              CONSTANT      00000007              7
ADIE                              CONSTANT      00000006              6
ADIF                              CONSTANT      00000006              6
ADON                              CONSTANT      00000000              0
ADRESH                            CONSTANT      0000001E             30
ADRESL                            CONSTANT      0000009E            158
BCLIE                             CONSTANT      00000003              3
BCLIF                             CONSTANT      00000003              3
BF                                CONSTANT      00000000              0
BRGH                              CONSTANT      00000002              2
C                                 CONSTANT      00000000              0
CCPR1                             CONSTANT      00000015             21
CCPR1H                            CONSTANT      00000016             22
CCPR1L                            CONSTANT      00000015             21
CCPR2                             CONSTANT      0000001B             27
CCPR2H                            CONSTANT      0000001C             28
CCPR2L                            CONSTANT      0000001B             27
CCP1CON                           CONSTANT      00000017             23
CCP1IE                            CONSTANT      00000002              2
CCP1IF                            CONSTANT      00000002              2
CCP1M0                            CONSTANT      00000000              0
CCP1M1                            CONSTANT      00000001              1
CCP1M2                            CONSTANT      00000002              2
CCP1M3                            CONSTANT      00000003              3
CCP1X                             CONSTANT      00000005              5
CCP1Y                             CONSTANT      00000004              4
CCP2CON                           CONSTANT      0000001D             29
CCP2IE                            CONSTANT      00000000              0
CCP2IF                            CONSTANT      00000000              0
CCP2M0                            CONSTANT      00000000              0
CCP2M1                            CONSTANT      00000001              1
CCP2M2                            CONSTANT      00000002              2
CCP2M3                            CONSTANT      00000003              3
CCP2X                             CONSTANT      00000005              5
CCP2Y                             CONSTANT      00000004              4
CHS0                              CONSTANT      00000003              3
CHS1                              CONSTANT      00000004              4
CHS2                              CONSTANT      00000005              5
CIS                               CONSTANT      00000003              3
CKE                               CONSTANT      00000006              6
CKP                               CONSTANT      00000004              4
CM0                               CONSTANT      00000000              0
CMCON                             CONSTANT      0000009C            156
gpasm-1.5.0 #1285 (Jul 12 2020) obj/sdcc-16f8   11/12/23  13:12:37          PAGE  6


SYMBOL TABLE
  LABEL                              TYPE        VALUE         VALUE          VALUE
                                                 (hex)         (dec)          (text)

CMIE                              CONSTANT      00000006              6
CMIF                              CONSTANT      00000006              6
CM1                               CONSTANT      00000001              1
CM2                               CONSTANT      00000002              2
CREN                              CONSTANT      00000004              4
CSRC                              CONSTANT      00000007              7
CVR0                              CONSTANT      00000000              0
CVRCON                            CONSTANT      0000009D            157
CVREN                             CONSTANT      00000007              7
CVROE                             CONSTANT      00000006              6
CVRR                              CONSTANT      00000005              5
CVR1                              CONSTANT      00000001              1
CVR2                              CONSTANT      00000002              2
CVR3                              CONSTANT      00000003              3
C1INV                             CONSTANT      00000004              4
C1OUT                             CONSTANT      00000006              6
C2INV                             CONSTANT      00000005              5
C2OUT                             CONSTANT      00000007              7
D                                 CONSTANT      00000005              5
DATA_ADDRESS                      CONSTANT      00000005              5
DC                                CONSTANT      00000001              1
D_A                               CONSTANT      00000005              5
D_NOT_A                           CONSTANT      00000005              5
EEADR                             CONSTANT      0000010D            269
EEADRH                            CONSTANT      0000010F            271
EECON1                            CONSTANT      0000018C            396
EECON2                            CONSTANT      0000018D            397
EEDATA                            CONSTANT      0000010C            268
EEDATH                            CONSTANT      0000010E            270
EEIE                              CONSTANT      00000004              4
EEIF                              CONSTANT      00000004              4
EEPGD                             CONSTANT      00000007              7
F                                 CONSTANT      00000001              1
FERR                              CONSTANT      00000002              2
FSR                               CONSTANT      00000004              4
GCEN                              CONSTANT      00000007              7
GIE                               CONSTANT      00000007              7
GO                                CONSTANT      00000002              2
GO_DONE                           CONSTANT      00000002              2
GO_NOT_DONE                       CONSTANT      00000002              2
INDF                              CONSTANT      00000000              0
INTCON                            CONSTANT      0000000B             11
INTE                              CONSTANT      00000004              4
INTEDG                            CONSTANT      00000006              6
INTF                              CONSTANT      00000001              1
IRP                               CONSTANT      00000007              7
I2C_DATA                          CONSTANT      00000005              5
I2C_READ                          CONSTANT      00000002              2
I2C_START                         CONSTANT      00000003              3
I2C_STOP                          CONSTANT      00000004              4
NOT_A                             CONSTANT      00000005              5
NOT_ADDRESS                       CONSTANT      00000005              5
gpasm-1.5.0 #1285 (Jul 12 2020) obj/sdcc-16f8   11/12/23  13:12:37          PAGE  7


SYMBOL TABLE
  LABEL                              TYPE        VALUE         VALUE          VALUE
                                                 (hex)         (dec)          (text)

NOT_BO                            CONSTANT      00000000              0
NOT_BOR                           CONSTANT      00000000              0
NOT_DONE                          CONSTANT      00000002              2
NOT_PD                            CONSTANT      00000003              3
NOT_POR                           CONSTANT      00000001              1
NOT_RBPU                          CONSTANT      00000007              7
NOT_RC8                           CONSTANT      00000006              6
NOT_TO                            CONSTANT      00000004              4
NOT_TX8                           CONSTANT      00000006              6
NOT_T1SYNC                        CONSTANT      00000002              2
NOT_W                             CONSTANT      00000002              2
NOT_WRITE                         CONSTANT      00000002              2
OERR                              CONSTANT      00000001              1
OPTION_REG                        CONSTANT      00000081            129
P                                 CONSTANT      00000004              4
PCFG0                             CONSTANT      00000000              0
PCFG1                             CONSTANT      00000001              1
PCFG2                             CONSTANT      00000002              2
PCFG3                             CONSTANT      00000003              3
PCL                               CONSTANT      00000002              2
PCLATH                            CONSTANT      0000000A             10
PCON                              CONSTANT      0000008E            142
PEIE                              CONSTANT      00000006              6
PEN                               CONSTANT      00000002              2
PIE1                              CONSTANT      0000008C            140
PIE2                              CONSTANT      0000008D            141
PIR1                              CONSTANT      0000000C             12
PIR2                              CONSTANT      0000000D             13
PORTA                             CONSTANT      00000005              5
PORTB                             CONSTANT      00000006              6
PORTC                             CONSTANT      00000007              7
PR2                               CONSTANT      00000092            146
PS0                               CONSTANT      00000000              0
PSA                               CONSTANT      00000003              3
PSAVE                             EXTERNAL      00000000              0
PS1                               CONSTANT      00000001              1
PS2                               CONSTANT      00000002              2
R                                 CONSTANT      00000002              2
RA0                               CONSTANT      00000000              0
RA1                               CONSTANT      00000001              1
RA2                               CONSTANT      00000002              2
RA3                               CONSTANT      00000003              3
RA4                               CONSTANT      00000004              4
RA5                               CONSTANT      00000005              5
RB0                               CONSTANT      00000000              0
RBIE                              CONSTANT      00000003              3
RBIF                              CONSTANT      00000000              0
RB1                               CONSTANT      00000001              1
RB2                               CONSTANT      00000002              2
RB3                               CONSTANT      00000003              3
RB4                               CONSTANT      00000004              4
RB5                               CONSTANT      00000005              5
gpasm-1.5.0 #1285 (Jul 12 2020) obj/sdcc-16f8   11/12/23  13:12:37          PAGE  8


SYMBOL TABLE
  LABEL                              TYPE        VALUE         VALUE          VALUE
                                                 (hex)         (dec)          (text)

RB6                               CONSTANT      00000006              6
RB7                               CONSTANT      00000007              7
RC0                               CONSTANT      00000000              0
RCD8                              CONSTANT      00000000              0
RCEN                              CONSTANT      00000003              3
RCIE                              CONSTANT      00000005              5
RCIF                              CONSTANT      00000005              5
RCREG                             CONSTANT      0000001A             26
RCSTA                             CONSTANT      00000018             24
RC1                               CONSTANT      00000001              1
RC2                               CONSTANT      00000002              2
RC3                               CONSTANT      00000003              3
RC4                               CONSTANT      00000004              4
RC5                               CONSTANT      00000005              5
RC6                               CONSTANT      00000006              6
RC7                               CONSTANT      00000007              7
RC8_9                             CONSTANT      00000006              6
RC9                               CONSTANT      00000006              6
RD                                CONSTANT      00000000              0
READ_WRITE                        CONSTANT      00000002              2
RP0                               CONSTANT      00000005              5
RP1                               CONSTANT      00000006              6
RSEN                              CONSTANT      00000001              1
RX9                               CONSTANT      00000006              6
RX9D                              CONSTANT      00000000              0
R_NOT_W                           CONSTANT      00000002              2
R_W                               CONSTANT      00000002              2
S                                 CONSTANT      00000003              3
SEN                               CONSTANT      00000000              0
SMP                               CONSTANT      00000007              7
SPBRG                             CONSTANT      00000099            153
SPEN                              CONSTANT      00000007              7
SREN                              CONSTANT      00000005              5
SSAVE                             EXTERNAL      00000000              0
SSPADD                            CONSTANT      00000093            147
SSPBUF                            CONSTANT      00000013             19
SSPCON                            CONSTANT      00000014             20
SSPCON2                           CONSTANT      00000091            145
SSPEN                             CONSTANT      00000005              5
SSPIE                             CONSTANT      00000003              3
SSPIF                             CONSTANT      00000003              3
SSPM0                             CONSTANT      00000000              0
SSPM1                             CONSTANT      00000001              1
SSPM2                             CONSTANT      00000002              2
SSPM3                             CONSTANT      00000003              3
SSPOV                             CONSTANT      00000006              6
SSPSTAT                           CONSTANT      00000094            148
STATUS                            CONSTANT      00000003              3
STK00                             EXTERNAL      00000000              0
STK01                             EXTERNAL      00000000              0
STK02                             EXTERNAL      00000000              0
STK03                             EXTERNAL      00000000              0
gpasm-1.5.0 #1285 (Jul 12 2020) obj/sdcc-16f8   11/12/23  13:12:37          PAGE  9


SYMBOL TABLE
  LABEL                              TYPE        VALUE         VALUE          VALUE
                                                 (hex)         (dec)          (text)

STK04                             EXTERNAL      00000000              0
STK05                             EXTERNAL      00000000              0
STK06                             EXTERNAL      00000000              0
STK07                             EXTERNAL      00000000              0
STK08                             EXTERNAL      00000000              0
STK09                             EXTERNAL      00000000              0
STK10                             EXTERNAL      00000000              0
STK11                             EXTERNAL      00000000              0
STK12                             EXTERNAL      00000000              0
SYNC                              CONSTANT      00000004              4
T0CS                              CONSTANT      00000005              5
T0IE                              CONSTANT      00000005              5
T0IF                              CONSTANT      00000002              2
T0SE                              CONSTANT      00000004              4
TMR0                              CONSTANT      00000001              1
TMR0IE                            CONSTANT      00000005              5
TMR0IF                            CONSTANT      00000002              2
TMR1                              CONSTANT      0000000E             14
TMR1CS                            CONSTANT      00000001              1
TMR1H                             CONSTANT      0000000F             15
TMR1IE                            CONSTANT      00000000              0
TMR1IF                            CONSTANT      00000000              0
TMR1L                             CONSTANT      0000000E             14
TMR1ON                            CONSTANT      00000000              0
TMR2                              CONSTANT      00000011             17
TMR2IE                            CONSTANT      00000001              1
TMR2IF                            CONSTANT      00000001              1
TMR2ON                            CONSTANT      00000002              2
TOUTPS0                           CONSTANT      00000003              3
TOUTPS1                           CONSTANT      00000004              4
TOUTPS2                           CONSTANT      00000005              5
TOUTPS3                           CONSTANT      00000006              6
TRISA                             CONSTANT      00000085            133
TRISA0                            CONSTANT      00000000              0
TRISA1                            CONSTANT      00000001              1
TRISA2                            CONSTANT      00000002              2
TRISA3                            CONSTANT      00000003              3
TRISA4                            CONSTANT      00000004              4
TRISA5                            CONSTANT      00000005              5
TRISB                             CONSTANT      00000086            134
TRISB0                            CONSTANT      00000000              0
TRISB1                            CONSTANT      00000001              1
TRISB2                            CONSTANT      00000002              2
TRISB3                            CONSTANT      00000003              3
TRISB4                            CONSTANT      00000004              4
TRISB5                            CONSTANT      00000005              5
TRISB6                            CONSTANT      00000006              6
TRISB7                            CONSTANT      00000007              7
TRISC                             CONSTANT      00000087            135
TRISC0                            CONSTANT      00000000              0
TRISC1                            CONSTANT      00000001              1
TRISC2                            CONSTANT      00000002              2
gpasm-1.5.0 #1285 (Jul 12 2020) obj/sdcc-16f8   11/12/23  13:12:37          PAGE 10


SYMBOL TABLE
  LABEL                              TYPE        VALUE         VALUE          VALUE
                                                 (hex)         (dec)          (text)

TRISC3                            CONSTANT      00000003              3
TRISC4                            CONSTANT      00000004              4
TRISC5                            CONSTANT      00000005              5
TRISC6                            CONSTANT      00000006              6
TRISC7                            CONSTANT      00000007              7
TRMT                              CONSTANT      00000001              1
TXD8                              CONSTANT      00000000              0
TXEN                              CONSTANT      00000005              5
TXIE                              CONSTANT      00000004              4
TXIF                              CONSTANT      00000004              4
TXREG                             CONSTANT      00000019             25
TXSTA                             CONSTANT      00000098            152
TX8_9                             CONSTANT      00000006              6
TX9                               CONSTANT      00000006              6
TX9D                              CONSTANT      00000000              0
T1CKPS0                           CONSTANT      00000004              4
T1CKPS1                           CONSTANT      00000005              5
T1CON                             CONSTANT      00000010             16
T1INSYNC                          CONSTANT      00000002              2
T1OSCEN                           CONSTANT      00000003              3
T1SYNC                            CONSTANT      00000002              2
T2CKPS0                           CONSTANT      00000000              0
T2CKPS1                           CONSTANT      00000001              1
T2CON                             CONSTANT      00000012             18
UA                                CONSTANT      00000001              1
W                                 CONSTANT      00000000              0
WCOL                              CONSTANT      00000007              7
WR                                CONSTANT      00000001              1
WREN                              CONSTANT      00000002              2
WRERR                             CONSTANT      00000003              3
WSAVE                             EXTERNAL      00000000              0
Z                                 CONSTANT      00000002              2
_00105_DS_                        ADDRESS       00000003              3
_00107_DS_                        ADDRESS       0000000A             10
_00112_DS_                        ADDRESS       0000000F             15
_00114_DS_                        ADDRESS       00000016             22
_00115_DS_                        ADDRESS       0000001A             26
_00117_DS_                        ADDRESS       00000021             33
_00118_DS_                        ADDRESS       00000025             37
_00120_DS_                        ADDRESS       0000002C             44
_00121_DS_                        ADDRESS       00000030             48
_00123_DS_                        ADDRESS       00000037             55
_00124_DS_                        ADDRESS       0000003B             59
_00129_DS_                        ADDRESS       00000007              7
_00131_DS_                        ADDRESS       0000004B             75
_00151_DS_                        ADDRESS       00000042             66
_BODEN_OFF                        CONSTANT      00003FBF          16319
_BODEN_ON                         CONSTANT      00003FFF          16383
_BOREN_OFF                        CONSTANT      00003FBF          16319
_BOREN_ON                         CONSTANT      00003FFF          16383
_CONFIG                           CONSTANT      00002007           8199
_CPD_OFF                          CONSTANT      00003FFF          16383
gpasm-1.5.0 #1285 (Jul 12 2020) obj/sdcc-16f8   11/12/23  13:12:37          PAGE 11


SYMBOL TABLE
  LABEL                              TYPE        VALUE         VALUE          VALUE
                                                 (hex)         (dec)          (text)

_CPD_ON                           CONSTANT      00003EFF          16127
_CP_ALL                           CONSTANT      00001FFF           8191
_CP_OFF                           CONSTANT      00003FFF          16383
_CP_ON                            CONSTANT      00001FFF           8191
_DEBUG_OFF                        CONSTANT      00003FFF          16383
_DEBUG_ON                         CONSTANT      000037FF          14335
_DEVID1                           CONSTANT      00002006           8198
_FOSC_EXTRC                       CONSTANT      00003FFF          16383
_FOSC_HS                          CONSTANT      00003FFE          16382
_FOSC_LP                          CONSTANT      00003FFC          16380
_FOSC_XT                          CONSTANT      00003FFD          16381
_HS_OSC                           CONSTANT      00003FFE          16382
_IDLOC0                           CONSTANT      00002000           8192
_IDLOC1                           CONSTANT      00002001           8193
_IDLOC2                           CONSTANT      00002002           8194
_IDLOC3                           CONSTANT      00002003           8195
_LP_OSC                           CONSTANT      00003FFC          16380
_LVP_OFF                          CONSTANT      00003F7F          16255
_LVP_ON                           CONSTANT      00003FFF          16383
_PWRTE_OFF                        CONSTANT      00003FFF          16383
_PWRTE_ON                         CONSTANT      00003FF7          16375
_RC_OSC                           CONSTANT      00003FFF          16383
_WDTE_OFF                         CONSTANT      00003FFB          16379
_WDTE_ON                          CONSTANT      00003FFF          16383
_WDT_OFF                          CONSTANT      00003FFB          16379
_WDT_ON                           CONSTANT      00003FFF          16383
_WRT_HALF                         CONSTANT      000039FF          14847
_WRT_OFF                          CONSTANT      00003FFF          16383
_WRT_1FOURTH                      CONSTANT      00003BFF          15359
_WRT_256                          CONSTANT      00003DFF          15871
_XT_OSC                           CONSTANT      00003FFD          16381
__ACTIVE_BANK_ADDR                VARIABLE      FFFFFFFF             -1
__ACTIVE_PAGE_ADDR                VARIABLE      FFFFFFFF             -1
__ASSUMED_BANK_ADDR               VARIABLE      FFFFFFFF             -1
__BANK_0                          CONSTANT      00000000              0
__BANK_BITS                       CONSTANT      00000180            384
__BANK_FIRST                      CONSTANT      00000000              0
__BANK_INV                        CONSTANT      FFFFFFFF             -1
__BANK_LAST                       CONSTANT      00000180            384
__BANK_MASK                       CONSTANT      0000007F            127
__BANK_SHIFT                      CONSTANT      00000007              7
__BANK_SIZE                       CONSTANT      00000080            128
__BANK_1                          CONSTANT      00000080            128
__BANK_2                          CONSTANT      00000100            256
__BANK_3                          CONSTANT      00000180            384
__CODE_END                        CONSTANT      00001FFF           8191
__CODE_START                      CONSTANT      00000000              0
__COMMON_RAM_END                  CONSTANT      0000007F            127
__COMMON_RAM_START                CONSTANT      00000070            112
__CONFIG_END                      CONSTANT      00002007           8199
__CONFIG_START                    CONSTANT      00002007           8199
__EEPROM_END                      CONSTANT      000021FF           8703
gpasm-1.5.0 #1285 (Jul 12 2020) obj/sdcc-16f8   11/12/23  13:12:37          PAGE 12


SYMBOL TABLE
  LABEL                              TYPE        VALUE         VALUE          VALUE
                                                 (hex)         (dec)          (text)

__EEPROM_START                    CONSTANT      00002100           8448
__GPUTILS_SVN_VERSION             CONSTANT      00000505           1285
__GPUTILS_VERSION_MAJOR           CONSTANT      00000001              1
__GPUTILS_VERSION_MICRO           CONSTANT      00000000              0
__GPUTILS_VERSION_MINOR           CONSTANT      00000005              5
__IDLOCS_END                      CONSTANT      00002003           8195
__IDLOCS_START                    CONSTANT      00002000           8192
__NUM_BANKS                       CONSTANT      00000004              4
__NUM_PAGES                       CONSTANT      00000004              4
__PAGE_0                          CONSTANT      00000000              0
__PAGE_BITS                       CONSTANT      00001800           6144
__PAGE_FIRST                      CONSTANT      00000000              0
__PAGE_INV                        CONSTANT      FFFFFFFF             -1
__PAGE_LAST                       CONSTANT      00001800           6144
__PAGE_MASK                       CONSTANT      000007FF           2047
__PAGE_SHIFT                      CONSTANT      0000000B             11
__PAGE_SIZE                       CONSTANT      00000800           2048
__PAGE_1                          CONSTANT      00000800           2048
__PAGE_2                          CONSTANT      00001000           4096
__PAGE_3                          CONSTANT      00001800           6144
__VECTOR_INT                      CONSTANT      00000004              4
__VECTOR_RESET                    CONSTANT      00000000              0
__WHILE_LOOP_COUNT_MAX            CONSTANT      000000FF            255
__14_BIT                          CONSTANT      00000001              1
__16F876A                         CONSTANT      00000001              1
_delay_ms                         GLOBAL        00000000              0
_delay_us                         GLOBAL        00000000              0
r0x1000                           STATIC        00000002              2
r0x1001                           STATIC        00000001              1
r0x1002                           STATIC        00000003              3
r0x1003                           STATIC        00000004              4
r0x1004                           STATIC        00000000              0

Errors   :     0
Warnings :     0 reported,     0 suppressed
Messages :     0 reported,     0 suppressed

