gpasm-1.5.2 #1319 (Aug 29 2019) build/default   30.08.2019  05:22:10        PAGE  1


LOC    OBJECT CODE    LINE  SOURCE TEXT
  VALUE

                      00001 ;--------------------------------------------------------
                      00002 ; File Created by SDCC : free open source ANSI-C Compiler
                      00003 ; Version 3.9.3 #11345 (Linux)
                      00004 ;--------------------------------------------------------
                      00005 ; PIC port for the 14-bit core
                      00006 ;--------------------------------------------------------
                      00007 ;       .file   "../../../lib/timer.c"
                      00008         list    p=16f876a
                      00009         radix dec
                      00010         include "p16f876a.inc"
                      00001         LIST
                      00002 
                      00003 ;==========================================================================
                      00004 ; Build date : Oct 21 2015
                      00005 ;  MPASM PIC16F876A processor include
                      00006 ; 
                      00007 ;  (c) Copyright 1999-2015 Microchip Technology, All rights reserved
                      00008 ;==========================================================================
                      00009 
                      00525         LIST
                      00011 ;--------------------------------------------------------
                      00012 ; external declarations
                      00013 ;--------------------------------------------------------
  0000                00014         extern  ___uchar2fs
  0000                00015         extern  ___schar2fs
  0000                00016         extern  ___uint2fs
  0000                00017         extern  ___sint2fs
  0000                00018         extern  ___ulong2fs
  0000                00019         extern  ___slong2fs
  0000                00020         extern  ___fs2uchar
  0000                00021         extern  ___fs2schar
  0000                00022         extern  ___fs2uint
  0000                00023         extern  ___fs2sint
  0000                00024         extern  ___fs2ulong
  0000                00025         extern  ___fs2slong
  0000                00026         extern  ___fsadd
  0000                00027         extern  ___fssub
  0000                00028         extern  ___fsmul
  0000                00029         extern  ___fsdiv
  0000                00030         extern  ___fslt
  0000                00031         extern  ___fseq
  0000                00032         extern  ___fsgt
  0000                00033         extern  _STATUSbits
  0000                00034         extern  _PORTAbits
  0000                00035         extern  _PORTBbits
  0000                00036         extern  _PORTCbits
  0000                00037         extern  _INTCONbits
  0000                00038         extern  _PIR1bits
  0000                00039         extern  _PIR2bits
  0000                00040         extern  _T1CONbits
  0000                00041         extern  _T2CONbits
  0000                00042         extern  _SSPCONbits
  0000                00043         extern  _CCP1CONbits
gpasm-1.5.2 #1319 (Aug 29 2019) build/default   30.08.2019  05:22:10        PAGE  2


LOC    OBJECT CODE    LINE  SOURCE TEXT
  VALUE

  0000                00044         extern  _RCSTAbits
  0000                00045         extern  _CCP2CONbits
  0000                00046         extern  _ADCON0bits
  0000                00047         extern  _OPTION_REGbits
  0000                00048         extern  _TRISAbits
  0000                00049         extern  _TRISBbits
  0000                00050         extern  _TRISCbits
  0000                00051         extern  _PIE1bits
  0000                00052         extern  _PIE2bits
  0000                00053         extern  _PCONbits
  0000                00054         extern  _SSPCON2bits
  0000                00055         extern  _SSPSTATbits
  0000                00056         extern  _TXSTAbits
  0000                00057         extern  _CMCONbits
  0000                00058         extern  _CVRCONbits
  0000                00059         extern  _ADCON1bits
  0000                00060         extern  _EECON1bits
  0000                00061         extern  _INDF
  0000                00062         extern  _TMR0
  0000                00063         extern  _PCL
  0000                00064         extern  _STATUS
  0000                00065         extern  _FSR
  0000                00066         extern  _PORTA
  0000                00067         extern  _PORTB
  0000                00068         extern  _PORTC
  0000                00069         extern  _PCLATH
  0000                00070         extern  _INTCON
  0000                00071         extern  _PIR1
  0000                00072         extern  _PIR2
  0000                00073         extern  _TMR1
  0000                00074         extern  _TMR1L
  0000                00075         extern  _TMR1H
  0000                00076         extern  _T1CON
  0000                00077         extern  _TMR2
  0000                00078         extern  _T2CON
  0000                00079         extern  _SSPBUF
  0000                00080         extern  _SSPCON
  0000                00081         extern  _CCPR1
  0000                00082         extern  _CCPR1L
  0000                00083         extern  _CCPR1H
  0000                00084         extern  _CCP1CON
  0000                00085         extern  _RCSTA
  0000                00086         extern  _TXREG
  0000                00087         extern  _RCREG
  0000                00088         extern  _CCPR2
  0000                00089         extern  _CCPR2L
  0000                00090         extern  _CCPR2H
  0000                00091         extern  _CCP2CON
  0000                00092         extern  _ADRESH
  0000                00093         extern  _ADCON0
  0000                00094         extern  _OPTION_REG
  0000                00095         extern  _TRISA
  0000                00096         extern  _TRISB
gpasm-1.5.2 #1319 (Aug 29 2019) build/default   30.08.2019  05:22:10        PAGE  3


LOC    OBJECT CODE    LINE  SOURCE TEXT
  VALUE

  0000                00097         extern  _TRISC
  0000                00098         extern  _PIE1
  0000                00099         extern  _PIE2
  0000                00100         extern  _PCON
  0000                00101         extern  _SSPCON2
  0000                00102         extern  _PR2
  0000                00103         extern  _SSPADD
  0000                00104         extern  _SSPSTAT
  0000                00105         extern  _TXSTA
  0000                00106         extern  _SPBRG
  0000                00107         extern  _CMCON
  0000                00108         extern  _CVRCON
  0000                00109         extern  _ADRESL
  0000                00110         extern  _ADCON1
  0000                00111         extern  _EEDATA
  0000                00112         extern  _EEADR
  0000                00113         extern  _EEDATH
  0000                00114         extern  _EEADRH
  0000                00115         extern  _EECON1
  0000                00116         extern  _EECON2
                      00117 
  0000                00118         extern PSAVE
  0000                00119         extern SSAVE
  0000                00120         extern WSAVE
  0000                00121         extern STK12
  0000                00122         extern STK11
  0000                00123         extern STK10
  0000                00124         extern STK09
  0000                00125         extern STK08
  0000                00126         extern STK07
  0000                00127         extern STK06
  0000                00128         extern STK05
  0000                00129         extern STK04
  0000                00130         extern STK03
  0000                00131         extern STK02
  0000                00132         extern STK01
  0000                00133         extern STK00
                      00134 ;--------------------------------------------------------
                      00135 ; global declarations
                      00136 ;--------------------------------------------------------
  0000                00137         global  _timer2_init
                      00138 
                      00139 ;--------------------------------------------------------
                      00140 ; global definitions
                      00141 ;--------------------------------------------------------
                      00142 ;--------------------------------------------------------
                      00143 ; absolute symbol definitions
                      00144 ;--------------------------------------------------------
                      00145 ;--------------------------------------------------------
                      00146 ; compiler-defined variables
                      00147 ;--------------------------------------------------------
                      00148 UDL_timer_0     udata
0000                  00149 r0x1000 res     1
gpasm-1.5.2 #1319 (Aug 29 2019) build/default   30.08.2019  05:22:10        PAGE  4


LOC    OBJECT CODE    LINE  SOURCE TEXT
  VALUE

0001                  00150 r0x1001 res     1
0002                  00151 r0x1002 res     1
                      00152 ;--------------------------------------------------------
                      00153 ; initialized data
                      00154 ;--------------------------------------------------------
                      00155 ;--------------------------------------------------------
                      00156 ; overlayable items in internal ram 
                      00157 ;--------------------------------------------------------
                      00158 ;       udata_ovr
                      00159 ;--------------------------------------------------------
                      00160 ; code
                      00161 ;--------------------------------------------------------
                      00162 code_timer      code
                      00163 ;***
                      00164 ;  pBlock Stats: dbName = C
                      00165 ;***
                      00166 ;has an exit
                      00167 ;3 compiler assigned registers:
                      00168 ;   r0x1000
                      00169 ;   r0x1001
                      00170 ;   r0x1002
                      00171 ;; Starting pCode block
                      00172 ;<>Start of new flow, seq=0x1 ancestor = 0x1
                      00173 ;  from: ; to: 003 002 
                      00174 ;;; ../../../../src/pic14/gen.c:2308:resultRemat *{*
                      00175 ;;; ../../../../src/pic14/gen.c:2752:genLabel *{*
                      00176 ;; ***  genLabel  2755
                      00177 ;;; ../../../../src/pic14/gen.c:2308:resultRemat *{*
                      00178 ;;; ../../../../src/pic14/gen.c:2332:genFunction *{*
                      00179 ;; ***  genFunction  2334 curr label offset=0previous max_key=0 
                      00180 ;;      -----------------------------------------
                      00181 ;;       function timer2_init
                      00182 ;;      -----------------------------------------
                      00183 ;_timer2_init:
                      00184 S_timer__timer2_init    code
0000                  00185 _timer2_init:
                      00186 ; 2 exit points
                      00187 ;;; ../../../../src/pic14/gen.c:2308:resultRemat *{*
                      00188 ;;; ../../../../src/pic14/gen.c:7467:genReceive *{*
                      00189 ;; ***  genReceive  7468
                      00190 ;;      695 register type nRegs=1
                      00191 ;;; ../../../../src/pic14/gen.c:1892:assignResultValue *{*
                      00192 ;; ***  assignResultValue  1894
                      00193 ;;      line = 1896 result -=-, size=0, left AOP_REG=r0x1045, size=1, right -=-, size=0
                      00194 ;; >>> ../../../../src/pic14/gen.c:1378:movwf
                      00195 ;;      1097 rIdx = r0x1045 
                      00196 ;       .line   81; "../../../lib/timer.c"      timer2_init(uint8_t ps_mode) {
0000   0??? 0???      00197         BANKSEL r0x1000 ;id=482,key=000,inCond:0,outCond:0,flow seq=001
0002   00??           00198         MOVWF   r0x1000 ;id=125,key=001,inCond:10,outCond:1,flow seq=001,rIdx=r0x1045
                      00199 ;;; ../../../../src/pic14/gen.c:2308:resultRemat *{*
                      00200 ;;; ../../../../src/pic14/gen.c:3938:genAnd *{*
                      00201 ;; ***  genAnd  3939
                      00202 ;;      695 register type nRegs=1
gpasm-1.5.2 #1319 (Aug 29 2019) build/default   30.08.2019  05:22:10        PAGE  5


LOC    OBJECT CODE    LINE  SOURCE TEXT
  VALUE

                      00203 ;;      695 register type nRegs=1
                      00204 ;;      line = 3974 result AOP_REG=r0x1046, size=1, left AOP_REG=r0x1045, size=1, right AOP_LIT=0x0f, si
                            ze=1
                      00205 ;; >>> ../../../../src/pic14/gen.c:4209:genAnd
                      00206 ;       .line   82; "../../../lib/timer.c"      uint8_t ps = ps_mode & PRESCALE_MASK;
0003   300F           00207         MOVLW   0x0f    ;id=134,key=002,inCond:400,outCond:10,flow seq=001
                      00208 ;; >>> ../../../../src/pic14/gen.c:4210:genAnd
                      00209 ;;      1097 rIdx = r0x1045 
                      00210 ;; BANKOPT2 BANKSEL dropped; r0x1000 present in same bank as r0x1000
0004   05??           00211         ANDWF   r0x1000,W       ;id=137,key=003,inCond:11,outCond:14,flow seq=001,rIdx=r0x1045
                      00212 ;; >>> ../../../../src/pic14/gen.c:4211:genAnd
                      00213 ;;      1097 rIdx = r0x1046 
                      00214 ;; BANKOPT2 BANKSEL dropped; r0x1001 present in same bank as r0x1000
0005   00??           00215         MOVWF   r0x1001 ;id=140,key=004,inCond:10,outCond:1,flow seq=001,rIdx=r0x1046
                      00216 ;;; ../../../../src/pic14/gen.c:2308:resultRemat *{*
                      00217 ;;; ../../../../src/pic14/gen.c:2308:resultRemat *{*
                      00218 ;;; ../../../../src/pic14/gen.c:7036:genAssign *{*
                      00219 ;; ***  genAssign  7037
                      00220 ;;      695 register type nRegs=1
                      00221 ;;      line = 7046 result AOP_REG=r0x1047, size=1, left -=-, size=0, right AOP_LIT=0x00, size=1
                      00222 ;; ***  genAssign  7132
                      00223 ;; >>> ../../../../src/pic14/gen.c:7144:genAssign
                      00224 ;;      1097 rIdx = r0x1047 
                      00225 ;; BANKOPT2 BANKSEL dropped; r0x1002 present in same bank as r0x1000
                      00226 ;       .line   86; "../../../lib/timer.c"      TOUTPS0 = postscaler & 1;
0006   01??           00227         CLRF    r0x1002 ;id=151,key=005,inCond:0,outCond:5,flow seq=001,rIdx=r0x1047
                      00228 ;;; ../../../../src/pic14/gen.c:2308:resultRemat *{*
                      00229 ;;; ../../../../src/pic14/gen.c:6796:genPointerSet *{*
                      00230 ;; ***  genPointerSet  6797
                      00231 ;;; ../../../../src/pic14/gen.c:6615:genNearPointerSet *{*
                      00232 ;; ***  genNearPointerSet  6616
                      00233 ;;      614
                      00234 ;;      aopForRemat 393
                      00235 ;;      419: rname _T2CONbits, val 0, const = 0
                      00236 ;; ***  genNearPointerSet  6631
                      00237 ;;      695 register type nRegs=1
                      00238 ;;      824: aopGet AOP_PCODE type PO_IMMEDIATE
                      00239 ;;      _T2CONbits
                      00240 ;;      line = 6633 result AOP_PCODE=_T2CONbits, size=2, left -=-, size=0, right AOP_REG=r0x1047, size=1
                      00241 ;;; ../../../../src/pic14/gen.c:6347:genPackBits *{*
                      00242 ;; ***  genPackBits  6348
                      00243 ;; >>> ../../../../src/pic14/gen.c:6452:genPackBits
                      00244 ;;      1097 rIdx = r0x1047 
                      00245 ;; BANKOPT2 BANKSEL dropped; r0x1002 present in same bank as r0x1000
0007   0C??           00246         RRF     r0x1002,W       ;id=169,key=006,inCond:3,outCond:12,flow seq=001,rIdx=r0x1047
                      00247 ;; >>> ../../../../src/pic14/gen.c:6453:genPackBits
0008   1803           00248         BTFSC   STATUS,0        ;id=490,key=007,inCond:23,outCond:0,flow seq=001
                      00249 ;<>Start of new flow, seq=0x2 ancestor = 0x1
                      00250 ;  from: 001 ; to: 004 
0009   2???           00251         GOTO    _00001_DS_      ;id=489,key=000,inCond:0,outCond:0,flow seq=002
                      00252 ;<>Start of new flow, seq=0x3 ancestor = 0x1
                      00253 ;  from: 001 ; to: 004 
                      00254 ;; >>> ../../../../src/pic14/gen.c:6454:genPackBits
gpasm-1.5.2 #1319 (Aug 29 2019) build/default   30.08.2019  05:22:10        PAGE  6


LOC    OBJECT CODE    LINE  SOURCE TEXT
  VALUE

                      00255 ;;      824: aopGet AOP_PCODE type PO_IMMEDIATE
                      00256 ;;      _T2CONbits
000A   0??? 0???      00257         BANKSEL _T2CONbits      ;id=487,key=000,inCond:0,outCond:0,flow seq=003
000C   11??           00258         BCF     _T2CONbits,3    ;id=175,key=001,inCond:21,outCond:21,flow seq=003
                      00259 ;<>Start of new flow, seq=0x4 ancestor = 0x2
                      00260 ;  from: 003 002 ; to: 006 005 
                      00261 ;; >>> ../../../../src/pic14/gen.c:6455:genPackBits
                      00262 ;; BANKOPT3 drop assumptions: PCI with label or call found
                      00263 ;; BANKOPT1 BANKSEL dropped; STATUS present in all of (null)'s banks
000D                  00264 _00001_DS_:
000D   1C03           00265         BTFSS   STATUS,0        ;id=496,key=000,inCond:23,outCond:0,flow seq=004
                      00266 ;<>Start of new flow, seq=0x5 ancestor = 0x4
                      00267 ;  from: 004 ; to: 007 
000E   2???           00268         GOTO    _00002_DS_      ;id=495,key=000,inCond:0,outCond:0,flow seq=005
                      00269 ;<>Start of new flow, seq=0x6 ancestor = 0x4
                      00270 ;  from: 004 ; to: 007 
                      00271 ;; >>> ../../../../src/pic14/gen.c:6456:genPackBits
                      00272 ;;      824: aopGet AOP_PCODE type PO_IMMEDIATE
                      00273 ;;      _T2CONbits
000F   0??? 0???      00274         BANKSEL _T2CONbits      ;id=493,key=000,inCond:0,outCond:0,flow seq=006
0011   15??           00275         BSF     _T2CONbits,3    ;id=181,key=001,inCond:21,outCond:21,flow seq=006
                      00276 ;<>Start of new flow, seq=0x7 ancestor = 0x5
                      00277 ;  from: 006 005 ; to: 009 008 
                      00278 ;;; ../../../../src/pic14/gen.c:2308:resultRemat *{*
                      00279 ;;; ../../../../src/pic14/gen.c:2308:resultRemat *{*
                      00280 ;;; ../../../../src/pic14/gen.c:6796:genPointerSet *{*
                      00281 ;; ***  genPointerSet  6797
                      00282 ;;; ../../../../src/pic14/gen.c:6615:genNearPointerSet *{*
                      00283 ;; ***  genNearPointerSet  6616
                      00284 ;;      614
                      00285 ;;      aopForRemat 393
                      00286 ;;      419: rname _T2CONbits, val 0, const = 0
                      00287 ;; ***  genNearPointerSet  6631
                      00288 ;;      824: aopGet AOP_PCODE type PO_IMMEDIATE
                      00289 ;;      _T2CONbits
                      00290 ;;      line = 6633 result AOP_PCODE=_T2CONbits, size=2, left -=-, size=0, right AOP_LIT=0x00, size=1
                      00291 ;;; ../../../../src/pic14/gen.c:6347:genPackBits *{*
                      00292 ;; ***  genPackBits  6348
                      00293 ;;      824: aopGet AOP_PCODE type PO_IMMEDIATE
                      00294 ;;      _T2CONbits
                      00295 ;; >>> ../../../../src/pic14/gen.c:6373:genPackBits
                      00296 ;; BANKOPT3 drop assumptions: PCI with label or call found
0012                  00297 _00002_DS_:
                      00298 ;       .line   87; "../../../lib/timer.c"      TOUTPS1 = (postscaler >> 1) & 1;
0012   0??? 0???      00299         BANKSEL _T2CONbits      ;id=498,key=000,inCond:0,outCond:0,flow seq=007
0014   12??           00300         BCF     _T2CONbits,4    ;id=201,key=001,inCond:21,outCond:21,flow seq=007
                      00301 ;;; ../../../../src/pic14/gen.c:2308:resultRemat *{*
                      00302 ;;; ../../../../src/pic14/gen.c:2308:resultRemat *{*
                      00303 ;;; ../../../../src/pic14/gen.c:6796:genPointerSet *{*
                      00304 ;; ***  genPointerSet  6797
                      00305 ;;; ../../../../src/pic14/gen.c:6615:genNearPointerSet *{*
                      00306 ;; ***  genNearPointerSet  6616
                      00307 ;;      614
gpasm-1.5.2 #1319 (Aug 29 2019) build/default   30.08.2019  05:22:10        PAGE  7


LOC    OBJECT CODE    LINE  SOURCE TEXT
  VALUE

                      00308 ;;      aopForRemat 393
                      00309 ;;      419: rname _T2CONbits, val 0, const = 0
                      00310 ;; ***  genNearPointerSet  6631
                      00311 ;;      824: aopGet AOP_PCODE type PO_IMMEDIATE
                      00312 ;;      _T2CONbits
                      00313 ;;      line = 6633 result AOP_PCODE=_T2CONbits, size=2, left -=-, size=0, right AOP_LIT=0x00, size=1
                      00314 ;;; ../../../../src/pic14/gen.c:6347:genPackBits *{*
                      00315 ;; ***  genPackBits  6348
                      00316 ;;      824: aopGet AOP_PCODE type PO_IMMEDIATE
                      00317 ;;      _T2CONbits
                      00318 ;; >>> ../../../../src/pic14/gen.c:6373:genPackBits
                      00319 ;; BANKOPT2 BANKSEL dropped; _T2CONbits present in same bank as _T2CONbits
                      00320 ;       .line   88; "../../../lib/timer.c"      TOUTPS2 = (postscaler >> 2) & 1;
0015   12??           00321         BCF     _T2CONbits,5    ;id=221,key=002,inCond:21,outCond:21,flow seq=007
                      00322 ;;; ../../../../src/pic14/gen.c:2308:resultRemat *{*
                      00323 ;;; ../../../../src/pic14/gen.c:2308:resultRemat *{*
                      00324 ;;      695 register type nRegs=1
                      00325 ;;      695 register type nRegs=1
                      00326 ;; ***  mov2w  1366  offset=0
                      00327 ;; >>> ../../../../src/pic14/gen.c:1371:mov2w
                      00328 ;;      1097 rIdx = r0x1046 
                      00329 ;       .line   90; "../../../lib/timer.c"      /*T2CONbits.*/ T2CKPS0 = (ps >> 1) & 1; // Set timer 2 p
                            rescaler to 1:1.
0016   0??? 0???      00330         BANKSEL r0x1001 ;id=500,key=003,inCond:0,outCond:0,flow seq=007
0018   08??           00331         MOVF    r0x1001,W       ;id=230,key=004,inCond:1,outCond:14,flow seq=007,rIdx=r0x1046
                      00332 ;; >>> ../../../../src/pic14/gen.c:4928:genGetABit
0019   3902           00333         ANDLW   0x02    ;id=232,key=005,inCond:410,outCond:14,flow seq=007
                      00334 ;; >>> ../../../../src/pic14/gen.c:4938:genGetABit
001A   1D03           00335         BTFSS   STATUS,2        ;id=234,key=006,inCond:25,outCond:0,flow seq=007
                      00336 ;<>Start of new flow, seq=0x8 ancestor = 0x7
                      00337 ;  from: 007 ; to: 009 
                      00338 ;; >>> ../../../../src/pic14/gen.c:4939:genGetABit
001B   3001           00339         MOVLW   0x01    ;id=236,key=000,inCond:400,outCond:10,flow seq=008
                      00340 ;<>Start of new flow, seq=0x9 ancestor = 0x7
                      00341 ;  from: 008 007 ; to: 00b 00a 
                      00342 ;; >>> ../../../../src/pic14/gen.c:4944:genGetABit
                      00343 ;;      1097 rIdx = r0x1047 
                      00344 ;; BANKOPT2 BANKSEL dropped; r0x1002 present in same bank as r0x1001
001C   00??           00345         MOVWF   r0x1002 ;id=239,key=000,inCond:10,outCond:1,flow seq=009,rIdx=r0x1047
                      00346 ;;; ../../../../src/pic14/gen.c:2308:resultRemat *{*
                      00347 ;;; ../../../../src/pic14/gen.c:6796:genPointerSet *{*
                      00348 ;; ***  genPointerSet  6797
                      00349 ;;; ../../../../src/pic14/gen.c:6615:genNearPointerSet *{*
                      00350 ;; ***  genNearPointerSet  6616
                      00351 ;;      614
                      00352 ;;      aopForRemat 393
                      00353 ;;      419: rname _T2CONbits, val 0, const = 0
                      00354 ;; ***  genNearPointerSet  6631
                      00355 ;;      695 register type nRegs=1
                      00356 ;;      824: aopGet AOP_PCODE type PO_IMMEDIATE
                      00357 ;;      _T2CONbits
                      00358 ;;      line = 6633 result AOP_PCODE=_T2CONbits, size=2, left -=-, size=0, right AOP_REG=r0x1047, size=1
                      00359 ;;; ../../../../src/pic14/gen.c:6347:genPackBits *{*
gpasm-1.5.2 #1319 (Aug 29 2019) build/default   30.08.2019  05:22:10        PAGE  8


LOC    OBJECT CODE    LINE  SOURCE TEXT
  VALUE

                      00360 ;; ***  genPackBits  6348
                      00361 ;; >>> ../../../../src/pic14/gen.c:6452:genPackBits
                      00362 ;;      1097 rIdx = r0x1047 
                      00363 ;; BANKOPT2 BANKSEL dropped; r0x1002 present in same bank as r0x1001
001D   0C??           00364         RRF     r0x1002,W       ;id=257,key=001,inCond:3,outCond:12,flow seq=009,rIdx=r0x1047
                      00365 ;; >>> ../../../../src/pic14/gen.c:6453:genPackBits
001E   1803           00366         BTFSC   STATUS,0        ;id=506,key=002,inCond:23,outCond:0,flow seq=009
                      00367 ;<>Start of new flow, seq=0xa ancestor = 0x9
                      00368 ;  from: 009 ; to: 00c 
001F   2???           00369         GOTO    _00003_DS_      ;id=505,key=000,inCond:0,outCond:0,flow seq=00a
                      00370 ;<>Start of new flow, seq=0xb ancestor = 0x9
                      00371 ;  from: 009 ; to: 00c 
                      00372 ;; >>> ../../../../src/pic14/gen.c:6454:genPackBits
                      00373 ;;      824: aopGet AOP_PCODE type PO_IMMEDIATE
                      00374 ;;      _T2CONbits
0020   0??? 0???      00375         BANKSEL _T2CONbits      ;id=503,key=000,inCond:0,outCond:0,flow seq=00b
0022   10??           00376         BCF     _T2CONbits,0    ;id=263,key=001,inCond:21,outCond:21,flow seq=00b
                      00377 ;<>Start of new flow, seq=0xc ancestor = 0xa
                      00378 ;  from: 00b 00a ; to: 00e 00d 
                      00379 ;; >>> ../../../../src/pic14/gen.c:6455:genPackBits
                      00380 ;; BANKOPT3 drop assumptions: PCI with label or call found
                      00381 ;; BANKOPT1 BANKSEL dropped; STATUS present in all of (null)'s banks
0023                  00382 _00003_DS_:
0023   1C03           00383         BTFSS   STATUS,0        ;id=512,key=000,inCond:23,outCond:0,flow seq=00c
                      00384 ;<>Start of new flow, seq=0xd ancestor = 0xc
                      00385 ;  from: 00c ; to: 00f 
0024   2???           00386         GOTO    _00004_DS_      ;id=511,key=000,inCond:0,outCond:0,flow seq=00d
                      00387 ;<>Start of new flow, seq=0xe ancestor = 0xc
                      00388 ;  from: 00c ; to: 00f 
                      00389 ;; >>> ../../../../src/pic14/gen.c:6456:genPackBits
                      00390 ;;      824: aopGet AOP_PCODE type PO_IMMEDIATE
                      00391 ;;      _T2CONbits
0025   0??? 0???      00392         BANKSEL _T2CONbits      ;id=509,key=000,inCond:0,outCond:0,flow seq=00e
0027   14??           00393         BSF     _T2CONbits,0    ;id=269,key=001,inCond:21,outCond:21,flow seq=00e
                      00394 ;<>Start of new flow, seq=0xf ancestor = 0xd
                      00395 ;  from: 00e 00d ; to: 011 010 
                      00396 ;;; ../../../../src/pic14/gen.c:2308:resultRemat *{*
                      00397 ;;; ../../../../src/pic14/gen.c:2308:resultRemat *{*
                      00398 ;;      695 register type nRegs=1
                      00399 ;;      695 register type nRegs=1
                      00400 ;; ***  mov2w  1366  offset=0
                      00401 ;; >>> ../../../../src/pic14/gen.c:1371:mov2w
                      00402 ;;      1097 rIdx = r0x1046 
                      00403 ;; BANKOPT3 drop assumptions: PCI with label or call found
0028                  00404 _00004_DS_:
                      00405 ;       .line   91; "../../../lib/timer.c"      /*T2CONbits.*/ T2CKPS1 = (ps >> 2) & 1; // Set timer 2 p
                            rescaler to 1:1.
0028   0??? 0???      00406         BANKSEL r0x1001 ;id=514,key=000,inCond:0,outCond:0,flow seq=00f
002A   08??           00407         MOVF    r0x1001,W       ;id=278,key=001,inCond:1,outCond:14,flow seq=00f,rIdx=r0x1046
                      00408 ;; >>> ../../../../src/pic14/gen.c:4928:genGetABit
002B   3904           00409         ANDLW   0x04    ;id=280,key=002,inCond:410,outCond:14,flow seq=00f
                      00410 ;; >>> ../../../../src/pic14/gen.c:4938:genGetABit
002C   1D03           00411         BTFSS   STATUS,2        ;id=282,key=003,inCond:25,outCond:0,flow seq=00f
gpasm-1.5.2 #1319 (Aug 29 2019) build/default   30.08.2019  05:22:10        PAGE  9


LOC    OBJECT CODE    LINE  SOURCE TEXT
  VALUE

                      00412 ;<>Start of new flow, seq=0x10 ancestor = 0xf
                      00413 ;  from: 00f ; to: 011 
                      00414 ;; >>> ../../../../src/pic14/gen.c:4939:genGetABit
002D   3001           00415         MOVLW   0x01    ;id=284,key=000,inCond:400,outCond:10,flow seq=010
                      00416 ;<>Start of new flow, seq=0x11 ancestor = 0xf
                      00417 ;  from: 010 00f ; to: 013 012 
                      00418 ;; >>> ../../../../src/pic14/gen.c:4944:genGetABit
                      00419 ;;      1097 rIdx = r0x1047 
                      00420 ;; BANKOPT2 BANKSEL dropped; r0x1002 present in same bank as r0x1001
002E   00??           00421         MOVWF   r0x1002 ;id=287,key=000,inCond:10,outCond:1,flow seq=011,rIdx=r0x1047
                      00422 ;;; ../../../../src/pic14/gen.c:2308:resultRemat *{*
                      00423 ;;; ../../../../src/pic14/gen.c:6796:genPointerSet *{*
                      00424 ;; ***  genPointerSet  6797
                      00425 ;;; ../../../../src/pic14/gen.c:6615:genNearPointerSet *{*
                      00426 ;; ***  genNearPointerSet  6616
                      00427 ;;      614
                      00428 ;;      aopForRemat 393
                      00429 ;;      419: rname _T2CONbits, val 0, const = 0
                      00430 ;; ***  genNearPointerSet  6631
                      00431 ;;      695 register type nRegs=1
                      00432 ;;      824: aopGet AOP_PCODE type PO_IMMEDIATE
                      00433 ;;      _T2CONbits
                      00434 ;;      line = 6633 result AOP_PCODE=_T2CONbits, size=2, left -=-, size=0, right AOP_REG=r0x1047, size=1
                      00435 ;;; ../../../../src/pic14/gen.c:6347:genPackBits *{*
                      00436 ;; ***  genPackBits  6348
                      00437 ;; >>> ../../../../src/pic14/gen.c:6452:genPackBits
                      00438 ;;      1097 rIdx = r0x1047 
                      00439 ;; BANKOPT2 BANKSEL dropped; r0x1002 present in same bank as r0x1001
002F   0C??           00440         RRF     r0x1002,W       ;id=305,key=001,inCond:3,outCond:12,flow seq=011,rIdx=r0x1047
                      00441 ;; >>> ../../../../src/pic14/gen.c:6453:genPackBits
0030   1803           00442         BTFSC   STATUS,0        ;id=520,key=002,inCond:23,outCond:0,flow seq=011
                      00443 ;<>Start of new flow, seq=0x12 ancestor = 0x11
                      00444 ;  from: 011 ; to: 014 
0031   2???           00445         GOTO    _00005_DS_      ;id=519,key=000,inCond:0,outCond:0,flow seq=012
                      00446 ;<>Start of new flow, seq=0x13 ancestor = 0x11
                      00447 ;  from: 011 ; to: 014 
                      00448 ;; >>> ../../../../src/pic14/gen.c:6454:genPackBits
                      00449 ;;      824: aopGet AOP_PCODE type PO_IMMEDIATE
                      00450 ;;      _T2CONbits
0032   0??? 0???      00451         BANKSEL _T2CONbits      ;id=517,key=000,inCond:0,outCond:0,flow seq=013
0034   10??           00452         BCF     _T2CONbits,1    ;id=311,key=001,inCond:21,outCond:21,flow seq=013
                      00453 ;<>Start of new flow, seq=0x14 ancestor = 0x12
                      00454 ;  from: 013 012 ; to: 016 015 
                      00455 ;; >>> ../../../../src/pic14/gen.c:6455:genPackBits
                      00456 ;; BANKOPT3 drop assumptions: PCI with label or call found
                      00457 ;; BANKOPT1 BANKSEL dropped; STATUS present in all of (null)'s banks
0035                  00458 _00005_DS_:
0035   1C03           00459         BTFSS   STATUS,0        ;id=526,key=000,inCond:23,outCond:0,flow seq=014
                      00460 ;<>Start of new flow, seq=0x15 ancestor = 0x14
                      00461 ;  from: 014 ; to: 017 
0036   2???           00462         GOTO    _00006_DS_      ;id=525,key=000,inCond:0,outCond:0,flow seq=015
                      00463 ;<>Start of new flow, seq=0x16 ancestor = 0x14
                      00464 ;  from: 014 ; to: 017 
gpasm-1.5.2 #1319 (Aug 29 2019) build/default   30.08.2019  05:22:10        PAGE 10


LOC    OBJECT CODE    LINE  SOURCE TEXT
  VALUE

                      00465 ;; >>> ../../../../src/pic14/gen.c:6456:genPackBits
                      00466 ;;      824: aopGet AOP_PCODE type PO_IMMEDIATE
                      00467 ;;      _T2CONbits
0037   0??? 0???      00468         BANKSEL _T2CONbits      ;id=523,key=000,inCond:0,outCond:0,flow seq=016
0039   14??           00469         BSF     _T2CONbits,1    ;id=317,key=001,inCond:21,outCond:21,flow seq=016
                      00470 ;<>Start of new flow, seq=0x17 ancestor = 0x15
                      00471 ;  from: 016 015 ; to: 019 018 
                      00472 ;;; ../../../../src/pic14/gen.c:2308:resultRemat *{*
                      00473 ;;; ../../../../src/pic14/gen.c:7036:genAssign *{*
                      00474 ;; ***  genAssign  7037
                      00475 ;; ***  aopForSym 316
                      00476 ;;      328 sym->rname = _TMR2, size = 1
                      00477 ;;      line = 7046 result AOP_DIR=_TMR2, size=1, left -=-, size=0, right AOP_LIT=0x00, size=1
                      00478 ;; ***  genAssign  7132
                      00479 ;; >>> ../../../../src/pic14/gen.c:7144:genAssign
                      00480 ;;      998
                      00481 ;;      1016  _TMR2   offset=0
                      00482 ;; BANKOPT3 drop assumptions: PCI with label or call found
003A                  00483 _00006_DS_:
                      00484 ;       .line   93; "../../../lib/timer.c"      TIMER2_VALUE = 0;
003A   0??? 0???      00485         BANKSEL _TMR2   ;id=528,key=000,inCond:0,outCond:0,flow seq=017
003C   01??           00486         CLRF    _TMR2   ;id=329,key=001,inCond:0,outCond:5,flow seq=017
                      00487 ;;; ../../../../src/pic14/gen.c:2308:resultRemat *{*
                      00488 ;;; ../../../../src/pic14/gen.c:2308:resultRemat *{*
                      00489 ;;; ../../../../src/pic14/gen.c:6796:genPointerSet *{*
                      00490 ;; ***  genPointerSet  6797
                      00491 ;;; ../../../../src/pic14/gen.c:6615:genNearPointerSet *{*
                      00492 ;; ***  genNearPointerSet  6616
                      00493 ;;      614
                      00494 ;;      aopForRemat 393
                      00495 ;;      419: rname _T2CONbits, val 0, const = 0
                      00496 ;; ***  genNearPointerSet  6631
                      00497 ;;      824: aopGet AOP_PCODE type PO_IMMEDIATE
                      00498 ;;      _T2CONbits
                      00499 ;;      line = 6633 result AOP_PCODE=_T2CONbits, size=2, left -=-, size=0, right AOP_LIT=0x01, size=1
                      00500 ;;; ../../../../src/pic14/gen.c:6347:genPackBits *{*
                      00501 ;; ***  genPackBits  6348
                      00502 ;;      824: aopGet AOP_PCODE type PO_IMMEDIATE
                      00503 ;;      _T2CONbits
                      00504 ;; >>> ../../../../src/pic14/gen.c:6373:genPackBits
                      00505 ;; BANKOPT2 BANKSEL dropped; _T2CONbits present in same bank as _TMR2
                      00506 ;       .line   95; "../../../lib/timer.c"      /*T2CONbits.*/ TMR2ON = 1; // Enable timer 2.
003D   15??           00507         BSF     _T2CONbits,2    ;id=349,key=002,inCond:21,outCond:21,flow seq=017
                      00508 ;;; ../../../../src/pic14/gen.c:2308:resultRemat *{*
                      00509 ;;; ../../../../src/pic14/gen.c:2308:resultRemat *{*
                      00510 ;;; ../../../../src/pic14/gen.c:6796:genPointerSet *{*
                      00511 ;; ***  genPointerSet  6797
                      00512 ;;; ../../../../src/pic14/gen.c:6615:genNearPointerSet *{*
                      00513 ;; ***  genNearPointerSet  6616
                      00514 ;;      614
                      00515 ;;      aopForRemat 393
                      00516 ;;      419: rname _PIR1bits, val 0, const = 0
                      00517 ;; ***  genNearPointerSet  6631
gpasm-1.5.2 #1319 (Aug 29 2019) build/default   30.08.2019  05:22:10        PAGE 11


LOC    OBJECT CODE    LINE  SOURCE TEXT
  VALUE

                      00518 ;;      824: aopGet AOP_PCODE type PO_IMMEDIATE
                      00519 ;;      _PIR1bits
                      00520 ;;      line = 6633 result AOP_PCODE=_PIR1bits, size=2, left -=-, size=0, right AOP_LIT=0x00, size=1
                      00521 ;;; ../../../../src/pic14/gen.c:6347:genPackBits *{*
                      00522 ;; ***  genPackBits  6348
                      00523 ;;      824: aopGet AOP_PCODE type PO_IMMEDIATE
                      00524 ;;      _PIR1bits
                      00525 ;; >>> ../../../../src/pic14/gen.c:6373:genPackBits
                      00526 ;; BANKOPT2 BANKSEL dropped; _PIR1bits present in same bank as _TMR2
                      00527 ;       .line   97; "../../../lib/timer.c"      TMR2IF = 0;
003E   10??           00528         BCF     _PIR1bits,1     ;id=369,key=003,inCond:21,outCond:21,flow seq=017
                      00529 ;;; ../../../../src/pic14/gen.c:2308:resultRemat *{*
                      00530 ;;; ../../../../src/pic14/gen.c:2308:resultRemat *{*
                      00531 ;;      695 register type nRegs=1
                      00532 ;;      695 register type nRegs=1
                      00533 ;; ***  mov2w  1366  offset=0
                      00534 ;; >>> ../../../../src/pic14/gen.c:1371:mov2w
                      00535 ;;      1097 rIdx = r0x1045 
                      00536 ;       .line   98; "../../../lib/timer.c"      TMR2IE = !!(ps_mode & TIMER2_FLAGS_INTR);
003F   0??? 0???      00537         BANKSEL r0x1000 ;id=531,key=004,inCond:0,outCond:0,flow seq=017
0041   08??           00538         MOVF    r0x1000,W       ;id=378,key=005,inCond:1,outCond:14,flow seq=017,rIdx=r0x1045
                      00539 ;; >>> ../../../../src/pic14/gen.c:4928:genGetABit
0042   3980           00540         ANDLW   0x80    ;id=380,key=006,inCond:410,outCond:14,flow seq=017
                      00541 ;; >>> ../../../../src/pic14/gen.c:4938:genGetABit
0043   1D03           00542         BTFSS   STATUS,2        ;id=382,key=007,inCond:25,outCond:0,flow seq=017
                      00543 ;<>Start of new flow, seq=0x18 ancestor = 0x17
                      00544 ;  from: 017 ; to: 019 
                      00545 ;; >>> ../../../../src/pic14/gen.c:4939:genGetABit
0044   3001           00546         MOVLW   0x01    ;id=384,key=000,inCond:400,outCond:10,flow seq=018
                      00547 ;<>Start of new flow, seq=0x19 ancestor = 0x17
                      00548 ;  from: 018 017 ; to: 01b 01a 
                      00549 ;; >>> ../../../../src/pic14/gen.c:4944:genGetABit
                      00550 ;;      1097 rIdx = r0x1046 
                      00551 ;; BANKOPT2 BANKSEL dropped; r0x1001 present in same bank as r0x1000
0045   00??           00552         MOVWF   r0x1001 ;id=387,key=000,inCond:10,outCond:1,flow seq=019,rIdx=r0x1046
                      00553 ;;; ../../../../src/pic14/gen.c:2308:resultRemat *{*
                      00554 ;;; ../../../../src/pic14/gen.c:1533:genNot *{*
                      00555 ;; ***  genNot  1535
                      00556 ;;      695 register type nRegs=1
                      00557 ;;      695 register type nRegs=1
                      00558 ;;      line = 1540 result AOP_REG=r0x1045, size=1, left AOP_REG=r0x1046, size=1, right -=-, size=0
                      00559 ;; ***  mov2w  1366  offset=0
                      00560 ;; >>> ../../../../src/pic14/gen.c:1371:mov2w
                      00561 ;;      1097 rIdx = r0x1046 
                      00562 ;; BANKOPT2 BANKSEL dropped; r0x1001 present in same bank as r0x1000
0046   08??           00563         MOVF    r0x1001,W       ;id=397,key=001,inCond:1,outCond:14,flow seq=019,rIdx=r0x1046
                      00564 ;; >>> ../../../../src/pic14/gen.c:1567:genNot
0047   3000           00565         MOVLW   0x00    ;id=399,key=002,inCond:400,outCond:10,flow seq=019
                      00566 ;; >>> ../../../../src/pic14/gen.c:1568:genNot
0048   1903           00567         BTFSC   STATUS,2        ;id=401,key=003,inCond:25,outCond:0,flow seq=019
                      00568 ;<>Start of new flow, seq=0x1a ancestor = 0x19
                      00569 ;  from: 019 ; to: 01b 
                      00570 ;; >>> ../../../../src/pic14/gen.c:1569:genNot
gpasm-1.5.2 #1319 (Aug 29 2019) build/default   30.08.2019  05:22:10        PAGE 12


LOC    OBJECT CODE    LINE  SOURCE TEXT
  VALUE

0049   3001           00571         MOVLW   0x01    ;id=403,key=000,inCond:400,outCond:10,flow seq=01a
                      00572 ;<>Start of new flow, seq=0x1b ancestor = 0x19
                      00573 ;  from: 01a 019 ; to: 01d 01c 
                      00574 ;; >>> ../../../../src/pic14/gen.c:1378:movwf
                      00575 ;;      1097 rIdx = r0x1045 
                      00576 ;; BANKOPT2 BANKSEL dropped; r0x1000 present in same bank as r0x1000
004A   00??           00577         MOVWF   r0x1000 ;id=406,key=000,inCond:10,outCond:1,flow seq=01b,rIdx=r0x1045
                      00578 ;;; ../../../../src/pic14/gen.c:2308:resultRemat *{*
                      00579 ;;; ../../../../src/pic14/gen.c:1533:genNot *{*
                      00580 ;; ***  genNot  1535
                      00581 ;;      695 register type nRegs=1
                      00582 ;;      695 register type nRegs=1
                      00583 ;;      line = 1540 result AOP_REG=r0x1046, size=1, left AOP_REG=r0x1045, size=1, right -=-, size=0
                      00584 ;; ***  mov2w  1366  offset=0
                      00585 ;; >>> ../../../../src/pic14/gen.c:1371:mov2w
                      00586 ;;      1097 rIdx = r0x1045 
                      00587 ;; BANKOPT2 BANKSEL dropped; r0x1000 present in same bank as r0x1000
004B   08??           00588         MOVF    r0x1000,W       ;id=416,key=001,inCond:1,outCond:14,flow seq=01b,rIdx=r0x1045
                      00589 ;; >>> ../../../../src/pic14/gen.c:1567:genNot
004C   3000           00590         MOVLW   0x00    ;id=418,key=002,inCond:400,outCond:10,flow seq=01b
                      00591 ;; >>> ../../../../src/pic14/gen.c:1568:genNot
004D   1903           00592         BTFSC   STATUS,2        ;id=420,key=003,inCond:25,outCond:0,flow seq=01b
                      00593 ;<>Start of new flow, seq=0x1c ancestor = 0x1b
                      00594 ;  from: 01b ; to: 01d 
                      00595 ;; >>> ../../../../src/pic14/gen.c:1569:genNot
004E   3001           00596         MOVLW   0x01    ;id=422,key=000,inCond:400,outCond:10,flow seq=01c
                      00597 ;<>Start of new flow, seq=0x1d ancestor = 0x1b
                      00598 ;  from: 01c 01b ; to: 01f 01e 
                      00599 ;; >>> ../../../../src/pic14/gen.c:1378:movwf
                      00600 ;;      1097 rIdx = r0x1046 
                      00601 ;; BANKOPT2 BANKSEL dropped; r0x1001 present in same bank as r0x1000
004F   00??           00602         MOVWF   r0x1001 ;id=481,key=000,inCond:10,outCond:1,flow seq=01d,rIdx=r0x1046
                      00603 ;; BANKOPT2 BANKSEL dropped; r0x1000 present in same bank as r0x1000
0050   00??           00604         MOVWF   r0x1000 ;id=438,key=001,inCond:10,outCond:1,flow seq=01d,rIdx=r0x1045
                      00605 ;;; ../../../../src/pic14/gen.c:2308:resultRemat *{*
                      00606 ;;; ../../../../src/pic14/gen.c:6796:genPointerSet *{*
                      00607 ;; ***  genPointerSet  6797
                      00608 ;;; ../../../../src/pic14/gen.c:6615:genNearPointerSet *{*
                      00609 ;; ***  genNearPointerSet  6616
                      00610 ;;      614
                      00611 ;;      aopForRemat 393
                      00612 ;;      419: rname _PIE1bits, val 0, const = 0
                      00613 ;; ***  genNearPointerSet  6631
                      00614 ;;      695 register type nRegs=1
                      00615 ;;      824: aopGet AOP_PCODE type PO_IMMEDIATE
                      00616 ;;      _PIE1bits
                      00617 ;;      line = 6633 result AOP_PCODE=_PIE1bits, size=2, left -=-, size=0, right AOP_REG=r0x1045, size=1
                      00618 ;;; ../../../../src/pic14/gen.c:6347:genPackBits *{*
                      00619 ;; ***  genPackBits  6348
                      00620 ;; >>> ../../../../src/pic14/gen.c:6452:genPackBits
                      00621 ;;      1097 rIdx = r0x1045 
                      00622 ;; BANKOPT2 BANKSEL dropped; r0x1000 present in same bank as r0x1000
0051   0C??           00623         RRF     r0x1000,W       ;id=456,key=002,inCond:3,outCond:12,flow seq=01d,rIdx=r0x1045
gpasm-1.5.2 #1319 (Aug 29 2019) build/default   30.08.2019  05:22:10        PAGE 13


LOC    OBJECT CODE    LINE  SOURCE TEXT
  VALUE

                      00624 ;; >>> ../../../../src/pic14/gen.c:6453:genPackBits
0052   1803           00625         BTFSC   STATUS,0        ;id=542,key=003,inCond:23,outCond:0,flow seq=01d
                      00626 ;<>Start of new flow, seq=0x1e ancestor = 0x1d
                      00627 ;  from: 01d ; to: 020 
0053   2???           00628         GOTO    _00007_DS_      ;id=541,key=000,inCond:0,outCond:0,flow seq=01e
                      00629 ;<>Start of new flow, seq=0x1f ancestor = 0x1d
                      00630 ;  from: 01d ; to: 020 
                      00631 ;; >>> ../../../../src/pic14/gen.c:6454:genPackBits
                      00632 ;;      824: aopGet AOP_PCODE type PO_IMMEDIATE
                      00633 ;;      _PIE1bits
0054   0??? 0???      00634         BANKSEL _PIE1bits       ;id=539,key=000,inCond:0,outCond:0,flow seq=01f
0056   10??           00635         BCF     _PIE1bits,1     ;id=462,key=001,inCond:21,outCond:21,flow seq=01f
                      00636 ;<>Start of new flow, seq=0x20 ancestor = 0x1e
                      00637 ;  from: 01f 01e ; to: 022 021 
                      00638 ;; >>> ../../../../src/pic14/gen.c:6455:genPackBits
                      00639 ;; BANKOPT3 drop assumptions: PCI with label or call found
                      00640 ;; BANKOPT1 BANKSEL dropped; STATUS present in all of (null)'s banks
0057                  00641 _00007_DS_:
0057   1C03           00642         BTFSS   STATUS,0        ;id=548,key=000,inCond:23,outCond:0,flow seq=020
                      00643 ;<>Start of new flow, seq=0x21 ancestor = 0x20
                      00644 ;  from: 020 ; to: 023 
0058   2???           00645         GOTO    _00008_DS_      ;id=547,key=000,inCond:0,outCond:0,flow seq=021
                      00646 ;<>Start of new flow, seq=0x22 ancestor = 0x20
                      00647 ;  from: 020 ; to: 023 
                      00648 ;; >>> ../../../../src/pic14/gen.c:6456:genPackBits
                      00649 ;;      824: aopGet AOP_PCODE type PO_IMMEDIATE
                      00650 ;;      _PIE1bits
0059   0??? 0???      00651         BANKSEL _PIE1bits       ;id=545,key=000,inCond:0,outCond:0,flow seq=022
005B   14??           00652         BSF     _PIE1bits,1     ;id=468,key=001,inCond:21,outCond:21,flow seq=022
                      00653 ;<>Start of new flow, seq=0x23 ancestor = 0x21
                      00654 ;  from: 022 021 ; to: 
                      00655 ;;; ../../../../src/pic14/gen.c:2308:resultRemat *{*
                      00656 ;;; ../../../../src/pic14/gen.c:2752:genLabel *{*
                      00657 ;; ***  genLabel  2755
                      00658 ;_00105_DS_:
                      00659 ;;; ../../../../src/pic14/gen.c:2308:resultRemat *{*
                      00660 ;;; ../../../../src/pic14/gen.c:2520:genEndFunction *{*
                      00661 ;; ***  genEndFunction  2522
                      00662 ;return
                      00663 ;; BANKOPT3 drop assumptions: PCI with label or call found
005C                  00664 _00008_DS_:
                      00665 ;       .line   99; "../../../lib/timer.c"      }
005C   0008           00666         RETURN          ;id=479,key=000,inCond:10,outCond:e,flow seq=023
                      00667 ;<>Start of new flow, seq=0x24
                      00668 ;  from: ; to: 
                      00669 ; exit point of _timer2_init
                      00670 
                      00671 
                      00672 ;       code size estimation:
                      00673 ;          65+   14 =    79 instructions (  186 byte)
                      00674 
                      00675         end
gpasm-1.5.2 #1319 (Aug 29 2019) build/default   30.08.2019  05:22:10        PAGE 14


SYMBOL TABLE
  LABEL                              TYPE        VALUE         VALUE          VALUE
                                                 (hex)         (dec)          (text)

ACKDT                             CONSTANT      00000005              5
ACKEN                             CONSTANT      00000004              4
ACKSTAT                           CONSTANT      00000006              6
ADCON0                            CONSTANT      0000001F             31
ADCON1                            CONSTANT      0000009F            159
ADCS0                             CONSTANT      00000006              6
ADCS1                             CONSTANT      00000007              7
ADCS2                             CONSTANT      00000006              6
ADDEN                             CONSTANT      00000003              3
ADFM                              CONSTANT      00000007              7
ADIE                              CONSTANT      00000006              6
ADIF                              CONSTANT      00000006              6
ADON                              CONSTANT      00000000              0
ADRESH                            CONSTANT      0000001E             30
ADRESL                            CONSTANT      0000009E            158
BCLIE                             CONSTANT      00000003              3
BCLIF                             CONSTANT      00000003              3
BF                                CONSTANT      00000000              0
BRGH                              CONSTANT      00000002              2
C                                 CONSTANT      00000000              0
C1INV                             CONSTANT      00000004              4
C1OUT                             CONSTANT      00000006              6
C2INV                             CONSTANT      00000005              5
C2OUT                             CONSTANT      00000007              7
CCP1CON                           CONSTANT      00000017             23
CCP1IE                            CONSTANT      00000002              2
CCP1IF                            CONSTANT      00000002              2
CCP1M0                            CONSTANT      00000000              0
CCP1M1                            CONSTANT      00000001              1
CCP1M2                            CONSTANT      00000002              2
CCP1M3                            CONSTANT      00000003              3
CCP1X                             CONSTANT      00000005              5
CCP1Y                             CONSTANT      00000004              4
CCP2CON                           CONSTANT      0000001D             29
CCP2IE                            CONSTANT      00000000              0
CCP2IF                            CONSTANT      00000000              0
CCP2M0                            CONSTANT      00000000              0
CCP2M1                            CONSTANT      00000001              1
CCP2M2                            CONSTANT      00000002              2
CCP2M3                            CONSTANT      00000003              3
CCP2X                             CONSTANT      00000005              5
CCP2Y                             CONSTANT      00000004              4
CCPR1                             CONSTANT      00000015             21
CCPR1H                            CONSTANT      00000016             22
CCPR1L                            CONSTANT      00000015             21
CCPR2                             CONSTANT      0000001B             27
CCPR2H                            CONSTANT      0000001C             28
CCPR2L                            CONSTANT      0000001B             27
CHS0                              CONSTANT      00000003              3
CHS1                              CONSTANT      00000004              4
CHS2                              CONSTANT      00000005              5
CIS                               CONSTANT      00000003              3
gpasm-1.5.2 #1319 (Aug 29 2019) build/default   30.08.2019  05:22:10        PAGE 15


SYMBOL TABLE
  LABEL                              TYPE        VALUE         VALUE          VALUE
                                                 (hex)         (dec)          (text)

CKE                               CONSTANT      00000006              6
CKP                               CONSTANT      00000004              4
CM0                               CONSTANT      00000000              0
CM1                               CONSTANT      00000001              1
CM2                               CONSTANT      00000002              2
CMCON                             CONSTANT      0000009C            156
CMIE                              CONSTANT      00000006              6
CMIF                              CONSTANT      00000006              6
CREN                              CONSTANT      00000004              4
CSRC                              CONSTANT      00000007              7
CVR0                              CONSTANT      00000000              0
CVR1                              CONSTANT      00000001              1
CVR2                              CONSTANT      00000002              2
CVR3                              CONSTANT      00000003              3
CVRCON                            CONSTANT      0000009D            157
CVREN                             CONSTANT      00000007              7
CVROE                             CONSTANT      00000006              6
CVRR                              CONSTANT      00000005              5
D                                 CONSTANT      00000005              5
DATA_ADDRESS                      CONSTANT      00000005              5
DC                                CONSTANT      00000001              1
D_A                               CONSTANT      00000005              5
D_NOT_A                           CONSTANT      00000005              5
EEADR                             CONSTANT      0000010D            269
EEADRH                            CONSTANT      0000010F            271
EECON1                            CONSTANT      0000018C            396
EECON2                            CONSTANT      0000018D            397
EEDATA                            CONSTANT      0000010C            268
EEDATH                            CONSTANT      0000010E            270
EEIE                              CONSTANT      00000004              4
EEIF                              CONSTANT      00000004              4
EEPGD                             CONSTANT      00000007              7
F                                 CONSTANT      00000001              1
FERR                              CONSTANT      00000002              2
FSR                               CONSTANT      00000004              4
GCEN                              CONSTANT      00000007              7
GIE                               CONSTANT      00000007              7
GO                                CONSTANT      00000002              2
GO_DONE                           CONSTANT      00000002              2
GO_NOT_DONE                       CONSTANT      00000002              2
I2C_DATA                          CONSTANT      00000005              5
I2C_READ                          CONSTANT      00000002              2
I2C_START                         CONSTANT      00000003              3
I2C_STOP                          CONSTANT      00000004              4
INDF                              CONSTANT      00000000              0
INTCON                            CONSTANT      0000000B             11
INTE                              CONSTANT      00000004              4
INTEDG                            CONSTANT      00000006              6
INTF                              CONSTANT      00000001              1
IRP                               CONSTANT      00000007              7
NOT_A                             CONSTANT      00000005              5
NOT_ADDRESS                       CONSTANT      00000005              5
gpasm-1.5.2 #1319 (Aug 29 2019) build/default   30.08.2019  05:22:10        PAGE 16


SYMBOL TABLE
  LABEL                              TYPE        VALUE         VALUE          VALUE
                                                 (hex)         (dec)          (text)

NOT_BO                            CONSTANT      00000000              0
NOT_BOR                           CONSTANT      00000000              0
NOT_DONE                          CONSTANT      00000002              2
NOT_PD                            CONSTANT      00000003              3
NOT_POR                           CONSTANT      00000001              1
NOT_RBPU                          CONSTANT      00000007              7
NOT_RC8                           CONSTANT      00000006              6
NOT_T1SYNC                        CONSTANT      00000002              2
NOT_TO                            CONSTANT      00000004              4
NOT_TX8                           CONSTANT      00000006              6
NOT_W                             CONSTANT      00000002              2
NOT_WRITE                         CONSTANT      00000002              2
OERR                              CONSTANT      00000001              1
OPTION_REG                        CONSTANT      00000081            129
P                                 CONSTANT      00000004              4
PCFG0                             CONSTANT      00000000              0
PCFG1                             CONSTANT      00000001              1
PCFG2                             CONSTANT      00000002              2
PCFG3                             CONSTANT      00000003              3
PCL                               CONSTANT      00000002              2
PCLATH                            CONSTANT      0000000A             10
PCON                              CONSTANT      0000008E            142
PEIE                              CONSTANT      00000006              6
PEN                               CONSTANT      00000002              2
PIE1                              CONSTANT      0000008C            140
PIE2                              CONSTANT      0000008D            141
PIR1                              CONSTANT      0000000C             12
PIR2                              CONSTANT      0000000D             13
PORTA                             CONSTANT      00000005              5
PORTB                             CONSTANT      00000006              6
PORTC                             CONSTANT      00000007              7
PR2                               CONSTANT      00000092            146
PS0                               CONSTANT      00000000              0
PS1                               CONSTANT      00000001              1
PS2                               CONSTANT      00000002              2
PSA                               CONSTANT      00000003              3
PSAVE                             EXTERNAL      00000000              0
R                                 CONSTANT      00000002              2
RA0                               CONSTANT      00000000              0
RA1                               CONSTANT      00000001              1
RA2                               CONSTANT      00000002              2
RA3                               CONSTANT      00000003              3
RA4                               CONSTANT      00000004              4
RA5                               CONSTANT      00000005              5
RB0                               CONSTANT      00000000              0
RB1                               CONSTANT      00000001              1
RB2                               CONSTANT      00000002              2
RB3                               CONSTANT      00000003              3
RB4                               CONSTANT      00000004              4
RB5                               CONSTANT      00000005              5
RB6                               CONSTANT      00000006              6
RB7                               CONSTANT      00000007              7
gpasm-1.5.2 #1319 (Aug 29 2019) build/default   30.08.2019  05:22:10        PAGE 17


SYMBOL TABLE
  LABEL                              TYPE        VALUE         VALUE          VALUE
                                                 (hex)         (dec)          (text)

RBIE                              CONSTANT      00000003              3
RBIF                              CONSTANT      00000000              0
RC0                               CONSTANT      00000000              0
RC1                               CONSTANT      00000001              1
RC2                               CONSTANT      00000002              2
RC3                               CONSTANT      00000003              3
RC4                               CONSTANT      00000004              4
RC5                               CONSTANT      00000005              5
RC6                               CONSTANT      00000006              6
RC7                               CONSTANT      00000007              7
RC8_9                             CONSTANT      00000006              6
RC9                               CONSTANT      00000006              6
RCD8                              CONSTANT      00000000              0
RCEN                              CONSTANT      00000003              3
RCIE                              CONSTANT      00000005              5
RCIF                              CONSTANT      00000005              5
RCREG                             CONSTANT      0000001A             26
RCSTA                             CONSTANT      00000018             24
RD                                CONSTANT      00000000              0
READ_WRITE                        CONSTANT      00000002              2
RP0                               CONSTANT      00000005              5
RP1                               CONSTANT      00000006              6
RSEN                              CONSTANT      00000001              1
RX9                               CONSTANT      00000006              6
RX9D                              CONSTANT      00000000              0
R_NOT_W                           CONSTANT      00000002              2
R_W                               CONSTANT      00000002              2
S                                 CONSTANT      00000003              3
SEN                               CONSTANT      00000000              0
SMP                               CONSTANT      00000007              7
SPBRG                             CONSTANT      00000099            153
SPEN                              CONSTANT      00000007              7
SREN                              CONSTANT      00000005              5
SSAVE                             EXTERNAL      00000000              0
SSPADD                            CONSTANT      00000093            147
SSPBUF                            CONSTANT      00000013             19
SSPCON                            CONSTANT      00000014             20
SSPCON2                           CONSTANT      00000091            145
SSPEN                             CONSTANT      00000005              5
SSPIE                             CONSTANT      00000003              3
SSPIF                             CONSTANT      00000003              3
SSPM0                             CONSTANT      00000000              0
SSPM1                             CONSTANT      00000001              1
SSPM2                             CONSTANT      00000002              2
SSPM3                             CONSTANT      00000003              3
SSPOV                             CONSTANT      00000006              6
SSPSTAT                           CONSTANT      00000094            148
STATUS                            CONSTANT      00000003              3
STK00                             EXTERNAL      00000000              0
STK01                             EXTERNAL      00000000              0
STK02                             EXTERNAL      00000000              0
STK03                             EXTERNAL      00000000              0
gpasm-1.5.2 #1319 (Aug 29 2019) build/default   30.08.2019  05:22:10        PAGE 18


SYMBOL TABLE
  LABEL                              TYPE        VALUE         VALUE          VALUE
                                                 (hex)         (dec)          (text)

STK04                             EXTERNAL      00000000              0
STK05                             EXTERNAL      00000000              0
STK06                             EXTERNAL      00000000              0
STK07                             EXTERNAL      00000000              0
STK08                             EXTERNAL      00000000              0
STK09                             EXTERNAL      00000000              0
STK10                             EXTERNAL      00000000              0
STK11                             EXTERNAL      00000000              0
STK12                             EXTERNAL      00000000              0
SYNC                              CONSTANT      00000004              4
T0CS                              CONSTANT      00000005              5
T0IE                              CONSTANT      00000005              5
T0IF                              CONSTANT      00000002              2
T0SE                              CONSTANT      00000004              4
T1CKPS0                           CONSTANT      00000004              4
T1CKPS1                           CONSTANT      00000005              5
T1CON                             CONSTANT      00000010             16
T1INSYNC                          CONSTANT      00000002              2
T1OSCEN                           CONSTANT      00000003              3
T1SYNC                            CONSTANT      00000002              2
T2CKPS0                           CONSTANT      00000000              0
T2CKPS1                           CONSTANT      00000001              1
T2CON                             CONSTANT      00000012             18
TMR0                              CONSTANT      00000001              1
TMR0IE                            CONSTANT      00000005              5
TMR0IF                            CONSTANT      00000002              2
TMR1                              CONSTANT      0000000E             14
TMR1CS                            CONSTANT      00000001              1
TMR1H                             CONSTANT      0000000F             15
TMR1IE                            CONSTANT      00000000              0
TMR1IF                            CONSTANT      00000000              0
TMR1L                             CONSTANT      0000000E             14
TMR1ON                            CONSTANT      00000000              0
TMR2                              CONSTANT      00000011             17
TMR2IE                            CONSTANT      00000001              1
TMR2IF                            CONSTANT      00000001              1
TMR2ON                            CONSTANT      00000002              2
TOUTPS0                           CONSTANT      00000003              3
TOUTPS1                           CONSTANT      00000004              4
TOUTPS2                           CONSTANT      00000005              5
TOUTPS3                           CONSTANT      00000006              6
TRISA                             CONSTANT      00000085            133
TRISA0                            CONSTANT      00000000              0
TRISA1                            CONSTANT      00000001              1
TRISA2                            CONSTANT      00000002              2
TRISA3                            CONSTANT      00000003              3
TRISA4                            CONSTANT      00000004              4
TRISA5                            CONSTANT      00000005              5
TRISB                             CONSTANT      00000086            134
TRISB0                            CONSTANT      00000000              0
TRISB1                            CONSTANT      00000001              1
TRISB2                            CONSTANT      00000002              2
gpasm-1.5.2 #1319 (Aug 29 2019) build/default   30.08.2019  05:22:10        PAGE 19


SYMBOL TABLE
  LABEL                              TYPE        VALUE         VALUE          VALUE
                                                 (hex)         (dec)          (text)

TRISB3                            CONSTANT      00000003              3
TRISB4                            CONSTANT      00000004              4
TRISB5                            CONSTANT      00000005              5
TRISB6                            CONSTANT      00000006              6
TRISB7                            CONSTANT      00000007              7
TRISC                             CONSTANT      00000087            135
TRISC0                            CONSTANT      00000000              0
TRISC1                            CONSTANT      00000001              1
TRISC2                            CONSTANT      00000002              2
TRISC3                            CONSTANT      00000003              3
TRISC4                            CONSTANT      00000004              4
TRISC5                            CONSTANT      00000005              5
TRISC6                            CONSTANT      00000006              6
TRISC7                            CONSTANT      00000007              7
TRMT                              CONSTANT      00000001              1
TX8_9                             CONSTANT      00000006              6
TX9                               CONSTANT      00000006              6
TX9D                              CONSTANT      00000000              0
TXD8                              CONSTANT      00000000              0
TXEN                              CONSTANT      00000005              5
TXIE                              CONSTANT      00000004              4
TXIF                              CONSTANT      00000004              4
TXREG                             CONSTANT      00000019             25
TXSTA                             CONSTANT      00000098            152
UA                                CONSTANT      00000001              1
W                                 CONSTANT      00000000              0
WCOL                              CONSTANT      00000007              7
WR                                CONSTANT      00000001              1
WREN                              CONSTANT      00000002              2
WRERR                             CONSTANT      00000003              3
WSAVE                             EXTERNAL      00000000              0
Z                                 CONSTANT      00000002              2
_00001_DS_                        ADDRESS       0000000D             13
_00002_DS_                        ADDRESS       00000012             18
_00003_DS_                        ADDRESS       00000023             35
_00004_DS_                        ADDRESS       00000028             40
_00005_DS_                        ADDRESS       00000035             53
_00006_DS_                        ADDRESS       0000003A             58
_00007_DS_                        ADDRESS       00000057             87
_00008_DS_                        ADDRESS       0000005C             92
_ADCON0                           EXTERNAL      00000000              0
_ADCON0bits                       EXTERNAL      00000000              0
_ADCON1                           EXTERNAL      00000000              0
_ADCON1bits                       EXTERNAL      00000000              0
_ADRESH                           EXTERNAL      00000000              0
_ADRESL                           EXTERNAL      00000000              0
_BODEN_OFF                        CONSTANT      00003FBF          16319
_BODEN_ON                         CONSTANT      00003FFF          16383
_BOREN_OFF                        CONSTANT      00003FBF          16319
_BOREN_ON                         CONSTANT      00003FFF          16383
_CCP1CON                          EXTERNAL      00000000              0
_CCP1CONbits                      EXTERNAL      00000000              0
gpasm-1.5.2 #1319 (Aug 29 2019) build/default   30.08.2019  05:22:10        PAGE 20


SYMBOL TABLE
  LABEL                              TYPE        VALUE         VALUE          VALUE
                                                 (hex)         (dec)          (text)

_CCP2CON                          EXTERNAL      00000000              0
_CCP2CONbits                      EXTERNAL      00000000              0
_CCPR1                            EXTERNAL      00000000              0
_CCPR1H                           EXTERNAL      00000000              0
_CCPR1L                           EXTERNAL      00000000              0
_CCPR2                            EXTERNAL      00000000              0
_CCPR2H                           EXTERNAL      00000000              0
_CCPR2L                           EXTERNAL      00000000              0
_CMCON                            EXTERNAL      00000000              0
_CMCONbits                        EXTERNAL      00000000              0
_CONFIG                           CONSTANT      00002007           8199
_CPD_OFF                          CONSTANT      00003FFF          16383
_CPD_ON                           CONSTANT      00003EFF          16127
_CP_ALL                           CONSTANT      00001FFF           8191
_CP_OFF                           CONSTANT      00003FFF          16383
_CP_ON                            CONSTANT      00001FFF           8191
_CVRCON                           EXTERNAL      00000000              0
_CVRCONbits                       EXTERNAL      00000000              0
_DEBUG_OFF                        CONSTANT      00003FFF          16383
_DEBUG_ON                         CONSTANT      000037FF          14335
_DEVID1                           CONSTANT      00002006           8198
_EEADR                            EXTERNAL      00000000              0
_EEADRH                           EXTERNAL      00000000              0
_EECON1                           EXTERNAL      00000000              0
_EECON1bits                       EXTERNAL      00000000              0
_EECON2                           EXTERNAL      00000000              0
_EEDATA                           EXTERNAL      00000000              0
_EEDATH                           EXTERNAL      00000000              0
_FOSC_EXTRC                       CONSTANT      00003FFF          16383
_FOSC_HS                          CONSTANT      00003FFE          16382
_FOSC_LP                          CONSTANT      00003FFC          16380
_FOSC_XT                          CONSTANT      00003FFD          16381
_FSR                              EXTERNAL      00000000              0
_HS_OSC                           CONSTANT      00003FFE          16382
_IDLOC0                           CONSTANT      00002000           8192
_IDLOC1                           CONSTANT      00002001           8193
_IDLOC2                           CONSTANT      00002002           8194
_IDLOC3                           CONSTANT      00002003           8195
_INDF                             EXTERNAL      00000000              0
_INTCON                           EXTERNAL      00000000              0
_INTCONbits                       EXTERNAL      00000000              0
_LP_OSC                           CONSTANT      00003FFC          16380
_LVP_OFF                          CONSTANT      00003F7F          16255
_LVP_ON                           CONSTANT      00003FFF          16383
_OPTION_REG                       EXTERNAL      00000000              0
_OPTION_REGbits                   EXTERNAL      00000000              0
_PCL                              EXTERNAL      00000000              0
_PCLATH                           EXTERNAL      00000000              0
_PCON                             EXTERNAL      00000000              0
_PCONbits                         EXTERNAL      00000000              0
_PIE1                             EXTERNAL      00000000              0
_PIE1bits                         EXTERNAL      00000000              0
gpasm-1.5.2 #1319 (Aug 29 2019) build/default   30.08.2019  05:22:10        PAGE 21


SYMBOL TABLE
  LABEL                              TYPE        VALUE         VALUE          VALUE
                                                 (hex)         (dec)          (text)

_PIE2                             EXTERNAL      00000000              0
_PIE2bits                         EXTERNAL      00000000              0
_PIR1                             EXTERNAL      00000000              0
_PIR1bits                         EXTERNAL      00000000              0
_PIR2                             EXTERNAL      00000000              0
_PIR2bits                         EXTERNAL      00000000              0
_PORTA                            EXTERNAL      00000000              0
_PORTAbits                        EXTERNAL      00000000              0
_PORTB                            EXTERNAL      00000000              0
_PORTBbits                        EXTERNAL      00000000              0
_PORTC                            EXTERNAL      00000000              0
_PORTCbits                        EXTERNAL      00000000              0
_PR2                              EXTERNAL      00000000              0
_PWRTE_OFF                        CONSTANT      00003FFF          16383
_PWRTE_ON                         CONSTANT      00003FF7          16375
_RCREG                            EXTERNAL      00000000              0
_RCSTA                            EXTERNAL      00000000              0
_RCSTAbits                        EXTERNAL      00000000              0
_RC_OSC                           CONSTANT      00003FFF          16383
_SPBRG                            EXTERNAL      00000000              0
_SSPADD                           EXTERNAL      00000000              0
_SSPBUF                           EXTERNAL      00000000              0
_SSPCON                           EXTERNAL      00000000              0
_SSPCON2                          EXTERNAL      00000000              0
_SSPCON2bits                      EXTERNAL      00000000              0
_SSPCONbits                       EXTERNAL      00000000              0
_SSPSTAT                          EXTERNAL      00000000              0
_SSPSTATbits                      EXTERNAL      00000000              0
_STATUS                           EXTERNAL      00000000              0
_STATUSbits                       EXTERNAL      00000000              0
_T1CON                            EXTERNAL      00000000              0
_T1CONbits                        EXTERNAL      00000000              0
_T2CON                            EXTERNAL      00000000              0
_T2CONbits                        EXTERNAL      00000000              0
_TMR0                             EXTERNAL      00000000              0
_TMR1                             EXTERNAL      00000000              0
_TMR1H                            EXTERNAL      00000000              0
_TMR1L                            EXTERNAL      00000000              0
_TMR2                             EXTERNAL      00000000              0
_TRISA                            EXTERNAL      00000000              0
_TRISAbits                        EXTERNAL      00000000              0
_TRISB                            EXTERNAL      00000000              0
_TRISBbits                        EXTERNAL      00000000              0
_TRISC                            EXTERNAL      00000000              0
_TRISCbits                        EXTERNAL      00000000              0
_TXREG                            EXTERNAL      00000000              0
_TXSTA                            EXTERNAL      00000000              0
_TXSTAbits                        EXTERNAL      00000000              0
_WDTE_OFF                         CONSTANT      00003FFB          16379
_WDTE_ON                          CONSTANT      00003FFF          16383
_WDT_OFF                          CONSTANT      00003FFB          16379
_WDT_ON                           CONSTANT      00003FFF          16383
gpasm-1.5.2 #1319 (Aug 29 2019) build/default   30.08.2019  05:22:10        PAGE 22


SYMBOL TABLE
  LABEL                              TYPE        VALUE         VALUE          VALUE
                                                 (hex)         (dec)          (text)

_WRT_1FOURTH                      CONSTANT      00003BFF          15359
_WRT_256                          CONSTANT      00003DFF          15871
_WRT_HALF                         CONSTANT      000039FF          14847
_WRT_OFF                          CONSTANT      00003FFF          16383
_XT_OSC                           CONSTANT      00003FFD          16381
__14_BIT                          CONSTANT      00000001              1
__16F876A                         CONSTANT      00000001              1
__ACTIVE_BANK_ADDR                VARIABLE      FFFFFFFF             -1
__ACTIVE_PAGE_ADDR                VARIABLE      FFFFFFFF             -1
__ASSUMED_BANK_ADDR               VARIABLE      FFFFFFFF             -1
__BANK_0                          CONSTANT      00000000              0
__BANK_1                          CONSTANT      00000080            128
__BANK_2                          CONSTANT      00000100            256
__BANK_3                          CONSTANT      00000180            384
__BANK_BITS                       CONSTANT      00000180            384
__BANK_FIRST                      CONSTANT      00000000              0
__BANK_INV                        CONSTANT      FFFFFFFF             -1
__BANK_LAST                       CONSTANT      00000180            384
__BANK_MASK                       CONSTANT      0000007F            127
__BANK_SHIFT                      CONSTANT      00000007              7
__BANK_SIZE                       CONSTANT      00000080            128
__CODE_END                        CONSTANT      00001FFF           8191
__CODE_START                      CONSTANT      00000000              0
__COMMON_RAM_END                  CONSTANT      0000007F            127
__COMMON_RAM_START                CONSTANT      00000070            112
__CONFIG_END                      CONSTANT      00002007           8199
__CONFIG_START                    CONSTANT      00002007           8199
__EEPROM_END                      CONSTANT      000021FF           8703
__EEPROM_START                    CONSTANT      00002100           8448
__GPUTILS_SVN_VERSION             CONSTANT      00000527           1319
__GPUTILS_VERSION_MAJOR           CONSTANT      00000001              1
__GPUTILS_VERSION_MICRO           CONSTANT      00000002              2
__GPUTILS_VERSION_MINOR           CONSTANT      00000005              5
__IDLOCS_END                      CONSTANT      00002003           8195
__IDLOCS_START                    CONSTANT      00002000           8192
__NUM_BANKS                       CONSTANT      00000004              4
__NUM_PAGES                       CONSTANT      00000004              4
__PAGE_0                          CONSTANT      00000000              0
__PAGE_1                          CONSTANT      00000800           2048
__PAGE_2                          CONSTANT      00001000           4096
__PAGE_3                          CONSTANT      00001800           6144
__PAGE_BITS                       CONSTANT      00001800           6144
__PAGE_FIRST                      CONSTANT      00000000              0
__PAGE_INV                        CONSTANT      FFFFFFFF             -1
__PAGE_LAST                       CONSTANT      00001800           6144
__PAGE_MASK                       CONSTANT      000007FF           2047
__PAGE_SHIFT                      CONSTANT      0000000B             11
__PAGE_SIZE                       CONSTANT      00000800           2048
__VECTOR_INT                      CONSTANT      00000004              4
__VECTOR_RESET                    CONSTANT      00000000              0
__WHILE_LOOP_COUNT_MAX            CONSTANT      000000FF            255
___fs2schar                       EXTERNAL      00000000              0
gpasm-1.5.2 #1319 (Aug 29 2019) build/default   30.08.2019  05:22:10        PAGE 23


SYMBOL TABLE
  LABEL                              TYPE        VALUE         VALUE          VALUE
                                                 (hex)         (dec)          (text)

___fs2sint                        EXTERNAL      00000000              0
___fs2slong                       EXTERNAL      00000000              0
___fs2uchar                       EXTERNAL      00000000              0
___fs2uint                        EXTERNAL      00000000              0
___fs2ulong                       EXTERNAL      00000000              0
___fsadd                          EXTERNAL      00000000              0
___fsdiv                          EXTERNAL      00000000              0
___fseq                           EXTERNAL      00000000              0
___fsgt                           EXTERNAL      00000000              0
___fslt                           EXTERNAL      00000000              0
___fsmul                          EXTERNAL      00000000              0
___fssub                          EXTERNAL      00000000              0
___schar2fs                       EXTERNAL      00000000              0
___sint2fs                        EXTERNAL      00000000              0
___slong2fs                       EXTERNAL      00000000              0
___uchar2fs                       EXTERNAL      00000000              0
___uint2fs                        EXTERNAL      00000000              0
___ulong2fs                       EXTERNAL      00000000              0
_timer2_init                      GLOBAL        00000000              0
r0x1000                           STATIC        00000000              0
r0x1001                           STATIC        00000001              1
r0x1002                           STATIC        00000002              2

Errors   :     0
Warnings :     0 reported,     0 suppressed
Messages :     0 reported,     0 suppressed

