gpasm-1.5.0 #1285 (Jul 12 2020) obj/sdcc-18f2   11/12/23  13:12:34          PAGE  1


LOC    OBJECT CODE    LINE  SOURCE TEXT
  VALUE

                      00001 ;--------------------------------------------------------
                      00002 ; File Created by SDCC : free open source ANSI-C Compiler
                      00003 ; Version 4.2.0 #13081 (Linux)
                      00004 ;--------------------------------------------------------
                      00005 ; PIC16 port for the Microchip 16-bit core micros
                      00006 ;--------------------------------------------------------
                      00007 
                      00008         .ident "SDCC version 4.2.0 #13081 [pic16 port]"
                      00009         .file   "lib/lcd44780.c"
                      00010         list    p=18f2550
                      00011         radix   dec
                      00012 
                      00013 
                      00014 ;--------------------------------------------------------
                      00015 ; public variables in this module
                      00016 ;--------------------------------------------------------
  0000                00017         global  _lcd_send
  0000                00018         global  _lcd_gotoxy
  0000                00019         global  _lcd_puts
  0000                00020         global  _lcd_putch
  0000                00021         global  _lcd_print_number
  0000                00022         global  _lcd_home
  0000                00023         global  _lcd_clear
  0000                00024         global  _lcd_display
  0000                00025         global  _lcd_no_cursor
  0000                00026         global  _lcd_cursor
  0000                00027         global  _lcd_blink
  0000                00028         global  _lcd_left_to_right
  0000                00029         global  _lcd_autoscroll
  0000                00030         global  _lcd_begin
  0000                00031         global  _lcd_init
                      00032 
                      00033 ;--------------------------------------------------------
                      00034 ; extern variables in this module
                      00035 ;--------------------------------------------------------
  0000                00036         extern  __gptrget1
  0000                00037         extern  _dvar
  0000                00038         extern  _UFRMLbits
  0000                00039         extern  _UFRMHbits
  0000                00040         extern  _UIRbits
  0000                00041         extern  _UIEbits
  0000                00042         extern  _UEIRbits
  0000                00043         extern  _UEIEbits
  0000                00044         extern  _USTATbits
  0000                00045         extern  _UCONbits
  0000                00046         extern  _UADDRbits
  0000                00047         extern  _UCFGbits
  0000                00048         extern  _UEP0bits
  0000                00049         extern  _UEP1bits
  0000                00050         extern  _UEP2bits
  0000                00051         extern  _UEP3bits
  0000                00052         extern  _UEP4bits
  0000                00053         extern  _UEP5bits
gpasm-1.5.0 #1285 (Jul 12 2020) obj/sdcc-18f2   11/12/23  13:12:34          PAGE  2


LOC    OBJECT CODE    LINE  SOURCE TEXT
  VALUE

  0000                00054         extern  _UEP6bits
  0000                00055         extern  _UEP7bits
  0000                00056         extern  _UEP8bits
  0000                00057         extern  _UEP9bits
  0000                00058         extern  _UEP10bits
  0000                00059         extern  _UEP11bits
  0000                00060         extern  _UEP12bits
  0000                00061         extern  _UEP13bits
  0000                00062         extern  _UEP14bits
  0000                00063         extern  _UEP15bits
  0000                00064         extern  _PORTAbits
  0000                00065         extern  _PORTBbits
  0000                00066         extern  _PORTCbits
  0000                00067         extern  _PORTEbits
  0000                00068         extern  _LATAbits
  0000                00069         extern  _LATBbits
  0000                00070         extern  _LATCbits
  0000                00071         extern  _DDRAbits
  0000                00072         extern  _TRISAbits
  0000                00073         extern  _DDRBbits
  0000                00074         extern  _TRISBbits
  0000                00075         extern  _DDRCbits
  0000                00076         extern  _TRISCbits
  0000                00077         extern  _OSCTUNEbits
  0000                00078         extern  _PIE1bits
  0000                00079         extern  _PIR1bits
  0000                00080         extern  _IPR1bits
  0000                00081         extern  _PIE2bits
  0000                00082         extern  _PIR2bits
  0000                00083         extern  _IPR2bits
  0000                00084         extern  _EECON1bits
  0000                00085         extern  _RCSTAbits
  0000                00086         extern  _TXSTAbits
  0000                00087         extern  _T3CONbits
  0000                00088         extern  _CMCONbits
  0000                00089         extern  _CVRCONbits
  0000                00090         extern  _CCP1ASbits
  0000                00091         extern  _ECCP1ASbits
  0000                00092         extern  _CCP1DELbits
  0000                00093         extern  _ECCP1DELbits
  0000                00094         extern  _BAUDCONbits
  0000                00095         extern  _BAUDCTLbits
  0000                00096         extern  _CCP2CONbits
  0000                00097         extern  _CCP1CONbits
  0000                00098         extern  _ADCON2bits
  0000                00099         extern  _ADCON1bits
  0000                00100         extern  _ADCON0bits
  0000                00101         extern  _SSPCON2bits
  0000                00102         extern  _SSPCON1bits
  0000                00103         extern  _SSPSTATbits
  0000                00104         extern  _T2CONbits
  0000                00105         extern  _T1CONbits
  0000                00106         extern  _RCONbits
gpasm-1.5.0 #1285 (Jul 12 2020) obj/sdcc-18f2   11/12/23  13:12:34          PAGE  3


LOC    OBJECT CODE    LINE  SOURCE TEXT
  VALUE

  0000                00107         extern  _WDTCONbits
  0000                00108         extern  _HLVDCONbits
  0000                00109         extern  _LVDCONbits
  0000                00110         extern  _OSCCONbits
  0000                00111         extern  _T0CONbits
  0000                00112         extern  _STATUSbits
  0000                00113         extern  _INTCON3bits
  0000                00114         extern  _INTCON2bits
  0000                00115         extern  _INTCONbits
  0000                00116         extern  _STKPTRbits
  0000                00117         extern  _stdin
  0000                00118         extern  _stdout
  0000                00119         extern  _UFRM
  0000                00120         extern  _UFRML
  0000                00121         extern  _UFRMH
  0000                00122         extern  _UIR
  0000                00123         extern  _UIE
  0000                00124         extern  _UEIR
  0000                00125         extern  _UEIE
  0000                00126         extern  _USTAT
  0000                00127         extern  _UCON
  0000                00128         extern  _UADDR
  0000                00129         extern  _UCFG
  0000                00130         extern  _UEP0
  0000                00131         extern  _UEP1
  0000                00132         extern  _UEP2
  0000                00133         extern  _UEP3
  0000                00134         extern  _UEP4
  0000                00135         extern  _UEP5
  0000                00136         extern  _UEP6
  0000                00137         extern  _UEP7
  0000                00138         extern  _UEP8
  0000                00139         extern  _UEP9
  0000                00140         extern  _UEP10
  0000                00141         extern  _UEP11
  0000                00142         extern  _UEP12
  0000                00143         extern  _UEP13
  0000                00144         extern  _UEP14
  0000                00145         extern  _UEP15
  0000                00146         extern  _PORTA
  0000                00147         extern  _PORTB
  0000                00148         extern  _PORTC
  0000                00149         extern  _PORTE
  0000                00150         extern  _LATA
  0000                00151         extern  _LATB
  0000                00152         extern  _LATC
  0000                00153         extern  _DDRA
  0000                00154         extern  _TRISA
  0000                00155         extern  _DDRB
  0000                00156         extern  _TRISB
  0000                00157         extern  _DDRC
  0000                00158         extern  _TRISC
  0000                00159         extern  _OSCTUNE
gpasm-1.5.0 #1285 (Jul 12 2020) obj/sdcc-18f2   11/12/23  13:12:34          PAGE  4


LOC    OBJECT CODE    LINE  SOURCE TEXT
  VALUE

  0000                00160         extern  _PIE1
  0000                00161         extern  _PIR1
  0000                00162         extern  _IPR1
  0000                00163         extern  _PIE2
  0000                00164         extern  _PIR2
  0000                00165         extern  _IPR2
  0000                00166         extern  _EECON1
  0000                00167         extern  _EECON2
  0000                00168         extern  _EEDATA
  0000                00169         extern  _EEADR
  0000                00170         extern  _RCSTA
  0000                00171         extern  _TXSTA
  0000                00172         extern  _TXREG
  0000                00173         extern  _RCREG
  0000                00174         extern  _SPBRG
  0000                00175         extern  _SPBRGH
  0000                00176         extern  _T3CON
  0000                00177         extern  _TMR3
  0000                00178         extern  _TMR3L
  0000                00179         extern  _TMR3H
  0000                00180         extern  _CMCON
  0000                00181         extern  _CVRCON
  0000                00182         extern  _CCP1AS
  0000                00183         extern  _ECCP1AS
  0000                00184         extern  _CCP1DEL
  0000                00185         extern  _ECCP1DEL
  0000                00186         extern  _BAUDCON
  0000                00187         extern  _BAUDCTL
  0000                00188         extern  _CCP2CON
  0000                00189         extern  _CCPR2
  0000                00190         extern  _CCPR2L
  0000                00191         extern  _CCPR2H
  0000                00192         extern  _CCP1CON
  0000                00193         extern  _CCPR1
  0000                00194         extern  _CCPR1L
  0000                00195         extern  _CCPR1H
  0000                00196         extern  _ADCON2
  0000                00197         extern  _ADCON1
  0000                00198         extern  _ADCON0
  0000                00199         extern  _ADRES
  0000                00200         extern  _ADRESL
  0000                00201         extern  _ADRESH
  0000                00202         extern  _SSPCON2
  0000                00203         extern  _SSPCON1
  0000                00204         extern  _SSPSTAT
  0000                00205         extern  _SSPADD
  0000                00206         extern  _SSPBUF
  0000                00207         extern  _T2CON
  0000                00208         extern  _PR2
  0000                00209         extern  _TMR2
  0000                00210         extern  _T1CON
  0000                00211         extern  _TMR1
  0000                00212         extern  _TMR1L
gpasm-1.5.0 #1285 (Jul 12 2020) obj/sdcc-18f2   11/12/23  13:12:34          PAGE  5


LOC    OBJECT CODE    LINE  SOURCE TEXT
  VALUE

  0000                00213         extern  _TMR1H
  0000                00214         extern  _RCON
  0000                00215         extern  _WDTCON
  0000                00216         extern  _HLVDCON
  0000                00217         extern  _LVDCON
  0000                00218         extern  _OSCCON
  0000                00219         extern  _T0CON
  0000                00220         extern  _TMR0
  0000                00221         extern  _TMR0L
  0000                00222         extern  _TMR0H
  0000                00223         extern  _STATUS
  0000                00224         extern  _FSR2L
  0000                00225         extern  _FSR2H
  0000                00226         extern  _PLUSW2
  0000                00227         extern  _PREINC2
  0000                00228         extern  _POSTDEC2
  0000                00229         extern  _POSTINC2
  0000                00230         extern  _INDF2
  0000                00231         extern  _BSR
  0000                00232         extern  _FSR1L
  0000                00233         extern  _FSR1H
  0000                00234         extern  _PLUSW1
  0000                00235         extern  _PREINC1
  0000                00236         extern  _POSTDEC1
  0000                00237         extern  _POSTINC1
  0000                00238         extern  _INDF1
  0000                00239         extern  _WREG
  0000                00240         extern  _FSR0L
  0000                00241         extern  _FSR0H
  0000                00242         extern  _PLUSW0
  0000                00243         extern  _PREINC0
  0000                00244         extern  _POSTDEC0
  0000                00245         extern  _POSTINC0
  0000                00246         extern  _INDF0
  0000                00247         extern  _INTCON3
  0000                00248         extern  _INTCON2
  0000                00249         extern  _INTCON
  0000                00250         extern  _PROD
  0000                00251         extern  _PRODL
  0000                00252         extern  _PRODH
  0000                00253         extern  _TABLAT
  0000                00254         extern  _TBLPTR
  0000                00255         extern  _TBLPTRL
  0000                00256         extern  _TBLPTRH
  0000                00257         extern  _TBLPTRU
  0000                00258         extern  _PC
  0000                00259         extern  _PCL
  0000                00260         extern  _PCLATH
  0000                00261         extern  _PCLATU
  0000                00262         extern  _STKPTR
  0000                00263         extern  _TOS
  0000                00264         extern  _TOSL
  0000                00265         extern  _TOSH
gpasm-1.5.0 #1285 (Jul 12 2020) obj/sdcc-18f2   11/12/23  13:12:34          PAGE  6


LOC    OBJECT CODE    LINE  SOURCE TEXT
  VALUE

  0000                00266         extern  _TOSU
  0000                00267         extern  _delay_ms
  0000                00268         extern  _delay_us
  0000                00269         extern  __moduint
  0000                00270         extern  __divuint
                      00271 
                      00272 ;--------------------------------------------------------
                      00273 ;       Equates to used internal registers
                      00274 ;--------------------------------------------------------
  00000FD8            00275 STATUS  equ     0xfd8
  00000FE8            00276 WREG    equ     0xfe8
  00000FE9            00277 FSR0L   equ     0xfe9
  00000FEA            00278 FSR0H   equ     0xfea
  00000FE1            00279 FSR1L   equ     0xfe1
  00000FD9            00280 FSR2L   equ     0xfd9
  00000FEF            00281 INDF0   equ     0xfef
  00000FE6            00282 POSTINC1        equ     0xfe6
  00000FE5            00283 POSTDEC1        equ     0xfe5
  00000FE4            00284 PREINC1 equ     0xfe4
  00000FDB            00285 PLUSW2  equ     0xfdb
  00000FF3            00286 PRODL   equ     0xff3
                      00287 
                      00288 
                      00289 ; Internal registers
                      00290 .registers      udata_ovr       0x0000
000000                00291 r0x00   res     1
000001                00292 r0x01   res     1
000002                00293 r0x02   res     1
000003                00294 r0x03   res     1
000004                00295 r0x04   res     1
000005                00296 r0x05   res     1
000006                00297 r0x06   res     1
000007                00298 r0x07   res     1
000008                00299 r0x08   res     1
000009                00300 r0x09   res     1
00000A                00301 r0x0a   res     1
00000B                00302 r0x0b   res     1
                      00303 
                      00304 udata_lcd44780_0        udata
000000                00305 _LCD_function   res     1
                      00306 
                      00307 udata_lcd44780_1        udata
000000                00308 _LCD_ctrl       res     1
                      00309 
                      00310 udata_lcd44780_2        udata
000000                00311 _LCD_mode       res     1
                      00312 
                      00313 udata_lcd44780_3        udata
000000                00314 _LCD_lines      res     1
                      00315 
                      00316 udata_lcd44780_4        udata
000000                00317 _lcd_gotoxy_row_offsets_65536_47        res     4
                      00318 
gpasm-1.5.0 #1285 (Jul 12 2020) obj/sdcc-18f2   11/12/23  13:12:34          PAGE  7


LOC    OBJECT CODE    LINE  SOURCE TEXT
  VALUE

                      00319 udata_lcd44780_5        udata
000000                00320 _lcd_print_number_buf_65536_55  res     32
                      00321 
                      00322 ;--------------------------------------------------------
                      00323 ; global & static initialisations
                      00324 ;--------------------------------------------------------
                      00325 ; I code from now on!
                      00326 ; ; Starting pCode block
                      00327 S_lcd44780__lcd_init    code
000000                00328 _lcd_init:
                      00329         .line   489; lib/lcd44780.c     lcd_init(char fourbitmode) {
000000 CFD9 FFE5      00330         MOVFF   FSR2L, POSTDEC1
000004 CFE1 FFD9      00331         MOVFF   FSR1L, FSR2L
000008 C??? F???      00332         MOVFF   r0x00, POSTDEC1
00000C C??? F???      00333         MOVFF   r0x01, POSTDEC1
000010 0E02           00334         MOVLW   0x02
000012 CFDB F000      00335         MOVFF   PLUSW2, r0x00
000016 010?           00336         BANKSEL _LCD_ctrl
                      00337         .line   491; lib/lcd44780.c     LCD_ctrl = 0;
000018 6B??           00338         CLRF    _LCD_ctrl, B
                      00339         .line   492; lib/lcd44780.c     LCD_function = (fourbitmode ? LCD_4BITMODE : LCD_8BITMODE);
00001A 50??           00340         MOVF    r0x00, W
00001C E0??           00341         BZ      _00288_DS_
00001E 6A??           00342         CLRF    r0x00
000020 6A??           00343         CLRF    r0x01
000022 D???           00344         BRA     _00289_DS_
000024                00345 _00288_DS_:
000024 0E10           00346         MOVLW   0x10
000026 6E??           00347         MOVWF   r0x00
000028 6A??           00348         CLRF    r0x01
00002A                00349 _00289_DS_:
00002A 50??           00350         MOVF    r0x00, W
00002C 010?           00351         BANKSEL _LCD_function
00002E 6F??           00352         MOVWF   _LCD_function, B
000030 010?           00353         BANKSEL _LCD_lines
                      00354         .line   494; lib/lcd44780.c     LCD_lines = 0;
000032 6B??           00355         CLRF    _LCD_lines, B
000034 010?           00356         BANKSEL _LCD_mode
                      00357         .line   496; lib/lcd44780.c     LCD_mode = 0;
000036 6B??           00358         CLRF    _LCD_mode, B
                      00359         .line   498; lib/lcd44780.c     RS_TRIS();
000038 94??           00360         BCF     _TRISB, 2
                      00361         .line   499; lib/lcd44780.c     RS_LOW();
00003A 94??           00362         BCF     _LATB, 2
                      00363         .line   504; lib/lcd44780.c     EN_TRIS();
00003C 96??           00364         BCF     _TRISB, 3
                      00365         .line   505; lib/lcd44780.c     EN_LOW();
00003E 96??           00366         BCF     _LATB, 3
                      00367         .line   507; lib/lcd44780.c     DATA_TRIS();
000040 0E0F           00368         MOVLW   0x0f
000042 16??           00369         ANDWF   _LATB, F
                      00370         .line   517; lib/lcd44780.c     }
000044 CFE4 F000      00371         MOVFF   PREINC1, r0x01
gpasm-1.5.0 #1285 (Jul 12 2020) obj/sdcc-18f2   11/12/23  13:12:34          PAGE  8


LOC    OBJECT CODE    LINE  SOURCE TEXT
  VALUE

000048 CFE4 F000      00372         MOVFF   PREINC1, r0x00
00004C CFE4 FFD9      00373         MOVFF   PREINC1, FSR2L
000050 0012           00374         RETURN  
                      00375 
                      00376 ; ; Starting pCode block
                      00377 S_lcd44780__lcd_begin   code
000000                00378 _lcd_begin:
                      00379         .line   416; lib/lcd44780.c     lcd_begin(uint8_t lines, uint8_t dotsize) {
000000 CFD9 FFE5      00380         MOVFF   FSR2L, POSTDEC1
000004 CFE1 FFD9      00381         MOVFF   FSR1L, FSR2L
000008 C??? F???      00382         MOVFF   r0x00, POSTDEC1
00000C C??? F???      00383         MOVFF   r0x01, POSTDEC1
000010 0E02           00384         MOVLW   0x02
000012 CFDB F000      00385         MOVFF   PLUSW2, r0x00
000016 0E03           00386         MOVLW   0x03
000018 CFDB F000      00387         MOVFF   PLUSW2, r0x01
                      00388         .line   417; lib/lcd44780.c     if(lines > 1)
00001C 0E02           00389         MOVLW   0x02
00001E 5C??           00390         SUBWF   r0x00, W
000020 E3??           00391         BNC     _00249_DS_
000022 010?           00392         BANKSEL _LCD_function
                      00393         .line   418; lib/lcd44780.c     LCD_function |= LCD_2LINE;
000024 87??           00394         BSF     _LCD_function, 3, B
000026                00395 _00249_DS_:
                      00396         .line   421; lib/lcd44780.c     LCD_lines = lines;
000026 C??? F???      00397         MOVFF   r0x00, _LCD_lines
                      00398         .line   425; lib/lcd44780.c     if((dotsize != 0) && (lines == 1))
00002A 50??           00399         MOVF    r0x01, W
00002C E0??           00400         BZ      _00251_DS_
00002E 50??           00401         MOVF    r0x00, W
000030 0A01           00402         XORLW   0x01
000032 E1??           00403         BNZ     _00251_DS_
000034                00404 _00277_DS_:
000034 010?           00405         BANKSEL _LCD_function
                      00406         .line   426; lib/lcd44780.c     LCD_function |= LCD_5x10DOTS;
000036 85??           00407         BSF     _LCD_function, 2, B
000038                00408 _00251_DS_:
                      00409         .line   428; lib/lcd44780.c     delay_ms(15); // Wait more than 15 ms after VDD rises to 4.5V
000038 0E00           00410         MOVLW   0x00
00003A 6EE5           00411         MOVWF   POSTDEC1
00003C 0E0F           00412         MOVLW   0x0f
00003E 6EE5           00413         MOVWF   POSTDEC1
000040 EC?? F0??      00414         CALL    _delay_ms
000044 52E6           00415         MOVF    POSTINC1, F
000046 52E6           00416         MOVF    POSTINC1, F
                      00417         .line   431; lib/lcd44780.c     RS_LOW();
000048 94??           00418         BCF     _LATB, 2
                      00419         .line   432; lib/lcd44780.c     EN_LOW();
00004A 96??           00420         BCF     _LATB, 3
                      00421         .line   435; lib/lcd44780.c     if(!(LCD_function & LCD_8BITMODE)) {
00004C C??? F???      00422         MOVFF   _LCD_function, r0x00
000050 B8??           00423         BTFSC   r0x00, 4
000052 D???           00424         BRA     _00254_DS_
gpasm-1.5.0 #1285 (Jul 12 2020) obj/sdcc-18f2   11/12/23  13:12:34          PAGE  9


LOC    OBJECT CODE    LINE  SOURCE TEXT
  VALUE

                      00425         .line   439; lib/lcd44780.c     lcd_write4bits(0x03);
000054 0E03           00426         MOVLW   0x03
000056 6EE5           00427         MOVWF   POSTDEC1
000058 EC?? F0??      00428         CALL    _lcd_write4bits
00005C 52E6           00429         MOVF    POSTINC1, F
                      00430         .line   440; lib/lcd44780.c     delay_ms(5); // Wait for more than 4.1 ms
00005E 0E00           00431         MOVLW   0x00
000060 6EE5           00432         MOVWF   POSTDEC1
000062 0E05           00433         MOVLW   0x05
000064 6EE5           00434         MOVWF   POSTDEC1
000066 EC?? F0??      00435         CALL    _delay_ms
00006A 52E6           00436         MOVF    POSTINC1, F
00006C 52E6           00437         MOVF    POSTINC1, F
                      00438         .line   442; lib/lcd44780.c     lcd_write4bits(0x03);
00006E 0E03           00439         MOVLW   0x03
000070 6EE5           00440         MOVWF   POSTDEC1
000072 EC?? F0??      00441         CALL    _lcd_write4bits
000076 52E6           00442         MOVF    POSTINC1, F
                      00443         .line   443; lib/lcd44780.c     delay_us(150); // Wait more than 100 μs
000078 0E96           00444         MOVLW   0x96
00007A 6EE5           00445         MOVWF   POSTDEC1
00007C EC?? F0??      00446         CALL    _delay_us
000080 52E6           00447         MOVF    POSTINC1, F
                      00448         .line   445; lib/lcd44780.c     lcd_write4bits(0x03);
000082 0E03           00449         MOVLW   0x03
000084 6EE5           00450         MOVWF   POSTDEC1
000086 EC?? F0??      00451         CALL    _lcd_write4bits
00008A 52E6           00452         MOVF    POSTINC1, F
                      00453         .line   446; lib/lcd44780.c     delay_us(150); // Wait more than 100 μs
00008C 0E96           00454         MOVLW   0x96
00008E 6EE5           00455         MOVWF   POSTDEC1
000090 EC?? F0??      00456         CALL    _delay_us
000094 52E6           00457         MOVF    POSTINC1, F
                      00458         .line   448; lib/lcd44780.c     lcd_write4bits(0x02);
000096 0E02           00459         MOVLW   0x02
000098 6EE5           00460         MOVWF   POSTDEC1
00009A EC?? F0??      00461         CALL    _lcd_write4bits
00009E 52E6           00462         MOVF    POSTINC1, F
0000A0 D???           00463         BRA     _00255_DS_
0000A2                00464 _00254_DS_:
                      00465         .line   455; lib/lcd44780.c     lcd_command(LCD_FUNCTIONSET | LCD_function);
0000A2 0E20           00466         MOVLW   0x20
0000A4 010?           00467         BANKSEL _LCD_function
0000A6 11??           00468         IORWF   _LCD_function, W, B
0000A8 6E??           00469         MOVWF   r0x00
0000AA 50??           00470         MOVF    r0x00, W
0000AC 6EE5           00471         MOVWF   POSTDEC1
0000AE EC?? F0??      00472         CALL    _lcd_command
0000B2 52E6           00473         MOVF    POSTINC1, F
                      00474         .line   456; lib/lcd44780.c     delay_ms(5); // Wait for more than 4.1 ms
0000B4 0E00           00475         MOVLW   0x00
0000B6 6EE5           00476         MOVWF   POSTDEC1
0000B8 0E05           00477         MOVLW   0x05
gpasm-1.5.0 #1285 (Jul 12 2020) obj/sdcc-18f2   11/12/23  13:12:34          PAGE 10


LOC    OBJECT CODE    LINE  SOURCE TEXT
  VALUE

0000BA 6EE5           00478         MOVWF   POSTDEC1
0000BC EC?? F0??      00479         CALL    _delay_ms
0000C0 52E6           00480         MOVF    POSTINC1, F
0000C2 52E6           00481         MOVF    POSTINC1, F
                      00482         .line   459; lib/lcd44780.c     lcd_command(LCD_FUNCTIONSET | LCD_function);
0000C4 0E20           00483         MOVLW   0x20
0000C6 010?           00484         BANKSEL _LCD_function
0000C8 11??           00485         IORWF   _LCD_function, W, B
0000CA 6E??           00486         MOVWF   r0x00
0000CC 50??           00487         MOVF    r0x00, W
0000CE 6EE5           00488         MOVWF   POSTDEC1
0000D0 EC?? F0??      00489         CALL    _lcd_command
0000D4 52E6           00490         MOVF    POSTINC1, F
                      00491         .line   460; lib/lcd44780.c     delay_ms(5); // Wait for more than 4.1 ms
0000D6 0E00           00492         MOVLW   0x00
0000D8 6EE5           00493         MOVWF   POSTDEC1
0000DA 0E05           00494         MOVLW   0x05
0000DC 6EE5           00495         MOVWF   POSTDEC1
0000DE EC?? F0??      00496         CALL    _delay_ms
0000E2 52E6           00497         MOVF    POSTINC1, F
0000E4 52E6           00498         MOVF    POSTINC1, F
                      00499         .line   464; lib/lcd44780.c     lcd_command(LCD_FUNCTIONSET | LCD_function);
0000E6 0E20           00500         MOVLW   0x20
0000E8 010?           00501         BANKSEL _LCD_function
0000EA 11??           00502         IORWF   _LCD_function, W, B
0000EC 6E??           00503         MOVWF   r0x00
0000EE 50??           00504         MOVF    r0x00, W
0000F0 6EE5           00505         MOVWF   POSTDEC1
0000F2 EC?? F0??      00506         CALL    _lcd_command
0000F6 52E6           00507         MOVF    POSTINC1, F
0000F8                00508 _00255_DS_:
                      00509         .line   468; lib/lcd44780.c     lcd_command(LCD_FUNCTIONSET | LCD_function);
0000F8 0E20           00510         MOVLW   0x20
0000FA 010?           00511         BANKSEL _LCD_function
0000FC 11??           00512         IORWF   _LCD_function, W, B
0000FE 6E??           00513         MOVWF   r0x00
000100 50??           00514         MOVF    r0x00, W
000102 6EE5           00515         MOVWF   POSTDEC1
000104 EC?? F0??      00516         CALL    _lcd_command
000108 52E6           00517         MOVF    POSTINC1, F
                      00518         .line   471; lib/lcd44780.c     LCD_ctrl = LCD_DISPLAYON | LCD_CURSOROFF | LCD_BLINKOFF;
00010A 0E04           00519         MOVLW   0x04
00010C 010?           00520         BANKSEL _LCD_ctrl
00010E 6F??           00521         MOVWF   _LCD_ctrl, B
                      00522         .line   472; lib/lcd44780.c     lcd_command(LCD_DISPLAYCONTROL | LCD_ctrl);
000110 0E0C           00523         MOVLW   0x0c
000112 6EE5           00524         MOVWF   POSTDEC1
000114 EC?? F0??      00525         CALL    _lcd_command
000118 52E6           00526         MOVF    POSTINC1, F
                      00527         .line   475; lib/lcd44780.c     lcd_command(LCD_CLEARDISPLAY); // clear display, set cursor posi
                            tion to zero
00011A 0E01           00528         MOVLW   0x01
00011C 6EE5           00529         MOVWF   POSTDEC1
gpasm-1.5.0 #1285 (Jul 12 2020) obj/sdcc-18f2   11/12/23  13:12:34          PAGE 11


LOC    OBJECT CODE    LINE  SOURCE TEXT
  VALUE

00011E EC?? F0??      00530         CALL    _lcd_command
000122 52E6           00531         MOVF    POSTINC1, F
                      00532         .line   476; lib/lcd44780.c     delay_ms(2);
000124 0E00           00533         MOVLW   0x00
000126 6EE5           00534         MOVWF   POSTDEC1
000128 0E02           00535         MOVLW   0x02
00012A 6EE5           00536         MOVWF   POSTDEC1
00012C EC?? F0??      00537         CALL    _delay_ms
000130 52E6           00538         MOVF    POSTINC1, F
000132 52E6           00539         MOVF    POSTINC1, F
                      00540         .line   479; lib/lcd44780.c     LCD_mode = LCD_ENTRYLEFT | LCD_ENTRYSHIFTDECREMENT;
000134 0E02           00541         MOVLW   0x02
000136 010?           00542         BANKSEL _LCD_mode
000138 6F??           00543         MOVWF   _LCD_mode, B
                      00544         .line   481; lib/lcd44780.c     lcd_command(LCD_ENTRYMODESET | LCD_mode);
00013A 0E06           00545         MOVLW   0x06
00013C 6EE5           00546         MOVWF   POSTDEC1
00013E EC?? F0??      00547         CALL    _lcd_command
000142 52E6           00548         MOVF    POSTINC1, F
                      00549         .line   482; lib/lcd44780.c     }
000144 CFE4 F000      00550         MOVFF   PREINC1, r0x01
000148 CFE4 F000      00551         MOVFF   PREINC1, r0x00
00014C CFE4 FFD9      00552         MOVFF   PREINC1, FSR2L
000150 0012           00553         RETURN  
                      00554 
                      00555 ; ; Starting pCode block
                      00556 S_lcd44780__lcd_autoscroll      code
000000                00557 _lcd_autoscroll:
                      00558         .line   397; lib/lcd44780.c     lcd_autoscroll(void) {
000000 CFD9 FFE5      00559         MOVFF   FSR2L, POSTDEC1
000004 CFE1 FFD9      00560         MOVFF   FSR1L, FSR2L
000008 C??? F???      00561         MOVFF   r0x00, POSTDEC1
00000C 010?           00562         BANKSEL _LCD_mode
                      00563         .line   398; lib/lcd44780.c     LCD_mode |= LCD_ENTRYSHIFTINCREMENT;
00000E 81??           00564         BSF     _LCD_mode, 0, B
                      00565         .line   399; lib/lcd44780.c     lcd_command(LCD_ENTRYMODESET | LCD_mode);
000010 0E04           00566         MOVLW   0x04
000012 010?           00567         BANKSEL _LCD_mode
000014 11??           00568         IORWF   _LCD_mode, W, B
000016 6E??           00569         MOVWF   r0x00
000018 50??           00570         MOVF    r0x00, W
00001A 6EE5           00571         MOVWF   POSTDEC1
00001C EC?? F0??      00572         CALL    _lcd_command
000020 52E6           00573         MOVF    POSTINC1, F
                      00574         .line   400; lib/lcd44780.c     }
000022 CFE4 F000      00575         MOVFF   PREINC1, r0x00
000026 CFE4 FFD9      00576         MOVFF   PREINC1, FSR2L
00002A 0012           00577         RETURN  
                      00578 
                      00579 ; ; Starting pCode block
                      00580 S_lcd44780__lcd_left_to_right   code
000000                00581 _lcd_left_to_right:
                      00582         .line   377; lib/lcd44780.c     lcd_left_to_right(void) {
gpasm-1.5.0 #1285 (Jul 12 2020) obj/sdcc-18f2   11/12/23  13:12:34          PAGE 12


LOC    OBJECT CODE    LINE  SOURCE TEXT
  VALUE

000000 CFD9 FFE5      00583         MOVFF   FSR2L, POSTDEC1
000004 CFE1 FFD9      00584         MOVFF   FSR1L, FSR2L
000008 C??? F???      00585         MOVFF   r0x00, POSTDEC1
00000C 010?           00586         BANKSEL _LCD_mode
                      00587         .line   378; lib/lcd44780.c     LCD_mode |= LCD_ENTRYLEFT;
00000E 83??           00588         BSF     _LCD_mode, 1, B
                      00589         .line   379; lib/lcd44780.c     lcd_command(LCD_ENTRYMODESET | LCD_mode);
000010 0E04           00590         MOVLW   0x04
000012 010?           00591         BANKSEL _LCD_mode
000014 11??           00592         IORWF   _LCD_mode, W, B
000016 6E??           00593         MOVWF   r0x00
000018 50??           00594         MOVF    r0x00, W
00001A 6EE5           00595         MOVWF   POSTDEC1
00001C EC?? F0??      00596         CALL    _lcd_command
000020 52E6           00597         MOVF    POSTINC1, F
                      00598         .line   380; lib/lcd44780.c     }
000022 CFE4 F000      00599         MOVFF   PREINC1, r0x00
000026 CFE4 FFD9      00600         MOVFF   PREINC1, FSR2L
00002A 0012           00601         RETURN  
                      00602 
                      00603 ; ; Starting pCode block
                      00604 S_lcd44780__lcd_blink   code
000000                00605 _lcd_blink:
                      00606         .line   350; lib/lcd44780.c     lcd_blink() {
000000 CFD9 FFE5      00607         MOVFF   FSR2L, POSTDEC1
000004 CFE1 FFD9      00608         MOVFF   FSR1L, FSR2L
000008 C??? F???      00609         MOVFF   r0x00, POSTDEC1
00000C 010?           00610         BANKSEL _LCD_ctrl
                      00611         .line   351; lib/lcd44780.c     LCD_ctrl |= LCD_BLINKON;
00000E 81??           00612         BSF     _LCD_ctrl, 0, B
                      00613         .line   352; lib/lcd44780.c     lcd_command(LCD_DISPLAYCONTROL | LCD_ctrl);
000010 0E08           00614         MOVLW   0x08
000012 010?           00615         BANKSEL _LCD_ctrl
000014 11??           00616         IORWF   _LCD_ctrl, W, B
000016 6E??           00617         MOVWF   r0x00
000018 50??           00618         MOVF    r0x00, W
00001A 6EE5           00619         MOVWF   POSTDEC1
00001C EC?? F0??      00620         CALL    _lcd_command
000020 52E6           00621         MOVF    POSTINC1, F
                      00622         .line   353; lib/lcd44780.c     }
000022 CFE4 F000      00623         MOVFF   PREINC1, r0x00
000026 CFE4 FFD9      00624         MOVFF   PREINC1, FSR2L
00002A 0012           00625         RETURN  
                      00626 
                      00627 ; ; Starting pCode block
                      00628 S_lcd44780__lcd_cursor  code
000000                00629 _lcd_cursor:
                      00630         .line   331; lib/lcd44780.c     lcd_cursor() {
000000 CFD9 FFE5      00631         MOVFF   FSR2L, POSTDEC1
000004 CFE1 FFD9      00632         MOVFF   FSR1L, FSR2L
000008 C??? F???      00633         MOVFF   r0x00, POSTDEC1
00000C 010?           00634         BANKSEL _LCD_ctrl
                      00635         .line   332; lib/lcd44780.c     LCD_ctrl |= LCD_CURSORON;
gpasm-1.5.0 #1285 (Jul 12 2020) obj/sdcc-18f2   11/12/23  13:12:34          PAGE 13


LOC    OBJECT CODE    LINE  SOURCE TEXT
  VALUE

00000E 83??           00636         BSF     _LCD_ctrl, 1, B
                      00637         .line   333; lib/lcd44780.c     lcd_command(LCD_DISPLAYCONTROL | LCD_ctrl);
000010 0E08           00638         MOVLW   0x08
000012 010?           00639         BANKSEL _LCD_ctrl
000014 11??           00640         IORWF   _LCD_ctrl, W, B
000016 6E??           00641         MOVWF   r0x00
000018 50??           00642         MOVF    r0x00, W
00001A 6EE5           00643         MOVWF   POSTDEC1
00001C EC?? F0??      00644         CALL    _lcd_command
000020 52E6           00645         MOVF    POSTINC1, F
                      00646         .line   334; lib/lcd44780.c     }
000022 CFE4 F000      00647         MOVFF   PREINC1, r0x00
000026 CFE4 FFD9      00648         MOVFF   PREINC1, FSR2L
00002A 0012           00649         RETURN  
                      00650 
                      00651 ; ; Starting pCode block
                      00652 S_lcd44780__lcd_no_cursor       code
000000                00653 _lcd_no_cursor:
                      00654         .line   322; lib/lcd44780.c     lcd_no_cursor() {
000000 CFD9 FFE5      00655         MOVFF   FSR2L, POSTDEC1
000004 CFE1 FFD9      00656         MOVFF   FSR1L, FSR2L
000008 C??? F???      00657         MOVFF   r0x00, POSTDEC1
00000C 010?           00658         BANKSEL _LCD_ctrl
                      00659         .line   323; lib/lcd44780.c     LCD_ctrl &= ~LCD_CURSORON;
00000E 93??           00660         BCF     _LCD_ctrl, 1, B
                      00661         .line   324; lib/lcd44780.c     lcd_command(LCD_DISPLAYCONTROL | LCD_ctrl);
000010 0E08           00662         MOVLW   0x08
000012 010?           00663         BANKSEL _LCD_ctrl
000014 11??           00664         IORWF   _LCD_ctrl, W, B
000016 6E??           00665         MOVWF   r0x00
000018 50??           00666         MOVF    r0x00, W
00001A 6EE5           00667         MOVWF   POSTDEC1
00001C EC?? F0??      00668         CALL    _lcd_command
000020 52E6           00669         MOVF    POSTINC1, F
                      00670         .line   325; lib/lcd44780.c     }
000022 CFE4 F000      00671         MOVFF   PREINC1, r0x00
000026 CFE4 FFD9      00672         MOVFF   PREINC1, FSR2L
00002A 0012           00673         RETURN  
                      00674 
                      00675 ; ; Starting pCode block
                      00676 S_lcd44780__lcd_display code
000000                00677 _lcd_display:
                      00678         .line   312; lib/lcd44780.c     lcd_display() {
000000 CFD9 FFE5      00679         MOVFF   FSR2L, POSTDEC1
000004 CFE1 FFD9      00680         MOVFF   FSR1L, FSR2L
000008 C??? F???      00681         MOVFF   r0x00, POSTDEC1
00000C 010?           00682         BANKSEL _LCD_ctrl
                      00683         .line   313; lib/lcd44780.c     LCD_ctrl |= LCD_DISPLAYON;
00000E 85??           00684         BSF     _LCD_ctrl, 2, B
                      00685         .line   314; lib/lcd44780.c     lcd_command(LCD_DISPLAYCONTROL | LCD_ctrl);
000010 0E08           00686         MOVLW   0x08
000012 010?           00687         BANKSEL _LCD_ctrl
000014 11??           00688         IORWF   _LCD_ctrl, W, B
gpasm-1.5.0 #1285 (Jul 12 2020) obj/sdcc-18f2   11/12/23  13:12:34          PAGE 14


LOC    OBJECT CODE    LINE  SOURCE TEXT
  VALUE

000016 6E??           00689         MOVWF   r0x00
000018 50??           00690         MOVF    r0x00, W
00001A 6EE5           00691         MOVWF   POSTDEC1
00001C EC?? F0??      00692         CALL    _lcd_command
000020 52E6           00693         MOVF    POSTINC1, F
                      00694         .line   315; lib/lcd44780.c     }
000022 CFE4 F000      00695         MOVFF   PREINC1, r0x00
000026 CFE4 FFD9      00696         MOVFF   PREINC1, FSR2L
00002A 0012           00697         RETURN  
                      00698 
                      00699 ; ; Starting pCode block
                      00700 S_lcd44780__lcd_clear   code
000000                00701 _lcd_clear:
                      00702         .line   292; lib/lcd44780.c     lcd_clear() {
000000 CFD9 FFE5      00703         MOVFF   FSR2L, POSTDEC1
000004 CFE1 FFD9      00704         MOVFF   FSR1L, FSR2L
                      00705         .line   293; lib/lcd44780.c     lcd_command(LCD_CLEARDISPLAY); // clear display, set cursor posi
                            tion to zero
000008 0E01           00706         MOVLW   0x01
00000A 6EE5           00707         MOVWF   POSTDEC1
00000C EC?? F0??      00708         CALL    _lcd_command
000010 52E6           00709         MOVF    POSTINC1, F
                      00710         .line   294; lib/lcd44780.c     delay_ms(2);                   // Wait for more than 4.1 ms
000012 0E00           00711         MOVLW   0x00
000014 6EE5           00712         MOVWF   POSTDEC1
000016 0E02           00713         MOVLW   0x02
000018 6EE5           00714         MOVWF   POSTDEC1
00001A EC?? F0??      00715         CALL    _delay_ms
00001E 52E6           00716         MOVF    POSTINC1, F
000020 52E6           00717         MOVF    POSTINC1, F
                      00718         .line   296; lib/lcd44780.c     }
000022 CFE4 FFD9      00719         MOVFF   PREINC1, FSR2L
000026 0012           00720         RETURN  
                      00721 
                      00722 ; ; Starting pCode block
                      00723 S_lcd44780__lcd_home    code
000000                00724 _lcd_home:
                      00725         .line   281; lib/lcd44780.c     lcd_home() {
000000 CFD9 FFE5      00726         MOVFF   FSR2L, POSTDEC1
000004 CFE1 FFD9      00727         MOVFF   FSR1L, FSR2L
                      00728         .line   282; lib/lcd44780.c     lcd_command(LCD_RETURNHOME);
000008 0E02           00729         MOVLW   0x02
00000A 6EE5           00730         MOVWF   POSTDEC1
00000C EC?? F0??      00731         CALL    _lcd_command
000010 52E6           00732         MOVF    POSTINC1, F
                      00733         .line   283; lib/lcd44780.c     delay_ms(2); // Wait for more than 4.1 ms
000012 0E00           00734         MOVLW   0x00
000014 6EE5           00735         MOVWF   POSTDEC1
000016 0E02           00736         MOVLW   0x02
000018 6EE5           00737         MOVWF   POSTDEC1
00001A EC?? F0??      00738         CALL    _delay_ms
00001E 52E6           00739         MOVF    POSTINC1, F
000020 52E6           00740         MOVF    POSTINC1, F
gpasm-1.5.0 #1285 (Jul 12 2020) obj/sdcc-18f2   11/12/23  13:12:34          PAGE 15


LOC    OBJECT CODE    LINE  SOURCE TEXT
  VALUE

                      00741         .line   285; lib/lcd44780.c     }
000022 CFE4 FFD9      00742         MOVFF   PREINC1, FSR2L
000026 0012           00743         RETURN  
                      00744 
                      00745 ; ; Starting pCode block
                      00746 S_lcd44780__lcd_print_number    code
000000                00747 _lcd_print_number:
                      00748         .line   197; lib/lcd44780.c     lcd_print_number(uint16_t n, uint8_t base, int8_t pad /*, int8_t
                             pointpos*/) {
000000 CFD9 FFE5      00749         MOVFF   FSR2L, POSTDEC1
000004 CFE1 FFD9      00750         MOVFF   FSR1L, FSR2L
000008 C??? F???      00751         MOVFF   r0x00, POSTDEC1
00000C C??? F???      00752         MOVFF   r0x01, POSTDEC1
000010 C??? F???      00753         MOVFF   r0x02, POSTDEC1
000014 C??? F???      00754         MOVFF   r0x03, POSTDEC1
000018 C??? F???      00755         MOVFF   r0x04, POSTDEC1
00001C C??? F???      00756         MOVFF   r0x05, POSTDEC1
000020 C??? F???      00757         MOVFF   r0x06, POSTDEC1
000024 C??? F???      00758         MOVFF   r0x07, POSTDEC1
000028 C??? F???      00759         MOVFF   r0x08, POSTDEC1
00002C C??? F???      00760         MOVFF   r0x09, POSTDEC1
000030 C??? F???      00761         MOVFF   r0x0a, POSTDEC1
000034 C??? F???      00762         MOVFF   r0x0b, POSTDEC1
000038 0E02           00763         MOVLW   0x02
00003A CFDB F000      00764         MOVFF   PLUSW2, r0x00
00003E 0E03           00765         MOVLW   0x03
000040 CFDB F000      00766         MOVFF   PLUSW2, r0x01
000044 0E04           00767         MOVLW   0x04
000046 CFDB F000      00768         MOVFF   PLUSW2, r0x02
00004A 0E05           00769         MOVLW   0x05
00004C CFDB F000      00770         MOVFF   PLUSW2, r0x03
                      00771         .line   201; lib/lcd44780.c     char padchar = ' ';
000050 0E20           00772         MOVLW   0x20
000052 6E??           00773         MOVWF   r0x04
                      00774         .line   203; lib/lcd44780.c     if(pad < 0) {
000054 80D8           00775         BSF     STATUS, 0
000056 AE??           00776         BTFSS   r0x03, 7
000058 90D8           00777         BCF     STATUS, 0
00005A E3??           00778         BNC     _00169_DS_
                      00779         .line   204; lib/lcd44780.c     pad = -pad;
00005C 6C??           00780         NEGF    r0x03
                      00781         .line   205; lib/lcd44780.c     padchar = '0';
00005E 0E30           00782         MOVLW   0x30
000060 6E??           00783         MOVWF   r0x04
000062                00784 _00169_DS_:
                      00785         .line   213; lib/lcd44780.c     do {
000062 6A??           00786         CLRF    r0x05
000064                00787 _00153_DS_:
                      00788         .line   217; lib/lcd44780.c     di = n % base;
000064 C??? F???      00789         MOVFF   r0x02, r0x06
000068 6A??           00790         CLRF    r0x07
00006A 50??           00791         MOVF    r0x07, W
00006C 6EE5           00792         MOVWF   POSTDEC1
gpasm-1.5.0 #1285 (Jul 12 2020) obj/sdcc-18f2   11/12/23  13:12:34          PAGE 16


LOC    OBJECT CODE    LINE  SOURCE TEXT
  VALUE

00006E 50??           00793         MOVF    r0x06, W
000070 6EE5           00794         MOVWF   POSTDEC1
000072 50??           00795         MOVF    r0x01, W
000074 6EE5           00796         MOVWF   POSTDEC1
000076 50??           00797         MOVF    r0x00, W
000078 6EE5           00798         MOVWF   POSTDEC1
00007A EC?? F0??      00799         CALL    __moduint
00007E 6E??           00800         MOVWF   r0x08
000080 CFF3 F000      00801         MOVFF   PRODL, r0x09
000084 0E04           00802         MOVLW   0x04
000086 26E1           00803         ADDWF   FSR1L, F
                      00804         .line   218; lib/lcd44780.c     buf[i++] = (di < 10 ? (uint8_t)'0' + di : (uint8_t)'A' + di - 10
                            );
000088 C??? F???      00805         MOVFF   r0x05, r0x09
00008C 2A??           00806         INCF    r0x05, F
00008E 6A??           00807         CLRF    r0x0a
000090 BE??           00808         BTFSC   r0x09, 7
000092 68??           00809         SETF    r0x0a
000094 0E??           00810         MOVLW   LOW(_lcd_print_number_buf_65536_55)
000096 26??           00811         ADDWF   r0x09, F
000098 0E??           00812         MOVLW   HIGH(_lcd_print_number_buf_65536_55)
00009A 22??           00813         ADDWFC  r0x0a, F
00009C 0E0A           00814         MOVLW   0x0a
00009E 5C??           00815         SUBWF   r0x08, W
0000A0 E2??           00816         BC      _00165_DS_
0000A2 0E30           00817         MOVLW   0x30
0000A4 24??           00818         ADDWF   r0x08, W
0000A6 6E??           00819         MOVWF   r0x0b
0000A8 D???           00820         BRA     _00166_DS_
0000AA                00821 _00165_DS_:
0000AA 0E37           00822         MOVLW   0x37
0000AC 24??           00823         ADDWF   r0x08, W
0000AE 6E??           00824         MOVWF   r0x0b
0000B0                00825 _00166_DS_:
0000B0 C??? F???      00826         MOVFF   r0x09, FSR0L
0000B4 C??? F???      00827         MOVFF   r0x0a, FSR0H
0000B8 C??? F???      00828         MOVFF   r0x0b, INDF0
                      00829         .line   220; lib/lcd44780.c     n /= base;
0000BC 50??           00830         MOVF    r0x07, W
0000BE 6EE5           00831         MOVWF   POSTDEC1
0000C0 50??           00832         MOVF    r0x06, W
0000C2 6EE5           00833         MOVWF   POSTDEC1
0000C4 50??           00834         MOVF    r0x01, W
0000C6 6EE5           00835         MOVWF   POSTDEC1
0000C8 50??           00836         MOVF    r0x00, W
0000CA 6EE5           00837         MOVWF   POSTDEC1
0000CC EC?? F0??      00838         CALL    __divuint
0000D0 6E??           00839         MOVWF   r0x00
0000D2 CFF3 F000      00840         MOVFF   PRODL, r0x01
0000D6 0E04           00841         MOVLW   0x04
0000D8 26E1           00842         ADDWF   FSR1L, F
                      00843         .line   221; lib/lcd44780.c     } while(n > 0);
0000DA 50??           00844         MOVF    r0x00, W
gpasm-1.5.0 #1285 (Jul 12 2020) obj/sdcc-18f2   11/12/23  13:12:34          PAGE 17


LOC    OBJECT CODE    LINE  SOURCE TEXT
  VALUE

0000DC 10??           00845         IORWF   r0x01, W
0000DE A4D8           00846         BTFSS   STATUS, 2
0000E0 D???           00847         BRA     _00153_DS_
                      00848         .line   223; lib/lcd44780.c     while(pad-- >= i) lcd_putch(padchar);
0000E2 C??? F???      00849         MOVFF   r0x05, r0x00
0000E6 C??? F???      00850         MOVFF   r0x03, r0x01
0000EA                00851 _00156_DS_:
0000EA 50??           00852         MOVF    r0x01, W
0000EC 0F80           00853         ADDLW   0x80
0000EE 6EF3           00854         MOVWF   PRODL
0000F0 50??           00855         MOVF    r0x00, W
0000F2 0F80           00856         ADDLW   0x80
0000F4 5CF3           00857         SUBWF   PRODL, W
0000F6 E3??           00858         BNC     _00161_DS_
0000F8 06??           00859         DECF    r0x01, F
0000FA 50??           00860         MOVF    r0x04, W
0000FC 6EE5           00861         MOVWF   POSTDEC1
0000FE EC?? F0??      00862         CALL    _lcd_putch
000102 52E6           00863         MOVF    POSTINC1, F
000104 D???           00864         BRA     _00156_DS_
000106                00865 _00161_DS_:
                      00866         .line   225; lib/lcd44780.c     for(; i > 0; i--) lcd_putch((char)buf[(int16_t)i - 1]);
000106 50??           00867         MOVF    r0x00, W
000108 0F80           00868         ADDLW   0x80
00010A 0F7F           00869         ADDLW   0x7f
00010C E3??           00870         BNC     _00163_DS_
00010E 04??           00871         DECF    r0x00, W
000110 6E??           00872         MOVWF   r0x01
000112 C??? F???      00873         MOVFF   r0x01, r0x02
000116 6A??           00874         CLRF    r0x03
000118 BE??           00875         BTFSC   r0x01, 7
00011A 68??           00876         SETF    r0x03
00011C 0E??           00877         MOVLW   LOW(_lcd_print_number_buf_65536_55)
00011E 26??           00878         ADDWF   r0x02, F
000120 0E??           00879         MOVLW   HIGH(_lcd_print_number_buf_65536_55)
000122 22??           00880         ADDWFC  r0x03, F
000124 C??? F???      00881         MOVFF   r0x02, FSR0L
000128 C??? F???      00882         MOVFF   r0x03, FSR0H
00012C CFEF F000      00883         MOVFF   INDF0, r0x02
000130 50??           00884         MOVF    r0x02, W
000132 6EE5           00885         MOVWF   POSTDEC1
000134 EC?? F0??      00886         CALL    _lcd_putch
000138 52E6           00887         MOVF    POSTINC1, F
00013A C??? F???      00888         MOVFF   r0x01, r0x00
00013E D???           00889         BRA     _00161_DS_
000140                00890 _00163_DS_:
                      00891         .line   227; lib/lcd44780.c     }
000140 CFE4 F000      00892         MOVFF   PREINC1, r0x0b
000144 CFE4 F000      00893         MOVFF   PREINC1, r0x0a
000148 CFE4 F000      00894         MOVFF   PREINC1, r0x09
00014C CFE4 F000      00895         MOVFF   PREINC1, r0x08
000150 CFE4 F000      00896         MOVFF   PREINC1, r0x07
000154 CFE4 F000      00897         MOVFF   PREINC1, r0x06
gpasm-1.5.0 #1285 (Jul 12 2020) obj/sdcc-18f2   11/12/23  13:12:34          PAGE 18


LOC    OBJECT CODE    LINE  SOURCE TEXT
  VALUE

000158 CFE4 F000      00898         MOVFF   PREINC1, r0x05
00015C CFE4 F000      00899         MOVFF   PREINC1, r0x04
000160 CFE4 F000      00900         MOVFF   PREINC1, r0x03
000164 CFE4 F000      00901         MOVFF   PREINC1, r0x02
000168 CFE4 F000      00902         MOVFF   PREINC1, r0x01
00016C CFE4 F000      00903         MOVFF   PREINC1, r0x00
000170 CFE4 FFD9      00904         MOVFF   PREINC1, FSR2L
000174 0012           00905         RETURN  
                      00906 
                      00907 ; ; Starting pCode block
                      00908 S_lcd44780__lcd_putch   code
000000                00909 _lcd_putch:
                      00910         .line   170; lib/lcd44780.c     lcd_putch(char value) {
000000 CFD9 FFE5      00911         MOVFF   FSR2L, POSTDEC1
000004 CFE1 FFD9      00912         MOVFF   FSR1L, FSR2L
000008 C??? F???      00913         MOVFF   r0x00, POSTDEC1
00000C 0E02           00914         MOVLW   0x02
00000E CFDB F000      00915         MOVFF   PLUSW2, r0x00
                      00916         .line   171; lib/lcd44780.c     lcd_send((unsigned char)value, HIGH);
000012 0E01           00917         MOVLW   0x01
000014 6EE5           00918         MOVWF   POSTDEC1
000016 50??           00919         MOVF    r0x00, W
000018 6EE5           00920         MOVWF   POSTDEC1
00001A EC?? F0??      00921         CALL    _lcd_send
00001E 52E6           00922         MOVF    POSTINC1, F
000020 52E6           00923         MOVF    POSTINC1, F
                      00924         .line   172; lib/lcd44780.c     }
000022 CFE4 F000      00925         MOVFF   PREINC1, r0x00
000026 CFE4 FFD9      00926         MOVFF   PREINC1, FSR2L
00002A 0012           00927         RETURN  
                      00928 
                      00929 ; ; Starting pCode block
                      00930 S_lcd44780__lcd_puts    code
000000                00931 _lcd_puts:
                      00932         .line   163; lib/lcd44780.c     lcd_puts(const char* string) {
000000 CFD9 FFE5      00933         MOVFF   FSR2L, POSTDEC1
000004 CFE1 FFD9      00934         MOVFF   FSR1L, FSR2L
000008 C??? F???      00935         MOVFF   r0x00, POSTDEC1
00000C C??? F???      00936         MOVFF   r0x01, POSTDEC1
000010 C??? F???      00937         MOVFF   r0x02, POSTDEC1
000014 C??? F???      00938         MOVFF   r0x03, POSTDEC1
000018 C??? F???      00939         MOVFF   r0x04, POSTDEC1
00001C C??? F???      00940         MOVFF   r0x05, POSTDEC1
000020 C??? F???      00941         MOVFF   r0x06, POSTDEC1
000024 0E02           00942         MOVLW   0x02
000026 CFDB F000      00943         MOVFF   PLUSW2, r0x00
00002A 0E03           00944         MOVLW   0x03
00002C CFDB F000      00945         MOVFF   PLUSW2, r0x01
000030 0E04           00946         MOVLW   0x04
000032 CFDB F000      00947         MOVFF   PLUSW2, r0x02
                      00948         .line   165; lib/lcd44780.c     for(i = 0; string[i]; i++) lcd_putch(string[i]);
000036 6A??           00949         CLRF    r0x03
000038                00950 _00139_DS_:
gpasm-1.5.0 #1285 (Jul 12 2020) obj/sdcc-18f2   11/12/23  13:12:34          PAGE 19


LOC    OBJECT CODE    LINE  SOURCE TEXT
  VALUE

000038 50??           00951         MOVF    r0x03, W
00003A 24??           00952         ADDWF   r0x00, W
00003C 6E??           00953         MOVWF   r0x04
00003E 6AE8           00954         CLRF    WREG
000040 20??           00955         ADDWFC  r0x01, W
000042 6E??           00956         MOVWF   r0x05
000044 6AE8           00957         CLRF    WREG
000046 20??           00958         ADDWFC  r0x02, W
000048 6E??           00959         MOVWF   r0x06
00004A C??? F???      00960         MOVFF   r0x04, FSR0L
00004E C??? F???      00961         MOVFF   r0x05, PRODL
000052 50??           00962         MOVF    r0x06, W
000054 EC?? F0??      00963         CALL    __gptrget1
000058 6E??           00964         MOVWF   r0x04
00005A 50??           00965         MOVF    r0x04, W
00005C E0??           00966         BZ      _00141_DS_
00005E 50??           00967         MOVF    r0x04, W
000060 6EE5           00968         MOVWF   POSTDEC1
000062 EC?? F0??      00969         CALL    _lcd_putch
000066 52E6           00970         MOVF    POSTINC1, F
000068 2A??           00971         INCF    r0x03, F
00006A D???           00972         BRA     _00139_DS_
00006C                00973 _00141_DS_:
                      00974         .line   166; lib/lcd44780.c     }
00006C CFE4 F000      00975         MOVFF   PREINC1, r0x06
000070 CFE4 F000      00976         MOVFF   PREINC1, r0x05
000074 CFE4 F000      00977         MOVFF   PREINC1, r0x04
000078 CFE4 F000      00978         MOVFF   PREINC1, r0x03
00007C CFE4 F000      00979         MOVFF   PREINC1, r0x02
000080 CFE4 F000      00980         MOVFF   PREINC1, r0x01
000084 CFE4 F000      00981         MOVFF   PREINC1, r0x00
000088 CFE4 FFD9      00982         MOVFF   PREINC1, FSR2L
00008C 0012           00983         RETURN  
                      00984 
                      00985 ; ; Starting pCode block
                      00986 S_lcd44780__lcd_gotoxy  code
000000                00987 _lcd_gotoxy:
                      00988         .line   135; lib/lcd44780.c     lcd_gotoxy(uint8_t col, uint8_t row) {
000000 CFD9 FFE5      00989         MOVFF   FSR2L, POSTDEC1
000004 CFE1 FFD9      00990         MOVFF   FSR1L, FSR2L
000008 C??? F???      00991         MOVFF   r0x00, POSTDEC1
00000C C??? F???      00992         MOVFF   r0x01, POSTDEC1
000010 C??? F???      00993         MOVFF   r0x02, POSTDEC1
000014 0E02           00994         MOVLW   0x02
000016 CFDB F000      00995         MOVFF   PLUSW2, r0x00
00001A 0E03           00996         MOVLW   0x03
00001C CFDB F000      00997         MOVFF   PLUSW2, r0x01
000020 010?           00998         BANKSEL _lcd_gotoxy_row_offsets_65536_47
                      00999         .line   137; lib/lcd44780.c     uint8_t row_offsets[] = {0x00, 0x40, 0x14, 0x54};
000022 6B??           01000         CLRF    _lcd_gotoxy_row_offsets_65536_47, B
000024 0E40           01001         MOVLW   0x40
000026 010?           01002         BANKSEL (_lcd_gotoxy_row_offsets_65536_47 + 1)
000028 6F??           01003         MOVWF   (_lcd_gotoxy_row_offsets_65536_47 + 1), B
gpasm-1.5.0 #1285 (Jul 12 2020) obj/sdcc-18f2   11/12/23  13:12:34          PAGE 20


LOC    OBJECT CODE    LINE  SOURCE TEXT
  VALUE

00002A 0E14           01004         MOVLW   0x14
00002C 010?           01005         BANKSEL (_lcd_gotoxy_row_offsets_65536_47 + 2)
00002E 6F??           01006         MOVWF   (_lcd_gotoxy_row_offsets_65536_47 + 2), B
000030 0E54           01007         MOVLW   0x54
000032 010?           01008         BANKSEL (_lcd_gotoxy_row_offsets_65536_47 + 3)
000034 6F??           01009         MOVWF   (_lcd_gotoxy_row_offsets_65536_47 + 3), B
000036 010?           01010         BANKSEL _LCD_lines
                      01011         .line   146; lib/lcd44780.c     if(LCD_lines == 1) {
000038 51??           01012         MOVF    _LCD_lines, W, B
00003A 0A01           01013         XORLW   0x01
00003C E1??           01014         BNZ     _00124_DS_
                      01015         .line   147; lib/lcd44780.c     row_offsets[1] = 0x14;
00003E 0E14           01016         MOVLW   0x14
000040 010?           01017         BANKSEL (_lcd_gotoxy_row_offsets_65536_47 + 1)
000042 6F??           01018         MOVWF   (_lcd_gotoxy_row_offsets_65536_47 + 1), B
                      01019         .line   148; lib/lcd44780.c     row_offsets[2] = 0x28;
000044 0E28           01020         MOVLW   0x28
000046 010?           01021         BANKSEL (_lcd_gotoxy_row_offsets_65536_47 + 2)
000048 6F??           01022         MOVWF   (_lcd_gotoxy_row_offsets_65536_47 + 2), B
                      01023         .line   149; lib/lcd44780.c     row_offsets[3] = 0x3C;
00004A 0E3C           01024         MOVLW   0x3c
00004C 010?           01025         BANKSEL (_lcd_gotoxy_row_offsets_65536_47 + 3)
00004E 6F??           01026         MOVWF   (_lcd_gotoxy_row_offsets_65536_47 + 3), B
000050                01027 _00124_DS_:
                      01028         .line   156; lib/lcd44780.c     lcd_command(LCD_SETDDRAMADDR | (col + row_offsets[row]));
000050 6A??           01029         CLRF    r0x02
000052 0E??           01030         MOVLW   LOW(_lcd_gotoxy_row_offsets_65536_47)
000054 26??           01031         ADDWF   r0x01, F
000056 0E??           01032         MOVLW   HIGH(_lcd_gotoxy_row_offsets_65536_47)
000058 22??           01033         ADDWFC  r0x02, F
00005A C??? F???      01034         MOVFF   r0x01, FSR0L
00005E C??? F???      01035         MOVFF   r0x02, FSR0H
000062 CFEF F000      01036         MOVFF   INDF0, r0x01
000066 50??           01037         MOVF    r0x01, W
000068 26??           01038         ADDWF   r0x00, F
00006A 8E??           01039         BSF     r0x00, 7
00006C 50??           01040         MOVF    r0x00, W
00006E 6EE5           01041         MOVWF   POSTDEC1
000070 EC?? F0??      01042         CALL    _lcd_command
000074 52E6           01043         MOVF    POSTINC1, F
                      01044         .line   157; lib/lcd44780.c     }
000076 CFE4 F000      01045         MOVFF   PREINC1, r0x02
00007A CFE4 F000      01046         MOVFF   PREINC1, r0x01
00007E CFE4 F000      01047         MOVFF   PREINC1, r0x00
000082 CFE4 FFD9      01048         MOVFF   PREINC1, FSR2L
000086 0012           01049         RETURN  
                      01050 
                      01051 ; ; Starting pCode block
                      01052 S_lcd44780__lcd_command code
000000                01053 _lcd_command:
                      01054         .line   127; lib/lcd44780.c     lcd_command(uint8_t value) {
000000 CFD9 FFE5      01055         MOVFF   FSR2L, POSTDEC1
000004 CFE1 FFD9      01056         MOVFF   FSR1L, FSR2L
gpasm-1.5.0 #1285 (Jul 12 2020) obj/sdcc-18f2   11/12/23  13:12:34          PAGE 21


LOC    OBJECT CODE    LINE  SOURCE TEXT
  VALUE

000008 C??? F???      01057         MOVFF   r0x00, POSTDEC1
00000C 0E02           01058         MOVLW   0x02
00000E CFDB F000      01059         MOVFF   PLUSW2, r0x00
                      01060         .line   128; lib/lcd44780.c     lcd_send(value, LOW);
000012 0E00           01061         MOVLW   0x00
000014 6EE5           01062         MOVWF   POSTDEC1
000016 50??           01063         MOVF    r0x00, W
000018 6EE5           01064         MOVWF   POSTDEC1
00001A EC?? F0??      01065         CALL    _lcd_send
00001E 52E6           01066         MOVF    POSTINC1, F
000020 52E6           01067         MOVF    POSTINC1, F
                      01068         .line   129; lib/lcd44780.c     }
000022 CFE4 F000      01069         MOVFF   PREINC1, r0x00
000026 CFE4 FFD9      01070         MOVFF   PREINC1, FSR2L
00002A 0012           01071         RETURN  
                      01072 
                      01073 ; ; Starting pCode block
                      01074 S_lcd44780__lcd_send    code
000000                01075 _lcd_send:
                      01076         .line   103; lib/lcd44780.c     lcd_send(uint8_t value, uint8_t mode) {
000000 CFD9 FFE5      01077         MOVFF   FSR2L, POSTDEC1
000004 CFE1 FFD9      01078         MOVFF   FSR1L, FSR2L
000008 C??? F???      01079         MOVFF   r0x00, POSTDEC1
00000C C??? F???      01080         MOVFF   r0x01, POSTDEC1
000010 0E02           01081         MOVLW   0x02
000012 CFDB F000      01082         MOVFF   PLUSW2, r0x00
000016 0E03           01083         MOVLW   0x03
000018 CFDB F000      01084         MOVFF   PLUSW2, r0x01
                      01085         .line   104; lib/lcd44780.c     if(mode) {
00001C 50??           01086         MOVF    r0x01, W
00001E E0??           01087         BZ      _00111_DS_
                      01088         .line   105; lib/lcd44780.c     RS_HIGH();
000020 84??           01089         BSF     _LATB, 2
000022 D???           01090         BRA     _00112_DS_
000024                01091 _00111_DS_:
                      01092         .line   107; lib/lcd44780.c     RS_LOW();
000024 94??           01093         BCF     _LATB, 2
000026                01094 _00112_DS_:
                      01095         .line   116; lib/lcd44780.c     lcd_write4bits(value >> 4); // Upper 4 bits first
000026 38??           01096         SWAPF   r0x00, W
000028 0B0F           01097         ANDLW   0x0f
00002A 6E??           01098         MOVWF   r0x01
00002C 50??           01099         MOVF    r0x01, W
00002E 6EE5           01100         MOVWF   POSTDEC1
000030 EC?? F0??      01101         CALL    _lcd_write4bits
000034 52E6           01102         MOVF    POSTINC1, F
                      01103         .line   117; lib/lcd44780.c     lcd_write4bits(value);      // Lower 4 bits second
000036 50??           01104         MOVF    r0x00, W
000038 6EE5           01105         MOVWF   POSTDEC1
00003A EC?? F0??      01106         CALL    _lcd_write4bits
00003E 52E6           01107         MOVF    POSTINC1, F
                      01108         .line   119; lib/lcd44780.c     }
000040 CFE4 F000      01109         MOVFF   PREINC1, r0x01
gpasm-1.5.0 #1285 (Jul 12 2020) obj/sdcc-18f2   11/12/23  13:12:34          PAGE 22


LOC    OBJECT CODE    LINE  SOURCE TEXT
  VALUE

000044 CFE4 F000      01110         MOVFF   PREINC1, r0x00
000048 CFE4 FFD9      01111         MOVFF   PREINC1, FSR2L
00004C 0012           01112         RETURN  
                      01113 
                      01114 ; ; Starting pCode block
                      01115 S_lcd44780__lcd_write4bits      code
000000                01116 _lcd_write4bits:
                      01117         .line   34; lib/lcd44780.c      lcd_write4bits(uint8_t value) {
000000 CFD9 FFE5      01118         MOVFF   FSR2L, POSTDEC1
000004 CFE1 FFD9      01119         MOVFF   FSR1L, FSR2L
000008 C??? F???      01120         MOVFF   r0x00, POSTDEC1
00000C C??? F???      01121         MOVFF   r0x01, POSTDEC1
000010 0E02           01122         MOVLW   0x02
000012 CFDB F000      01123         MOVFF   PLUSW2, r0x00
                      01124         .line   39; lib/lcd44780.c      OUTB &= 0b00001111;
000016 0E0F           01125         MOVLW   0x0f
000018 16??           01126         ANDWF   _LATB, F
                      01127         .line   40; lib/lcd44780.c      OUTB |= value << 4;
00001A 38??           01128         SWAPF   r0x00, W
00001C 0BF0           01129         ANDLW   0xf0
00001E 6E??           01130         MOVWF   r0x01
000020 50??           01131         MOVF    r0x01, W
000022 12??           01132         IORWF   _LATB, F
                      01133         .line   55; lib/lcd44780.c      lcd_pulse_enable();
000024 86??           01134         BSF     _LATB, 3
000026 0E04           01135         MOVLW   0x04
000028 6EE5           01136         MOVWF   POSTDEC1
00002A EC?? F0??      01137         CALL    _delay_us
00002E 52E6           01138         MOVF    POSTINC1, F
000030 96??           01139         BCF     _LATB, 3
000032 0E64           01140         MOVLW   0x64
000034 6EE5           01141         MOVWF   POSTDEC1
000036 EC?? F0??      01142         CALL    _delay_us
00003A 52E6           01143         MOVF    POSTINC1, F
                      01144         .line   60; lib/lcd44780.c      }
00003C CFE4 F000      01145         MOVFF   PREINC1, r0x01
000040 CFE4 F000      01146         MOVFF   PREINC1, r0x00
000044 CFE4 FFD9      01147         MOVFF   PREINC1, FSR2L
000048 0012           01148         RETURN  
                      01149 
                      01150 
                      01151 
                      01152 ; Statistics:
                      01153 ; code size:     1656 (0x0678) bytes ( 1.26%)
                      01154 ;                 828 (0x033c) words
                      01155 ; udata size:      40 (0x0028) bytes ( 2.23%)
                      01156 ; access size:     12 (0x000c) bytes
                      01157 
                      01158 
                      01159         end
gpasm-1.5.0 #1285 (Jul 12 2020) obj/sdcc-18f2   11/12/23  13:12:34          PAGE 23


SYMBOL TABLE
  LABEL                              TYPE        VALUE         VALUE          VALUE
                                                 (hex)         (dec)          (text)

FSR0H                             CONSTANT      00000FEA           4074
FSR0L                             CONSTANT      00000FE9           4073
FSR1L                             CONSTANT      00000FE1           4065
FSR2L                             CONSTANT      00000FD9           4057
INDF0                             CONSTANT      00000FEF           4079
PLUSW2                            CONSTANT      00000FDB           4059
POSTDEC1                          CONSTANT      00000FE5           4069
POSTINC1                          CONSTANT      00000FE6           4070
PREINC1                           CONSTANT      00000FE4           4068
PRODL                             CONSTANT      00000FF3           4083
STATUS                            CONSTANT      00000FD8           4056
WREG                              CONSTANT      00000FE8           4072
_00111_DS_                        ADDRESS       00000024             36
_00112_DS_                        ADDRESS       00000026             38
_00124_DS_                        ADDRESS       00000050             80
_00139_DS_                        ADDRESS       00000038             56
_00141_DS_                        ADDRESS       0000006C            108
_00153_DS_                        ADDRESS       00000064            100
_00156_DS_                        ADDRESS       000000EA            234
_00161_DS_                        ADDRESS       00000106            262
_00163_DS_                        ADDRESS       00000140            320
_00165_DS_                        ADDRESS       000000AA            170
_00166_DS_                        ADDRESS       000000B0            176
_00169_DS_                        ADDRESS       00000062             98
_00249_DS_                        ADDRESS       00000026             38
_00251_DS_                        ADDRESS       00000038             56
_00254_DS_                        ADDRESS       000000A2            162
_00255_DS_                        ADDRESS       000000F8            248
_00277_DS_                        ADDRESS       00000034             52
_00288_DS_                        ADDRESS       00000024             36
_00289_DS_                        ADDRESS       0000002A             42
_ADCON0                           EXTERNAL      00000000              0
_ADCON0bits                       EXTERNAL      00000000              0
_ADCON1                           EXTERNAL      00000000              0
_ADCON1bits                       EXTERNAL      00000000              0
_ADCON2                           EXTERNAL      00000000              0
_ADCON2bits                       EXTERNAL      00000000              0
_ADRES                            EXTERNAL      00000000              0
_ADRESH                           EXTERNAL      00000000              0
_ADRESL                           EXTERNAL      00000000              0
_BAUDCON                          EXTERNAL      00000000              0
_BAUDCONbits                      EXTERNAL      00000000              0
_BAUDCTL                          EXTERNAL      00000000              0
_BAUDCTLbits                      EXTERNAL      00000000              0
_BSR                              EXTERNAL      00000000              0
_CCPR1                            EXTERNAL      00000000              0
_CCPR1H                           EXTERNAL      00000000              0
_CCPR1L                           EXTERNAL      00000000              0
_CCPR2                            EXTERNAL      00000000              0
_CCPR2H                           EXTERNAL      00000000              0
_CCPR2L                           EXTERNAL      00000000              0
_CCP1AS                           EXTERNAL      00000000              0
gpasm-1.5.0 #1285 (Jul 12 2020) obj/sdcc-18f2   11/12/23  13:12:34          PAGE 24


SYMBOL TABLE
  LABEL                              TYPE        VALUE         VALUE          VALUE
                                                 (hex)         (dec)          (text)

_CCP1ASbits                       EXTERNAL      00000000              0
_CCP1CON                          EXTERNAL      00000000              0
_CCP1CONbits                      EXTERNAL      00000000              0
_CCP1DEL                          EXTERNAL      00000000              0
_CCP1DELbits                      EXTERNAL      00000000              0
_CCP2CON                          EXTERNAL      00000000              0
_CCP2CONbits                      EXTERNAL      00000000              0
_CMCON                            EXTERNAL      00000000              0
_CMCONbits                        EXTERNAL      00000000              0
_CVRCON                           EXTERNAL      00000000              0
_CVRCONbits                       EXTERNAL      00000000              0
_DDRA                             EXTERNAL      00000000              0
_DDRAbits                         EXTERNAL      00000000              0
_DDRB                             EXTERNAL      00000000              0
_DDRBbits                         EXTERNAL      00000000              0
_DDRC                             EXTERNAL      00000000              0
_DDRCbits                         EXTERNAL      00000000              0
_ECCP1AS                          EXTERNAL      00000000              0
_ECCP1ASbits                      EXTERNAL      00000000              0
_ECCP1DEL                         EXTERNAL      00000000              0
_ECCP1DELbits                     EXTERNAL      00000000              0
_EEADR                            EXTERNAL      00000000              0
_EECON1                           EXTERNAL      00000000              0
_EECON1bits                       EXTERNAL      00000000              0
_EECON2                           EXTERNAL      00000000              0
_EEDATA                           EXTERNAL      00000000              0
_FSR0H                            EXTERNAL      00000000              0
_FSR0L                            EXTERNAL      00000000              0
_FSR1H                            EXTERNAL      00000000              0
_FSR1L                            EXTERNAL      00000000              0
_FSR2H                            EXTERNAL      00000000              0
_FSR2L                            EXTERNAL      00000000              0
_HLVDCON                          EXTERNAL      00000000              0
_HLVDCONbits                      EXTERNAL      00000000              0
_INDF0                            EXTERNAL      00000000              0
_INDF1                            EXTERNAL      00000000              0
_INDF2                            EXTERNAL      00000000              0
_INTCON                           EXTERNAL      00000000              0
_INTCONbits                       EXTERNAL      00000000              0
_INTCON2                          EXTERNAL      00000000              0
_INTCON2bits                      EXTERNAL      00000000              0
_INTCON3                          EXTERNAL      00000000              0
_INTCON3bits                      EXTERNAL      00000000              0
_IPR1                             EXTERNAL      00000000              0
_IPR1bits                         EXTERNAL      00000000              0
_IPR2                             EXTERNAL      00000000              0
_IPR2bits                         EXTERNAL      00000000              0
_LATA                             EXTERNAL      00000000              0
_LATAbits                         EXTERNAL      00000000              0
_LATB                             EXTERNAL      00000000              0
_LATBbits                         EXTERNAL      00000000              0
_LATC                             EXTERNAL      00000000              0
gpasm-1.5.0 #1285 (Jul 12 2020) obj/sdcc-18f2   11/12/23  13:12:34          PAGE 25


SYMBOL TABLE
  LABEL                              TYPE        VALUE         VALUE          VALUE
                                                 (hex)         (dec)          (text)

_LATCbits                         EXTERNAL      00000000              0
_LCD_ctrl                         STATIC        00000000              0
_LCD_function                     STATIC        00000000              0
_LCD_lines                        STATIC        00000000              0
_LCD_mode                         STATIC        00000000              0
_LVDCON                           EXTERNAL      00000000              0
_LVDCONbits                       EXTERNAL      00000000              0
_OSCCON                           EXTERNAL      00000000              0
_OSCCONbits                       EXTERNAL      00000000              0
_OSCTUNE                          EXTERNAL      00000000              0
_OSCTUNEbits                      EXTERNAL      00000000              0
_PC                               EXTERNAL      00000000              0
_PCL                              EXTERNAL      00000000              0
_PCLATH                           EXTERNAL      00000000              0
_PCLATU                           EXTERNAL      00000000              0
_PIE1                             EXTERNAL      00000000              0
_PIE1bits                         EXTERNAL      00000000              0
_PIE2                             EXTERNAL      00000000              0
_PIE2bits                         EXTERNAL      00000000              0
_PIR1                             EXTERNAL      00000000              0
_PIR1bits                         EXTERNAL      00000000              0
_PIR2                             EXTERNAL      00000000              0
_PIR2bits                         EXTERNAL      00000000              0
_PLUSW0                           EXTERNAL      00000000              0
_PLUSW1                           EXTERNAL      00000000              0
_PLUSW2                           EXTERNAL      00000000              0
_PORTA                            EXTERNAL      00000000              0
_PORTAbits                        EXTERNAL      00000000              0
_PORTB                            EXTERNAL      00000000              0
_PORTBbits                        EXTERNAL      00000000              0
_PORTC                            EXTERNAL      00000000              0
_PORTCbits                        EXTERNAL      00000000              0
_PORTE                            EXTERNAL      00000000              0
_PORTEbits                        EXTERNAL      00000000              0
_POSTDEC0                         EXTERNAL      00000000              0
_POSTDEC1                         EXTERNAL      00000000              0
_POSTDEC2                         EXTERNAL      00000000              0
_POSTINC0                         EXTERNAL      00000000              0
_POSTINC1                         EXTERNAL      00000000              0
_POSTINC2                         EXTERNAL      00000000              0
_PREINC0                          EXTERNAL      00000000              0
_PREINC1                          EXTERNAL      00000000              0
_PREINC2                          EXTERNAL      00000000              0
_PROD                             EXTERNAL      00000000              0
_PRODH                            EXTERNAL      00000000              0
_PRODL                            EXTERNAL      00000000              0
_PR2                              EXTERNAL      00000000              0
_RCON                             EXTERNAL      00000000              0
_RCONbits                         EXTERNAL      00000000              0
_RCREG                            EXTERNAL      00000000              0
_RCSTA                            EXTERNAL      00000000              0
_RCSTAbits                        EXTERNAL      00000000              0
gpasm-1.5.0 #1285 (Jul 12 2020) obj/sdcc-18f2   11/12/23  13:12:34          PAGE 26


SYMBOL TABLE
  LABEL                              TYPE        VALUE         VALUE          VALUE
                                                 (hex)         (dec)          (text)

_SPBRG                            EXTERNAL      00000000              0
_SPBRGH                           EXTERNAL      00000000              0
_SSPADD                           EXTERNAL      00000000              0
_SSPBUF                           EXTERNAL      00000000              0
_SSPCON1                          EXTERNAL      00000000              0
_SSPCON1bits                      EXTERNAL      00000000              0
_SSPCON2                          EXTERNAL      00000000              0
_SSPCON2bits                      EXTERNAL      00000000              0
_SSPSTAT                          EXTERNAL      00000000              0
_SSPSTATbits                      EXTERNAL      00000000              0
_STATUS                           EXTERNAL      00000000              0
_STATUSbits                       EXTERNAL      00000000              0
_STKPTR                           EXTERNAL      00000000              0
_STKPTRbits                       EXTERNAL      00000000              0
_T0CON                            EXTERNAL      00000000              0
_T0CONbits                        EXTERNAL      00000000              0
_TABLAT                           EXTERNAL      00000000              0
_TBLPTR                           EXTERNAL      00000000              0
_TBLPTRH                          EXTERNAL      00000000              0
_TBLPTRL                          EXTERNAL      00000000              0
_TBLPTRU                          EXTERNAL      00000000              0
_TMR0                             EXTERNAL      00000000              0
_TMR0H                            EXTERNAL      00000000              0
_TMR0L                            EXTERNAL      00000000              0
_TMR1                             EXTERNAL      00000000              0
_TMR1H                            EXTERNAL      00000000              0
_TMR1L                            EXTERNAL      00000000              0
_TMR2                             EXTERNAL      00000000              0
_TMR3                             EXTERNAL      00000000              0
_TMR3H                            EXTERNAL      00000000              0
_TMR3L                            EXTERNAL      00000000              0
_TOS                              EXTERNAL      00000000              0
_TOSH                             EXTERNAL      00000000              0
_TOSL                             EXTERNAL      00000000              0
_TOSU                             EXTERNAL      00000000              0
_TRISA                            EXTERNAL      00000000              0
_TRISAbits                        EXTERNAL      00000000              0
_TRISB                            EXTERNAL      00000000              0
_TRISBbits                        EXTERNAL      00000000              0
_TRISC                            EXTERNAL      00000000              0
_TRISCbits                        EXTERNAL      00000000              0
_TXREG                            EXTERNAL      00000000              0
_TXSTA                            EXTERNAL      00000000              0
_TXSTAbits                        EXTERNAL      00000000              0
_T1CON                            EXTERNAL      00000000              0
_T1CONbits                        EXTERNAL      00000000              0
_T2CON                            EXTERNAL      00000000              0
_T2CONbits                        EXTERNAL      00000000              0
_T3CON                            EXTERNAL      00000000              0
_T3CONbits                        EXTERNAL      00000000              0
_UADDR                            EXTERNAL      00000000              0
_UADDRbits                        EXTERNAL      00000000              0
gpasm-1.5.0 #1285 (Jul 12 2020) obj/sdcc-18f2   11/12/23  13:12:34          PAGE 27


SYMBOL TABLE
  LABEL                              TYPE        VALUE         VALUE          VALUE
                                                 (hex)         (dec)          (text)

_UCFG                             EXTERNAL      00000000              0
_UCFGbits                         EXTERNAL      00000000              0
_UCON                             EXTERNAL      00000000              0
_UCONbits                         EXTERNAL      00000000              0
_UEIE                             EXTERNAL      00000000              0
_UEIEbits                         EXTERNAL      00000000              0
_UEIR                             EXTERNAL      00000000              0
_UEIRbits                         EXTERNAL      00000000              0
_UEP0                             EXTERNAL      00000000              0
_UEP0bits                         EXTERNAL      00000000              0
_UEP1                             EXTERNAL      00000000              0
_UEP1bits                         EXTERNAL      00000000              0
_UEP2                             EXTERNAL      00000000              0
_UEP2bits                         EXTERNAL      00000000              0
_UEP3                             EXTERNAL      00000000              0
_UEP3bits                         EXTERNAL      00000000              0
_UEP4                             EXTERNAL      00000000              0
_UEP4bits                         EXTERNAL      00000000              0
_UEP5                             EXTERNAL      00000000              0
_UEP5bits                         EXTERNAL      00000000              0
_UEP6                             EXTERNAL      00000000              0
_UEP6bits                         EXTERNAL      00000000              0
_UEP7                             EXTERNAL      00000000              0
_UEP7bits                         EXTERNAL      00000000              0
_UEP8                             EXTERNAL      00000000              0
_UEP8bits                         EXTERNAL      00000000              0
_UEP9                             EXTERNAL      00000000              0
_UEP9bits                         EXTERNAL      00000000              0
_UEP10                            EXTERNAL      00000000              0
_UEP10bits                        EXTERNAL      00000000              0
_UEP11                            EXTERNAL      00000000              0
_UEP11bits                        EXTERNAL      00000000              0
_UEP12                            EXTERNAL      00000000              0
_UEP12bits                        EXTERNAL      00000000              0
_UEP13                            EXTERNAL      00000000              0
_UEP13bits                        EXTERNAL      00000000              0
_UEP14                            EXTERNAL      00000000              0
_UEP14bits                        EXTERNAL      00000000              0
_UEP15                            EXTERNAL      00000000              0
_UEP15bits                        EXTERNAL      00000000              0
_UFRM                             EXTERNAL      00000000              0
_UFRMH                            EXTERNAL      00000000              0
_UFRMHbits                        EXTERNAL      00000000              0
_UFRML                            EXTERNAL      00000000              0
_UFRMLbits                        EXTERNAL      00000000              0
_UIE                              EXTERNAL      00000000              0
_UIEbits                          EXTERNAL      00000000              0
_UIR                              EXTERNAL      00000000              0
_UIRbits                          EXTERNAL      00000000              0
_USTAT                            EXTERNAL      00000000              0
_USTATbits                        EXTERNAL      00000000              0
_WDTCON                           EXTERNAL      00000000              0
gpasm-1.5.0 #1285 (Jul 12 2020) obj/sdcc-18f2   11/12/23  13:12:34          PAGE 28


SYMBOL TABLE
  LABEL                              TYPE        VALUE         VALUE          VALUE
                                                 (hex)         (dec)          (text)

_WDTCONbits                       EXTERNAL      00000000              0
_WREG                             EXTERNAL      00000000              0
__ACC_RAM_LOW_END                 CONSTANT      0000005F             95
__ACC_RAM_LOW_START               CONSTANT      00000000              0
__ACTIVE_BANK_ADDR                VARIABLE      FFFFFFFF             -1
__ASSUMED_BANK_ADDR               VARIABLE      FFFFFFFF             -1
__BANK_0                          CONSTANT      00000000              0
__BANK_BITS                       CONSTANT      00000F00           3840
__BANK_FIRST                      CONSTANT      00000000              0
__BANK_INV                        CONSTANT      FFFFFFFF             -1
__BANK_LAST                       CONSTANT      00000F00           3840
__BANK_MASK                       CONSTANT      000000FF            255
__BANK_SHIFT                      CONSTANT      00000008              8
__BANK_SIZE                       CONSTANT      00000100            256
__BANK_1                          CONSTANT      00000100            256
__BANK_2                          CONSTANT      00000200            512
__BANK_3                          CONSTANT      00000300            768
__BANK_4                          CONSTANT      00000400           1024
__BANK_5                          CONSTANT      00000500           1280
__BANK_6                          CONSTANT      00000600           1536
__BANK_7                          CONSTANT      00000700           1792
__BANK_8                          CONSTANT      00000800           2048
__BANK_9                          CONSTANT      00000900           2304
__BANK_10                         CONSTANT      00000A00           2560
__BANK_11                         CONSTANT      00000B00           2816
__BANK_12                         CONSTANT      00000C00           3072
__BANK_13                         CONSTANT      00000D00           3328
__BANK_14                         CONSTANT      00000E00           3584
__BANK_15                         CONSTANT      00000F00           3840
__CODE_END                        CONSTANT      00007FFF          32767
__CODE_START                      CONSTANT      00000000              0
__COMMON_RAM_END                  CONSTANT      0000005F             95
__COMMON_RAM_START                CONSTANT      00000000              0
__CONFIG_END                      CONSTANT      0030000D        3145741
__CONFIG_START                    CONSTANT      00300000        3145728
__EEPROM_END                      CONSTANT      00F000FF       15728895
__EEPROM_START                    CONSTANT      00F00000       15728640
__EXTENDED                        CONSTANT      00000001              1
__GPUTILS_SVN_VERSION             CONSTANT      00000505           1285
__GPUTILS_VERSION_MAJOR           CONSTANT      00000001              1
__GPUTILS_VERSION_MICRO           CONSTANT      00000000              0
__GPUTILS_VERSION_MINOR           CONSTANT      00000005              5
__IDLOCS_END                      CONSTANT      00200007        2097159
__IDLOCS_START                    CONSTANT      00200000        2097152
__NUM_BANKS                       CONSTANT      00000010             16
__VECTOR_INT_HIGH                 CONSTANT      00000008              8
__VECTOR_INT_LOW                  CONSTANT      00000018             24
__VECTOR_RESET                    CONSTANT      00000000              0
__WHILE_LOOP_COUNT_MAX            CONSTANT      000000FF            255
__divuint                         EXTERNAL      00000000              0
__gptrget1                        EXTERNAL      00000000              0
__moduint                         EXTERNAL      00000000              0
gpasm-1.5.0 #1285 (Jul 12 2020) obj/sdcc-18f2   11/12/23  13:12:34          PAGE 29


SYMBOL TABLE
  LABEL                              TYPE        VALUE         VALUE          VALUE
                                                 (hex)         (dec)          (text)

__16_BIT                          CONSTANT      00000001              1
__18F2550                         CONSTANT      00000001              1
_delay_ms                         EXTERNAL      00000000              0
_delay_us                         EXTERNAL      00000000              0
_dvar                             EXTERNAL      00000000              0
_lcd_autoscroll                   GLOBAL        00000000              0
_lcd_begin                        GLOBAL        00000000              0
_lcd_blink                        GLOBAL        00000000              0
_lcd_clear                        GLOBAL        00000000              0
_lcd_command                      ADDRESS       00000000              0
_lcd_cursor                       GLOBAL        00000000              0
_lcd_display                      GLOBAL        00000000              0
_lcd_gotoxy                       GLOBAL        00000000              0
_lcd_gotoxy_row_offsets_65536_47  STATIC        00000000              0
_lcd_home                         GLOBAL        00000000              0
_lcd_init                         GLOBAL        00000000              0
_lcd_left_to_right                GLOBAL        00000000              0
_lcd_no_cursor                    GLOBAL        00000000              0
_lcd_print_number                 GLOBAL        00000000              0
_lcd_print_number_buf_65536_55    STATIC        00000000              0
_lcd_putch                        GLOBAL        00000000              0
_lcd_puts                         GLOBAL        00000000              0
_lcd_send                         GLOBAL        00000000              0
_lcd_write4bits                   ADDRESS       00000000              0
_stdin                            EXTERNAL      00000000              0
_stdout                           EXTERNAL      00000000              0
r0x00                             STATIC        00000000              0
r0x01                             STATIC        00000001              1
r0x02                             STATIC        00000002              2
r0x03                             STATIC        00000003              3
r0x04                             STATIC        00000004              4
r0x05                             STATIC        00000005              5
r0x06                             STATIC        00000006              6
r0x07                             STATIC        00000007              7
r0x08                             STATIC        00000008              8
r0x09                             STATIC        00000009              9
r0x0a                             STATIC        0000000A             10
r0x0b                             STATIC        0000000B             11

Errors   :     0
Warnings :     0 reported,     0 suppressed
Messages :     0 reported,     0 suppressed

