gpasm-1.5.0 #1285 (Jul 12 2020) obj/sdcc-18f2   11/12/23  13:12:38          PAGE  1


LOC    OBJECT CODE    LINE  SOURCE TEXT
  VALUE

                      00001 ;--------------------------------------------------------
                      00002 ; File Created by SDCC : free open source ANSI-C Compiler
                      00003 ; Version 4.2.0 #13081 (Linux)
                      00004 ;--------------------------------------------------------
                      00005 ; PIC16 port for the Microchip 16-bit core micros
                      00006 ;--------------------------------------------------------
                      00007         list    p=18f2520
                      00008         radix   dec
                      00009 
                      00010 
                      00011 ;--------------------------------------------------------
                      00012 ; public variables in this module
                      00013 ;--------------------------------------------------------
  0000                00014         global  _lcd_send
  0000                00015         global  _lcd_gotoxy
  0000                00016         global  _lcd_puts
  0000                00017         global  _lcd_putch
  0000                00018         global  _lcd_print_number
  0000                00019         global  _lcd_home
  0000                00020         global  _lcd_clear
  0000                00021         global  _lcd_display
  0000                00022         global  _lcd_no_cursor
  0000                00023         global  _lcd_cursor
  0000                00024         global  _lcd_blink
  0000                00025         global  _lcd_left_to_right
  0000                00026         global  _lcd_autoscroll
  0000                00027         global  _lcd_begin
  0000                00028         global  _lcd_init
                      00029 
                      00030 ;--------------------------------------------------------
                      00031 ; extern variables in this module
                      00032 ;--------------------------------------------------------
  0000                00033         extern  __gptrget1
  0000                00034         extern  _dvar
  0000                00035         extern  _PORTAbits
  0000                00036         extern  _PORTBbits
  0000                00037         extern  _PORTCbits
  0000                00038         extern  _PORTEbits
  0000                00039         extern  _LATAbits
  0000                00040         extern  _LATBbits
  0000                00041         extern  _LATCbits
  0000                00042         extern  _DDRAbits
  0000                00043         extern  _TRISAbits
  0000                00044         extern  _DDRBbits
  0000                00045         extern  _TRISBbits
  0000                00046         extern  _DDRCbits
  0000                00047         extern  _TRISCbits
  0000                00048         extern  _OSCTUNEbits
  0000                00049         extern  _PIE1bits
  0000                00050         extern  _PIR1bits
  0000                00051         extern  _IPR1bits
  0000                00052         extern  _PIE2bits
  0000                00053         extern  _PIR2bits
gpasm-1.5.0 #1285 (Jul 12 2020) obj/sdcc-18f2   11/12/23  13:12:38          PAGE  2


LOC    OBJECT CODE    LINE  SOURCE TEXT
  VALUE

  0000                00054         extern  _IPR2bits
  0000                00055         extern  _EECON1bits
  0000                00056         extern  _RCSTAbits
  0000                00057         extern  _TXSTAbits
  0000                00058         extern  _T3CONbits
  0000                00059         extern  _CMCONbits
  0000                00060         extern  _CVRCONbits
  0000                00061         extern  _ECCP1ASbits
  0000                00062         extern  _ECCPASbits
  0000                00063         extern  _ECCP1DELbits
  0000                00064         extern  _PWM1CONbits
  0000                00065         extern  _BAUDCONbits
  0000                00066         extern  _BAUDCTLbits
  0000                00067         extern  _CCP2CONbits
  0000                00068         extern  _CCP1CONbits
  0000                00069         extern  _ADCON2bits
  0000                00070         extern  _ADCON1bits
  0000                00071         extern  _ADCON0bits
  0000                00072         extern  _SSPCON2bits
  0000                00073         extern  _SSPCON1bits
  0000                00074         extern  _SSPSTATbits
  0000                00075         extern  _T2CONbits
  0000                00076         extern  _T1CONbits
  0000                00077         extern  _RCONbits
  0000                00078         extern  _WDTCONbits
  0000                00079         extern  _HLVDCONbits
  0000                00080         extern  _LVDCONbits
  0000                00081         extern  _OSCCONbits
  0000                00082         extern  _T0CONbits
  0000                00083         extern  _STATUSbits
  0000                00084         extern  _INTCON3bits
  0000                00085         extern  _INTCON2bits
  0000                00086         extern  _INTCONbits
  0000                00087         extern  _STKPTRbits
  0000                00088         extern  _stdin
  0000                00089         extern  _stdout
  0000                00090         extern  _PORTA
  0000                00091         extern  _PORTB
  0000                00092         extern  _PORTC
  0000                00093         extern  _PORTE
  0000                00094         extern  _LATA
  0000                00095         extern  _LATB
  0000                00096         extern  _LATC
  0000                00097         extern  _DDRA
  0000                00098         extern  _TRISA
  0000                00099         extern  _DDRB
  0000                00100         extern  _TRISB
  0000                00101         extern  _DDRC
  0000                00102         extern  _TRISC
  0000                00103         extern  _OSCTUNE
  0000                00104         extern  _PIE1
  0000                00105         extern  _PIR1
  0000                00106         extern  _IPR1
gpasm-1.5.0 #1285 (Jul 12 2020) obj/sdcc-18f2   11/12/23  13:12:38          PAGE  3


LOC    OBJECT CODE    LINE  SOURCE TEXT
  VALUE

  0000                00107         extern  _PIE2
  0000                00108         extern  _PIR2
  0000                00109         extern  _IPR2
  0000                00110         extern  _EECON1
  0000                00111         extern  _EECON2
  0000                00112         extern  _EEDATA
  0000                00113         extern  _EEADR
  0000                00114         extern  _RCSTA
  0000                00115         extern  _TXSTA
  0000                00116         extern  _TXREG
  0000                00117         extern  _RCREG
  0000                00118         extern  _SPBRG
  0000                00119         extern  _SPBRGH
  0000                00120         extern  _T3CON
  0000                00121         extern  _TMR3
  0000                00122         extern  _TMR3L
  0000                00123         extern  _TMR3H
  0000                00124         extern  _CMCON
  0000                00125         extern  _CVRCON
  0000                00126         extern  _ECCP1AS
  0000                00127         extern  _ECCPAS
  0000                00128         extern  _ECCP1DEL
  0000                00129         extern  _PWM1CON
  0000                00130         extern  _BAUDCON
  0000                00131         extern  _BAUDCTL
  0000                00132         extern  _CCP2CON
  0000                00133         extern  _CCPR2
  0000                00134         extern  _CCPR2L
  0000                00135         extern  _CCPR2H
  0000                00136         extern  _CCP1CON
  0000                00137         extern  _CCPR1
  0000                00138         extern  _CCPR1L
  0000                00139         extern  _CCPR1H
  0000                00140         extern  _ADCON2
  0000                00141         extern  _ADCON1
  0000                00142         extern  _ADCON0
  0000                00143         extern  _ADRES
  0000                00144         extern  _ADRESL
  0000                00145         extern  _ADRESH
  0000                00146         extern  _SSPCON2
  0000                00147         extern  _SSPCON1
  0000                00148         extern  _SSPSTAT
  0000                00149         extern  _SSPADD
  0000                00150         extern  _SSPBUF
  0000                00151         extern  _T2CON
  0000                00152         extern  _PR2
  0000                00153         extern  _TMR2
  0000                00154         extern  _T1CON
  0000                00155         extern  _TMR1
  0000                00156         extern  _TMR1L
  0000                00157         extern  _TMR1H
  0000                00158         extern  _RCON
  0000                00159         extern  _WDTCON
gpasm-1.5.0 #1285 (Jul 12 2020) obj/sdcc-18f2   11/12/23  13:12:38          PAGE  4


LOC    OBJECT CODE    LINE  SOURCE TEXT
  VALUE

  0000                00160         extern  _HLVDCON
  0000                00161         extern  _LVDCON
  0000                00162         extern  _OSCCON
  0000                00163         extern  _T0CON
  0000                00164         extern  _TMR0
  0000                00165         extern  _TMR0L
  0000                00166         extern  _TMR0H
  0000                00167         extern  _STATUS
  0000                00168         extern  _FSR2L
  0000                00169         extern  _FSR2H
  0000                00170         extern  _PLUSW2
  0000                00171         extern  _PREINC2
  0000                00172         extern  _POSTDEC2
  0000                00173         extern  _POSTINC2
  0000                00174         extern  _INDF2
  0000                00175         extern  _BSR
  0000                00176         extern  _FSR1L
  0000                00177         extern  _FSR1H
  0000                00178         extern  _PLUSW1
  0000                00179         extern  _PREINC1
  0000                00180         extern  _POSTDEC1
  0000                00181         extern  _POSTINC1
  0000                00182         extern  _INDF1
  0000                00183         extern  _WREG
  0000                00184         extern  _FSR0L
  0000                00185         extern  _FSR0H
  0000                00186         extern  _PLUSW0
  0000                00187         extern  _PREINC0
  0000                00188         extern  _POSTDEC0
  0000                00189         extern  _POSTINC0
  0000                00190         extern  _INDF0
  0000                00191         extern  _INTCON3
  0000                00192         extern  _INTCON2
  0000                00193         extern  _INTCON
  0000                00194         extern  _PROD
  0000                00195         extern  _PRODL
  0000                00196         extern  _PRODH
  0000                00197         extern  _TABLAT
  0000                00198         extern  _TBLPTR
  0000                00199         extern  _TBLPTRL
  0000                00200         extern  _TBLPTRH
  0000                00201         extern  _TBLPTRU
  0000                00202         extern  _PC
  0000                00203         extern  _PCL
  0000                00204         extern  _PCLATH
  0000                00205         extern  _PCLATU
  0000                00206         extern  _STKPTR
  0000                00207         extern  _TOS
  0000                00208         extern  _TOSL
  0000                00209         extern  _TOSH
  0000                00210         extern  _TOSU
  0000                00211         extern  _delay_ms
  0000                00212         extern  _delay_us
gpasm-1.5.0 #1285 (Jul 12 2020) obj/sdcc-18f2   11/12/23  13:12:38          PAGE  5


LOC    OBJECT CODE    LINE  SOURCE TEXT
  VALUE

  0000                00213         extern  __moduint
  0000                00214         extern  __divuint
                      00215 
                      00216 ;--------------------------------------------------------
                      00217 ;       Equates to used internal registers
                      00218 ;--------------------------------------------------------
  00000FD8            00219 STATUS  equ     0xfd8
  00000FE8            00220 WREG    equ     0xfe8
  00000FE9            00221 FSR0L   equ     0xfe9
  00000FEA            00222 FSR0H   equ     0xfea
  00000FE1            00223 FSR1L   equ     0xfe1
  00000FD9            00224 FSR2L   equ     0xfd9
  00000FEF            00225 INDF0   equ     0xfef
  00000FE6            00226 POSTINC1        equ     0xfe6
  00000FE5            00227 POSTDEC1        equ     0xfe5
  00000FE4            00228 PREINC1 equ     0xfe4
  00000FDB            00229 PLUSW2  equ     0xfdb
  00000FF3            00230 PRODL   equ     0xff3
                      00231 
                      00232 
                      00233 ; Internal registers
                      00234 .registers      udata_ovr       0x0000
000000                00235 r0x00   res     1
000001                00236 r0x01   res     1
000002                00237 r0x02   res     1
000003                00238 r0x03   res     1
000004                00239 r0x04   res     1
000005                00240 r0x05   res     1
000006                00241 r0x06   res     1
000007                00242 r0x07   res     1
000008                00243 r0x08   res     1
000009                00244 r0x09   res     1
00000A                00245 r0x0a   res     1
00000B                00246 r0x0b   res     1
                      00247 
                      00248 udata_lcd44780_0        udata
000000                00249 _LCD_function   res     1
                      00250 
                      00251 udata_lcd44780_1        udata
000000                00252 _LCD_ctrl       res     1
                      00253 
                      00254 udata_lcd44780_2        udata
000000                00255 _LCD_mode       res     1
                      00256 
                      00257 udata_lcd44780_3        udata
000000                00258 _LCD_lines      res     1
                      00259 
                      00260 udata_lcd44780_4        udata
000000                00261 _lcd_gotoxy_row_offsets_65536_47        res     4
                      00262 
                      00263 udata_lcd44780_5        udata
000000                00264 _lcd_print_number_buf_65536_55  res     32
                      00265 
gpasm-1.5.0 #1285 (Jul 12 2020) obj/sdcc-18f2   11/12/23  13:12:38          PAGE  6


LOC    OBJECT CODE    LINE  SOURCE TEXT
  VALUE

                      00266 ;--------------------------------------------------------
                      00267 ; global & static initialisations
                      00268 ;--------------------------------------------------------
                      00269 ; I code from now on!
                      00270 ; ; Starting pCode block
                      00271 S_lcd44780__lcd_init    code
000000                00272 _lcd_init:
                      00273 ;       .line   489; lib/lcd44780.c     lcd_init(char fourbitmode) {
000000 CFD9 FFE5      00274         MOVFF   FSR2L, POSTDEC1
000004 CFE1 FFD9      00275         MOVFF   FSR1L, FSR2L
000008 C??? F???      00276         MOVFF   r0x00, POSTDEC1
00000C C??? F???      00277         MOVFF   r0x01, POSTDEC1
000010 0E02           00278         MOVLW   0x02
000012 CFDB F000      00279         MOVFF   PLUSW2, r0x00
000016 010?           00280         BANKSEL _LCD_ctrl
                      00281 ;       .line   491; lib/lcd44780.c     LCD_ctrl = 0;
000018 6B??           00282         CLRF    _LCD_ctrl, B
                      00283 ;       .line   492; lib/lcd44780.c     LCD_function = (fourbitmode ? LCD_4BITMODE : LCD_8BITMODE);
00001A 50??           00284         MOVF    r0x00, W
00001C E0??           00285         BZ      _00288_DS_
00001E 6A??           00286         CLRF    r0x00
000020 6A??           00287         CLRF    r0x01
000022 D???           00288         BRA     _00289_DS_
000024                00289 _00288_DS_:
000024 0E10           00290         MOVLW   0x10
000026 6E??           00291         MOVWF   r0x00
000028 6A??           00292         CLRF    r0x01
00002A                00293 _00289_DS_:
00002A 50??           00294         MOVF    r0x00, W
00002C 010?           00295         BANKSEL _LCD_function
00002E 6F??           00296         MOVWF   _LCD_function, B
000030 010?           00297         BANKSEL _LCD_lines
                      00298 ;       .line   494; lib/lcd44780.c     LCD_lines = 0;
000032 6B??           00299         CLRF    _LCD_lines, B
000034 010?           00300         BANKSEL _LCD_mode
                      00301 ;       .line   496; lib/lcd44780.c     LCD_mode = 0;
000036 6B??           00302         CLRF    _LCD_mode, B
                      00303 ;       .line   498; lib/lcd44780.c     RS_TRIS();
000038 94??           00304         BCF     _TRISB, 2
                      00305 ;       .line   499; lib/lcd44780.c     RS_LOW();
00003A 94??           00306         BCF     _LATB, 2
                      00307 ;       .line   504; lib/lcd44780.c     EN_TRIS();
00003C 96??           00308         BCF     _TRISB, 3
                      00309 ;       .line   505; lib/lcd44780.c     EN_LOW();
00003E 96??           00310         BCF     _LATB, 3
                      00311 ;       .line   507; lib/lcd44780.c     DATA_TRIS();
000040 0E0F           00312         MOVLW   0x0f
000042 16??           00313         ANDWF   _LATB, F
                      00314 ;       .line   517; lib/lcd44780.c     }
000044 CFE4 F000      00315         MOVFF   PREINC1, r0x01
000048 CFE4 F000      00316         MOVFF   PREINC1, r0x00
00004C CFE4 FFD9      00317         MOVFF   PREINC1, FSR2L
000050 0012           00318         RETURN  
gpasm-1.5.0 #1285 (Jul 12 2020) obj/sdcc-18f2   11/12/23  13:12:38          PAGE  7


LOC    OBJECT CODE    LINE  SOURCE TEXT
  VALUE

                      00319 
                      00320 ; ; Starting pCode block
                      00321 S_lcd44780__lcd_begin   code
000000                00322 _lcd_begin:
                      00323 ;       .line   416; lib/lcd44780.c     lcd_begin(uint8_t lines, uint8_t dotsize) {
000000 CFD9 FFE5      00324         MOVFF   FSR2L, POSTDEC1
000004 CFE1 FFD9      00325         MOVFF   FSR1L, FSR2L
000008 C??? F???      00326         MOVFF   r0x00, POSTDEC1
00000C C??? F???      00327         MOVFF   r0x01, POSTDEC1
000010 0E02           00328         MOVLW   0x02
000012 CFDB F000      00329         MOVFF   PLUSW2, r0x00
000016 0E03           00330         MOVLW   0x03
000018 CFDB F000      00331         MOVFF   PLUSW2, r0x01
                      00332 ;       .line   417; lib/lcd44780.c     if(lines > 1)
00001C 0E02           00333         MOVLW   0x02
00001E 5C??           00334         SUBWF   r0x00, W
000020 E3??           00335         BNC     _00249_DS_
000022 010?           00336         BANKSEL _LCD_function
                      00337 ;       .line   418; lib/lcd44780.c     LCD_function |= LCD_2LINE;
000024 87??           00338         BSF     _LCD_function, 3, B
000026                00339 _00249_DS_:
                      00340 ;       .line   421; lib/lcd44780.c     LCD_lines = lines;
000026 C??? F???      00341         MOVFF   r0x00, _LCD_lines
                      00342 ;       .line   425; lib/lcd44780.c     if((dotsize != 0) && (lines == 1))
00002A 50??           00343         MOVF    r0x01, W
00002C E0??           00344         BZ      _00251_DS_
00002E 50??           00345         MOVF    r0x00, W
000030 0A01           00346         XORLW   0x01
000032 E1??           00347         BNZ     _00251_DS_
000034                00348 _00277_DS_:
000034 010?           00349         BANKSEL _LCD_function
                      00350 ;       .line   426; lib/lcd44780.c     LCD_function |= LCD_5x10DOTS;
000036 85??           00351         BSF     _LCD_function, 2, B
000038                00352 _00251_DS_:
                      00353 ;       .line   428; lib/lcd44780.c     delay_ms(15); // Wait more than 15 ms after VDD rises to 4.5V
000038 0E00           00354         MOVLW   0x00
00003A 6EE5           00355         MOVWF   POSTDEC1
00003C 0E0F           00356         MOVLW   0x0f
00003E 6EE5           00357         MOVWF   POSTDEC1
000040 EC?? F0??      00358         CALL    _delay_ms
000044 52E6           00359         MOVF    POSTINC1, F
000046 52E6           00360         MOVF    POSTINC1, F
                      00361 ;       .line   431; lib/lcd44780.c     RS_LOW();
000048 94??           00362         BCF     _LATB, 2
                      00363 ;       .line   432; lib/lcd44780.c     EN_LOW();
00004A 96??           00364         BCF     _LATB, 3
                      00365 ;       .line   435; lib/lcd44780.c     if(!(LCD_function & LCD_8BITMODE)) {
00004C C??? F???      00366         MOVFF   _LCD_function, r0x00
000050 B8??           00367         BTFSC   r0x00, 4
000052 D???           00368         BRA     _00254_DS_
                      00369 ;       .line   439; lib/lcd44780.c     lcd_write4bits(0x03);
000054 0E03           00370         MOVLW   0x03
000056 6EE5           00371         MOVWF   POSTDEC1
gpasm-1.5.0 #1285 (Jul 12 2020) obj/sdcc-18f2   11/12/23  13:12:38          PAGE  8


LOC    OBJECT CODE    LINE  SOURCE TEXT
  VALUE

000058 EC?? F0??      00372         CALL    _lcd_write4bits
00005C 52E6           00373         MOVF    POSTINC1, F
                      00374 ;       .line   440; lib/lcd44780.c     delay_ms(5); // Wait for more than 4.1 ms
00005E 0E00           00375         MOVLW   0x00
000060 6EE5           00376         MOVWF   POSTDEC1
000062 0E05           00377         MOVLW   0x05
000064 6EE5           00378         MOVWF   POSTDEC1
000066 EC?? F0??      00379         CALL    _delay_ms
00006A 52E6           00380         MOVF    POSTINC1, F
00006C 52E6           00381         MOVF    POSTINC1, F
                      00382 ;       .line   442; lib/lcd44780.c     lcd_write4bits(0x03);
00006E 0E03           00383         MOVLW   0x03
000070 6EE5           00384         MOVWF   POSTDEC1
000072 EC?? F0??      00385         CALL    _lcd_write4bits
000076 52E6           00386         MOVF    POSTINC1, F
                      00387 ;       .line   443; lib/lcd44780.c     delay_us(150); // Wait more than 100 μs
000078 0E96           00388         MOVLW   0x96
00007A 6EE5           00389         MOVWF   POSTDEC1
00007C EC?? F0??      00390         CALL    _delay_us
000080 52E6           00391         MOVF    POSTINC1, F
                      00392 ;       .line   445; lib/lcd44780.c     lcd_write4bits(0x03);
000082 0E03           00393         MOVLW   0x03
000084 6EE5           00394         MOVWF   POSTDEC1
000086 EC?? F0??      00395         CALL    _lcd_write4bits
00008A 52E6           00396         MOVF    POSTINC1, F
                      00397 ;       .line   446; lib/lcd44780.c     delay_us(150); // Wait more than 100 μs
00008C 0E96           00398         MOVLW   0x96
00008E 6EE5           00399         MOVWF   POSTDEC1
000090 EC?? F0??      00400         CALL    _delay_us
000094 52E6           00401         MOVF    POSTINC1, F
                      00402 ;       .line   448; lib/lcd44780.c     lcd_write4bits(0x02);
000096 0E02           00403         MOVLW   0x02
000098 6EE5           00404         MOVWF   POSTDEC1
00009A EC?? F0??      00405         CALL    _lcd_write4bits
00009E 52E6           00406         MOVF    POSTINC1, F
0000A0 D???           00407         BRA     _00255_DS_
0000A2                00408 _00254_DS_:
                      00409 ;       .line   455; lib/lcd44780.c     lcd_command(LCD_FUNCTIONSET | LCD_function);
0000A2 0E20           00410         MOVLW   0x20
0000A4 010?           00411         BANKSEL _LCD_function
0000A6 11??           00412         IORWF   _LCD_function, W, B
0000A8 6E??           00413         MOVWF   r0x00
0000AA 50??           00414         MOVF    r0x00, W
0000AC 6EE5           00415         MOVWF   POSTDEC1
0000AE EC?? F0??      00416         CALL    _lcd_command
0000B2 52E6           00417         MOVF    POSTINC1, F
                      00418 ;       .line   456; lib/lcd44780.c     delay_ms(5); // Wait for more than 4.1 ms
0000B4 0E00           00419         MOVLW   0x00
0000B6 6EE5           00420         MOVWF   POSTDEC1
0000B8 0E05           00421         MOVLW   0x05
0000BA 6EE5           00422         MOVWF   POSTDEC1
0000BC EC?? F0??      00423         CALL    _delay_ms
0000C0 52E6           00424         MOVF    POSTINC1, F
gpasm-1.5.0 #1285 (Jul 12 2020) obj/sdcc-18f2   11/12/23  13:12:38          PAGE  9


LOC    OBJECT CODE    LINE  SOURCE TEXT
  VALUE

0000C2 52E6           00425         MOVF    POSTINC1, F
                      00426 ;       .line   459; lib/lcd44780.c     lcd_command(LCD_FUNCTIONSET | LCD_function);
0000C4 0E20           00427         MOVLW   0x20
0000C6 010?           00428         BANKSEL _LCD_function
0000C8 11??           00429         IORWF   _LCD_function, W, B
0000CA 6E??           00430         MOVWF   r0x00
0000CC 50??           00431         MOVF    r0x00, W
0000CE 6EE5           00432         MOVWF   POSTDEC1
0000D0 EC?? F0??      00433         CALL    _lcd_command
0000D4 52E6           00434         MOVF    POSTINC1, F
                      00435 ;       .line   460; lib/lcd44780.c     delay_ms(5); // Wait for more than 4.1 ms
0000D6 0E00           00436         MOVLW   0x00
0000D8 6EE5           00437         MOVWF   POSTDEC1
0000DA 0E05           00438         MOVLW   0x05
0000DC 6EE5           00439         MOVWF   POSTDEC1
0000DE EC?? F0??      00440         CALL    _delay_ms
0000E2 52E6           00441         MOVF    POSTINC1, F
0000E4 52E6           00442         MOVF    POSTINC1, F
                      00443 ;       .line   464; lib/lcd44780.c     lcd_command(LCD_FUNCTIONSET | LCD_function);
0000E6 0E20           00444         MOVLW   0x20
0000E8 010?           00445         BANKSEL _LCD_function
0000EA 11??           00446         IORWF   _LCD_function, W, B
0000EC 6E??           00447         MOVWF   r0x00
0000EE 50??           00448         MOVF    r0x00, W
0000F0 6EE5           00449         MOVWF   POSTDEC1
0000F2 EC?? F0??      00450         CALL    _lcd_command
0000F6 52E6           00451         MOVF    POSTINC1, F
0000F8                00452 _00255_DS_:
                      00453 ;       .line   468; lib/lcd44780.c     lcd_command(LCD_FUNCTIONSET | LCD_function);
0000F8 0E20           00454         MOVLW   0x20
0000FA 010?           00455         BANKSEL _LCD_function
0000FC 11??           00456         IORWF   _LCD_function, W, B
0000FE 6E??           00457         MOVWF   r0x00
000100 50??           00458         MOVF    r0x00, W
000102 6EE5           00459         MOVWF   POSTDEC1
000104 EC?? F0??      00460         CALL    _lcd_command
000108 52E6           00461         MOVF    POSTINC1, F
                      00462 ;       .line   471; lib/lcd44780.c     LCD_ctrl = LCD_DISPLAYON | LCD_CURSOROFF | LCD_BLINKOFF;
00010A 0E04           00463         MOVLW   0x04
00010C 010?           00464         BANKSEL _LCD_ctrl
00010E 6F??           00465         MOVWF   _LCD_ctrl, B
                      00466 ;       .line   472; lib/lcd44780.c     lcd_command(LCD_DISPLAYCONTROL | LCD_ctrl);
000110 0E0C           00467         MOVLW   0x0c
000112 6EE5           00468         MOVWF   POSTDEC1
000114 EC?? F0??      00469         CALL    _lcd_command
000118 52E6           00470         MOVF    POSTINC1, F
                      00471 ;       .line   475; lib/lcd44780.c     lcd_command(LCD_CLEARDISPLAY); // clear display, set cursor posi
                            tion to zero
00011A 0E01           00472         MOVLW   0x01
00011C 6EE5           00473         MOVWF   POSTDEC1
00011E EC?? F0??      00474         CALL    _lcd_command
000122 52E6           00475         MOVF    POSTINC1, F
                      00476 ;       .line   476; lib/lcd44780.c     delay_ms(2);
gpasm-1.5.0 #1285 (Jul 12 2020) obj/sdcc-18f2   11/12/23  13:12:38          PAGE 10


LOC    OBJECT CODE    LINE  SOURCE TEXT
  VALUE

000124 0E00           00477         MOVLW   0x00
000126 6EE5           00478         MOVWF   POSTDEC1
000128 0E02           00479         MOVLW   0x02
00012A 6EE5           00480         MOVWF   POSTDEC1
00012C EC?? F0??      00481         CALL    _delay_ms
000130 52E6           00482         MOVF    POSTINC1, F
000132 52E6           00483         MOVF    POSTINC1, F
                      00484 ;       .line   479; lib/lcd44780.c     LCD_mode = LCD_ENTRYLEFT | LCD_ENTRYSHIFTDECREMENT;
000134 0E02           00485         MOVLW   0x02
000136 010?           00486         BANKSEL _LCD_mode
000138 6F??           00487         MOVWF   _LCD_mode, B
                      00488 ;       .line   481; lib/lcd44780.c     lcd_command(LCD_ENTRYMODESET | LCD_mode);
00013A 0E06           00489         MOVLW   0x06
00013C 6EE5           00490         MOVWF   POSTDEC1
00013E EC?? F0??      00491         CALL    _lcd_command
000142 52E6           00492         MOVF    POSTINC1, F
                      00493 ;       .line   482; lib/lcd44780.c     }
000144 CFE4 F000      00494         MOVFF   PREINC1, r0x01
000148 CFE4 F000      00495         MOVFF   PREINC1, r0x00
00014C CFE4 FFD9      00496         MOVFF   PREINC1, FSR2L
000150 0012           00497         RETURN  
                      00498 
                      00499 ; ; Starting pCode block
                      00500 S_lcd44780__lcd_autoscroll      code
000000                00501 _lcd_autoscroll:
                      00502 ;       .line   397; lib/lcd44780.c     lcd_autoscroll(void) {
000000 CFD9 FFE5      00503         MOVFF   FSR2L, POSTDEC1
000004 CFE1 FFD9      00504         MOVFF   FSR1L, FSR2L
000008 C??? F???      00505         MOVFF   r0x00, POSTDEC1
00000C 010?           00506         BANKSEL _LCD_mode
                      00507 ;       .line   398; lib/lcd44780.c     LCD_mode |= LCD_ENTRYSHIFTINCREMENT;
00000E 81??           00508         BSF     _LCD_mode, 0, B
                      00509 ;       .line   399; lib/lcd44780.c     lcd_command(LCD_ENTRYMODESET | LCD_mode);
000010 0E04           00510         MOVLW   0x04
000012 010?           00511         BANKSEL _LCD_mode
000014 11??           00512         IORWF   _LCD_mode, W, B
000016 6E??           00513         MOVWF   r0x00
000018 50??           00514         MOVF    r0x00, W
00001A 6EE5           00515         MOVWF   POSTDEC1
00001C EC?? F0??      00516         CALL    _lcd_command
000020 52E6           00517         MOVF    POSTINC1, F
                      00518 ;       .line   400; lib/lcd44780.c     }
000022 CFE4 F000      00519         MOVFF   PREINC1, r0x00
000026 CFE4 FFD9      00520         MOVFF   PREINC1, FSR2L
00002A 0012           00521         RETURN  
                      00522 
                      00523 ; ; Starting pCode block
                      00524 S_lcd44780__lcd_left_to_right   code
000000                00525 _lcd_left_to_right:
                      00526 ;       .line   377; lib/lcd44780.c     lcd_left_to_right(void) {
000000 CFD9 FFE5      00527         MOVFF   FSR2L, POSTDEC1
000004 CFE1 FFD9      00528         MOVFF   FSR1L, FSR2L
000008 C??? F???      00529         MOVFF   r0x00, POSTDEC1
gpasm-1.5.0 #1285 (Jul 12 2020) obj/sdcc-18f2   11/12/23  13:12:38          PAGE 11


LOC    OBJECT CODE    LINE  SOURCE TEXT
  VALUE

00000C 010?           00530         BANKSEL _LCD_mode
                      00531 ;       .line   378; lib/lcd44780.c     LCD_mode |= LCD_ENTRYLEFT;
00000E 83??           00532         BSF     _LCD_mode, 1, B
                      00533 ;       .line   379; lib/lcd44780.c     lcd_command(LCD_ENTRYMODESET | LCD_mode);
000010 0E04           00534         MOVLW   0x04
000012 010?           00535         BANKSEL _LCD_mode
000014 11??           00536         IORWF   _LCD_mode, W, B
000016 6E??           00537         MOVWF   r0x00
000018 50??           00538         MOVF    r0x00, W
00001A 6EE5           00539         MOVWF   POSTDEC1
00001C EC?? F0??      00540         CALL    _lcd_command
000020 52E6           00541         MOVF    POSTINC1, F
                      00542 ;       .line   380; lib/lcd44780.c     }
000022 CFE4 F000      00543         MOVFF   PREINC1, r0x00
000026 CFE4 FFD9      00544         MOVFF   PREINC1, FSR2L
00002A 0012           00545         RETURN  
                      00546 
                      00547 ; ; Starting pCode block
                      00548 S_lcd44780__lcd_blink   code
000000                00549 _lcd_blink:
                      00550 ;       .line   350; lib/lcd44780.c     lcd_blink() {
000000 CFD9 FFE5      00551         MOVFF   FSR2L, POSTDEC1
000004 CFE1 FFD9      00552         MOVFF   FSR1L, FSR2L
000008 C??? F???      00553         MOVFF   r0x00, POSTDEC1
00000C 010?           00554         BANKSEL _LCD_ctrl
                      00555 ;       .line   351; lib/lcd44780.c     LCD_ctrl |= LCD_BLINKON;
00000E 81??           00556         BSF     _LCD_ctrl, 0, B
                      00557 ;       .line   352; lib/lcd44780.c     lcd_command(LCD_DISPLAYCONTROL | LCD_ctrl);
000010 0E08           00558         MOVLW   0x08
000012 010?           00559         BANKSEL _LCD_ctrl
000014 11??           00560         IORWF   _LCD_ctrl, W, B
000016 6E??           00561         MOVWF   r0x00
000018 50??           00562         MOVF    r0x00, W
00001A 6EE5           00563         MOVWF   POSTDEC1
00001C EC?? F0??      00564         CALL    _lcd_command
000020 52E6           00565         MOVF    POSTINC1, F
                      00566 ;       .line   353; lib/lcd44780.c     }
000022 CFE4 F000      00567         MOVFF   PREINC1, r0x00
000026 CFE4 FFD9      00568         MOVFF   PREINC1, FSR2L
00002A 0012           00569         RETURN  
                      00570 
                      00571 ; ; Starting pCode block
                      00572 S_lcd44780__lcd_cursor  code
000000                00573 _lcd_cursor:
                      00574 ;       .line   331; lib/lcd44780.c     lcd_cursor() {
000000 CFD9 FFE5      00575         MOVFF   FSR2L, POSTDEC1
000004 CFE1 FFD9      00576         MOVFF   FSR1L, FSR2L
000008 C??? F???      00577         MOVFF   r0x00, POSTDEC1
00000C 010?           00578         BANKSEL _LCD_ctrl
                      00579 ;       .line   332; lib/lcd44780.c     LCD_ctrl |= LCD_CURSORON;
00000E 83??           00580         BSF     _LCD_ctrl, 1, B
                      00581 ;       .line   333; lib/lcd44780.c     lcd_command(LCD_DISPLAYCONTROL | LCD_ctrl);
000010 0E08           00582         MOVLW   0x08
gpasm-1.5.0 #1285 (Jul 12 2020) obj/sdcc-18f2   11/12/23  13:12:38          PAGE 12


LOC    OBJECT CODE    LINE  SOURCE TEXT
  VALUE

000012 010?           00583         BANKSEL _LCD_ctrl
000014 11??           00584         IORWF   _LCD_ctrl, W, B
000016 6E??           00585         MOVWF   r0x00
000018 50??           00586         MOVF    r0x00, W
00001A 6EE5           00587         MOVWF   POSTDEC1
00001C EC?? F0??      00588         CALL    _lcd_command
000020 52E6           00589         MOVF    POSTINC1, F
                      00590 ;       .line   334; lib/lcd44780.c     }
000022 CFE4 F000      00591         MOVFF   PREINC1, r0x00
000026 CFE4 FFD9      00592         MOVFF   PREINC1, FSR2L
00002A 0012           00593         RETURN  
                      00594 
                      00595 ; ; Starting pCode block
                      00596 S_lcd44780__lcd_no_cursor       code
000000                00597 _lcd_no_cursor:
                      00598 ;       .line   322; lib/lcd44780.c     lcd_no_cursor() {
000000 CFD9 FFE5      00599         MOVFF   FSR2L, POSTDEC1
000004 CFE1 FFD9      00600         MOVFF   FSR1L, FSR2L
000008 C??? F???      00601         MOVFF   r0x00, POSTDEC1
00000C 010?           00602         BANKSEL _LCD_ctrl
                      00603 ;       .line   323; lib/lcd44780.c     LCD_ctrl &= ~LCD_CURSORON;
00000E 93??           00604         BCF     _LCD_ctrl, 1, B
                      00605 ;       .line   324; lib/lcd44780.c     lcd_command(LCD_DISPLAYCONTROL | LCD_ctrl);
000010 0E08           00606         MOVLW   0x08
000012 010?           00607         BANKSEL _LCD_ctrl
000014 11??           00608         IORWF   _LCD_ctrl, W, B
000016 6E??           00609         MOVWF   r0x00
000018 50??           00610         MOVF    r0x00, W
00001A 6EE5           00611         MOVWF   POSTDEC1
00001C EC?? F0??      00612         CALL    _lcd_command
000020 52E6           00613         MOVF    POSTINC1, F
                      00614 ;       .line   325; lib/lcd44780.c     }
000022 CFE4 F000      00615         MOVFF   PREINC1, r0x00
000026 CFE4 FFD9      00616         MOVFF   PREINC1, FSR2L
00002A 0012           00617         RETURN  
                      00618 
                      00619 ; ; Starting pCode block
                      00620 S_lcd44780__lcd_display code
000000                00621 _lcd_display:
                      00622 ;       .line   312; lib/lcd44780.c     lcd_display() {
000000 CFD9 FFE5      00623         MOVFF   FSR2L, POSTDEC1
000004 CFE1 FFD9      00624         MOVFF   FSR1L, FSR2L
000008 C??? F???      00625         MOVFF   r0x00, POSTDEC1
00000C 010?           00626         BANKSEL _LCD_ctrl
                      00627 ;       .line   313; lib/lcd44780.c     LCD_ctrl |= LCD_DISPLAYON;
00000E 85??           00628         BSF     _LCD_ctrl, 2, B
                      00629 ;       .line   314; lib/lcd44780.c     lcd_command(LCD_DISPLAYCONTROL | LCD_ctrl);
000010 0E08           00630         MOVLW   0x08
000012 010?           00631         BANKSEL _LCD_ctrl
000014 11??           00632         IORWF   _LCD_ctrl, W, B
000016 6E??           00633         MOVWF   r0x00
000018 50??           00634         MOVF    r0x00, W
00001A 6EE5           00635         MOVWF   POSTDEC1
gpasm-1.5.0 #1285 (Jul 12 2020) obj/sdcc-18f2   11/12/23  13:12:38          PAGE 13


LOC    OBJECT CODE    LINE  SOURCE TEXT
  VALUE

00001C EC?? F0??      00636         CALL    _lcd_command
000020 52E6           00637         MOVF    POSTINC1, F
                      00638 ;       .line   315; lib/lcd44780.c     }
000022 CFE4 F000      00639         MOVFF   PREINC1, r0x00
000026 CFE4 FFD9      00640         MOVFF   PREINC1, FSR2L
00002A 0012           00641         RETURN  
                      00642 
                      00643 ; ; Starting pCode block
                      00644 S_lcd44780__lcd_clear   code
000000                00645 _lcd_clear:
                      00646 ;       .line   292; lib/lcd44780.c     lcd_clear() {
000000 CFD9 FFE5      00647         MOVFF   FSR2L, POSTDEC1
000004 CFE1 FFD9      00648         MOVFF   FSR1L, FSR2L
                      00649 ;       .line   293; lib/lcd44780.c     lcd_command(LCD_CLEARDISPLAY); // clear display, set cursor posi
                            tion to zero
000008 0E01           00650         MOVLW   0x01
00000A 6EE5           00651         MOVWF   POSTDEC1
00000C EC?? F0??      00652         CALL    _lcd_command
000010 52E6           00653         MOVF    POSTINC1, F
                      00654 ;       .line   294; lib/lcd44780.c     delay_ms(2);                   // Wait for more than 4.1 ms
000012 0E00           00655         MOVLW   0x00
000014 6EE5           00656         MOVWF   POSTDEC1
000016 0E02           00657         MOVLW   0x02
000018 6EE5           00658         MOVWF   POSTDEC1
00001A EC?? F0??      00659         CALL    _delay_ms
00001E 52E6           00660         MOVF    POSTINC1, F
000020 52E6           00661         MOVF    POSTINC1, F
                      00662 ;       .line   296; lib/lcd44780.c     }
000022 CFE4 FFD9      00663         MOVFF   PREINC1, FSR2L
000026 0012           00664         RETURN  
                      00665 
                      00666 ; ; Starting pCode block
                      00667 S_lcd44780__lcd_home    code
000000                00668 _lcd_home:
                      00669 ;       .line   281; lib/lcd44780.c     lcd_home() {
000000 CFD9 FFE5      00670         MOVFF   FSR2L, POSTDEC1
000004 CFE1 FFD9      00671         MOVFF   FSR1L, FSR2L
                      00672 ;       .line   282; lib/lcd44780.c     lcd_command(LCD_RETURNHOME);
000008 0E02           00673         MOVLW   0x02
00000A 6EE5           00674         MOVWF   POSTDEC1
00000C EC?? F0??      00675         CALL    _lcd_command
000010 52E6           00676         MOVF    POSTINC1, F
                      00677 ;       .line   283; lib/lcd44780.c     delay_ms(2); // Wait for more than 4.1 ms
000012 0E00           00678         MOVLW   0x00
000014 6EE5           00679         MOVWF   POSTDEC1
000016 0E02           00680         MOVLW   0x02
000018 6EE5           00681         MOVWF   POSTDEC1
00001A EC?? F0??      00682         CALL    _delay_ms
00001E 52E6           00683         MOVF    POSTINC1, F
000020 52E6           00684         MOVF    POSTINC1, F
                      00685 ;       .line   285; lib/lcd44780.c     }
000022 CFE4 FFD9      00686         MOVFF   PREINC1, FSR2L
000026 0012           00687         RETURN  
gpasm-1.5.0 #1285 (Jul 12 2020) obj/sdcc-18f2   11/12/23  13:12:38          PAGE 14


LOC    OBJECT CODE    LINE  SOURCE TEXT
  VALUE

                      00688 
                      00689 ; ; Starting pCode block
                      00690 S_lcd44780__lcd_print_number    code
000000                00691 _lcd_print_number:
                      00692 ;       .line   197; lib/lcd44780.c     lcd_print_number(uint16_t n, uint8_t base, int8_t pad /*, int8_t
                             pointpos*/) {
000000 CFD9 FFE5      00693         MOVFF   FSR2L, POSTDEC1
000004 CFE1 FFD9      00694         MOVFF   FSR1L, FSR2L
000008 C??? F???      00695         MOVFF   r0x00, POSTDEC1
00000C C??? F???      00696         MOVFF   r0x01, POSTDEC1
000010 C??? F???      00697         MOVFF   r0x02, POSTDEC1
000014 C??? F???      00698         MOVFF   r0x03, POSTDEC1
000018 C??? F???      00699         MOVFF   r0x04, POSTDEC1
00001C C??? F???      00700         MOVFF   r0x05, POSTDEC1
000020 C??? F???      00701         MOVFF   r0x06, POSTDEC1
000024 C??? F???      00702         MOVFF   r0x07, POSTDEC1
000028 C??? F???      00703         MOVFF   r0x08, POSTDEC1
00002C C??? F???      00704         MOVFF   r0x09, POSTDEC1
000030 C??? F???      00705         MOVFF   r0x0a, POSTDEC1
000034 C??? F???      00706         MOVFF   r0x0b, POSTDEC1
000038 0E02           00707         MOVLW   0x02
00003A CFDB F000      00708         MOVFF   PLUSW2, r0x00
00003E 0E03           00709         MOVLW   0x03
000040 CFDB F000      00710         MOVFF   PLUSW2, r0x01
000044 0E04           00711         MOVLW   0x04
000046 CFDB F000      00712         MOVFF   PLUSW2, r0x02
00004A 0E05           00713         MOVLW   0x05
00004C CFDB F000      00714         MOVFF   PLUSW2, r0x03
                      00715 ;       .line   201; lib/lcd44780.c     char padchar = ' ';
000050 0E20           00716         MOVLW   0x20
000052 6E??           00717         MOVWF   r0x04
                      00718 ;       .line   203; lib/lcd44780.c     if(pad < 0) {
000054 80D8           00719         BSF     STATUS, 0
000056 AE??           00720         BTFSS   r0x03, 7
000058 90D8           00721         BCF     STATUS, 0
00005A E3??           00722         BNC     _00169_DS_
                      00723 ;       .line   204; lib/lcd44780.c     pad = -pad;
00005C 6C??           00724         NEGF    r0x03
                      00725 ;       .line   205; lib/lcd44780.c     padchar = '0';
00005E 0E30           00726         MOVLW   0x30
000060 6E??           00727         MOVWF   r0x04
000062                00728 _00169_DS_:
                      00729 ;       .line   213; lib/lcd44780.c     do {
000062 6A??           00730         CLRF    r0x05
000064                00731 _00153_DS_:
                      00732 ;       .line   217; lib/lcd44780.c     di = n % base;
000064 C??? F???      00733         MOVFF   r0x02, r0x06
000068 6A??           00734         CLRF    r0x07
00006A 50??           00735         MOVF    r0x07, W
00006C 6EE5           00736         MOVWF   POSTDEC1
00006E 50??           00737         MOVF    r0x06, W
000070 6EE5           00738         MOVWF   POSTDEC1
000072 50??           00739         MOVF    r0x01, W
gpasm-1.5.0 #1285 (Jul 12 2020) obj/sdcc-18f2   11/12/23  13:12:38          PAGE 15


LOC    OBJECT CODE    LINE  SOURCE TEXT
  VALUE

000074 6EE5           00740         MOVWF   POSTDEC1
000076 50??           00741         MOVF    r0x00, W
000078 6EE5           00742         MOVWF   POSTDEC1
00007A EC?? F0??      00743         CALL    __moduint
00007E 6E??           00744         MOVWF   r0x08
000080 CFF3 F000      00745         MOVFF   PRODL, r0x09
000084 0E04           00746         MOVLW   0x04
000086 26E1           00747         ADDWF   FSR1L, F
                      00748 ;       .line   218; lib/lcd44780.c     buf[i++] = (di < 10 ? (uint8_t)'0' + di : (uint8_t)'A' + di - 10
                            );
000088 C??? F???      00749         MOVFF   r0x05, r0x09
00008C 2A??           00750         INCF    r0x05, F
00008E 6A??           00751         CLRF    r0x0a
000090 BE??           00752         BTFSC   r0x09, 7
000092 68??           00753         SETF    r0x0a
000094 0E??           00754         MOVLW   LOW(_lcd_print_number_buf_65536_55)
000096 26??           00755         ADDWF   r0x09, F
000098 0E??           00756         MOVLW   HIGH(_lcd_print_number_buf_65536_55)
00009A 22??           00757         ADDWFC  r0x0a, F
00009C 0E0A           00758         MOVLW   0x0a
00009E 5C??           00759         SUBWF   r0x08, W
0000A0 E2??           00760         BC      _00165_DS_
0000A2 0E30           00761         MOVLW   0x30
0000A4 24??           00762         ADDWF   r0x08, W
0000A6 6E??           00763         MOVWF   r0x0b
0000A8 D???           00764         BRA     _00166_DS_
0000AA                00765 _00165_DS_:
0000AA 0E37           00766         MOVLW   0x37
0000AC 24??           00767         ADDWF   r0x08, W
0000AE 6E??           00768         MOVWF   r0x0b
0000B0                00769 _00166_DS_:
0000B0 C??? F???      00770         MOVFF   r0x09, FSR0L
0000B4 C??? F???      00771         MOVFF   r0x0a, FSR0H
0000B8 C??? F???      00772         MOVFF   r0x0b, INDF0
                      00773 ;       .line   220; lib/lcd44780.c     n /= base;
0000BC 50??           00774         MOVF    r0x07, W
0000BE 6EE5           00775         MOVWF   POSTDEC1
0000C0 50??           00776         MOVF    r0x06, W
0000C2 6EE5           00777         MOVWF   POSTDEC1
0000C4 50??           00778         MOVF    r0x01, W
0000C6 6EE5           00779         MOVWF   POSTDEC1
0000C8 50??           00780         MOVF    r0x00, W
0000CA 6EE5           00781         MOVWF   POSTDEC1
0000CC EC?? F0??      00782         CALL    __divuint
0000D0 6E??           00783         MOVWF   r0x00
0000D2 CFF3 F000      00784         MOVFF   PRODL, r0x01
0000D6 0E04           00785         MOVLW   0x04
0000D8 26E1           00786         ADDWF   FSR1L, F
                      00787 ;       .line   221; lib/lcd44780.c     } while(n > 0);
0000DA 50??           00788         MOVF    r0x00, W
0000DC 10??           00789         IORWF   r0x01, W
0000DE A4D8           00790         BTFSS   STATUS, 2
0000E0 D???           00791         BRA     _00153_DS_
gpasm-1.5.0 #1285 (Jul 12 2020) obj/sdcc-18f2   11/12/23  13:12:38          PAGE 16


LOC    OBJECT CODE    LINE  SOURCE TEXT
  VALUE

                      00792 ;       .line   223; lib/lcd44780.c     while(pad-- >= i) lcd_putch(padchar);
0000E2 C??? F???      00793         MOVFF   r0x05, r0x00
0000E6 C??? F???      00794         MOVFF   r0x03, r0x01
0000EA                00795 _00156_DS_:
0000EA 50??           00796         MOVF    r0x01, W
0000EC 0F80           00797         ADDLW   0x80
0000EE 6EF3           00798         MOVWF   PRODL
0000F0 50??           00799         MOVF    r0x00, W
0000F2 0F80           00800         ADDLW   0x80
0000F4 5CF3           00801         SUBWF   PRODL, W
0000F6 E3??           00802         BNC     _00161_DS_
0000F8 06??           00803         DECF    r0x01, F
0000FA 50??           00804         MOVF    r0x04, W
0000FC 6EE5           00805         MOVWF   POSTDEC1
0000FE EC?? F0??      00806         CALL    _lcd_putch
000102 52E6           00807         MOVF    POSTINC1, F
000104 D???           00808         BRA     _00156_DS_
000106                00809 _00161_DS_:
                      00810 ;       .line   225; lib/lcd44780.c     for(; i > 0; i--) lcd_putch((char)buf[(int16_t)i - 1]);
000106 50??           00811         MOVF    r0x00, W
000108 0F80           00812         ADDLW   0x80
00010A 0F7F           00813         ADDLW   0x7f
00010C E3??           00814         BNC     _00163_DS_
00010E 04??           00815         DECF    r0x00, W
000110 6E??           00816         MOVWF   r0x01
000112 C??? F???      00817         MOVFF   r0x01, r0x02
000116 6A??           00818         CLRF    r0x03
000118 BE??           00819         BTFSC   r0x01, 7
00011A 68??           00820         SETF    r0x03
00011C 0E??           00821         MOVLW   LOW(_lcd_print_number_buf_65536_55)
00011E 26??           00822         ADDWF   r0x02, F
000120 0E??           00823         MOVLW   HIGH(_lcd_print_number_buf_65536_55)
000122 22??           00824         ADDWFC  r0x03, F
000124 C??? F???      00825         MOVFF   r0x02, FSR0L
000128 C??? F???      00826         MOVFF   r0x03, FSR0H
00012C CFEF F000      00827         MOVFF   INDF0, r0x02
000130 50??           00828         MOVF    r0x02, W
000132 6EE5           00829         MOVWF   POSTDEC1
000134 EC?? F0??      00830         CALL    _lcd_putch
000138 52E6           00831         MOVF    POSTINC1, F
00013A C??? F???      00832         MOVFF   r0x01, r0x00
00013E D???           00833         BRA     _00161_DS_
000140                00834 _00163_DS_:
                      00835 ;       .line   227; lib/lcd44780.c     }
000140 CFE4 F000      00836         MOVFF   PREINC1, r0x0b
000144 CFE4 F000      00837         MOVFF   PREINC1, r0x0a
000148 CFE4 F000      00838         MOVFF   PREINC1, r0x09
00014C CFE4 F000      00839         MOVFF   PREINC1, r0x08
000150 CFE4 F000      00840         MOVFF   PREINC1, r0x07
000154 CFE4 F000      00841         MOVFF   PREINC1, r0x06
000158 CFE4 F000      00842         MOVFF   PREINC1, r0x05
00015C CFE4 F000      00843         MOVFF   PREINC1, r0x04
000160 CFE4 F000      00844         MOVFF   PREINC1, r0x03
gpasm-1.5.0 #1285 (Jul 12 2020) obj/sdcc-18f2   11/12/23  13:12:38          PAGE 17


LOC    OBJECT CODE    LINE  SOURCE TEXT
  VALUE

000164 CFE4 F000      00845         MOVFF   PREINC1, r0x02
000168 CFE4 F000      00846         MOVFF   PREINC1, r0x01
00016C CFE4 F000      00847         MOVFF   PREINC1, r0x00
000170 CFE4 FFD9      00848         MOVFF   PREINC1, FSR2L
000174 0012           00849         RETURN  
                      00850 
                      00851 ; ; Starting pCode block
                      00852 S_lcd44780__lcd_putch   code
000000                00853 _lcd_putch:
                      00854 ;       .line   170; lib/lcd44780.c     lcd_putch(char value) {
000000 CFD9 FFE5      00855         MOVFF   FSR2L, POSTDEC1
000004 CFE1 FFD9      00856         MOVFF   FSR1L, FSR2L
000008 C??? F???      00857         MOVFF   r0x00, POSTDEC1
00000C 0E02           00858         MOVLW   0x02
00000E CFDB F000      00859         MOVFF   PLUSW2, r0x00
                      00860 ;       .line   171; lib/lcd44780.c     lcd_send((unsigned char)value, HIGH);
000012 0E01           00861         MOVLW   0x01
000014 6EE5           00862         MOVWF   POSTDEC1
000016 50??           00863         MOVF    r0x00, W
000018 6EE5           00864         MOVWF   POSTDEC1
00001A EC?? F0??      00865         CALL    _lcd_send
00001E 52E6           00866         MOVF    POSTINC1, F
000020 52E6           00867         MOVF    POSTINC1, F
                      00868 ;       .line   172; lib/lcd44780.c     }
000022 CFE4 F000      00869         MOVFF   PREINC1, r0x00
000026 CFE4 FFD9      00870         MOVFF   PREINC1, FSR2L
00002A 0012           00871         RETURN  
                      00872 
                      00873 ; ; Starting pCode block
                      00874 S_lcd44780__lcd_puts    code
000000                00875 _lcd_puts:
                      00876 ;       .line   163; lib/lcd44780.c     lcd_puts(const char* string) {
000000 CFD9 FFE5      00877         MOVFF   FSR2L, POSTDEC1
000004 CFE1 FFD9      00878         MOVFF   FSR1L, FSR2L
000008 C??? F???      00879         MOVFF   r0x00, POSTDEC1
00000C C??? F???      00880         MOVFF   r0x01, POSTDEC1
000010 C??? F???      00881         MOVFF   r0x02, POSTDEC1
000014 C??? F???      00882         MOVFF   r0x03, POSTDEC1
000018 C??? F???      00883         MOVFF   r0x04, POSTDEC1
00001C C??? F???      00884         MOVFF   r0x05, POSTDEC1
000020 C??? F???      00885         MOVFF   r0x06, POSTDEC1
000024 0E02           00886         MOVLW   0x02
000026 CFDB F000      00887         MOVFF   PLUSW2, r0x00
00002A 0E03           00888         MOVLW   0x03
00002C CFDB F000      00889         MOVFF   PLUSW2, r0x01
000030 0E04           00890         MOVLW   0x04
000032 CFDB F000      00891         MOVFF   PLUSW2, r0x02
                      00892 ;       .line   165; lib/lcd44780.c     for(i = 0; string[i]; i++) lcd_putch(string[i]);
000036 6A??           00893         CLRF    r0x03
000038                00894 _00139_DS_:
000038 50??           00895         MOVF    r0x03, W
00003A 24??           00896         ADDWF   r0x00, W
00003C 6E??           00897         MOVWF   r0x04
gpasm-1.5.0 #1285 (Jul 12 2020) obj/sdcc-18f2   11/12/23  13:12:38          PAGE 18


LOC    OBJECT CODE    LINE  SOURCE TEXT
  VALUE

00003E 6AE8           00898         CLRF    WREG
000040 20??           00899         ADDWFC  r0x01, W
000042 6E??           00900         MOVWF   r0x05
000044 6AE8           00901         CLRF    WREG
000046 20??           00902         ADDWFC  r0x02, W
000048 6E??           00903         MOVWF   r0x06
00004A C??? F???      00904         MOVFF   r0x04, FSR0L
00004E C??? F???      00905         MOVFF   r0x05, PRODL
000052 50??           00906         MOVF    r0x06, W
000054 EC?? F0??      00907         CALL    __gptrget1
000058 6E??           00908         MOVWF   r0x04
00005A 50??           00909         MOVF    r0x04, W
00005C E0??           00910         BZ      _00141_DS_
00005E 50??           00911         MOVF    r0x04, W
000060 6EE5           00912         MOVWF   POSTDEC1
000062 EC?? F0??      00913         CALL    _lcd_putch
000066 52E6           00914         MOVF    POSTINC1, F
000068 2A??           00915         INCF    r0x03, F
00006A D???           00916         BRA     _00139_DS_
00006C                00917 _00141_DS_:
                      00918 ;       .line   166; lib/lcd44780.c     }
00006C CFE4 F000      00919         MOVFF   PREINC1, r0x06
000070 CFE4 F000      00920         MOVFF   PREINC1, r0x05
000074 CFE4 F000      00921         MOVFF   PREINC1, r0x04
000078 CFE4 F000      00922         MOVFF   PREINC1, r0x03
00007C CFE4 F000      00923         MOVFF   PREINC1, r0x02
000080 CFE4 F000      00924         MOVFF   PREINC1, r0x01
000084 CFE4 F000      00925         MOVFF   PREINC1, r0x00
000088 CFE4 FFD9      00926         MOVFF   PREINC1, FSR2L
00008C 0012           00927         RETURN  
                      00928 
                      00929 ; ; Starting pCode block
                      00930 S_lcd44780__lcd_gotoxy  code
000000                00931 _lcd_gotoxy:
                      00932 ;       .line   135; lib/lcd44780.c     lcd_gotoxy(uint8_t col, uint8_t row) {
000000 CFD9 FFE5      00933         MOVFF   FSR2L, POSTDEC1
000004 CFE1 FFD9      00934         MOVFF   FSR1L, FSR2L
000008 C??? F???      00935         MOVFF   r0x00, POSTDEC1
00000C C??? F???      00936         MOVFF   r0x01, POSTDEC1
000010 C??? F???      00937         MOVFF   r0x02, POSTDEC1
000014 0E02           00938         MOVLW   0x02
000016 CFDB F000      00939         MOVFF   PLUSW2, r0x00
00001A 0E03           00940         MOVLW   0x03
00001C CFDB F000      00941         MOVFF   PLUSW2, r0x01
000020 010?           00942         BANKSEL _lcd_gotoxy_row_offsets_65536_47
                      00943 ;       .line   137; lib/lcd44780.c     uint8_t row_offsets[] = {0x00, 0x40, 0x14, 0x54};
000022 6B??           00944         CLRF    _lcd_gotoxy_row_offsets_65536_47, B
000024 0E40           00945         MOVLW   0x40
000026 010?           00946         BANKSEL (_lcd_gotoxy_row_offsets_65536_47 + 1)
000028 6F??           00947         MOVWF   (_lcd_gotoxy_row_offsets_65536_47 + 1), B
00002A 0E14           00948         MOVLW   0x14
00002C 010?           00949         BANKSEL (_lcd_gotoxy_row_offsets_65536_47 + 2)
00002E 6F??           00950         MOVWF   (_lcd_gotoxy_row_offsets_65536_47 + 2), B
gpasm-1.5.0 #1285 (Jul 12 2020) obj/sdcc-18f2   11/12/23  13:12:38          PAGE 19


LOC    OBJECT CODE    LINE  SOURCE TEXT
  VALUE

000030 0E54           00951         MOVLW   0x54
000032 010?           00952         BANKSEL (_lcd_gotoxy_row_offsets_65536_47 + 3)
000034 6F??           00953         MOVWF   (_lcd_gotoxy_row_offsets_65536_47 + 3), B
000036 010?           00954         BANKSEL _LCD_lines
                      00955 ;       .line   146; lib/lcd44780.c     if(LCD_lines == 1) {
000038 51??           00956         MOVF    _LCD_lines, W, B
00003A 0A01           00957         XORLW   0x01
00003C E1??           00958         BNZ     _00124_DS_
                      00959 ;       .line   147; lib/lcd44780.c     row_offsets[1] = 0x14;
00003E 0E14           00960         MOVLW   0x14
000040 010?           00961         BANKSEL (_lcd_gotoxy_row_offsets_65536_47 + 1)
000042 6F??           00962         MOVWF   (_lcd_gotoxy_row_offsets_65536_47 + 1), B
                      00963 ;       .line   148; lib/lcd44780.c     row_offsets[2] = 0x28;
000044 0E28           00964         MOVLW   0x28
000046 010?           00965         BANKSEL (_lcd_gotoxy_row_offsets_65536_47 + 2)
000048 6F??           00966         MOVWF   (_lcd_gotoxy_row_offsets_65536_47 + 2), B
                      00967 ;       .line   149; lib/lcd44780.c     row_offsets[3] = 0x3C;
00004A 0E3C           00968         MOVLW   0x3c
00004C 010?           00969         BANKSEL (_lcd_gotoxy_row_offsets_65536_47 + 3)
00004E 6F??           00970         MOVWF   (_lcd_gotoxy_row_offsets_65536_47 + 3), B
000050                00971 _00124_DS_:
                      00972 ;       .line   156; lib/lcd44780.c     lcd_command(LCD_SETDDRAMADDR | (col + row_offsets[row]));
000050 6A??           00973         CLRF    r0x02
000052 0E??           00974         MOVLW   LOW(_lcd_gotoxy_row_offsets_65536_47)
000054 26??           00975         ADDWF   r0x01, F
000056 0E??           00976         MOVLW   HIGH(_lcd_gotoxy_row_offsets_65536_47)
000058 22??           00977         ADDWFC  r0x02, F
00005A C??? F???      00978         MOVFF   r0x01, FSR0L
00005E C??? F???      00979         MOVFF   r0x02, FSR0H
000062 CFEF F000      00980         MOVFF   INDF0, r0x01
000066 50??           00981         MOVF    r0x01, W
000068 26??           00982         ADDWF   r0x00, F
00006A 8E??           00983         BSF     r0x00, 7
00006C 50??           00984         MOVF    r0x00, W
00006E 6EE5           00985         MOVWF   POSTDEC1
000070 EC?? F0??      00986         CALL    _lcd_command
000074 52E6           00987         MOVF    POSTINC1, F
                      00988 ;       .line   157; lib/lcd44780.c     }
000076 CFE4 F000      00989         MOVFF   PREINC1, r0x02
00007A CFE4 F000      00990         MOVFF   PREINC1, r0x01
00007E CFE4 F000      00991         MOVFF   PREINC1, r0x00
000082 CFE4 FFD9      00992         MOVFF   PREINC1, FSR2L
000086 0012           00993         RETURN  
                      00994 
                      00995 ; ; Starting pCode block
                      00996 S_lcd44780__lcd_command code
000000                00997 _lcd_command:
                      00998 ;       .line   127; lib/lcd44780.c     lcd_command(uint8_t value) {
000000 CFD9 FFE5      00999         MOVFF   FSR2L, POSTDEC1
000004 CFE1 FFD9      01000         MOVFF   FSR1L, FSR2L
000008 C??? F???      01001         MOVFF   r0x00, POSTDEC1
00000C 0E02           01002         MOVLW   0x02
00000E CFDB F000      01003         MOVFF   PLUSW2, r0x00
gpasm-1.5.0 #1285 (Jul 12 2020) obj/sdcc-18f2   11/12/23  13:12:38          PAGE 20


LOC    OBJECT CODE    LINE  SOURCE TEXT
  VALUE

                      01004 ;       .line   128; lib/lcd44780.c     lcd_send(value, LOW);
000012 0E00           01005         MOVLW   0x00
000014 6EE5           01006         MOVWF   POSTDEC1
000016 50??           01007         MOVF    r0x00, W
000018 6EE5           01008         MOVWF   POSTDEC1
00001A EC?? F0??      01009         CALL    _lcd_send
00001E 52E6           01010         MOVF    POSTINC1, F
000020 52E6           01011         MOVF    POSTINC1, F
                      01012 ;       .line   129; lib/lcd44780.c     }
000022 CFE4 F000      01013         MOVFF   PREINC1, r0x00
000026 CFE4 FFD9      01014         MOVFF   PREINC1, FSR2L
00002A 0012           01015         RETURN  
                      01016 
                      01017 ; ; Starting pCode block
                      01018 S_lcd44780__lcd_send    code
000000                01019 _lcd_send:
                      01020 ;       .line   103; lib/lcd44780.c     lcd_send(uint8_t value, uint8_t mode) {
000000 CFD9 FFE5      01021         MOVFF   FSR2L, POSTDEC1
000004 CFE1 FFD9      01022         MOVFF   FSR1L, FSR2L
000008 C??? F???      01023         MOVFF   r0x00, POSTDEC1
00000C C??? F???      01024         MOVFF   r0x01, POSTDEC1
000010 0E02           01025         MOVLW   0x02
000012 CFDB F000      01026         MOVFF   PLUSW2, r0x00
000016 0E03           01027         MOVLW   0x03
000018 CFDB F000      01028         MOVFF   PLUSW2, r0x01
                      01029 ;       .line   104; lib/lcd44780.c     if(mode) {
00001C 50??           01030         MOVF    r0x01, W
00001E E0??           01031         BZ      _00111_DS_
                      01032 ;       .line   105; lib/lcd44780.c     RS_HIGH();
000020 84??           01033         BSF     _LATB, 2
000022 D???           01034         BRA     _00112_DS_
000024                01035 _00111_DS_:
                      01036 ;       .line   107; lib/lcd44780.c     RS_LOW();
000024 94??           01037         BCF     _LATB, 2
000026                01038 _00112_DS_:
                      01039 ;       .line   116; lib/lcd44780.c     lcd_write4bits(value >> 4); // Upper 4 bits first
000026 38??           01040         SWAPF   r0x00, W
000028 0B0F           01041         ANDLW   0x0f
00002A 6E??           01042         MOVWF   r0x01
00002C 50??           01043         MOVF    r0x01, W
00002E 6EE5           01044         MOVWF   POSTDEC1
000030 EC?? F0??      01045         CALL    _lcd_write4bits
000034 52E6           01046         MOVF    POSTINC1, F
                      01047 ;       .line   117; lib/lcd44780.c     lcd_write4bits(value);      // Lower 4 bits second
000036 50??           01048         MOVF    r0x00, W
000038 6EE5           01049         MOVWF   POSTDEC1
00003A EC?? F0??      01050         CALL    _lcd_write4bits
00003E 52E6           01051         MOVF    POSTINC1, F
                      01052 ;       .line   119; lib/lcd44780.c     }
000040 CFE4 F000      01053         MOVFF   PREINC1, r0x01
000044 CFE4 F000      01054         MOVFF   PREINC1, r0x00
000048 CFE4 FFD9      01055         MOVFF   PREINC1, FSR2L
00004C 0012           01056         RETURN  
gpasm-1.5.0 #1285 (Jul 12 2020) obj/sdcc-18f2   11/12/23  13:12:38          PAGE 21


LOC    OBJECT CODE    LINE  SOURCE TEXT
  VALUE

                      01057 
                      01058 ; ; Starting pCode block
                      01059 S_lcd44780__lcd_write4bits      code
000000                01060 _lcd_write4bits:
                      01061 ;       .line   34; lib/lcd44780.c      lcd_write4bits(uint8_t value) {
000000 CFD9 FFE5      01062         MOVFF   FSR2L, POSTDEC1
000004 CFE1 FFD9      01063         MOVFF   FSR1L, FSR2L
000008 C??? F???      01064         MOVFF   r0x00, POSTDEC1
00000C C??? F???      01065         MOVFF   r0x01, POSTDEC1
000010 0E02           01066         MOVLW   0x02
000012 CFDB F000      01067         MOVFF   PLUSW2, r0x00
                      01068 ;       .line   39; lib/lcd44780.c      OUTB &= 0b00001111;
000016 0E0F           01069         MOVLW   0x0f
000018 16??           01070         ANDWF   _LATB, F
                      01071 ;       .line   40; lib/lcd44780.c      OUTB |= value << 4;
00001A 38??           01072         SWAPF   r0x00, W
00001C 0BF0           01073         ANDLW   0xf0
00001E 6E??           01074         MOVWF   r0x01
000020 50??           01075         MOVF    r0x01, W
000022 12??           01076         IORWF   _LATB, F
                      01077 ;       .line   55; lib/lcd44780.c      lcd_pulse_enable();
000024 86??           01078         BSF     _LATB, 3
000026 0E04           01079         MOVLW   0x04
000028 6EE5           01080         MOVWF   POSTDEC1
00002A EC?? F0??      01081         CALL    _delay_us
00002E 52E6           01082         MOVF    POSTINC1, F
000030 96??           01083         BCF     _LATB, 3
000032 0E64           01084         MOVLW   0x64
000034 6EE5           01085         MOVWF   POSTDEC1
000036 EC?? F0??      01086         CALL    _delay_us
00003A 52E6           01087         MOVF    POSTINC1, F
                      01088 ;       .line   60; lib/lcd44780.c      }
00003C CFE4 F000      01089         MOVFF   PREINC1, r0x01
000040 CFE4 F000      01090         MOVFF   PREINC1, r0x00
000044 CFE4 FFD9      01091         MOVFF   PREINC1, FSR2L
000048 0012           01092         RETURN  
                      01093 
                      01094 
                      01095 
                      01096 ; Statistics:
                      01097 ; code size:     1656 (0x0678) bytes ( 1.26%)
                      01098 ;                 828 (0x033c) words
                      01099 ; udata size:      40 (0x0028) bytes ( 3.12%)
                      01100 ; access size:     12 (0x000c) bytes
                      01101 
                      01102 
                      01103         end
gpasm-1.5.0 #1285 (Jul 12 2020) obj/sdcc-18f2   11/12/23  13:12:38          PAGE 22


SYMBOL TABLE
  LABEL                              TYPE        VALUE         VALUE          VALUE
                                                 (hex)         (dec)          (text)

FSR0H                             CONSTANT      00000FEA           4074
FSR0L                             CONSTANT      00000FE9           4073
FSR1L                             CONSTANT      00000FE1           4065
FSR2L                             CONSTANT      00000FD9           4057
INDF0                             CONSTANT      00000FEF           4079
PLUSW2                            CONSTANT      00000FDB           4059
POSTDEC1                          CONSTANT      00000FE5           4069
POSTINC1                          CONSTANT      00000FE6           4070
PREINC1                           CONSTANT      00000FE4           4068
PRODL                             CONSTANT      00000FF3           4083
STATUS                            CONSTANT      00000FD8           4056
WREG                              CONSTANT      00000FE8           4072
_00111_DS_                        ADDRESS       00000024             36
_00112_DS_                        ADDRESS       00000026             38
_00124_DS_                        ADDRESS       00000050             80
_00139_DS_                        ADDRESS       00000038             56
_00141_DS_                        ADDRESS       0000006C            108
_00153_DS_                        ADDRESS       00000064            100
_00156_DS_                        ADDRESS       000000EA            234
_00161_DS_                        ADDRESS       00000106            262
_00163_DS_                        ADDRESS       00000140            320
_00165_DS_                        ADDRESS       000000AA            170
_00166_DS_                        ADDRESS       000000B0            176
_00169_DS_                        ADDRESS       00000062             98
_00249_DS_                        ADDRESS       00000026             38
_00251_DS_                        ADDRESS       00000038             56
_00254_DS_                        ADDRESS       000000A2            162
_00255_DS_                        ADDRESS       000000F8            248
_00277_DS_                        ADDRESS       00000034             52
_00288_DS_                        ADDRESS       00000024             36
_00289_DS_                        ADDRESS       0000002A             42
_ADCON0                           EXTERNAL      00000000              0
_ADCON0bits                       EXTERNAL      00000000              0
_ADCON1                           EXTERNAL      00000000              0
_ADCON1bits                       EXTERNAL      00000000              0
_ADCON2                           EXTERNAL      00000000              0
_ADCON2bits                       EXTERNAL      00000000              0
_ADRES                            EXTERNAL      00000000              0
_ADRESH                           EXTERNAL      00000000              0
_ADRESL                           EXTERNAL      00000000              0
_BAUDCON                          EXTERNAL      00000000              0
_BAUDCONbits                      EXTERNAL      00000000              0
_BAUDCTL                          EXTERNAL      00000000              0
_BAUDCTLbits                      EXTERNAL      00000000              0
_BSR                              EXTERNAL      00000000              0
_CCPR1                            EXTERNAL      00000000              0
_CCPR1H                           EXTERNAL      00000000              0
_CCPR1L                           EXTERNAL      00000000              0
_CCPR2                            EXTERNAL      00000000              0
_CCPR2H                           EXTERNAL      00000000              0
_CCPR2L                           EXTERNAL      00000000              0
_CCP1CON                          EXTERNAL      00000000              0
gpasm-1.5.0 #1285 (Jul 12 2020) obj/sdcc-18f2   11/12/23  13:12:38          PAGE 23


SYMBOL TABLE
  LABEL                              TYPE        VALUE         VALUE          VALUE
                                                 (hex)         (dec)          (text)

_CCP1CONbits                      EXTERNAL      00000000              0
_CCP2CON                          EXTERNAL      00000000              0
_CCP2CONbits                      EXTERNAL      00000000              0
_CMCON                            EXTERNAL      00000000              0
_CMCONbits                        EXTERNAL      00000000              0
_CVRCON                           EXTERNAL      00000000              0
_CVRCONbits                       EXTERNAL      00000000              0
_DDRA                             EXTERNAL      00000000              0
_DDRAbits                         EXTERNAL      00000000              0
_DDRB                             EXTERNAL      00000000              0
_DDRBbits                         EXTERNAL      00000000              0
_DDRC                             EXTERNAL      00000000              0
_DDRCbits                         EXTERNAL      00000000              0
_ECCPAS                           EXTERNAL      00000000              0
_ECCPASbits                       EXTERNAL      00000000              0
_ECCP1AS                          EXTERNAL      00000000              0
_ECCP1ASbits                      EXTERNAL      00000000              0
_ECCP1DEL                         EXTERNAL      00000000              0
_ECCP1DELbits                     EXTERNAL      00000000              0
_EEADR                            EXTERNAL      00000000              0
_EECON1                           EXTERNAL      00000000              0
_EECON1bits                       EXTERNAL      00000000              0
_EECON2                           EXTERNAL      00000000              0
_EEDATA                           EXTERNAL      00000000              0
_FSR0H                            EXTERNAL      00000000              0
_FSR0L                            EXTERNAL      00000000              0
_FSR1H                            EXTERNAL      00000000              0
_FSR1L                            EXTERNAL      00000000              0
_FSR2H                            EXTERNAL      00000000              0
_FSR2L                            EXTERNAL      00000000              0
_HLVDCON                          EXTERNAL      00000000              0
_HLVDCONbits                      EXTERNAL      00000000              0
_INDF0                            EXTERNAL      00000000              0
_INDF1                            EXTERNAL      00000000              0
_INDF2                            EXTERNAL      00000000              0
_INTCON                           EXTERNAL      00000000              0
_INTCONbits                       EXTERNAL      00000000              0
_INTCON2                          EXTERNAL      00000000              0
_INTCON2bits                      EXTERNAL      00000000              0
_INTCON3                          EXTERNAL      00000000              0
_INTCON3bits                      EXTERNAL      00000000              0
_IPR1                             EXTERNAL      00000000              0
_IPR1bits                         EXTERNAL      00000000              0
_IPR2                             EXTERNAL      00000000              0
_IPR2bits                         EXTERNAL      00000000              0
_LATA                             EXTERNAL      00000000              0
_LATAbits                         EXTERNAL      00000000              0
_LATB                             EXTERNAL      00000000              0
_LATBbits                         EXTERNAL      00000000              0
_LATC                             EXTERNAL      00000000              0
_LATCbits                         EXTERNAL      00000000              0
_LCD_ctrl                         STATIC        00000000              0
gpasm-1.5.0 #1285 (Jul 12 2020) obj/sdcc-18f2   11/12/23  13:12:38          PAGE 24


SYMBOL TABLE
  LABEL                              TYPE        VALUE         VALUE          VALUE
                                                 (hex)         (dec)          (text)

_LCD_function                     STATIC        00000000              0
_LCD_lines                        STATIC        00000000              0
_LCD_mode                         STATIC        00000000              0
_LVDCON                           EXTERNAL      00000000              0
_LVDCONbits                       EXTERNAL      00000000              0
_OSCCON                           EXTERNAL      00000000              0
_OSCCONbits                       EXTERNAL      00000000              0
_OSCTUNE                          EXTERNAL      00000000              0
_OSCTUNEbits                      EXTERNAL      00000000              0
_PC                               EXTERNAL      00000000              0
_PCL                              EXTERNAL      00000000              0
_PCLATH                           EXTERNAL      00000000              0
_PCLATU                           EXTERNAL      00000000              0
_PIE1                             EXTERNAL      00000000              0
_PIE1bits                         EXTERNAL      00000000              0
_PIE2                             EXTERNAL      00000000              0
_PIE2bits                         EXTERNAL      00000000              0
_PIR1                             EXTERNAL      00000000              0
_PIR1bits                         EXTERNAL      00000000              0
_PIR2                             EXTERNAL      00000000              0
_PIR2bits                         EXTERNAL      00000000              0
_PLUSW0                           EXTERNAL      00000000              0
_PLUSW1                           EXTERNAL      00000000              0
_PLUSW2                           EXTERNAL      00000000              0
_PORTA                            EXTERNAL      00000000              0
_PORTAbits                        EXTERNAL      00000000              0
_PORTB                            EXTERNAL      00000000              0
_PORTBbits                        EXTERNAL      00000000              0
_PORTC                            EXTERNAL      00000000              0
_PORTCbits                        EXTERNAL      00000000              0
_PORTE                            EXTERNAL      00000000              0
_PORTEbits                        EXTERNAL      00000000              0
_POSTDEC0                         EXTERNAL      00000000              0
_POSTDEC1                         EXTERNAL      00000000              0
_POSTDEC2                         EXTERNAL      00000000              0
_POSTINC0                         EXTERNAL      00000000              0
_POSTINC1                         EXTERNAL      00000000              0
_POSTINC2                         EXTERNAL      00000000              0
_PREINC0                          EXTERNAL      00000000              0
_PREINC1                          EXTERNAL      00000000              0
_PREINC2                          EXTERNAL      00000000              0
_PROD                             EXTERNAL      00000000              0
_PRODH                            EXTERNAL      00000000              0
_PRODL                            EXTERNAL      00000000              0
_PR2                              EXTERNAL      00000000              0
_PWM1CON                          EXTERNAL      00000000              0
_PWM1CONbits                      EXTERNAL      00000000              0
_RCON                             EXTERNAL      00000000              0
_RCONbits                         EXTERNAL      00000000              0
_RCREG                            EXTERNAL      00000000              0
_RCSTA                            EXTERNAL      00000000              0
_RCSTAbits                        EXTERNAL      00000000              0
gpasm-1.5.0 #1285 (Jul 12 2020) obj/sdcc-18f2   11/12/23  13:12:38          PAGE 25


SYMBOL TABLE
  LABEL                              TYPE        VALUE         VALUE          VALUE
                                                 (hex)         (dec)          (text)

_SPBRG                            EXTERNAL      00000000              0
_SPBRGH                           EXTERNAL      00000000              0
_SSPADD                           EXTERNAL      00000000              0
_SSPBUF                           EXTERNAL      00000000              0
_SSPCON1                          EXTERNAL      00000000              0
_SSPCON1bits                      EXTERNAL      00000000              0
_SSPCON2                          EXTERNAL      00000000              0
_SSPCON2bits                      EXTERNAL      00000000              0
_SSPSTAT                          EXTERNAL      00000000              0
_SSPSTATbits                      EXTERNAL      00000000              0
_STATUS                           EXTERNAL      00000000              0
_STATUSbits                       EXTERNAL      00000000              0
_STKPTR                           EXTERNAL      00000000              0
_STKPTRbits                       EXTERNAL      00000000              0
_T0CON                            EXTERNAL      00000000              0
_T0CONbits                        EXTERNAL      00000000              0
_TABLAT                           EXTERNAL      00000000              0
_TBLPTR                           EXTERNAL      00000000              0
_TBLPTRH                          EXTERNAL      00000000              0
_TBLPTRL                          EXTERNAL      00000000              0
_TBLPTRU                          EXTERNAL      00000000              0
_TMR0                             EXTERNAL      00000000              0
_TMR0H                            EXTERNAL      00000000              0
_TMR0L                            EXTERNAL      00000000              0
_TMR1                             EXTERNAL      00000000              0
_TMR1H                            EXTERNAL      00000000              0
_TMR1L                            EXTERNAL      00000000              0
_TMR2                             EXTERNAL      00000000              0
_TMR3                             EXTERNAL      00000000              0
_TMR3H                            EXTERNAL      00000000              0
_TMR3L                            EXTERNAL      00000000              0
_TOS                              EXTERNAL      00000000              0
_TOSH                             EXTERNAL      00000000              0
_TOSL                             EXTERNAL      00000000              0
_TOSU                             EXTERNAL      00000000              0
_TRISA                            EXTERNAL      00000000              0
_TRISAbits                        EXTERNAL      00000000              0
_TRISB                            EXTERNAL      00000000              0
_TRISBbits                        EXTERNAL      00000000              0
_TRISC                            EXTERNAL      00000000              0
_TRISCbits                        EXTERNAL      00000000              0
_TXREG                            EXTERNAL      00000000              0
_TXSTA                            EXTERNAL      00000000              0
_TXSTAbits                        EXTERNAL      00000000              0
_T1CON                            EXTERNAL      00000000              0
_T1CONbits                        EXTERNAL      00000000              0
_T2CON                            EXTERNAL      00000000              0
_T2CONbits                        EXTERNAL      00000000              0
_T3CON                            EXTERNAL      00000000              0
_T3CONbits                        EXTERNAL      00000000              0
_WDTCON                           EXTERNAL      00000000              0
_WDTCONbits                       EXTERNAL      00000000              0
gpasm-1.5.0 #1285 (Jul 12 2020) obj/sdcc-18f2   11/12/23  13:12:38          PAGE 26


SYMBOL TABLE
  LABEL                              TYPE        VALUE         VALUE          VALUE
                                                 (hex)         (dec)          (text)

_WREG                             EXTERNAL      00000000              0
__ACC_RAM_LOW_END                 CONSTANT      0000007F            127
__ACC_RAM_LOW_START               CONSTANT      00000000              0
__ACTIVE_BANK_ADDR                VARIABLE      FFFFFFFF             -1
__ASSUMED_BANK_ADDR               VARIABLE      FFFFFFFF             -1
__BANK_0                          CONSTANT      00000000              0
__BANK_BITS                       CONSTANT      00000F00           3840
__BANK_FIRST                      CONSTANT      00000000              0
__BANK_INV                        CONSTANT      FFFFFFFF             -1
__BANK_LAST                       CONSTANT      00000F00           3840
__BANK_MASK                       CONSTANT      000000FF            255
__BANK_SHIFT                      CONSTANT      00000008              8
__BANK_SIZE                       CONSTANT      00000100            256
__BANK_1                          CONSTANT      00000100            256
__BANK_2                          CONSTANT      00000200            512
__BANK_3                          CONSTANT      00000300            768
__BANK_4                          CONSTANT      00000400           1024
__BANK_5                          CONSTANT      00000500           1280
__BANK_6                          CONSTANT      00000600           1536
__BANK_7                          CONSTANT      00000700           1792
__BANK_8                          CONSTANT      00000800           2048
__BANK_9                          CONSTANT      00000900           2304
__BANK_10                         CONSTANT      00000A00           2560
__BANK_11                         CONSTANT      00000B00           2816
__BANK_12                         CONSTANT      00000C00           3072
__BANK_13                         CONSTANT      00000D00           3328
__BANK_14                         CONSTANT      00000E00           3584
__BANK_15                         CONSTANT      00000F00           3840
__CODE_END                        CONSTANT      00007FFF          32767
__CODE_START                      CONSTANT      00000000              0
__COMMON_RAM_END                  CONSTANT      0000007F            127
__COMMON_RAM_START                CONSTANT      00000000              0
__CONFIG_END                      CONSTANT      0030000D        3145741
__CONFIG_START                    CONSTANT      00300000        3145728
__EEPROM_END                      CONSTANT      00F000FF       15728895
__EEPROM_START                    CONSTANT      00F00000       15728640
__EXTENDED                        CONSTANT      00000001              1
__GPUTILS_SVN_VERSION             CONSTANT      00000505           1285
__GPUTILS_VERSION_MAJOR           CONSTANT      00000001              1
__GPUTILS_VERSION_MICRO           CONSTANT      00000000              0
__GPUTILS_VERSION_MINOR           CONSTANT      00000005              5
__IDLOCS_END                      CONSTANT      00200007        2097159
__IDLOCS_START                    CONSTANT      00200000        2097152
__NUM_BANKS                       CONSTANT      00000010             16
__VECTOR_INT_HIGH                 CONSTANT      00000008              8
__VECTOR_INT_LOW                  CONSTANT      00000018             24
__VECTOR_RESET                    CONSTANT      00000000              0
__WHILE_LOOP_COUNT_MAX            CONSTANT      000000FF            255
__divuint                         EXTERNAL      00000000              0
__gptrget1                        EXTERNAL      00000000              0
__moduint                         EXTERNAL      00000000              0
__16_BIT                          CONSTANT      00000001              1
gpasm-1.5.0 #1285 (Jul 12 2020) obj/sdcc-18f2   11/12/23  13:12:38          PAGE 27


SYMBOL TABLE
  LABEL                              TYPE        VALUE         VALUE          VALUE
                                                 (hex)         (dec)          (text)

__18F2520                         CONSTANT      00000001              1
_delay_ms                         EXTERNAL      00000000              0
_delay_us                         EXTERNAL      00000000              0
_dvar                             EXTERNAL      00000000              0
_lcd_autoscroll                   GLOBAL        00000000              0
_lcd_begin                        GLOBAL        00000000              0
_lcd_blink                        GLOBAL        00000000              0
_lcd_clear                        GLOBAL        00000000              0
_lcd_command                      ADDRESS       00000000              0
_lcd_cursor                       GLOBAL        00000000              0
_lcd_display                      GLOBAL        00000000              0
_lcd_gotoxy                       GLOBAL        00000000              0
_lcd_gotoxy_row_offsets_65536_47  STATIC        00000000              0
_lcd_home                         GLOBAL        00000000              0
_lcd_init                         GLOBAL        00000000              0
_lcd_left_to_right                GLOBAL        00000000              0
_lcd_no_cursor                    GLOBAL        00000000              0
_lcd_print_number                 GLOBAL        00000000              0
_lcd_print_number_buf_65536_55    STATIC        00000000              0
_lcd_putch                        GLOBAL        00000000              0
_lcd_puts                         GLOBAL        00000000              0
_lcd_send                         GLOBAL        00000000              0
_lcd_write4bits                   ADDRESS       00000000              0
_stdin                            EXTERNAL      00000000              0
_stdout                           EXTERNAL      00000000              0
r0x00                             STATIC        00000000              0
r0x01                             STATIC        00000001              1
r0x02                             STATIC        00000002              2
r0x03                             STATIC        00000003              3
r0x04                             STATIC        00000004              4
r0x05                             STATIC        00000005              5
r0x06                             STATIC        00000006              6
r0x07                             STATIC        00000007              7
r0x08                             STATIC        00000008              8
r0x09                             STATIC        00000009              9
r0x0a                             STATIC        0000000A             10
r0x0b                             STATIC        0000000B             11

Errors   :     0
Warnings :     0 reported,     0 suppressed
Messages :     0 reported,     0 suppressed

