gpasm-1.5.0 #1285 (Jul 12 2020) obj/sdcc-18f2   11/12/23  13:12:38          PAGE  1


LOC    OBJECT CODE    LINE  SOURCE TEXT
  VALUE

                      00001 ;--------------------------------------------------------
                      00002 ; File Created by SDCC : free open source ANSI-C Compiler
                      00003 ; Version 4.2.0 #13081 (Linux)
                      00004 ;--------------------------------------------------------
                      00005 ; PIC16 port for the Microchip 16-bit core micros
                      00006 ;--------------------------------------------------------
                      00007         list    p=18f2520
                      00008         radix   dec
                      00009 
                      00010 
                      00011 ;--------------------------------------------------------
                      00012 ; public variables in this module
                      00013 ;--------------------------------------------------------
  0000                00014         global  _ser_tmp
  0000                00015         global  _ser_isrx
  0000                00016         global  _ser_rxsize
  0000                00017         global  _ser_rxat
  0000                00018         global  _ser_getch
  0000                00019         global  _ser_putch
  0000                00020         global  _ser_puts
  0000                00021         global  _ser_put
  0000                00022         global  _ser_puts2
  0000                00023         global  _ser_puthex
  0000                00024         global  _ser_init
  0000                00025         global  _ser_brg
  0000                00026         global  _ser_rxfifo
  0000                00027         global  _ser_rxiptr
  0000                00028         global  _ser_rxoptr
  0000                00029         global  _ser_txfifo
  0000                00030         global  _ser_txiptr
  0000                00031         global  _ser_txoptr
                      00032 
                      00033 ;--------------------------------------------------------
                      00034 ; extern variables in this module
                      00035 ;--------------------------------------------------------
  0000                00036         extern  __gptrget1
  0000                00037         extern  _PORTAbits
  0000                00038         extern  _PORTBbits
  0000                00039         extern  _PORTCbits
  0000                00040         extern  _PORTEbits
  0000                00041         extern  _LATAbits
  0000                00042         extern  _LATBbits
  0000                00043         extern  _LATCbits
  0000                00044         extern  _DDRAbits
  0000                00045         extern  _TRISAbits
  0000                00046         extern  _DDRBbits
  0000                00047         extern  _TRISBbits
  0000                00048         extern  _DDRCbits
  0000                00049         extern  _TRISCbits
  0000                00050         extern  _OSCTUNEbits
  0000                00051         extern  _PIE1bits
  0000                00052         extern  _PIR1bits
  0000                00053         extern  _IPR1bits
gpasm-1.5.0 #1285 (Jul 12 2020) obj/sdcc-18f2   11/12/23  13:12:38          PAGE  2


LOC    OBJECT CODE    LINE  SOURCE TEXT
  VALUE

  0000                00054         extern  _PIE2bits
  0000                00055         extern  _PIR2bits
  0000                00056         extern  _IPR2bits
  0000                00057         extern  _EECON1bits
  0000                00058         extern  _RCSTAbits
  0000                00059         extern  _TXSTAbits
  0000                00060         extern  _T3CONbits
  0000                00061         extern  _CMCONbits
  0000                00062         extern  _CVRCONbits
  0000                00063         extern  _ECCP1ASbits
  0000                00064         extern  _ECCPASbits
  0000                00065         extern  _ECCP1DELbits
  0000                00066         extern  _PWM1CONbits
  0000                00067         extern  _BAUDCONbits
  0000                00068         extern  _BAUDCTLbits
  0000                00069         extern  _CCP2CONbits
  0000                00070         extern  _CCP1CONbits
  0000                00071         extern  _ADCON2bits
  0000                00072         extern  _ADCON1bits
  0000                00073         extern  _ADCON0bits
  0000                00074         extern  _SSPCON2bits
  0000                00075         extern  _SSPCON1bits
  0000                00076         extern  _SSPSTATbits
  0000                00077         extern  _T2CONbits
  0000                00078         extern  _T1CONbits
  0000                00079         extern  _RCONbits
  0000                00080         extern  _WDTCONbits
  0000                00081         extern  _HLVDCONbits
  0000                00082         extern  _LVDCONbits
  0000                00083         extern  _OSCCONbits
  0000                00084         extern  _T0CONbits
  0000                00085         extern  _STATUSbits
  0000                00086         extern  _INTCON3bits
  0000                00087         extern  _INTCON2bits
  0000                00088         extern  _INTCONbits
  0000                00089         extern  _STKPTRbits
  0000                00090         extern  _PORTA
  0000                00091         extern  _PORTB
  0000                00092         extern  _PORTC
  0000                00093         extern  _PORTE
  0000                00094         extern  _LATA
  0000                00095         extern  _LATB
  0000                00096         extern  _LATC
  0000                00097         extern  _DDRA
  0000                00098         extern  _TRISA
  0000                00099         extern  _DDRB
  0000                00100         extern  _TRISB
  0000                00101         extern  _DDRC
  0000                00102         extern  _TRISC
  0000                00103         extern  _OSCTUNE
  0000                00104         extern  _PIE1
  0000                00105         extern  _PIR1
  0000                00106         extern  _IPR1
gpasm-1.5.0 #1285 (Jul 12 2020) obj/sdcc-18f2   11/12/23  13:12:38          PAGE  3


LOC    OBJECT CODE    LINE  SOURCE TEXT
  VALUE

  0000                00107         extern  _PIE2
  0000                00108         extern  _PIR2
  0000                00109         extern  _IPR2
  0000                00110         extern  _EECON1
  0000                00111         extern  _EECON2
  0000                00112         extern  _EEDATA
  0000                00113         extern  _EEADR
  0000                00114         extern  _RCSTA
  0000                00115         extern  _TXSTA
  0000                00116         extern  _TXREG
  0000                00117         extern  _RCREG
  0000                00118         extern  _SPBRG
  0000                00119         extern  _SPBRGH
  0000                00120         extern  _T3CON
  0000                00121         extern  _TMR3
  0000                00122         extern  _TMR3L
  0000                00123         extern  _TMR3H
  0000                00124         extern  _CMCON
  0000                00125         extern  _CVRCON
  0000                00126         extern  _ECCP1AS
  0000                00127         extern  _ECCPAS
  0000                00128         extern  _ECCP1DEL
  0000                00129         extern  _PWM1CON
  0000                00130         extern  _BAUDCON
  0000                00131         extern  _BAUDCTL
  0000                00132         extern  _CCP2CON
  0000                00133         extern  _CCPR2
  0000                00134         extern  _CCPR2L
  0000                00135         extern  _CCPR2H
  0000                00136         extern  _CCP1CON
  0000                00137         extern  _CCPR1
  0000                00138         extern  _CCPR1L
  0000                00139         extern  _CCPR1H
  0000                00140         extern  _ADCON2
  0000                00141         extern  _ADCON1
  0000                00142         extern  _ADCON0
  0000                00143         extern  _ADRES
  0000                00144         extern  _ADRESL
  0000                00145         extern  _ADRESH
  0000                00146         extern  _SSPCON2
  0000                00147         extern  _SSPCON1
  0000                00148         extern  _SSPSTAT
  0000                00149         extern  _SSPADD
  0000                00150         extern  _SSPBUF
  0000                00151         extern  _T2CON
  0000                00152         extern  _PR2
  0000                00153         extern  _TMR2
  0000                00154         extern  _T1CON
  0000                00155         extern  _TMR1
  0000                00156         extern  _TMR1L
  0000                00157         extern  _TMR1H
  0000                00158         extern  _RCON
  0000                00159         extern  _WDTCON
gpasm-1.5.0 #1285 (Jul 12 2020) obj/sdcc-18f2   11/12/23  13:12:38          PAGE  4


LOC    OBJECT CODE    LINE  SOURCE TEXT
  VALUE

  0000                00160         extern  _HLVDCON
  0000                00161         extern  _LVDCON
  0000                00162         extern  _OSCCON
  0000                00163         extern  _T0CON
  0000                00164         extern  _TMR0
  0000                00165         extern  _TMR0L
  0000                00166         extern  _TMR0H
  0000                00167         extern  _STATUS
  0000                00168         extern  _FSR2L
  0000                00169         extern  _FSR2H
  0000                00170         extern  _PLUSW2
  0000                00171         extern  _PREINC2
  0000                00172         extern  _POSTDEC2
  0000                00173         extern  _POSTINC2
  0000                00174         extern  _INDF2
  0000                00175         extern  _BSR
  0000                00176         extern  _FSR1L
  0000                00177         extern  _FSR1H
  0000                00178         extern  _PLUSW1
  0000                00179         extern  _PREINC1
  0000                00180         extern  _POSTDEC1
  0000                00181         extern  _POSTINC1
  0000                00182         extern  _INDF1
  0000                00183         extern  _WREG
  0000                00184         extern  _FSR0L
  0000                00185         extern  _FSR0H
  0000                00186         extern  _PLUSW0
  0000                00187         extern  _PREINC0
  0000                00188         extern  _POSTDEC0
  0000                00189         extern  _POSTINC0
  0000                00190         extern  _INDF0
  0000                00191         extern  _INTCON3
  0000                00192         extern  _INTCON2
  0000                00193         extern  _INTCON
  0000                00194         extern  _PROD
  0000                00195         extern  _PRODL
  0000                00196         extern  _PRODH
  0000                00197         extern  _TABLAT
  0000                00198         extern  _TBLPTR
  0000                00199         extern  _TBLPTRL
  0000                00200         extern  _TBLPTRH
  0000                00201         extern  _TBLPTRU
  0000                00202         extern  _PC
  0000                00203         extern  _PCL
  0000                00204         extern  _PCLATH
  0000                00205         extern  _PCLATU
  0000                00206         extern  _STKPTR
  0000                00207         extern  _TOS
  0000                00208         extern  _TOSL
  0000                00209         extern  _TOSH
  0000                00210         extern  _TOSU
                      00211 
                      00212 ;--------------------------------------------------------
gpasm-1.5.0 #1285 (Jul 12 2020) obj/sdcc-18f2   11/12/23  13:12:38          PAGE  5


LOC    OBJECT CODE    LINE  SOURCE TEXT
  VALUE

                      00213 ;       Equates to used internal registers
                      00214 ;--------------------------------------------------------
  00000FD8            00215 STATUS  equ     0xfd8
  00000FE8            00216 WREG    equ     0xfe8
  00000FE9            00217 FSR0L   equ     0xfe9
  00000FEA            00218 FSR0H   equ     0xfea
  00000FE1            00219 FSR1L   equ     0xfe1
  00000FD9            00220 FSR2L   equ     0xfd9
  00000FEF            00221 INDF0   equ     0xfef
  00000FE6            00222 POSTINC1        equ     0xfe6
  00000FE5            00223 POSTDEC1        equ     0xfe5
  00000FE4            00224 PREINC1 equ     0xfe4
  00000FDB            00225 PLUSW2  equ     0xfdb
  00000FF3            00226 PRODL   equ     0xff3
                      00227 
                      00228 
                      00229         idata
000000 1F             00230 _ser_brg        db      0x1f
                      00231 
                      00232 
                      00233 ; Internal registers
                      00234 .registers      udata_ovr       0x0000
000000                00235 r0x00   res     1
000001                00236 r0x01   res     1
000002                00237 r0x02   res     1
000003                00238 r0x03   res     1
000004                00239 r0x04   res     1
000005                00240 r0x05   res     1
000006                00241 r0x06   res     1
                      00242 
                      00243 udata_ser_0     udata
000000                00244 _ser_tmp        res     1
                      00245 
                      00246 udata_ser_1     udata
000000                00247 _ser_rxiptr     res     1
                      00248 
                      00249 udata_ser_2     udata
000000                00250 _ser_rxoptr     res     1
                      00251 
                      00252 udata_ser_3     udata
000000                00253 _ser_rxfifo     res     16
                      00254 
                      00255 udata_ser_4     udata
000000                00256 _ser_txiptr     res     1
                      00257 
                      00258 udata_ser_5     udata
000000                00259 _ser_txoptr     res     1
                      00260 
                      00261 udata_ser_6     udata
000000                00262 _ser_txfifo     res     16
                      00263 
                      00264 ;--------------------------------------------------------
                      00265 ; global & static initialisations
gpasm-1.5.0 #1285 (Jul 12 2020) obj/sdcc-18f2   11/12/23  13:12:38          PAGE  6


LOC    OBJECT CODE    LINE  SOURCE TEXT
  VALUE

                      00266 ;--------------------------------------------------------
                      00267 ; I code from now on!
                      00268 ; ; Starting pCode block
                      00269 S_ser__ser_init code
000000                00270 _ser_init:
                      00271 ;       .line   114; lib/ser.c  ser_init(void) {
000000 CFD9 FFE5      00272         MOVFF   FSR2L, POSTDEC1
000004 CFE1 FFD9      00273         MOVFF   FSR1L, FSR2L
                      00274 ;       .line   115; lib/ser.c  SER_TX_TRIS();
000008 9C??           00275         BCF     _TRISC, 6
                      00276 ;       .line   117; lib/ser.c  SER_RX_TRIS();
00000A 8E??           00277         BSF     _TRISC, 7
                      00278 ;       .line   119; lib/ser.c  BRGH = HIGH_SPEED; // high speed
00000C 84??           00279         BSF     _TXSTAbits, 2
                      00280 ;       .line   125; lib/ser.c  SPBRG = ser_brg; // 56.7K @ 20MHz, SPBRG = (20MHz/(16*BAUD_RATE))-1;
00000E C??? F???      00281         MOVFF   _ser_brg, _SPBRG
                      00282 ;       .line   128; lib/ser.c  TX9 = 0; // 8 bits
000012 9C??           00283         BCF     _TXSTAbits, 6
                      00284 ;       .line   129; lib/ser.c  RX9 = 0; //
000014 9C??           00285         BCF     _RCSTAbits, 6
                      00286 ;       .line   131; lib/ser.c  SYNC = 0; // uart settings
000016 98??           00287         BCF     _TXSTAbits, 4
                      00288 ;       .line   132; lib/ser.c  SPEN = 1;
000018 8E??           00289         BSF     _RCSTAbits, 7
                      00290 ;       .line   133; lib/ser.c  CREN = 1;
00001A 88??           00291         BSF     _RCSTAbits, 4
                      00292 ;       .line   134; lib/ser.c  TXIE = 0;
00001C 98??           00293         BCF     _PIE1bits, 4
                      00294 ;       .line   136; lib/ser.c  TXEN = 1;
00001E 8A??           00295         BSF     _TXSTAbits, 5
                      00296 ;       .line   137; lib/ser.c  PEIE = 1;
000020 8C??           00297         BSF     _INTCONbits, 6
000022 010?           00298         BANKSEL _ser_txoptr
                      00299 ;       .line   139; lib/ser.c  ser_rxiptr = ser_rxoptr = ser_txiptr = ser_txoptr = 0;
000024 6B??           00300         CLRF    _ser_txoptr, B
000026 010?           00301         BANKSEL _ser_txiptr
000028 6B??           00302         CLRF    _ser_txiptr, B
00002A 010?           00303         BANKSEL _ser_rxoptr
00002C 6B??           00304         CLRF    _ser_rxoptr, B
00002E 010?           00305         BANKSEL _ser_rxiptr
000030 6B??           00306         CLRF    _ser_rxiptr, B
                      00307 ;       .line   140; lib/ser.c  }
000032 CFE4 FFD9      00308         MOVFF   PREINC1, FSR2L
000036 0012           00309         RETURN  
                      00310 
                      00311 ; ; Starting pCode block
                      00312 S_ser__ser_puthex       code
000000                00313 _ser_puthex:
                      00314 ;       .line   95; lib/ser.c   ser_puthex(uint8_t v) {
000000 CFD9 FFE5      00315         MOVFF   FSR2L, POSTDEC1
000004 CFE1 FFD9      00316         MOVFF   FSR1L, FSR2L
000008 C??? F???      00317         MOVFF   r0x00, POSTDEC1
00000C C??? F???      00318         MOVFF   r0x01, POSTDEC1
gpasm-1.5.0 #1285 (Jul 12 2020) obj/sdcc-18f2   11/12/23  13:12:38          PAGE  7


LOC    OBJECT CODE    LINE  SOURCE TEXT
  VALUE

000010 C??? F???      00319         MOVFF   r0x02, POSTDEC1
000014 0E02           00320         MOVLW   0x02
000016 CFDB F000      00321         MOVFF   PLUSW2, r0x00
                      00322 ;       .line   98; lib/ser.c   c = v >> 4;
00001A 38??           00323         SWAPF   r0x00, W
00001C 0B0F           00324         ANDLW   0x0f
00001E 6E??           00325         MOVWF   r0x01
                      00326 ;       .line   99; lib/ser.c   if(c > 9) {
000020 0E0A           00327         MOVLW   0x0a
000022 5C??           00328         SUBWF   r0x01, W
000024 E3??           00329         BNC     _00229_DS_
                      00330 ;       .line   100; lib/ser.c  ser_putch((char)('A' - 10 + c));
000026 50??           00331         MOVF    r0x01, W
000028 6E??           00332         MOVWF   r0x02
00002A 0E37           00333         MOVLW   0x37
00002C 26??           00334         ADDWF   r0x02, F
00002E 50??           00335         MOVF    r0x02, W
000030 6EE5           00336         MOVWF   POSTDEC1
000032 EC?? F0??      00337         CALL    _ser_putch
000036 52E6           00338         MOVF    POSTINC1, F
000038 D???           00339         BRA     _00230_DS_
00003A                00340 _00229_DS_:
                      00341 ;       .line   102; lib/ser.c  ser_putch((char)('0' + c));
00003A 0E30           00342         MOVLW   0x30
00003C 26??           00343         ADDWF   r0x01, F
00003E 50??           00344         MOVF    r0x01, W
000040 6EE5           00345         MOVWF   POSTDEC1
000042 EC?? F0??      00346         CALL    _ser_putch
000046 52E6           00347         MOVF    POSTINC1, F
000048                00348 _00230_DS_:
                      00349 ;       .line   105; lib/ser.c  c = v & 0x0F;
000048 0E0F           00350         MOVLW   0x0f
00004A 16??           00351         ANDWF   r0x00, F
                      00352 ;       .line   106; lib/ser.c  if(c > 9) {
00004C 0E0A           00353         MOVLW   0x0a
00004E 5C??           00354         SUBWF   r0x00, W
000050 E3??           00355         BNC     _00232_DS_
                      00356 ;       .line   107; lib/ser.c  ser_putch((char)('A' - 10 + c));
000052 50??           00357         MOVF    r0x00, W
000054 6E??           00358         MOVWF   r0x01
000056 0E37           00359         MOVLW   0x37
000058 26??           00360         ADDWF   r0x01, F
00005A 50??           00361         MOVF    r0x01, W
00005C 6EE5           00362         MOVWF   POSTDEC1
00005E EC?? F0??      00363         CALL    _ser_putch
000062 52E6           00364         MOVF    POSTINC1, F
000064 D???           00365         BRA     _00234_DS_
000066                00366 _00232_DS_:
                      00367 ;       .line   109; lib/ser.c  ser_putch((char)('0' + c));
000066 0E30           00368         MOVLW   0x30
000068 26??           00369         ADDWF   r0x00, F
00006A 50??           00370         MOVF    r0x00, W
00006C 6EE5           00371         MOVWF   POSTDEC1
gpasm-1.5.0 #1285 (Jul 12 2020) obj/sdcc-18f2   11/12/23  13:12:38          PAGE  8


LOC    OBJECT CODE    LINE  SOURCE TEXT
  VALUE

00006E EC?? F0??      00372         CALL    _ser_putch
000072 52E6           00373         MOVF    POSTINC1, F
000074                00374 _00234_DS_:
                      00375 ;       .line   111; lib/ser.c  }
000074 CFE4 F000      00376         MOVFF   PREINC1, r0x02
000078 CFE4 F000      00377         MOVFF   PREINC1, r0x01
00007C CFE4 F000      00378         MOVFF   PREINC1, r0x00
000080 CFE4 FFD9      00379         MOVFF   PREINC1, FSR2L
000084 0012           00380         RETURN  
                      00381 
                      00382 ; ; Starting pCode block
                      00383 S_ser__ser_puts2        code
000000                00384 _ser_puts2:
                      00385 ;       .line   90; lib/ser.c   ser_puts2(uint8_t* s) {
000000 CFD9 FFE5      00386         MOVFF   FSR2L, POSTDEC1
000004 CFE1 FFD9      00387         MOVFF   FSR1L, FSR2L
000008 C??? F???      00388         MOVFF   r0x00, POSTDEC1
00000C C??? F???      00389         MOVFF   r0x01, POSTDEC1
000010 C??? F???      00390         MOVFF   r0x02, POSTDEC1
000014 C??? F???      00391         MOVFF   r0x03, POSTDEC1
000018 0E02           00392         MOVLW   0x02
00001A CFDB F000      00393         MOVFF   PLUSW2, r0x00
00001E 0E03           00394         MOVLW   0x03
000020 CFDB F000      00395         MOVFF   PLUSW2, r0x01
000024 0E04           00396         MOVLW   0x04
000026 CFDB F000      00397         MOVFF   PLUSW2, r0x02
00002A                00398 _00209_DS_:
                      00399 ;       .line   91; lib/ser.c   while(*s) ser_putch(*s++);
00002A C??? F???      00400         MOVFF   r0x00, FSR0L
00002E C??? F???      00401         MOVFF   r0x01, PRODL
000032 50??           00402         MOVF    r0x02, W
000034 EC?? F0??      00403         CALL    __gptrget1
000038 6E??           00404         MOVWF   r0x03
00003A 50??           00405         MOVF    r0x03, W
00003C E0??           00406         BZ      _00212_DS_
00003E 2A??           00407         INCF    r0x00, F
000040 E3??           00408         BNC     _00223_DS_
000042 4A??           00409         INFSNZ  r0x01, F
000044 2A??           00410         INCF    r0x02, F
000046                00411 _00223_DS_:
000046 50??           00412         MOVF    r0x03, W
000048 6EE5           00413         MOVWF   POSTDEC1
00004A EC?? F0??      00414         CALL    _ser_putch
00004E 52E6           00415         MOVF    POSTINC1, F
000050 D???           00416         BRA     _00209_DS_
000052                00417 _00212_DS_:
                      00418 ;       .line   92; lib/ser.c   }
000052 CFE4 F000      00419         MOVFF   PREINC1, r0x03
000056 CFE4 F000      00420         MOVFF   PREINC1, r0x02
00005A CFE4 F000      00421         MOVFF   PREINC1, r0x01
00005E CFE4 F000      00422         MOVFF   PREINC1, r0x00
000062 CFE4 FFD9      00423         MOVFF   PREINC1, FSR2L
000066 0012           00424         RETURN  
gpasm-1.5.0 #1285 (Jul 12 2020) obj/sdcc-18f2   11/12/23  13:12:38          PAGE  9


LOC    OBJECT CODE    LINE  SOURCE TEXT
  VALUE

                      00425 
                      00426 ; ; Starting pCode block
                      00427 S_ser__ser_put  code
000000                00428 _ser_put:
                      00429 ;       .line   85; lib/ser.c   ser_put(const char* s, unsigned n) {
000000 CFD9 FFE5      00430         MOVFF   FSR2L, POSTDEC1
000004 CFE1 FFD9      00431         MOVFF   FSR1L, FSR2L
000008 C??? F???      00432         MOVFF   r0x00, POSTDEC1
00000C C??? F???      00433         MOVFF   r0x01, POSTDEC1
000010 C??? F???      00434         MOVFF   r0x02, POSTDEC1
000014 C??? F???      00435         MOVFF   r0x03, POSTDEC1
000018 C??? F???      00436         MOVFF   r0x04, POSTDEC1
00001C C??? F???      00437         MOVFF   r0x05, POSTDEC1
000020 C??? F???      00438         MOVFF   r0x06, POSTDEC1
000024 0E02           00439         MOVLW   0x02
000026 CFDB F000      00440         MOVFF   PLUSW2, r0x00
00002A 0E03           00441         MOVLW   0x03
00002C CFDB F000      00442         MOVFF   PLUSW2, r0x01
000030 0E04           00443         MOVLW   0x04
000032 CFDB F000      00444         MOVFF   PLUSW2, r0x02
000036 0E05           00445         MOVLW   0x05
000038 CFDB F000      00446         MOVFF   PLUSW2, r0x03
00003C 0E06           00447         MOVLW   0x06
00003E CFDB F000      00448         MOVFF   PLUSW2, r0x04
000042                00449 _00190_DS_:
                      00450 ;       .line   86; lib/ser.c   while(n--) ser_putch(*s++);
000042 C??? F???      00451         MOVFF   r0x03, r0x05
000046 C??? F???      00452         MOVFF   r0x04, r0x06
00004A 0EFF           00453         MOVLW   0xff
00004C 26??           00454         ADDWF   r0x03, F
00004E 22??           00455         ADDWFC  r0x04, F
000050 50??           00456         MOVF    r0x05, W
000052 10??           00457         IORWF   r0x06, W
000054 E0??           00458         BZ      _00193_DS_
000056 C??? F???      00459         MOVFF   r0x00, FSR0L
00005A C??? F???      00460         MOVFF   r0x01, PRODL
00005E 50??           00461         MOVF    r0x02, W
000060 EC?? F0??      00462         CALL    __gptrget1
000064 6E??           00463         MOVWF   r0x05
000066 2A??           00464         INCF    r0x00, F
000068 E3??           00465         BNC     _00204_DS_
00006A 4A??           00466         INFSNZ  r0x01, F
00006C 2A??           00467         INCF    r0x02, F
00006E                00468 _00204_DS_:
00006E 50??           00469         MOVF    r0x05, W
000070 6EE5           00470         MOVWF   POSTDEC1
000072 EC?? F0??      00471         CALL    _ser_putch
000076 52E6           00472         MOVF    POSTINC1, F
000078 D???           00473         BRA     _00190_DS_
00007A                00474 _00193_DS_:
                      00475 ;       .line   87; lib/ser.c   }
00007A CFE4 F000      00476         MOVFF   PREINC1, r0x06
00007E CFE4 F000      00477         MOVFF   PREINC1, r0x05
gpasm-1.5.0 #1285 (Jul 12 2020) obj/sdcc-18f2   11/12/23  13:12:38          PAGE 10


LOC    OBJECT CODE    LINE  SOURCE TEXT
  VALUE

000082 CFE4 F000      00478         MOVFF   PREINC1, r0x04
000086 CFE4 F000      00479         MOVFF   PREINC1, r0x03
00008A CFE4 F000      00480         MOVFF   PREINC1, r0x02
00008E CFE4 F000      00481         MOVFF   PREINC1, r0x01
000092 CFE4 F000      00482         MOVFF   PREINC1, r0x00
000096 CFE4 FFD9      00483         MOVFF   PREINC1, FSR2L
00009A 0012           00484         RETURN  
                      00485 
                      00486 ; ; Starting pCode block
                      00487 S_ser__ser_puts code
000000                00488 _ser_puts:
                      00489 ;       .line   81; lib/ser.c   ser_puts(const char* s) {
000000 CFD9 FFE5      00490         MOVFF   FSR2L, POSTDEC1
000004 CFE1 FFD9      00491         MOVFF   FSR1L, FSR2L
000008 C??? F???      00492         MOVFF   r0x00, POSTDEC1
00000C C??? F???      00493         MOVFF   r0x01, POSTDEC1
000010 C??? F???      00494         MOVFF   r0x02, POSTDEC1
000014 C??? F???      00495         MOVFF   r0x03, POSTDEC1
000018 0E02           00496         MOVLW   0x02
00001A CFDB F000      00497         MOVFF   PLUSW2, r0x00
00001E 0E03           00498         MOVLW   0x03
000020 CFDB F000      00499         MOVFF   PLUSW2, r0x01
000024 0E04           00500         MOVLW   0x04
000026 CFDB F000      00501         MOVFF   PLUSW2, r0x02
00002A                00502 _00171_DS_:
                      00503 ;       .line   82; lib/ser.c   while(*s) ser_putch(*s++);
00002A C??? F???      00504         MOVFF   r0x00, FSR0L
00002E C??? F???      00505         MOVFF   r0x01, PRODL
000032 50??           00506         MOVF    r0x02, W
000034 EC?? F0??      00507         CALL    __gptrget1
000038 6E??           00508         MOVWF   r0x03
00003A 50??           00509         MOVF    r0x03, W
00003C E0??           00510         BZ      _00174_DS_
00003E 2A??           00511         INCF    r0x00, F
000040 E3??           00512         BNC     _00185_DS_
000042 4A??           00513         INFSNZ  r0x01, F
000044 2A??           00514         INCF    r0x02, F
000046                00515 _00185_DS_:
000046 50??           00516         MOVF    r0x03, W
000048 6EE5           00517         MOVWF   POSTDEC1
00004A EC?? F0??      00518         CALL    _ser_putch
00004E 52E6           00519         MOVF    POSTINC1, F
000050 D???           00520         BRA     _00171_DS_
000052                00521 _00174_DS_:
                      00522 ;       .line   83; lib/ser.c   }
000052 CFE4 F000      00523         MOVFF   PREINC1, r0x03
000056 CFE4 F000      00524         MOVFF   PREINC1, r0x02
00005A CFE4 F000      00525         MOVFF   PREINC1, r0x01
00005E CFE4 F000      00526         MOVFF   PREINC1, r0x00
000062 CFE4 FFD9      00527         MOVFF   PREINC1, FSR2L
000066 0012           00528         RETURN  
                      00529 
                      00530 ; ; Starting pCode block
gpasm-1.5.0 #1285 (Jul 12 2020) obj/sdcc-18f2   11/12/23  13:12:38          PAGE 11


LOC    OBJECT CODE    LINE  SOURCE TEXT
  VALUE

                      00531 S_ser__ser_putch        code
000000                00532 _ser_putch:
                      00533 ;       .line   71; lib/ser.c   ser_putch(char c) {
000000 CFD9 FFE5      00534         MOVFF   FSR2L, POSTDEC1
000004 CFE1 FFD9      00535         MOVFF   FSR1L, FSR2L
000008 C??? F???      00536         MOVFF   r0x00, POSTDEC1
00000C C??? F???      00537         MOVFF   r0x01, POSTDEC1
000010 C??? F???      00538         MOVFF   r0x02, POSTDEC1
000014 C??? F???      00539         MOVFF   r0x03, POSTDEC1
000018 C??? F???      00540         MOVFF   r0x04, POSTDEC1
00001C 0E02           00541         MOVLW   0x02
00001E CFDB F000      00542         MOVFF   PLUSW2, r0x00
000022                00543 _00151_DS_:
                      00544 ;       .line   72; lib/ser.c   while(((ser_txiptr + 1) & SER_FIFO_MASK) == ser_txoptr) continue;
000022 C??? F???      00545         MOVFF   _ser_txiptr, r0x01
000026 6A??           00546         CLRF    r0x02
000028 4A??           00547         INFSNZ  r0x01, F
00002A 2A??           00548         INCF    r0x02, F
00002C 0E0F           00549         MOVLW   0x0f
00002E 16??           00550         ANDWF   r0x01, F
000030 6A??           00551         CLRF    r0x02
000032 C??? F???      00552         MOVFF   _ser_txoptr, r0x03
000036 6A??           00553         CLRF    r0x04
000038 50??           00554         MOVF    r0x01, W
00003A 18??           00555         XORWF   r0x03, W
00003C E1??           00556         BNZ     _00166_DS_
00003E 50??           00557         MOVF    r0x02, W
000040 18??           00558         XORWF   r0x04, W
000042 E0??           00559         BZ      _00151_DS_
000044                00560 _00166_DS_:
                      00561 ;       .line   73; lib/ser.c   GIE = 0;
000044 9E??           00562         BCF     _INTCONbits, 7
                      00563 ;       .line   74; lib/ser.c   ser_txfifo[ser_txiptr] = c;
000046 0E??           00564         MOVLW   LOW(_ser_txfifo)
000048 010?           00565         BANKSEL _ser_txiptr
00004A 25??           00566         ADDWF   _ser_txiptr, W, B
00004C 6E??           00567         MOVWF   r0x01
00004E 6A??           00568         CLRF    r0x02
000050 0E??           00569         MOVLW   HIGH(_ser_txfifo)
000052 22??           00570         ADDWFC  r0x02, F
000054 C??? F???      00571         MOVFF   r0x01, FSR0L
000058 C??? F???      00572         MOVFF   r0x02, FSR0H
00005C C??? F???      00573         MOVFF   r0x00, INDF0
000060 010?           00574         BANKSEL _ser_txiptr
                      00575 ;       .line   75; lib/ser.c   ser_txiptr = (ser_txiptr + 1) & SER_FIFO_MASK;
000062 51??           00576         MOVF    _ser_txiptr, W, B
000064 6E??           00577         MOVWF   r0x00
000066 2A??           00578         INCF    r0x00, F
000068 0E0F           00579         MOVLW   0x0f
00006A 14??           00580         ANDWF   r0x00, W
00006C 010?           00581         BANKSEL _ser_txiptr
00006E 6F??           00582         MOVWF   _ser_txiptr, B
                      00583 ;       .line   76; lib/ser.c   TXIE = 1;
gpasm-1.5.0 #1285 (Jul 12 2020) obj/sdcc-18f2   11/12/23  13:12:38          PAGE 12


LOC    OBJECT CODE    LINE  SOURCE TEXT
  VALUE

000070 88??           00584         BSF     _PIE1bits, 4
                      00585 ;       .line   77; lib/ser.c   GIE = 1;
000072 8E??           00586         BSF     _INTCONbits, 7
                      00587 ;       .line   78; lib/ser.c   }
000074 CFE4 F000      00588         MOVFF   PREINC1, r0x04
000078 CFE4 F000      00589         MOVFF   PREINC1, r0x03
00007C CFE4 F000      00590         MOVFF   PREINC1, r0x02
000080 CFE4 F000      00591         MOVFF   PREINC1, r0x01
000084 CFE4 F000      00592         MOVFF   PREINC1, r0x00
000088 CFE4 FFD9      00593         MOVFF   PREINC1, FSR2L
00008C 0012           00594         RETURN  
                      00595 
                      00596 ; ; Starting pCode block
                      00597 S_ser__ser_getch        code
000000                00598 _ser_getch:
                      00599 ;       .line   57; lib/ser.c   ser_getch(void) {
000000 CFD9 FFE5      00600         MOVFF   FSR2L, POSTDEC1
000004 CFE1 FFD9      00601         MOVFF   FSR1L, FSR2L
000008 C??? F???      00602         MOVFF   r0x00, POSTDEC1
00000C C??? F???      00603         MOVFF   r0x01, POSTDEC1
000010                00604 _00143_DS_:
                      00605 ;       .line   60; lib/ser.c   while(ser_isrx() == 0) continue;
000010 EC?? F0??      00606         CALL    _ser_isrx
000014 6E??           00607         MOVWF   r0x00
000016 50??           00608         MOVF    r0x00, W
000018 E0??           00609         BZ      _00143_DS_
                      00610 ;       .line   62; lib/ser.c   GIE = 0;
00001A 9E??           00611         BCF     _INTCONbits, 7
                      00612 ;       .line   63; lib/ser.c   c = ser_rxfifo[ser_rxoptr];
00001C 0E??           00613         MOVLW   LOW(_ser_rxfifo)
00001E 010?           00614         BANKSEL _ser_rxoptr
000020 25??           00615         ADDWF   _ser_rxoptr, W, B
000022 6E??           00616         MOVWF   r0x00
000024 6A??           00617         CLRF    r0x01
000026 0E??           00618         MOVLW   HIGH(_ser_rxfifo)
000028 22??           00619         ADDWFC  r0x01, F
00002A C??? F???      00620         MOVFF   r0x00, FSR0L
00002E C??? F???      00621         MOVFF   r0x01, FSR0H
000032 CFEF F000      00622         MOVFF   INDF0, r0x00
000036 010?           00623         BANKSEL _ser_rxoptr
                      00624 ;       .line   64; lib/ser.c   ++ser_rxoptr;
000038 2B??           00625         INCF    _ser_rxoptr, F, B
                      00626 ;       .line   65; lib/ser.c   ser_rxoptr &= SER_FIFO_MASK;
00003A 0E0F           00627         MOVLW   0x0f
00003C 010?           00628         BANKSEL _ser_rxoptr
00003E 17??           00629         ANDWF   _ser_rxoptr, F, B
                      00630 ;       .line   66; lib/ser.c   GIE = 1;
000040 8E??           00631         BSF     _INTCONbits, 7
                      00632 ;       .line   67; lib/ser.c   return c;
000042 50??           00633         MOVF    r0x00, W
                      00634 ;       .line   68; lib/ser.c   }
000044 CFE4 F000      00635         MOVFF   PREINC1, r0x01
000048 CFE4 F000      00636         MOVFF   PREINC1, r0x00
gpasm-1.5.0 #1285 (Jul 12 2020) obj/sdcc-18f2   11/12/23  13:12:38          PAGE 13


LOC    OBJECT CODE    LINE  SOURCE TEXT
  VALUE

00004C CFE4 FFD9      00637         MOVFF   PREINC1, FSR2L
000050 0012           00638         RETURN  
                      00639 
                      00640 ; ; Starting pCode block
                      00641 S_ser__ser_rxat code
000000                00642 _ser_rxat:
                      00643 ;       .line   52; lib/ser.c   ser_rxat(unsigned char at) {
000000 CFD9 FFE5      00644         MOVFF   FSR2L, POSTDEC1
000004 CFE1 FFD9      00645         MOVFF   FSR1L, FSR2L
000008 C??? F???      00646         MOVFF   r0x00, POSTDEC1
00000C C??? F???      00647         MOVFF   r0x01, POSTDEC1
000010 0E02           00648         MOVLW   0x02
000012 CFDB F000      00649         MOVFF   PLUSW2, r0x00
                      00650 ;       .line   53; lib/ser.c   return ser_rxfifo[at & SER_FIFO_MASK];
000016 0E0F           00651         MOVLW   0x0f
000018 16??           00652         ANDWF   r0x00, F
00001A 6A??           00653         CLRF    r0x01
00001C 0E??           00654         MOVLW   LOW(_ser_rxfifo)
00001E 26??           00655         ADDWF   r0x00, F
000020 0E??           00656         MOVLW   HIGH(_ser_rxfifo)
000022 22??           00657         ADDWFC  r0x01, F
000024 C??? F???      00658         MOVFF   r0x00, FSR0L
000028 C??? F???      00659         MOVFF   r0x01, FSR0H
00002C CFEF F000      00660         MOVFF   INDF0, r0x00
000030 50??           00661         MOVF    r0x00, W
                      00662 ;       .line   54; lib/ser.c   }
000032 CFE4 F000      00663         MOVFF   PREINC1, r0x01
000036 CFE4 F000      00664         MOVFF   PREINC1, r0x00
00003A CFE4 FFD9      00665         MOVFF   PREINC1, FSR2L
00003E 0012           00666         RETURN  
                      00667 
                      00668 ; ; Starting pCode block
                      00669 S_ser__ser_rxsize       code
000000                00670 _ser_rxsize:
                      00671 ;       .line   43; lib/ser.c   ser_rxsize(void) {
000000 CFD9 FFE5      00672         MOVFF   FSR2L, POSTDEC1
000004 CFE1 FFD9      00673         MOVFF   FSR1L, FSR2L
000008 C??? F???      00674         MOVFF   r0x00, POSTDEC1
                      00675 ;       .line   45; lib/ser.c   INTERRUPT_DISABLE();
00000C 9E??           00676         BCF     _INTCONbits, 7
00000E 010?           00677         BANKSEL _ser_rxoptr
                      00678 ;       .line   46; lib/ser.c   ret = ser_rxiptr < ser_rxoptr ? SER_BUFFER_SIZE - ser_rxiptr + ser_rxopt
                            r : ser_rxiptr - ser_rxoptr;
000010 51??           00679         MOVF    _ser_rxoptr, W, B
000012 010?           00680         BANKSEL _ser_rxiptr
000014 5D??           00681         SUBWF   _ser_rxiptr, W, B
000016 E2??           00682         BC      _00127_DS_
000018 010?           00683         BANKSEL _ser_rxiptr
00001A 51??           00684         MOVF    _ser_rxiptr, W, B
00001C 0810           00685         SUBLW   0x10
00001E 6E??           00686         MOVWF   r0x00
000020 010?           00687         BANKSEL _ser_rxoptr
000022 51??           00688         MOVF    _ser_rxoptr, W, B
gpasm-1.5.0 #1285 (Jul 12 2020) obj/sdcc-18f2   11/12/23  13:12:38          PAGE 14


LOC    OBJECT CODE    LINE  SOURCE TEXT
  VALUE

000024 26??           00689         ADDWF   r0x00, F
000026 D???           00690         BRA     _00128_DS_
000028                00691 _00127_DS_:
000028 010?           00692         BANKSEL _ser_rxoptr
00002A 51??           00693         MOVF    _ser_rxoptr, W, B
00002C 010?           00694         BANKSEL _ser_rxiptr
00002E 5D??           00695         SUBWF   _ser_rxiptr, W, B
000030 6E??           00696         MOVWF   r0x00
000032                00697 _00128_DS_:
                      00698 ;       .line   47; lib/ser.c   INTERRUPT_ENABLE();
000032 8E??           00699         BSF     _INTCONbits, 7
                      00700 ;       .line   48; lib/ser.c   return ret;
000034 50??           00701         MOVF    r0x00, W
                      00702 ;       .line   49; lib/ser.c   }
000036 CFE4 F000      00703         MOVFF   PREINC1, r0x00
00003A CFE4 FFD9      00704         MOVFF   PREINC1, FSR2L
00003E 0012           00705         RETURN  
                      00706 
                      00707 ; ; Starting pCode block
                      00708 S_ser__ser_isrx code
000000                00709 _ser_isrx:
                      00710 ;       .line   33; lib/ser.c   ser_isrx(void) {
000000 CFD9 FFE5      00711         MOVFF   FSR2L, POSTDEC1
000004 CFE1 FFD9      00712         MOVFF   FSR1L, FSR2L
000008 C??? F???      00713         MOVFF   r0x00, POSTDEC1
                      00714 ;       .line   34; lib/ser.c   if(OERR) {
00000C A2??           00715         BTFSS   _RCSTAbits, 1
00000E D???           00716         BRA     _00106_DS_
                      00717 ;       .line   35; lib/ser.c   CREN = 0;
000010 98??           00718         BCF     _RCSTAbits, 4
                      00719 ;       .line   36; lib/ser.c   CREN = 1;
000012 88??           00720         BSF     _RCSTAbits, 4
                      00721 ;       .line   37; lib/ser.c   return 0;
000014 6AE8           00722         CLRF    WREG
000016 D???           00723         BRA     _00107_DS_
000018                00724 _00106_DS_:
                      00725 ;       .line   39; lib/ser.c   return (ser_rxiptr != ser_rxoptr);
000018 6A??           00726         CLRF    r0x00
00001A 010?           00727         BANKSEL _ser_rxiptr
00001C 51??           00728         MOVF    _ser_rxiptr, W, B
00001E 010?           00729         BANKSEL _ser_rxoptr
000020 19??           00730         XORWF   _ser_rxoptr, W, B
000022 E1??           00731         BNZ     _00114_DS_
000024 2A??           00732         INCF    r0x00, F
000026                00733 _00114_DS_:
000026 50??           00734         MOVF    r0x00, W
000028 80D8           00735         BSF     STATUS, 0
00002A 66E8           00736         TSTFSZ  WREG
00002C 90D8           00737         BCF     STATUS, 0
00002E 6A??           00738         CLRF    r0x00
000030 36??           00739         RLCF    r0x00, F
000032 50??           00740         MOVF    r0x00, W
000034                00741 _00107_DS_:
gpasm-1.5.0 #1285 (Jul 12 2020) obj/sdcc-18f2   11/12/23  13:12:38          PAGE 15


LOC    OBJECT CODE    LINE  SOURCE TEXT
  VALUE

                      00742 ;       .line   40; lib/ser.c   }
000034 CFE4 F000      00743         MOVFF   PREINC1, r0x00
000038 CFE4 FFD9      00744         MOVFF   PREINC1, FSR2L
00003C 0012           00745         RETURN  
                      00746 
                      00747 
                      00748 
                      00749 ; Statistics:
                      00750 ; code size:      968 (0x03c8) bytes ( 0.74%)
                      00751 ;                 484 (0x01e4) words
                      00752 ; udata size:      37 (0x0025) bytes ( 2.89%)
                      00753 ; access size:      7 (0x0007) bytes
                      00754 
                      00755 
                      00756         end
gpasm-1.5.0 #1285 (Jul 12 2020) obj/sdcc-18f2   11/12/23  13:12:38          PAGE 16


SYMBOL TABLE
  LABEL                              TYPE        VALUE         VALUE          VALUE
                                                 (hex)         (dec)          (text)

FSR0H                             CONSTANT      00000FEA           4074
FSR0L                             CONSTANT      00000FE9           4073
FSR1L                             CONSTANT      00000FE1           4065
FSR2L                             CONSTANT      00000FD9           4057
INDF0                             CONSTANT      00000FEF           4079
PLUSW2                            CONSTANT      00000FDB           4059
POSTDEC1                          CONSTANT      00000FE5           4069
POSTINC1                          CONSTANT      00000FE6           4070
PREINC1                           CONSTANT      00000FE4           4068
PRODL                             CONSTANT      00000FF3           4083
STATUS                            CONSTANT      00000FD8           4056
WREG                              CONSTANT      00000FE8           4072
_00106_DS_                        ADDRESS       00000018             24
_00107_DS_                        ADDRESS       00000034             52
_00114_DS_                        ADDRESS       00000026             38
_00127_DS_                        ADDRESS       00000028             40
_00128_DS_                        ADDRESS       00000032             50
_00143_DS_                        ADDRESS       00000010             16
_00151_DS_                        ADDRESS       00000022             34
_00166_DS_                        ADDRESS       00000044             68
_00171_DS_                        ADDRESS       0000002A             42
_00174_DS_                        ADDRESS       00000052             82
_00185_DS_                        ADDRESS       00000046             70
_00190_DS_                        ADDRESS       00000042             66
_00193_DS_                        ADDRESS       0000007A            122
_00204_DS_                        ADDRESS       0000006E            110
_00209_DS_                        ADDRESS       0000002A             42
_00212_DS_                        ADDRESS       00000052             82
_00223_DS_                        ADDRESS       00000046             70
_00229_DS_                        ADDRESS       0000003A             58
_00230_DS_                        ADDRESS       00000048             72
_00232_DS_                        ADDRESS       00000066            102
_00234_DS_                        ADDRESS       00000074            116
_ADCON0                           EXTERNAL      00000000              0
_ADCON0bits                       EXTERNAL      00000000              0
_ADCON1                           EXTERNAL      00000000              0
_ADCON1bits                       EXTERNAL      00000000              0
_ADCON2                           EXTERNAL      00000000              0
_ADCON2bits                       EXTERNAL      00000000              0
_ADRES                            EXTERNAL      00000000              0
_ADRESH                           EXTERNAL      00000000              0
_ADRESL                           EXTERNAL      00000000              0
_BAUDCON                          EXTERNAL      00000000              0
_BAUDCONbits                      EXTERNAL      00000000              0
_BAUDCTL                          EXTERNAL      00000000              0
_BAUDCTLbits                      EXTERNAL      00000000              0
_BSR                              EXTERNAL      00000000              0
_CCPR1                            EXTERNAL      00000000              0
_CCPR1H                           EXTERNAL      00000000              0
_CCPR1L                           EXTERNAL      00000000              0
_CCPR2                            EXTERNAL      00000000              0
_CCPR2H                           EXTERNAL      00000000              0
gpasm-1.5.0 #1285 (Jul 12 2020) obj/sdcc-18f2   11/12/23  13:12:38          PAGE 17


SYMBOL TABLE
  LABEL                              TYPE        VALUE         VALUE          VALUE
                                                 (hex)         (dec)          (text)

_CCPR2L                           EXTERNAL      00000000              0
_CCP1CON                          EXTERNAL      00000000              0
_CCP1CONbits                      EXTERNAL      00000000              0
_CCP2CON                          EXTERNAL      00000000              0
_CCP2CONbits                      EXTERNAL      00000000              0
_CMCON                            EXTERNAL      00000000              0
_CMCONbits                        EXTERNAL      00000000              0
_CVRCON                           EXTERNAL      00000000              0
_CVRCONbits                       EXTERNAL      00000000              0
_DDRA                             EXTERNAL      00000000              0
_DDRAbits                         EXTERNAL      00000000              0
_DDRB                             EXTERNAL      00000000              0
_DDRBbits                         EXTERNAL      00000000              0
_DDRC                             EXTERNAL      00000000              0
_DDRCbits                         EXTERNAL      00000000              0
_ECCPAS                           EXTERNAL      00000000              0
_ECCPASbits                       EXTERNAL      00000000              0
_ECCP1AS                          EXTERNAL      00000000              0
_ECCP1ASbits                      EXTERNAL      00000000              0
_ECCP1DEL                         EXTERNAL      00000000              0
_ECCP1DELbits                     EXTERNAL      00000000              0
_EEADR                            EXTERNAL      00000000              0
_EECON1                           EXTERNAL      00000000              0
_EECON1bits                       EXTERNAL      00000000              0
_EECON2                           EXTERNAL      00000000              0
_EEDATA                           EXTERNAL      00000000              0
_FSR0H                            EXTERNAL      00000000              0
_FSR0L                            EXTERNAL      00000000              0
_FSR1H                            EXTERNAL      00000000              0
_FSR1L                            EXTERNAL      00000000              0
_FSR2H                            EXTERNAL      00000000              0
_FSR2L                            EXTERNAL      00000000              0
_HLVDCON                          EXTERNAL      00000000              0
_HLVDCONbits                      EXTERNAL      00000000              0
_INDF0                            EXTERNAL      00000000              0
_INDF1                            EXTERNAL      00000000              0
_INDF2                            EXTERNAL      00000000              0
_INTCON                           EXTERNAL      00000000              0
_INTCONbits                       EXTERNAL      00000000              0
_INTCON2                          EXTERNAL      00000000              0
_INTCON2bits                      EXTERNAL      00000000              0
_INTCON3                          EXTERNAL      00000000              0
_INTCON3bits                      EXTERNAL      00000000              0
_IPR1                             EXTERNAL      00000000              0
_IPR1bits                         EXTERNAL      00000000              0
_IPR2                             EXTERNAL      00000000              0
_IPR2bits                         EXTERNAL      00000000              0
_LATA                             EXTERNAL      00000000              0
_LATAbits                         EXTERNAL      00000000              0
_LATB                             EXTERNAL      00000000              0
_LATBbits                         EXTERNAL      00000000              0
_LATC                             EXTERNAL      00000000              0
gpasm-1.5.0 #1285 (Jul 12 2020) obj/sdcc-18f2   11/12/23  13:12:38          PAGE 18


SYMBOL TABLE
  LABEL                              TYPE        VALUE         VALUE          VALUE
                                                 (hex)         (dec)          (text)

_LATCbits                         EXTERNAL      00000000              0
_LVDCON                           EXTERNAL      00000000              0
_LVDCONbits                       EXTERNAL      00000000              0
_OSCCON                           EXTERNAL      00000000              0
_OSCCONbits                       EXTERNAL      00000000              0
_OSCTUNE                          EXTERNAL      00000000              0
_OSCTUNEbits                      EXTERNAL      00000000              0
_PC                               EXTERNAL      00000000              0
_PCL                              EXTERNAL      00000000              0
_PCLATH                           EXTERNAL      00000000              0
_PCLATU                           EXTERNAL      00000000              0
_PIE1                             EXTERNAL      00000000              0
_PIE1bits                         EXTERNAL      00000000              0
_PIE2                             EXTERNAL      00000000              0
_PIE2bits                         EXTERNAL      00000000              0
_PIR1                             EXTERNAL      00000000              0
_PIR1bits                         EXTERNAL      00000000              0
_PIR2                             EXTERNAL      00000000              0
_PIR2bits                         EXTERNAL      00000000              0
_PLUSW0                           EXTERNAL      00000000              0
_PLUSW1                           EXTERNAL      00000000              0
_PLUSW2                           EXTERNAL      00000000              0
_PORTA                            EXTERNAL      00000000              0
_PORTAbits                        EXTERNAL      00000000              0
_PORTB                            EXTERNAL      00000000              0
_PORTBbits                        EXTERNAL      00000000              0
_PORTC                            EXTERNAL      00000000              0
_PORTCbits                        EXTERNAL      00000000              0
_PORTE                            EXTERNAL      00000000              0
_PORTEbits                        EXTERNAL      00000000              0
_POSTDEC0                         EXTERNAL      00000000              0
_POSTDEC1                         EXTERNAL      00000000              0
_POSTDEC2                         EXTERNAL      00000000              0
_POSTINC0                         EXTERNAL      00000000              0
_POSTINC1                         EXTERNAL      00000000              0
_POSTINC2                         EXTERNAL      00000000              0
_PREINC0                          EXTERNAL      00000000              0
_PREINC1                          EXTERNAL      00000000              0
_PREINC2                          EXTERNAL      00000000              0
_PROD                             EXTERNAL      00000000              0
_PRODH                            EXTERNAL      00000000              0
_PRODL                            EXTERNAL      00000000              0
_PR2                              EXTERNAL      00000000              0
_PWM1CON                          EXTERNAL      00000000              0
_PWM1CONbits                      EXTERNAL      00000000              0
_RCON                             EXTERNAL      00000000              0
_RCONbits                         EXTERNAL      00000000              0
_RCREG                            EXTERNAL      00000000              0
_RCSTA                            EXTERNAL      00000000              0
_RCSTAbits                        EXTERNAL      00000000              0
_SPBRG                            EXTERNAL      00000000              0
_SPBRGH                           EXTERNAL      00000000              0
gpasm-1.5.0 #1285 (Jul 12 2020) obj/sdcc-18f2   11/12/23  13:12:38          PAGE 19


SYMBOL TABLE
  LABEL                              TYPE        VALUE         VALUE          VALUE
                                                 (hex)         (dec)          (text)

_SSPADD                           EXTERNAL      00000000              0
_SSPBUF                           EXTERNAL      00000000              0
_SSPCON1                          EXTERNAL      00000000              0
_SSPCON1bits                      EXTERNAL      00000000              0
_SSPCON2                          EXTERNAL      00000000              0
_SSPCON2bits                      EXTERNAL      00000000              0
_SSPSTAT                          EXTERNAL      00000000              0
_SSPSTATbits                      EXTERNAL      00000000              0
_STATUS                           EXTERNAL      00000000              0
_STATUSbits                       EXTERNAL      00000000              0
_STKPTR                           EXTERNAL      00000000              0
_STKPTRbits                       EXTERNAL      00000000              0
_T0CON                            EXTERNAL      00000000              0
_T0CONbits                        EXTERNAL      00000000              0
_TABLAT                           EXTERNAL      00000000              0
_TBLPTR                           EXTERNAL      00000000              0
_TBLPTRH                          EXTERNAL      00000000              0
_TBLPTRL                          EXTERNAL      00000000              0
_TBLPTRU                          EXTERNAL      00000000              0
_TMR0                             EXTERNAL      00000000              0
_TMR0H                            EXTERNAL      00000000              0
_TMR0L                            EXTERNAL      00000000              0
_TMR1                             EXTERNAL      00000000              0
_TMR1H                            EXTERNAL      00000000              0
_TMR1L                            EXTERNAL      00000000              0
_TMR2                             EXTERNAL      00000000              0
_TMR3                             EXTERNAL      00000000              0
_TMR3H                            EXTERNAL      00000000              0
_TMR3L                            EXTERNAL      00000000              0
_TOS                              EXTERNAL      00000000              0
_TOSH                             EXTERNAL      00000000              0
_TOSL                             EXTERNAL      00000000              0
_TOSU                             EXTERNAL      00000000              0
_TRISA                            EXTERNAL      00000000              0
_TRISAbits                        EXTERNAL      00000000              0
_TRISB                            EXTERNAL      00000000              0
_TRISBbits                        EXTERNAL      00000000              0
_TRISC                            EXTERNAL      00000000              0
_TRISCbits                        EXTERNAL      00000000              0
_TXREG                            EXTERNAL      00000000              0
_TXSTA                            EXTERNAL      00000000              0
_TXSTAbits                        EXTERNAL      00000000              0
_T1CON                            EXTERNAL      00000000              0
_T1CONbits                        EXTERNAL      00000000              0
_T2CON                            EXTERNAL      00000000              0
_T2CONbits                        EXTERNAL      00000000              0
_T3CON                            EXTERNAL      00000000              0
_T3CONbits                        EXTERNAL      00000000              0
_WDTCON                           EXTERNAL      00000000              0
_WDTCONbits                       EXTERNAL      00000000              0
_WREG                             EXTERNAL      00000000              0
__ACC_RAM_LOW_END                 CONSTANT      0000007F            127
gpasm-1.5.0 #1285 (Jul 12 2020) obj/sdcc-18f2   11/12/23  13:12:38          PAGE 20


SYMBOL TABLE
  LABEL                              TYPE        VALUE         VALUE          VALUE
                                                 (hex)         (dec)          (text)

__ACC_RAM_LOW_START               CONSTANT      00000000              0
__ACTIVE_BANK_ADDR                VARIABLE      FFFFFFFF             -1
__ASSUMED_BANK_ADDR               VARIABLE      FFFFFFFF             -1
__BANK_0                          CONSTANT      00000000              0
__BANK_BITS                       CONSTANT      00000F00           3840
__BANK_FIRST                      CONSTANT      00000000              0
__BANK_INV                        CONSTANT      FFFFFFFF             -1
__BANK_LAST                       CONSTANT      00000F00           3840
__BANK_MASK                       CONSTANT      000000FF            255
__BANK_SHIFT                      CONSTANT      00000008              8
__BANK_SIZE                       CONSTANT      00000100            256
__BANK_1                          CONSTANT      00000100            256
__BANK_2                          CONSTANT      00000200            512
__BANK_3                          CONSTANT      00000300            768
__BANK_4                          CONSTANT      00000400           1024
__BANK_5                          CONSTANT      00000500           1280
__BANK_6                          CONSTANT      00000600           1536
__BANK_7                          CONSTANT      00000700           1792
__BANK_8                          CONSTANT      00000800           2048
__BANK_9                          CONSTANT      00000900           2304
__BANK_10                         CONSTANT      00000A00           2560
__BANK_11                         CONSTANT      00000B00           2816
__BANK_12                         CONSTANT      00000C00           3072
__BANK_13                         CONSTANT      00000D00           3328
__BANK_14                         CONSTANT      00000E00           3584
__BANK_15                         CONSTANT      00000F00           3840
__CODE_END                        CONSTANT      00007FFF          32767
__CODE_START                      CONSTANT      00000000              0
__COMMON_RAM_END                  CONSTANT      0000007F            127
__COMMON_RAM_START                CONSTANT      00000000              0
__CONFIG_END                      CONSTANT      0030000D        3145741
__CONFIG_START                    CONSTANT      00300000        3145728
__EEPROM_END                      CONSTANT      00F000FF       15728895
__EEPROM_START                    CONSTANT      00F00000       15728640
__EXTENDED                        CONSTANT      00000001              1
__GPUTILS_SVN_VERSION             CONSTANT      00000505           1285
__GPUTILS_VERSION_MAJOR           CONSTANT      00000001              1
__GPUTILS_VERSION_MICRO           CONSTANT      00000000              0
__GPUTILS_VERSION_MINOR           CONSTANT      00000005              5
__IDLOCS_END                      CONSTANT      00200007        2097159
__IDLOCS_START                    CONSTANT      00200000        2097152
__NUM_BANKS                       CONSTANT      00000010             16
__VECTOR_INT_HIGH                 CONSTANT      00000008              8
__VECTOR_INT_LOW                  CONSTANT      00000018             24
__VECTOR_RESET                    CONSTANT      00000000              0
__WHILE_LOOP_COUNT_MAX            CONSTANT      000000FF            255
__gptrget1                        EXTERNAL      00000000              0
__16_BIT                          CONSTANT      00000001              1
__18F2520                         CONSTANT      00000001              1
_ser_brg                          GLOBAL        00000000              0
_ser_getch                        GLOBAL        00000000              0
_ser_init                         GLOBAL        00000000              0
gpasm-1.5.0 #1285 (Jul 12 2020) obj/sdcc-18f2   11/12/23  13:12:38          PAGE 21


SYMBOL TABLE
  LABEL                              TYPE        VALUE         VALUE          VALUE
                                                 (hex)         (dec)          (text)

_ser_isrx                         GLOBAL        00000000              0
_ser_put                          GLOBAL        00000000              0
_ser_putch                        GLOBAL        00000000              0
_ser_puthex                       GLOBAL        00000000              0
_ser_puts                         GLOBAL        00000000              0
_ser_puts2                        GLOBAL        00000000              0
_ser_rxat                         GLOBAL        00000000              0
_ser_rxfifo                       GLOBAL        00000000              0
_ser_rxiptr                       GLOBAL        00000000              0
_ser_rxoptr                       GLOBAL        00000000              0
_ser_rxsize                       GLOBAL        00000000              0
_ser_tmp                          GLOBAL        00000000              0
_ser_txfifo                       GLOBAL        00000000              0
_ser_txiptr                       GLOBAL        00000000              0
_ser_txoptr                       GLOBAL        00000000              0
r0x00                             STATIC        00000000              0
r0x01                             STATIC        00000001              1
r0x02                             STATIC        00000002              2
r0x03                             STATIC        00000003              3
r0x04                             STATIC        00000004              4
r0x05                             STATIC        00000005              5
r0x06                             STATIC        00000006              6

Errors   :     0
Warnings :     0 reported,     0 suppressed
Messages :     0 reported,     0 suppressed

