gpasm-1.5.2 #1319 (Sep 16 2019) build/default   27.11.2019  16:57:28        PAGE  1


LOC    OBJECT CODE    LINE  SOURCE TEXT
  VALUE

                      00001 ;--------------------------------------------------------
                      00002 ; File Created by SDCC : free open source ANSI-C Compiler
                      00003 ; Version 3.9.0 #11195 (Linux)
                      00004 ;--------------------------------------------------------
                      00005 ; PIC16 port for the Microchip 16-bit core micros
                      00006 ;--------------------------------------------------------
                      00007         list    p=18f2550
                      00008         radix   dec
                      00009 
                      00010 
                      00011 ;--------------------------------------------------------
                      00012 ; public variables in this module
                      00013 ;--------------------------------------------------------
  0000                00014         global  _print_digit
  0000                00015         global  _print_unit
  0000                00016         global  _print_reading
  0000                00017         global  _print_indicator
  0000                00018         global  _output_putch
  0000                00019         global  _put_str
  0000                00020         global  _print_buffer
  0000                00021         global  _lcd_put
                      00022 
                      00023 ;--------------------------------------------------------
                      00024 ; extern variables in this module
                      00025 ;--------------------------------------------------------
  0000                00026         extern  __gptrget1
  0000                00027         extern  _UFRMLbits
  0000                00028         extern  _UFRMHbits
  0000                00029         extern  _UIRbits
  0000                00030         extern  _UIEbits
  0000                00031         extern  _UEIRbits
  0000                00032         extern  _UEIEbits
  0000                00033         extern  _USTATbits
  0000                00034         extern  _UCONbits
  0000                00035         extern  _UADDRbits
  0000                00036         extern  _UCFGbits
  0000                00037         extern  _UEP0bits
  0000                00038         extern  _UEP1bits
  0000                00039         extern  _UEP2bits
  0000                00040         extern  _UEP3bits
  0000                00041         extern  _UEP4bits
  0000                00042         extern  _UEP5bits
  0000                00043         extern  _UEP6bits
  0000                00044         extern  _UEP7bits
  0000                00045         extern  _UEP8bits
  0000                00046         extern  _UEP9bits
  0000                00047         extern  _UEP10bits
  0000                00048         extern  _UEP11bits
  0000                00049         extern  _UEP12bits
  0000                00050         extern  _UEP13bits
  0000                00051         extern  _UEP14bits
  0000                00052         extern  _UEP15bits
  0000                00053         extern  _PORTAbits
gpasm-1.5.2 #1319 (Sep 16 2019) build/default   27.11.2019  16:57:28        PAGE  2


LOC    OBJECT CODE    LINE  SOURCE TEXT
  VALUE

  0000                00054         extern  _PORTBbits
  0000                00055         extern  _PORTCbits
  0000                00056         extern  _PORTEbits
  0000                00057         extern  _LATAbits
  0000                00058         extern  _LATBbits
  0000                00059         extern  _LATCbits
  0000                00060         extern  _DDRAbits
  0000                00061         extern  _TRISAbits
  0000                00062         extern  _DDRBbits
  0000                00063         extern  _TRISBbits
  0000                00064         extern  _DDRCbits
  0000                00065         extern  _TRISCbits
  0000                00066         extern  _OSCTUNEbits
  0000                00067         extern  _PIE1bits
  0000                00068         extern  _PIR1bits
  0000                00069         extern  _IPR1bits
  0000                00070         extern  _PIE2bits
  0000                00071         extern  _PIR2bits
  0000                00072         extern  _IPR2bits
  0000                00073         extern  _EECON1bits
  0000                00074         extern  _RCSTAbits
  0000                00075         extern  _TXSTAbits
  0000                00076         extern  _T3CONbits
  0000                00077         extern  _CMCONbits
  0000                00078         extern  _CVRCONbits
  0000                00079         extern  _CCP1ASbits
  0000                00080         extern  _ECCP1ASbits
  0000                00081         extern  _CCP1DELbits
  0000                00082         extern  _ECCP1DELbits
  0000                00083         extern  _BAUDCONbits
  0000                00084         extern  _BAUDCTLbits
  0000                00085         extern  _CCP2CONbits
  0000                00086         extern  _CCP1CONbits
  0000                00087         extern  _ADCON2bits
  0000                00088         extern  _ADCON1bits
  0000                00089         extern  _ADCON0bits
  0000                00090         extern  _SSPCON2bits
  0000                00091         extern  _SSPCON1bits
  0000                00092         extern  _SSPSTATbits
  0000                00093         extern  _T2CONbits
  0000                00094         extern  _T1CONbits
  0000                00095         extern  _RCONbits
  0000                00096         extern  _WDTCONbits
  0000                00097         extern  _HLVDCONbits
  0000                00098         extern  _LVDCONbits
  0000                00099         extern  _OSCCONbits
  0000                00100         extern  _T0CONbits
  0000                00101         extern  _STATUSbits
  0000                00102         extern  _INTCON3bits
  0000                00103         extern  _INTCON2bits
  0000                00104         extern  _INTCONbits
  0000                00105         extern  _STKPTRbits
  0000                00106         extern  _buffer
gpasm-1.5.2 #1319 (Sep 16 2019) build/default   27.11.2019  16:57:28        PAGE  3


LOC    OBJECT CODE    LINE  SOURCE TEXT
  VALUE

  0000                00107         extern  _rxfifo
  0000                00108         extern  _rxiptr
  0000                00109         extern  _rxoptr
  0000                00110         extern  _txfifo
  0000                00111         extern  _txiptr
  0000                00112         extern  _txoptr
  0000                00113         extern  _ser_tmp
  0000                00114         extern  _ser_brg
  0000                00115         extern  _UFRM
  0000                00116         extern  _UFRML
  0000                00117         extern  _UFRMH
  0000                00118         extern  _UIR
  0000                00119         extern  _UIE
  0000                00120         extern  _UEIR
  0000                00121         extern  _UEIE
  0000                00122         extern  _USTAT
  0000                00123         extern  _UCON
  0000                00124         extern  _UADDR
  0000                00125         extern  _UCFG
  0000                00126         extern  _UEP0
  0000                00127         extern  _UEP1
  0000                00128         extern  _UEP2
  0000                00129         extern  _UEP3
  0000                00130         extern  _UEP4
  0000                00131         extern  _UEP5
  0000                00132         extern  _UEP6
  0000                00133         extern  _UEP7
  0000                00134         extern  _UEP8
  0000                00135         extern  _UEP9
  0000                00136         extern  _UEP10
  0000                00137         extern  _UEP11
  0000                00138         extern  _UEP12
  0000                00139         extern  _UEP13
  0000                00140         extern  _UEP14
  0000                00141         extern  _UEP15
  0000                00142         extern  _PORTA
  0000                00143         extern  _PORTB
  0000                00144         extern  _PORTC
  0000                00145         extern  _PORTE
  0000                00146         extern  _LATA
  0000                00147         extern  _LATB
  0000                00148         extern  _LATC
  0000                00149         extern  _DDRA
  0000                00150         extern  _TRISA
  0000                00151         extern  _DDRB
  0000                00152         extern  _TRISB
  0000                00153         extern  _DDRC
  0000                00154         extern  _TRISC
  0000                00155         extern  _OSCTUNE
  0000                00156         extern  _PIE1
  0000                00157         extern  _PIR1
  0000                00158         extern  _IPR1
  0000                00159         extern  _PIE2
gpasm-1.5.2 #1319 (Sep 16 2019) build/default   27.11.2019  16:57:28        PAGE  4


LOC    OBJECT CODE    LINE  SOURCE TEXT
  VALUE

  0000                00160         extern  _PIR2
  0000                00161         extern  _IPR2
  0000                00162         extern  _EECON1
  0000                00163         extern  _EECON2
  0000                00164         extern  _EEDATA
  0000                00165         extern  _EEADR
  0000                00166         extern  _RCSTA
  0000                00167         extern  _TXSTA
  0000                00168         extern  _TXREG
  0000                00169         extern  _RCREG
  0000                00170         extern  _SPBRG
  0000                00171         extern  _SPBRGH
  0000                00172         extern  _T3CON
  0000                00173         extern  _TMR3
  0000                00174         extern  _TMR3L
  0000                00175         extern  _TMR3H
  0000                00176         extern  _CMCON
  0000                00177         extern  _CVRCON
  0000                00178         extern  _CCP1AS
  0000                00179         extern  _ECCP1AS
  0000                00180         extern  _CCP1DEL
  0000                00181         extern  _ECCP1DEL
  0000                00182         extern  _BAUDCON
  0000                00183         extern  _BAUDCTL
  0000                00184         extern  _CCP2CON
  0000                00185         extern  _CCPR2
  0000                00186         extern  _CCPR2L
  0000                00187         extern  _CCPR2H
  0000                00188         extern  _CCP1CON
  0000                00189         extern  _CCPR1
  0000                00190         extern  _CCPR1L
  0000                00191         extern  _CCPR1H
  0000                00192         extern  _ADCON2
  0000                00193         extern  _ADCON1
  0000                00194         extern  _ADCON0
  0000                00195         extern  _ADRES
  0000                00196         extern  _ADRESL
  0000                00197         extern  _ADRESH
  0000                00198         extern  _SSPCON2
  0000                00199         extern  _SSPCON1
  0000                00200         extern  _SSPSTAT
  0000                00201         extern  _SSPADD
  0000                00202         extern  _SSPBUF
  0000                00203         extern  _T2CON
  0000                00204         extern  _PR2
  0000                00205         extern  _TMR2
  0000                00206         extern  _T1CON
  0000                00207         extern  _TMR1
  0000                00208         extern  _TMR1L
  0000                00209         extern  _TMR1H
  0000                00210         extern  _RCON
  0000                00211         extern  _WDTCON
  0000                00212         extern  _HLVDCON
gpasm-1.5.2 #1319 (Sep 16 2019) build/default   27.11.2019  16:57:28        PAGE  5


LOC    OBJECT CODE    LINE  SOURCE TEXT
  VALUE

  0000                00213         extern  _LVDCON
  0000                00214         extern  _OSCCON
  0000                00215         extern  _T0CON
  0000                00216         extern  _TMR0
  0000                00217         extern  _TMR0L
  0000                00218         extern  _TMR0H
  0000                00219         extern  _STATUS
  0000                00220         extern  _FSR2L
  0000                00221         extern  _FSR2H
  0000                00222         extern  _PLUSW2
  0000                00223         extern  _PREINC2
  0000                00224         extern  _POSTDEC2
  0000                00225         extern  _POSTINC2
  0000                00226         extern  _INDF2
  0000                00227         extern  _BSR
  0000                00228         extern  _FSR1L
  0000                00229         extern  _FSR1H
  0000                00230         extern  _PLUSW1
  0000                00231         extern  _PREINC1
  0000                00232         extern  _POSTDEC1
  0000                00233         extern  _POSTINC1
  0000                00234         extern  _INDF1
  0000                00235         extern  _WREG
  0000                00236         extern  _FSR0L
  0000                00237         extern  _FSR0H
  0000                00238         extern  _PLUSW0
  0000                00239         extern  _PREINC0
  0000                00240         extern  _POSTDEC0
  0000                00241         extern  _POSTINC0
  0000                00242         extern  _INDF0
  0000                00243         extern  _INTCON3
  0000                00244         extern  _INTCON2
  0000                00245         extern  _INTCON
  0000                00246         extern  _PROD
  0000                00247         extern  _PRODL
  0000                00248         extern  _PRODH
  0000                00249         extern  _TABLAT
  0000                00250         extern  _TBLPTR
  0000                00251         extern  _TBLPTRL
  0000                00252         extern  _TBLPTRH
  0000                00253         extern  _TBLPTRU
  0000                00254         extern  _PC
  0000                00255         extern  _PCL
  0000                00256         extern  _PCLATH
  0000                00257         extern  _PCLATU
  0000                00258         extern  _STKPTR
  0000                00259         extern  _TOS
  0000                00260         extern  _TOSL
  0000                00261         extern  _TOSH
  0000                00262         extern  _TOSU
  0000                00263         extern  _lcd_puts
  0000                00264         extern  _lcd_gotoxy
  0000                00265         extern  _lcd_send
gpasm-1.5.2 #1319 (Sep 16 2019) build/default   27.11.2019  16:57:28        PAGE  6


LOC    OBJECT CODE    LINE  SOURCE TEXT
  VALUE

  0000                00266         extern  _ser_putch
  0000                00267         extern  _ser_puts
  0000                00268         extern  _format_number
  0000                00269         extern  __divuint
  0000                00270         extern  __moduint
  0000                00271         extern  _logo_image
                      00272 
                      00273 ;--------------------------------------------------------
                      00274 ;       Equates to used internal registers
                      00275 ;--------------------------------------------------------
  00000FD8            00276 STATUS  equ     0xfd8
  00000FE8            00277 WREG    equ     0xfe8
  00000FE9            00278 FSR0L   equ     0xfe9
  00000FEA            00279 FSR0H   equ     0xfea
  00000FE1            00280 FSR1L   equ     0xfe1
  00000FD9            00281 FSR2L   equ     0xfd9
  00000FEF            00282 INDF0   equ     0xfef
  00000FE6            00283 POSTINC1        equ     0xfe6
  00000FE5            00284 POSTDEC1        equ     0xfe5
  00000FE4            00285 PREINC1 equ     0xfe4
  00000FDB            00286 PLUSW2  equ     0xfdb
  00000FF3            00287 PRODL   equ     0xff3
                      00288 
                      00289 
                      00290         idata
000000 00 00 00 00 00 00291 _print_unit_units_65536_64      db      LOW(___str_0), HIGH(___str_0), UPPER(___str_0), LOW(___str_1), H
                            IGH(___str_1), UPPER(___str_1), LOW(___str_2), HIGH(___str_2), UPPER(___str_2), LOW(___str_3), HIGH(___s
                            tr_3), UPPER(___str_3)
       00 00 00 00 00 
       00 00          
00000C 00 00 00 00 00 00292         db      LOW(___str_4), HIGH(___str_4), UPPER(___str_4), LOW(___str_5), HIGH(___str_5), UPPER(___
                            str_5), LOW(___str_6), HIGH(___str_6), UPPER(___str_6), LOW(___str_7), HIGH(___str_7), UPPER(___str_7)
       00 00 00 00 00 
       00 00          
                      00293 
                      00294 
                      00295 ; Internal registers
                      00296 .registers      udata_ovr       0x0000
000000                00297 r0x00   res     1
000001                00298 r0x01   res     1
000002                00299 r0x02   res     1
000003                00300 r0x03   res     1
000004                00301 r0x04   res     1
000005                00302 r0x05   res     1
000006                00303 r0x06   res     1
000007                00304 r0x07   res     1
                      00305 
                      00306 ;--------------------------------------------------------
                      00307 ; global & static initialisations
                      00308 ;--------------------------------------------------------
                      00309 ; I code from now on!
                      00310 ; ; Starting pCode block
                      00311 S_print__print_buffer   code
gpasm-1.5.2 #1319 (Sep 16 2019) build/default   27.11.2019  16:57:28        PAGE  7


LOC    OBJECT CODE    LINE  SOURCE TEXT
  VALUE

000000                00312 _print_buffer:
                      00313 ;       .line   230; ../../../src/print.c       print_buffer(void) {
000000 CFD9 FFE5      00314         MOVFF   FSR2L, POSTDEC1
000004 CFE1 FFD9      00315         MOVFF   FSR1L, FSR2L
000008 C??? F???      00316         MOVFF   r0x00, POSTDEC1
00000C C??? F???      00317         MOVFF   r0x01, POSTDEC1
000010 C??? F???      00318         MOVFF   r0x02, POSTDEC1
                      00319 ;       .line   232; ../../../src/print.c       for(i = 0; i < buffer.n; i++) {
000014 6A??           00320         CLRF    r0x00
000016                00321 _00163_DS_:
000016 010?           00322         BANKSEL (_buffer + 16)
000018 51??           00323         MOVF    (_buffer + 16), W, B
00001A 38E8           00324         SWAPF   WREG, W
00001C 0B0F           00325         ANDLW   0x0f
00001E 6E??           00326         MOVWF   r0x01
000020 50??           00327         MOVF    r0x00, W
000022 6E??           00328         MOVWF   r0x02
000024 50??           00329         MOVF    r0x02, W
000026 0F80           00330         ADDLW   0x80
000028 6EF3           00331         MOVWF   PRODL
00002A 50??           00332         MOVF    r0x01, W
00002C 0F80           00333         ADDLW   0x80
00002E 5CF3           00334         SUBWF   PRODL, W
000030 E2??           00335         BC      _00161_DS_
                      00336 ;       .line   233; ../../../src/print.c       ser_putch(buffer.x[i]);
000032 0E??           00337         MOVLW   LOW(_buffer)
000034 24??           00338         ADDWF   r0x00, W
000036 6E??           00339         MOVWF   r0x01
000038 6A??           00340         CLRF    r0x02
00003A 0E??           00341         MOVLW   HIGH(_buffer)
00003C 22??           00342         ADDWFC  r0x02, F
00003E C??? F???      00343         MOVFF   r0x01, FSR0L
000042 C??? F???      00344         MOVFF   r0x02, FSR0H
000046 CFEF F000      00345         MOVFF   INDF0, r0x01
00004A 50??           00346         MOVF    r0x01, W
00004C 6EE5           00347         MOVWF   POSTDEC1
00004E EC?? F0??      00348         CALL    _ser_putch
000052 52E6           00349         MOVF    POSTINC1, F
                      00350 ;       .line   232; ../../../src/print.c       for(i = 0; i < buffer.n; i++) {
000054 2A??           00351         INCF    r0x00, F
000056 D???           00352         BRA     _00163_DS_
000058                00353 _00161_DS_:
                      00354 ;       .line   235; ../../../src/print.c       ser_puts("\r\n");
000058 0E??           00355         MOVLW   HIGH(___str_8)
00005A 6E??           00356         MOVWF   r0x01
00005C 0E??           00357         MOVLW   LOW(___str_8)
00005E 6E??           00358         MOVWF   r0x00
000060 6A??           00359         CLRF    r0x02
000062 50??           00360         MOVF    r0x02, W
000064 6EE5           00361         MOVWF   POSTDEC1
000066 50??           00362         MOVF    r0x01, W
000068 6EE5           00363         MOVWF   POSTDEC1
00006A 50??           00364         MOVF    r0x00, W
gpasm-1.5.2 #1319 (Sep 16 2019) build/default   27.11.2019  16:57:28        PAGE  8


LOC    OBJECT CODE    LINE  SOURCE TEXT
  VALUE

00006C 6EE5           00365         MOVWF   POSTDEC1
00006E EC?? F0??      00366         CALL    _ser_puts
000072 0E03           00367         MOVLW   0x03
000074 26E1           00368         ADDWF   FSR1L, F
                      00369 ;       .line   236; ../../../src/print.c       }
000076 CFE4 F000      00370         MOVFF   PREINC1, r0x02
00007A CFE4 F000      00371         MOVFF   PREINC1, r0x01
00007E CFE4 F000      00372         MOVFF   PREINC1, r0x00
000082 CFE4 FFD9      00373         MOVFF   PREINC1, FSR2L
000086 0012           00374         RETURN  
                      00375 
                      00376 ; ; Starting pCode block
                      00377 S_print__put_str        code
000000                00378 _put_str:
                      00379 ;       .line   221; ../../../src/print.c       put_str(const char* s) {
000000 CFD9 FFE5      00380         MOVFF   FSR2L, POSTDEC1
000004 CFE1 FFD9      00381         MOVFF   FSR1L, FSR2L
000008 C??? F???      00382         MOVFF   r0x00, POSTDEC1
00000C C??? F???      00383         MOVFF   r0x01, POSTDEC1
000010 C??? F???      00384         MOVFF   r0x02, POSTDEC1
000014 C??? F???      00385         MOVFF   r0x03, POSTDEC1
000018 C??? F???      00386         MOVFF   r0x04, POSTDEC1
00001C C??? F???      00387         MOVFF   r0x05, POSTDEC1
000020 C??? F???      00388         MOVFF   r0x06, POSTDEC1
000024 C??? F???      00389         MOVFF   r0x07, POSTDEC1
000028 0E02           00390         MOVLW   0x02
00002A CFDB F000      00391         MOVFF   PLUSW2, r0x00
00002E 0E03           00392         MOVLW   0x03
000030 CFDB F000      00393         MOVFF   PLUSW2, r0x01
000034 0E04           00394         MOVLW   0x04
000036 CFDB F000      00395         MOVFF   PLUSW2, r0x02
                      00396 ;       .line   224; ../../../src/print.c       for(i = 0; s[i]; i++) {
00003A 6A??           00397         CLRF    r0x03
00003C 6A??           00398         CLRF    r0x04
00003E                00399 _00154_DS_:
00003E 50??           00400         MOVF    r0x03, W
000040 6E??           00401         MOVWF   r0x05
000042 50??           00402         MOVF    r0x04, W
000044 6E??           00403         MOVWF   r0x06
000046 6A??           00404         CLRF    r0x07
000048 50??           00405         MOVF    r0x00, W
00004A 26??           00406         ADDWF   r0x05, F
00004C 50??           00407         MOVF    r0x01, W
00004E 22??           00408         ADDWFC  r0x06, F
000050 50??           00409         MOVF    r0x02, W
000052 22??           00410         ADDWFC  r0x07, F
000054 C??? F???      00411         MOVFF   r0x05, FSR0L
000058 C??? F???      00412         MOVFF   r0x06, PRODL
00005C 50??           00413         MOVF    r0x07, W
00005E EC?? F0??      00414         CALL    __gptrget1
000062 6E??           00415         MOVWF   r0x05
000064 50??           00416         MOVF    r0x05, W
000066 E0??           00417         BZ      _00156_DS_
gpasm-1.5.2 #1319 (Sep 16 2019) build/default   27.11.2019  16:57:28        PAGE  9


LOC    OBJECT CODE    LINE  SOURCE TEXT
  VALUE

                      00418 ;       .line   225; ../../../src/print.c       output_putch(s[i]);
000068 50??           00419         MOVF    r0x05, W
00006A 6EE5           00420         MOVWF   POSTDEC1
00006C EC?? F0??      00421         CALL    _output_putch
000070 52E6           00422         MOVF    POSTINC1, F
                      00423 ;       .line   224; ../../../src/print.c       for(i = 0; s[i]; i++) {
000072 4A??           00424         INFSNZ  r0x03, F
000074 2A??           00425         INCF    r0x04, F
000076 D???           00426         BRA     _00154_DS_
000078                00427 _00156_DS_:
                      00428 ;       .line   227; ../../../src/print.c       }
000078 CFE4 F000      00429         MOVFF   PREINC1, r0x07
00007C CFE4 F000      00430         MOVFF   PREINC1, r0x06
000080 CFE4 F000      00431         MOVFF   PREINC1, r0x05
000084 CFE4 F000      00432         MOVFF   PREINC1, r0x04
000088 CFE4 F000      00433         MOVFF   PREINC1, r0x03
00008C CFE4 F000      00434         MOVFF   PREINC1, r0x02
000090 CFE4 F000      00435         MOVFF   PREINC1, r0x01
000094 CFE4 F000      00436         MOVFF   PREINC1, r0x00
000098 CFE4 FFD9      00437         MOVFF   PREINC1, FSR2L
00009C 0012           00438         RETURN  
                      00439 
                      00440 ; ; Starting pCode block
                      00441 S_print__output_putch   code
000000                00442 _output_putch:
                      00443 ;       .line   208; ../../../src/print.c       output_putch(char c) {
000000 CFD9 FFE5      00444         MOVFF   FSR2L, POSTDEC1
000004 CFE1 FFD9      00445         MOVFF   FSR1L, FSR2L
000008 C??? F???      00446         MOVFF   r0x00, POSTDEC1
00000C 0E02           00447         MOVLW   0x02
00000E CFDB F000      00448         MOVFF   PLUSW2, r0x00
                      00449 ;       .line   210; ../../../src/print.c       lcd_putch(c);
000012 0E01           00450         MOVLW   0x01
000014 6EE5           00451         MOVWF   POSTDEC1
000016 50??           00452         MOVF    r0x00, W
000018 6EE5           00453         MOVWF   POSTDEC1
00001A EC?? F0??      00454         CALL    _lcd_send
00001E 52E6           00455         MOVF    POSTINC1, F
000020 52E6           00456         MOVF    POSTINC1, F
                      00457 ;       .line   213; ../../../src/print.c       ser_putch(c);
000022 50??           00458         MOVF    r0x00, W
000024 6EE5           00459         MOVWF   POSTDEC1
000026 EC?? F0??      00460         CALL    _ser_putch
00002A 52E6           00461         MOVF    POSTINC1, F
                      00462 ;       .line   215; ../../../src/print.c       }
00002C CFE4 F000      00463         MOVFF   PREINC1, r0x00
000030 CFE4 FFD9      00464         MOVFF   PREINC1, FSR2L
000034 0012           00465         RETURN  
                      00466 
                      00467 ; ; Starting pCode block
                      00468 S_print__print_indicator        code
000000                00469 _print_indicator:
                      00470 ;       .line   184; ../../../src/print.c       print_indicator(uint8_t indicate) {
gpasm-1.5.2 #1319 (Sep 16 2019) build/default   27.11.2019  16:57:28        PAGE 10


LOC    OBJECT CODE    LINE  SOURCE TEXT
  VALUE

000000 CFD9 FFE5      00471         MOVFF   FSR2L, POSTDEC1
000004 CFE1 FFD9      00472         MOVFF   FSR1L, FSR2L
000008 C??? F???      00473         MOVFF   r0x00, POSTDEC1
00000C C??? F???      00474         MOVFF   r0x01, POSTDEC1
000010 C??? F???      00475         MOVFF   r0x02, POSTDEC1
000014 0E02           00476         MOVLW   0x02
000016 CFDB F000      00477         MOVFF   PLUSW2, r0x00
                      00478 ;       .line   198; ../../../src/print.c       lcd_gotoxy(0, 1);
00001A 0E01           00479         MOVLW   0x01
00001C 6EE5           00480         MOVWF   POSTDEC1
00001E 0E00           00481         MOVLW   0x00
000020 6EE5           00482         MOVWF   POSTDEC1
000022 EC?? F0??      00483         CALL    _lcd_gotoxy
000026 52E6           00484         MOVF    POSTINC1, F
000028 52E6           00485         MOVF    POSTINC1, F
                      00486 ;       .line   199; ../../../src/print.c       if(indicate) {
00002A 50??           00487         MOVF    r0x00, W
00002C E0??           00488         BZ      _00140_DS_
                      00489 ;       .line   200; ../../../src/print.c       lcd_puts("-*-");
00002E 0E??           00490         MOVLW   HIGH(___str_10)
000030 6E??           00491         MOVWF   r0x01
000032 0E??           00492         MOVLW   LOW(___str_10)
000034 6E??           00493         MOVWF   r0x00
000036 6A??           00494         CLRF    r0x02
000038 50??           00495         MOVF    r0x02, W
00003A 6EE5           00496         MOVWF   POSTDEC1
00003C 50??           00497         MOVF    r0x01, W
00003E 6EE5           00498         MOVWF   POSTDEC1
000040 50??           00499         MOVF    r0x00, W
000042 6EE5           00500         MOVWF   POSTDEC1
000044 EC?? F0??      00501         CALL    _lcd_puts
000048 0E03           00502         MOVLW   0x03
00004A 26E1           00503         ADDWF   FSR1L, F
00004C D???           00504         BRA     _00142_DS_
00004E                00505 _00140_DS_:
                      00506 ;       .line   202; ../../../src/print.c       lcd_puts("   ");
00004E 0E??           00507         MOVLW   HIGH(___str_11)
000050 6E??           00508         MOVWF   r0x01
000052 0E??           00509         MOVLW   LOW(___str_11)
000054 6E??           00510         MOVWF   r0x00
000056 6A??           00511         CLRF    r0x02
000058 50??           00512         MOVF    r0x02, W
00005A 6EE5           00513         MOVWF   POSTDEC1
00005C 50??           00514         MOVF    r0x01, W
00005E 6EE5           00515         MOVWF   POSTDEC1
000060 50??           00516         MOVF    r0x00, W
000062 6EE5           00517         MOVWF   POSTDEC1
000064 EC?? F0??      00518         CALL    _lcd_puts
000068 0E03           00519         MOVLW   0x03
00006A 26E1           00520         ADDWF   FSR1L, F
00006C                00521 _00142_DS_:
                      00522 ;       .line   205; ../../../src/print.c       }
00006C CFE4 F000      00523         MOVFF   PREINC1, r0x02
gpasm-1.5.2 #1319 (Sep 16 2019) build/default   27.11.2019  16:57:28        PAGE 11


LOC    OBJECT CODE    LINE  SOURCE TEXT
  VALUE

000070 CFE4 F000      00524         MOVFF   PREINC1, r0x01
000074 CFE4 F000      00525         MOVFF   PREINC1, r0x00
000078 CFE4 FFD9      00526         MOVFF   PREINC1, FSR2L
00007C 0012           00527         RETURN  
                      00528 
                      00529 ; ; Starting pCode block
                      00530 S_print__print_reading  code
000000                00531 _print_reading:
                      00532 ;       .line   144; ../../../src/print.c       print_reading(uint16_t measurement) {
000000 CFD9 FFE5      00533         MOVFF   FSR2L, POSTDEC1
000004 CFE1 FFD9      00534         MOVFF   FSR1L, FSR2L
000008 C??? F???      00535         MOVFF   r0x00, POSTDEC1
00000C C??? F???      00536         MOVFF   r0x01, POSTDEC1
000010 C??? F???      00537         MOVFF   r0x02, POSTDEC1
000014 C??? F???      00538         MOVFF   r0x03, POSTDEC1
000018 C??? F???      00539         MOVFF   r0x04, POSTDEC1
00001C 0E02           00540         MOVLW   0x02
00001E CFDB F000      00541         MOVFF   PLUSW2, r0x00
000022 0E03           00542         MOVLW   0x03
000024 CFDB F000      00543         MOVFF   PLUSW2, r0x01
                      00544 ;       .line   171; ../../../src/print.c       lcd_gotoxy(9, 0);
000028 0E00           00545         MOVLW   0x00
00002A 6EE5           00546         MOVWF   POSTDEC1
00002C 0E09           00547         MOVLW   0x09
00002E 6EE5           00548         MOVWF   POSTDEC1
000030 EC?? F0??      00549         CALL    _lcd_gotoxy
000034 52E6           00550         MOVF    POSTINC1, F
000036 52E6           00551         MOVF    POSTINC1, F
                      00552 ;       .line   172; ../../../src/print.c       lcd_puts("     ");
000038 0E??           00553         MOVLW   HIGH(___str_9)
00003A 6E??           00554         MOVWF   r0x03
00003C 0E??           00555         MOVLW   LOW(___str_9)
00003E 6E??           00556         MOVWF   r0x02
000040 6A??           00557         CLRF    r0x04
000042 50??           00558         MOVF    r0x04, W
000044 6EE5           00559         MOVWF   POSTDEC1
000046 50??           00560         MOVF    r0x03, W
000048 6EE5           00561         MOVWF   POSTDEC1
00004A 50??           00562         MOVF    r0x02, W
00004C 6EE5           00563         MOVWF   POSTDEC1
00004E EC?? F0??      00564         CALL    _lcd_puts
000052 0E03           00565         MOVLW   0x03
000054 26E1           00566         ADDWF   FSR1L, F
                      00567 ;       .line   173; ../../../src/print.c       lcd_gotoxy(9, 0);
000056 0E00           00568         MOVLW   0x00
000058 6EE5           00569         MOVWF   POSTDEC1
00005A 0E09           00570         MOVLW   0x09
00005C 6EE5           00571         MOVWF   POSTDEC1
00005E EC?? F0??      00572         CALL    _lcd_gotoxy
000062 52E6           00573         MOVF    POSTINC1, F
000064 52E6           00574         MOVF    POSTINC1, F
                      00575 ;       .line   175; ../../../src/print.c       format_number(measurement / 100, 10, 0);
000066 0E00           00576         MOVLW   0x00
gpasm-1.5.2 #1319 (Sep 16 2019) build/default   27.11.2019  16:57:28        PAGE 12


LOC    OBJECT CODE    LINE  SOURCE TEXT
  VALUE

000068 6EE5           00577         MOVWF   POSTDEC1
00006A 0E64           00578         MOVLW   0x64
00006C 6EE5           00579         MOVWF   POSTDEC1
00006E 50??           00580         MOVF    r0x01, W
000070 6EE5           00581         MOVWF   POSTDEC1
000072 50??           00582         MOVF    r0x00, W
000074 6EE5           00583         MOVWF   POSTDEC1
000076 EC?? F0??      00584         CALL    __divuint
00007A 6E??           00585         MOVWF   r0x02
00007C CFF3 F000      00586         MOVFF   PRODL, r0x03
000080 0E04           00587         MOVLW   0x04
000082 26E1           00588         ADDWF   FSR1L, F
000084 0E00           00589         MOVLW   0x00
000086 6EE5           00590         MOVWF   POSTDEC1
000088 0E0A           00591         MOVLW   0x0a
00008A 6EE5           00592         MOVWF   POSTDEC1
00008C 50??           00593         MOVF    r0x03, W
00008E 6EE5           00594         MOVWF   POSTDEC1
000090 50??           00595         MOVF    r0x02, W
000092 6EE5           00596         MOVWF   POSTDEC1
000094 EC?? F0??      00597         CALL    _format_number
000098 0E04           00598         MOVLW   0x04
00009A 26E1           00599         ADDWF   FSR1L, F
                      00600 ;       .line   177; ../../../src/print.c       format_number(measurement % 100, 10, 0);
00009C 0E00           00601         MOVLW   0x00
00009E 6EE5           00602         MOVWF   POSTDEC1
0000A0 0E64           00603         MOVLW   0x64
0000A2 6EE5           00604         MOVWF   POSTDEC1
0000A4 50??           00605         MOVF    r0x01, W
0000A6 6EE5           00606         MOVWF   POSTDEC1
0000A8 50??           00607         MOVF    r0x00, W
0000AA 6EE5           00608         MOVWF   POSTDEC1
0000AC EC?? F0??      00609         CALL    __moduint
0000B0 6E??           00610         MOVWF   r0x00
0000B2 CFF3 F000      00611         MOVFF   PRODL, r0x01
0000B6 0E04           00612         MOVLW   0x04
0000B8 26E1           00613         ADDWF   FSR1L, F
0000BA 0E00           00614         MOVLW   0x00
0000BC 6EE5           00615         MOVWF   POSTDEC1
0000BE 0E0A           00616         MOVLW   0x0a
0000C0 6EE5           00617         MOVWF   POSTDEC1
0000C2 50??           00618         MOVF    r0x01, W
0000C4 6EE5           00619         MOVWF   POSTDEC1
0000C6 50??           00620         MOVF    r0x00, W
0000C8 6EE5           00621         MOVWF   POSTDEC1
0000CA EC?? F0??      00622         CALL    _format_number
0000CE 0E04           00623         MOVLW   0x04
0000D0 26E1           00624         ADDWF   FSR1L, F
                      00625 ;       .line   180; ../../../src/print.c       }
0000D2 CFE4 F000      00626         MOVFF   PREINC1, r0x04
0000D6 CFE4 F000      00627         MOVFF   PREINC1, r0x03
0000DA CFE4 F000      00628         MOVFF   PREINC1, r0x02
0000DE CFE4 F000      00629         MOVFF   PREINC1, r0x01
gpasm-1.5.2 #1319 (Sep 16 2019) build/default   27.11.2019  16:57:28        PAGE 13


LOC    OBJECT CODE    LINE  SOURCE TEXT
  VALUE

0000E2 CFE4 F000      00630         MOVFF   PREINC1, r0x00
0000E6 CFE4 FFD9      00631         MOVFF   PREINC1, FSR2L
0000EA 0012           00632         RETURN  
                      00633 
                      00634 ; ; Starting pCode block
                      00635 S_print__print_unit     code
000000                00636 _print_unit:
                      00637 ;       .line   123; ../../../src/print.c       print_unit(uint8_t unit) {
000000 CFD9 FFE5      00638         MOVFF   FSR2L, POSTDEC1
000004 CFE1 FFD9      00639         MOVFF   FSR1L, FSR2L
000008 C??? F???      00640         MOVFF   r0x00, POSTDEC1
00000C C??? F???      00641         MOVFF   r0x01, POSTDEC1
000010 C??? F???      00642         MOVFF   r0x02, POSTDEC1
                      00643 ;       .line   132; ../../../src/print.c       lcd_gotoxy(14, 0);
000014 0E00           00644         MOVLW   0x00
000016 6EE5           00645         MOVWF   POSTDEC1
000018 0E0E           00646         MOVLW   0x0e
00001A 6EE5           00647         MOVWF   POSTDEC1
00001C EC?? F0??      00648         CALL    _lcd_gotoxy
000020 52E6           00649         MOVF    POSTINC1, F
000022 52E6           00650         MOVF    POSTINC1, F
000024 010?           00651         BANKSEL (_buffer + 16)
                      00652 ;       .line   136; ../../../src/print.c       lcd_gotoxy(16 - BUFFER_LEN(), 0);
000026 51??           00653         MOVF    (_buffer + 16), W, B
000028 38E8           00654         SWAPF   WREG, W
00002A 0B0F           00655         ANDLW   0x0f
00002C 6E??           00656         MOVWF   r0x00
00002E 010?           00657         BANKSEL (_buffer + 16)
000030 51??           00658         MOVF    (_buffer + 16), W, B
000032 0B0F           00659         ANDLW   0x0f
000034 6E??           00660         MOVWF   r0x01
000036 50??           00661         MOVF    r0x01, W
000038 5E??           00662         SUBWF   r0x00, F
00003A 50??           00663         MOVF    r0x00, W
00003C 0810           00664         SUBLW   0x10
00003E 6E??           00665         MOVWF   r0x00
000040 0E00           00666         MOVLW   0x00
000042 6EE5           00667         MOVWF   POSTDEC1
000044 50??           00668         MOVF    r0x00, W
000046 6EE5           00669         MOVWF   POSTDEC1
000048 EC?? F0??      00670         CALL    _lcd_gotoxy
00004C 52E6           00671         MOVF    POSTINC1, F
00004E 52E6           00672         MOVF    POSTINC1, F
                      00673 ;       .line   139; ../../../src/print.c       ser_puts("\r\n");
000050 0E??           00674         MOVLW   HIGH(___str_8)
000052 6E??           00675         MOVWF   r0x01
000054 0E??           00676         MOVLW   LOW(___str_8)
000056 6E??           00677         MOVWF   r0x00
000058 6A??           00678         CLRF    r0x02
00005A 50??           00679         MOVF    r0x02, W
00005C 6EE5           00680         MOVWF   POSTDEC1
00005E 50??           00681         MOVF    r0x01, W
000060 6EE5           00682         MOVWF   POSTDEC1
gpasm-1.5.2 #1319 (Sep 16 2019) build/default   27.11.2019  16:57:28        PAGE 14


LOC    OBJECT CODE    LINE  SOURCE TEXT
  VALUE

000062 50??           00683         MOVF    r0x00, W
000064 6EE5           00684         MOVWF   POSTDEC1
000066 EC?? F0??      00685         CALL    _ser_puts
00006A 0E03           00686         MOVLW   0x03
00006C 26E1           00687         ADDWF   FSR1L, F
                      00688 ;       .line   141; ../../../src/print.c       }
00006E CFE4 F000      00689         MOVFF   PREINC1, r0x02
000072 CFE4 F000      00690         MOVFF   PREINC1, r0x01
000076 CFE4 F000      00691         MOVFF   PREINC1, r0x00
00007A CFE4 FFD9      00692         MOVFF   PREINC1, FSR2L
00007E 0012           00693         RETURN  
                      00694 
                      00695 ; ; Starting pCode block
                      00696 S_print__print_digit    code
000000                00697 _print_digit:
                      00698 ;       .line   101; ../../../src/print.c       print_digit(uint8_t line, uint8_t column, uint8_t digit)
                             {
000000 CFD9 FFE5      00699         MOVFF   FSR2L, POSTDEC1
000004 CFE1 FFD9      00700         MOVFF   FSR1L, FSR2L
000008 C??? F???      00701         MOVFF   r0x00, POSTDEC1
00000C C??? F???      00702         MOVFF   r0x01, POSTDEC1
000010 0E03           00703         MOVLW   0x03
000012 CFDB F000      00704         MOVFF   PLUSW2, r0x00
000016 0E04           00705         MOVLW   0x04
000018 CFDB F000      00706         MOVFF   PLUSW2, r0x01
                      00707 ;       .line   116; ../../../src/print.c       lcd_gotoxy(column, /*line - 1*/ 0);
00001C 0E00           00708         MOVLW   0x00
00001E 6EE5           00709         MOVWF   POSTDEC1
000020 50??           00710         MOVF    r0x00, W
000022 6EE5           00711         MOVWF   POSTDEC1
000024 EC?? F0??      00712         CALL    _lcd_gotoxy
000028 52E6           00713         MOVF    POSTINC1, F
00002A 52E6           00714         MOVF    POSTINC1, F
                      00715 ;       .line   117; ../../../src/print.c       lcd_putch('0' + digit);
00002C 0E30           00716         MOVLW   0x30
00002E 26??           00717         ADDWF   r0x01, F
000030 0E01           00718         MOVLW   0x01
000032 6EE5           00719         MOVWF   POSTDEC1
000034 50??           00720         MOVF    r0x01, W
000036 6EE5           00721         MOVWF   POSTDEC1
000038 EC?? F0??      00722         CALL    _lcd_send
00003C 52E6           00723         MOVF    POSTINC1, F
00003E 52E6           00724         MOVF    POSTINC1, F
                      00725 ;       .line   119; ../../../src/print.c       }
000040 CFE4 F000      00726         MOVFF   PREINC1, r0x01
000044 CFE4 F000      00727         MOVFF   PREINC1, r0x00
000048 CFE4 FFD9      00728         MOVFF   PREINC1, FSR2L
00004C 0012           00729         RETURN  
                      00730 
                      00731 ; ; Starting pCode block
                      00732 S_print__lcd_put        code
000000                00733 _lcd_put:
                      00734 ;       .line   23; ../../../src/print.c        lcd_put(const char* buf, unsigned n) {
gpasm-1.5.2 #1319 (Sep 16 2019) build/default   27.11.2019  16:57:28        PAGE 15


LOC    OBJECT CODE    LINE  SOURCE TEXT
  VALUE

000000 CFD9 FFE5      00735         MOVFF   FSR2L, POSTDEC1
000004 CFE1 FFD9      00736         MOVFF   FSR1L, FSR2L
000008 C??? F???      00737         MOVFF   r0x00, POSTDEC1
00000C C??? F???      00738         MOVFF   r0x01, POSTDEC1
000010 C??? F???      00739         MOVFF   r0x02, POSTDEC1
000014 C??? F???      00740         MOVFF   r0x03, POSTDEC1
000018 C??? F???      00741         MOVFF   r0x04, POSTDEC1
00001C C??? F???      00742         MOVFF   r0x05, POSTDEC1
000020 C??? F???      00743         MOVFF   r0x06, POSTDEC1
000024 0E02           00744         MOVLW   0x02
000026 CFDB F000      00745         MOVFF   PLUSW2, r0x00
00002A 0E03           00746         MOVLW   0x03
00002C CFDB F000      00747         MOVFF   PLUSW2, r0x01
000030 0E04           00748         MOVLW   0x04
000032 CFDB F000      00749         MOVFF   PLUSW2, r0x02
000036 0E05           00750         MOVLW   0x05
000038 CFDB F000      00751         MOVFF   PLUSW2, r0x03
00003C 0E06           00752         MOVLW   0x06
00003E CFDB F000      00753         MOVFF   PLUSW2, r0x04
000042                00754 _00105_DS_:
                      00755 ;       .line   26; ../../../src/print.c        while(n--) lcd_putch(*buf++);
000042 C??? F???      00756         MOVFF   r0x03, r0x05
000046 C??? F???      00757         MOVFF   r0x04, r0x06
00004A 0EFF           00758         MOVLW   0xff
00004C 26??           00759         ADDWF   r0x03, F
00004E 22??           00760         ADDWFC  r0x04, F
000050 50??           00761         MOVF    r0x05, W
000052 10??           00762         IORWF   r0x06, W
000054 E0??           00763         BZ      _00108_DS_
000056 C??? F???      00764         MOVFF   r0x00, FSR0L
00005A C??? F???      00765         MOVFF   r0x01, PRODL
00005E 50??           00766         MOVF    r0x02, W
000060 EC?? F0??      00767         CALL    __gptrget1
000064 6E??           00768         MOVWF   r0x05
000066 2A??           00769         INCF    r0x00, F
000068 E3??           00770         BNC     _00119_DS_
00006A 4A??           00771         INFSNZ  r0x01, F
00006C 2A??           00772         INCF    r0x02, F
00006E                00773 _00119_DS_:
00006E 0E01           00774         MOVLW   0x01
000070 6EE5           00775         MOVWF   POSTDEC1
000072 50??           00776         MOVF    r0x05, W
000074 6EE5           00777         MOVWF   POSTDEC1
000076 EC?? F0??      00778         CALL    _lcd_send
00007A 52E6           00779         MOVF    POSTINC1, F
00007C 52E6           00780         MOVF    POSTINC1, F
00007E D???           00781         BRA     _00105_DS_
000080                00782 _00108_DS_:
                      00783 ;       .line   28; ../../../src/print.c        }
000080 CFE4 F000      00784         MOVFF   PREINC1, r0x06
000084 CFE4 F000      00785         MOVFF   PREINC1, r0x05
000088 CFE4 F000      00786         MOVFF   PREINC1, r0x04
00008C CFE4 F000      00787         MOVFF   PREINC1, r0x03
gpasm-1.5.2 #1319 (Sep 16 2019) build/default   27.11.2019  16:57:28        PAGE 16


LOC    OBJECT CODE    LINE  SOURCE TEXT
  VALUE

000090 CFE4 F000      00788         MOVFF   PREINC1, r0x02
000094 CFE4 F000      00789         MOVFF   PREINC1, r0x01
000098 CFE4 F000      00790         MOVFF   PREINC1, r0x00
00009C CFE4 FFD9      00791         MOVFF   PREINC1, FSR2L
0000A0 0012           00792         RETURN  
                      00793 
                      00794 ; ; Starting pCode block
0000A2                00795 ___str_0:
0000A2 0048           00796         DB      0x48, 0x00
                      00797 ; ; Starting pCode block
0000A4                00798 ___str_1:
0000A4 486D 0000      00799         DB      0x6d, 0x48, 0x00
                      00800 ; ; Starting pCode block
0000A8                00801 ___str_2:
0000A8 4875 0000      00802         DB      0x75, 0x48, 0x00
                      00803 ; ; Starting pCode block
0000AC                00804 ___str_3:
0000AC 486E 0000      00805         DB      0x6e, 0x48, 0x00
                      00806 ; ; Starting pCode block
0000B0                00807 ___str_4:
0000B0 466D 0000      00808         DB      0x6d, 0x46, 0x00
                      00809 ; ; Starting pCode block
0000B4                00810 ___str_5:
0000B4 4675 0000      00811         DB      0x75, 0x46, 0x00
                      00812 ; ; Starting pCode block
0000B8                00813 ___str_6:
0000B8 466E 0000      00814         DB      0x6e, 0x46, 0x00
                      00815 ; ; Starting pCode block
0000BC                00816 ___str_7:
0000BC 4670 0000      00817         DB      0x70, 0x46, 0x00
                      00818 ; ; Starting pCode block
0000C0                00819 ___str_8:
0000C0 0A0D 0000      00820         DB      0x0d, 0x0a, 0x00
                      00821 ; ; Starting pCode block
0000C4                00822 ___str_9:
0000C4 2020 2020 0020 00823         DB      0x20, 0x20, 0x20, 0x20, 0x20, 0x00
                      00824 ; ; Starting pCode block
0000CA                00825 ___str_10:
0000CA 2A2D 002D      00826         DB      0x2d, 0x2a, 0x2d, 0x00
                      00827 ; ; Starting pCode block
0000CE                00828 ___str_11:
0000CE 2020 0020      00829         DB      0x20, 0x20, 0x20, 0x00
                      00830 
                      00831 
                      00832 ; Statistics:
                      00833 ; code size:     1102 (0x044e) bytes ( 0.84%)
                      00834 ;                 551 (0x0227) words
                      00835 ; udata size:       0 (0x0000) bytes ( 0.00%)
                      00836 ; access size:      8 (0x0008) bytes
                      00837 
                      00838 
                      00839         end
gpasm-1.5.2 #1319 (Sep 16 2019) build/default   27.11.2019  16:57:28        PAGE 17


SYMBOL TABLE
  LABEL                              TYPE        VALUE         VALUE          VALUE
                                                 (hex)         (dec)          (text)

FSR0H                             CONSTANT      00000FEA           4074
FSR0L                             CONSTANT      00000FE9           4073
FSR1L                             CONSTANT      00000FE1           4065
FSR2L                             CONSTANT      00000FD9           4057
INDF0                             CONSTANT      00000FEF           4079
PLUSW2                            CONSTANT      00000FDB           4059
POSTDEC1                          CONSTANT      00000FE5           4069
POSTINC1                          CONSTANT      00000FE6           4070
PREINC1                           CONSTANT      00000FE4           4068
PRODL                             CONSTANT      00000FF3           4083
STATUS                            CONSTANT      00000FD8           4056
WREG                              CONSTANT      00000FE8           4072
_00105_DS_                        ADDRESS       00000042             66
_00108_DS_                        ADDRESS       00000080            128
_00119_DS_                        ADDRESS       0000006E            110
_00140_DS_                        ADDRESS       0000004E             78
_00142_DS_                        ADDRESS       0000006C            108
_00154_DS_                        ADDRESS       0000003E             62
_00156_DS_                        ADDRESS       00000078            120
_00161_DS_                        ADDRESS       00000058             88
_00163_DS_                        ADDRESS       00000016             22
_ADCON0                           EXTERNAL      00000000              0
_ADCON0bits                       EXTERNAL      00000000              0
_ADCON1                           EXTERNAL      00000000              0
_ADCON1bits                       EXTERNAL      00000000              0
_ADCON2                           EXTERNAL      00000000              0
_ADCON2bits                       EXTERNAL      00000000              0
_ADRES                            EXTERNAL      00000000              0
_ADRESH                           EXTERNAL      00000000              0
_ADRESL                           EXTERNAL      00000000              0
_BAUDCON                          EXTERNAL      00000000              0
_BAUDCONbits                      EXTERNAL      00000000              0
_BAUDCTL                          EXTERNAL      00000000              0
_BAUDCTLbits                      EXTERNAL      00000000              0
_BSR                              EXTERNAL      00000000              0
_CCP1AS                           EXTERNAL      00000000              0
_CCP1ASbits                       EXTERNAL      00000000              0
_CCP1CON                          EXTERNAL      00000000              0
_CCP1CONbits                      EXTERNAL      00000000              0
_CCP1DEL                          EXTERNAL      00000000              0
_CCP1DELbits                      EXTERNAL      00000000              0
_CCP2CON                          EXTERNAL      00000000              0
_CCP2CONbits                      EXTERNAL      00000000              0
_CCPR1                            EXTERNAL      00000000              0
_CCPR1H                           EXTERNAL      00000000              0
_CCPR1L                           EXTERNAL      00000000              0
_CCPR2                            EXTERNAL      00000000              0
_CCPR2H                           EXTERNAL      00000000              0
_CCPR2L                           EXTERNAL      00000000              0
_CMCON                            EXTERNAL      00000000              0
_CMCONbits                        EXTERNAL      00000000              0
_CVRCON                           EXTERNAL      00000000              0
gpasm-1.5.2 #1319 (Sep 16 2019) build/default   27.11.2019  16:57:28        PAGE 18


SYMBOL TABLE
  LABEL                              TYPE        VALUE         VALUE          VALUE
                                                 (hex)         (dec)          (text)

_CVRCONbits                       EXTERNAL      00000000              0
_DDRA                             EXTERNAL      00000000              0
_DDRAbits                         EXTERNAL      00000000              0
_DDRB                             EXTERNAL      00000000              0
_DDRBbits                         EXTERNAL      00000000              0
_DDRC                             EXTERNAL      00000000              0
_DDRCbits                         EXTERNAL      00000000              0
_ECCP1AS                          EXTERNAL      00000000              0
_ECCP1ASbits                      EXTERNAL      00000000              0
_ECCP1DEL                         EXTERNAL      00000000              0
_ECCP1DELbits                     EXTERNAL      00000000              0
_EEADR                            EXTERNAL      00000000              0
_EECON1                           EXTERNAL      00000000              0
_EECON1bits                       EXTERNAL      00000000              0
_EECON2                           EXTERNAL      00000000              0
_EEDATA                           EXTERNAL      00000000              0
_FSR0H                            EXTERNAL      00000000              0
_FSR0L                            EXTERNAL      00000000              0
_FSR1H                            EXTERNAL      00000000              0
_FSR1L                            EXTERNAL      00000000              0
_FSR2H                            EXTERNAL      00000000              0
_FSR2L                            EXTERNAL      00000000              0
_HLVDCON                          EXTERNAL      00000000              0
_HLVDCONbits                      EXTERNAL      00000000              0
_INDF0                            EXTERNAL      00000000              0
_INDF1                            EXTERNAL      00000000              0
_INDF2                            EXTERNAL      00000000              0
_INTCON                           EXTERNAL      00000000              0
_INTCON2                          EXTERNAL      00000000              0
_INTCON2bits                      EXTERNAL      00000000              0
_INTCON3                          EXTERNAL      00000000              0
_INTCON3bits                      EXTERNAL      00000000              0
_INTCONbits                       EXTERNAL      00000000              0
_IPR1                             EXTERNAL      00000000              0
_IPR1bits                         EXTERNAL      00000000              0
_IPR2                             EXTERNAL      00000000              0
_IPR2bits                         EXTERNAL      00000000              0
_LATA                             EXTERNAL      00000000              0
_LATAbits                         EXTERNAL      00000000              0
_LATB                             EXTERNAL      00000000              0
_LATBbits                         EXTERNAL      00000000              0
_LATC                             EXTERNAL      00000000              0
_LATCbits                         EXTERNAL      00000000              0
_LVDCON                           EXTERNAL      00000000              0
_LVDCONbits                       EXTERNAL      00000000              0
_OSCCON                           EXTERNAL      00000000              0
_OSCCONbits                       EXTERNAL      00000000              0
_OSCTUNE                          EXTERNAL      00000000              0
_OSCTUNEbits                      EXTERNAL      00000000              0
_PC                               EXTERNAL      00000000              0
_PCL                              EXTERNAL      00000000              0
_PCLATH                           EXTERNAL      00000000              0
gpasm-1.5.2 #1319 (Sep 16 2019) build/default   27.11.2019  16:57:28        PAGE 19


SYMBOL TABLE
  LABEL                              TYPE        VALUE         VALUE          VALUE
                                                 (hex)         (dec)          (text)

_PCLATU                           EXTERNAL      00000000              0
_PIE1                             EXTERNAL      00000000              0
_PIE1bits                         EXTERNAL      00000000              0
_PIE2                             EXTERNAL      00000000              0
_PIE2bits                         EXTERNAL      00000000              0
_PIR1                             EXTERNAL      00000000              0
_PIR1bits                         EXTERNAL      00000000              0
_PIR2                             EXTERNAL      00000000              0
_PIR2bits                         EXTERNAL      00000000              0
_PLUSW0                           EXTERNAL      00000000              0
_PLUSW1                           EXTERNAL      00000000              0
_PLUSW2                           EXTERNAL      00000000              0
_PORTA                            EXTERNAL      00000000              0
_PORTAbits                        EXTERNAL      00000000              0
_PORTB                            EXTERNAL      00000000              0
_PORTBbits                        EXTERNAL      00000000              0
_PORTC                            EXTERNAL      00000000              0
_PORTCbits                        EXTERNAL      00000000              0
_PORTE                            EXTERNAL      00000000              0
_PORTEbits                        EXTERNAL      00000000              0
_POSTDEC0                         EXTERNAL      00000000              0
_POSTDEC1                         EXTERNAL      00000000              0
_POSTDEC2                         EXTERNAL      00000000              0
_POSTINC0                         EXTERNAL      00000000              0
_POSTINC1                         EXTERNAL      00000000              0
_POSTINC2                         EXTERNAL      00000000              0
_PR2                              EXTERNAL      00000000              0
_PREINC0                          EXTERNAL      00000000              0
_PREINC1                          EXTERNAL      00000000              0
_PREINC2                          EXTERNAL      00000000              0
_PROD                             EXTERNAL      00000000              0
_PRODH                            EXTERNAL      00000000              0
_PRODL                            EXTERNAL      00000000              0
_RCON                             EXTERNAL      00000000              0
_RCONbits                         EXTERNAL      00000000              0
_RCREG                            EXTERNAL      00000000              0
_RCSTA                            EXTERNAL      00000000              0
_RCSTAbits                        EXTERNAL      00000000              0
_SPBRG                            EXTERNAL      00000000              0
_SPBRGH                           EXTERNAL      00000000              0
_SSPADD                           EXTERNAL      00000000              0
_SSPBUF                           EXTERNAL      00000000              0
_SSPCON1                          EXTERNAL      00000000              0
_SSPCON1bits                      EXTERNAL      00000000              0
_SSPCON2                          EXTERNAL      00000000              0
_SSPCON2bits                      EXTERNAL      00000000              0
_SSPSTAT                          EXTERNAL      00000000              0
_SSPSTATbits                      EXTERNAL      00000000              0
_STATUS                           EXTERNAL      00000000              0
_STATUSbits                       EXTERNAL      00000000              0
_STKPTR                           EXTERNAL      00000000              0
_STKPTRbits                       EXTERNAL      00000000              0
gpasm-1.5.2 #1319 (Sep 16 2019) build/default   27.11.2019  16:57:28        PAGE 20


SYMBOL TABLE
  LABEL                              TYPE        VALUE         VALUE          VALUE
                                                 (hex)         (dec)          (text)

_T0CON                            EXTERNAL      00000000              0
_T0CONbits                        EXTERNAL      00000000              0
_T1CON                            EXTERNAL      00000000              0
_T1CONbits                        EXTERNAL      00000000              0
_T2CON                            EXTERNAL      00000000              0
_T2CONbits                        EXTERNAL      00000000              0
_T3CON                            EXTERNAL      00000000              0
_T3CONbits                        EXTERNAL      00000000              0
_TABLAT                           EXTERNAL      00000000              0
_TBLPTR                           EXTERNAL      00000000              0
_TBLPTRH                          EXTERNAL      00000000              0
_TBLPTRL                          EXTERNAL      00000000              0
_TBLPTRU                          EXTERNAL      00000000              0
_TMR0                             EXTERNAL      00000000              0
_TMR0H                            EXTERNAL      00000000              0
_TMR0L                            EXTERNAL      00000000              0
_TMR1                             EXTERNAL      00000000              0
_TMR1H                            EXTERNAL      00000000              0
_TMR1L                            EXTERNAL      00000000              0
_TMR2                             EXTERNAL      00000000              0
_TMR3                             EXTERNAL      00000000              0
_TMR3H                            EXTERNAL      00000000              0
_TMR3L                            EXTERNAL      00000000              0
_TOS                              EXTERNAL      00000000              0
_TOSH                             EXTERNAL      00000000              0
_TOSL                             EXTERNAL      00000000              0
_TOSU                             EXTERNAL      00000000              0
_TRISA                            EXTERNAL      00000000              0
_TRISAbits                        EXTERNAL      00000000              0
_TRISB                            EXTERNAL      00000000              0
_TRISBbits                        EXTERNAL      00000000              0
_TRISC                            EXTERNAL      00000000              0
_TRISCbits                        EXTERNAL      00000000              0
_TXREG                            EXTERNAL      00000000              0
_TXSTA                            EXTERNAL      00000000              0
_TXSTAbits                        EXTERNAL      00000000              0
_UADDR                            EXTERNAL      00000000              0
_UADDRbits                        EXTERNAL      00000000              0
_UCFG                             EXTERNAL      00000000              0
_UCFGbits                         EXTERNAL      00000000              0
_UCON                             EXTERNAL      00000000              0
_UCONbits                         EXTERNAL      00000000              0
_UEIE                             EXTERNAL      00000000              0
_UEIEbits                         EXTERNAL      00000000              0
_UEIR                             EXTERNAL      00000000              0
_UEIRbits                         EXTERNAL      00000000              0
_UEP0                             EXTERNAL      00000000              0
_UEP0bits                         EXTERNAL      00000000              0
_UEP1                             EXTERNAL      00000000              0
_UEP1bits                         EXTERNAL      00000000              0
_UEP2                             EXTERNAL      00000000              0
_UEP2bits                         EXTERNAL      00000000              0
gpasm-1.5.2 #1319 (Sep 16 2019) build/default   27.11.2019  16:57:28        PAGE 21


SYMBOL TABLE
  LABEL                              TYPE        VALUE         VALUE          VALUE
                                                 (hex)         (dec)          (text)

_UEP3                             EXTERNAL      00000000              0
_UEP3bits                         EXTERNAL      00000000              0
_UEP4                             EXTERNAL      00000000              0
_UEP4bits                         EXTERNAL      00000000              0
_UEP5                             EXTERNAL      00000000              0
_UEP5bits                         EXTERNAL      00000000              0
_UEP6                             EXTERNAL      00000000              0
_UEP6bits                         EXTERNAL      00000000              0
_UEP7                             EXTERNAL      00000000              0
_UEP7bits                         EXTERNAL      00000000              0
_UEP8                             EXTERNAL      00000000              0
_UEP8bits                         EXTERNAL      00000000              0
_UEP9                             EXTERNAL      00000000              0
_UEP9bits                         EXTERNAL      00000000              0
_UEP10                            EXTERNAL      00000000              0
_UEP10bits                        EXTERNAL      00000000              0
_UEP11                            EXTERNAL      00000000              0
_UEP11bits                        EXTERNAL      00000000              0
_UEP12                            EXTERNAL      00000000              0
_UEP12bits                        EXTERNAL      00000000              0
_UEP13                            EXTERNAL      00000000              0
_UEP13bits                        EXTERNAL      00000000              0
_UEP14                            EXTERNAL      00000000              0
_UEP14bits                        EXTERNAL      00000000              0
_UEP15                            EXTERNAL      00000000              0
_UEP15bits                        EXTERNAL      00000000              0
_UFRM                             EXTERNAL      00000000              0
_UFRMH                            EXTERNAL      00000000              0
_UFRMHbits                        EXTERNAL      00000000              0
_UFRML                            EXTERNAL      00000000              0
_UFRMLbits                        EXTERNAL      00000000              0
_UIE                              EXTERNAL      00000000              0
_UIEbits                          EXTERNAL      00000000              0
_UIR                              EXTERNAL      00000000              0
_UIRbits                          EXTERNAL      00000000              0
_USTAT                            EXTERNAL      00000000              0
_USTATbits                        EXTERNAL      00000000              0
_WDTCON                           EXTERNAL      00000000              0
_WDTCONbits                       EXTERNAL      00000000              0
_WREG                             EXTERNAL      00000000              0
__16_BIT                          CONSTANT      00000001              1
__18F2550                         CONSTANT      00000001              1
__ACC_RAM_LOW_END                 CONSTANT      0000005F             95
__ACC_RAM_LOW_START               CONSTANT      00000000              0
__ACTIVE_BANK_ADDR                VARIABLE      FFFFFFFF             -1
__ASSUMED_BANK_ADDR               VARIABLE      FFFFFFFF             -1
__BANK_0                          CONSTANT      00000000              0
__BANK_1                          CONSTANT      00000100            256
__BANK_2                          CONSTANT      00000200            512
__BANK_3                          CONSTANT      00000300            768
__BANK_4                          CONSTANT      00000400           1024
__BANK_5                          CONSTANT      00000500           1280
gpasm-1.5.2 #1319 (Sep 16 2019) build/default   27.11.2019  16:57:28        PAGE 22


SYMBOL TABLE
  LABEL                              TYPE        VALUE         VALUE          VALUE
                                                 (hex)         (dec)          (text)

__BANK_6                          CONSTANT      00000600           1536
__BANK_7                          CONSTANT      00000700           1792
__BANK_8                          CONSTANT      00000800           2048
__BANK_9                          CONSTANT      00000900           2304
__BANK_10                         CONSTANT      00000A00           2560
__BANK_11                         CONSTANT      00000B00           2816
__BANK_12                         CONSTANT      00000C00           3072
__BANK_13                         CONSTANT      00000D00           3328
__BANK_14                         CONSTANT      00000E00           3584
__BANK_15                         CONSTANT      00000F00           3840
__BANK_BITS                       CONSTANT      00000F00           3840
__BANK_FIRST                      CONSTANT      00000000              0
__BANK_INV                        CONSTANT      FFFFFFFF             -1
__BANK_LAST                       CONSTANT      00000F00           3840
__BANK_MASK                       CONSTANT      000000FF            255
__BANK_SHIFT                      CONSTANT      00000008              8
__BANK_SIZE                       CONSTANT      00000100            256
__CODE_END                        CONSTANT      00007FFF          32767
__CODE_START                      CONSTANT      00000000              0
__COMMON_RAM_END                  CONSTANT      0000005F             95
__COMMON_RAM_START                CONSTANT      00000000              0
__CONFIG_END                      CONSTANT      0030000D        3145741
__CONFIG_START                    CONSTANT      00300000        3145728
__EEPROM_END                      CONSTANT      00F000FF       15728895
__EEPROM_START                    CONSTANT      00F00000       15728640
__EXTENDED                        CONSTANT      00000001              1
__GPUTILS_SVN_VERSION             CONSTANT      00000527           1319
__GPUTILS_VERSION_MAJOR           CONSTANT      00000001              1
__GPUTILS_VERSION_MICRO           CONSTANT      00000002              2
__GPUTILS_VERSION_MINOR           CONSTANT      00000005              5
__IDLOCS_END                      CONSTANT      00200007        2097159
__IDLOCS_START                    CONSTANT      00200000        2097152
__NUM_BANKS                       CONSTANT      00000010             16
__VECTOR_INT_HIGH                 CONSTANT      00000008              8
__VECTOR_INT_LOW                  CONSTANT      00000018             24
__VECTOR_RESET                    CONSTANT      00000000              0
__WHILE_LOOP_COUNT_MAX            CONSTANT      000000FF            255
___str_0                          ADDRESS       000000A2            162
___str_1                          ADDRESS       000000A4            164
___str_2                          ADDRESS       000000A8            168
___str_3                          ADDRESS       000000AC            172
___str_4                          ADDRESS       000000B0            176
___str_5                          ADDRESS       000000B4            180
___str_6                          ADDRESS       000000B8            184
___str_7                          ADDRESS       000000BC            188
___str_8                          ADDRESS       000000C0            192
___str_9                          ADDRESS       000000C4            196
___str_10                         ADDRESS       000000CA            202
___str_11                         ADDRESS       000000CE            206
__divuint                         EXTERNAL      00000000              0
__gptrget1                        EXTERNAL      00000000              0
__moduint                         EXTERNAL      00000000              0
gpasm-1.5.2 #1319 (Sep 16 2019) build/default   27.11.2019  16:57:28        PAGE 23


SYMBOL TABLE
  LABEL                              TYPE        VALUE         VALUE          VALUE
                                                 (hex)         (dec)          (text)

_buffer                           EXTERNAL      00000000              0
_format_number                    EXTERNAL      00000000              0
_lcd_gotoxy                       EXTERNAL      00000000              0
_lcd_put                          GLOBAL        00000000              0
_lcd_puts                         EXTERNAL      00000000              0
_lcd_send                         EXTERNAL      00000000              0
_logo_image                       EXTERNAL      00000000              0
_output_putch                     GLOBAL        00000000              0
_print_buffer                     GLOBAL        00000000              0
_print_digit                      GLOBAL        00000000              0
_print_indicator                  GLOBAL        00000000              0
_print_reading                    GLOBAL        00000000              0
_print_unit                       GLOBAL        00000000              0
_print_unit_units_65536_64        STATIC        00000000              0
_put_str                          GLOBAL        00000000              0
_rxfifo                           EXTERNAL      00000000              0
_rxiptr                           EXTERNAL      00000000              0
_rxoptr                           EXTERNAL      00000000              0
_ser_brg                          EXTERNAL      00000000              0
_ser_putch                        EXTERNAL      00000000              0
_ser_puts                         EXTERNAL      00000000              0
_ser_tmp                          EXTERNAL      00000000              0
_txfifo                           EXTERNAL      00000000              0
_txiptr                           EXTERNAL      00000000              0
_txoptr                           EXTERNAL      00000000              0
r0x00                             STATIC        00000000              0
r0x01                             STATIC        00000001              1
r0x02                             STATIC        00000002              2
r0x03                             STATIC        00000003              3
r0x04                             STATIC        00000004              4
r0x05                             STATIC        00000005              5
r0x06                             STATIC        00000006              6
r0x07                             STATIC        00000007              7

Errors   :     0
Warnings :     0 reported,     0 suppressed
Messages :     0 reported,     0 suppressed

