gpasm-1.5.0 #1285 (Jul 12 2020) obj/sdcc-18f2   11/12/23  13:12:39          PAGE  1


LOC    OBJECT CODE    LINE  SOURCE TEXT
  VALUE

                      00001 ;--------------------------------------------------------
                      00002 ; File Created by SDCC : free open source ANSI-C Compiler
                      00003 ; Version 4.2.0 #13081 (Linux)
                      00004 ;--------------------------------------------------------
                      00005 ; PIC16 port for the Microchip 16-bit core micros
                      00006 ;--------------------------------------------------------
                      00007         list    p=18f2550
                      00008         radix   dec
                      00009 
                      00010 
                      00011 ;--------------------------------------------------------
                      00012 ; public variables in this module
                      00013 ;--------------------------------------------------------
  0000                00014         global  _lcd_send
  0000                00015         global  _lcd_gotoxy
  0000                00016         global  _lcd_puts
  0000                00017         global  _lcd_putch
  0000                00018         global  _lcd_print_number
  0000                00019         global  _lcd_home
  0000                00020         global  _lcd_clear
  0000                00021         global  _lcd_display
  0000                00022         global  _lcd_no_cursor
  0000                00023         global  _lcd_cursor
  0000                00024         global  _lcd_blink
  0000                00025         global  _lcd_left_to_right
  0000                00026         global  _lcd_autoscroll
  0000                00027         global  _lcd_begin
  0000                00028         global  _lcd_init
                      00029 
                      00030 ;--------------------------------------------------------
                      00031 ; extern variables in this module
                      00032 ;--------------------------------------------------------
  0000                00033         extern  __gptrget1
  0000                00034         extern  _dvar
  0000                00035         extern  _UFRMLbits
  0000                00036         extern  _UFRMHbits
  0000                00037         extern  _UIRbits
  0000                00038         extern  _UIEbits
  0000                00039         extern  _UEIRbits
  0000                00040         extern  _UEIEbits
  0000                00041         extern  _USTATbits
  0000                00042         extern  _UCONbits
  0000                00043         extern  _UADDRbits
  0000                00044         extern  _UCFGbits
  0000                00045         extern  _UEP0bits
  0000                00046         extern  _UEP1bits
  0000                00047         extern  _UEP2bits
  0000                00048         extern  _UEP3bits
  0000                00049         extern  _UEP4bits
  0000                00050         extern  _UEP5bits
  0000                00051         extern  _UEP6bits
  0000                00052         extern  _UEP7bits
  0000                00053         extern  _UEP8bits
gpasm-1.5.0 #1285 (Jul 12 2020) obj/sdcc-18f2   11/12/23  13:12:39          PAGE  2


LOC    OBJECT CODE    LINE  SOURCE TEXT
  VALUE

  0000                00054         extern  _UEP9bits
  0000                00055         extern  _UEP10bits
  0000                00056         extern  _UEP11bits
  0000                00057         extern  _UEP12bits
  0000                00058         extern  _UEP13bits
  0000                00059         extern  _UEP14bits
  0000                00060         extern  _UEP15bits
  0000                00061         extern  _PORTAbits
  0000                00062         extern  _PORTBbits
  0000                00063         extern  _PORTCbits
  0000                00064         extern  _PORTEbits
  0000                00065         extern  _LATAbits
  0000                00066         extern  _LATBbits
  0000                00067         extern  _LATCbits
  0000                00068         extern  _DDRAbits
  0000                00069         extern  _TRISAbits
  0000                00070         extern  _DDRBbits
  0000                00071         extern  _TRISBbits
  0000                00072         extern  _DDRCbits
  0000                00073         extern  _TRISCbits
  0000                00074         extern  _OSCTUNEbits
  0000                00075         extern  _PIE1bits
  0000                00076         extern  _PIR1bits
  0000                00077         extern  _IPR1bits
  0000                00078         extern  _PIE2bits
  0000                00079         extern  _PIR2bits
  0000                00080         extern  _IPR2bits
  0000                00081         extern  _EECON1bits
  0000                00082         extern  _RCSTAbits
  0000                00083         extern  _TXSTAbits
  0000                00084         extern  _T3CONbits
  0000                00085         extern  _CMCONbits
  0000                00086         extern  _CVRCONbits
  0000                00087         extern  _CCP1ASbits
  0000                00088         extern  _ECCP1ASbits
  0000                00089         extern  _CCP1DELbits
  0000                00090         extern  _ECCP1DELbits
  0000                00091         extern  _BAUDCONbits
  0000                00092         extern  _BAUDCTLbits
  0000                00093         extern  _CCP2CONbits
  0000                00094         extern  _CCP1CONbits
  0000                00095         extern  _ADCON2bits
  0000                00096         extern  _ADCON1bits
  0000                00097         extern  _ADCON0bits
  0000                00098         extern  _SSPCON2bits
  0000                00099         extern  _SSPCON1bits
  0000                00100         extern  _SSPSTATbits
  0000                00101         extern  _T2CONbits
  0000                00102         extern  _T1CONbits
  0000                00103         extern  _RCONbits
  0000                00104         extern  _WDTCONbits
  0000                00105         extern  _HLVDCONbits
  0000                00106         extern  _LVDCONbits
gpasm-1.5.0 #1285 (Jul 12 2020) obj/sdcc-18f2   11/12/23  13:12:39          PAGE  3


LOC    OBJECT CODE    LINE  SOURCE TEXT
  VALUE

  0000                00107         extern  _OSCCONbits
  0000                00108         extern  _T0CONbits
  0000                00109         extern  _STATUSbits
  0000                00110         extern  _INTCON3bits
  0000                00111         extern  _INTCON2bits
  0000                00112         extern  _INTCONbits
  0000                00113         extern  _STKPTRbits
  0000                00114         extern  _stdin
  0000                00115         extern  _stdout
  0000                00116         extern  _UFRM
  0000                00117         extern  _UFRML
  0000                00118         extern  _UFRMH
  0000                00119         extern  _UIR
  0000                00120         extern  _UIE
  0000                00121         extern  _UEIR
  0000                00122         extern  _UEIE
  0000                00123         extern  _USTAT
  0000                00124         extern  _UCON
  0000                00125         extern  _UADDR
  0000                00126         extern  _UCFG
  0000                00127         extern  _UEP0
  0000                00128         extern  _UEP1
  0000                00129         extern  _UEP2
  0000                00130         extern  _UEP3
  0000                00131         extern  _UEP4
  0000                00132         extern  _UEP5
  0000                00133         extern  _UEP6
  0000                00134         extern  _UEP7
  0000                00135         extern  _UEP8
  0000                00136         extern  _UEP9
  0000                00137         extern  _UEP10
  0000                00138         extern  _UEP11
  0000                00139         extern  _UEP12
  0000                00140         extern  _UEP13
  0000                00141         extern  _UEP14
  0000                00142         extern  _UEP15
  0000                00143         extern  _PORTA
  0000                00144         extern  _PORTB
  0000                00145         extern  _PORTC
  0000                00146         extern  _PORTE
  0000                00147         extern  _LATA
  0000                00148         extern  _LATB
  0000                00149         extern  _LATC
  0000                00150         extern  _DDRA
  0000                00151         extern  _TRISA
  0000                00152         extern  _DDRB
  0000                00153         extern  _TRISB
  0000                00154         extern  _DDRC
  0000                00155         extern  _TRISC
  0000                00156         extern  _OSCTUNE
  0000                00157         extern  _PIE1
  0000                00158         extern  _PIR1
  0000                00159         extern  _IPR1
gpasm-1.5.0 #1285 (Jul 12 2020) obj/sdcc-18f2   11/12/23  13:12:39          PAGE  4


LOC    OBJECT CODE    LINE  SOURCE TEXT
  VALUE

  0000                00160         extern  _PIE2
  0000                00161         extern  _PIR2
  0000                00162         extern  _IPR2
  0000                00163         extern  _EECON1
  0000                00164         extern  _EECON2
  0000                00165         extern  _EEDATA
  0000                00166         extern  _EEADR
  0000                00167         extern  _RCSTA
  0000                00168         extern  _TXSTA
  0000                00169         extern  _TXREG
  0000                00170         extern  _RCREG
  0000                00171         extern  _SPBRG
  0000                00172         extern  _SPBRGH
  0000                00173         extern  _T3CON
  0000                00174         extern  _TMR3
  0000                00175         extern  _TMR3L
  0000                00176         extern  _TMR3H
  0000                00177         extern  _CMCON
  0000                00178         extern  _CVRCON
  0000                00179         extern  _CCP1AS
  0000                00180         extern  _ECCP1AS
  0000                00181         extern  _CCP1DEL
  0000                00182         extern  _ECCP1DEL
  0000                00183         extern  _BAUDCON
  0000                00184         extern  _BAUDCTL
  0000                00185         extern  _CCP2CON
  0000                00186         extern  _CCPR2
  0000                00187         extern  _CCPR2L
  0000                00188         extern  _CCPR2H
  0000                00189         extern  _CCP1CON
  0000                00190         extern  _CCPR1
  0000                00191         extern  _CCPR1L
  0000                00192         extern  _CCPR1H
  0000                00193         extern  _ADCON2
  0000                00194         extern  _ADCON1
  0000                00195         extern  _ADCON0
  0000                00196         extern  _ADRES
  0000                00197         extern  _ADRESL
  0000                00198         extern  _ADRESH
  0000                00199         extern  _SSPCON2
  0000                00200         extern  _SSPCON1
  0000                00201         extern  _SSPSTAT
  0000                00202         extern  _SSPADD
  0000                00203         extern  _SSPBUF
  0000                00204         extern  _T2CON
  0000                00205         extern  _PR2
  0000                00206         extern  _TMR2
  0000                00207         extern  _T1CON
  0000                00208         extern  _TMR1
  0000                00209         extern  _TMR1L
  0000                00210         extern  _TMR1H
  0000                00211         extern  _RCON
  0000                00212         extern  _WDTCON
gpasm-1.5.0 #1285 (Jul 12 2020) obj/sdcc-18f2   11/12/23  13:12:39          PAGE  5


LOC    OBJECT CODE    LINE  SOURCE TEXT
  VALUE

  0000                00213         extern  _HLVDCON
  0000                00214         extern  _LVDCON
  0000                00215         extern  _OSCCON
  0000                00216         extern  _T0CON
  0000                00217         extern  _TMR0
  0000                00218         extern  _TMR0L
  0000                00219         extern  _TMR0H
  0000                00220         extern  _STATUS
  0000                00221         extern  _FSR2L
  0000                00222         extern  _FSR2H
  0000                00223         extern  _PLUSW2
  0000                00224         extern  _PREINC2
  0000                00225         extern  _POSTDEC2
  0000                00226         extern  _POSTINC2
  0000                00227         extern  _INDF2
  0000                00228         extern  _BSR
  0000                00229         extern  _FSR1L
  0000                00230         extern  _FSR1H
  0000                00231         extern  _PLUSW1
  0000                00232         extern  _PREINC1
  0000                00233         extern  _POSTDEC1
  0000                00234         extern  _POSTINC1
  0000                00235         extern  _INDF1
  0000                00236         extern  _WREG
  0000                00237         extern  _FSR0L
  0000                00238         extern  _FSR0H
  0000                00239         extern  _PLUSW0
  0000                00240         extern  _PREINC0
  0000                00241         extern  _POSTDEC0
  0000                00242         extern  _POSTINC0
  0000                00243         extern  _INDF0
  0000                00244         extern  _INTCON3
  0000                00245         extern  _INTCON2
  0000                00246         extern  _INTCON
  0000                00247         extern  _PROD
  0000                00248         extern  _PRODL
  0000                00249         extern  _PRODH
  0000                00250         extern  _TABLAT
  0000                00251         extern  _TBLPTR
  0000                00252         extern  _TBLPTRL
  0000                00253         extern  _TBLPTRH
  0000                00254         extern  _TBLPTRU
  0000                00255         extern  _PC
  0000                00256         extern  _PCL
  0000                00257         extern  _PCLATH
  0000                00258         extern  _PCLATU
  0000                00259         extern  _STKPTR
  0000                00260         extern  _TOS
  0000                00261         extern  _TOSL
  0000                00262         extern  _TOSH
  0000                00263         extern  _TOSU
  0000                00264         extern  _delay_ms
  0000                00265         extern  _delay_us
gpasm-1.5.0 #1285 (Jul 12 2020) obj/sdcc-18f2   11/12/23  13:12:39          PAGE  6


LOC    OBJECT CODE    LINE  SOURCE TEXT
  VALUE

  0000                00266         extern  __moduint
  0000                00267         extern  __divuint
                      00268 
                      00269 ;--------------------------------------------------------
                      00270 ;       Equates to used internal registers
                      00271 ;--------------------------------------------------------
  00000FD8            00272 STATUS  equ     0xfd8
  00000FE8            00273 WREG    equ     0xfe8
  00000FE9            00274 FSR0L   equ     0xfe9
  00000FEA            00275 FSR0H   equ     0xfea
  00000FE1            00276 FSR1L   equ     0xfe1
  00000FD9            00277 FSR2L   equ     0xfd9
  00000FEF            00278 INDF0   equ     0xfef
  00000FE6            00279 POSTINC1        equ     0xfe6
  00000FE5            00280 POSTDEC1        equ     0xfe5
  00000FE4            00281 PREINC1 equ     0xfe4
  00000FDB            00282 PLUSW2  equ     0xfdb
  00000FF3            00283 PRODL   equ     0xff3
                      00284 
                      00285 
                      00286 ; Internal registers
                      00287 .registers      udata_ovr       0x0000
000000                00288 r0x00   res     1
000001                00289 r0x01   res     1
000002                00290 r0x02   res     1
000003                00291 r0x03   res     1
000004                00292 r0x04   res     1
000005                00293 r0x05   res     1
000006                00294 r0x06   res     1
000007                00295 r0x07   res     1
000008                00296 r0x08   res     1
000009                00297 r0x09   res     1
00000A                00298 r0x0a   res     1
00000B                00299 r0x0b   res     1
                      00300 
                      00301 udata_lcd44780_0        udata
000000                00302 _LCD_function   res     1
                      00303 
                      00304 udata_lcd44780_1        udata
000000                00305 _LCD_ctrl       res     1
                      00306 
                      00307 udata_lcd44780_2        udata
000000                00308 _LCD_mode       res     1
                      00309 
                      00310 udata_lcd44780_3        udata
000000                00311 _LCD_lines      res     1
                      00312 
                      00313 udata_lcd44780_4        udata
000000                00314 _lcd_gotoxy_row_offsets_65536_47        res     4
                      00315 
                      00316 udata_lcd44780_5        udata
000000                00317 _lcd_print_number_buf_65536_55  res     32
                      00318 
gpasm-1.5.0 #1285 (Jul 12 2020) obj/sdcc-18f2   11/12/23  13:12:39          PAGE  7


LOC    OBJECT CODE    LINE  SOURCE TEXT
  VALUE

                      00319 ;--------------------------------------------------------
                      00320 ; global & static initialisations
                      00321 ;--------------------------------------------------------
                      00322 ; I code from now on!
                      00323 ; ; Starting pCode block
                      00324 S_lcd44780__lcd_init    code
000000                00325 _lcd_init:
                      00326 ;       .line   489; lib/lcd44780.c     lcd_init(char fourbitmode) {
000000 CFD9 FFE5      00327         MOVFF   FSR2L, POSTDEC1
000004 CFE1 FFD9      00328         MOVFF   FSR1L, FSR2L
000008 C??? F???      00329         MOVFF   r0x00, POSTDEC1
00000C C??? F???      00330         MOVFF   r0x01, POSTDEC1
000010 0E02           00331         MOVLW   0x02
000012 CFDB F000      00332         MOVFF   PLUSW2, r0x00
000016 010?           00333         BANKSEL _LCD_ctrl
                      00334 ;       .line   491; lib/lcd44780.c     LCD_ctrl = 0;
000018 6B??           00335         CLRF    _LCD_ctrl, B
                      00336 ;       .line   492; lib/lcd44780.c     LCD_function = (fourbitmode ? LCD_4BITMODE : LCD_8BITMODE);
00001A 50??           00337         MOVF    r0x00, W
00001C E0??           00338         BZ      _00288_DS_
00001E 6A??           00339         CLRF    r0x00
000020 6A??           00340         CLRF    r0x01
000022 D???           00341         BRA     _00289_DS_
000024                00342 _00288_DS_:
000024 0E10           00343         MOVLW   0x10
000026 6E??           00344         MOVWF   r0x00
000028 6A??           00345         CLRF    r0x01
00002A                00346 _00289_DS_:
00002A 50??           00347         MOVF    r0x00, W
00002C 010?           00348         BANKSEL _LCD_function
00002E 6F??           00349         MOVWF   _LCD_function, B
000030 010?           00350         BANKSEL _LCD_lines
                      00351 ;       .line   494; lib/lcd44780.c     LCD_lines = 0;
000032 6B??           00352         CLRF    _LCD_lines, B
000034 010?           00353         BANKSEL _LCD_mode
                      00354 ;       .line   496; lib/lcd44780.c     LCD_mode = 0;
000036 6B??           00355         CLRF    _LCD_mode, B
                      00356 ;       .line   498; lib/lcd44780.c     RS_TRIS();
000038 94??           00357         BCF     _TRISB, 2
                      00358 ;       .line   499; lib/lcd44780.c     RS_LOW();
00003A 94??           00359         BCF     _LATB, 2
                      00360 ;       .line   504; lib/lcd44780.c     EN_TRIS();
00003C 96??           00361         BCF     _TRISB, 3
                      00362 ;       .line   505; lib/lcd44780.c     EN_LOW();
00003E 96??           00363         BCF     _LATB, 3
                      00364 ;       .line   507; lib/lcd44780.c     DATA_TRIS();
000040 0E0F           00365         MOVLW   0x0f
000042 16??           00366         ANDWF   _LATB, F
                      00367 ;       .line   517; lib/lcd44780.c     }
000044 CFE4 F000      00368         MOVFF   PREINC1, r0x01
000048 CFE4 F000      00369         MOVFF   PREINC1, r0x00
00004C CFE4 FFD9      00370         MOVFF   PREINC1, FSR2L
000050 0012           00371         RETURN  
gpasm-1.5.0 #1285 (Jul 12 2020) obj/sdcc-18f2   11/12/23  13:12:39          PAGE  8


LOC    OBJECT CODE    LINE  SOURCE TEXT
  VALUE

                      00372 
                      00373 ; ; Starting pCode block
                      00374 S_lcd44780__lcd_begin   code
000000                00375 _lcd_begin:
                      00376 ;       .line   416; lib/lcd44780.c     lcd_begin(uint8_t lines, uint8_t dotsize) {
000000 CFD9 FFE5      00377         MOVFF   FSR2L, POSTDEC1
000004 CFE1 FFD9      00378         MOVFF   FSR1L, FSR2L
000008 C??? F???      00379         MOVFF   r0x00, POSTDEC1
00000C C??? F???      00380         MOVFF   r0x01, POSTDEC1
000010 0E02           00381         MOVLW   0x02
000012 CFDB F000      00382         MOVFF   PLUSW2, r0x00
000016 0E03           00383         MOVLW   0x03
000018 CFDB F000      00384         MOVFF   PLUSW2, r0x01
                      00385 ;       .line   417; lib/lcd44780.c     if(lines > 1)
00001C 0E02           00386         MOVLW   0x02
00001E 5C??           00387         SUBWF   r0x00, W
000020 E3??           00388         BNC     _00249_DS_
000022 010?           00389         BANKSEL _LCD_function
                      00390 ;       .line   418; lib/lcd44780.c     LCD_function |= LCD_2LINE;
000024 87??           00391         BSF     _LCD_function, 3, B
000026                00392 _00249_DS_:
                      00393 ;       .line   421; lib/lcd44780.c     LCD_lines = lines;
000026 C??? F???      00394         MOVFF   r0x00, _LCD_lines
                      00395 ;       .line   425; lib/lcd44780.c     if((dotsize != 0) && (lines == 1))
00002A 50??           00396         MOVF    r0x01, W
00002C E0??           00397         BZ      _00251_DS_
00002E 50??           00398         MOVF    r0x00, W
000030 0A01           00399         XORLW   0x01
000032 E1??           00400         BNZ     _00251_DS_
000034                00401 _00277_DS_:
000034 010?           00402         BANKSEL _LCD_function
                      00403 ;       .line   426; lib/lcd44780.c     LCD_function |= LCD_5x10DOTS;
000036 85??           00404         BSF     _LCD_function, 2, B
000038                00405 _00251_DS_:
                      00406 ;       .line   428; lib/lcd44780.c     delay_ms(15); // Wait more than 15 ms after VDD rises to 4.5V
000038 0E00           00407         MOVLW   0x00
00003A 6EE5           00408         MOVWF   POSTDEC1
00003C 0E0F           00409         MOVLW   0x0f
00003E 6EE5           00410         MOVWF   POSTDEC1
000040 EC?? F0??      00411         CALL    _delay_ms
000044 52E6           00412         MOVF    POSTINC1, F
000046 52E6           00413         MOVF    POSTINC1, F
                      00414 ;       .line   431; lib/lcd44780.c     RS_LOW();
000048 94??           00415         BCF     _LATB, 2
                      00416 ;       .line   432; lib/lcd44780.c     EN_LOW();
00004A 96??           00417         BCF     _LATB, 3
                      00418 ;       .line   435; lib/lcd44780.c     if(!(LCD_function & LCD_8BITMODE)) {
00004C C??? F???      00419         MOVFF   _LCD_function, r0x00
000050 B8??           00420         BTFSC   r0x00, 4
000052 D???           00421         BRA     _00254_DS_
                      00422 ;       .line   439; lib/lcd44780.c     lcd_write4bits(0x03);
000054 0E03           00423         MOVLW   0x03
000056 6EE5           00424         MOVWF   POSTDEC1
gpasm-1.5.0 #1285 (Jul 12 2020) obj/sdcc-18f2   11/12/23  13:12:39          PAGE  9


LOC    OBJECT CODE    LINE  SOURCE TEXT
  VALUE

000058 EC?? F0??      00425         CALL    _lcd_write4bits
00005C 52E6           00426         MOVF    POSTINC1, F
                      00427 ;       .line   440; lib/lcd44780.c     delay_ms(5); // Wait for more than 4.1 ms
00005E 0E00           00428         MOVLW   0x00
000060 6EE5           00429         MOVWF   POSTDEC1
000062 0E05           00430         MOVLW   0x05
000064 6EE5           00431         MOVWF   POSTDEC1
000066 EC?? F0??      00432         CALL    _delay_ms
00006A 52E6           00433         MOVF    POSTINC1, F
00006C 52E6           00434         MOVF    POSTINC1, F
                      00435 ;       .line   442; lib/lcd44780.c     lcd_write4bits(0x03);
00006E 0E03           00436         MOVLW   0x03
000070 6EE5           00437         MOVWF   POSTDEC1
000072 EC?? F0??      00438         CALL    _lcd_write4bits
000076 52E6           00439         MOVF    POSTINC1, F
                      00440 ;       .line   443; lib/lcd44780.c     delay_us(150); // Wait more than 100 μs
000078 0E96           00441         MOVLW   0x96
00007A 6EE5           00442         MOVWF   POSTDEC1
00007C EC?? F0??      00443         CALL    _delay_us
000080 52E6           00444         MOVF    POSTINC1, F
                      00445 ;       .line   445; lib/lcd44780.c     lcd_write4bits(0x03);
000082 0E03           00446         MOVLW   0x03
000084 6EE5           00447         MOVWF   POSTDEC1
000086 EC?? F0??      00448         CALL    _lcd_write4bits
00008A 52E6           00449         MOVF    POSTINC1, F
                      00450 ;       .line   446; lib/lcd44780.c     delay_us(150); // Wait more than 100 μs
00008C 0E96           00451         MOVLW   0x96
00008E 6EE5           00452         MOVWF   POSTDEC1
000090 EC?? F0??      00453         CALL    _delay_us
000094 52E6           00454         MOVF    POSTINC1, F
                      00455 ;       .line   448; lib/lcd44780.c     lcd_write4bits(0x02);
000096 0E02           00456         MOVLW   0x02
000098 6EE5           00457         MOVWF   POSTDEC1
00009A EC?? F0??      00458         CALL    _lcd_write4bits
00009E 52E6           00459         MOVF    POSTINC1, F
0000A0 D???           00460         BRA     _00255_DS_
0000A2                00461 _00254_DS_:
                      00462 ;       .line   455; lib/lcd44780.c     lcd_command(LCD_FUNCTIONSET | LCD_function);
0000A2 0E20           00463         MOVLW   0x20
0000A4 010?           00464         BANKSEL _LCD_function
0000A6 11??           00465         IORWF   _LCD_function, W, B
0000A8 6E??           00466         MOVWF   r0x00
0000AA 50??           00467         MOVF    r0x00, W
0000AC 6EE5           00468         MOVWF   POSTDEC1
0000AE EC?? F0??      00469         CALL    _lcd_command
0000B2 52E6           00470         MOVF    POSTINC1, F
                      00471 ;       .line   456; lib/lcd44780.c     delay_ms(5); // Wait for more than 4.1 ms
0000B4 0E00           00472         MOVLW   0x00
0000B6 6EE5           00473         MOVWF   POSTDEC1
0000B8 0E05           00474         MOVLW   0x05
0000BA 6EE5           00475         MOVWF   POSTDEC1
0000BC EC?? F0??      00476         CALL    _delay_ms
0000C0 52E6           00477         MOVF    POSTINC1, F
gpasm-1.5.0 #1285 (Jul 12 2020) obj/sdcc-18f2   11/12/23  13:12:39          PAGE 10


LOC    OBJECT CODE    LINE  SOURCE TEXT
  VALUE

0000C2 52E6           00478         MOVF    POSTINC1, F
                      00479 ;       .line   459; lib/lcd44780.c     lcd_command(LCD_FUNCTIONSET | LCD_function);
0000C4 0E20           00480         MOVLW   0x20
0000C6 010?           00481         BANKSEL _LCD_function
0000C8 11??           00482         IORWF   _LCD_function, W, B
0000CA 6E??           00483         MOVWF   r0x00
0000CC 50??           00484         MOVF    r0x00, W
0000CE 6EE5           00485         MOVWF   POSTDEC1
0000D0 EC?? F0??      00486         CALL    _lcd_command
0000D4 52E6           00487         MOVF    POSTINC1, F
                      00488 ;       .line   460; lib/lcd44780.c     delay_ms(5); // Wait for more than 4.1 ms
0000D6 0E00           00489         MOVLW   0x00
0000D8 6EE5           00490         MOVWF   POSTDEC1
0000DA 0E05           00491         MOVLW   0x05
0000DC 6EE5           00492         MOVWF   POSTDEC1
0000DE EC?? F0??      00493         CALL    _delay_ms
0000E2 52E6           00494         MOVF    POSTINC1, F
0000E4 52E6           00495         MOVF    POSTINC1, F
                      00496 ;       .line   464; lib/lcd44780.c     lcd_command(LCD_FUNCTIONSET | LCD_function);
0000E6 0E20           00497         MOVLW   0x20
0000E8 010?           00498         BANKSEL _LCD_function
0000EA 11??           00499         IORWF   _LCD_function, W, B
0000EC 6E??           00500         MOVWF   r0x00
0000EE 50??           00501         MOVF    r0x00, W
0000F0 6EE5           00502         MOVWF   POSTDEC1
0000F2 EC?? F0??      00503         CALL    _lcd_command
0000F6 52E6           00504         MOVF    POSTINC1, F
0000F8                00505 _00255_DS_:
                      00506 ;       .line   468; lib/lcd44780.c     lcd_command(LCD_FUNCTIONSET | LCD_function);
0000F8 0E20           00507         MOVLW   0x20
0000FA 010?           00508         BANKSEL _LCD_function
0000FC 11??           00509         IORWF   _LCD_function, W, B
0000FE 6E??           00510         MOVWF   r0x00
000100 50??           00511         MOVF    r0x00, W
000102 6EE5           00512         MOVWF   POSTDEC1
000104 EC?? F0??      00513         CALL    _lcd_command
000108 52E6           00514         MOVF    POSTINC1, F
                      00515 ;       .line   471; lib/lcd44780.c     LCD_ctrl = LCD_DISPLAYON | LCD_CURSOROFF | LCD_BLINKOFF;
00010A 0E04           00516         MOVLW   0x04
00010C 010?           00517         BANKSEL _LCD_ctrl
00010E 6F??           00518         MOVWF   _LCD_ctrl, B
                      00519 ;       .line   472; lib/lcd44780.c     lcd_command(LCD_DISPLAYCONTROL | LCD_ctrl);
000110 0E0C           00520         MOVLW   0x0c
000112 6EE5           00521         MOVWF   POSTDEC1
000114 EC?? F0??      00522         CALL    _lcd_command
000118 52E6           00523         MOVF    POSTINC1, F
                      00524 ;       .line   475; lib/lcd44780.c     lcd_command(LCD_CLEARDISPLAY); // clear display, set cursor posi
                            tion to zero
00011A 0E01           00525         MOVLW   0x01
00011C 6EE5           00526         MOVWF   POSTDEC1
00011E EC?? F0??      00527         CALL    _lcd_command
000122 52E6           00528         MOVF    POSTINC1, F
                      00529 ;       .line   476; lib/lcd44780.c     delay_ms(2);
gpasm-1.5.0 #1285 (Jul 12 2020) obj/sdcc-18f2   11/12/23  13:12:39          PAGE 11


LOC    OBJECT CODE    LINE  SOURCE TEXT
  VALUE

000124 0E00           00530         MOVLW   0x00
000126 6EE5           00531         MOVWF   POSTDEC1
000128 0E02           00532         MOVLW   0x02
00012A 6EE5           00533         MOVWF   POSTDEC1
00012C EC?? F0??      00534         CALL    _delay_ms
000130 52E6           00535         MOVF    POSTINC1, F
000132 52E6           00536         MOVF    POSTINC1, F
                      00537 ;       .line   479; lib/lcd44780.c     LCD_mode = LCD_ENTRYLEFT | LCD_ENTRYSHIFTDECREMENT;
000134 0E02           00538         MOVLW   0x02
000136 010?           00539         BANKSEL _LCD_mode
000138 6F??           00540         MOVWF   _LCD_mode, B
                      00541 ;       .line   481; lib/lcd44780.c     lcd_command(LCD_ENTRYMODESET | LCD_mode);
00013A 0E06           00542         MOVLW   0x06
00013C 6EE5           00543         MOVWF   POSTDEC1
00013E EC?? F0??      00544         CALL    _lcd_command
000142 52E6           00545         MOVF    POSTINC1, F
                      00546 ;       .line   482; lib/lcd44780.c     }
000144 CFE4 F000      00547         MOVFF   PREINC1, r0x01
000148 CFE4 F000      00548         MOVFF   PREINC1, r0x00
00014C CFE4 FFD9      00549         MOVFF   PREINC1, FSR2L
000150 0012           00550         RETURN  
                      00551 
                      00552 ; ; Starting pCode block
                      00553 S_lcd44780__lcd_autoscroll      code
000000                00554 _lcd_autoscroll:
                      00555 ;       .line   397; lib/lcd44780.c     lcd_autoscroll(void) {
000000 CFD9 FFE5      00556         MOVFF   FSR2L, POSTDEC1
000004 CFE1 FFD9      00557         MOVFF   FSR1L, FSR2L
000008 C??? F???      00558         MOVFF   r0x00, POSTDEC1
00000C 010?           00559         BANKSEL _LCD_mode
                      00560 ;       .line   398; lib/lcd44780.c     LCD_mode |= LCD_ENTRYSHIFTINCREMENT;
00000E 81??           00561         BSF     _LCD_mode, 0, B
                      00562 ;       .line   399; lib/lcd44780.c     lcd_command(LCD_ENTRYMODESET | LCD_mode);
000010 0E04           00563         MOVLW   0x04
000012 010?           00564         BANKSEL _LCD_mode
000014 11??           00565         IORWF   _LCD_mode, W, B
000016 6E??           00566         MOVWF   r0x00
000018 50??           00567         MOVF    r0x00, W
00001A 6EE5           00568         MOVWF   POSTDEC1
00001C EC?? F0??      00569         CALL    _lcd_command
000020 52E6           00570         MOVF    POSTINC1, F
                      00571 ;       .line   400; lib/lcd44780.c     }
000022 CFE4 F000      00572         MOVFF   PREINC1, r0x00
000026 CFE4 FFD9      00573         MOVFF   PREINC1, FSR2L
00002A 0012           00574         RETURN  
                      00575 
                      00576 ; ; Starting pCode block
                      00577 S_lcd44780__lcd_left_to_right   code
000000                00578 _lcd_left_to_right:
                      00579 ;       .line   377; lib/lcd44780.c     lcd_left_to_right(void) {
000000 CFD9 FFE5      00580         MOVFF   FSR2L, POSTDEC1
000004 CFE1 FFD9      00581         MOVFF   FSR1L, FSR2L
000008 C??? F???      00582         MOVFF   r0x00, POSTDEC1
gpasm-1.5.0 #1285 (Jul 12 2020) obj/sdcc-18f2   11/12/23  13:12:39          PAGE 12


LOC    OBJECT CODE    LINE  SOURCE TEXT
  VALUE

00000C 010?           00583         BANKSEL _LCD_mode
                      00584 ;       .line   378; lib/lcd44780.c     LCD_mode |= LCD_ENTRYLEFT;
00000E 83??           00585         BSF     _LCD_mode, 1, B
                      00586 ;       .line   379; lib/lcd44780.c     lcd_command(LCD_ENTRYMODESET | LCD_mode);
000010 0E04           00587         MOVLW   0x04
000012 010?           00588         BANKSEL _LCD_mode
000014 11??           00589         IORWF   _LCD_mode, W, B
000016 6E??           00590         MOVWF   r0x00
000018 50??           00591         MOVF    r0x00, W
00001A 6EE5           00592         MOVWF   POSTDEC1
00001C EC?? F0??      00593         CALL    _lcd_command
000020 52E6           00594         MOVF    POSTINC1, F
                      00595 ;       .line   380; lib/lcd44780.c     }
000022 CFE4 F000      00596         MOVFF   PREINC1, r0x00
000026 CFE4 FFD9      00597         MOVFF   PREINC1, FSR2L
00002A 0012           00598         RETURN  
                      00599 
                      00600 ; ; Starting pCode block
                      00601 S_lcd44780__lcd_blink   code
000000                00602 _lcd_blink:
                      00603 ;       .line   350; lib/lcd44780.c     lcd_blink() {
000000 CFD9 FFE5      00604         MOVFF   FSR2L, POSTDEC1
000004 CFE1 FFD9      00605         MOVFF   FSR1L, FSR2L
000008 C??? F???      00606         MOVFF   r0x00, POSTDEC1
00000C 010?           00607         BANKSEL _LCD_ctrl
                      00608 ;       .line   351; lib/lcd44780.c     LCD_ctrl |= LCD_BLINKON;
00000E 81??           00609         BSF     _LCD_ctrl, 0, B
                      00610 ;       .line   352; lib/lcd44780.c     lcd_command(LCD_DISPLAYCONTROL | LCD_ctrl);
000010 0E08           00611         MOVLW   0x08
000012 010?           00612         BANKSEL _LCD_ctrl
000014 11??           00613         IORWF   _LCD_ctrl, W, B
000016 6E??           00614         MOVWF   r0x00
000018 50??           00615         MOVF    r0x00, W
00001A 6EE5           00616         MOVWF   POSTDEC1
00001C EC?? F0??      00617         CALL    _lcd_command
000020 52E6           00618         MOVF    POSTINC1, F
                      00619 ;       .line   353; lib/lcd44780.c     }
000022 CFE4 F000      00620         MOVFF   PREINC1, r0x00
000026 CFE4 FFD9      00621         MOVFF   PREINC1, FSR2L
00002A 0012           00622         RETURN  
                      00623 
                      00624 ; ; Starting pCode block
                      00625 S_lcd44780__lcd_cursor  code
000000                00626 _lcd_cursor:
                      00627 ;       .line   331; lib/lcd44780.c     lcd_cursor() {
000000 CFD9 FFE5      00628         MOVFF   FSR2L, POSTDEC1
000004 CFE1 FFD9      00629         MOVFF   FSR1L, FSR2L
000008 C??? F???      00630         MOVFF   r0x00, POSTDEC1
00000C 010?           00631         BANKSEL _LCD_ctrl
                      00632 ;       .line   332; lib/lcd44780.c     LCD_ctrl |= LCD_CURSORON;
00000E 83??           00633         BSF     _LCD_ctrl, 1, B
                      00634 ;       .line   333; lib/lcd44780.c     lcd_command(LCD_DISPLAYCONTROL | LCD_ctrl);
000010 0E08           00635         MOVLW   0x08
gpasm-1.5.0 #1285 (Jul 12 2020) obj/sdcc-18f2   11/12/23  13:12:39          PAGE 13


LOC    OBJECT CODE    LINE  SOURCE TEXT
  VALUE

000012 010?           00636         BANKSEL _LCD_ctrl
000014 11??           00637         IORWF   _LCD_ctrl, W, B
000016 6E??           00638         MOVWF   r0x00
000018 50??           00639         MOVF    r0x00, W
00001A 6EE5           00640         MOVWF   POSTDEC1
00001C EC?? F0??      00641         CALL    _lcd_command
000020 52E6           00642         MOVF    POSTINC1, F
                      00643 ;       .line   334; lib/lcd44780.c     }
000022 CFE4 F000      00644         MOVFF   PREINC1, r0x00
000026 CFE4 FFD9      00645         MOVFF   PREINC1, FSR2L
00002A 0012           00646         RETURN  
                      00647 
                      00648 ; ; Starting pCode block
                      00649 S_lcd44780__lcd_no_cursor       code
000000                00650 _lcd_no_cursor:
                      00651 ;       .line   322; lib/lcd44780.c     lcd_no_cursor() {
000000 CFD9 FFE5      00652         MOVFF   FSR2L, POSTDEC1
000004 CFE1 FFD9      00653         MOVFF   FSR1L, FSR2L
000008 C??? F???      00654         MOVFF   r0x00, POSTDEC1
00000C 010?           00655         BANKSEL _LCD_ctrl
                      00656 ;       .line   323; lib/lcd44780.c     LCD_ctrl &= ~LCD_CURSORON;
00000E 93??           00657         BCF     _LCD_ctrl, 1, B
                      00658 ;       .line   324; lib/lcd44780.c     lcd_command(LCD_DISPLAYCONTROL | LCD_ctrl);
000010 0E08           00659         MOVLW   0x08
000012 010?           00660         BANKSEL _LCD_ctrl
000014 11??           00661         IORWF   _LCD_ctrl, W, B
000016 6E??           00662         MOVWF   r0x00
000018 50??           00663         MOVF    r0x00, W
00001A 6EE5           00664         MOVWF   POSTDEC1
00001C EC?? F0??      00665         CALL    _lcd_command
000020 52E6           00666         MOVF    POSTINC1, F
                      00667 ;       .line   325; lib/lcd44780.c     }
000022 CFE4 F000      00668         MOVFF   PREINC1, r0x00
000026 CFE4 FFD9      00669         MOVFF   PREINC1, FSR2L
00002A 0012           00670         RETURN  
                      00671 
                      00672 ; ; Starting pCode block
                      00673 S_lcd44780__lcd_display code
000000                00674 _lcd_display:
                      00675 ;       .line   312; lib/lcd44780.c     lcd_display() {
000000 CFD9 FFE5      00676         MOVFF   FSR2L, POSTDEC1
000004 CFE1 FFD9      00677         MOVFF   FSR1L, FSR2L
000008 C??? F???      00678         MOVFF   r0x00, POSTDEC1
00000C 010?           00679         BANKSEL _LCD_ctrl
                      00680 ;       .line   313; lib/lcd44780.c     LCD_ctrl |= LCD_DISPLAYON;
00000E 85??           00681         BSF     _LCD_ctrl, 2, B
                      00682 ;       .line   314; lib/lcd44780.c     lcd_command(LCD_DISPLAYCONTROL | LCD_ctrl);
000010 0E08           00683         MOVLW   0x08
000012 010?           00684         BANKSEL _LCD_ctrl
000014 11??           00685         IORWF   _LCD_ctrl, W, B
000016 6E??           00686         MOVWF   r0x00
000018 50??           00687         MOVF    r0x00, W
00001A 6EE5           00688         MOVWF   POSTDEC1
gpasm-1.5.0 #1285 (Jul 12 2020) obj/sdcc-18f2   11/12/23  13:12:39          PAGE 14


LOC    OBJECT CODE    LINE  SOURCE TEXT
  VALUE

00001C EC?? F0??      00689         CALL    _lcd_command
000020 52E6           00690         MOVF    POSTINC1, F
                      00691 ;       .line   315; lib/lcd44780.c     }
000022 CFE4 F000      00692         MOVFF   PREINC1, r0x00
000026 CFE4 FFD9      00693         MOVFF   PREINC1, FSR2L
00002A 0012           00694         RETURN  
                      00695 
                      00696 ; ; Starting pCode block
                      00697 S_lcd44780__lcd_clear   code
000000                00698 _lcd_clear:
                      00699 ;       .line   292; lib/lcd44780.c     lcd_clear() {
000000 CFD9 FFE5      00700         MOVFF   FSR2L, POSTDEC1
000004 CFE1 FFD9      00701         MOVFF   FSR1L, FSR2L
                      00702 ;       .line   293; lib/lcd44780.c     lcd_command(LCD_CLEARDISPLAY); // clear display, set cursor posi
                            tion to zero
000008 0E01           00703         MOVLW   0x01
00000A 6EE5           00704         MOVWF   POSTDEC1
00000C EC?? F0??      00705         CALL    _lcd_command
000010 52E6           00706         MOVF    POSTINC1, F
                      00707 ;       .line   294; lib/lcd44780.c     delay_ms(2);                   // Wait for more than 4.1 ms
000012 0E00           00708         MOVLW   0x00
000014 6EE5           00709         MOVWF   POSTDEC1
000016 0E02           00710         MOVLW   0x02
000018 6EE5           00711         MOVWF   POSTDEC1
00001A EC?? F0??      00712         CALL    _delay_ms
00001E 52E6           00713         MOVF    POSTINC1, F
000020 52E6           00714         MOVF    POSTINC1, F
                      00715 ;       .line   296; lib/lcd44780.c     }
000022 CFE4 FFD9      00716         MOVFF   PREINC1, FSR2L
000026 0012           00717         RETURN  
                      00718 
                      00719 ; ; Starting pCode block
                      00720 S_lcd44780__lcd_home    code
000000                00721 _lcd_home:
                      00722 ;       .line   281; lib/lcd44780.c     lcd_home() {
000000 CFD9 FFE5      00723         MOVFF   FSR2L, POSTDEC1
000004 CFE1 FFD9      00724         MOVFF   FSR1L, FSR2L
                      00725 ;       .line   282; lib/lcd44780.c     lcd_command(LCD_RETURNHOME);
000008 0E02           00726         MOVLW   0x02
00000A 6EE5           00727         MOVWF   POSTDEC1
00000C EC?? F0??      00728         CALL    _lcd_command
000010 52E6           00729         MOVF    POSTINC1, F
                      00730 ;       .line   283; lib/lcd44780.c     delay_ms(2); // Wait for more than 4.1 ms
000012 0E00           00731         MOVLW   0x00
000014 6EE5           00732         MOVWF   POSTDEC1
000016 0E02           00733         MOVLW   0x02
000018 6EE5           00734         MOVWF   POSTDEC1
00001A EC?? F0??      00735         CALL    _delay_ms
00001E 52E6           00736         MOVF    POSTINC1, F
000020 52E6           00737         MOVF    POSTINC1, F
                      00738 ;       .line   285; lib/lcd44780.c     }
000022 CFE4 FFD9      00739         MOVFF   PREINC1, FSR2L
000026 0012           00740         RETURN  
gpasm-1.5.0 #1285 (Jul 12 2020) obj/sdcc-18f2   11/12/23  13:12:39          PAGE 15


LOC    OBJECT CODE    LINE  SOURCE TEXT
  VALUE

                      00741 
                      00742 ; ; Starting pCode block
                      00743 S_lcd44780__lcd_print_number    code
000000                00744 _lcd_print_number:
                      00745 ;       .line   197; lib/lcd44780.c     lcd_print_number(uint16_t n, uint8_t base, int8_t pad /*, int8_t
                             pointpos*/) {
000000 CFD9 FFE5      00746         MOVFF   FSR2L, POSTDEC1
000004 CFE1 FFD9      00747         MOVFF   FSR1L, FSR2L
000008 C??? F???      00748         MOVFF   r0x00, POSTDEC1
00000C C??? F???      00749         MOVFF   r0x01, POSTDEC1
000010 C??? F???      00750         MOVFF   r0x02, POSTDEC1
000014 C??? F???      00751         MOVFF   r0x03, POSTDEC1
000018 C??? F???      00752         MOVFF   r0x04, POSTDEC1
00001C C??? F???      00753         MOVFF   r0x05, POSTDEC1
000020 C??? F???      00754         MOVFF   r0x06, POSTDEC1
000024 C??? F???      00755         MOVFF   r0x07, POSTDEC1
000028 C??? F???      00756         MOVFF   r0x08, POSTDEC1
00002C C??? F???      00757         MOVFF   r0x09, POSTDEC1
000030 C??? F???      00758         MOVFF   r0x0a, POSTDEC1
000034 C??? F???      00759         MOVFF   r0x0b, POSTDEC1
000038 0E02           00760         MOVLW   0x02
00003A CFDB F000      00761         MOVFF   PLUSW2, r0x00
00003E 0E03           00762         MOVLW   0x03
000040 CFDB F000      00763         MOVFF   PLUSW2, r0x01
000044 0E04           00764         MOVLW   0x04
000046 CFDB F000      00765         MOVFF   PLUSW2, r0x02
00004A 0E05           00766         MOVLW   0x05
00004C CFDB F000      00767         MOVFF   PLUSW2, r0x03
                      00768 ;       .line   201; lib/lcd44780.c     char padchar = ' ';
000050 0E20           00769         MOVLW   0x20
000052 6E??           00770         MOVWF   r0x04
                      00771 ;       .line   203; lib/lcd44780.c     if(pad < 0) {
000054 80D8           00772         BSF     STATUS, 0
000056 AE??           00773         BTFSS   r0x03, 7
000058 90D8           00774         BCF     STATUS, 0
00005A E3??           00775         BNC     _00169_DS_
                      00776 ;       .line   204; lib/lcd44780.c     pad = -pad;
00005C 6C??           00777         NEGF    r0x03
                      00778 ;       .line   205; lib/lcd44780.c     padchar = '0';
00005E 0E30           00779         MOVLW   0x30
000060 6E??           00780         MOVWF   r0x04
000062                00781 _00169_DS_:
                      00782 ;       .line   213; lib/lcd44780.c     do {
000062 6A??           00783         CLRF    r0x05
000064                00784 _00153_DS_:
                      00785 ;       .line   217; lib/lcd44780.c     di = n % base;
000064 C??? F???      00786         MOVFF   r0x02, r0x06
000068 6A??           00787         CLRF    r0x07
00006A 50??           00788         MOVF    r0x07, W
00006C 6EE5           00789         MOVWF   POSTDEC1
00006E 50??           00790         MOVF    r0x06, W
000070 6EE5           00791         MOVWF   POSTDEC1
000072 50??           00792         MOVF    r0x01, W
gpasm-1.5.0 #1285 (Jul 12 2020) obj/sdcc-18f2   11/12/23  13:12:39          PAGE 16


LOC    OBJECT CODE    LINE  SOURCE TEXT
  VALUE

000074 6EE5           00793         MOVWF   POSTDEC1
000076 50??           00794         MOVF    r0x00, W
000078 6EE5           00795         MOVWF   POSTDEC1
00007A EC?? F0??      00796         CALL    __moduint
00007E 6E??           00797         MOVWF   r0x08
000080 CFF3 F000      00798         MOVFF   PRODL, r0x09
000084 0E04           00799         MOVLW   0x04
000086 26E1           00800         ADDWF   FSR1L, F
                      00801 ;       .line   218; lib/lcd44780.c     buf[i++] = (di < 10 ? (uint8_t)'0' + di : (uint8_t)'A' + di - 10
                            );
000088 C??? F???      00802         MOVFF   r0x05, r0x09
00008C 2A??           00803         INCF    r0x05, F
00008E 6A??           00804         CLRF    r0x0a
000090 BE??           00805         BTFSC   r0x09, 7
000092 68??           00806         SETF    r0x0a
000094 0E??           00807         MOVLW   LOW(_lcd_print_number_buf_65536_55)
000096 26??           00808         ADDWF   r0x09, F
000098 0E??           00809         MOVLW   HIGH(_lcd_print_number_buf_65536_55)
00009A 22??           00810         ADDWFC  r0x0a, F
00009C 0E0A           00811         MOVLW   0x0a
00009E 5C??           00812         SUBWF   r0x08, W
0000A0 E2??           00813         BC      _00165_DS_
0000A2 0E30           00814         MOVLW   0x30
0000A4 24??           00815         ADDWF   r0x08, W
0000A6 6E??           00816         MOVWF   r0x0b
0000A8 D???           00817         BRA     _00166_DS_
0000AA                00818 _00165_DS_:
0000AA 0E37           00819         MOVLW   0x37
0000AC 24??           00820         ADDWF   r0x08, W
0000AE 6E??           00821         MOVWF   r0x0b
0000B0                00822 _00166_DS_:
0000B0 C??? F???      00823         MOVFF   r0x09, FSR0L
0000B4 C??? F???      00824         MOVFF   r0x0a, FSR0H
0000B8 C??? F???      00825         MOVFF   r0x0b, INDF0
                      00826 ;       .line   220; lib/lcd44780.c     n /= base;
0000BC 50??           00827         MOVF    r0x07, W
0000BE 6EE5           00828         MOVWF   POSTDEC1
0000C0 50??           00829         MOVF    r0x06, W
0000C2 6EE5           00830         MOVWF   POSTDEC1
0000C4 50??           00831         MOVF    r0x01, W
0000C6 6EE5           00832         MOVWF   POSTDEC1
0000C8 50??           00833         MOVF    r0x00, W
0000CA 6EE5           00834         MOVWF   POSTDEC1
0000CC EC?? F0??      00835         CALL    __divuint
0000D0 6E??           00836         MOVWF   r0x00
0000D2 CFF3 F000      00837         MOVFF   PRODL, r0x01
0000D6 0E04           00838         MOVLW   0x04
0000D8 26E1           00839         ADDWF   FSR1L, F
                      00840 ;       .line   221; lib/lcd44780.c     } while(n > 0);
0000DA 50??           00841         MOVF    r0x00, W
0000DC 10??           00842         IORWF   r0x01, W
0000DE A4D8           00843         BTFSS   STATUS, 2
0000E0 D???           00844         BRA     _00153_DS_
gpasm-1.5.0 #1285 (Jul 12 2020) obj/sdcc-18f2   11/12/23  13:12:39          PAGE 17


LOC    OBJECT CODE    LINE  SOURCE TEXT
  VALUE

                      00845 ;       .line   223; lib/lcd44780.c     while(pad-- >= i) lcd_putch(padchar);
0000E2 C??? F???      00846         MOVFF   r0x05, r0x00
0000E6 C??? F???      00847         MOVFF   r0x03, r0x01
0000EA                00848 _00156_DS_:
0000EA 50??           00849         MOVF    r0x01, W
0000EC 0F80           00850         ADDLW   0x80
0000EE 6EF3           00851         MOVWF   PRODL
0000F0 50??           00852         MOVF    r0x00, W
0000F2 0F80           00853         ADDLW   0x80
0000F4 5CF3           00854         SUBWF   PRODL, W
0000F6 E3??           00855         BNC     _00161_DS_
0000F8 06??           00856         DECF    r0x01, F
0000FA 50??           00857         MOVF    r0x04, W
0000FC 6EE5           00858         MOVWF   POSTDEC1
0000FE EC?? F0??      00859         CALL    _lcd_putch
000102 52E6           00860         MOVF    POSTINC1, F
000104 D???           00861         BRA     _00156_DS_
000106                00862 _00161_DS_:
                      00863 ;       .line   225; lib/lcd44780.c     for(; i > 0; i--) lcd_putch((char)buf[(int16_t)i - 1]);
000106 50??           00864         MOVF    r0x00, W
000108 0F80           00865         ADDLW   0x80
00010A 0F7F           00866         ADDLW   0x7f
00010C E3??           00867         BNC     _00163_DS_
00010E 04??           00868         DECF    r0x00, W
000110 6E??           00869         MOVWF   r0x01
000112 C??? F???      00870         MOVFF   r0x01, r0x02
000116 6A??           00871         CLRF    r0x03
000118 BE??           00872         BTFSC   r0x01, 7
00011A 68??           00873         SETF    r0x03
00011C 0E??           00874         MOVLW   LOW(_lcd_print_number_buf_65536_55)
00011E 26??           00875         ADDWF   r0x02, F
000120 0E??           00876         MOVLW   HIGH(_lcd_print_number_buf_65536_55)
000122 22??           00877         ADDWFC  r0x03, F
000124 C??? F???      00878         MOVFF   r0x02, FSR0L
000128 C??? F???      00879         MOVFF   r0x03, FSR0H
00012C CFEF F000      00880         MOVFF   INDF0, r0x02
000130 50??           00881         MOVF    r0x02, W
000132 6EE5           00882         MOVWF   POSTDEC1
000134 EC?? F0??      00883         CALL    _lcd_putch
000138 52E6           00884         MOVF    POSTINC1, F
00013A C??? F???      00885         MOVFF   r0x01, r0x00
00013E D???           00886         BRA     _00161_DS_
000140                00887 _00163_DS_:
                      00888 ;       .line   227; lib/lcd44780.c     }
000140 CFE4 F000      00889         MOVFF   PREINC1, r0x0b
000144 CFE4 F000      00890         MOVFF   PREINC1, r0x0a
000148 CFE4 F000      00891         MOVFF   PREINC1, r0x09
00014C CFE4 F000      00892         MOVFF   PREINC1, r0x08
000150 CFE4 F000      00893         MOVFF   PREINC1, r0x07
000154 CFE4 F000      00894         MOVFF   PREINC1, r0x06
000158 CFE4 F000      00895         MOVFF   PREINC1, r0x05
00015C CFE4 F000      00896         MOVFF   PREINC1, r0x04
000160 CFE4 F000      00897         MOVFF   PREINC1, r0x03
gpasm-1.5.0 #1285 (Jul 12 2020) obj/sdcc-18f2   11/12/23  13:12:39          PAGE 18


LOC    OBJECT CODE    LINE  SOURCE TEXT
  VALUE

000164 CFE4 F000      00898         MOVFF   PREINC1, r0x02
000168 CFE4 F000      00899         MOVFF   PREINC1, r0x01
00016C CFE4 F000      00900         MOVFF   PREINC1, r0x00
000170 CFE4 FFD9      00901         MOVFF   PREINC1, FSR2L
000174 0012           00902         RETURN  
                      00903 
                      00904 ; ; Starting pCode block
                      00905 S_lcd44780__lcd_putch   code
000000                00906 _lcd_putch:
                      00907 ;       .line   170; lib/lcd44780.c     lcd_putch(char value) {
000000 CFD9 FFE5      00908         MOVFF   FSR2L, POSTDEC1
000004 CFE1 FFD9      00909         MOVFF   FSR1L, FSR2L
000008 C??? F???      00910         MOVFF   r0x00, POSTDEC1
00000C 0E02           00911         MOVLW   0x02
00000E CFDB F000      00912         MOVFF   PLUSW2, r0x00
                      00913 ;       .line   171; lib/lcd44780.c     lcd_send((unsigned char)value, HIGH);
000012 0E01           00914         MOVLW   0x01
000014 6EE5           00915         MOVWF   POSTDEC1
000016 50??           00916         MOVF    r0x00, W
000018 6EE5           00917         MOVWF   POSTDEC1
00001A EC?? F0??      00918         CALL    _lcd_send
00001E 52E6           00919         MOVF    POSTINC1, F
000020 52E6           00920         MOVF    POSTINC1, F
                      00921 ;       .line   172; lib/lcd44780.c     }
000022 CFE4 F000      00922         MOVFF   PREINC1, r0x00
000026 CFE4 FFD9      00923         MOVFF   PREINC1, FSR2L
00002A 0012           00924         RETURN  
                      00925 
                      00926 ; ; Starting pCode block
                      00927 S_lcd44780__lcd_puts    code
000000                00928 _lcd_puts:
                      00929 ;       .line   163; lib/lcd44780.c     lcd_puts(const char* string) {
000000 CFD9 FFE5      00930         MOVFF   FSR2L, POSTDEC1
000004 CFE1 FFD9      00931         MOVFF   FSR1L, FSR2L
000008 C??? F???      00932         MOVFF   r0x00, POSTDEC1
00000C C??? F???      00933         MOVFF   r0x01, POSTDEC1
000010 C??? F???      00934         MOVFF   r0x02, POSTDEC1
000014 C??? F???      00935         MOVFF   r0x03, POSTDEC1
000018 C??? F???      00936         MOVFF   r0x04, POSTDEC1
00001C C??? F???      00937         MOVFF   r0x05, POSTDEC1
000020 C??? F???      00938         MOVFF   r0x06, POSTDEC1
000024 0E02           00939         MOVLW   0x02
000026 CFDB F000      00940         MOVFF   PLUSW2, r0x00
00002A 0E03           00941         MOVLW   0x03
00002C CFDB F000      00942         MOVFF   PLUSW2, r0x01
000030 0E04           00943         MOVLW   0x04
000032 CFDB F000      00944         MOVFF   PLUSW2, r0x02
                      00945 ;       .line   165; lib/lcd44780.c     for(i = 0; string[i]; i++) lcd_putch(string[i]);
000036 6A??           00946         CLRF    r0x03
000038                00947 _00139_DS_:
000038 50??           00948         MOVF    r0x03, W
00003A 24??           00949         ADDWF   r0x00, W
00003C 6E??           00950         MOVWF   r0x04
gpasm-1.5.0 #1285 (Jul 12 2020) obj/sdcc-18f2   11/12/23  13:12:39          PAGE 19


LOC    OBJECT CODE    LINE  SOURCE TEXT
  VALUE

00003E 6AE8           00951         CLRF    WREG
000040 20??           00952         ADDWFC  r0x01, W
000042 6E??           00953         MOVWF   r0x05
000044 6AE8           00954         CLRF    WREG
000046 20??           00955         ADDWFC  r0x02, W
000048 6E??           00956         MOVWF   r0x06
00004A C??? F???      00957         MOVFF   r0x04, FSR0L
00004E C??? F???      00958         MOVFF   r0x05, PRODL
000052 50??           00959         MOVF    r0x06, W
000054 EC?? F0??      00960         CALL    __gptrget1
000058 6E??           00961         MOVWF   r0x04
00005A 50??           00962         MOVF    r0x04, W
00005C E0??           00963         BZ      _00141_DS_
00005E 50??           00964         MOVF    r0x04, W
000060 6EE5           00965         MOVWF   POSTDEC1
000062 EC?? F0??      00966         CALL    _lcd_putch
000066 52E6           00967         MOVF    POSTINC1, F
000068 2A??           00968         INCF    r0x03, F
00006A D???           00969         BRA     _00139_DS_
00006C                00970 _00141_DS_:
                      00971 ;       .line   166; lib/lcd44780.c     }
00006C CFE4 F000      00972         MOVFF   PREINC1, r0x06
000070 CFE4 F000      00973         MOVFF   PREINC1, r0x05
000074 CFE4 F000      00974         MOVFF   PREINC1, r0x04
000078 CFE4 F000      00975         MOVFF   PREINC1, r0x03
00007C CFE4 F000      00976         MOVFF   PREINC1, r0x02
000080 CFE4 F000      00977         MOVFF   PREINC1, r0x01
000084 CFE4 F000      00978         MOVFF   PREINC1, r0x00
000088 CFE4 FFD9      00979         MOVFF   PREINC1, FSR2L
00008C 0012           00980         RETURN  
                      00981 
                      00982 ; ; Starting pCode block
                      00983 S_lcd44780__lcd_gotoxy  code
000000                00984 _lcd_gotoxy:
                      00985 ;       .line   135; lib/lcd44780.c     lcd_gotoxy(uint8_t col, uint8_t row) {
000000 CFD9 FFE5      00986         MOVFF   FSR2L, POSTDEC1
000004 CFE1 FFD9      00987         MOVFF   FSR1L, FSR2L
000008 C??? F???      00988         MOVFF   r0x00, POSTDEC1
00000C C??? F???      00989         MOVFF   r0x01, POSTDEC1
000010 C??? F???      00990         MOVFF   r0x02, POSTDEC1
000014 0E02           00991         MOVLW   0x02
000016 CFDB F000      00992         MOVFF   PLUSW2, r0x00
00001A 0E03           00993         MOVLW   0x03
00001C CFDB F000      00994         MOVFF   PLUSW2, r0x01
000020 010?           00995         BANKSEL _lcd_gotoxy_row_offsets_65536_47
                      00996 ;       .line   137; lib/lcd44780.c     uint8_t row_offsets[] = {0x00, 0x40, 0x14, 0x54};
000022 6B??           00997         CLRF    _lcd_gotoxy_row_offsets_65536_47, B
000024 0E40           00998         MOVLW   0x40
000026 010?           00999         BANKSEL (_lcd_gotoxy_row_offsets_65536_47 + 1)
000028 6F??           01000         MOVWF   (_lcd_gotoxy_row_offsets_65536_47 + 1), B
00002A 0E14           01001         MOVLW   0x14
00002C 010?           01002         BANKSEL (_lcd_gotoxy_row_offsets_65536_47 + 2)
00002E 6F??           01003         MOVWF   (_lcd_gotoxy_row_offsets_65536_47 + 2), B
gpasm-1.5.0 #1285 (Jul 12 2020) obj/sdcc-18f2   11/12/23  13:12:39          PAGE 20


LOC    OBJECT CODE    LINE  SOURCE TEXT
  VALUE

000030 0E54           01004         MOVLW   0x54
000032 010?           01005         BANKSEL (_lcd_gotoxy_row_offsets_65536_47 + 3)
000034 6F??           01006         MOVWF   (_lcd_gotoxy_row_offsets_65536_47 + 3), B
000036 010?           01007         BANKSEL _LCD_lines
                      01008 ;       .line   146; lib/lcd44780.c     if(LCD_lines == 1) {
000038 51??           01009         MOVF    _LCD_lines, W, B
00003A 0A01           01010         XORLW   0x01
00003C E1??           01011         BNZ     _00124_DS_
                      01012 ;       .line   147; lib/lcd44780.c     row_offsets[1] = 0x14;
00003E 0E14           01013         MOVLW   0x14
000040 010?           01014         BANKSEL (_lcd_gotoxy_row_offsets_65536_47 + 1)
000042 6F??           01015         MOVWF   (_lcd_gotoxy_row_offsets_65536_47 + 1), B
                      01016 ;       .line   148; lib/lcd44780.c     row_offsets[2] = 0x28;
000044 0E28           01017         MOVLW   0x28
000046 010?           01018         BANKSEL (_lcd_gotoxy_row_offsets_65536_47 + 2)
000048 6F??           01019         MOVWF   (_lcd_gotoxy_row_offsets_65536_47 + 2), B
                      01020 ;       .line   149; lib/lcd44780.c     row_offsets[3] = 0x3C;
00004A 0E3C           01021         MOVLW   0x3c
00004C 010?           01022         BANKSEL (_lcd_gotoxy_row_offsets_65536_47 + 3)
00004E 6F??           01023         MOVWF   (_lcd_gotoxy_row_offsets_65536_47 + 3), B
000050                01024 _00124_DS_:
                      01025 ;       .line   156; lib/lcd44780.c     lcd_command(LCD_SETDDRAMADDR | (col + row_offsets[row]));
000050 6A??           01026         CLRF    r0x02
000052 0E??           01027         MOVLW   LOW(_lcd_gotoxy_row_offsets_65536_47)
000054 26??           01028         ADDWF   r0x01, F
000056 0E??           01029         MOVLW   HIGH(_lcd_gotoxy_row_offsets_65536_47)
000058 22??           01030         ADDWFC  r0x02, F
00005A C??? F???      01031         MOVFF   r0x01, FSR0L
00005E C??? F???      01032         MOVFF   r0x02, FSR0H
000062 CFEF F000      01033         MOVFF   INDF0, r0x01
000066 50??           01034         MOVF    r0x01, W
000068 26??           01035         ADDWF   r0x00, F
00006A 8E??           01036         BSF     r0x00, 7
00006C 50??           01037         MOVF    r0x00, W
00006E 6EE5           01038         MOVWF   POSTDEC1
000070 EC?? F0??      01039         CALL    _lcd_command
000074 52E6           01040         MOVF    POSTINC1, F
                      01041 ;       .line   157; lib/lcd44780.c     }
000076 CFE4 F000      01042         MOVFF   PREINC1, r0x02
00007A CFE4 F000      01043         MOVFF   PREINC1, r0x01
00007E CFE4 F000      01044         MOVFF   PREINC1, r0x00
000082 CFE4 FFD9      01045         MOVFF   PREINC1, FSR2L
000086 0012           01046         RETURN  
                      01047 
                      01048 ; ; Starting pCode block
                      01049 S_lcd44780__lcd_command code
000000                01050 _lcd_command:
                      01051 ;       .line   127; lib/lcd44780.c     lcd_command(uint8_t value) {
000000 CFD9 FFE5      01052         MOVFF   FSR2L, POSTDEC1
000004 CFE1 FFD9      01053         MOVFF   FSR1L, FSR2L
000008 C??? F???      01054         MOVFF   r0x00, POSTDEC1
00000C 0E02           01055         MOVLW   0x02
00000E CFDB F000      01056         MOVFF   PLUSW2, r0x00
gpasm-1.5.0 #1285 (Jul 12 2020) obj/sdcc-18f2   11/12/23  13:12:39          PAGE 21


LOC    OBJECT CODE    LINE  SOURCE TEXT
  VALUE

                      01057 ;       .line   128; lib/lcd44780.c     lcd_send(value, LOW);
000012 0E00           01058         MOVLW   0x00
000014 6EE5           01059         MOVWF   POSTDEC1
000016 50??           01060         MOVF    r0x00, W
000018 6EE5           01061         MOVWF   POSTDEC1
00001A EC?? F0??      01062         CALL    _lcd_send
00001E 52E6           01063         MOVF    POSTINC1, F
000020 52E6           01064         MOVF    POSTINC1, F
                      01065 ;       .line   129; lib/lcd44780.c     }
000022 CFE4 F000      01066         MOVFF   PREINC1, r0x00
000026 CFE4 FFD9      01067         MOVFF   PREINC1, FSR2L
00002A 0012           01068         RETURN  
                      01069 
                      01070 ; ; Starting pCode block
                      01071 S_lcd44780__lcd_send    code
000000                01072 _lcd_send:
                      01073 ;       .line   103; lib/lcd44780.c     lcd_send(uint8_t value, uint8_t mode) {
000000 CFD9 FFE5      01074         MOVFF   FSR2L, POSTDEC1
000004 CFE1 FFD9      01075         MOVFF   FSR1L, FSR2L
000008 C??? F???      01076         MOVFF   r0x00, POSTDEC1
00000C C??? F???      01077         MOVFF   r0x01, POSTDEC1
000010 0E02           01078         MOVLW   0x02
000012 CFDB F000      01079         MOVFF   PLUSW2, r0x00
000016 0E03           01080         MOVLW   0x03
000018 CFDB F000      01081         MOVFF   PLUSW2, r0x01
                      01082 ;       .line   104; lib/lcd44780.c     if(mode) {
00001C 50??           01083         MOVF    r0x01, W
00001E E0??           01084         BZ      _00111_DS_
                      01085 ;       .line   105; lib/lcd44780.c     RS_HIGH();
000020 84??           01086         BSF     _LATB, 2
000022 D???           01087         BRA     _00112_DS_
000024                01088 _00111_DS_:
                      01089 ;       .line   107; lib/lcd44780.c     RS_LOW();
000024 94??           01090         BCF     _LATB, 2
000026                01091 _00112_DS_:
                      01092 ;       .line   116; lib/lcd44780.c     lcd_write4bits(value >> 4); // Upper 4 bits first
000026 38??           01093         SWAPF   r0x00, W
000028 0B0F           01094         ANDLW   0x0f
00002A 6E??           01095         MOVWF   r0x01
00002C 50??           01096         MOVF    r0x01, W
00002E 6EE5           01097         MOVWF   POSTDEC1
000030 EC?? F0??      01098         CALL    _lcd_write4bits
000034 52E6           01099         MOVF    POSTINC1, F
                      01100 ;       .line   117; lib/lcd44780.c     lcd_write4bits(value);      // Lower 4 bits second
000036 50??           01101         MOVF    r0x00, W
000038 6EE5           01102         MOVWF   POSTDEC1
00003A EC?? F0??      01103         CALL    _lcd_write4bits
00003E 52E6           01104         MOVF    POSTINC1, F
                      01105 ;       .line   119; lib/lcd44780.c     }
000040 CFE4 F000      01106         MOVFF   PREINC1, r0x01
000044 CFE4 F000      01107         MOVFF   PREINC1, r0x00
000048 CFE4 FFD9      01108         MOVFF   PREINC1, FSR2L
00004C 0012           01109         RETURN  
gpasm-1.5.0 #1285 (Jul 12 2020) obj/sdcc-18f2   11/12/23  13:12:39          PAGE 22


LOC    OBJECT CODE    LINE  SOURCE TEXT
  VALUE

                      01110 
                      01111 ; ; Starting pCode block
                      01112 S_lcd44780__lcd_write4bits      code
000000                01113 _lcd_write4bits:
                      01114 ;       .line   34; lib/lcd44780.c      lcd_write4bits(uint8_t value) {
000000 CFD9 FFE5      01115         MOVFF   FSR2L, POSTDEC1
000004 CFE1 FFD9      01116         MOVFF   FSR1L, FSR2L
000008 C??? F???      01117         MOVFF   r0x00, POSTDEC1
00000C C??? F???      01118         MOVFF   r0x01, POSTDEC1
000010 0E02           01119         MOVLW   0x02
000012 CFDB F000      01120         MOVFF   PLUSW2, r0x00
                      01121 ;       .line   39; lib/lcd44780.c      OUTB &= 0b00001111;
000016 0E0F           01122         MOVLW   0x0f
000018 16??           01123         ANDWF   _LATB, F
                      01124 ;       .line   40; lib/lcd44780.c      OUTB |= value << 4;
00001A 38??           01125         SWAPF   r0x00, W
00001C 0BF0           01126         ANDLW   0xf0
00001E 6E??           01127         MOVWF   r0x01
000020 50??           01128         MOVF    r0x01, W
000022 12??           01129         IORWF   _LATB, F
                      01130 ;       .line   55; lib/lcd44780.c      lcd_pulse_enable();
000024 86??           01131         BSF     _LATB, 3
000026 0E04           01132         MOVLW   0x04
000028 6EE5           01133         MOVWF   POSTDEC1
00002A EC?? F0??      01134         CALL    _delay_us
00002E 52E6           01135         MOVF    POSTINC1, F
000030 96??           01136         BCF     _LATB, 3
000032 0E64           01137         MOVLW   0x64
000034 6EE5           01138         MOVWF   POSTDEC1
000036 EC?? F0??      01139         CALL    _delay_us
00003A 52E6           01140         MOVF    POSTINC1, F
                      01141 ;       .line   60; lib/lcd44780.c      }
00003C CFE4 F000      01142         MOVFF   PREINC1, r0x01
000040 CFE4 F000      01143         MOVFF   PREINC1, r0x00
000044 CFE4 FFD9      01144         MOVFF   PREINC1, FSR2L
000048 0012           01145         RETURN  
                      01146 
                      01147 
                      01148 
                      01149 ; Statistics:
                      01150 ; code size:     1656 (0x0678) bytes ( 1.26%)
                      01151 ;                 828 (0x033c) words
                      01152 ; udata size:      40 (0x0028) bytes ( 2.23%)
                      01153 ; access size:     12 (0x000c) bytes
                      01154 
                      01155 
                      01156         end
gpasm-1.5.0 #1285 (Jul 12 2020) obj/sdcc-18f2   11/12/23  13:12:39          PAGE 23


SYMBOL TABLE
  LABEL                              TYPE        VALUE         VALUE          VALUE
                                                 (hex)         (dec)          (text)

FSR0H                             CONSTANT      00000FEA           4074
FSR0L                             CONSTANT      00000FE9           4073
FSR1L                             CONSTANT      00000FE1           4065
FSR2L                             CONSTANT      00000FD9           4057
INDF0                             CONSTANT      00000FEF           4079
PLUSW2                            CONSTANT      00000FDB           4059
POSTDEC1                          CONSTANT      00000FE5           4069
POSTINC1                          CONSTANT      00000FE6           4070
PREINC1                           CONSTANT      00000FE4           4068
PRODL                             CONSTANT      00000FF3           4083
STATUS                            CONSTANT      00000FD8           4056
WREG                              CONSTANT      00000FE8           4072
_00111_DS_                        ADDRESS       00000024             36
_00112_DS_                        ADDRESS       00000026             38
_00124_DS_                        ADDRESS       00000050             80
_00139_DS_                        ADDRESS       00000038             56
_00141_DS_                        ADDRESS       0000006C            108
_00153_DS_                        ADDRESS       00000064            100
_00156_DS_                        ADDRESS       000000EA            234
_00161_DS_                        ADDRESS       00000106            262
_00163_DS_                        ADDRESS       00000140            320
_00165_DS_                        ADDRESS       000000AA            170
_00166_DS_                        ADDRESS       000000B0            176
_00169_DS_                        ADDRESS       00000062             98
_00249_DS_                        ADDRESS       00000026             38
_00251_DS_                        ADDRESS       00000038             56
_00254_DS_                        ADDRESS       000000A2            162
_00255_DS_                        ADDRESS       000000F8            248
_00277_DS_                        ADDRESS       00000034             52
_00288_DS_                        ADDRESS       00000024             36
_00289_DS_                        ADDRESS       0000002A             42
_ADCON0                           EXTERNAL      00000000              0
_ADCON0bits                       EXTERNAL      00000000              0
_ADCON1                           EXTERNAL      00000000              0
_ADCON1bits                       EXTERNAL      00000000              0
_ADCON2                           EXTERNAL      00000000              0
_ADCON2bits                       EXTERNAL      00000000              0
_ADRES                            EXTERNAL      00000000              0
_ADRESH                           EXTERNAL      00000000              0
_ADRESL                           EXTERNAL      00000000              0
_BAUDCON                          EXTERNAL      00000000              0
_BAUDCONbits                      EXTERNAL      00000000              0
_BAUDCTL                          EXTERNAL      00000000              0
_BAUDCTLbits                      EXTERNAL      00000000              0
_BSR                              EXTERNAL      00000000              0
_CCPR1                            EXTERNAL      00000000              0
_CCPR1H                           EXTERNAL      00000000              0
_CCPR1L                           EXTERNAL      00000000              0
_CCPR2                            EXTERNAL      00000000              0
_CCPR2H                           EXTERNAL      00000000              0
_CCPR2L                           EXTERNAL      00000000              0
_CCP1AS                           EXTERNAL      00000000              0
gpasm-1.5.0 #1285 (Jul 12 2020) obj/sdcc-18f2   11/12/23  13:12:39          PAGE 24


SYMBOL TABLE
  LABEL                              TYPE        VALUE         VALUE          VALUE
                                                 (hex)         (dec)          (text)

_CCP1ASbits                       EXTERNAL      00000000              0
_CCP1CON                          EXTERNAL      00000000              0
_CCP1CONbits                      EXTERNAL      00000000              0
_CCP1DEL                          EXTERNAL      00000000              0
_CCP1DELbits                      EXTERNAL      00000000              0
_CCP2CON                          EXTERNAL      00000000              0
_CCP2CONbits                      EXTERNAL      00000000              0
_CMCON                            EXTERNAL      00000000              0
_CMCONbits                        EXTERNAL      00000000              0
_CVRCON                           EXTERNAL      00000000              0
_CVRCONbits                       EXTERNAL      00000000              0
_DDRA                             EXTERNAL      00000000              0
_DDRAbits                         EXTERNAL      00000000              0
_DDRB                             EXTERNAL      00000000              0
_DDRBbits                         EXTERNAL      00000000              0
_DDRC                             EXTERNAL      00000000              0
_DDRCbits                         EXTERNAL      00000000              0
_ECCP1AS                          EXTERNAL      00000000              0
_ECCP1ASbits                      EXTERNAL      00000000              0
_ECCP1DEL                         EXTERNAL      00000000              0
_ECCP1DELbits                     EXTERNAL      00000000              0
_EEADR                            EXTERNAL      00000000              0
_EECON1                           EXTERNAL      00000000              0
_EECON1bits                       EXTERNAL      00000000              0
_EECON2                           EXTERNAL      00000000              0
_EEDATA                           EXTERNAL      00000000              0
_FSR0H                            EXTERNAL      00000000              0
_FSR0L                            EXTERNAL      00000000              0
_FSR1H                            EXTERNAL      00000000              0
_FSR1L                            EXTERNAL      00000000              0
_FSR2H                            EXTERNAL      00000000              0
_FSR2L                            EXTERNAL      00000000              0
_HLVDCON                          EXTERNAL      00000000              0
_HLVDCONbits                      EXTERNAL      00000000              0
_INDF0                            EXTERNAL      00000000              0
_INDF1                            EXTERNAL      00000000              0
_INDF2                            EXTERNAL      00000000              0
_INTCON                           EXTERNAL      00000000              0
_INTCONbits                       EXTERNAL      00000000              0
_INTCON2                          EXTERNAL      00000000              0
_INTCON2bits                      EXTERNAL      00000000              0
_INTCON3                          EXTERNAL      00000000              0
_INTCON3bits                      EXTERNAL      00000000              0
_IPR1                             EXTERNAL      00000000              0
_IPR1bits                         EXTERNAL      00000000              0
_IPR2                             EXTERNAL      00000000              0
_IPR2bits                         EXTERNAL      00000000              0
_LATA                             EXTERNAL      00000000              0
_LATAbits                         EXTERNAL      00000000              0
_LATB                             EXTERNAL      00000000              0
_LATBbits                         EXTERNAL      00000000              0
_LATC                             EXTERNAL      00000000              0
gpasm-1.5.0 #1285 (Jul 12 2020) obj/sdcc-18f2   11/12/23  13:12:39          PAGE 25


SYMBOL TABLE
  LABEL                              TYPE        VALUE         VALUE          VALUE
                                                 (hex)         (dec)          (text)

_LATCbits                         EXTERNAL      00000000              0
_LCD_ctrl                         STATIC        00000000              0
_LCD_function                     STATIC        00000000              0
_LCD_lines                        STATIC        00000000              0
_LCD_mode                         STATIC        00000000              0
_LVDCON                           EXTERNAL      00000000              0
_LVDCONbits                       EXTERNAL      00000000              0
_OSCCON                           EXTERNAL      00000000              0
_OSCCONbits                       EXTERNAL      00000000              0
_OSCTUNE                          EXTERNAL      00000000              0
_OSCTUNEbits                      EXTERNAL      00000000              0
_PC                               EXTERNAL      00000000              0
_PCL                              EXTERNAL      00000000              0
_PCLATH                           EXTERNAL      00000000              0
_PCLATU                           EXTERNAL      00000000              0
_PIE1                             EXTERNAL      00000000              0
_PIE1bits                         EXTERNAL      00000000              0
_PIE2                             EXTERNAL      00000000              0
_PIE2bits                         EXTERNAL      00000000              0
_PIR1                             EXTERNAL      00000000              0
_PIR1bits                         EXTERNAL      00000000              0
_PIR2                             EXTERNAL      00000000              0
_PIR2bits                         EXTERNAL      00000000              0
_PLUSW0                           EXTERNAL      00000000              0
_PLUSW1                           EXTERNAL      00000000              0
_PLUSW2                           EXTERNAL      00000000              0
_PORTA                            EXTERNAL      00000000              0
_PORTAbits                        EXTERNAL      00000000              0
_PORTB                            EXTERNAL      00000000              0
_PORTBbits                        EXTERNAL      00000000              0
_PORTC                            EXTERNAL      00000000              0
_PORTCbits                        EXTERNAL      00000000              0
_PORTE                            EXTERNAL      00000000              0
_PORTEbits                        EXTERNAL      00000000              0
_POSTDEC0                         EXTERNAL      00000000              0
_POSTDEC1                         EXTERNAL      00000000              0
_POSTDEC2                         EXTERNAL      00000000              0
_POSTINC0                         EXTERNAL      00000000              0
_POSTINC1                         EXTERNAL      00000000              0
_POSTINC2                         EXTERNAL      00000000              0
_PREINC0                          EXTERNAL      00000000              0
_PREINC1                          EXTERNAL      00000000              0
_PREINC2                          EXTERNAL      00000000              0
_PROD                             EXTERNAL      00000000              0
_PRODH                            EXTERNAL      00000000              0
_PRODL                            EXTERNAL      00000000              0
_PR2                              EXTERNAL      00000000              0
_RCON                             EXTERNAL      00000000              0
_RCONbits                         EXTERNAL      00000000              0
_RCREG                            EXTERNAL      00000000              0
_RCSTA                            EXTERNAL      00000000              0
_RCSTAbits                        EXTERNAL      00000000              0
gpasm-1.5.0 #1285 (Jul 12 2020) obj/sdcc-18f2   11/12/23  13:12:39          PAGE 26


SYMBOL TABLE
  LABEL                              TYPE        VALUE         VALUE          VALUE
                                                 (hex)         (dec)          (text)

_SPBRG                            EXTERNAL      00000000              0
_SPBRGH                           EXTERNAL      00000000              0
_SSPADD                           EXTERNAL      00000000              0
_SSPBUF                           EXTERNAL      00000000              0
_SSPCON1                          EXTERNAL      00000000              0
_SSPCON1bits                      EXTERNAL      00000000              0
_SSPCON2                          EXTERNAL      00000000              0
_SSPCON2bits                      EXTERNAL      00000000              0
_SSPSTAT                          EXTERNAL      00000000              0
_SSPSTATbits                      EXTERNAL      00000000              0
_STATUS                           EXTERNAL      00000000              0
_STATUSbits                       EXTERNAL      00000000              0
_STKPTR                           EXTERNAL      00000000              0
_STKPTRbits                       EXTERNAL      00000000              0
_T0CON                            EXTERNAL      00000000              0
_T0CONbits                        EXTERNAL      00000000              0
_TABLAT                           EXTERNAL      00000000              0
_TBLPTR                           EXTERNAL      00000000              0
_TBLPTRH                          EXTERNAL      00000000              0
_TBLPTRL                          EXTERNAL      00000000              0
_TBLPTRU                          EXTERNAL      00000000              0
_TMR0                             EXTERNAL      00000000              0
_TMR0H                            EXTERNAL      00000000              0
_TMR0L                            EXTERNAL      00000000              0
_TMR1                             EXTERNAL      00000000              0
_TMR1H                            EXTERNAL      00000000              0
_TMR1L                            EXTERNAL      00000000              0
_TMR2                             EXTERNAL      00000000              0
_TMR3                             EXTERNAL      00000000              0
_TMR3H                            EXTERNAL      00000000              0
_TMR3L                            EXTERNAL      00000000              0
_TOS                              EXTERNAL      00000000              0
_TOSH                             EXTERNAL      00000000              0
_TOSL                             EXTERNAL      00000000              0
_TOSU                             EXTERNAL      00000000              0
_TRISA                            EXTERNAL      00000000              0
_TRISAbits                        EXTERNAL      00000000              0
_TRISB                            EXTERNAL      00000000              0
_TRISBbits                        EXTERNAL      00000000              0
_TRISC                            EXTERNAL      00000000              0
_TRISCbits                        EXTERNAL      00000000              0
_TXREG                            EXTERNAL      00000000              0
_TXSTA                            EXTERNAL      00000000              0
_TXSTAbits                        EXTERNAL      00000000              0
_T1CON                            EXTERNAL      00000000              0
_T1CONbits                        EXTERNAL      00000000              0
_T2CON                            EXTERNAL      00000000              0
_T2CONbits                        EXTERNAL      00000000              0
_T3CON                            EXTERNAL      00000000              0
_T3CONbits                        EXTERNAL      00000000              0
_UADDR                            EXTERNAL      00000000              0
_UADDRbits                        EXTERNAL      00000000              0
gpasm-1.5.0 #1285 (Jul 12 2020) obj/sdcc-18f2   11/12/23  13:12:39          PAGE 27


SYMBOL TABLE
  LABEL                              TYPE        VALUE         VALUE          VALUE
                                                 (hex)         (dec)          (text)

_UCFG                             EXTERNAL      00000000              0
_UCFGbits                         EXTERNAL      00000000              0
_UCON                             EXTERNAL      00000000              0
_UCONbits                         EXTERNAL      00000000              0
_UEIE                             EXTERNAL      00000000              0
_UEIEbits                         EXTERNAL      00000000              0
_UEIR                             EXTERNAL      00000000              0
_UEIRbits                         EXTERNAL      00000000              0
_UEP0                             EXTERNAL      00000000              0
_UEP0bits                         EXTERNAL      00000000              0
_UEP1                             EXTERNAL      00000000              0
_UEP1bits                         EXTERNAL      00000000              0
_UEP2                             EXTERNAL      00000000              0
_UEP2bits                         EXTERNAL      00000000              0
_UEP3                             EXTERNAL      00000000              0
_UEP3bits                         EXTERNAL      00000000              0
_UEP4                             EXTERNAL      00000000              0
_UEP4bits                         EXTERNAL      00000000              0
_UEP5                             EXTERNAL      00000000              0
_UEP5bits                         EXTERNAL      00000000              0
_UEP6                             EXTERNAL      00000000              0
_UEP6bits                         EXTERNAL      00000000              0
_UEP7                             EXTERNAL      00000000              0
_UEP7bits                         EXTERNAL      00000000              0
_UEP8                             EXTERNAL      00000000              0
_UEP8bits                         EXTERNAL      00000000              0
_UEP9                             EXTERNAL      00000000              0
_UEP9bits                         EXTERNAL      00000000              0
_UEP10                            EXTERNAL      00000000              0
_UEP10bits                        EXTERNAL      00000000              0
_UEP11                            EXTERNAL      00000000              0
_UEP11bits                        EXTERNAL      00000000              0
_UEP12                            EXTERNAL      00000000              0
_UEP12bits                        EXTERNAL      00000000              0
_UEP13                            EXTERNAL      00000000              0
_UEP13bits                        EXTERNAL      00000000              0
_UEP14                            EXTERNAL      00000000              0
_UEP14bits                        EXTERNAL      00000000              0
_UEP15                            EXTERNAL      00000000              0
_UEP15bits                        EXTERNAL      00000000              0
_UFRM                             EXTERNAL      00000000              0
_UFRMH                            EXTERNAL      00000000              0
_UFRMHbits                        EXTERNAL      00000000              0
_UFRML                            EXTERNAL      00000000              0
_UFRMLbits                        EXTERNAL      00000000              0
_UIE                              EXTERNAL      00000000              0
_UIEbits                          EXTERNAL      00000000              0
_UIR                              EXTERNAL      00000000              0
_UIRbits                          EXTERNAL      00000000              0
_USTAT                            EXTERNAL      00000000              0
_USTATbits                        EXTERNAL      00000000              0
_WDTCON                           EXTERNAL      00000000              0
gpasm-1.5.0 #1285 (Jul 12 2020) obj/sdcc-18f2   11/12/23  13:12:39          PAGE 28


SYMBOL TABLE
  LABEL                              TYPE        VALUE         VALUE          VALUE
                                                 (hex)         (dec)          (text)

_WDTCONbits                       EXTERNAL      00000000              0
_WREG                             EXTERNAL      00000000              0
__ACC_RAM_LOW_END                 CONSTANT      0000005F             95
__ACC_RAM_LOW_START               CONSTANT      00000000              0
__ACTIVE_BANK_ADDR                VARIABLE      FFFFFFFF             -1
__ASSUMED_BANK_ADDR               VARIABLE      FFFFFFFF             -1
__BANK_0                          CONSTANT      00000000              0
__BANK_BITS                       CONSTANT      00000F00           3840
__BANK_FIRST                      CONSTANT      00000000              0
__BANK_INV                        CONSTANT      FFFFFFFF             -1
__BANK_LAST                       CONSTANT      00000F00           3840
__BANK_MASK                       CONSTANT      000000FF            255
__BANK_SHIFT                      CONSTANT      00000008              8
__BANK_SIZE                       CONSTANT      00000100            256
__BANK_1                          CONSTANT      00000100            256
__BANK_2                          CONSTANT      00000200            512
__BANK_3                          CONSTANT      00000300            768
__BANK_4                          CONSTANT      00000400           1024
__BANK_5                          CONSTANT      00000500           1280
__BANK_6                          CONSTANT      00000600           1536
__BANK_7                          CONSTANT      00000700           1792
__BANK_8                          CONSTANT      00000800           2048
__BANK_9                          CONSTANT      00000900           2304
__BANK_10                         CONSTANT      00000A00           2560
__BANK_11                         CONSTANT      00000B00           2816
__BANK_12                         CONSTANT      00000C00           3072
__BANK_13                         CONSTANT      00000D00           3328
__BANK_14                         CONSTANT      00000E00           3584
__BANK_15                         CONSTANT      00000F00           3840
__CODE_END                        CONSTANT      00007FFF          32767
__CODE_START                      CONSTANT      00000000              0
__COMMON_RAM_END                  CONSTANT      0000005F             95
__COMMON_RAM_START                CONSTANT      00000000              0
__CONFIG_END                      CONSTANT      0030000D        3145741
__CONFIG_START                    CONSTANT      00300000        3145728
__EEPROM_END                      CONSTANT      00F000FF       15728895
__EEPROM_START                    CONSTANT      00F00000       15728640
__EXTENDED                        CONSTANT      00000001              1
__GPUTILS_SVN_VERSION             CONSTANT      00000505           1285
__GPUTILS_VERSION_MAJOR           CONSTANT      00000001              1
__GPUTILS_VERSION_MICRO           CONSTANT      00000000              0
__GPUTILS_VERSION_MINOR           CONSTANT      00000005              5
__IDLOCS_END                      CONSTANT      00200007        2097159
__IDLOCS_START                    CONSTANT      00200000        2097152
__NUM_BANKS                       CONSTANT      00000010             16
__VECTOR_INT_HIGH                 CONSTANT      00000008              8
__VECTOR_INT_LOW                  CONSTANT      00000018             24
__VECTOR_RESET                    CONSTANT      00000000              0
__WHILE_LOOP_COUNT_MAX            CONSTANT      000000FF            255
__divuint                         EXTERNAL      00000000              0
__gptrget1                        EXTERNAL      00000000              0
__moduint                         EXTERNAL      00000000              0
gpasm-1.5.0 #1285 (Jul 12 2020) obj/sdcc-18f2   11/12/23  13:12:39          PAGE 29


SYMBOL TABLE
  LABEL                              TYPE        VALUE         VALUE          VALUE
                                                 (hex)         (dec)          (text)

__16_BIT                          CONSTANT      00000001              1
__18F2550                         CONSTANT      00000001              1
_delay_ms                         EXTERNAL      00000000              0
_delay_us                         EXTERNAL      00000000              0
_dvar                             EXTERNAL      00000000              0
_lcd_autoscroll                   GLOBAL        00000000              0
_lcd_begin                        GLOBAL        00000000              0
_lcd_blink                        GLOBAL        00000000              0
_lcd_clear                        GLOBAL        00000000              0
_lcd_command                      ADDRESS       00000000              0
_lcd_cursor                       GLOBAL        00000000              0
_lcd_display                      GLOBAL        00000000              0
_lcd_gotoxy                       GLOBAL        00000000              0
_lcd_gotoxy_row_offsets_65536_47  STATIC        00000000              0
_lcd_home                         GLOBAL        00000000              0
_lcd_init                         GLOBAL        00000000              0
_lcd_left_to_right                GLOBAL        00000000              0
_lcd_no_cursor                    GLOBAL        00000000              0
_lcd_print_number                 GLOBAL        00000000              0
_lcd_print_number_buf_65536_55    STATIC        00000000              0
_lcd_putch                        GLOBAL        00000000              0
_lcd_puts                         GLOBAL        00000000              0
_lcd_send                         GLOBAL        00000000              0
_lcd_write4bits                   ADDRESS       00000000              0
_stdin                            EXTERNAL      00000000              0
_stdout                           EXTERNAL      00000000              0
r0x00                             STATIC        00000000              0
r0x01                             STATIC        00000001              1
r0x02                             STATIC        00000002              2
r0x03                             STATIC        00000003              3
r0x04                             STATIC        00000004              4
r0x05                             STATIC        00000005              5
r0x06                             STATIC        00000006              6
r0x07                             STATIC        00000007              7
r0x08                             STATIC        00000008              8
r0x09                             STATIC        00000009              9
r0x0a                             STATIC        0000000A             10
r0x0b                             STATIC        0000000B             11

Errors   :     0
Warnings :     0 reported,     0 suppressed
Messages :     0 reported,     0 suppressed

