gpasm-1.5.0 #1285 (Jul 12 2020) obj/sdcc-18f2   11/12/23  13:12:39          PAGE  1


LOC    OBJECT CODE    LINE  SOURCE TEXT
  VALUE

                      00001 ;--------------------------------------------------------
                      00002 ; File Created by SDCC : free open source ANSI-C Compiler
                      00003 ; Version 4.2.0 #13081 (Linux)
                      00004 ;--------------------------------------------------------
                      00005 ; PIC16 port for the Microchip 16-bit core micros
                      00006 ;--------------------------------------------------------
                      00007         list    p=18f2550
                      00008         radix   dec
                      00009 
                      00010 
                      00011 ;--------------------------------------------------------
                      00012 ; public variables in this module
                      00013 ;--------------------------------------------------------
  0000                00014         global  _print_digit
  0000                00015         global  _print_unit
  0000                00016         global  _print_reading
  0000                00017         global  _print_indicator
  0000                00018         global  _output_putch
  0000                00019         global  _put_str
  0000                00020         global  _print_buffer
  0000                00021         global  _lcd_put
                      00022 
                      00023 ;--------------------------------------------------------
                      00024 ; extern variables in this module
                      00025 ;--------------------------------------------------------
  0000                00026         extern  __gptrget1
  0000                00027         extern  _buffer
  0000                00028         extern  _UFRMLbits
  0000                00029         extern  _UFRMHbits
  0000                00030         extern  _UIRbits
  0000                00031         extern  _UIEbits
  0000                00032         extern  _UEIRbits
  0000                00033         extern  _UEIEbits
  0000                00034         extern  _USTATbits
  0000                00035         extern  _UCONbits
  0000                00036         extern  _UADDRbits
  0000                00037         extern  _UCFGbits
  0000                00038         extern  _UEP0bits
  0000                00039         extern  _UEP1bits
  0000                00040         extern  _UEP2bits
  0000                00041         extern  _UEP3bits
  0000                00042         extern  _UEP4bits
  0000                00043         extern  _UEP5bits
  0000                00044         extern  _UEP6bits
  0000                00045         extern  _UEP7bits
  0000                00046         extern  _UEP8bits
  0000                00047         extern  _UEP9bits
  0000                00048         extern  _UEP10bits
  0000                00049         extern  _UEP11bits
  0000                00050         extern  _UEP12bits
  0000                00051         extern  _UEP13bits
  0000                00052         extern  _UEP14bits
  0000                00053         extern  _UEP15bits
gpasm-1.5.0 #1285 (Jul 12 2020) obj/sdcc-18f2   11/12/23  13:12:39          PAGE  2


LOC    OBJECT CODE    LINE  SOURCE TEXT
  VALUE

  0000                00054         extern  _PORTAbits
  0000                00055         extern  _PORTBbits
  0000                00056         extern  _PORTCbits
  0000                00057         extern  _PORTEbits
  0000                00058         extern  _LATAbits
  0000                00059         extern  _LATBbits
  0000                00060         extern  _LATCbits
  0000                00061         extern  _DDRAbits
  0000                00062         extern  _TRISAbits
  0000                00063         extern  _DDRBbits
  0000                00064         extern  _TRISBbits
  0000                00065         extern  _DDRCbits
  0000                00066         extern  _TRISCbits
  0000                00067         extern  _OSCTUNEbits
  0000                00068         extern  _PIE1bits
  0000                00069         extern  _PIR1bits
  0000                00070         extern  _IPR1bits
  0000                00071         extern  _PIE2bits
  0000                00072         extern  _PIR2bits
  0000                00073         extern  _IPR2bits
  0000                00074         extern  _EECON1bits
  0000                00075         extern  _RCSTAbits
  0000                00076         extern  _TXSTAbits
  0000                00077         extern  _T3CONbits
  0000                00078         extern  _CMCONbits
  0000                00079         extern  _CVRCONbits
  0000                00080         extern  _CCP1ASbits
  0000                00081         extern  _ECCP1ASbits
  0000                00082         extern  _CCP1DELbits
  0000                00083         extern  _ECCP1DELbits
  0000                00084         extern  _BAUDCONbits
  0000                00085         extern  _BAUDCTLbits
  0000                00086         extern  _CCP2CONbits
  0000                00087         extern  _CCP1CONbits
  0000                00088         extern  _ADCON2bits
  0000                00089         extern  _ADCON1bits
  0000                00090         extern  _ADCON0bits
  0000                00091         extern  _SSPCON2bits
  0000                00092         extern  _SSPCON1bits
  0000                00093         extern  _SSPSTATbits
  0000                00094         extern  _T2CONbits
  0000                00095         extern  _T1CONbits
  0000                00096         extern  _RCONbits
  0000                00097         extern  _WDTCONbits
  0000                00098         extern  _HLVDCONbits
  0000                00099         extern  _LVDCONbits
  0000                00100         extern  _OSCCONbits
  0000                00101         extern  _T0CONbits
  0000                00102         extern  _STATUSbits
  0000                00103         extern  _INTCON3bits
  0000                00104         extern  _INTCON2bits
  0000                00105         extern  _INTCONbits
  0000                00106         extern  _STKPTRbits
gpasm-1.5.0 #1285 (Jul 12 2020) obj/sdcc-18f2   11/12/23  13:12:39          PAGE  3


LOC    OBJECT CODE    LINE  SOURCE TEXT
  VALUE

  0000                00107         extern  _ser_rxfifo
  0000                00108         extern  _ser_rxiptr
  0000                00109         extern  _ser_rxoptr
  0000                00110         extern  _ser_txfifo
  0000                00111         extern  _ser_txiptr
  0000                00112         extern  _ser_txoptr
  0000                00113         extern  _ser_tmp
  0000                00114         extern  _ser_brg
  0000                00115         extern  _UFRM
  0000                00116         extern  _UFRML
  0000                00117         extern  _UFRMH
  0000                00118         extern  _UIR
  0000                00119         extern  _UIE
  0000                00120         extern  _UEIR
  0000                00121         extern  _UEIE
  0000                00122         extern  _USTAT
  0000                00123         extern  _UCON
  0000                00124         extern  _UADDR
  0000                00125         extern  _UCFG
  0000                00126         extern  _UEP0
  0000                00127         extern  _UEP1
  0000                00128         extern  _UEP2
  0000                00129         extern  _UEP3
  0000                00130         extern  _UEP4
  0000                00131         extern  _UEP5
  0000                00132         extern  _UEP6
  0000                00133         extern  _UEP7
  0000                00134         extern  _UEP8
  0000                00135         extern  _UEP9
  0000                00136         extern  _UEP10
  0000                00137         extern  _UEP11
  0000                00138         extern  _UEP12
  0000                00139         extern  _UEP13
  0000                00140         extern  _UEP14
  0000                00141         extern  _UEP15
  0000                00142         extern  _PORTA
  0000                00143         extern  _PORTB
  0000                00144         extern  _PORTC
  0000                00145         extern  _PORTE
  0000                00146         extern  _LATA
  0000                00147         extern  _LATB
  0000                00148         extern  _LATC
  0000                00149         extern  _DDRA
  0000                00150         extern  _TRISA
  0000                00151         extern  _DDRB
  0000                00152         extern  _TRISB
  0000                00153         extern  _DDRC
  0000                00154         extern  _TRISC
  0000                00155         extern  _OSCTUNE
  0000                00156         extern  _PIE1
  0000                00157         extern  _PIR1
  0000                00158         extern  _IPR1
  0000                00159         extern  _PIE2
gpasm-1.5.0 #1285 (Jul 12 2020) obj/sdcc-18f2   11/12/23  13:12:39          PAGE  4


LOC    OBJECT CODE    LINE  SOURCE TEXT
  VALUE

  0000                00160         extern  _PIR2
  0000                00161         extern  _IPR2
  0000                00162         extern  _EECON1
  0000                00163         extern  _EECON2
  0000                00164         extern  _EEDATA
  0000                00165         extern  _EEADR
  0000                00166         extern  _RCSTA
  0000                00167         extern  _TXSTA
  0000                00168         extern  _TXREG
  0000                00169         extern  _RCREG
  0000                00170         extern  _SPBRG
  0000                00171         extern  _SPBRGH
  0000                00172         extern  _T3CON
  0000                00173         extern  _TMR3
  0000                00174         extern  _TMR3L
  0000                00175         extern  _TMR3H
  0000                00176         extern  _CMCON
  0000                00177         extern  _CVRCON
  0000                00178         extern  _CCP1AS
  0000                00179         extern  _ECCP1AS
  0000                00180         extern  _CCP1DEL
  0000                00181         extern  _ECCP1DEL
  0000                00182         extern  _BAUDCON
  0000                00183         extern  _BAUDCTL
  0000                00184         extern  _CCP2CON
  0000                00185         extern  _CCPR2
  0000                00186         extern  _CCPR2L
  0000                00187         extern  _CCPR2H
  0000                00188         extern  _CCP1CON
  0000                00189         extern  _CCPR1
  0000                00190         extern  _CCPR1L
  0000                00191         extern  _CCPR1H
  0000                00192         extern  _ADCON2
  0000                00193         extern  _ADCON1
  0000                00194         extern  _ADCON0
  0000                00195         extern  _ADRES
  0000                00196         extern  _ADRESL
  0000                00197         extern  _ADRESH
  0000                00198         extern  _SSPCON2
  0000                00199         extern  _SSPCON1
  0000                00200         extern  _SSPSTAT
  0000                00201         extern  _SSPADD
  0000                00202         extern  _SSPBUF
  0000                00203         extern  _T2CON
  0000                00204         extern  _PR2
  0000                00205         extern  _TMR2
  0000                00206         extern  _T1CON
  0000                00207         extern  _TMR1
  0000                00208         extern  _TMR1L
  0000                00209         extern  _TMR1H
  0000                00210         extern  _RCON
  0000                00211         extern  _WDTCON
  0000                00212         extern  _HLVDCON
gpasm-1.5.0 #1285 (Jul 12 2020) obj/sdcc-18f2   11/12/23  13:12:39          PAGE  5


LOC    OBJECT CODE    LINE  SOURCE TEXT
  VALUE

  0000                00213         extern  _LVDCON
  0000                00214         extern  _OSCCON
  0000                00215         extern  _T0CON
  0000                00216         extern  _TMR0
  0000                00217         extern  _TMR0L
  0000                00218         extern  _TMR0H
  0000                00219         extern  _STATUS
  0000                00220         extern  _FSR2L
  0000                00221         extern  _FSR2H
  0000                00222         extern  _PLUSW2
  0000                00223         extern  _PREINC2
  0000                00224         extern  _POSTDEC2
  0000                00225         extern  _POSTINC2
  0000                00226         extern  _INDF2
  0000                00227         extern  _BSR
  0000                00228         extern  _FSR1L
  0000                00229         extern  _FSR1H
  0000                00230         extern  _PLUSW1
  0000                00231         extern  _PREINC1
  0000                00232         extern  _POSTDEC1
  0000                00233         extern  _POSTINC1
  0000                00234         extern  _INDF1
  0000                00235         extern  _WREG
  0000                00236         extern  _FSR0L
  0000                00237         extern  _FSR0H
  0000                00238         extern  _PLUSW0
  0000                00239         extern  _PREINC0
  0000                00240         extern  _POSTDEC0
  0000                00241         extern  _POSTINC0
  0000                00242         extern  _INDF0
  0000                00243         extern  _INTCON3
  0000                00244         extern  _INTCON2
  0000                00245         extern  _INTCON
  0000                00246         extern  _PROD
  0000                00247         extern  _PRODL
  0000                00248         extern  _PRODH
  0000                00249         extern  _TABLAT
  0000                00250         extern  _TBLPTR
  0000                00251         extern  _TBLPTRL
  0000                00252         extern  _TBLPTRH
  0000                00253         extern  _TBLPTRU
  0000                00254         extern  _PC
  0000                00255         extern  _PCL
  0000                00256         extern  _PCLATH
  0000                00257         extern  _PCLATU
  0000                00258         extern  _STKPTR
  0000                00259         extern  _TOS
  0000                00260         extern  _TOSL
  0000                00261         extern  _TOSH
  0000                00262         extern  _TOSU
  0000                00263         extern  _buffer_putch
  0000                00264         extern  _lcd_puts
  0000                00265         extern  _lcd_gotoxy
gpasm-1.5.0 #1285 (Jul 12 2020) obj/sdcc-18f2   11/12/23  13:12:39          PAGE  6


LOC    OBJECT CODE    LINE  SOURCE TEXT
  VALUE

  0000                00266         extern  _lcd_putch
  0000                00267         extern  _ser_putch
  0000                00268         extern  _ser_puts
  0000                00269         extern  _format_number
  0000                00270         extern  __divuint
  0000                00271         extern  __moduint
  0000                00272         extern  _logo_image
                      00273 
                      00274 ;--------------------------------------------------------
                      00275 ;       Equates to used internal registers
                      00276 ;--------------------------------------------------------
  00000FD8            00277 STATUS  equ     0xfd8
  00000FE8            00278 WREG    equ     0xfe8
  00000FE9            00279 FSR0L   equ     0xfe9
  00000FEA            00280 FSR0H   equ     0xfea
  00000FE1            00281 FSR1L   equ     0xfe1
  00000FD9            00282 FSR2L   equ     0xfd9
  00000FEF            00283 INDF0   equ     0xfef
  00000FE6            00284 POSTINC1        equ     0xfe6
  00000FE5            00285 POSTDEC1        equ     0xfe5
  00000FE4            00286 PREINC1 equ     0xfe4
  00000FDB            00287 PLUSW2  equ     0xfdb
  00000FF3            00288 PRODL   equ     0xff3
                      00289 
                      00290 
                      00291         idata
000000 00 00 00 00 00 00292 _print_unit_units_65536_50      db      LOW(___str_0), HIGH(___str_0), UPPER(___str_0), LOW(___str_1), H
                            IGH(___str_1), UPPER(___str_1), LOW(___str_2), HIGH(___str_2), UPPER(___str_2), LOW(___str_3), HIGH(___s
                            tr_3), UPPER(___str_3)
       00 00 00 00 00 
       00 00          
00000C 00 00 00 00 00 00293         db      LOW(___str_4), HIGH(___str_4), UPPER(___str_4), LOW(___str_5), HIGH(___str_5), UPPER(___
                            str_5), LOW(___str_6), HIGH(___str_6), UPPER(___str_6), LOW(___str_7), HIGH(___str_7), UPPER(___str_7)
       00 00 00 00 00 
       00 00          
                      00294 
                      00295 
                      00296 ; Internal registers
                      00297 .registers      udata_ovr       0x0000
000000                00298 r0x00   res     1
000001                00299 r0x01   res     1
000002                00300 r0x02   res     1
000003                00301 r0x03   res     1
000004                00302 r0x04   res     1
000005                00303 r0x05   res     1
000006                00304 r0x06   res     1
000007                00305 r0x07   res     1
                      00306 
                      00307 ;--------------------------------------------------------
                      00308 ; global & static initialisations
                      00309 ;--------------------------------------------------------
                      00310 ; I code from now on!
                      00311 ; ; Starting pCode block
gpasm-1.5.0 #1285 (Jul 12 2020) obj/sdcc-18f2   11/12/23  13:12:39          PAGE  7


LOC    OBJECT CODE    LINE  SOURCE TEXT
  VALUE

                      00312 S_print__print_buffer   code
000000                00313 _print_buffer:
                      00314 ;       .line   510; src/print.c        print_buffer(void) {
000000 CFD9 FFE5      00315         MOVFF   FSR2L, POSTDEC1
000004 CFE1 FFD9      00316         MOVFF   FSR1L, FSR2L
000008 C??? F???      00317         MOVFF   r0x00, POSTDEC1
00000C C??? F???      00318         MOVFF   r0x01, POSTDEC1
000010 C??? F???      00319         MOVFF   r0x02, POSTDEC1
                      00320 ;       .line   513; src/print.c        for(i = 0; i < buffer.n; i++) {
000014 6A??           00321         CLRF    r0x00
000016                00322 _00163_DS_:
000016 010?           00323         BANKSEL (_buffer + 16)
000018 51??           00324         MOVF    (_buffer + 16), W, B
00001A 38E8           00325         SWAPF   WREG, W
00001C 0B0F           00326         ANDLW   0x0f
00001E 6E??           00327         MOVWF   r0x01
000020 50??           00328         MOVF    r0x00, W
000022 6E??           00329         MOVWF   r0x02
000024 50??           00330         MOVF    r0x02, W
000026 0F80           00331         ADDLW   0x80
000028 6EF3           00332         MOVWF   PRODL
00002A 50??           00333         MOVF    r0x01, W
00002C 0F80           00334         ADDLW   0x80
00002E 5CF3           00335         SUBWF   PRODL, W
000030 E2??           00336         BC      _00161_DS_
                      00337 ;       .line   514; src/print.c        ser_putch(buffer.x[i]);
000032 0E??           00338         MOVLW   LOW(_buffer)
000034 24??           00339         ADDWF   r0x00, W
000036 6E??           00340         MOVWF   r0x01
000038 6A??           00341         CLRF    r0x02
00003A 0E??           00342         MOVLW   HIGH(_buffer)
00003C 22??           00343         ADDWFC  r0x02, F
00003E C??? F???      00344         MOVFF   r0x01, FSR0L
000042 C??? F???      00345         MOVFF   r0x02, FSR0H
000046 CFEF F000      00346         MOVFF   INDF0, r0x01
00004A 50??           00347         MOVF    r0x01, W
00004C 6EE5           00348         MOVWF   POSTDEC1
00004E EC?? F0??      00349         CALL    _ser_putch
000052 52E6           00350         MOVF    POSTINC1, F
                      00351 ;       .line   513; src/print.c        for(i = 0; i < buffer.n; i++) {
000054 2A??           00352         INCF    r0x00, F
000056 D???           00353         BRA     _00163_DS_
000058                00354 _00161_DS_:
                      00355 ;       .line   516; src/print.c        ser_puts("\r\n");
000058 0E??           00356         MOVLW   UPPER(___str_11)
00005A 6E??           00357         MOVWF   r0x02
00005C 0E??           00358         MOVLW   HIGH(___str_11)
00005E 6E??           00359         MOVWF   r0x01
000060 0E??           00360         MOVLW   LOW(___str_11)
000062 6E??           00361         MOVWF   r0x00
000064 50??           00362         MOVF    r0x02, W
000066 6EE5           00363         MOVWF   POSTDEC1
000068 50??           00364         MOVF    r0x01, W
gpasm-1.5.0 #1285 (Jul 12 2020) obj/sdcc-18f2   11/12/23  13:12:39          PAGE  8


LOC    OBJECT CODE    LINE  SOURCE TEXT
  VALUE

00006A 6EE5           00365         MOVWF   POSTDEC1
00006C 50??           00366         MOVF    r0x00, W
00006E 6EE5           00367         MOVWF   POSTDEC1
000070 EC?? F0??      00368         CALL    _ser_puts
000074 0E03           00369         MOVLW   0x03
000076 26E1           00370         ADDWF   FSR1L, F
                      00371 ;       .line   518; src/print.c        }
000078 CFE4 F000      00372         MOVFF   PREINC1, r0x02
00007C CFE4 F000      00373         MOVFF   PREINC1, r0x01
000080 CFE4 F000      00374         MOVFF   PREINC1, r0x00
000084 CFE4 FFD9      00375         MOVFF   PREINC1, FSR2L
000088 0012           00376         RETURN  
                      00377 
                      00378 ; ; Starting pCode block
                      00379 S_print__put_str        code
000000                00380 _put_str:
                      00381 ;       .line   501; src/print.c        put_str(const char* s) {
000000 CFD9 FFE5      00382         MOVFF   FSR2L, POSTDEC1
000004 CFE1 FFD9      00383         MOVFF   FSR1L, FSR2L
000008 C??? F???      00384         MOVFF   r0x00, POSTDEC1
00000C C??? F???      00385         MOVFF   r0x01, POSTDEC1
000010 C??? F???      00386         MOVFF   r0x02, POSTDEC1
000014 C??? F???      00387         MOVFF   r0x03, POSTDEC1
000018 C??? F???      00388         MOVFF   r0x04, POSTDEC1
00001C C??? F???      00389         MOVFF   r0x05, POSTDEC1
000020 C??? F???      00390         MOVFF   r0x06, POSTDEC1
000024 C??? F???      00391         MOVFF   r0x07, POSTDEC1
000028 0E02           00392         MOVLW   0x02
00002A CFDB F000      00393         MOVFF   PLUSW2, r0x00
00002E 0E03           00394         MOVLW   0x03
000030 CFDB F000      00395         MOVFF   PLUSW2, r0x01
000034 0E04           00396         MOVLW   0x04
000036 CFDB F000      00397         MOVFF   PLUSW2, r0x02
                      00398 ;       .line   504; src/print.c        for(i = 0; s[i]; i++) {
00003A 6A??           00399         CLRF    r0x03
00003C 6A??           00400         CLRF    r0x04
00003E                00401 _00154_DS_:
00003E 50??           00402         MOVF    r0x03, W
000040 6E??           00403         MOVWF   r0x05
000042 50??           00404         MOVF    r0x04, W
000044 6E??           00405         MOVWF   r0x06
000046 6A??           00406         CLRF    r0x07
000048 50??           00407         MOVF    r0x00, W
00004A 26??           00408         ADDWF   r0x05, F
00004C 50??           00409         MOVF    r0x01, W
00004E 22??           00410         ADDWFC  r0x06, F
000050 50??           00411         MOVF    r0x02, W
000052 22??           00412         ADDWFC  r0x07, F
000054 C??? F???      00413         MOVFF   r0x05, FSR0L
000058 C??? F???      00414         MOVFF   r0x06, PRODL
00005C 50??           00415         MOVF    r0x07, W
00005E EC?? F0??      00416         CALL    __gptrget1
000062 6E??           00417         MOVWF   r0x05
gpasm-1.5.0 #1285 (Jul 12 2020) obj/sdcc-18f2   11/12/23  13:12:39          PAGE  9


LOC    OBJECT CODE    LINE  SOURCE TEXT
  VALUE

000064 50??           00418         MOVF    r0x05, W
000066 E0??           00419         BZ      _00156_DS_
                      00420 ;       .line   505; src/print.c        output_putch(s[i]);
000068 50??           00421         MOVF    r0x05, W
00006A 6EE5           00422         MOVWF   POSTDEC1
00006C EC?? F0??      00423         CALL    _output_putch
000070 52E6           00424         MOVF    POSTINC1, F
                      00425 ;       .line   504; src/print.c        for(i = 0; s[i]; i++) {
000072 4A??           00426         INFSNZ  r0x03, F
000074 2A??           00427         INCF    r0x04, F
000076 D???           00428         BRA     _00154_DS_
000078                00429 _00156_DS_:
                      00430 ;       .line   507; src/print.c        }
000078 CFE4 F000      00431         MOVFF   PREINC1, r0x07
00007C CFE4 F000      00432         MOVFF   PREINC1, r0x06
000080 CFE4 F000      00433         MOVFF   PREINC1, r0x05
000084 CFE4 F000      00434         MOVFF   PREINC1, r0x04
000088 CFE4 F000      00435         MOVFF   PREINC1, r0x03
00008C CFE4 F000      00436         MOVFF   PREINC1, r0x02
000090 CFE4 F000      00437         MOVFF   PREINC1, r0x01
000094 CFE4 F000      00438         MOVFF   PREINC1, r0x00
000098 CFE4 FFD9      00439         MOVFF   PREINC1, FSR2L
00009C 0012           00440         RETURN  
                      00441 
                      00442 ; ; Starting pCode block
                      00443 S_print__output_putch   code
000000                00444 _output_putch:
                      00445 ;       .line   488; src/print.c        output_putch(char c) {
000000 CFD9 FFE5      00446         MOVFF   FSR2L, POSTDEC1
000004 CFE1 FFD9      00447         MOVFF   FSR1L, FSR2L
000008 C??? F???      00448         MOVFF   r0x00, POSTDEC1
00000C 0E02           00449         MOVLW   0x02
00000E CFDB F000      00450         MOVFF   PLUSW2, r0x00
                      00451 ;       .line   490; src/print.c        lcd_putch(c);
000012 50??           00452         MOVF    r0x00, W
000014 6EE5           00453         MOVWF   POSTDEC1
000016 EC?? F0??      00454         CALL    _lcd_putch
00001A 52E6           00455         MOVF    POSTINC1, F
                      00456 ;       .line   493; src/print.c        ser_putch(c);
00001C 50??           00457         MOVF    r0x00, W
00001E 6EE5           00458         MOVWF   POSTDEC1
000020 EC?? F0??      00459         CALL    _ser_putch
000024 52E6           00460         MOVF    POSTINC1, F
                      00461 ;       .line   495; src/print.c        }
000026 CFE4 F000      00462         MOVFF   PREINC1, r0x00
00002A CFE4 FFD9      00463         MOVFF   PREINC1, FSR2L
00002E 0012           00464         RETURN  
                      00465 
                      00466 ; ; Starting pCode block
                      00467 S_print__print_indicator        code
000000                00468 _print_indicator:
                      00469 ;       .line   464; src/print.c        print_indicator(uint8_t indicate) {
000000 CFD9 FFE5      00470         MOVFF   FSR2L, POSTDEC1
gpasm-1.5.0 #1285 (Jul 12 2020) obj/sdcc-18f2   11/12/23  13:12:39          PAGE 10


LOC    OBJECT CODE    LINE  SOURCE TEXT
  VALUE

000004 CFE1 FFD9      00471         MOVFF   FSR1L, FSR2L
000008 C??? F???      00472         MOVFF   r0x00, POSTDEC1
00000C C??? F???      00473         MOVFF   r0x01, POSTDEC1
000010 C??? F???      00474         MOVFF   r0x02, POSTDEC1
000014 0E02           00475         MOVLW   0x02
000016 CFDB F000      00476         MOVFF   PLUSW2, r0x00
                      00477 ;       .line   478; src/print.c        lcd_gotoxy(0, 1);
00001A 0E01           00478         MOVLW   0x01
00001C 6EE5           00479         MOVWF   POSTDEC1
00001E 0E00           00480         MOVLW   0x00
000020 6EE5           00481         MOVWF   POSTDEC1
000022 EC?? F0??      00482         CALL    _lcd_gotoxy
000026 52E6           00483         MOVF    POSTINC1, F
000028 52E6           00484         MOVF    POSTINC1, F
                      00485 ;       .line   479; src/print.c        if(indicate) {
00002A 50??           00486         MOVF    r0x00, W
00002C E0??           00487         BZ      _00140_DS_
                      00488 ;       .line   480; src/print.c        lcd_puts("-*-");
00002E 0E??           00489         MOVLW   UPPER(___str_9)
000030 6E??           00490         MOVWF   r0x02
000032 0E??           00491         MOVLW   HIGH(___str_9)
000034 6E??           00492         MOVWF   r0x01
000036 0E??           00493         MOVLW   LOW(___str_9)
000038 6E??           00494         MOVWF   r0x00
00003A 50??           00495         MOVF    r0x02, W
00003C 6EE5           00496         MOVWF   POSTDEC1
00003E 50??           00497         MOVF    r0x01, W
000040 6EE5           00498         MOVWF   POSTDEC1
000042 50??           00499         MOVF    r0x00, W
000044 6EE5           00500         MOVWF   POSTDEC1
000046 EC?? F0??      00501         CALL    _lcd_puts
00004A 0E03           00502         MOVLW   0x03
00004C 26E1           00503         ADDWF   FSR1L, F
00004E D???           00504         BRA     _00142_DS_
000050                00505 _00140_DS_:
                      00506 ;       .line   482; src/print.c        lcd_puts("   ");
000050 0E??           00507         MOVLW   UPPER(___str_10)
000052 6E??           00508         MOVWF   r0x02
000054 0E??           00509         MOVLW   HIGH(___str_10)
000056 6E??           00510         MOVWF   r0x01
000058 0E??           00511         MOVLW   LOW(___str_10)
00005A 6E??           00512         MOVWF   r0x00
00005C 50??           00513         MOVF    r0x02, W
00005E 6EE5           00514         MOVWF   POSTDEC1
000060 50??           00515         MOVF    r0x01, W
000062 6EE5           00516         MOVWF   POSTDEC1
000064 50??           00517         MOVF    r0x00, W
000066 6EE5           00518         MOVWF   POSTDEC1
000068 EC?? F0??      00519         CALL    _lcd_puts
00006C 0E03           00520         MOVLW   0x03
00006E 26E1           00521         ADDWF   FSR1L, F
000070                00522 _00142_DS_:
                      00523 ;       .line   485; src/print.c        }
gpasm-1.5.0 #1285 (Jul 12 2020) obj/sdcc-18f2   11/12/23  13:12:39          PAGE 11


LOC    OBJECT CODE    LINE  SOURCE TEXT
  VALUE

000070 CFE4 F000      00524         MOVFF   PREINC1, r0x02
000074 CFE4 F000      00525         MOVFF   PREINC1, r0x01
000078 CFE4 F000      00526         MOVFF   PREINC1, r0x00
00007C CFE4 FFD9      00527         MOVFF   PREINC1, FSR2L
000080 0012           00528         RETURN  
                      00529 
                      00530 ; ; Starting pCode block
                      00531 S_print__print_reading  code
000000                00532 _print_reading:
                      00533 ;       .line   424; src/print.c        print_reading(uint16_t measurement) {
000000 CFD9 FFE5      00534         MOVFF   FSR2L, POSTDEC1
000004 CFE1 FFD9      00535         MOVFF   FSR1L, FSR2L
000008 C??? F???      00536         MOVFF   r0x00, POSTDEC1
00000C C??? F???      00537         MOVFF   r0x01, POSTDEC1
000010 C??? F???      00538         MOVFF   r0x02, POSTDEC1
000014 C??? F???      00539         MOVFF   r0x03, POSTDEC1
000018 C??? F???      00540         MOVFF   r0x04, POSTDEC1
00001C 0E02           00541         MOVLW   0x02
00001E CFDB F000      00542         MOVFF   PLUSW2, r0x00
000022 0E03           00543         MOVLW   0x03
000024 CFDB F000      00544         MOVFF   PLUSW2, r0x01
                      00545 ;       .line   451; src/print.c        lcd_gotoxy(9, 0);
000028 0E00           00546         MOVLW   0x00
00002A 6EE5           00547         MOVWF   POSTDEC1
00002C 0E09           00548         MOVLW   0x09
00002E 6EE5           00549         MOVWF   POSTDEC1
000030 EC?? F0??      00550         CALL    _lcd_gotoxy
000034 52E6           00551         MOVF    POSTINC1, F
000036 52E6           00552         MOVF    POSTINC1, F
                      00553 ;       .line   452; src/print.c        lcd_puts("     ");
000038 0E??           00554         MOVLW   UPPER(___str_8)
00003A 6E??           00555         MOVWF   r0x04
00003C 0E??           00556         MOVLW   HIGH(___str_8)
00003E 6E??           00557         MOVWF   r0x03
000040 0E??           00558         MOVLW   LOW(___str_8)
000042 6E??           00559         MOVWF   r0x02
000044 50??           00560         MOVF    r0x04, W
000046 6EE5           00561         MOVWF   POSTDEC1
000048 50??           00562         MOVF    r0x03, W
00004A 6EE5           00563         MOVWF   POSTDEC1
00004C 50??           00564         MOVF    r0x02, W
00004E 6EE5           00565         MOVWF   POSTDEC1
000050 EC?? F0??      00566         CALL    _lcd_puts
000054 0E03           00567         MOVLW   0x03
000056 26E1           00568         ADDWF   FSR1L, F
                      00569 ;       .line   453; src/print.c        lcd_gotoxy(9, 0);
000058 0E00           00570         MOVLW   0x00
00005A 6EE5           00571         MOVWF   POSTDEC1
00005C 0E09           00572         MOVLW   0x09
00005E 6EE5           00573         MOVWF   POSTDEC1
000060 EC?? F0??      00574         CALL    _lcd_gotoxy
000064 52E6           00575         MOVF    POSTINC1, F
000066 52E6           00576         MOVF    POSTINC1, F
gpasm-1.5.0 #1285 (Jul 12 2020) obj/sdcc-18f2   11/12/23  13:12:39          PAGE 12


LOC    OBJECT CODE    LINE  SOURCE TEXT
  VALUE

                      00577 ;       .line   455; src/print.c        format_number(&buffer_putch, measurement / 100, 10, 0);
000068 0E00           00578         MOVLW   0x00
00006A 6EE5           00579         MOVWF   POSTDEC1
00006C 0E64           00580         MOVLW   0x64
00006E 6EE5           00581         MOVWF   POSTDEC1
000070 50??           00582         MOVF    r0x01, W
000072 6EE5           00583         MOVWF   POSTDEC1
000074 50??           00584         MOVF    r0x00, W
000076 6EE5           00585         MOVWF   POSTDEC1
000078 EC?? F0??      00586         CALL    __divuint
00007C 6E??           00587         MOVWF   r0x02
00007E CFF3 F000      00588         MOVFF   PRODL, r0x03
000082 0E04           00589         MOVLW   0x04
000084 26E1           00590         ADDWF   FSR1L, F
000086 0E00           00591         MOVLW   0x00
000088 6EE5           00592         MOVWF   POSTDEC1
00008A 0E0A           00593         MOVLW   0x0a
00008C 6EE5           00594         MOVWF   POSTDEC1
00008E 50??           00595         MOVF    r0x03, W
000090 6EE5           00596         MOVWF   POSTDEC1
000092 50??           00597         MOVF    r0x02, W
000094 6EE5           00598         MOVWF   POSTDEC1
000096 0E??           00599         MOVLW   UPPER(_buffer_putch)
000098 6EE5           00600         MOVWF   POSTDEC1
00009A 0E??           00601         MOVLW   HIGH(_buffer_putch)
00009C 6EE5           00602         MOVWF   POSTDEC1
00009E 0E??           00603         MOVLW   LOW(_buffer_putch)
0000A0 6EE5           00604         MOVWF   POSTDEC1
0000A2 EC?? F0??      00605         CALL    _format_number
0000A6 0E07           00606         MOVLW   0x07
0000A8 26E1           00607         ADDWF   FSR1L, F
                      00608 ;       .line   457; src/print.c        format_number(&buffer_putch, measurement % 100, 10, 0);
0000AA 0E00           00609         MOVLW   0x00
0000AC 6EE5           00610         MOVWF   POSTDEC1
0000AE 0E64           00611         MOVLW   0x64
0000B0 6EE5           00612         MOVWF   POSTDEC1
0000B2 50??           00613         MOVF    r0x01, W
0000B4 6EE5           00614         MOVWF   POSTDEC1
0000B6 50??           00615         MOVF    r0x00, W
0000B8 6EE5           00616         MOVWF   POSTDEC1
0000BA EC?? F0??      00617         CALL    __moduint
0000BE 6E??           00618         MOVWF   r0x00
0000C0 CFF3 F000      00619         MOVFF   PRODL, r0x01
0000C4 0E04           00620         MOVLW   0x04
0000C6 26E1           00621         ADDWF   FSR1L, F
0000C8 0E00           00622         MOVLW   0x00
0000CA 6EE5           00623         MOVWF   POSTDEC1
0000CC 0E0A           00624         MOVLW   0x0a
0000CE 6EE5           00625         MOVWF   POSTDEC1
0000D0 50??           00626         MOVF    r0x01, W
0000D2 6EE5           00627         MOVWF   POSTDEC1
0000D4 50??           00628         MOVF    r0x00, W
0000D6 6EE5           00629         MOVWF   POSTDEC1
gpasm-1.5.0 #1285 (Jul 12 2020) obj/sdcc-18f2   11/12/23  13:12:39          PAGE 13


LOC    OBJECT CODE    LINE  SOURCE TEXT
  VALUE

0000D8 0E??           00630         MOVLW   UPPER(_buffer_putch)
0000DA 6EE5           00631         MOVWF   POSTDEC1
0000DC 0E??           00632         MOVLW   HIGH(_buffer_putch)
0000DE 6EE5           00633         MOVWF   POSTDEC1
0000E0 0E??           00634         MOVLW   LOW(_buffer_putch)
0000E2 6EE5           00635         MOVWF   POSTDEC1
0000E4 EC?? F0??      00636         CALL    _format_number
0000E8 0E07           00637         MOVLW   0x07
0000EA 26E1           00638         ADDWF   FSR1L, F
                      00639 ;       .line   460; src/print.c        }
0000EC CFE4 F000      00640         MOVFF   PREINC1, r0x04
0000F0 CFE4 F000      00641         MOVFF   PREINC1, r0x03
0000F4 CFE4 F000      00642         MOVFF   PREINC1, r0x02
0000F8 CFE4 F000      00643         MOVFF   PREINC1, r0x01
0000FC CFE4 F000      00644         MOVFF   PREINC1, r0x00
000100 CFE4 FFD9      00645         MOVFF   PREINC1, FSR2L
000104 0012           00646         RETURN  
                      00647 
                      00648 ; ; Starting pCode block
                      00649 S_print__print_unit     code
000000                00650 _print_unit:
                      00651 ;       .line   401; src/print.c        print_unit(uint8_t unit) {
000000 CFD9 FFE5      00652         MOVFF   FSR2L, POSTDEC1
000004 CFE1 FFD9      00653         MOVFF   FSR1L, FSR2L
000008 C??? F???      00654         MOVFF   r0x00, POSTDEC1
00000C C??? F???      00655         MOVFF   r0x01, POSTDEC1
                      00656 ;       .line   410; src/print.c        lcd_gotoxy(14, 0);
000010 0E00           00657         MOVLW   0x00
000012 6EE5           00658         MOVWF   POSTDEC1
000014 0E0E           00659         MOVLW   0x0e
000016 6EE5           00660         MOVWF   POSTDEC1
000018 EC?? F0??      00661         CALL    _lcd_gotoxy
00001C 52E6           00662         MOVF    POSTINC1, F
00001E 52E6           00663         MOVF    POSTINC1, F
000020 010?           00664         BANKSEL (_buffer + 16)
                      00665 ;       .line   414; src/print.c        lcd_gotoxy(16 - BUFFER_LEN(), 0);
000022 51??           00666         MOVF    (_buffer + 16), W, B
000024 38E8           00667         SWAPF   WREG, W
000026 0B0F           00668         ANDLW   0x0f
000028 6E??           00669         MOVWF   r0x00
00002A 010?           00670         BANKSEL (_buffer + 16)
00002C 51??           00671         MOVF    (_buffer + 16), W, B
00002E 0B0F           00672         ANDLW   0x0f
000030 6E??           00673         MOVWF   r0x01
000032 50??           00674         MOVF    r0x01, W
000034 5E??           00675         SUBWF   r0x00, F
000036 50??           00676         MOVF    r0x00, W
000038 0810           00677         SUBLW   0x10
00003A 6E??           00678         MOVWF   r0x00
00003C 0E00           00679         MOVLW   0x00
00003E 6EE5           00680         MOVWF   POSTDEC1
000040 50??           00681         MOVF    r0x00, W
000042 6EE5           00682         MOVWF   POSTDEC1
gpasm-1.5.0 #1285 (Jul 12 2020) obj/sdcc-18f2   11/12/23  13:12:39          PAGE 14


LOC    OBJECT CODE    LINE  SOURCE TEXT
  VALUE

000044 EC?? F0??      00683         CALL    _lcd_gotoxy
000048 52E6           00684         MOVF    POSTINC1, F
00004A 52E6           00685         MOVF    POSTINC1, F
                      00686 ;       .line   421; src/print.c        }
00004C CFE4 F000      00687         MOVFF   PREINC1, r0x01
000050 CFE4 F000      00688         MOVFF   PREINC1, r0x00
000054 CFE4 FFD9      00689         MOVFF   PREINC1, FSR2L
000058 0012           00690         RETURN  
                      00691 
                      00692 ; ; Starting pCode block
                      00693 S_print__print_digit    code
000000                00694 _print_digit:
                      00695 ;       .line   379; src/print.c        print_digit(uint8_t line, uint8_t column, uint8_t digit) {
000000 CFD9 FFE5      00696         MOVFF   FSR2L, POSTDEC1
000004 CFE1 FFD9      00697         MOVFF   FSR1L, FSR2L
000008 C??? F???      00698         MOVFF   r0x00, POSTDEC1
00000C C??? F???      00699         MOVFF   r0x01, POSTDEC1
000010 0E03           00700         MOVLW   0x03
000012 CFDB F000      00701         MOVFF   PLUSW2, r0x00
000016 0E04           00702         MOVLW   0x04
000018 CFDB F000      00703         MOVFF   PLUSW2, r0x01
                      00704 ;       .line   394; src/print.c        lcd_gotoxy(column, /*line - 1*/ 0);
00001C 0E00           00705         MOVLW   0x00
00001E 6EE5           00706         MOVWF   POSTDEC1
000020 50??           00707         MOVF    r0x00, W
000022 6EE5           00708         MOVWF   POSTDEC1
000024 EC?? F0??      00709         CALL    _lcd_gotoxy
000028 52E6           00710         MOVF    POSTINC1, F
00002A 52E6           00711         MOVF    POSTINC1, F
                      00712 ;       .line   395; src/print.c        lcd_putch('0' + digit);
00002C 0E30           00713         MOVLW   0x30
00002E 26??           00714         ADDWF   r0x01, F
000030 50??           00715         MOVF    r0x01, W
000032 6EE5           00716         MOVWF   POSTDEC1
000034 EC?? F0??      00717         CALL    _lcd_putch
000038 52E6           00718         MOVF    POSTINC1, F
                      00719 ;       .line   397; src/print.c        }
00003A CFE4 F000      00720         MOVFF   PREINC1, r0x01
00003E CFE4 F000      00721         MOVFF   PREINC1, r0x00
000042 CFE4 FFD9      00722         MOVFF   PREINC1, FSR2L
000046 0012           00723         RETURN  
                      00724 
                      00725 ; ; Starting pCode block
                      00726 S_print__lcd_put        code
000000                00727 _lcd_put:
                      00728 ;       .line   23; src/print.c lcd_put(const char* buf, unsigned n) {
000000 CFD9 FFE5      00729         MOVFF   FSR2L, POSTDEC1
000004 CFE1 FFD9      00730         MOVFF   FSR1L, FSR2L
000008 C??? F???      00731         MOVFF   r0x00, POSTDEC1
00000C C??? F???      00732         MOVFF   r0x01, POSTDEC1
000010 C??? F???      00733         MOVFF   r0x02, POSTDEC1
000014 C??? F???      00734         MOVFF   r0x03, POSTDEC1
000018 C??? F???      00735         MOVFF   r0x04, POSTDEC1
gpasm-1.5.0 #1285 (Jul 12 2020) obj/sdcc-18f2   11/12/23  13:12:39          PAGE 15


LOC    OBJECT CODE    LINE  SOURCE TEXT
  VALUE

00001C C??? F???      00736         MOVFF   r0x05, POSTDEC1
000020 C??? F???      00737         MOVFF   r0x06, POSTDEC1
000024 0E02           00738         MOVLW   0x02
000026 CFDB F000      00739         MOVFF   PLUSW2, r0x00
00002A 0E03           00740         MOVLW   0x03
00002C CFDB F000      00741         MOVFF   PLUSW2, r0x01
000030 0E04           00742         MOVLW   0x04
000032 CFDB F000      00743         MOVFF   PLUSW2, r0x02
000036 0E05           00744         MOVLW   0x05
000038 CFDB F000      00745         MOVFF   PLUSW2, r0x03
00003C 0E06           00746         MOVLW   0x06
00003E CFDB F000      00747         MOVFF   PLUSW2, r0x04
000042                00748 _00105_DS_:
                      00749 ;       .line   26; src/print.c while(n--) lcd_putch(*buf++);
000042 C??? F???      00750         MOVFF   r0x03, r0x05
000046 C??? F???      00751         MOVFF   r0x04, r0x06
00004A 0EFF           00752         MOVLW   0xff
00004C 26??           00753         ADDWF   r0x03, F
00004E 22??           00754         ADDWFC  r0x04, F
000050 50??           00755         MOVF    r0x05, W
000052 10??           00756         IORWF   r0x06, W
000054 E0??           00757         BZ      _00108_DS_
000056 C??? F???      00758         MOVFF   r0x00, FSR0L
00005A C??? F???      00759         MOVFF   r0x01, PRODL
00005E 50??           00760         MOVF    r0x02, W
000060 EC?? F0??      00761         CALL    __gptrget1
000064 6E??           00762         MOVWF   r0x05
000066 2A??           00763         INCF    r0x00, F
000068 E3??           00764         BNC     _00119_DS_
00006A 4A??           00765         INFSNZ  r0x01, F
00006C 2A??           00766         INCF    r0x02, F
00006E                00767 _00119_DS_:
00006E 50??           00768         MOVF    r0x05, W
000070 6EE5           00769         MOVWF   POSTDEC1
000072 EC?? F0??      00770         CALL    _lcd_putch
000076 52E6           00771         MOVF    POSTINC1, F
000078 D???           00772         BRA     _00105_DS_
00007A                00773 _00108_DS_:
                      00774 ;       .line   28; src/print.c }
00007A CFE4 F000      00775         MOVFF   PREINC1, r0x06
00007E CFE4 F000      00776         MOVFF   PREINC1, r0x05
000082 CFE4 F000      00777         MOVFF   PREINC1, r0x04
000086 CFE4 F000      00778         MOVFF   PREINC1, r0x03
00008A CFE4 F000      00779         MOVFF   PREINC1, r0x02
00008E CFE4 F000      00780         MOVFF   PREINC1, r0x01
000092 CFE4 F000      00781         MOVFF   PREINC1, r0x00
000096 CFE4 FFD9      00782         MOVFF   PREINC1, FSR2L
00009A 0012           00783         RETURN  
                      00784 
                      00785 ; ; Starting pCode block
00009C                00786 ___str_0:
00009C 0048           00787         DB      0x48, 0x00
                      00788 ; ; Starting pCode block
gpasm-1.5.0 #1285 (Jul 12 2020) obj/sdcc-18f2   11/12/23  13:12:39          PAGE 16


LOC    OBJECT CODE    LINE  SOURCE TEXT
  VALUE

00009E                00789 ___str_1:
00009E 486D 0000      00790         DB      0x6d, 0x48, 0x00
                      00791 ; ; Starting pCode block
0000A2                00792 ___str_2:
0000A2 4875 0000      00793         DB      0x75, 0x48, 0x00
                      00794 ; ; Starting pCode block
0000A6                00795 ___str_3:
0000A6 486E 0000      00796         DB      0x6e, 0x48, 0x00
                      00797 ; ; Starting pCode block
0000AA                00798 ___str_4:
0000AA 466D 0000      00799         DB      0x6d, 0x46, 0x00
                      00800 ; ; Starting pCode block
0000AE                00801 ___str_5:
0000AE 4675 0000      00802         DB      0x75, 0x46, 0x00
                      00803 ; ; Starting pCode block
0000B2                00804 ___str_6:
0000B2 466E 0000      00805         DB      0x6e, 0x46, 0x00
                      00806 ; ; Starting pCode block
0000B6                00807 ___str_7:
0000B6 4670 0000      00808         DB      0x70, 0x46, 0x00
                      00809 ; ; Starting pCode block
0000BA                00810 ___str_8:
0000BA 2020 2020 0020 00811         DB      0x20, 0x20, 0x20, 0x20, 0x20, 0x00
                      00812 ; ; Starting pCode block
0000C0                00813 ___str_9:
0000C0 2A2D 002D      00814         DB      0x2d, 0x2a, 0x2d, 0x00
                      00815 ; ; Starting pCode block
0000C4                00816 ___str_10:
0000C4 2020 0020      00817         DB      0x20, 0x20, 0x20, 0x00
                      00818 ; ; Starting pCode block
0000C8                00819 ___str_11:
0000C8 0A0D 0000      00820         DB      0x0d, 0x0a, 0x00
                      00821 
                      00822 
                      00823 ; Statistics:
                      00824 ; code size:     1078 (0x0436) bytes ( 0.82%)
                      00825 ;                 539 (0x021b) words
                      00826 ; udata size:       0 (0x0000) bytes ( 0.00%)
                      00827 ; access size:      8 (0x0008) bytes
                      00828 
                      00829 
                      00830         end
gpasm-1.5.0 #1285 (Jul 12 2020) obj/sdcc-18f2   11/12/23  13:12:39          PAGE 17


SYMBOL TABLE
  LABEL                              TYPE        VALUE         VALUE          VALUE
                                                 (hex)         (dec)          (text)

FSR0H                             CONSTANT      00000FEA           4074
FSR0L                             CONSTANT      00000FE9           4073
FSR1L                             CONSTANT      00000FE1           4065
FSR2L                             CONSTANT      00000FD9           4057
INDF0                             CONSTANT      00000FEF           4079
PLUSW2                            CONSTANT      00000FDB           4059
POSTDEC1                          CONSTANT      00000FE5           4069
POSTINC1                          CONSTANT      00000FE6           4070
PREINC1                           CONSTANT      00000FE4           4068
PRODL                             CONSTANT      00000FF3           4083
STATUS                            CONSTANT      00000FD8           4056
WREG                              CONSTANT      00000FE8           4072
_00105_DS_                        ADDRESS       00000042             66
_00108_DS_                        ADDRESS       0000007A            122
_00119_DS_                        ADDRESS       0000006E            110
_00140_DS_                        ADDRESS       00000050             80
_00142_DS_                        ADDRESS       00000070            112
_00154_DS_                        ADDRESS       0000003E             62
_00156_DS_                        ADDRESS       00000078            120
_00161_DS_                        ADDRESS       00000058             88
_00163_DS_                        ADDRESS       00000016             22
_ADCON0                           EXTERNAL      00000000              0
_ADCON0bits                       EXTERNAL      00000000              0
_ADCON1                           EXTERNAL      00000000              0
_ADCON1bits                       EXTERNAL      00000000              0
_ADCON2                           EXTERNAL      00000000              0
_ADCON2bits                       EXTERNAL      00000000              0
_ADRES                            EXTERNAL      00000000              0
_ADRESH                           EXTERNAL      00000000              0
_ADRESL                           EXTERNAL      00000000              0
_BAUDCON                          EXTERNAL      00000000              0
_BAUDCONbits                      EXTERNAL      00000000              0
_BAUDCTL                          EXTERNAL      00000000              0
_BAUDCTLbits                      EXTERNAL      00000000              0
_BSR                              EXTERNAL      00000000              0
_CCPR1                            EXTERNAL      00000000              0
_CCPR1H                           EXTERNAL      00000000              0
_CCPR1L                           EXTERNAL      00000000              0
_CCPR2                            EXTERNAL      00000000              0
_CCPR2H                           EXTERNAL      00000000              0
_CCPR2L                           EXTERNAL      00000000              0
_CCP1AS                           EXTERNAL      00000000              0
_CCP1ASbits                       EXTERNAL      00000000              0
_CCP1CON                          EXTERNAL      00000000              0
_CCP1CONbits                      EXTERNAL      00000000              0
_CCP1DEL                          EXTERNAL      00000000              0
_CCP1DELbits                      EXTERNAL      00000000              0
_CCP2CON                          EXTERNAL      00000000              0
_CCP2CONbits                      EXTERNAL      00000000              0
_CMCON                            EXTERNAL      00000000              0
_CMCONbits                        EXTERNAL      00000000              0
_CVRCON                           EXTERNAL      00000000              0
gpasm-1.5.0 #1285 (Jul 12 2020) obj/sdcc-18f2   11/12/23  13:12:39          PAGE 18


SYMBOL TABLE
  LABEL                              TYPE        VALUE         VALUE          VALUE
                                                 (hex)         (dec)          (text)

_CVRCONbits                       EXTERNAL      00000000              0
_DDRA                             EXTERNAL      00000000              0
_DDRAbits                         EXTERNAL      00000000              0
_DDRB                             EXTERNAL      00000000              0
_DDRBbits                         EXTERNAL      00000000              0
_DDRC                             EXTERNAL      00000000              0
_DDRCbits                         EXTERNAL      00000000              0
_ECCP1AS                          EXTERNAL      00000000              0
_ECCP1ASbits                      EXTERNAL      00000000              0
_ECCP1DEL                         EXTERNAL      00000000              0
_ECCP1DELbits                     EXTERNAL      00000000              0
_EEADR                            EXTERNAL      00000000              0
_EECON1                           EXTERNAL      00000000              0
_EECON1bits                       EXTERNAL      00000000              0
_EECON2                           EXTERNAL      00000000              0
_EEDATA                           EXTERNAL      00000000              0
_FSR0H                            EXTERNAL      00000000              0
_FSR0L                            EXTERNAL      00000000              0
_FSR1H                            EXTERNAL      00000000              0
_FSR1L                            EXTERNAL      00000000              0
_FSR2H                            EXTERNAL      00000000              0
_FSR2L                            EXTERNAL      00000000              0
_HLVDCON                          EXTERNAL      00000000              0
_HLVDCONbits                      EXTERNAL      00000000              0
_INDF0                            EXTERNAL      00000000              0
_INDF1                            EXTERNAL      00000000              0
_INDF2                            EXTERNAL      00000000              0
_INTCON                           EXTERNAL      00000000              0
_INTCONbits                       EXTERNAL      00000000              0
_INTCON2                          EXTERNAL      00000000              0
_INTCON2bits                      EXTERNAL      00000000              0
_INTCON3                          EXTERNAL      00000000              0
_INTCON3bits                      EXTERNAL      00000000              0
_IPR1                             EXTERNAL      00000000              0
_IPR1bits                         EXTERNAL      00000000              0
_IPR2                             EXTERNAL      00000000              0
_IPR2bits                         EXTERNAL      00000000              0
_LATA                             EXTERNAL      00000000              0
_LATAbits                         EXTERNAL      00000000              0
_LATB                             EXTERNAL      00000000              0
_LATBbits                         EXTERNAL      00000000              0
_LATC                             EXTERNAL      00000000              0
_LATCbits                         EXTERNAL      00000000              0
_LVDCON                           EXTERNAL      00000000              0
_LVDCONbits                       EXTERNAL      00000000              0
_OSCCON                           EXTERNAL      00000000              0
_OSCCONbits                       EXTERNAL      00000000              0
_OSCTUNE                          EXTERNAL      00000000              0
_OSCTUNEbits                      EXTERNAL      00000000              0
_PC                               EXTERNAL      00000000              0
_PCL                              EXTERNAL      00000000              0
_PCLATH                           EXTERNAL      00000000              0
gpasm-1.5.0 #1285 (Jul 12 2020) obj/sdcc-18f2   11/12/23  13:12:39          PAGE 19


SYMBOL TABLE
  LABEL                              TYPE        VALUE         VALUE          VALUE
                                                 (hex)         (dec)          (text)

_PCLATU                           EXTERNAL      00000000              0
_PIE1                             EXTERNAL      00000000              0
_PIE1bits                         EXTERNAL      00000000              0
_PIE2                             EXTERNAL      00000000              0
_PIE2bits                         EXTERNAL      00000000              0
_PIR1                             EXTERNAL      00000000              0
_PIR1bits                         EXTERNAL      00000000              0
_PIR2                             EXTERNAL      00000000              0
_PIR2bits                         EXTERNAL      00000000              0
_PLUSW0                           EXTERNAL      00000000              0
_PLUSW1                           EXTERNAL      00000000              0
_PLUSW2                           EXTERNAL      00000000              0
_PORTA                            EXTERNAL      00000000              0
_PORTAbits                        EXTERNAL      00000000              0
_PORTB                            EXTERNAL      00000000              0
_PORTBbits                        EXTERNAL      00000000              0
_PORTC                            EXTERNAL      00000000              0
_PORTCbits                        EXTERNAL      00000000              0
_PORTE                            EXTERNAL      00000000              0
_PORTEbits                        EXTERNAL      00000000              0
_POSTDEC0                         EXTERNAL      00000000              0
_POSTDEC1                         EXTERNAL      00000000              0
_POSTDEC2                         EXTERNAL      00000000              0
_POSTINC0                         EXTERNAL      00000000              0
_POSTINC1                         EXTERNAL      00000000              0
_POSTINC2                         EXTERNAL      00000000              0
_PREINC0                          EXTERNAL      00000000              0
_PREINC1                          EXTERNAL      00000000              0
_PREINC2                          EXTERNAL      00000000              0
_PROD                             EXTERNAL      00000000              0
_PRODH                            EXTERNAL      00000000              0
_PRODL                            EXTERNAL      00000000              0
_PR2                              EXTERNAL      00000000              0
_RCON                             EXTERNAL      00000000              0
_RCONbits                         EXTERNAL      00000000              0
_RCREG                            EXTERNAL      00000000              0
_RCSTA                            EXTERNAL      00000000              0
_RCSTAbits                        EXTERNAL      00000000              0
_SPBRG                            EXTERNAL      00000000              0
_SPBRGH                           EXTERNAL      00000000              0
_SSPADD                           EXTERNAL      00000000              0
_SSPBUF                           EXTERNAL      00000000              0
_SSPCON1                          EXTERNAL      00000000              0
_SSPCON1bits                      EXTERNAL      00000000              0
_SSPCON2                          EXTERNAL      00000000              0
_SSPCON2bits                      EXTERNAL      00000000              0
_SSPSTAT                          EXTERNAL      00000000              0
_SSPSTATbits                      EXTERNAL      00000000              0
_STATUS                           EXTERNAL      00000000              0
_STATUSbits                       EXTERNAL      00000000              0
_STKPTR                           EXTERNAL      00000000              0
_STKPTRbits                       EXTERNAL      00000000              0
gpasm-1.5.0 #1285 (Jul 12 2020) obj/sdcc-18f2   11/12/23  13:12:39          PAGE 20


SYMBOL TABLE
  LABEL                              TYPE        VALUE         VALUE          VALUE
                                                 (hex)         (dec)          (text)

_T0CON                            EXTERNAL      00000000              0
_T0CONbits                        EXTERNAL      00000000              0
_TABLAT                           EXTERNAL      00000000              0
_TBLPTR                           EXTERNAL      00000000              0
_TBLPTRH                          EXTERNAL      00000000              0
_TBLPTRL                          EXTERNAL      00000000              0
_TBLPTRU                          EXTERNAL      00000000              0
_TMR0                             EXTERNAL      00000000              0
_TMR0H                            EXTERNAL      00000000              0
_TMR0L                            EXTERNAL      00000000              0
_TMR1                             EXTERNAL      00000000              0
_TMR1H                            EXTERNAL      00000000              0
_TMR1L                            EXTERNAL      00000000              0
_TMR2                             EXTERNAL      00000000              0
_TMR3                             EXTERNAL      00000000              0
_TMR3H                            EXTERNAL      00000000              0
_TMR3L                            EXTERNAL      00000000              0
_TOS                              EXTERNAL      00000000              0
_TOSH                             EXTERNAL      00000000              0
_TOSL                             EXTERNAL      00000000              0
_TOSU                             EXTERNAL      00000000              0
_TRISA                            EXTERNAL      00000000              0
_TRISAbits                        EXTERNAL      00000000              0
_TRISB                            EXTERNAL      00000000              0
_TRISBbits                        EXTERNAL      00000000              0
_TRISC                            EXTERNAL      00000000              0
_TRISCbits                        EXTERNAL      00000000              0
_TXREG                            EXTERNAL      00000000              0
_TXSTA                            EXTERNAL      00000000              0
_TXSTAbits                        EXTERNAL      00000000              0
_T1CON                            EXTERNAL      00000000              0
_T1CONbits                        EXTERNAL      00000000              0
_T2CON                            EXTERNAL      00000000              0
_T2CONbits                        EXTERNAL      00000000              0
_T3CON                            EXTERNAL      00000000              0
_T3CONbits                        EXTERNAL      00000000              0
_UADDR                            EXTERNAL      00000000              0
_UADDRbits                        EXTERNAL      00000000              0
_UCFG                             EXTERNAL      00000000              0
_UCFGbits                         EXTERNAL      00000000              0
_UCON                             EXTERNAL      00000000              0
_UCONbits                         EXTERNAL      00000000              0
_UEIE                             EXTERNAL      00000000              0
_UEIEbits                         EXTERNAL      00000000              0
_UEIR                             EXTERNAL      00000000              0
_UEIRbits                         EXTERNAL      00000000              0
_UEP0                             EXTERNAL      00000000              0
_UEP0bits                         EXTERNAL      00000000              0
_UEP1                             EXTERNAL      00000000              0
_UEP1bits                         EXTERNAL      00000000              0
_UEP2                             EXTERNAL      00000000              0
_UEP2bits                         EXTERNAL      00000000              0
gpasm-1.5.0 #1285 (Jul 12 2020) obj/sdcc-18f2   11/12/23  13:12:39          PAGE 21


SYMBOL TABLE
  LABEL                              TYPE        VALUE         VALUE          VALUE
                                                 (hex)         (dec)          (text)

_UEP3                             EXTERNAL      00000000              0
_UEP3bits                         EXTERNAL      00000000              0
_UEP4                             EXTERNAL      00000000              0
_UEP4bits                         EXTERNAL      00000000              0
_UEP5                             EXTERNAL      00000000              0
_UEP5bits                         EXTERNAL      00000000              0
_UEP6                             EXTERNAL      00000000              0
_UEP6bits                         EXTERNAL      00000000              0
_UEP7                             EXTERNAL      00000000              0
_UEP7bits                         EXTERNAL      00000000              0
_UEP8                             EXTERNAL      00000000              0
_UEP8bits                         EXTERNAL      00000000              0
_UEP9                             EXTERNAL      00000000              0
_UEP9bits                         EXTERNAL      00000000              0
_UEP10                            EXTERNAL      00000000              0
_UEP10bits                        EXTERNAL      00000000              0
_UEP11                            EXTERNAL      00000000              0
_UEP11bits                        EXTERNAL      00000000              0
_UEP12                            EXTERNAL      00000000              0
_UEP12bits                        EXTERNAL      00000000              0
_UEP13                            EXTERNAL      00000000              0
_UEP13bits                        EXTERNAL      00000000              0
_UEP14                            EXTERNAL      00000000              0
_UEP14bits                        EXTERNAL      00000000              0
_UEP15                            EXTERNAL      00000000              0
_UEP15bits                        EXTERNAL      00000000              0
_UFRM                             EXTERNAL      00000000              0
_UFRMH                            EXTERNAL      00000000              0
_UFRMHbits                        EXTERNAL      00000000              0
_UFRML                            EXTERNAL      00000000              0
_UFRMLbits                        EXTERNAL      00000000              0
_UIE                              EXTERNAL      00000000              0
_UIEbits                          EXTERNAL      00000000              0
_UIR                              EXTERNAL      00000000              0
_UIRbits                          EXTERNAL      00000000              0
_USTAT                            EXTERNAL      00000000              0
_USTATbits                        EXTERNAL      00000000              0
_WDTCON                           EXTERNAL      00000000              0
_WDTCONbits                       EXTERNAL      00000000              0
_WREG                             EXTERNAL      00000000              0
__ACC_RAM_LOW_END                 CONSTANT      0000005F             95
__ACC_RAM_LOW_START               CONSTANT      00000000              0
__ACTIVE_BANK_ADDR                VARIABLE      FFFFFFFF             -1
__ASSUMED_BANK_ADDR               VARIABLE      FFFFFFFF             -1
__BANK_0                          CONSTANT      00000000              0
__BANK_BITS                       CONSTANT      00000F00           3840
__BANK_FIRST                      CONSTANT      00000000              0
__BANK_INV                        CONSTANT      FFFFFFFF             -1
__BANK_LAST                       CONSTANT      00000F00           3840
__BANK_MASK                       CONSTANT      000000FF            255
__BANK_SHIFT                      CONSTANT      00000008              8
__BANK_SIZE                       CONSTANT      00000100            256
gpasm-1.5.0 #1285 (Jul 12 2020) obj/sdcc-18f2   11/12/23  13:12:39          PAGE 22


SYMBOL TABLE
  LABEL                              TYPE        VALUE         VALUE          VALUE
                                                 (hex)         (dec)          (text)

__BANK_1                          CONSTANT      00000100            256
__BANK_2                          CONSTANT      00000200            512
__BANK_3                          CONSTANT      00000300            768
__BANK_4                          CONSTANT      00000400           1024
__BANK_5                          CONSTANT      00000500           1280
__BANK_6                          CONSTANT      00000600           1536
__BANK_7                          CONSTANT      00000700           1792
__BANK_8                          CONSTANT      00000800           2048
__BANK_9                          CONSTANT      00000900           2304
__BANK_10                         CONSTANT      00000A00           2560
__BANK_11                         CONSTANT      00000B00           2816
__BANK_12                         CONSTANT      00000C00           3072
__BANK_13                         CONSTANT      00000D00           3328
__BANK_14                         CONSTANT      00000E00           3584
__BANK_15                         CONSTANT      00000F00           3840
__CODE_END                        CONSTANT      00007FFF          32767
__CODE_START                      CONSTANT      00000000              0
__COMMON_RAM_END                  CONSTANT      0000005F             95
__COMMON_RAM_START                CONSTANT      00000000              0
__CONFIG_END                      CONSTANT      0030000D        3145741
__CONFIG_START                    CONSTANT      00300000        3145728
__EEPROM_END                      CONSTANT      00F000FF       15728895
__EEPROM_START                    CONSTANT      00F00000       15728640
__EXTENDED                        CONSTANT      00000001              1
__GPUTILS_SVN_VERSION             CONSTANT      00000505           1285
__GPUTILS_VERSION_MAJOR           CONSTANT      00000001              1
__GPUTILS_VERSION_MICRO           CONSTANT      00000000              0
__GPUTILS_VERSION_MINOR           CONSTANT      00000005              5
__IDLOCS_END                      CONSTANT      00200007        2097159
__IDLOCS_START                    CONSTANT      00200000        2097152
__NUM_BANKS                       CONSTANT      00000010             16
__VECTOR_INT_HIGH                 CONSTANT      00000008              8
__VECTOR_INT_LOW                  CONSTANT      00000018             24
__VECTOR_RESET                    CONSTANT      00000000              0
__WHILE_LOOP_COUNT_MAX            CONSTANT      000000FF            255
___str_0                          ADDRESS       0000009C            156
___str_1                          ADDRESS       0000009E            158
___str_2                          ADDRESS       000000A2            162
___str_3                          ADDRESS       000000A6            166
___str_4                          ADDRESS       000000AA            170
___str_5                          ADDRESS       000000AE            174
___str_6                          ADDRESS       000000B2            178
___str_7                          ADDRESS       000000B6            182
___str_8                          ADDRESS       000000BA            186
___str_9                          ADDRESS       000000C0            192
___str_10                         ADDRESS       000000C4            196
___str_11                         ADDRESS       000000C8            200
__divuint                         EXTERNAL      00000000              0
__gptrget1                        EXTERNAL      00000000              0
__moduint                         EXTERNAL      00000000              0
__16_BIT                          CONSTANT      00000001              1
__18F2550                         CONSTANT      00000001              1
gpasm-1.5.0 #1285 (Jul 12 2020) obj/sdcc-18f2   11/12/23  13:12:39          PAGE 23


SYMBOL TABLE
  LABEL                              TYPE        VALUE         VALUE          VALUE
                                                 (hex)         (dec)          (text)

_buffer                           EXTERNAL      00000000              0
_buffer_putch                     EXTERNAL      00000000              0
_format_number                    EXTERNAL      00000000              0
_lcd_gotoxy                       EXTERNAL      00000000              0
_lcd_put                          GLOBAL        00000000              0
_lcd_putch                        EXTERNAL      00000000              0
_lcd_puts                         EXTERNAL      00000000              0
_logo_image                       EXTERNAL      00000000              0
_output_putch                     GLOBAL        00000000              0
_print_buffer                     GLOBAL        00000000              0
_print_digit                      GLOBAL        00000000              0
_print_indicator                  GLOBAL        00000000              0
_print_reading                    GLOBAL        00000000              0
_print_unit                       GLOBAL        00000000              0
_print_unit_units_65536_50        STATIC        00000000              0
_put_str                          GLOBAL        00000000              0
_ser_brg                          EXTERNAL      00000000              0
_ser_putch                        EXTERNAL      00000000              0
_ser_puts                         EXTERNAL      00000000              0
_ser_rxfifo                       EXTERNAL      00000000              0
_ser_rxiptr                       EXTERNAL      00000000              0
_ser_rxoptr                       EXTERNAL      00000000              0
_ser_tmp                          EXTERNAL      00000000              0
_ser_txfifo                       EXTERNAL      00000000              0
_ser_txiptr                       EXTERNAL      00000000              0
_ser_txoptr                       EXTERNAL      00000000              0
r0x00                             STATIC        00000000              0
r0x01                             STATIC        00000001              1
r0x02                             STATIC        00000002              2
r0x03                             STATIC        00000003              3
r0x04                             STATIC        00000004              4
r0x05                             STATIC        00000005              5
r0x06                             STATIC        00000006              6
r0x07                             STATIC        00000007              7

Errors   :     0
Warnings :     0 reported,     0 suppressed
Messages :     0 reported,     0 suppressed

