gpasm-1.5.0 #1285 (Jul 12 2020) obj/sdcc-18f2   11/12/23  13:12:41          PAGE  1


LOC    OBJECT CODE    LINE  SOURCE TEXT
  VALUE

                      00001 ;--------------------------------------------------------
                      00002 ; File Created by SDCC : free open source ANSI-C Compiler
                      00003 ; Version 4.2.0 #13081 (Linux)
                      00004 ;--------------------------------------------------------
                      00005 ; PIC16 port for the Microchip 16-bit core micros
                      00006 ;--------------------------------------------------------
                      00007         list    p=18f25k50
                      00008         radix   dec
                      00009 
                      00010 
                      00011 ;--------------------------------------------------------
                      00012 ; public variables in this module
                      00013 ;--------------------------------------------------------
  0000                00014         global  _ser_tmp
  0000                00015         global  _ser_isrx
  0000                00016         global  _ser_rxsize
  0000                00017         global  _ser_rxat
  0000                00018         global  _ser_getch
  0000                00019         global  _ser_putch
  0000                00020         global  _ser_puts
  0000                00021         global  _ser_put
  0000                00022         global  _ser_puts2
  0000                00023         global  _ser_puthex
  0000                00024         global  _ser_init
  0000                00025         global  _ser_brg
  0000                00026         global  _ser_rxfifo
  0000                00027         global  _ser_rxiptr
  0000                00028         global  _ser_rxoptr
  0000                00029         global  _ser_txfifo
  0000                00030         global  _ser_txiptr
  0000                00031         global  _ser_txoptr
                      00032 
                      00033 ;--------------------------------------------------------
                      00034 ; extern variables in this module
                      00035 ;--------------------------------------------------------
  0000                00036         extern  __gptrget1
  0000                00037         extern  _SRCON1bits
  0000                00038         extern  _SRCON0bits
  0000                00039         extern  _CCPTMRSbits
  0000                00040         extern  _ANSELAbits
  0000                00041         extern  _ANSELBbits
  0000                00042         extern  _ANSELCbits
  0000                00043         extern  _UCONbits
  0000                00044         extern  _USTATbits
  0000                00045         extern  _UCFGbits
  0000                00046         extern  _UADDRbits
  0000                00047         extern  _UIEbits
  0000                00048         extern  _UIRbits
  0000                00049         extern  _UEIEbits
  0000                00050         extern  _UEIRbits
  0000                00051         extern  _UFRMLbits
  0000                00052         extern  _UFRMHbits
  0000                00053         extern  _UEP0bits
gpasm-1.5.0 #1285 (Jul 12 2020) obj/sdcc-18f2   11/12/23  13:12:41          PAGE  2


LOC    OBJECT CODE    LINE  SOURCE TEXT
  VALUE

  0000                00054         extern  _UEP1bits
  0000                00055         extern  _UEP2bits
  0000                00056         extern  _UEP3bits
  0000                00057         extern  _UEP4bits
  0000                00058         extern  _UEP5bits
  0000                00059         extern  _UEP6bits
  0000                00060         extern  _UEP7bits
  0000                00061         extern  _UEP8bits
  0000                00062         extern  _UEP9bits
  0000                00063         extern  _UEP10bits
  0000                00064         extern  _UEP11bits
  0000                00065         extern  _UEP12bits
  0000                00066         extern  _UEP13bits
  0000                00067         extern  _UEP14bits
  0000                00068         extern  _UEP15bits
  0000                00069         extern  _SLRCONbits
  0000                00070         extern  _VREFCON2bits
  0000                00071         extern  _VREFCON1bits
  0000                00072         extern  _VREFCON0bits
  0000                00073         extern  _PMD0bits
  0000                00074         extern  _PMD1bits
  0000                00075         extern  _PORTAbits
  0000                00076         extern  _PORTBbits
  0000                00077         extern  _PORTCbits
  0000                00078         extern  _PORTEbits
  0000                00079         extern  _WPUBbits
  0000                00080         extern  _IOCBbits
  0000                00081         extern  _IOCCbits
  0000                00082         extern  _CTMUICONbits
  0000                00083         extern  _LATAbits
  0000                00084         extern  _LATBbits
  0000                00085         extern  _LATCbits
  0000                00086         extern  _CTMUCON1bits
  0000                00087         extern  _CTMUCONLbits
  0000                00088         extern  _CTMUCON0bits
  0000                00089         extern  _CTMUCONHbits
  0000                00090         extern  _DDRAbits
  0000                00091         extern  _TRISAbits
  0000                00092         extern  _DDRBbits
  0000                00093         extern  _TRISBbits
  0000                00094         extern  _DDRCbits
  0000                00095         extern  _TRISCbits
  0000                00096         extern  _CCP2CONbits
  0000                00097         extern  _ECCP2CONbits
  0000                00098         extern  _CM1CON0bits
  0000                00099         extern  _CM2CON0bits
  0000                00100         extern  _CM2CON1bits
  0000                00101         extern  _OSCTUNEbits
  0000                00102         extern  _HLVDCONbits
  0000                00103         extern  _PIE1bits
  0000                00104         extern  _PIR1bits
  0000                00105         extern  _IPR1bits
  0000                00106         extern  _PIE2bits
gpasm-1.5.0 #1285 (Jul 12 2020) obj/sdcc-18f2   11/12/23  13:12:41          PAGE  3


LOC    OBJECT CODE    LINE  SOURCE TEXT
  VALUE

  0000                00107         extern  _PIR2bits
  0000                00108         extern  _IPR2bits
  0000                00109         extern  _PIE3bits
  0000                00110         extern  _PIR3bits
  0000                00111         extern  _IPR3bits
  0000                00112         extern  _EECON1bits
  0000                00113         extern  _RCSTAbits
  0000                00114         extern  _RCSTA1bits
  0000                00115         extern  _TXSTAbits
  0000                00116         extern  _TXSTA1bits
  0000                00117         extern  _SPBRGbits
  0000                00118         extern  _SPBRG1bits
  0000                00119         extern  _SPBRGHbits
  0000                00120         extern  _SPBRGH1bits
  0000                00121         extern  _T3CONbits
  0000                00122         extern  _T3GCONbits
  0000                00123         extern  _ACTCONbits
  0000                00124         extern  _STCONbits
  0000                00125         extern  _ECCP1ASbits
  0000                00126         extern  _ECCP1DELbits
  0000                00127         extern  _PWM1CONbits
  0000                00128         extern  _BAUDCONbits
  0000                00129         extern  _BAUDCON1bits
  0000                00130         extern  _PSTR1CONbits
  0000                00131         extern  _T2CONbits
  0000                00132         extern  _CCP1CONbits
  0000                00133         extern  _ECCP1CONbits
  0000                00134         extern  _ADCON2bits
  0000                00135         extern  _ADCON1bits
  0000                00136         extern  _ADCON0bits
  0000                00137         extern  _SSP1CON2bits
  0000                00138         extern  _SSPCON2bits
  0000                00139         extern  _SSP1CON1bits
  0000                00140         extern  _SSPCONbits
  0000                00141         extern  _SSPCON1bits
  0000                00142         extern  _SSP1STATbits
  0000                00143         extern  _SSPSTATbits
  0000                00144         extern  _SSP1ADDbits
  0000                00145         extern  _SSPADDbits
  0000                00146         extern  _SSP1MSKbits
  0000                00147         extern  _SSPMSKbits
  0000                00148         extern  _SSP1CON3bits
  0000                00149         extern  _SSPCON3bits
  0000                00150         extern  _T1GCONbits
  0000                00151         extern  _T1CONbits
  0000                00152         extern  _RCONbits
  0000                00153         extern  _WDTCONbits
  0000                00154         extern  _OSCCON2bits
  0000                00155         extern  _OSCCONbits
  0000                00156         extern  _T0CONbits
  0000                00157         extern  _STATUSbits
  0000                00158         extern  _INTCON3bits
  0000                00159         extern  _INTCON2bits
gpasm-1.5.0 #1285 (Jul 12 2020) obj/sdcc-18f2   11/12/23  13:12:41          PAGE  4


LOC    OBJECT CODE    LINE  SOURCE TEXT
  VALUE

  0000                00160         extern  _INTCONbits
  0000                00161         extern  _STKPTRbits
  0000                00162         extern  _SRCON1
  0000                00163         extern  _SRCON0
  0000                00164         extern  _CCPTMRS
  0000                00165         extern  _VREGCON
  0000                00166         extern  _ANSELA
  0000                00167         extern  _ANSELB
  0000                00168         extern  _ANSELC
  0000                00169         extern  _UCON
  0000                00170         extern  _USTAT
  0000                00171         extern  _UCFG
  0000                00172         extern  _UADDR
  0000                00173         extern  _UIE
  0000                00174         extern  _UIR
  0000                00175         extern  _UEIE
  0000                00176         extern  _UEIR
  0000                00177         extern  _UFRM
  0000                00178         extern  _UFRML
  0000                00179         extern  _UFRMH
  0000                00180         extern  _UEP0
  0000                00181         extern  _UEP1
  0000                00182         extern  _UEP2
  0000                00183         extern  _UEP3
  0000                00184         extern  _UEP4
  0000                00185         extern  _UEP5
  0000                00186         extern  _UEP6
  0000                00187         extern  _UEP7
  0000                00188         extern  _UEP8
  0000                00189         extern  _UEP9
  0000                00190         extern  _UEP10
  0000                00191         extern  _UEP11
  0000                00192         extern  _UEP12
  0000                00193         extern  _UEP13
  0000                00194         extern  _UEP14
  0000                00195         extern  _UEP15
  0000                00196         extern  _SLRCON
  0000                00197         extern  _VREFCON2
  0000                00198         extern  _VREFCON1
  0000                00199         extern  _VREFCON0
  0000                00200         extern  _PMD0
  0000                00201         extern  _PMD1
  0000                00202         extern  _PORTA
  0000                00203         extern  _PORTB
  0000                00204         extern  _PORTC
  0000                00205         extern  _PORTE
  0000                00206         extern  _WPUB
  0000                00207         extern  _IOCB
  0000                00208         extern  _IOCC
  0000                00209         extern  _CTMUICON
  0000                00210         extern  _LATA
  0000                00211         extern  _LATB
  0000                00212         extern  _LATC
gpasm-1.5.0 #1285 (Jul 12 2020) obj/sdcc-18f2   11/12/23  13:12:41          PAGE  5


LOC    OBJECT CODE    LINE  SOURCE TEXT
  VALUE

  0000                00213         extern  _CTMUCON1
  0000                00214         extern  _CTMUCONL
  0000                00215         extern  _CTMUCON0
  0000                00216         extern  _CTMUCONH
  0000                00217         extern  _CCPR2
  0000                00218         extern  _CCPR2L
  0000                00219         extern  _CCPR2H
  0000                00220         extern  _DDRA
  0000                00221         extern  _TRISA
  0000                00222         extern  _DDRB
  0000                00223         extern  _TRISB
  0000                00224         extern  _DDRC
  0000                00225         extern  _TRISC
  0000                00226         extern  _CCP2CON
  0000                00227         extern  _ECCP2CON
  0000                00228         extern  _CM1CON0
  0000                00229         extern  _CM2CON0
  0000                00230         extern  _CM2CON1
  0000                00231         extern  _OSCTUNE
  0000                00232         extern  _HLVDCON
  0000                00233         extern  _PIE1
  0000                00234         extern  _PIR1
  0000                00235         extern  _IPR1
  0000                00236         extern  _PIE2
  0000                00237         extern  _PIR2
  0000                00238         extern  _IPR2
  0000                00239         extern  _PIE3
  0000                00240         extern  _PIR3
  0000                00241         extern  _IPR3
  0000                00242         extern  _EECON1
  0000                00243         extern  _EECON2
  0000                00244         extern  _EEDATA
  0000                00245         extern  _EEADR
  0000                00246         extern  _RCSTA
  0000                00247         extern  _RCSTA1
  0000                00248         extern  _TXSTA
  0000                00249         extern  _TXSTA1
  0000                00250         extern  _TXREG
  0000                00251         extern  _TXREG1
  0000                00252         extern  _RCREG
  0000                00253         extern  _RCREG1
  0000                00254         extern  _SPBRG
  0000                00255         extern  _SPBRG1
  0000                00256         extern  _SPBRGH
  0000                00257         extern  _SPBRGH1
  0000                00258         extern  _T3CON
  0000                00259         extern  _TMR3
  0000                00260         extern  _TMR3L
  0000                00261         extern  _TMR3H
  0000                00262         extern  _T3GCON
  0000                00263         extern  _ACTCON
  0000                00264         extern  _STCON
  0000                00265         extern  _ECCP1AS
gpasm-1.5.0 #1285 (Jul 12 2020) obj/sdcc-18f2   11/12/23  13:12:41          PAGE  6


LOC    OBJECT CODE    LINE  SOURCE TEXT
  VALUE

  0000                00266         extern  _ECCP1DEL
  0000                00267         extern  _PWM1CON
  0000                00268         extern  _BAUDCON
  0000                00269         extern  _BAUDCON1
  0000                00270         extern  _PSTR1CON
  0000                00271         extern  _T2CON
  0000                00272         extern  _PR2
  0000                00273         extern  _TMR2
  0000                00274         extern  _CCP1CON
  0000                00275         extern  _ECCP1CON
  0000                00276         extern  _CCPR1
  0000                00277         extern  _CCPR1L
  0000                00278         extern  _CCPR1H
  0000                00279         extern  _ADCON2
  0000                00280         extern  _ADCON1
  0000                00281         extern  _ADCON0
  0000                00282         extern  _ADRESL
  0000                00283         extern  _ADRESH
  0000                00284         extern  _SSP1CON2
  0000                00285         extern  _SSPCON2
  0000                00286         extern  _SSP1CON1
  0000                00287         extern  _SSPCON
  0000                00288         extern  _SSPCON1
  0000                00289         extern  _SSP1STAT
  0000                00290         extern  _SSPSTAT
  0000                00291         extern  _SSP1ADD
  0000                00292         extern  _SSPADD
  0000                00293         extern  _SSP1BUF
  0000                00294         extern  _SSPBUF
  0000                00295         extern  _SSP1MSK
  0000                00296         extern  _SSPMSK
  0000                00297         extern  _SSP1CON3
  0000                00298         extern  _SSPCON3
  0000                00299         extern  _T1GCON
  0000                00300         extern  _T1CON
  0000                00301         extern  _TMR1
  0000                00302         extern  _TMR1L
  0000                00303         extern  _TMR1H
  0000                00304         extern  _RCON
  0000                00305         extern  _WDTCON
  0000                00306         extern  _OSCCON2
  0000                00307         extern  _OSCCON
  0000                00308         extern  _T0CON
  0000                00309         extern  _TMR0
  0000                00310         extern  _TMR0L
  0000                00311         extern  _TMR0H
  0000                00312         extern  _STATUS
  0000                00313         extern  _FSR2L
  0000                00314         extern  _FSR2H
  0000                00315         extern  _PLUSW2
  0000                00316         extern  _PREINC2
  0000                00317         extern  _POSTDEC2
  0000                00318         extern  _POSTINC2
gpasm-1.5.0 #1285 (Jul 12 2020) obj/sdcc-18f2   11/12/23  13:12:41          PAGE  7


LOC    OBJECT CODE    LINE  SOURCE TEXT
  VALUE

  0000                00319         extern  _INDF2
  0000                00320         extern  _BSR
  0000                00321         extern  _FSR1L
  0000                00322         extern  _FSR1H
  0000                00323         extern  _PLUSW1
  0000                00324         extern  _PREINC1
  0000                00325         extern  _POSTDEC1
  0000                00326         extern  _POSTINC1
  0000                00327         extern  _INDF1
  0000                00328         extern  _WREG
  0000                00329         extern  _FSR0L
  0000                00330         extern  _FSR0H
  0000                00331         extern  _PLUSW0
  0000                00332         extern  _PREINC0
  0000                00333         extern  _POSTDEC0
  0000                00334         extern  _POSTINC0
  0000                00335         extern  _INDF0
  0000                00336         extern  _INTCON3
  0000                00337         extern  _INTCON2
  0000                00338         extern  _INTCON
  0000                00339         extern  _PROD
  0000                00340         extern  _PRODL
  0000                00341         extern  _PRODH
  0000                00342         extern  _TABLAT
  0000                00343         extern  _TBLPTR
  0000                00344         extern  _TBLPTRL
  0000                00345         extern  _TBLPTRH
  0000                00346         extern  _TBLPTRU
  0000                00347         extern  _PC
  0000                00348         extern  _PCL
  0000                00349         extern  _PCLATH
  0000                00350         extern  _PCLATU
  0000                00351         extern  _STKPTR
  0000                00352         extern  _TOS
  0000                00353         extern  _TOSL
  0000                00354         extern  _TOSH
  0000                00355         extern  _TOSU
                      00356 
                      00357 ;--------------------------------------------------------
                      00358 ;       Equates to used internal registers
                      00359 ;--------------------------------------------------------
  00000FD8            00360 STATUS  equ     0xfd8
  00000FE8            00361 WREG    equ     0xfe8
  00000FE9            00362 FSR0L   equ     0xfe9
  00000FEA            00363 FSR0H   equ     0xfea
  00000FE1            00364 FSR1L   equ     0xfe1
  00000FD9            00365 FSR2L   equ     0xfd9
  00000FEF            00366 INDF0   equ     0xfef
  00000FE6            00367 POSTINC1        equ     0xfe6
  00000FE5            00368 POSTDEC1        equ     0xfe5
  00000FE4            00369 PREINC1 equ     0xfe4
  00000FDB            00370 PLUSW2  equ     0xfdb
  00000FF3            00371 PRODL   equ     0xff3
gpasm-1.5.0 #1285 (Jul 12 2020) obj/sdcc-18f2   11/12/23  13:12:41          PAGE  8


LOC    OBJECT CODE    LINE  SOURCE TEXT
  VALUE

                      00372 
                      00373 
                      00374         idata
000000 1F             00375 _ser_brg        db      0x1f
                      00376 
                      00377 
                      00378 ; Internal registers
                      00379 .registers      udata_ovr       0x0000
000000                00380 r0x00   res     1
000001                00381 r0x01   res     1
000002                00382 r0x02   res     1
000003                00383 r0x03   res     1
000004                00384 r0x04   res     1
000005                00385 r0x05   res     1
000006                00386 r0x06   res     1
                      00387 
                      00388 udata_ser_0     udata
000000                00389 _ser_tmp        res     1
                      00390 
                      00391 udata_ser_1     udata
000000                00392 _ser_rxiptr     res     1
                      00393 
                      00394 udata_ser_2     udata
000000                00395 _ser_rxoptr     res     1
                      00396 
                      00397 udata_ser_3     udata
000000                00398 _ser_rxfifo     res     16
                      00399 
                      00400 udata_ser_4     udata
000000                00401 _ser_txiptr     res     1
                      00402 
                      00403 udata_ser_5     udata
000000                00404 _ser_txoptr     res     1
                      00405 
                      00406 udata_ser_6     udata
000000                00407 _ser_txfifo     res     16
                      00408 
                      00409 ;--------------------------------------------------------
                      00410 ; global & static initialisations
                      00411 ;--------------------------------------------------------
                      00412 ; I code from now on!
                      00413 ; ; Starting pCode block
                      00414 S_ser__ser_init code
000000                00415 _ser_init:
                      00416 ;       .line   114; lib/ser.c  ser_init(void) {
000000 CFD9 FFE5      00417         MOVFF   FSR2L, POSTDEC1
000004 CFE1 FFD9      00418         MOVFF   FSR1L, FSR2L
                      00419 ;       .line   115; lib/ser.c  SER_TX_TRIS();
000008 9C??           00420         BCF     _TRISC, 6
                      00421 ;       .line   117; lib/ser.c  SER_RX_TRIS();
00000A 8E??           00422         BSF     _TRISC, 7
                      00423 ;       .line   119; lib/ser.c  BRGH = HIGH_SPEED; // high speed
00000C 84??           00424         BSF     _TXSTAbits, 2
gpasm-1.5.0 #1285 (Jul 12 2020) obj/sdcc-18f2   11/12/23  13:12:41          PAGE  9


LOC    OBJECT CODE    LINE  SOURCE TEXT
  VALUE

                      00425 ;       .line   125; lib/ser.c  SPBRG = ser_brg; // 56.7K @ 20MHz, SPBRG = (20MHz/(16*BAUD_RATE))-1;
00000E C??? F???      00426         MOVFF   _ser_brg, _SPBRG
                      00427 ;       .line   128; lib/ser.c  TX9 = 0; // 8 bits
000012 9C??           00428         BCF     _TXSTAbits, 6
                      00429 ;       .line   129; lib/ser.c  RX9 = 0; //
000014 9C??           00430         BCF     _RCSTAbits, 6
                      00431 ;       .line   131; lib/ser.c  SYNC = 0; // uart settings
000016 98??           00432         BCF     _TXSTAbits, 4
                      00433 ;       .line   132; lib/ser.c  SPEN = 1;
000018 8E??           00434         BSF     _RCSTAbits, 7
                      00435 ;       .line   133; lib/ser.c  CREN = 1;
00001A 88??           00436         BSF     _RCSTAbits, 4
                      00437 ;       .line   134; lib/ser.c  TXIE = 0;
00001C 98??           00438         BCF     _PIE1bits, 4
                      00439 ;       .line   136; lib/ser.c  TXEN = 1;
00001E 8A??           00440         BSF     _TXSTAbits, 5
                      00441 ;       .line   137; lib/ser.c  PEIE = 1;
000020 8C??           00442         BSF     _INTCONbits, 6
000022 010?           00443         BANKSEL _ser_txoptr
                      00444 ;       .line   139; lib/ser.c  ser_rxiptr = ser_rxoptr = ser_txiptr = ser_txoptr = 0;
000024 6B??           00445         CLRF    _ser_txoptr, B
000026 010?           00446         BANKSEL _ser_txiptr
000028 6B??           00447         CLRF    _ser_txiptr, B
00002A 010?           00448         BANKSEL _ser_rxoptr
00002C 6B??           00449         CLRF    _ser_rxoptr, B
00002E 010?           00450         BANKSEL _ser_rxiptr
000030 6B??           00451         CLRF    _ser_rxiptr, B
                      00452 ;       .line   140; lib/ser.c  }
000032 CFE4 FFD9      00453         MOVFF   PREINC1, FSR2L
000036 0012           00454         RETURN  
                      00455 
                      00456 ; ; Starting pCode block
                      00457 S_ser__ser_puthex       code
000000                00458 _ser_puthex:
                      00459 ;       .line   95; lib/ser.c   ser_puthex(uint8_t v) {
000000 CFD9 FFE5      00460         MOVFF   FSR2L, POSTDEC1
000004 CFE1 FFD9      00461         MOVFF   FSR1L, FSR2L
000008 C??? F???      00462         MOVFF   r0x00, POSTDEC1
00000C C??? F???      00463         MOVFF   r0x01, POSTDEC1
000010 C??? F???      00464         MOVFF   r0x02, POSTDEC1
000014 0E02           00465         MOVLW   0x02
000016 CFDB F000      00466         MOVFF   PLUSW2, r0x00
                      00467 ;       .line   98; lib/ser.c   c = v >> 4;
00001A 38??           00468         SWAPF   r0x00, W
00001C 0B0F           00469         ANDLW   0x0f
00001E 6E??           00470         MOVWF   r0x01
                      00471 ;       .line   99; lib/ser.c   if(c > 9) {
000020 0E0A           00472         MOVLW   0x0a
000022 5C??           00473         SUBWF   r0x01, W
000024 E3??           00474         BNC     _00229_DS_
                      00475 ;       .line   100; lib/ser.c  ser_putch((char)('A' - 10 + c));
000026 50??           00476         MOVF    r0x01, W
000028 6E??           00477         MOVWF   r0x02
gpasm-1.5.0 #1285 (Jul 12 2020) obj/sdcc-18f2   11/12/23  13:12:41          PAGE 10


LOC    OBJECT CODE    LINE  SOURCE TEXT
  VALUE

00002A 0E37           00478         MOVLW   0x37
00002C 26??           00479         ADDWF   r0x02, F
00002E 50??           00480         MOVF    r0x02, W
000030 6EE5           00481         MOVWF   POSTDEC1
000032 EC?? F0??      00482         CALL    _ser_putch
000036 52E6           00483         MOVF    POSTINC1, F
000038 D???           00484         BRA     _00230_DS_
00003A                00485 _00229_DS_:
                      00486 ;       .line   102; lib/ser.c  ser_putch((char)('0' + c));
00003A 0E30           00487         MOVLW   0x30
00003C 26??           00488         ADDWF   r0x01, F
00003E 50??           00489         MOVF    r0x01, W
000040 6EE5           00490         MOVWF   POSTDEC1
000042 EC?? F0??      00491         CALL    _ser_putch
000046 52E6           00492         MOVF    POSTINC1, F
000048                00493 _00230_DS_:
                      00494 ;       .line   105; lib/ser.c  c = v & 0x0F;
000048 0E0F           00495         MOVLW   0x0f
00004A 16??           00496         ANDWF   r0x00, F
                      00497 ;       .line   106; lib/ser.c  if(c > 9) {
00004C 0E0A           00498         MOVLW   0x0a
00004E 5C??           00499         SUBWF   r0x00, W
000050 E3??           00500         BNC     _00232_DS_
                      00501 ;       .line   107; lib/ser.c  ser_putch((char)('A' - 10 + c));
000052 50??           00502         MOVF    r0x00, W
000054 6E??           00503         MOVWF   r0x01
000056 0E37           00504         MOVLW   0x37
000058 26??           00505         ADDWF   r0x01, F
00005A 50??           00506         MOVF    r0x01, W
00005C 6EE5           00507         MOVWF   POSTDEC1
00005E EC?? F0??      00508         CALL    _ser_putch
000062 52E6           00509         MOVF    POSTINC1, F
000064 D???           00510         BRA     _00234_DS_
000066                00511 _00232_DS_:
                      00512 ;       .line   109; lib/ser.c  ser_putch((char)('0' + c));
000066 0E30           00513         MOVLW   0x30
000068 26??           00514         ADDWF   r0x00, F
00006A 50??           00515         MOVF    r0x00, W
00006C 6EE5           00516         MOVWF   POSTDEC1
00006E EC?? F0??      00517         CALL    _ser_putch
000072 52E6           00518         MOVF    POSTINC1, F
000074                00519 _00234_DS_:
                      00520 ;       .line   111; lib/ser.c  }
000074 CFE4 F000      00521         MOVFF   PREINC1, r0x02
000078 CFE4 F000      00522         MOVFF   PREINC1, r0x01
00007C CFE4 F000      00523         MOVFF   PREINC1, r0x00
000080 CFE4 FFD9      00524         MOVFF   PREINC1, FSR2L
000084 0012           00525         RETURN  
                      00526 
                      00527 ; ; Starting pCode block
                      00528 S_ser__ser_puts2        code
000000                00529 _ser_puts2:
                      00530 ;       .line   90; lib/ser.c   ser_puts2(uint8_t* s) {
gpasm-1.5.0 #1285 (Jul 12 2020) obj/sdcc-18f2   11/12/23  13:12:41          PAGE 11


LOC    OBJECT CODE    LINE  SOURCE TEXT
  VALUE

000000 CFD9 FFE5      00531         MOVFF   FSR2L, POSTDEC1
000004 CFE1 FFD9      00532         MOVFF   FSR1L, FSR2L
000008 C??? F???      00533         MOVFF   r0x00, POSTDEC1
00000C C??? F???      00534         MOVFF   r0x01, POSTDEC1
000010 C??? F???      00535         MOVFF   r0x02, POSTDEC1
000014 C??? F???      00536         MOVFF   r0x03, POSTDEC1
000018 0E02           00537         MOVLW   0x02
00001A CFDB F000      00538         MOVFF   PLUSW2, r0x00
00001E 0E03           00539         MOVLW   0x03
000020 CFDB F000      00540         MOVFF   PLUSW2, r0x01
000024 0E04           00541         MOVLW   0x04
000026 CFDB F000      00542         MOVFF   PLUSW2, r0x02
00002A                00543 _00209_DS_:
                      00544 ;       .line   91; lib/ser.c   while(*s) ser_putch(*s++);
00002A C??? F???      00545         MOVFF   r0x00, FSR0L
00002E C??? F???      00546         MOVFF   r0x01, PRODL
000032 50??           00547         MOVF    r0x02, W
000034 EC?? F0??      00548         CALL    __gptrget1
000038 6E??           00549         MOVWF   r0x03
00003A 50??           00550         MOVF    r0x03, W
00003C E0??           00551         BZ      _00212_DS_
00003E 2A??           00552         INCF    r0x00, F
000040 E3??           00553         BNC     _00223_DS_
000042 4A??           00554         INFSNZ  r0x01, F
000044 2A??           00555         INCF    r0x02, F
000046                00556 _00223_DS_:
000046 50??           00557         MOVF    r0x03, W
000048 6EE5           00558         MOVWF   POSTDEC1
00004A EC?? F0??      00559         CALL    _ser_putch
00004E 52E6           00560         MOVF    POSTINC1, F
000050 D???           00561         BRA     _00209_DS_
000052                00562 _00212_DS_:
                      00563 ;       .line   92; lib/ser.c   }
000052 CFE4 F000      00564         MOVFF   PREINC1, r0x03
000056 CFE4 F000      00565         MOVFF   PREINC1, r0x02
00005A CFE4 F000      00566         MOVFF   PREINC1, r0x01
00005E CFE4 F000      00567         MOVFF   PREINC1, r0x00
000062 CFE4 FFD9      00568         MOVFF   PREINC1, FSR2L
000066 0012           00569         RETURN  
                      00570 
                      00571 ; ; Starting pCode block
                      00572 S_ser__ser_put  code
000000                00573 _ser_put:
                      00574 ;       .line   85; lib/ser.c   ser_put(const char* s, unsigned n) {
000000 CFD9 FFE5      00575         MOVFF   FSR2L, POSTDEC1
000004 CFE1 FFD9      00576         MOVFF   FSR1L, FSR2L
000008 C??? F???      00577         MOVFF   r0x00, POSTDEC1
00000C C??? F???      00578         MOVFF   r0x01, POSTDEC1
000010 C??? F???      00579         MOVFF   r0x02, POSTDEC1
000014 C??? F???      00580         MOVFF   r0x03, POSTDEC1
000018 C??? F???      00581         MOVFF   r0x04, POSTDEC1
00001C C??? F???      00582         MOVFF   r0x05, POSTDEC1
000020 C??? F???      00583         MOVFF   r0x06, POSTDEC1
gpasm-1.5.0 #1285 (Jul 12 2020) obj/sdcc-18f2   11/12/23  13:12:41          PAGE 12


LOC    OBJECT CODE    LINE  SOURCE TEXT
  VALUE

000024 0E02           00584         MOVLW   0x02
000026 CFDB F000      00585         MOVFF   PLUSW2, r0x00
00002A 0E03           00586         MOVLW   0x03
00002C CFDB F000      00587         MOVFF   PLUSW2, r0x01
000030 0E04           00588         MOVLW   0x04
000032 CFDB F000      00589         MOVFF   PLUSW2, r0x02
000036 0E05           00590         MOVLW   0x05
000038 CFDB F000      00591         MOVFF   PLUSW2, r0x03
00003C 0E06           00592         MOVLW   0x06
00003E CFDB F000      00593         MOVFF   PLUSW2, r0x04
000042                00594 _00190_DS_:
                      00595 ;       .line   86; lib/ser.c   while(n--) ser_putch(*s++);
000042 C??? F???      00596         MOVFF   r0x03, r0x05
000046 C??? F???      00597         MOVFF   r0x04, r0x06
00004A 0EFF           00598         MOVLW   0xff
00004C 26??           00599         ADDWF   r0x03, F
00004E 22??           00600         ADDWFC  r0x04, F
000050 50??           00601         MOVF    r0x05, W
000052 10??           00602         IORWF   r0x06, W
000054 E0??           00603         BZ      _00193_DS_
000056 C??? F???      00604         MOVFF   r0x00, FSR0L
00005A C??? F???      00605         MOVFF   r0x01, PRODL
00005E 50??           00606         MOVF    r0x02, W
000060 EC?? F0??      00607         CALL    __gptrget1
000064 6E??           00608         MOVWF   r0x05
000066 2A??           00609         INCF    r0x00, F
000068 E3??           00610         BNC     _00204_DS_
00006A 4A??           00611         INFSNZ  r0x01, F
00006C 2A??           00612         INCF    r0x02, F
00006E                00613 _00204_DS_:
00006E 50??           00614         MOVF    r0x05, W
000070 6EE5           00615         MOVWF   POSTDEC1
000072 EC?? F0??      00616         CALL    _ser_putch
000076 52E6           00617         MOVF    POSTINC1, F
000078 D???           00618         BRA     _00190_DS_
00007A                00619 _00193_DS_:
                      00620 ;       .line   87; lib/ser.c   }
00007A CFE4 F000      00621         MOVFF   PREINC1, r0x06
00007E CFE4 F000      00622         MOVFF   PREINC1, r0x05
000082 CFE4 F000      00623         MOVFF   PREINC1, r0x04
000086 CFE4 F000      00624         MOVFF   PREINC1, r0x03
00008A CFE4 F000      00625         MOVFF   PREINC1, r0x02
00008E CFE4 F000      00626         MOVFF   PREINC1, r0x01
000092 CFE4 F000      00627         MOVFF   PREINC1, r0x00
000096 CFE4 FFD9      00628         MOVFF   PREINC1, FSR2L
00009A 0012           00629         RETURN  
                      00630 
                      00631 ; ; Starting pCode block
                      00632 S_ser__ser_puts code
000000                00633 _ser_puts:
                      00634 ;       .line   81; lib/ser.c   ser_puts(const char* s) {
000000 CFD9 FFE5      00635         MOVFF   FSR2L, POSTDEC1
000004 CFE1 FFD9      00636         MOVFF   FSR1L, FSR2L
gpasm-1.5.0 #1285 (Jul 12 2020) obj/sdcc-18f2   11/12/23  13:12:41          PAGE 13


LOC    OBJECT CODE    LINE  SOURCE TEXT
  VALUE

000008 C??? F???      00637         MOVFF   r0x00, POSTDEC1
00000C C??? F???      00638         MOVFF   r0x01, POSTDEC1
000010 C??? F???      00639         MOVFF   r0x02, POSTDEC1
000014 C??? F???      00640         MOVFF   r0x03, POSTDEC1
000018 0E02           00641         MOVLW   0x02
00001A CFDB F000      00642         MOVFF   PLUSW2, r0x00
00001E 0E03           00643         MOVLW   0x03
000020 CFDB F000      00644         MOVFF   PLUSW2, r0x01
000024 0E04           00645         MOVLW   0x04
000026 CFDB F000      00646         MOVFF   PLUSW2, r0x02
00002A                00647 _00171_DS_:
                      00648 ;       .line   82; lib/ser.c   while(*s) ser_putch(*s++);
00002A C??? F???      00649         MOVFF   r0x00, FSR0L
00002E C??? F???      00650         MOVFF   r0x01, PRODL
000032 50??           00651         MOVF    r0x02, W
000034 EC?? F0??      00652         CALL    __gptrget1
000038 6E??           00653         MOVWF   r0x03
00003A 50??           00654         MOVF    r0x03, W
00003C E0??           00655         BZ      _00174_DS_
00003E 2A??           00656         INCF    r0x00, F
000040 E3??           00657         BNC     _00185_DS_
000042 4A??           00658         INFSNZ  r0x01, F
000044 2A??           00659         INCF    r0x02, F
000046                00660 _00185_DS_:
000046 50??           00661         MOVF    r0x03, W
000048 6EE5           00662         MOVWF   POSTDEC1
00004A EC?? F0??      00663         CALL    _ser_putch
00004E 52E6           00664         MOVF    POSTINC1, F
000050 D???           00665         BRA     _00171_DS_
000052                00666 _00174_DS_:
                      00667 ;       .line   83; lib/ser.c   }
000052 CFE4 F000      00668         MOVFF   PREINC1, r0x03
000056 CFE4 F000      00669         MOVFF   PREINC1, r0x02
00005A CFE4 F000      00670         MOVFF   PREINC1, r0x01
00005E CFE4 F000      00671         MOVFF   PREINC1, r0x00
000062 CFE4 FFD9      00672         MOVFF   PREINC1, FSR2L
000066 0012           00673         RETURN  
                      00674 
                      00675 ; ; Starting pCode block
                      00676 S_ser__ser_putch        code
000000                00677 _ser_putch:
                      00678 ;       .line   71; lib/ser.c   ser_putch(char c) {
000000 CFD9 FFE5      00679         MOVFF   FSR2L, POSTDEC1
000004 CFE1 FFD9      00680         MOVFF   FSR1L, FSR2L
000008 C??? F???      00681         MOVFF   r0x00, POSTDEC1
00000C C??? F???      00682         MOVFF   r0x01, POSTDEC1
000010 C??? F???      00683         MOVFF   r0x02, POSTDEC1
000014 C??? F???      00684         MOVFF   r0x03, POSTDEC1
000018 C??? F???      00685         MOVFF   r0x04, POSTDEC1
00001C 0E02           00686         MOVLW   0x02
00001E CFDB F000      00687         MOVFF   PLUSW2, r0x00
000022                00688 _00151_DS_:
                      00689 ;       .line   72; lib/ser.c   while(((ser_txiptr + 1) & SER_FIFO_MASK) == ser_txoptr) continue;
gpasm-1.5.0 #1285 (Jul 12 2020) obj/sdcc-18f2   11/12/23  13:12:41          PAGE 14


LOC    OBJECT CODE    LINE  SOURCE TEXT
  VALUE

000022 C??? F???      00690         MOVFF   _ser_txiptr, r0x01
000026 6A??           00691         CLRF    r0x02
000028 4A??           00692         INFSNZ  r0x01, F
00002A 2A??           00693         INCF    r0x02, F
00002C 0E0F           00694         MOVLW   0x0f
00002E 16??           00695         ANDWF   r0x01, F
000030 6A??           00696         CLRF    r0x02
000032 C??? F???      00697         MOVFF   _ser_txoptr, r0x03
000036 6A??           00698         CLRF    r0x04
000038 50??           00699         MOVF    r0x01, W
00003A 18??           00700         XORWF   r0x03, W
00003C E1??           00701         BNZ     _00166_DS_
00003E 50??           00702         MOVF    r0x02, W
000040 18??           00703         XORWF   r0x04, W
000042 E0??           00704         BZ      _00151_DS_
000044                00705 _00166_DS_:
                      00706 ;       .line   73; lib/ser.c   GIE = 0;
000044 9E??           00707         BCF     _INTCONbits, 7
                      00708 ;       .line   74; lib/ser.c   ser_txfifo[ser_txiptr] = c;
000046 0E??           00709         MOVLW   LOW(_ser_txfifo)
000048 010?           00710         BANKSEL _ser_txiptr
00004A 25??           00711         ADDWF   _ser_txiptr, W, B
00004C 6E??           00712         MOVWF   r0x01
00004E 6A??           00713         CLRF    r0x02
000050 0E??           00714         MOVLW   HIGH(_ser_txfifo)
000052 22??           00715         ADDWFC  r0x02, F
000054 C??? F???      00716         MOVFF   r0x01, FSR0L
000058 C??? F???      00717         MOVFF   r0x02, FSR0H
00005C C??? F???      00718         MOVFF   r0x00, INDF0
000060 010?           00719         BANKSEL _ser_txiptr
                      00720 ;       .line   75; lib/ser.c   ser_txiptr = (ser_txiptr + 1) & SER_FIFO_MASK;
000062 51??           00721         MOVF    _ser_txiptr, W, B
000064 6E??           00722         MOVWF   r0x00
000066 2A??           00723         INCF    r0x00, F
000068 0E0F           00724         MOVLW   0x0f
00006A 14??           00725         ANDWF   r0x00, W
00006C 010?           00726         BANKSEL _ser_txiptr
00006E 6F??           00727         MOVWF   _ser_txiptr, B
                      00728 ;       .line   76; lib/ser.c   TXIE = 1;
000070 88??           00729         BSF     _PIE1bits, 4
                      00730 ;       .line   77; lib/ser.c   GIE = 1;
000072 8E??           00731         BSF     _INTCONbits, 7
                      00732 ;       .line   78; lib/ser.c   }
000074 CFE4 F000      00733         MOVFF   PREINC1, r0x04
000078 CFE4 F000      00734         MOVFF   PREINC1, r0x03
00007C CFE4 F000      00735         MOVFF   PREINC1, r0x02
000080 CFE4 F000      00736         MOVFF   PREINC1, r0x01
000084 CFE4 F000      00737         MOVFF   PREINC1, r0x00
000088 CFE4 FFD9      00738         MOVFF   PREINC1, FSR2L
00008C 0012           00739         RETURN  
                      00740 
                      00741 ; ; Starting pCode block
                      00742 S_ser__ser_getch        code
gpasm-1.5.0 #1285 (Jul 12 2020) obj/sdcc-18f2   11/12/23  13:12:41          PAGE 15


LOC    OBJECT CODE    LINE  SOURCE TEXT
  VALUE

000000                00743 _ser_getch:
                      00744 ;       .line   57; lib/ser.c   ser_getch(void) {
000000 CFD9 FFE5      00745         MOVFF   FSR2L, POSTDEC1
000004 CFE1 FFD9      00746         MOVFF   FSR1L, FSR2L
000008 C??? F???      00747         MOVFF   r0x00, POSTDEC1
00000C C??? F???      00748         MOVFF   r0x01, POSTDEC1
000010                00749 _00143_DS_:
                      00750 ;       .line   60; lib/ser.c   while(ser_isrx() == 0) continue;
000010 EC?? F0??      00751         CALL    _ser_isrx
000014 6E??           00752         MOVWF   r0x00
000016 50??           00753         MOVF    r0x00, W
000018 E0??           00754         BZ      _00143_DS_
                      00755 ;       .line   62; lib/ser.c   GIE = 0;
00001A 9E??           00756         BCF     _INTCONbits, 7
                      00757 ;       .line   63; lib/ser.c   c = ser_rxfifo[ser_rxoptr];
00001C 0E??           00758         MOVLW   LOW(_ser_rxfifo)
00001E 010?           00759         BANKSEL _ser_rxoptr
000020 25??           00760         ADDWF   _ser_rxoptr, W, B
000022 6E??           00761         MOVWF   r0x00
000024 6A??           00762         CLRF    r0x01
000026 0E??           00763         MOVLW   HIGH(_ser_rxfifo)
000028 22??           00764         ADDWFC  r0x01, F
00002A C??? F???      00765         MOVFF   r0x00, FSR0L
00002E C??? F???      00766         MOVFF   r0x01, FSR0H
000032 CFEF F000      00767         MOVFF   INDF0, r0x00
000036 010?           00768         BANKSEL _ser_rxoptr
                      00769 ;       .line   64; lib/ser.c   ++ser_rxoptr;
000038 2B??           00770         INCF    _ser_rxoptr, F, B
                      00771 ;       .line   65; lib/ser.c   ser_rxoptr &= SER_FIFO_MASK;
00003A 0E0F           00772         MOVLW   0x0f
00003C 010?           00773         BANKSEL _ser_rxoptr
00003E 17??           00774         ANDWF   _ser_rxoptr, F, B
                      00775 ;       .line   66; lib/ser.c   GIE = 1;
000040 8E??           00776         BSF     _INTCONbits, 7
                      00777 ;       .line   67; lib/ser.c   return c;
000042 50??           00778         MOVF    r0x00, W
                      00779 ;       .line   68; lib/ser.c   }
000044 CFE4 F000      00780         MOVFF   PREINC1, r0x01
000048 CFE4 F000      00781         MOVFF   PREINC1, r0x00
00004C CFE4 FFD9      00782         MOVFF   PREINC1, FSR2L
000050 0012           00783         RETURN  
                      00784 
                      00785 ; ; Starting pCode block
                      00786 S_ser__ser_rxat code
000000                00787 _ser_rxat:
                      00788 ;       .line   52; lib/ser.c   ser_rxat(unsigned char at) {
000000 CFD9 FFE5      00789         MOVFF   FSR2L, POSTDEC1
000004 CFE1 FFD9      00790         MOVFF   FSR1L, FSR2L
000008 C??? F???      00791         MOVFF   r0x00, POSTDEC1
00000C C??? F???      00792         MOVFF   r0x01, POSTDEC1
000010 0E02           00793         MOVLW   0x02
000012 CFDB F000      00794         MOVFF   PLUSW2, r0x00
                      00795 ;       .line   53; lib/ser.c   return ser_rxfifo[at & SER_FIFO_MASK];
gpasm-1.5.0 #1285 (Jul 12 2020) obj/sdcc-18f2   11/12/23  13:12:41          PAGE 16


LOC    OBJECT CODE    LINE  SOURCE TEXT
  VALUE

000016 0E0F           00796         MOVLW   0x0f
000018 16??           00797         ANDWF   r0x00, F
00001A 6A??           00798         CLRF    r0x01
00001C 0E??           00799         MOVLW   LOW(_ser_rxfifo)
00001E 26??           00800         ADDWF   r0x00, F
000020 0E??           00801         MOVLW   HIGH(_ser_rxfifo)
000022 22??           00802         ADDWFC  r0x01, F
000024 C??? F???      00803         MOVFF   r0x00, FSR0L
000028 C??? F???      00804         MOVFF   r0x01, FSR0H
00002C CFEF F000      00805         MOVFF   INDF0, r0x00
000030 50??           00806         MOVF    r0x00, W
                      00807 ;       .line   54; lib/ser.c   }
000032 CFE4 F000      00808         MOVFF   PREINC1, r0x01
000036 CFE4 F000      00809         MOVFF   PREINC1, r0x00
00003A CFE4 FFD9      00810         MOVFF   PREINC1, FSR2L
00003E 0012           00811         RETURN  
                      00812 
                      00813 ; ; Starting pCode block
                      00814 S_ser__ser_rxsize       code
000000                00815 _ser_rxsize:
                      00816 ;       .line   43; lib/ser.c   ser_rxsize(void) {
000000 CFD9 FFE5      00817         MOVFF   FSR2L, POSTDEC1
000004 CFE1 FFD9      00818         MOVFF   FSR1L, FSR2L
000008 C??? F???      00819         MOVFF   r0x00, POSTDEC1
                      00820 ;       .line   45; lib/ser.c   INTERRUPT_DISABLE();
00000C 9E??           00821         BCF     _INTCONbits, 7
00000E 010?           00822         BANKSEL _ser_rxoptr
                      00823 ;       .line   46; lib/ser.c   ret = ser_rxiptr < ser_rxoptr ? SER_BUFFER_SIZE - ser_rxiptr + ser_rxopt
                            r : ser_rxiptr - ser_rxoptr;
000010 51??           00824         MOVF    _ser_rxoptr, W, B
000012 010?           00825         BANKSEL _ser_rxiptr
000014 5D??           00826         SUBWF   _ser_rxiptr, W, B
000016 E2??           00827         BC      _00127_DS_
000018 010?           00828         BANKSEL _ser_rxiptr
00001A 51??           00829         MOVF    _ser_rxiptr, W, B
00001C 0810           00830         SUBLW   0x10
00001E 6E??           00831         MOVWF   r0x00
000020 010?           00832         BANKSEL _ser_rxoptr
000022 51??           00833         MOVF    _ser_rxoptr, W, B
000024 26??           00834         ADDWF   r0x00, F
000026 D???           00835         BRA     _00128_DS_
000028                00836 _00127_DS_:
000028 010?           00837         BANKSEL _ser_rxoptr
00002A 51??           00838         MOVF    _ser_rxoptr, W, B
00002C 010?           00839         BANKSEL _ser_rxiptr
00002E 5D??           00840         SUBWF   _ser_rxiptr, W, B
000030 6E??           00841         MOVWF   r0x00
000032                00842 _00128_DS_:
                      00843 ;       .line   47; lib/ser.c   INTERRUPT_ENABLE();
000032 8E??           00844         BSF     _INTCONbits, 7
                      00845 ;       .line   48; lib/ser.c   return ret;
000034 50??           00846         MOVF    r0x00, W
                      00847 ;       .line   49; lib/ser.c   }
gpasm-1.5.0 #1285 (Jul 12 2020) obj/sdcc-18f2   11/12/23  13:12:41          PAGE 17


LOC    OBJECT CODE    LINE  SOURCE TEXT
  VALUE

000036 CFE4 F000      00848         MOVFF   PREINC1, r0x00
00003A CFE4 FFD9      00849         MOVFF   PREINC1, FSR2L
00003E 0012           00850         RETURN  
                      00851 
                      00852 ; ; Starting pCode block
                      00853 S_ser__ser_isrx code
000000                00854 _ser_isrx:
                      00855 ;       .line   33; lib/ser.c   ser_isrx(void) {
000000 CFD9 FFE5      00856         MOVFF   FSR2L, POSTDEC1
000004 CFE1 FFD9      00857         MOVFF   FSR1L, FSR2L
000008 C??? F???      00858         MOVFF   r0x00, POSTDEC1
                      00859 ;       .line   34; lib/ser.c   if(OERR) {
00000C A2??           00860         BTFSS   _RCSTAbits, 1
00000E D???           00861         BRA     _00106_DS_
                      00862 ;       .line   35; lib/ser.c   CREN = 0;
000010 98??           00863         BCF     _RCSTAbits, 4
                      00864 ;       .line   36; lib/ser.c   CREN = 1;
000012 88??           00865         BSF     _RCSTAbits, 4
                      00866 ;       .line   37; lib/ser.c   return 0;
000014 6AE8           00867         CLRF    WREG
000016 D???           00868         BRA     _00107_DS_
000018                00869 _00106_DS_:
                      00870 ;       .line   39; lib/ser.c   return (ser_rxiptr != ser_rxoptr);
000018 6A??           00871         CLRF    r0x00
00001A 010?           00872         BANKSEL _ser_rxiptr
00001C 51??           00873         MOVF    _ser_rxiptr, W, B
00001E 010?           00874         BANKSEL _ser_rxoptr
000020 19??           00875         XORWF   _ser_rxoptr, W, B
000022 E1??           00876         BNZ     _00114_DS_
000024 2A??           00877         INCF    r0x00, F
000026                00878 _00114_DS_:
000026 50??           00879         MOVF    r0x00, W
000028 80D8           00880         BSF     STATUS, 0
00002A 66E8           00881         TSTFSZ  WREG
00002C 90D8           00882         BCF     STATUS, 0
00002E 6A??           00883         CLRF    r0x00
000030 36??           00884         RLCF    r0x00, F
000032 50??           00885         MOVF    r0x00, W
000034                00886 _00107_DS_:
                      00887 ;       .line   40; lib/ser.c   }
000034 CFE4 F000      00888         MOVFF   PREINC1, r0x00
000038 CFE4 FFD9      00889         MOVFF   PREINC1, FSR2L
00003C 0012           00890         RETURN  
                      00891 
                      00892 
                      00893 
                      00894 ; Statistics:
                      00895 ; code size:      968 (0x03c8) bytes ( 0.74%)
                      00896 ;                 484 (0x01e4) words
                      00897 ; udata size:      37 (0x0025) bytes ( 2.06%)
                      00898 ; access size:      7 (0x0007) bytes
                      00899 
                      00900 
gpasm-1.5.0 #1285 (Jul 12 2020) obj/sdcc-18f2   11/12/23  13:12:41          PAGE 18


LOC    OBJECT CODE    LINE  SOURCE TEXT
  VALUE

                      00901         end
gpasm-1.5.0 #1285 (Jul 12 2020) obj/sdcc-18f2   11/12/23  13:12:41          PAGE 19


SYMBOL TABLE
  LABEL                              TYPE        VALUE         VALUE          VALUE
                                                 (hex)         (dec)          (text)

FSR0H                             CONSTANT      00000FEA           4074
FSR0L                             CONSTANT      00000FE9           4073
FSR1L                             CONSTANT      00000FE1           4065
FSR2L                             CONSTANT      00000FD9           4057
INDF0                             CONSTANT      00000FEF           4079
PLUSW2                            CONSTANT      00000FDB           4059
POSTDEC1                          CONSTANT      00000FE5           4069
POSTINC1                          CONSTANT      00000FE6           4070
PREINC1                           CONSTANT      00000FE4           4068
PRODL                             CONSTANT      00000FF3           4083
STATUS                            CONSTANT      00000FD8           4056
WREG                              CONSTANT      00000FE8           4072
_00106_DS_                        ADDRESS       00000018             24
_00107_DS_                        ADDRESS       00000034             52
_00114_DS_                        ADDRESS       00000026             38
_00127_DS_                        ADDRESS       00000028             40
_00128_DS_                        ADDRESS       00000032             50
_00143_DS_                        ADDRESS       00000010             16
_00151_DS_                        ADDRESS       00000022             34
_00166_DS_                        ADDRESS       00000044             68
_00171_DS_                        ADDRESS       0000002A             42
_00174_DS_                        ADDRESS       00000052             82
_00185_DS_                        ADDRESS       00000046             70
_00190_DS_                        ADDRESS       00000042             66
_00193_DS_                        ADDRESS       0000007A            122
_00204_DS_                        ADDRESS       0000006E            110
_00209_DS_                        ADDRESS       0000002A             42
_00212_DS_                        ADDRESS       00000052             82
_00223_DS_                        ADDRESS       00000046             70
_00229_DS_                        ADDRESS       0000003A             58
_00230_DS_                        ADDRESS       00000048             72
_00232_DS_                        ADDRESS       00000066            102
_00234_DS_                        ADDRESS       00000074            116
_ACTCON                           EXTERNAL      00000000              0
_ACTCONbits                       EXTERNAL      00000000              0
_ADCON0                           EXTERNAL      00000000              0
_ADCON0bits                       EXTERNAL      00000000              0
_ADCON1                           EXTERNAL      00000000              0
_ADCON1bits                       EXTERNAL      00000000              0
_ADCON2                           EXTERNAL      00000000              0
_ADCON2bits                       EXTERNAL      00000000              0
_ADRESH                           EXTERNAL      00000000              0
_ADRESL                           EXTERNAL      00000000              0
_ANSELA                           EXTERNAL      00000000              0
_ANSELAbits                       EXTERNAL      00000000              0
_ANSELB                           EXTERNAL      00000000              0
_ANSELBbits                       EXTERNAL      00000000              0
_ANSELC                           EXTERNAL      00000000              0
_ANSELCbits                       EXTERNAL      00000000              0
_BAUDCON                          EXTERNAL      00000000              0
_BAUDCONbits                      EXTERNAL      00000000              0
_BAUDCON1                         EXTERNAL      00000000              0
gpasm-1.5.0 #1285 (Jul 12 2020) obj/sdcc-18f2   11/12/23  13:12:41          PAGE 20


SYMBOL TABLE
  LABEL                              TYPE        VALUE         VALUE          VALUE
                                                 (hex)         (dec)          (text)

_BAUDCON1bits                     EXTERNAL      00000000              0
_BSR                              EXTERNAL      00000000              0
_CCPR1                            EXTERNAL      00000000              0
_CCPR1H                           EXTERNAL      00000000              0
_CCPR1L                           EXTERNAL      00000000              0
_CCPR2                            EXTERNAL      00000000              0
_CCPR2H                           EXTERNAL      00000000              0
_CCPR2L                           EXTERNAL      00000000              0
_CCPTMRS                          EXTERNAL      00000000              0
_CCPTMRSbits                      EXTERNAL      00000000              0
_CCP1CON                          EXTERNAL      00000000              0
_CCP1CONbits                      EXTERNAL      00000000              0
_CCP2CON                          EXTERNAL      00000000              0
_CCP2CONbits                      EXTERNAL      00000000              0
_CM1CON0                          EXTERNAL      00000000              0
_CM1CON0bits                      EXTERNAL      00000000              0
_CM2CON0                          EXTERNAL      00000000              0
_CM2CON0bits                      EXTERNAL      00000000              0
_CM2CON1                          EXTERNAL      00000000              0
_CM2CON1bits                      EXTERNAL      00000000              0
_CTMUCON0                         EXTERNAL      00000000              0
_CTMUCON0bits                     EXTERNAL      00000000              0
_CTMUCONH                         EXTERNAL      00000000              0
_CTMUCONHbits                     EXTERNAL      00000000              0
_CTMUCONL                         EXTERNAL      00000000              0
_CTMUCONLbits                     EXTERNAL      00000000              0
_CTMUCON1                         EXTERNAL      00000000              0
_CTMUCON1bits                     EXTERNAL      00000000              0
_CTMUICON                         EXTERNAL      00000000              0
_CTMUICONbits                     EXTERNAL      00000000              0
_DDRA                             EXTERNAL      00000000              0
_DDRAbits                         EXTERNAL      00000000              0
_DDRB                             EXTERNAL      00000000              0
_DDRBbits                         EXTERNAL      00000000              0
_DDRC                             EXTERNAL      00000000              0
_DDRCbits                         EXTERNAL      00000000              0
_ECCP1AS                          EXTERNAL      00000000              0
_ECCP1ASbits                      EXTERNAL      00000000              0
_ECCP1CON                         EXTERNAL      00000000              0
_ECCP1CONbits                     EXTERNAL      00000000              0
_ECCP1DEL                         EXTERNAL      00000000              0
_ECCP1DELbits                     EXTERNAL      00000000              0
_ECCP2CON                         EXTERNAL      00000000              0
_ECCP2CONbits                     EXTERNAL      00000000              0
_EEADR                            EXTERNAL      00000000              0
_EECON1                           EXTERNAL      00000000              0
_EECON1bits                       EXTERNAL      00000000              0
_EECON2                           EXTERNAL      00000000              0
_EEDATA                           EXTERNAL      00000000              0
_FSR0H                            EXTERNAL      00000000              0
_FSR0L                            EXTERNAL      00000000              0
_FSR1H                            EXTERNAL      00000000              0
gpasm-1.5.0 #1285 (Jul 12 2020) obj/sdcc-18f2   11/12/23  13:12:41          PAGE 21


SYMBOL TABLE
  LABEL                              TYPE        VALUE         VALUE          VALUE
                                                 (hex)         (dec)          (text)

_FSR1L                            EXTERNAL      00000000              0
_FSR2H                            EXTERNAL      00000000              0
_FSR2L                            EXTERNAL      00000000              0
_HLVDCON                          EXTERNAL      00000000              0
_HLVDCONbits                      EXTERNAL      00000000              0
_INDF0                            EXTERNAL      00000000              0
_INDF1                            EXTERNAL      00000000              0
_INDF2                            EXTERNAL      00000000              0
_INTCON                           EXTERNAL      00000000              0
_INTCONbits                       EXTERNAL      00000000              0
_INTCON2                          EXTERNAL      00000000              0
_INTCON2bits                      EXTERNAL      00000000              0
_INTCON3                          EXTERNAL      00000000              0
_INTCON3bits                      EXTERNAL      00000000              0
_IOCB                             EXTERNAL      00000000              0
_IOCBbits                         EXTERNAL      00000000              0
_IOCC                             EXTERNAL      00000000              0
_IOCCbits                         EXTERNAL      00000000              0
_IPR1                             EXTERNAL      00000000              0
_IPR1bits                         EXTERNAL      00000000              0
_IPR2                             EXTERNAL      00000000              0
_IPR2bits                         EXTERNAL      00000000              0
_IPR3                             EXTERNAL      00000000              0
_IPR3bits                         EXTERNAL      00000000              0
_LATA                             EXTERNAL      00000000              0
_LATAbits                         EXTERNAL      00000000              0
_LATB                             EXTERNAL      00000000              0
_LATBbits                         EXTERNAL      00000000              0
_LATC                             EXTERNAL      00000000              0
_LATCbits                         EXTERNAL      00000000              0
_OSCCON                           EXTERNAL      00000000              0
_OSCCONbits                       EXTERNAL      00000000              0
_OSCCON2                          EXTERNAL      00000000              0
_OSCCON2bits                      EXTERNAL      00000000              0
_OSCTUNE                          EXTERNAL      00000000              0
_OSCTUNEbits                      EXTERNAL      00000000              0
_PC                               EXTERNAL      00000000              0
_PCL                              EXTERNAL      00000000              0
_PCLATH                           EXTERNAL      00000000              0
_PCLATU                           EXTERNAL      00000000              0
_PIE1                             EXTERNAL      00000000              0
_PIE1bits                         EXTERNAL      00000000              0
_PIE2                             EXTERNAL      00000000              0
_PIE2bits                         EXTERNAL      00000000              0
_PIE3                             EXTERNAL      00000000              0
_PIE3bits                         EXTERNAL      00000000              0
_PIR1                             EXTERNAL      00000000              0
_PIR1bits                         EXTERNAL      00000000              0
_PIR2                             EXTERNAL      00000000              0
_PIR2bits                         EXTERNAL      00000000              0
_PIR3                             EXTERNAL      00000000              0
_PIR3bits                         EXTERNAL      00000000              0
gpasm-1.5.0 #1285 (Jul 12 2020) obj/sdcc-18f2   11/12/23  13:12:41          PAGE 22


SYMBOL TABLE
  LABEL                              TYPE        VALUE         VALUE          VALUE
                                                 (hex)         (dec)          (text)

_PLUSW0                           EXTERNAL      00000000              0
_PLUSW1                           EXTERNAL      00000000              0
_PLUSW2                           EXTERNAL      00000000              0
_PMD0                             EXTERNAL      00000000              0
_PMD0bits                         EXTERNAL      00000000              0
_PMD1                             EXTERNAL      00000000              0
_PMD1bits                         EXTERNAL      00000000              0
_PORTA                            EXTERNAL      00000000              0
_PORTAbits                        EXTERNAL      00000000              0
_PORTB                            EXTERNAL      00000000              0
_PORTBbits                        EXTERNAL      00000000              0
_PORTC                            EXTERNAL      00000000              0
_PORTCbits                        EXTERNAL      00000000              0
_PORTE                            EXTERNAL      00000000              0
_PORTEbits                        EXTERNAL      00000000              0
_POSTDEC0                         EXTERNAL      00000000              0
_POSTDEC1                         EXTERNAL      00000000              0
_POSTDEC2                         EXTERNAL      00000000              0
_POSTINC0                         EXTERNAL      00000000              0
_POSTINC1                         EXTERNAL      00000000              0
_POSTINC2                         EXTERNAL      00000000              0
_PREINC0                          EXTERNAL      00000000              0
_PREINC1                          EXTERNAL      00000000              0
_PREINC2                          EXTERNAL      00000000              0
_PROD                             EXTERNAL      00000000              0
_PRODH                            EXTERNAL      00000000              0
_PRODL                            EXTERNAL      00000000              0
_PR2                              EXTERNAL      00000000              0
_PSTR1CON                         EXTERNAL      00000000              0
_PSTR1CONbits                     EXTERNAL      00000000              0
_PWM1CON                          EXTERNAL      00000000              0
_PWM1CONbits                      EXTERNAL      00000000              0
_RCON                             EXTERNAL      00000000              0
_RCONbits                         EXTERNAL      00000000              0
_RCREG                            EXTERNAL      00000000              0
_RCREG1                           EXTERNAL      00000000              0
_RCSTA                            EXTERNAL      00000000              0
_RCSTAbits                        EXTERNAL      00000000              0
_RCSTA1                           EXTERNAL      00000000              0
_RCSTA1bits                       EXTERNAL      00000000              0
_SLRCON                           EXTERNAL      00000000              0
_SLRCONbits                       EXTERNAL      00000000              0
_SPBRG                            EXTERNAL      00000000              0
_SPBRGH                           EXTERNAL      00000000              0
_SPBRGHbits                       EXTERNAL      00000000              0
_SPBRGH1                          EXTERNAL      00000000              0
_SPBRGH1bits                      EXTERNAL      00000000              0
_SPBRGbits                        EXTERNAL      00000000              0
_SPBRG1                           EXTERNAL      00000000              0
_SPBRG1bits                       EXTERNAL      00000000              0
_SRCON0                           EXTERNAL      00000000              0
_SRCON0bits                       EXTERNAL      00000000              0
gpasm-1.5.0 #1285 (Jul 12 2020) obj/sdcc-18f2   11/12/23  13:12:41          PAGE 23


SYMBOL TABLE
  LABEL                              TYPE        VALUE         VALUE          VALUE
                                                 (hex)         (dec)          (text)

_SRCON1                           EXTERNAL      00000000              0
_SRCON1bits                       EXTERNAL      00000000              0
_SSPADD                           EXTERNAL      00000000              0
_SSPADDbits                       EXTERNAL      00000000              0
_SSPBUF                           EXTERNAL      00000000              0
_SSPCON                           EXTERNAL      00000000              0
_SSPCONbits                       EXTERNAL      00000000              0
_SSPCON1                          EXTERNAL      00000000              0
_SSPCON1bits                      EXTERNAL      00000000              0
_SSPCON2                          EXTERNAL      00000000              0
_SSPCON2bits                      EXTERNAL      00000000              0
_SSPCON3                          EXTERNAL      00000000              0
_SSPCON3bits                      EXTERNAL      00000000              0
_SSPMSK                           EXTERNAL      00000000              0
_SSPMSKbits                       EXTERNAL      00000000              0
_SSPSTAT                          EXTERNAL      00000000              0
_SSPSTATbits                      EXTERNAL      00000000              0
_SSP1ADD                          EXTERNAL      00000000              0
_SSP1ADDbits                      EXTERNAL      00000000              0
_SSP1BUF                          EXTERNAL      00000000              0
_SSP1CON1                         EXTERNAL      00000000              0
_SSP1CON1bits                     EXTERNAL      00000000              0
_SSP1CON2                         EXTERNAL      00000000              0
_SSP1CON2bits                     EXTERNAL      00000000              0
_SSP1CON3                         EXTERNAL      00000000              0
_SSP1CON3bits                     EXTERNAL      00000000              0
_SSP1MSK                          EXTERNAL      00000000              0
_SSP1MSKbits                      EXTERNAL      00000000              0
_SSP1STAT                         EXTERNAL      00000000              0
_SSP1STATbits                     EXTERNAL      00000000              0
_STATUS                           EXTERNAL      00000000              0
_STATUSbits                       EXTERNAL      00000000              0
_STCON                            EXTERNAL      00000000              0
_STCONbits                        EXTERNAL      00000000              0
_STKPTR                           EXTERNAL      00000000              0
_STKPTRbits                       EXTERNAL      00000000              0
_T0CON                            EXTERNAL      00000000              0
_T0CONbits                        EXTERNAL      00000000              0
_TABLAT                           EXTERNAL      00000000              0
_TBLPTR                           EXTERNAL      00000000              0
_TBLPTRH                          EXTERNAL      00000000              0
_TBLPTRL                          EXTERNAL      00000000              0
_TBLPTRU                          EXTERNAL      00000000              0
_TMR0                             EXTERNAL      00000000              0
_TMR0H                            EXTERNAL      00000000              0
_TMR0L                            EXTERNAL      00000000              0
_TMR1                             EXTERNAL      00000000              0
_TMR1H                            EXTERNAL      00000000              0
_TMR1L                            EXTERNAL      00000000              0
_TMR2                             EXTERNAL      00000000              0
_TMR3                             EXTERNAL      00000000              0
_TMR3H                            EXTERNAL      00000000              0
gpasm-1.5.0 #1285 (Jul 12 2020) obj/sdcc-18f2   11/12/23  13:12:41          PAGE 24


SYMBOL TABLE
  LABEL                              TYPE        VALUE         VALUE          VALUE
                                                 (hex)         (dec)          (text)

_TMR3L                            EXTERNAL      00000000              0
_TOS                              EXTERNAL      00000000              0
_TOSH                             EXTERNAL      00000000              0
_TOSL                             EXTERNAL      00000000              0
_TOSU                             EXTERNAL      00000000              0
_TRISA                            EXTERNAL      00000000              0
_TRISAbits                        EXTERNAL      00000000              0
_TRISB                            EXTERNAL      00000000              0
_TRISBbits                        EXTERNAL      00000000              0
_TRISC                            EXTERNAL      00000000              0
_TRISCbits                        EXTERNAL      00000000              0
_TXREG                            EXTERNAL      00000000              0
_TXREG1                           EXTERNAL      00000000              0
_TXSTA                            EXTERNAL      00000000              0
_TXSTAbits                        EXTERNAL      00000000              0
_TXSTA1                           EXTERNAL      00000000              0
_TXSTA1bits                       EXTERNAL      00000000              0
_T1CON                            EXTERNAL      00000000              0
_T1CONbits                        EXTERNAL      00000000              0
_T1GCON                           EXTERNAL      00000000              0
_T1GCONbits                       EXTERNAL      00000000              0
_T2CON                            EXTERNAL      00000000              0
_T2CONbits                        EXTERNAL      00000000              0
_T3CON                            EXTERNAL      00000000              0
_T3CONbits                        EXTERNAL      00000000              0
_T3GCON                           EXTERNAL      00000000              0
_T3GCONbits                       EXTERNAL      00000000              0
_UADDR                            EXTERNAL      00000000              0
_UADDRbits                        EXTERNAL      00000000              0
_UCFG                             EXTERNAL      00000000              0
_UCFGbits                         EXTERNAL      00000000              0
_UCON                             EXTERNAL      00000000              0
_UCONbits                         EXTERNAL      00000000              0
_UEIE                             EXTERNAL      00000000              0
_UEIEbits                         EXTERNAL      00000000              0
_UEIR                             EXTERNAL      00000000              0
_UEIRbits                         EXTERNAL      00000000              0
_UEP0                             EXTERNAL      00000000              0
_UEP0bits                         EXTERNAL      00000000              0
_UEP1                             EXTERNAL      00000000              0
_UEP1bits                         EXTERNAL      00000000              0
_UEP2                             EXTERNAL      00000000              0
_UEP2bits                         EXTERNAL      00000000              0
_UEP3                             EXTERNAL      00000000              0
_UEP3bits                         EXTERNAL      00000000              0
_UEP4                             EXTERNAL      00000000              0
_UEP4bits                         EXTERNAL      00000000              0
_UEP5                             EXTERNAL      00000000              0
_UEP5bits                         EXTERNAL      00000000              0
_UEP6                             EXTERNAL      00000000              0
_UEP6bits                         EXTERNAL      00000000              0
_UEP7                             EXTERNAL      00000000              0
gpasm-1.5.0 #1285 (Jul 12 2020) obj/sdcc-18f2   11/12/23  13:12:41          PAGE 25


SYMBOL TABLE
  LABEL                              TYPE        VALUE         VALUE          VALUE
                                                 (hex)         (dec)          (text)

_UEP7bits                         EXTERNAL      00000000              0
_UEP8                             EXTERNAL      00000000              0
_UEP8bits                         EXTERNAL      00000000              0
_UEP9                             EXTERNAL      00000000              0
_UEP9bits                         EXTERNAL      00000000              0
_UEP10                            EXTERNAL      00000000              0
_UEP10bits                        EXTERNAL      00000000              0
_UEP11                            EXTERNAL      00000000              0
_UEP11bits                        EXTERNAL      00000000              0
_UEP12                            EXTERNAL      00000000              0
_UEP12bits                        EXTERNAL      00000000              0
_UEP13                            EXTERNAL      00000000              0
_UEP13bits                        EXTERNAL      00000000              0
_UEP14                            EXTERNAL      00000000              0
_UEP14bits                        EXTERNAL      00000000              0
_UEP15                            EXTERNAL      00000000              0
_UEP15bits                        EXTERNAL      00000000              0
_UFRM                             EXTERNAL      00000000              0
_UFRMH                            EXTERNAL      00000000              0
_UFRMHbits                        EXTERNAL      00000000              0
_UFRML                            EXTERNAL      00000000              0
_UFRMLbits                        EXTERNAL      00000000              0
_UIE                              EXTERNAL      00000000              0
_UIEbits                          EXTERNAL      00000000              0
_UIR                              EXTERNAL      00000000              0
_UIRbits                          EXTERNAL      00000000              0
_USTAT                            EXTERNAL      00000000              0
_USTATbits                        EXTERNAL      00000000              0
_VREFCON0                         EXTERNAL      00000000              0
_VREFCON0bits                     EXTERNAL      00000000              0
_VREFCON1                         EXTERNAL      00000000              0
_VREFCON1bits                     EXTERNAL      00000000              0
_VREFCON2                         EXTERNAL      00000000              0
_VREFCON2bits                     EXTERNAL      00000000              0
_VREGCON                          EXTERNAL      00000000              0
_WDTCON                           EXTERNAL      00000000              0
_WDTCONbits                       EXTERNAL      00000000              0
_WPUB                             EXTERNAL      00000000              0
_WPUBbits                         EXTERNAL      00000000              0
_WREG                             EXTERNAL      00000000              0
__ACC_RAM_LOW_END                 CONSTANT      0000005F             95
__ACC_RAM_LOW_START               CONSTANT      00000000              0
__ACTIVE_BANK_ADDR                VARIABLE      FFFFFFFF             -1
__ASSUMED_BANK_ADDR               VARIABLE      FFFFFFFF             -1
__BANK_0                          CONSTANT      00000000              0
__BANK_BITS                       CONSTANT      00000F00           3840
__BANK_FIRST                      CONSTANT      00000000              0
__BANK_INV                        CONSTANT      FFFFFFFF             -1
__BANK_LAST                       CONSTANT      00000F00           3840
__BANK_MASK                       CONSTANT      000000FF            255
__BANK_SHIFT                      CONSTANT      00000008              8
__BANK_SIZE                       CONSTANT      00000100            256
gpasm-1.5.0 #1285 (Jul 12 2020) obj/sdcc-18f2   11/12/23  13:12:41          PAGE 26


SYMBOL TABLE
  LABEL                              TYPE        VALUE         VALUE          VALUE
                                                 (hex)         (dec)          (text)

__BANK_1                          CONSTANT      00000100            256
__BANK_2                          CONSTANT      00000200            512
__BANK_3                          CONSTANT      00000300            768
__BANK_4                          CONSTANT      00000400           1024
__BANK_5                          CONSTANT      00000500           1280
__BANK_6                          CONSTANT      00000600           1536
__BANK_7                          CONSTANT      00000700           1792
__BANK_8                          CONSTANT      00000800           2048
__BANK_9                          CONSTANT      00000900           2304
__BANK_10                         CONSTANT      00000A00           2560
__BANK_11                         CONSTANT      00000B00           2816
__BANK_12                         CONSTANT      00000C00           3072
__BANK_13                         CONSTANT      00000D00           3328
__BANK_14                         CONSTANT      00000E00           3584
__BANK_15                         CONSTANT      00000F00           3840
__CODE_END                        CONSTANT      00007FFF          32767
__CODE_START                      CONSTANT      00000000              0
__COMMON_RAM_END                  CONSTANT      0000005F             95
__COMMON_RAM_START                CONSTANT      00000000              0
__CONFIG_END                      CONSTANT      0030000D        3145741
__CONFIG_START                    CONSTANT      00300000        3145728
__EEPROM_END                      CONSTANT      00F000FF       15728895
__EEPROM_START                    CONSTANT      00F00000       15728640
__EXTENDED                        CONSTANT      00000001              1
__GPUTILS_SVN_VERSION             CONSTANT      00000505           1285
__GPUTILS_VERSION_MAJOR           CONSTANT      00000001              1
__GPUTILS_VERSION_MICRO           CONSTANT      00000000              0
__GPUTILS_VERSION_MINOR           CONSTANT      00000005              5
__IDLOCS_END                      CONSTANT      00200007        2097159
__IDLOCS_START                    CONSTANT      00200000        2097152
__NUM_BANKS                       CONSTANT      00000010             16
__VECTOR_INT_HIGH                 CONSTANT      00000008              8
__VECTOR_INT_LOW                  CONSTANT      00000018             24
__VECTOR_RESET                    CONSTANT      00000000              0
__WHILE_LOOP_COUNT_MAX            CONSTANT      000000FF            255
__gptrget1                        EXTERNAL      00000000              0
__16_BIT                          CONSTANT      00000001              1
__18F25K50                        CONSTANT      00000001              1
_ser_brg                          GLOBAL        00000000              0
_ser_getch                        GLOBAL        00000000              0
_ser_init                         GLOBAL        00000000              0
_ser_isrx                         GLOBAL        00000000              0
_ser_put                          GLOBAL        00000000              0
_ser_putch                        GLOBAL        00000000              0
_ser_puthex                       GLOBAL        00000000              0
_ser_puts                         GLOBAL        00000000              0
_ser_puts2                        GLOBAL        00000000              0
_ser_rxat                         GLOBAL        00000000              0
_ser_rxfifo                       GLOBAL        00000000              0
_ser_rxiptr                       GLOBAL        00000000              0
_ser_rxoptr                       GLOBAL        00000000              0
_ser_rxsize                       GLOBAL        00000000              0
gpasm-1.5.0 #1285 (Jul 12 2020) obj/sdcc-18f2   11/12/23  13:12:41          PAGE 27


SYMBOL TABLE
  LABEL                              TYPE        VALUE         VALUE          VALUE
                                                 (hex)         (dec)          (text)

_ser_tmp                          GLOBAL        00000000              0
_ser_txfifo                       GLOBAL        00000000              0
_ser_txiptr                       GLOBAL        00000000              0
_ser_txoptr                       GLOBAL        00000000              0
r0x00                             STATIC        00000000              0
r0x01                             STATIC        00000001              1
r0x02                             STATIC        00000002              2
r0x03                             STATIC        00000003              3
r0x04                             STATIC        00000004              4
r0x05                             STATIC        00000005              5
r0x06                             STATIC        00000006              6

Errors   :     0
Warnings :     0 reported,     0 suppressed
Messages :     0 reported,     0 suppressed

