

Microchip Technology PIC Macro Assembler V1.34 build -361300703 
                                                                                                           Wed Sep 11 23:29:21 2019


     1                           
     2                           	; Microchip MPLAB XC8 C Compiler V1.34
     3                           	; Copyright (C) 1984-2015 HI-TECH Software
     4                           
     5                           	; Auto-generated runtime startup code for final link stage.
     6                           
     7                           	;
     8                           	; Compiler options:
     9                           	;
    10                           	; --chip=16F876A -G \
    11                           	; -mdist/release/production/LC_meter_16f876a_xc8.X.production.map \
    12                           	; -DXPRJ_release=release --double=32 --float=32 \
    13                           	; --opt=+asm,+asmfile,+speed,-space,-debug --addrqual=ignore --mode=pro \
    14                           	; -D__XC=1 -DUSE_TIMER0=1 -DUSE_TIMER1=1 -DUSE_TIMER2=1 -DUSE_UART=1 \
    15                           	; -DUSE_HD44780_LCD=1 -DXTAL_FREQ=20000000 -DBAUD_RATE=38400 \
    16                           	; -D__16f876a=1 -DNDEBUG=1 -P -N255 -I../../mplab -I. -I../../../src \
    17                           	; -I../../../lib -v --warn=-3 --asmlist \
    18                           	; --summary=default,-psect,-class,+mem,-hex,-file \
    19                           	; --output=default,-inhx032 \
    20                           	; --runtime=default,+clear,+init,+keep,-no_startup,+osccal,+oscval:0x3400,-resetbits,+download,-sta
                                 ckcall,+clib \
    21                           	; --output=+mcof,-elf --stack=compiled:auto:auto \
    22                           	; --errformat=%f:%l: error: (%n) %s \
    23                           	; --warnformat=%f:%l: warning: (%n) %s \
    24                           	; --msgformat=%f:%l: advisory: (%n) %s --summary=+xml \
    25                           	; --summarydir=dist/release/production/memoryfile.xml \
    26                           	; -odist/release/production/LC_meter_16f876a_xc8.X.production.cof \
    27                           	; build/release/production/_ext/1386528437/print.p1 \
    28                           	; build/release/production/_ext/1386521430/ser.p1 \
    29                           	; build/release/production/_ext/1386521430/timer.p1 \
    30                           	; build/release/production/_ext/1386521430/format.p1 \
    31                           	; build/release/production/_ext/1386528437/LC-meter.p1 \
    32                           	; build/release/production/_ext/1386521430/lcd44780.p1 \
    33                           	; build/release/production/_ext/1386521430/buffer.p1 \
    34                           	; build/release/production/_ext/2037789166/measure.p1 \
    35                           	; build/release/production/_ext/1386521430/uart.p1
    36                           	;
    37                           
    38                           
    39                           	processor	16F876A
    40                           
    41                           	global	_main,start,reset_vec
    42                           	fnroot	_main
    43                           	psect	config,class=CONFIG,delta=2,noexec
    44                           	psect	idloc,class=IDLOC,delta=2,noexec
    45                           	psect	code,class=CODE,delta=2
    46                           	psect	powerup,class=CODE,delta=2
    47                           	psect	reset_vec,class=CODE,delta=2
    48                           	psect	maintext,class=CODE,delta=2
    49  0000                     	Z	set	2
    50  0002                     	PCL	set	2
    51  0002                     	INDF	set	0
    52  0000                     
    53                           	STATUS	equ	3
    54  0003                     	PCLATH	equ	0Ah
    55  000A                     
    56                           	psect	eeprom_data,class=EEDATA,delta=2,space=3,noexec
    57                           	psect	intentry,class=CODE,delta=2
    58                           	psect	functab,class=CODE,delta=2
    59                           	global	intlevel0,intlevel1,intlevel2, intlevel3, intlevel4, intlevel5
    60                           intlevel0:
    61  0100                     intlevel1:
    62  0100                     intlevel2:
    63  0100                     intlevel3:
    64  0100                     intlevel4:
    65  0100                     intlevel5:
    66  0100                     	psect	init,class=CODE,delta=2
    67                           	psect	cinit,class=CODE,delta=2
    68                           	psect	text,class=CODE,delta=2
    69                           	psect	end_init,class=CODE,delta=2
    70                           	psect	clrtext,class=CODE,delta=2
    71                           	FSR	set	4
    72  0004                     	psect	strings,class=CODE,delta=2,reloc=256
    73                           
    74                           	global stacklo, stackhi
    75                           	stacklo	equ	0
    76  0000                     	stackhi	equ	0
    77  0000                     
    78                           
    79                           	psect	stack,class=STACK,space=2,noexec
    80                           	global ___sp,___int_sp
    81                           	___sp:
    82  0000                     	___int_sp:
    83  0000                     	psect	reset_vec
    84                           reset_vec:
    85  0000                     	; No powerup routine
    86                           	global start
    87                           
    88                           ; jump to start
    89                           	goto	start & 0x7FF | (reset_vec & not 0x7FF)
    90  0000  120A  118A  280C   
    91                           
    92                           
    93                           	psect	init
    94                           start
    95  000C                     	psect	end_init
    96                           	global start_initialization
    97                           	ljmp start_initialization	;jump to C runtime clear & initialization
    98  000C  120A  118A  280F   
    99                           ; Config register CONFIG @ 0x2007
   100                           ;	Watchdog Timer Enable bit
   101                           ;	WDTE = OFF, WDT disabled
   102                           ;	Power-up Timer Enable bit
   103                           ;	PWRTE = 0x1, unprogrammed default
   104                           ;	Flash Program Memory Code Protection bit
   105                           ;	CP = 0x1, unprogrammed default
   106                           ;	Brown-out Reset Enable bit
   107                           ;	BOREN = OFF, BOR disabled
   108                           ;	In-Circuit Debugger Mode bit
   109                           ;	DEBUG = 0x1, unprogrammed default
   110                           ;	Low-Voltage (Single-Supply) In-Circuit Serial Programming Enable bit
   111                           ;	LVP = OFF, RB3 is digital I/O, HV on MCLR must be used for programming
   112                           ;	Data EEPROM Memory Code Protection bit
   113                           ;	CPD = OFF, Data EEPROM code protection off
   114                           ;	Flash Program Memory Write Enable bits
   115                           ;	WRT = 0x3, unprogrammed default
   116                           ;	Oscillator Selection bits
   117                           ;	FOSC = HS, HS oscillator
   118                           
   119                           	psect	config
   120                           		org 0x0
   121  2007                     		dw 0xFF3A
   122  2007  FF3A               


Microchip Technology PIC Macro Assembler V1.34 build -361300703 
Symbol Table                                                                                               Wed Sep 11 23:29:21 2019

               ___sp 0000                 _main 06E1                 start 000C               stackhi 0000  
             stacklo 0000  start_initialization 000F             ___int_sp 0000             intlevel0 0100  
           intlevel1 0100             intlevel2 0100             intlevel3 0100             intlevel4 0100  
           intlevel5 0100             reset_vec 0000  
