gpasm-1.5.2 #1319 (Sep 16 2019) build/default   27.11.2019  16:57:28        PAGE  1


LOC    OBJECT CODE    LINE  SOURCE TEXT
  VALUE

                      00001 ;--------------------------------------------------------
                      00002 ; File Created by SDCC : free open source ANSI-C Compiler
                      00003 ; Version 3.9.0 #11195 (Linux)
                      00004 ;--------------------------------------------------------
                      00005 ; PIC16 port for the Microchip 16-bit core micros
                      00006 ;--------------------------------------------------------
                      00007         list    p=18f2550
                      00008         radix   dec
                      00009 
                      00010 
                      00011 ;--------------------------------------------------------
                      00012 ; public variables in this module
                      00013 ;--------------------------------------------------------
  0000                00014         global  _buffer_init
  0000                00015         global  _buffer_flush
  0000                00016         global  _buffer_putch
  0000                00017         global  _buffer_put
  0000                00018         global  _buffer_puts
  0000                00019         global  _buffer
                      00020 
                      00021 ;--------------------------------------------------------
                      00022 ; extern variables in this module
                      00023 ;--------------------------------------------------------
  0000                00024         extern  __gptrget1
  0000                00025         extern  _UFRMLbits
  0000                00026         extern  _UFRMHbits
  0000                00027         extern  _UIRbits
  0000                00028         extern  _UIEbits
  0000                00029         extern  _UEIRbits
  0000                00030         extern  _UEIEbits
  0000                00031         extern  _USTATbits
  0000                00032         extern  _UCONbits
  0000                00033         extern  _UADDRbits
  0000                00034         extern  _UCFGbits
  0000                00035         extern  _UEP0bits
  0000                00036         extern  _UEP1bits
  0000                00037         extern  _UEP2bits
  0000                00038         extern  _UEP3bits
  0000                00039         extern  _UEP4bits
  0000                00040         extern  _UEP5bits
  0000                00041         extern  _UEP6bits
  0000                00042         extern  _UEP7bits
  0000                00043         extern  _UEP8bits
  0000                00044         extern  _UEP9bits
  0000                00045         extern  _UEP10bits
  0000                00046         extern  _UEP11bits
  0000                00047         extern  _UEP12bits
  0000                00048         extern  _UEP13bits
  0000                00049         extern  _UEP14bits
  0000                00050         extern  _UEP15bits
  0000                00051         extern  _PORTAbits
  0000                00052         extern  _PORTBbits
  0000                00053         extern  _PORTCbits
gpasm-1.5.2 #1319 (Sep 16 2019) build/default   27.11.2019  16:57:28        PAGE  2


LOC    OBJECT CODE    LINE  SOURCE TEXT
  VALUE

  0000                00054         extern  _PORTEbits
  0000                00055         extern  _LATAbits
  0000                00056         extern  _LATBbits
  0000                00057         extern  _LATCbits
  0000                00058         extern  _DDRAbits
  0000                00059         extern  _TRISAbits
  0000                00060         extern  _DDRBbits
  0000                00061         extern  _TRISBbits
  0000                00062         extern  _DDRCbits
  0000                00063         extern  _TRISCbits
  0000                00064         extern  _OSCTUNEbits
  0000                00065         extern  _PIE1bits
  0000                00066         extern  _PIR1bits
  0000                00067         extern  _IPR1bits
  0000                00068         extern  _PIE2bits
  0000                00069         extern  _PIR2bits
  0000                00070         extern  _IPR2bits
  0000                00071         extern  _EECON1bits
  0000                00072         extern  _RCSTAbits
  0000                00073         extern  _TXSTAbits
  0000                00074         extern  _T3CONbits
  0000                00075         extern  _CMCONbits
  0000                00076         extern  _CVRCONbits
  0000                00077         extern  _CCP1ASbits
  0000                00078         extern  _ECCP1ASbits
  0000                00079         extern  _CCP1DELbits
  0000                00080         extern  _ECCP1DELbits
  0000                00081         extern  _BAUDCONbits
  0000                00082         extern  _BAUDCTLbits
  0000                00083         extern  _CCP2CONbits
  0000                00084         extern  _CCP1CONbits
  0000                00085         extern  _ADCON2bits
  0000                00086         extern  _ADCON1bits
  0000                00087         extern  _ADCON0bits
  0000                00088         extern  _SSPCON2bits
  0000                00089         extern  _SSPCON1bits
  0000                00090         extern  _SSPSTATbits
  0000                00091         extern  _T2CONbits
  0000                00092         extern  _T1CONbits
  0000                00093         extern  _RCONbits
  0000                00094         extern  _WDTCONbits
  0000                00095         extern  _HLVDCONbits
  0000                00096         extern  _LVDCONbits
  0000                00097         extern  _OSCCONbits
  0000                00098         extern  _T0CONbits
  0000                00099         extern  _STATUSbits
  0000                00100         extern  _INTCON3bits
  0000                00101         extern  _INTCON2bits
  0000                00102         extern  _INTCONbits
  0000                00103         extern  _STKPTRbits
  0000                00104         extern  _UFRM
  0000                00105         extern  _UFRML
  0000                00106         extern  _UFRMH
gpasm-1.5.2 #1319 (Sep 16 2019) build/default   27.11.2019  16:57:28        PAGE  3


LOC    OBJECT CODE    LINE  SOURCE TEXT
  VALUE

  0000                00107         extern  _UIR
  0000                00108         extern  _UIE
  0000                00109         extern  _UEIR
  0000                00110         extern  _UEIE
  0000                00111         extern  _USTAT
  0000                00112         extern  _UCON
  0000                00113         extern  _UADDR
  0000                00114         extern  _UCFG
  0000                00115         extern  _UEP0
  0000                00116         extern  _UEP1
  0000                00117         extern  _UEP2
  0000                00118         extern  _UEP3
  0000                00119         extern  _UEP4
  0000                00120         extern  _UEP5
  0000                00121         extern  _UEP6
  0000                00122         extern  _UEP7
  0000                00123         extern  _UEP8
  0000                00124         extern  _UEP9
  0000                00125         extern  _UEP10
  0000                00126         extern  _UEP11
  0000                00127         extern  _UEP12
  0000                00128         extern  _UEP13
  0000                00129         extern  _UEP14
  0000                00130         extern  _UEP15
  0000                00131         extern  _PORTA
  0000                00132         extern  _PORTB
  0000                00133         extern  _PORTC
  0000                00134         extern  _PORTE
  0000                00135         extern  _LATA
  0000                00136         extern  _LATB
  0000                00137         extern  _LATC
  0000                00138         extern  _DDRA
  0000                00139         extern  _TRISA
  0000                00140         extern  _DDRB
  0000                00141         extern  _TRISB
  0000                00142         extern  _DDRC
  0000                00143         extern  _TRISC
  0000                00144         extern  _OSCTUNE
  0000                00145         extern  _PIE1
  0000                00146         extern  _PIR1
  0000                00147         extern  _IPR1
  0000                00148         extern  _PIE2
  0000                00149         extern  _PIR2
  0000                00150         extern  _IPR2
  0000                00151         extern  _EECON1
  0000                00152         extern  _EECON2
  0000                00153         extern  _EEDATA
  0000                00154         extern  _EEADR
  0000                00155         extern  _RCSTA
  0000                00156         extern  _TXSTA
  0000                00157         extern  _TXREG
  0000                00158         extern  _RCREG
  0000                00159         extern  _SPBRG
gpasm-1.5.2 #1319 (Sep 16 2019) build/default   27.11.2019  16:57:28        PAGE  4


LOC    OBJECT CODE    LINE  SOURCE TEXT
  VALUE

  0000                00160         extern  _SPBRGH
  0000                00161         extern  _T3CON
  0000                00162         extern  _TMR3
  0000                00163         extern  _TMR3L
  0000                00164         extern  _TMR3H
  0000                00165         extern  _CMCON
  0000                00166         extern  _CVRCON
  0000                00167         extern  _CCP1AS
  0000                00168         extern  _ECCP1AS
  0000                00169         extern  _CCP1DEL
  0000                00170         extern  _ECCP1DEL
  0000                00171         extern  _BAUDCON
  0000                00172         extern  _BAUDCTL
  0000                00173         extern  _CCP2CON
  0000                00174         extern  _CCPR2
  0000                00175         extern  _CCPR2L
  0000                00176         extern  _CCPR2H
  0000                00177         extern  _CCP1CON
  0000                00178         extern  _CCPR1
  0000                00179         extern  _CCPR1L
  0000                00180         extern  _CCPR1H
  0000                00181         extern  _ADCON2
  0000                00182         extern  _ADCON1
  0000                00183         extern  _ADCON0
  0000                00184         extern  _ADRES
  0000                00185         extern  _ADRESL
  0000                00186         extern  _ADRESH
  0000                00187         extern  _SSPCON2
  0000                00188         extern  _SSPCON1
  0000                00189         extern  _SSPSTAT
  0000                00190         extern  _SSPADD
  0000                00191         extern  _SSPBUF
  0000                00192         extern  _T2CON
  0000                00193         extern  _PR2
  0000                00194         extern  _TMR2
  0000                00195         extern  _T1CON
  0000                00196         extern  _TMR1
  0000                00197         extern  _TMR1L
  0000                00198         extern  _TMR1H
  0000                00199         extern  _RCON
  0000                00200         extern  _WDTCON
  0000                00201         extern  _HLVDCON
  0000                00202         extern  _LVDCON
  0000                00203         extern  _OSCCON
  0000                00204         extern  _T0CON
  0000                00205         extern  _TMR0
  0000                00206         extern  _TMR0L
  0000                00207         extern  _TMR0H
  0000                00208         extern  _STATUS
  0000                00209         extern  _FSR2L
  0000                00210         extern  _FSR2H
  0000                00211         extern  _PLUSW2
  0000                00212         extern  _PREINC2
gpasm-1.5.2 #1319 (Sep 16 2019) build/default   27.11.2019  16:57:28        PAGE  5


LOC    OBJECT CODE    LINE  SOURCE TEXT
  VALUE

  0000                00213         extern  _POSTDEC2
  0000                00214         extern  _POSTINC2
  0000                00215         extern  _INDF2
  0000                00216         extern  _BSR
  0000                00217         extern  _FSR1L
  0000                00218         extern  _FSR1H
  0000                00219         extern  _PLUSW1
  0000                00220         extern  _PREINC1
  0000                00221         extern  _POSTDEC1
  0000                00222         extern  _POSTINC1
  0000                00223         extern  _INDF1
  0000                00224         extern  _WREG
  0000                00225         extern  _FSR0L
  0000                00226         extern  _FSR0H
  0000                00227         extern  _PLUSW0
  0000                00228         extern  _PREINC0
  0000                00229         extern  _POSTDEC0
  0000                00230         extern  _POSTINC0
  0000                00231         extern  _INDF0
  0000                00232         extern  _INTCON3
  0000                00233         extern  _INTCON2
  0000                00234         extern  _INTCON
  0000                00235         extern  _PROD
  0000                00236         extern  _PRODL
  0000                00237         extern  _PRODH
  0000                00238         extern  _TABLAT
  0000                00239         extern  _TBLPTR
  0000                00240         extern  _TBLPTRL
  0000                00241         extern  _TBLPTRH
  0000                00242         extern  _TBLPTRU
  0000                00243         extern  _PC
  0000                00244         extern  _PCL
  0000                00245         extern  _PCLATH
  0000                00246         extern  _PCLATU
  0000                00247         extern  _STKPTR
  0000                00248         extern  _TOS
  0000                00249         extern  _TOSL
  0000                00250         extern  _TOSH
  0000                00251         extern  _TOSU
                      00252 
                      00253 ;--------------------------------------------------------
                      00254 ;       Equates to used internal registers
                      00255 ;--------------------------------------------------------
  00000FD8            00256 STATUS  equ     0xfd8
  00000FE8            00257 WREG    equ     0xfe8
  00000FE9            00258 FSR0L   equ     0xfe9
  00000FEA            00259 FSR0H   equ     0xfea
  00000FE1            00260 FSR1L   equ     0xfe1
  00000FD9            00261 FSR2L   equ     0xfd9
  00000FEF            00262 INDF0   equ     0xfef
  00000FE6            00263 POSTINC1        equ     0xfe6
  00000FE5            00264 POSTDEC1        equ     0xfe5
  00000FE4            00265 PREINC1 equ     0xfe4
gpasm-1.5.2 #1319 (Sep 16 2019) build/default   27.11.2019  16:57:28        PAGE  6


LOC    OBJECT CODE    LINE  SOURCE TEXT
  VALUE

  00000FDB            00266 PLUSW2  equ     0xfdb
  00000FF3            00267 PRODL   equ     0xff3
  00000FF4            00268 PRODH   equ     0xff4
                      00269 
                      00270 
                      00271 ; Internal registers
                      00272 .registers      udata_ovr       0x0000
000000                00273 r0x00   res     1
000001                00274 r0x01   res     1
000002                00275 r0x02   res     1
000003                00276 r0x03   res     1
000004                00277 r0x04   res     1
000005                00278 r0x05   res     1
000006                00279 r0x06   res     1
000007                00280 r0x07   res     1
000008                00281 r0x08   res     1
000009                00282 r0x09   res     1
                      00283 
                      00284 udata_buffer_0  udata
000000                00285 _buffer res     17
                      00286 
                      00287 ;--------------------------------------------------------
                      00288 ; global & static initialisations
                      00289 ;--------------------------------------------------------
                      00290 ; I code from now on!
                      00291 ; ; Starting pCode block
                      00292 S_buffer__buffer_puts   code
000000                00293 _buffer_puts:
                      00294 ;       .line   57; ../../../lib/buffer.c       buffer_puts(const char* x) {
000000 CFD9 FFE5      00295         MOVFF   FSR2L, POSTDEC1
000004 CFE1 FFD9      00296         MOVFF   FSR1L, FSR2L
000008 C??? F???      00297         MOVFF   r0x00, POSTDEC1
00000C C??? F???      00298         MOVFF   r0x01, POSTDEC1
000010 C??? F???      00299         MOVFF   r0x02, POSTDEC1
000014 C??? F???      00300         MOVFF   r0x03, POSTDEC1
000018 0E02           00301         MOVLW   0x02
00001A CFDB F000      00302         MOVFF   PLUSW2, r0x00
00001E 0E03           00303         MOVLW   0x03
000020 CFDB F000      00304         MOVFF   PLUSW2, r0x01
000024 0E04           00305         MOVLW   0x04
000026 CFDB F000      00306         MOVFF   PLUSW2, r0x02
00002A                00307 _00155_DS_:
                      00308 ;       .line   58; ../../../lib/buffer.c       while(*x) {
00002A C??? F???      00309         MOVFF   r0x00, FSR0L
00002E C??? F???      00310         MOVFF   r0x01, PRODL
000032 50??           00311         MOVF    r0x02, W
000034 EC?? F0??      00312         CALL    __gptrget1
000038 6E??           00313         MOVWF   r0x03
00003A 50??           00314         MOVF    r0x03, W
00003C E0??           00315         BZ      _00157_DS_
                      00316 ;       .line   59; ../../../lib/buffer.c       buffer_putch(*x);
00003E 50??           00317         MOVF    r0x03, W
000040 6EE5           00318         MOVWF   POSTDEC1
gpasm-1.5.2 #1319 (Sep 16 2019) build/default   27.11.2019  16:57:28        PAGE  7


LOC    OBJECT CODE    LINE  SOURCE TEXT
  VALUE

000042 EC?? F0??      00319         CALL    _buffer_putch
000046 52E6           00320         MOVF    POSTINC1, F
                      00321 ;       .line   60; ../../../lib/buffer.c       ++x;
000048 2A??           00322         INCF    r0x00, F
00004A E3??           00323         BNC     _00155_DS_
00004C 4A??           00324         INFSNZ  r0x01, F
00004E 2A??           00325         INCF    r0x02, F
000050                00326 _00169_DS_:
000050 D???           00327         BRA     _00155_DS_
000052                00328 _00157_DS_:
                      00329 ;       .line   62; ../../../lib/buffer.c       return 0;
000052 6AE8           00330         CLRF    WREG
                      00331 ;       .line   63; ../../../lib/buffer.c       }
000054 CFE4 F000      00332         MOVFF   PREINC1, r0x03
000058 CFE4 F000      00333         MOVFF   PREINC1, r0x02
00005C CFE4 F000      00334         MOVFF   PREINC1, r0x01
000060 CFE4 F000      00335         MOVFF   PREINC1, r0x00
000064 CFE4 FFD9      00336         MOVFF   PREINC1, FSR2L
000068 0012           00337         RETURN  
                      00338 
                      00339 ; ; Starting pCode block
                      00340 S_buffer__buffer_put    code
000000                00341 _buffer_put:
                      00342 ;       .line   39; ../../../lib/buffer.c       buffer_put(const char* buf, len_t len) {
000000 CFD9 FFE5      00343         MOVFF   FSR2L, POSTDEC1
000004 CFE1 FFD9      00344         MOVFF   FSR1L, FSR2L
000008 C??? F???      00345         MOVFF   r0x00, POSTDEC1
00000C C??? F???      00346         MOVFF   r0x01, POSTDEC1
000010 C??? F???      00347         MOVFF   r0x02, POSTDEC1
000014 C??? F???      00348         MOVFF   r0x03, POSTDEC1
000018 C??? F???      00349         MOVFF   r0x04, POSTDEC1
00001C C??? F???      00350         MOVFF   r0x05, POSTDEC1
000020 C??? F???      00351         MOVFF   r0x06, POSTDEC1
000024 C??? F???      00352         MOVFF   r0x07, POSTDEC1
000028 C??? F???      00353         MOVFF   r0x08, POSTDEC1
00002C C??? F???      00354         MOVFF   r0x09, POSTDEC1
000030 0E02           00355         MOVLW   0x02
000032 CFDB F000      00356         MOVFF   PLUSW2, r0x00
000036 0E03           00357         MOVLW   0x03
000038 CFDB F000      00358         MOVFF   PLUSW2, r0x01
00003C 0E04           00359         MOVLW   0x04
00003E CFDB F000      00360         MOVFF   PLUSW2, r0x02
000042 0E05           00361         MOVLW   0x05
000044 CFDB F000      00362         MOVFF   PLUSW2, r0x03
000048 010?           00363         BANKSEL (_buffer + 16)
                      00364 ;       .line   41; ../../../lib/buffer.c       if(len > BUFFER_SIZE - buffer.n) // doesn't fit
00004A 51??           00365         MOVF    (_buffer + 16), W, B
00004C 38E8           00366         SWAPF   WREG, W
00004E 0B0F           00367         ANDLW   0x0f
000050 6E??           00368         MOVWF   r0x04
000052 6A??           00369         CLRF    r0x05
000054 50??           00370         MOVF    r0x04, W
000056 0810           00371         SUBLW   0x10
gpasm-1.5.2 #1319 (Sep 16 2019) build/default   27.11.2019  16:57:28        PAGE  8


LOC    OBJECT CODE    LINE  SOURCE TEXT
  VALUE

000058 6E??           00372         MOVWF   r0x04
00005A 0E00           00373         MOVLW   0x00
00005C 56??           00374         SUBFWB  r0x05, F
00005E C??? F???      00375         MOVFF   r0x03, r0x06
000062 6A??           00376         CLRF    r0x07
000064 50??           00377         MOVF    r0x05, W
000066 0F80           00378         ADDLW   0x80
000068 6EF3           00379         MOVWF   PRODL
00006A 50??           00380         MOVF    r0x07, W
00006C 0F80           00381         ADDLW   0x80
00006E 5CF3           00382         SUBWF   PRODL, W
000070 E1??           00383         BNZ     _00149_DS_
000072 50??           00384         MOVF    r0x06, W
000074 5C??           00385         SUBWF   r0x04, W
000076                00386 _00149_DS_:
000076 E2??           00387         BC      _00138_DS_
                      00388 ;       .line   42; ../../../lib/buffer.c       return -1;
000078 68E8           00389         SETF    WREG
00007A D???           00390         BRA     _00134_DS_
00007C                00391 _00138_DS_:
                      00392 ;       .line   43; ../../../lib/buffer.c       for(i = 0; i < len; i++)
00007C 6A??           00393         CLRF    r0x04
00007E                00394 _00132_DS_:
00007E 50??           00395         MOVF    r0x03, W
000080 5C??           00396         SUBWF   r0x04, W
000082 E2??           00397         BC      _00130_DS_
000084 010?           00398         BANKSEL (_buffer + 16)
                      00399 ;       .line   44; ../../../lib/buffer.c       buffer.x[buffer.n + i] = buf[i];
000086 51??           00400         MOVF    (_buffer + 16), W, B
000088 38E8           00401         SWAPF   WREG, W
00008A 0B0F           00402         ANDLW   0x0f
00008C 6E??           00403         MOVWF   r0x05
00008E 50??           00404         MOVF    r0x04, W
000090 6E??           00405         MOVWF   r0x06
000092 50??           00406         MOVF    r0x06, W
000094 26??           00407         ADDWF   r0x05, F
000096 6A??           00408         CLRF    r0x06
000098 BE??           00409         BTFSC   r0x05, 7
00009A 68??           00410         SETF    r0x06
00009C 0E??           00411         MOVLW   LOW(_buffer)
00009E 26??           00412         ADDWF   r0x05, F
0000A0 0E??           00413         MOVLW   HIGH(_buffer)
0000A2 22??           00414         ADDWFC  r0x06, F
0000A4 50??           00415         MOVF    r0x04, W
0000A6 24??           00416         ADDWF   r0x00, W
0000A8 6E??           00417         MOVWF   r0x07
0000AA 6AE8           00418         CLRF    WREG
0000AC 20??           00419         ADDWFC  r0x01, W
0000AE 6E??           00420         MOVWF   r0x08
0000B0 6AE8           00421         CLRF    WREG
0000B2 20??           00422         ADDWFC  r0x02, W
0000B4 6E??           00423         MOVWF   r0x09
0000B6 C??? F???      00424         MOVFF   r0x07, FSR0L
gpasm-1.5.2 #1319 (Sep 16 2019) build/default   27.11.2019  16:57:28        PAGE  9


LOC    OBJECT CODE    LINE  SOURCE TEXT
  VALUE

0000BA C??? F???      00425         MOVFF   r0x08, PRODL
0000BE 50??           00426         MOVF    r0x09, W
0000C0 EC?? F0??      00427         CALL    __gptrget1
0000C4 6E??           00428         MOVWF   r0x07
0000C6 C??? F???      00429         MOVFF   r0x05, FSR0L
0000CA C??? F???      00430         MOVFF   r0x06, FSR0H
0000CE C??? F???      00431         MOVFF   r0x07, INDF0
                      00432 ;       .line   43; ../../../lib/buffer.c       for(i = 0; i < len; i++)
0000D2 2A??           00433         INCF    r0x04, F
0000D4 D???           00434         BRA     _00132_DS_
0000D6                00435 _00130_DS_:
0000D6 010?           00436         BANKSEL (_buffer + 16)
                      00437 ;       .line   45; ../../../lib/buffer.c       buffer.n += len;
0000D8 51??           00438         MOVF    (_buffer + 16), W, B
0000DA 38E8           00439         SWAPF   WREG, W
0000DC 0B0F           00440         ANDLW   0x0f
0000DE 6E??           00441         MOVWF   r0x00
0000E0 50??           00442         MOVF    r0x00, W
0000E2 26??           00443         ADDWF   r0x03, F
0000E4 50??           00444         MOVF    r0x03, W
0000E6 0B0F           00445         ANDLW   0x0f
0000E8 38E8           00446         SWAPF   WREG, W
0000EA 6EF4           00447         MOVWF   PRODH
0000EC 010?           00448         BANKSEL (_buffer + 16)
0000EE 51??           00449         MOVF    (_buffer + 16), W, B
0000F0 0B0F           00450         ANDLW   0x0f
0000F2 10F4           00451         IORWF   PRODH, W
0000F4 010?           00452         BANKSEL (_buffer + 16)
0000F6 6F??           00453         MOVWF   (_buffer + 16), B
                      00454 ;       .line   46; ../../../lib/buffer.c       return 0;
0000F8 6AE8           00455         CLRF    WREG
0000FA                00456 _00134_DS_:
                      00457 ;       .line   47; ../../../lib/buffer.c       }
0000FA CFE4 F000      00458         MOVFF   PREINC1, r0x09
0000FE CFE4 F000      00459         MOVFF   PREINC1, r0x08
000102 CFE4 F000      00460         MOVFF   PREINC1, r0x07
000106 CFE4 F000      00461         MOVFF   PREINC1, r0x06
00010A CFE4 F000      00462         MOVFF   PREINC1, r0x05
00010E CFE4 F000      00463         MOVFF   PREINC1, r0x04
000112 CFE4 F000      00464         MOVFF   PREINC1, r0x03
000116 CFE4 F000      00465         MOVFF   PREINC1, r0x02
00011A CFE4 F000      00466         MOVFF   PREINC1, r0x01
00011E CFE4 F000      00467         MOVFF   PREINC1, r0x00
000122 CFE4 FFD9      00468         MOVFF   PREINC1, FSR2L
000126 0012           00469         RETURN  
                      00470 
                      00471 ; ; Starting pCode block
                      00472 S_buffer__buffer_putch  code
000000                00473 _buffer_putch:
                      00474 ;       .line   30; ../../../lib/buffer.c       buffer_putch(char ch) {
000000 CFD9 FFE5      00475         MOVFF   FSR2L, POSTDEC1
000004 CFE1 FFD9      00476         MOVFF   FSR1L, FSR2L
000008 C??? F???      00477         MOVFF   r0x00, POSTDEC1
gpasm-1.5.2 #1319 (Sep 16 2019) build/default   27.11.2019  16:57:28        PAGE 10


LOC    OBJECT CODE    LINE  SOURCE TEXT
  VALUE

00000C C??? F???      00478         MOVFF   r0x01, POSTDEC1
000010 C??? F???      00479         MOVFF   r0x02, POSTDEC1
000014 0E02           00480         MOVLW   0x02
000016 CFDB F000      00481         MOVFF   PLUSW2, r0x00
00001A 010?           00482         BANKSEL (_buffer + 16)
                      00483 ;       .line   31; ../../../lib/buffer.c       if(BUFFER_SIZE - buffer.n <= 0)
00001C 51??           00484         MOVF    (_buffer + 16), W, B
00001E 38E8           00485         SWAPF   WREG, W
000020 0B0F           00486         ANDLW   0x0f
000022 6E??           00487         MOVWF   r0x01
000024 6A??           00488         CLRF    r0x02
000026 50??           00489         MOVF    r0x01, W
000028 0810           00490         SUBLW   0x10
00002A 6E??           00491         MOVWF   r0x01
00002C 0E00           00492         MOVLW   0x00
00002E 56??           00493         SUBFWB  r0x02, F
000030 50??           00494         MOVF    r0x02, W
000032 0F80           00495         ADDLW   0x80
000034 0F80           00496         ADDLW   0x80
000036 E1??           00497         BNZ     _00123_DS_
000038 0E01           00498         MOVLW   0x01
00003A 5C??           00499         SUBWF   r0x01, W
00003C                00500 _00123_DS_:
00003C E2??           00501         BC      _00116_DS_
                      00502 ;       .line   32; ../../../lib/buffer.c       return 0;
00003E 6AE8           00503         CLRF    WREG
000040 D???           00504         BRA     _00117_DS_
000042                00505 _00116_DS_:
000042 010?           00506         BANKSEL (_buffer + 16)
                      00507 ;       .line   33; ../../../lib/buffer.c       buffer.x[buffer.n] = ch;
000044 51??           00508         MOVF    (_buffer + 16), W, B
000046 38E8           00509         SWAPF   WREG, W
000048 0B0F           00510         ANDLW   0x0f
00004A 6E??           00511         MOVWF   r0x01
00004C 6A??           00512         CLRF    r0x02
00004E 0E??           00513         MOVLW   LOW(_buffer)
000050 26??           00514         ADDWF   r0x01, F
000052 0E??           00515         MOVLW   HIGH(_buffer)
000054 22??           00516         ADDWFC  r0x02, F
000056 C??? F???      00517         MOVFF   r0x01, FSR0L
00005A C??? F???      00518         MOVFF   r0x02, FSR0H
00005E C??? F???      00519         MOVFF   r0x00, INDF0
000062 010?           00520         BANKSEL (_buffer + 16)
                      00521 ;       .line   34; ../../../lib/buffer.c       buffer.n++;
000064 51??           00522         MOVF    (_buffer + 16), W, B
000066 38E8           00523         SWAPF   WREG, W
000068 0B0F           00524         ANDLW   0x0f
00006A 6E??           00525         MOVWF   r0x00
00006C 2A??           00526         INCF    r0x00, F
00006E 50??           00527         MOVF    r0x00, W
000070 0B0F           00528         ANDLW   0x0f
000072 38E8           00529         SWAPF   WREG, W
000074 6EF4           00530         MOVWF   PRODH
gpasm-1.5.2 #1319 (Sep 16 2019) build/default   27.11.2019  16:57:28        PAGE 11


LOC    OBJECT CODE    LINE  SOURCE TEXT
  VALUE

000076 010?           00531         BANKSEL (_buffer + 16)
000078 51??           00532         MOVF    (_buffer + 16), W, B
00007A 0B0F           00533         ANDLW   0x0f
00007C 10F4           00534         IORWF   PRODH, W
00007E 010?           00535         BANKSEL (_buffer + 16)
000080 6F??           00536         MOVWF   (_buffer + 16), B
                      00537 ;       .line   35; ../../../lib/buffer.c       return 1;
000082 0E01           00538         MOVLW   0x01
000084                00539 _00117_DS_:
                      00540 ;       .line   36; ../../../lib/buffer.c       }
000084 CFE4 F000      00541         MOVFF   PREINC1, r0x02
000088 CFE4 F000      00542         MOVFF   PREINC1, r0x01
00008C CFE4 F000      00543         MOVFF   PREINC1, r0x00
000090 CFE4 FFD9      00544         MOVFF   PREINC1, FSR2L
000094 0012           00545         RETURN  
                      00546 
                      00547 ; ; Starting pCode block
                      00548 S_buffer__buffer_flush  code
000000                00549 _buffer_flush:
                      00550 ;       .line   21; ../../../lib/buffer.c       buffer_flush() {
000000 CFD9 FFE5      00551         MOVFF   FSR2L, POSTDEC1
000004 CFE1 FFD9      00552         MOVFF   FSR1L, FSR2L
000008 010?           00553         BANKSEL (_buffer + 16)
                      00554 ;       .line   25; ../../../lib/buffer.c       BUFFER_CLEAR();
00000A 51??           00555         MOVF    (_buffer + 16), W, B
00000C 0BF0           00556         ANDLW   0xf0
00000E 010?           00557         BANKSEL (_buffer + 16)
000010 6F??           00558         MOVWF   (_buffer + 16), B
000012 010?           00559         BANKSEL (_buffer + 16)
000014 51??           00560         MOVF    (_buffer + 16), W, B
000016 0B0F           00561         ANDLW   0x0f
000018 010?           00562         BANKSEL (_buffer + 16)
00001A 6F??           00563         MOVWF   (_buffer + 16), B
                      00564 ;       .line   26; ../../../lib/buffer.c       return 0;
00001C 6AE8           00565         CLRF    WREG
                      00566 ;       .line   27; ../../../lib/buffer.c       }
00001E CFE4 FFD9      00567         MOVFF   PREINC1, FSR2L
000022 0012           00568         RETURN  
                      00569 
                      00570 ; ; Starting pCode block
                      00571 S_buffer__buffer_init   code
000000                00572 _buffer_init:
                      00573 ;       .line   10; ../../../lib/buffer.c       buffer_init(void) {
000000 CFD9 FFE5      00574         MOVFF   FSR2L, POSTDEC1
000004 CFE1 FFD9      00575         MOVFF   FSR1L, FSR2L
000008 010?           00576         BANKSEL (_buffer + 16)
                      00577 ;       .line   11; ../../../lib/buffer.c       buffer.p = 0;
00000A 51??           00578         MOVF    (_buffer + 16), W, B
00000C 0BF0           00579         ANDLW   0xf0
00000E 010?           00580         BANKSEL (_buffer + 16)
000010 6F??           00581         MOVWF   (_buffer + 16), B
000012 010?           00582         BANKSEL (_buffer + 16)
                      00583 ;       .line   12; ../../../lib/buffer.c       buffer.n = 0;
gpasm-1.5.2 #1319 (Sep 16 2019) build/default   27.11.2019  16:57:28        PAGE 12


LOC    OBJECT CODE    LINE  SOURCE TEXT
  VALUE

000014 51??           00584         MOVF    (_buffer + 16), W, B
000016 0B0F           00585         ANDLW   0x0f
000018 010?           00586         BANKSEL (_buffer + 16)
00001A 6F??           00587         MOVWF   (_buffer + 16), B
                      00588 ;       .line   13; ../../../lib/buffer.c       }
00001C CFE4 FFD9      00589         MOVFF   PREINC1, FSR2L
000020 0012           00590         RETURN  
                      00591 
                      00592 
                      00593 
                      00594 ; Statistics:
                      00595 ; code size:      622 (0x026e) bytes ( 0.47%)
                      00596 ;                 311 (0x0137) words
                      00597 ; udata size:      17 (0x0011) bytes ( 0.95%)
                      00598 ; access size:     10 (0x000a) bytes
                      00599 
                      00600 
                      00601         end
gpasm-1.5.2 #1319 (Sep 16 2019) build/default   27.11.2019  16:57:28        PAGE 13


SYMBOL TABLE
  LABEL                              TYPE        VALUE         VALUE          VALUE
                                                 (hex)         (dec)          (text)

FSR0H                             CONSTANT      00000FEA           4074
FSR0L                             CONSTANT      00000FE9           4073
FSR1L                             CONSTANT      00000FE1           4065
FSR2L                             CONSTANT      00000FD9           4057
INDF0                             CONSTANT      00000FEF           4079
PLUSW2                            CONSTANT      00000FDB           4059
POSTDEC1                          CONSTANT      00000FE5           4069
POSTINC1                          CONSTANT      00000FE6           4070
PREINC1                           CONSTANT      00000FE4           4068
PRODH                             CONSTANT      00000FF4           4084
PRODL                             CONSTANT      00000FF3           4083
STATUS                            CONSTANT      00000FD8           4056
WREG                              CONSTANT      00000FE8           4072
_00116_DS_                        ADDRESS       00000042             66
_00117_DS_                        ADDRESS       00000084            132
_00123_DS_                        ADDRESS       0000003C             60
_00130_DS_                        ADDRESS       000000D6            214
_00132_DS_                        ADDRESS       0000007E            126
_00134_DS_                        ADDRESS       000000FA            250
_00138_DS_                        ADDRESS       0000007C            124
_00149_DS_                        ADDRESS       00000076            118
_00155_DS_                        ADDRESS       0000002A             42
_00157_DS_                        ADDRESS       00000052             82
_00169_DS_                        ADDRESS       00000050             80
_ADCON0                           EXTERNAL      00000000              0
_ADCON0bits                       EXTERNAL      00000000              0
_ADCON1                           EXTERNAL      00000000              0
_ADCON1bits                       EXTERNAL      00000000              0
_ADCON2                           EXTERNAL      00000000              0
_ADCON2bits                       EXTERNAL      00000000              0
_ADRES                            EXTERNAL      00000000              0
_ADRESH                           EXTERNAL      00000000              0
_ADRESL                           EXTERNAL      00000000              0
_BAUDCON                          EXTERNAL      00000000              0
_BAUDCONbits                      EXTERNAL      00000000              0
_BAUDCTL                          EXTERNAL      00000000              0
_BAUDCTLbits                      EXTERNAL      00000000              0
_BSR                              EXTERNAL      00000000              0
_CCP1AS                           EXTERNAL      00000000              0
_CCP1ASbits                       EXTERNAL      00000000              0
_CCP1CON                          EXTERNAL      00000000              0
_CCP1CONbits                      EXTERNAL      00000000              0
_CCP1DEL                          EXTERNAL      00000000              0
_CCP1DELbits                      EXTERNAL      00000000              0
_CCP2CON                          EXTERNAL      00000000              0
_CCP2CONbits                      EXTERNAL      00000000              0
_CCPR1                            EXTERNAL      00000000              0
_CCPR1H                           EXTERNAL      00000000              0
_CCPR1L                           EXTERNAL      00000000              0
_CCPR2                            EXTERNAL      00000000              0
_CCPR2H                           EXTERNAL      00000000              0
_CCPR2L                           EXTERNAL      00000000              0
gpasm-1.5.2 #1319 (Sep 16 2019) build/default   27.11.2019  16:57:28        PAGE 14


SYMBOL TABLE
  LABEL                              TYPE        VALUE         VALUE          VALUE
                                                 (hex)         (dec)          (text)

_CMCON                            EXTERNAL      00000000              0
_CMCONbits                        EXTERNAL      00000000              0
_CVRCON                           EXTERNAL      00000000              0
_CVRCONbits                       EXTERNAL      00000000              0
_DDRA                             EXTERNAL      00000000              0
_DDRAbits                         EXTERNAL      00000000              0
_DDRB                             EXTERNAL      00000000              0
_DDRBbits                         EXTERNAL      00000000              0
_DDRC                             EXTERNAL      00000000              0
_DDRCbits                         EXTERNAL      00000000              0
_ECCP1AS                          EXTERNAL      00000000              0
_ECCP1ASbits                      EXTERNAL      00000000              0
_ECCP1DEL                         EXTERNAL      00000000              0
_ECCP1DELbits                     EXTERNAL      00000000              0
_EEADR                            EXTERNAL      00000000              0
_EECON1                           EXTERNAL      00000000              0
_EECON1bits                       EXTERNAL      00000000              0
_EECON2                           EXTERNAL      00000000              0
_EEDATA                           EXTERNAL      00000000              0
_FSR0H                            EXTERNAL      00000000              0
_FSR0L                            EXTERNAL      00000000              0
_FSR1H                            EXTERNAL      00000000              0
_FSR1L                            EXTERNAL      00000000              0
_FSR2H                            EXTERNAL      00000000              0
_FSR2L                            EXTERNAL      00000000              0
_HLVDCON                          EXTERNAL      00000000              0
_HLVDCONbits                      EXTERNAL      00000000              0
_INDF0                            EXTERNAL      00000000              0
_INDF1                            EXTERNAL      00000000              0
_INDF2                            EXTERNAL      00000000              0
_INTCON                           EXTERNAL      00000000              0
_INTCON2                          EXTERNAL      00000000              0
_INTCON2bits                      EXTERNAL      00000000              0
_INTCON3                          EXTERNAL      00000000              0
_INTCON3bits                      EXTERNAL      00000000              0
_INTCONbits                       EXTERNAL      00000000              0
_IPR1                             EXTERNAL      00000000              0
_IPR1bits                         EXTERNAL      00000000              0
_IPR2                             EXTERNAL      00000000              0
_IPR2bits                         EXTERNAL      00000000              0
_LATA                             EXTERNAL      00000000              0
_LATAbits                         EXTERNAL      00000000              0
_LATB                             EXTERNAL      00000000              0
_LATBbits                         EXTERNAL      00000000              0
_LATC                             EXTERNAL      00000000              0
_LATCbits                         EXTERNAL      00000000              0
_LVDCON                           EXTERNAL      00000000              0
_LVDCONbits                       EXTERNAL      00000000              0
_OSCCON                           EXTERNAL      00000000              0
_OSCCONbits                       EXTERNAL      00000000              0
_OSCTUNE                          EXTERNAL      00000000              0
_OSCTUNEbits                      EXTERNAL      00000000              0
gpasm-1.5.2 #1319 (Sep 16 2019) build/default   27.11.2019  16:57:28        PAGE 15


SYMBOL TABLE
  LABEL                              TYPE        VALUE         VALUE          VALUE
                                                 (hex)         (dec)          (text)

_PC                               EXTERNAL      00000000              0
_PCL                              EXTERNAL      00000000              0
_PCLATH                           EXTERNAL      00000000              0
_PCLATU                           EXTERNAL      00000000              0
_PIE1                             EXTERNAL      00000000              0
_PIE1bits                         EXTERNAL      00000000              0
_PIE2                             EXTERNAL      00000000              0
_PIE2bits                         EXTERNAL      00000000              0
_PIR1                             EXTERNAL      00000000              0
_PIR1bits                         EXTERNAL      00000000              0
_PIR2                             EXTERNAL      00000000              0
_PIR2bits                         EXTERNAL      00000000              0
_PLUSW0                           EXTERNAL      00000000              0
_PLUSW1                           EXTERNAL      00000000              0
_PLUSW2                           EXTERNAL      00000000              0
_PORTA                            EXTERNAL      00000000              0
_PORTAbits                        EXTERNAL      00000000              0
_PORTB                            EXTERNAL      00000000              0
_PORTBbits                        EXTERNAL      00000000              0
_PORTC                            EXTERNAL      00000000              0
_PORTCbits                        EXTERNAL      00000000              0
_PORTE                            EXTERNAL      00000000              0
_PORTEbits                        EXTERNAL      00000000              0
_POSTDEC0                         EXTERNAL      00000000              0
_POSTDEC1                         EXTERNAL      00000000              0
_POSTDEC2                         EXTERNAL      00000000              0
_POSTINC0                         EXTERNAL      00000000              0
_POSTINC1                         EXTERNAL      00000000              0
_POSTINC2                         EXTERNAL      00000000              0
_PR2                              EXTERNAL      00000000              0
_PREINC0                          EXTERNAL      00000000              0
_PREINC1                          EXTERNAL      00000000              0
_PREINC2                          EXTERNAL      00000000              0
_PROD                             EXTERNAL      00000000              0
_PRODH                            EXTERNAL      00000000              0
_PRODL                            EXTERNAL      00000000              0
_RCON                             EXTERNAL      00000000              0
_RCONbits                         EXTERNAL      00000000              0
_RCREG                            EXTERNAL      00000000              0
_RCSTA                            EXTERNAL      00000000              0
_RCSTAbits                        EXTERNAL      00000000              0
_SPBRG                            EXTERNAL      00000000              0
_SPBRGH                           EXTERNAL      00000000              0
_SSPADD                           EXTERNAL      00000000              0
_SSPBUF                           EXTERNAL      00000000              0
_SSPCON1                          EXTERNAL      00000000              0
_SSPCON1bits                      EXTERNAL      00000000              0
_SSPCON2                          EXTERNAL      00000000              0
_SSPCON2bits                      EXTERNAL      00000000              0
_SSPSTAT                          EXTERNAL      00000000              0
_SSPSTATbits                      EXTERNAL      00000000              0
_STATUS                           EXTERNAL      00000000              0
gpasm-1.5.2 #1319 (Sep 16 2019) build/default   27.11.2019  16:57:28        PAGE 16


SYMBOL TABLE
  LABEL                              TYPE        VALUE         VALUE          VALUE
                                                 (hex)         (dec)          (text)

_STATUSbits                       EXTERNAL      00000000              0
_STKPTR                           EXTERNAL      00000000              0
_STKPTRbits                       EXTERNAL      00000000              0
_T0CON                            EXTERNAL      00000000              0
_T0CONbits                        EXTERNAL      00000000              0
_T1CON                            EXTERNAL      00000000              0
_T1CONbits                        EXTERNAL      00000000              0
_T2CON                            EXTERNAL      00000000              0
_T2CONbits                        EXTERNAL      00000000              0
_T3CON                            EXTERNAL      00000000              0
_T3CONbits                        EXTERNAL      00000000              0
_TABLAT                           EXTERNAL      00000000              0
_TBLPTR                           EXTERNAL      00000000              0
_TBLPTRH                          EXTERNAL      00000000              0
_TBLPTRL                          EXTERNAL      00000000              0
_TBLPTRU                          EXTERNAL      00000000              0
_TMR0                             EXTERNAL      00000000              0
_TMR0H                            EXTERNAL      00000000              0
_TMR0L                            EXTERNAL      00000000              0
_TMR1                             EXTERNAL      00000000              0
_TMR1H                            EXTERNAL      00000000              0
_TMR1L                            EXTERNAL      00000000              0
_TMR2                             EXTERNAL      00000000              0
_TMR3                             EXTERNAL      00000000              0
_TMR3H                            EXTERNAL      00000000              0
_TMR3L                            EXTERNAL      00000000              0
_TOS                              EXTERNAL      00000000              0
_TOSH                             EXTERNAL      00000000              0
_TOSL                             EXTERNAL      00000000              0
_TOSU                             EXTERNAL      00000000              0
_TRISA                            EXTERNAL      00000000              0
_TRISAbits                        EXTERNAL      00000000              0
_TRISB                            EXTERNAL      00000000              0
_TRISBbits                        EXTERNAL      00000000              0
_TRISC                            EXTERNAL      00000000              0
_TRISCbits                        EXTERNAL      00000000              0
_TXREG                            EXTERNAL      00000000              0
_TXSTA                            EXTERNAL      00000000              0
_TXSTAbits                        EXTERNAL      00000000              0
_UADDR                            EXTERNAL      00000000              0
_UADDRbits                        EXTERNAL      00000000              0
_UCFG                             EXTERNAL      00000000              0
_UCFGbits                         EXTERNAL      00000000              0
_UCON                             EXTERNAL      00000000              0
_UCONbits                         EXTERNAL      00000000              0
_UEIE                             EXTERNAL      00000000              0
_UEIEbits                         EXTERNAL      00000000              0
_UEIR                             EXTERNAL      00000000              0
_UEIRbits                         EXTERNAL      00000000              0
_UEP0                             EXTERNAL      00000000              0
_UEP0bits                         EXTERNAL      00000000              0
_UEP1                             EXTERNAL      00000000              0
gpasm-1.5.2 #1319 (Sep 16 2019) build/default   27.11.2019  16:57:28        PAGE 17


SYMBOL TABLE
  LABEL                              TYPE        VALUE         VALUE          VALUE
                                                 (hex)         (dec)          (text)

_UEP1bits                         EXTERNAL      00000000              0
_UEP2                             EXTERNAL      00000000              0
_UEP2bits                         EXTERNAL      00000000              0
_UEP3                             EXTERNAL      00000000              0
_UEP3bits                         EXTERNAL      00000000              0
_UEP4                             EXTERNAL      00000000              0
_UEP4bits                         EXTERNAL      00000000              0
_UEP5                             EXTERNAL      00000000              0
_UEP5bits                         EXTERNAL      00000000              0
_UEP6                             EXTERNAL      00000000              0
_UEP6bits                         EXTERNAL      00000000              0
_UEP7                             EXTERNAL      00000000              0
_UEP7bits                         EXTERNAL      00000000              0
_UEP8                             EXTERNAL      00000000              0
_UEP8bits                         EXTERNAL      00000000              0
_UEP9                             EXTERNAL      00000000              0
_UEP9bits                         EXTERNAL      00000000              0
_UEP10                            EXTERNAL      00000000              0
_UEP10bits                        EXTERNAL      00000000              0
_UEP11                            EXTERNAL      00000000              0
_UEP11bits                        EXTERNAL      00000000              0
_UEP12                            EXTERNAL      00000000              0
_UEP12bits                        EXTERNAL      00000000              0
_UEP13                            EXTERNAL      00000000              0
_UEP13bits                        EXTERNAL      00000000              0
_UEP14                            EXTERNAL      00000000              0
_UEP14bits                        EXTERNAL      00000000              0
_UEP15                            EXTERNAL      00000000              0
_UEP15bits                        EXTERNAL      00000000              0
_UFRM                             EXTERNAL      00000000              0
_UFRMH                            EXTERNAL      00000000              0
_UFRMHbits                        EXTERNAL      00000000              0
_UFRML                            EXTERNAL      00000000              0
_UFRMLbits                        EXTERNAL      00000000              0
_UIE                              EXTERNAL      00000000              0
_UIEbits                          EXTERNAL      00000000              0
_UIR                              EXTERNAL      00000000              0
_UIRbits                          EXTERNAL      00000000              0
_USTAT                            EXTERNAL      00000000              0
_USTATbits                        EXTERNAL      00000000              0
_WDTCON                           EXTERNAL      00000000              0
_WDTCONbits                       EXTERNAL      00000000              0
_WREG                             EXTERNAL      00000000              0
__16_BIT                          CONSTANT      00000001              1
__18F2550                         CONSTANT      00000001              1
__ACC_RAM_LOW_END                 CONSTANT      0000005F             95
__ACC_RAM_LOW_START               CONSTANT      00000000              0
__ACTIVE_BANK_ADDR                VARIABLE      FFFFFFFF             -1
__ASSUMED_BANK_ADDR               VARIABLE      FFFFFFFF             -1
__BANK_0                          CONSTANT      00000000              0
__BANK_1                          CONSTANT      00000100            256
__BANK_2                          CONSTANT      00000200            512
gpasm-1.5.2 #1319 (Sep 16 2019) build/default   27.11.2019  16:57:28        PAGE 18


SYMBOL TABLE
  LABEL                              TYPE        VALUE         VALUE          VALUE
                                                 (hex)         (dec)          (text)

__BANK_3                          CONSTANT      00000300            768
__BANK_4                          CONSTANT      00000400           1024
__BANK_5                          CONSTANT      00000500           1280
__BANK_6                          CONSTANT      00000600           1536
__BANK_7                          CONSTANT      00000700           1792
__BANK_8                          CONSTANT      00000800           2048
__BANK_9                          CONSTANT      00000900           2304
__BANK_10                         CONSTANT      00000A00           2560
__BANK_11                         CONSTANT      00000B00           2816
__BANK_12                         CONSTANT      00000C00           3072
__BANK_13                         CONSTANT      00000D00           3328
__BANK_14                         CONSTANT      00000E00           3584
__BANK_15                         CONSTANT      00000F00           3840
__BANK_BITS                       CONSTANT      00000F00           3840
__BANK_FIRST                      CONSTANT      00000000              0
__BANK_INV                        CONSTANT      FFFFFFFF             -1
__BANK_LAST                       CONSTANT      00000F00           3840
__BANK_MASK                       CONSTANT      000000FF            255
__BANK_SHIFT                      CONSTANT      00000008              8
__BANK_SIZE                       CONSTANT      00000100            256
__CODE_END                        CONSTANT      00007FFF          32767
__CODE_START                      CONSTANT      00000000              0
__COMMON_RAM_END                  CONSTANT      0000005F             95
__COMMON_RAM_START                CONSTANT      00000000              0
__CONFIG_END                      CONSTANT      0030000D        3145741
__CONFIG_START                    CONSTANT      00300000        3145728
__EEPROM_END                      CONSTANT      00F000FF       15728895
__EEPROM_START                    CONSTANT      00F00000       15728640
__EXTENDED                        CONSTANT      00000001              1
__GPUTILS_SVN_VERSION             CONSTANT      00000527           1319
__GPUTILS_VERSION_MAJOR           CONSTANT      00000001              1
__GPUTILS_VERSION_MICRO           CONSTANT      00000002              2
__GPUTILS_VERSION_MINOR           CONSTANT      00000005              5
__IDLOCS_END                      CONSTANT      00200007        2097159
__IDLOCS_START                    CONSTANT      00200000        2097152
__NUM_BANKS                       CONSTANT      00000010             16
__VECTOR_INT_HIGH                 CONSTANT      00000008              8
__VECTOR_INT_LOW                  CONSTANT      00000018             24
__VECTOR_RESET                    CONSTANT      00000000              0
__WHILE_LOOP_COUNT_MAX            CONSTANT      000000FF            255
__gptrget1                        EXTERNAL      00000000              0
_buffer                           GLOBAL        00000000              0
_buffer_flush                     GLOBAL        00000000              0
_buffer_init                      GLOBAL        00000000              0
_buffer_put                       GLOBAL        00000000              0
_buffer_putch                     GLOBAL        00000000              0
_buffer_puts                      GLOBAL        00000000              0
r0x00                             STATIC        00000000              0
r0x01                             STATIC        00000001              1
r0x02                             STATIC        00000002              2
r0x03                             STATIC        00000003              3
r0x04                             STATIC        00000004              4
gpasm-1.5.2 #1319 (Sep 16 2019) build/default   27.11.2019  16:57:28        PAGE 19


SYMBOL TABLE
  LABEL                              TYPE        VALUE         VALUE          VALUE
                                                 (hex)         (dec)          (text)

r0x05                             STATIC        00000005              5
r0x06                             STATIC        00000006              6
r0x07                             STATIC        00000007              7
r0x08                             STATIC        00000008              8
r0x09                             STATIC        00000009              9

Errors   :     0
Warnings :     0 reported,     0 suppressed
Messages :     0 reported,     0 suppressed

