gpasm-1.5.2 #0 (Sep 16 2019) build/default/pr   9-16-2019  10:26:40         PAGE  1


LOC    OBJECT CODE    LINE  SOURCE TEXT
  VALUE

                      00001 ;--------------------------------------------------------
                      00002 ; File Created by SDCC : free open source ANSI-C Compiler
                      00003 ; Version 3.9.3 #11377 (MINGW64)
                      00004 ;--------------------------------------------------------
                      00005 ; PIC16 port for the Microchip 16-bit core micros
                      00006 ;--------------------------------------------------------
                      00007         list    p=18f2550
                      00008         radix   dec
                      00009 
                      00010 
                      00011 ;--------------------------------------------------------
                      00012 ; public variables in this module
                      00013 ;--------------------------------------------------------
  0000                00014         global  _comparator_disable
                      00015 
                      00016 ;--------------------------------------------------------
                      00017 ; extern variables in this module
                      00018 ;--------------------------------------------------------
  0000                00019         extern  _UFRMLbits
  0000                00020         extern  _UFRMHbits
  0000                00021         extern  _UIRbits
  0000                00022         extern  _UIEbits
  0000                00023         extern  _UEIRbits
  0000                00024         extern  _UEIEbits
  0000                00025         extern  _USTATbits
  0000                00026         extern  _UCONbits
  0000                00027         extern  _UADDRbits
  0000                00028         extern  _UCFGbits
  0000                00029         extern  _UEP0bits
  0000                00030         extern  _UEP1bits
  0000                00031         extern  _UEP2bits
  0000                00032         extern  _UEP3bits
  0000                00033         extern  _UEP4bits
  0000                00034         extern  _UEP5bits
  0000                00035         extern  _UEP6bits
  0000                00036         extern  _UEP7bits
  0000                00037         extern  _UEP8bits
  0000                00038         extern  _UEP9bits
  0000                00039         extern  _UEP10bits
  0000                00040         extern  _UEP11bits
  0000                00041         extern  _UEP12bits
  0000                00042         extern  _UEP13bits
  0000                00043         extern  _UEP14bits
  0000                00044         extern  _UEP15bits
  0000                00045         extern  _PORTAbits
  0000                00046         extern  _PORTBbits
  0000                00047         extern  _PORTCbits
  0000                00048         extern  _PORTEbits
  0000                00049         extern  _LATAbits
  0000                00050         extern  _LATBbits
  0000                00051         extern  _LATCbits
  0000                00052         extern  _DDRAbits
  0000                00053         extern  _TRISAbits
gpasm-1.5.2 #0 (Sep 16 2019) build/default/pr   9-16-2019  10:26:40         PAGE  2


LOC    OBJECT CODE    LINE  SOURCE TEXT
  VALUE

  0000                00054         extern  _DDRBbits
  0000                00055         extern  _TRISBbits
  0000                00056         extern  _DDRCbits
  0000                00057         extern  _TRISCbits
  0000                00058         extern  _OSCTUNEbits
  0000                00059         extern  _PIE1bits
  0000                00060         extern  _PIR1bits
  0000                00061         extern  _IPR1bits
  0000                00062         extern  _PIE2bits
  0000                00063         extern  _PIR2bits
  0000                00064         extern  _IPR2bits
  0000                00065         extern  _EECON1bits
  0000                00066         extern  _RCSTAbits
  0000                00067         extern  _TXSTAbits
  0000                00068         extern  _T3CONbits
  0000                00069         extern  _CMCONbits
  0000                00070         extern  _CVRCONbits
  0000                00071         extern  _CCP1ASbits
  0000                00072         extern  _ECCP1ASbits
  0000                00073         extern  _CCP1DELbits
  0000                00074         extern  _ECCP1DELbits
  0000                00075         extern  _BAUDCONbits
  0000                00076         extern  _BAUDCTLbits
  0000                00077         extern  _CCP2CONbits
  0000                00078         extern  _CCP1CONbits
  0000                00079         extern  _ADCON2bits
  0000                00080         extern  _ADCON1bits
  0000                00081         extern  _ADCON0bits
  0000                00082         extern  _SSPCON2bits
  0000                00083         extern  _SSPCON1bits
  0000                00084         extern  _SSPSTATbits
  0000                00085         extern  _T2CONbits
  0000                00086         extern  _T1CONbits
  0000                00087         extern  _RCONbits
  0000                00088         extern  _WDTCONbits
  0000                00089         extern  _HLVDCONbits
  0000                00090         extern  _LVDCONbits
  0000                00091         extern  _OSCCONbits
  0000                00092         extern  _T0CONbits
  0000                00093         extern  _STATUSbits
  0000                00094         extern  _INTCON3bits
  0000                00095         extern  _INTCON2bits
  0000                00096         extern  _INTCONbits
  0000                00097         extern  _STKPTRbits
  0000                00098         extern  _UFRM
  0000                00099         extern  _UFRML
  0000                00100         extern  _UFRMH
  0000                00101         extern  _UIR
  0000                00102         extern  _UIE
  0000                00103         extern  _UEIR
  0000                00104         extern  _UEIE
  0000                00105         extern  _USTAT
  0000                00106         extern  _UCON
gpasm-1.5.2 #0 (Sep 16 2019) build/default/pr   9-16-2019  10:26:40         PAGE  3


LOC    OBJECT CODE    LINE  SOURCE TEXT
  VALUE

  0000                00107         extern  _UADDR
  0000                00108         extern  _UCFG
  0000                00109         extern  _UEP0
  0000                00110         extern  _UEP1
  0000                00111         extern  _UEP2
  0000                00112         extern  _UEP3
  0000                00113         extern  _UEP4
  0000                00114         extern  _UEP5
  0000                00115         extern  _UEP6
  0000                00116         extern  _UEP7
  0000                00117         extern  _UEP8
  0000                00118         extern  _UEP9
  0000                00119         extern  _UEP10
  0000                00120         extern  _UEP11
  0000                00121         extern  _UEP12
  0000                00122         extern  _UEP13
  0000                00123         extern  _UEP14
  0000                00124         extern  _UEP15
  0000                00125         extern  _PORTA
  0000                00126         extern  _PORTB
  0000                00127         extern  _PORTC
  0000                00128         extern  _PORTE
  0000                00129         extern  _LATA
  0000                00130         extern  _LATB
  0000                00131         extern  _LATC
  0000                00132         extern  _DDRA
  0000                00133         extern  _TRISA
  0000                00134         extern  _DDRB
  0000                00135         extern  _TRISB
  0000                00136         extern  _DDRC
  0000                00137         extern  _TRISC
  0000                00138         extern  _OSCTUNE
  0000                00139         extern  _PIE1
  0000                00140         extern  _PIR1
  0000                00141         extern  _IPR1
  0000                00142         extern  _PIE2
  0000                00143         extern  _PIR2
  0000                00144         extern  _IPR2
  0000                00145         extern  _EECON1
  0000                00146         extern  _EECON2
  0000                00147         extern  _EEDATA
  0000                00148         extern  _EEADR
  0000                00149         extern  _RCSTA
  0000                00150         extern  _TXSTA
  0000                00151         extern  _TXREG
  0000                00152         extern  _RCREG
  0000                00153         extern  _SPBRG
  0000                00154         extern  _SPBRGH
  0000                00155         extern  _T3CON
  0000                00156         extern  _TMR3
  0000                00157         extern  _TMR3L
  0000                00158         extern  _TMR3H
  0000                00159         extern  _CMCON
gpasm-1.5.2 #0 (Sep 16 2019) build/default/pr   9-16-2019  10:26:40         PAGE  4


LOC    OBJECT CODE    LINE  SOURCE TEXT
  VALUE

  0000                00160         extern  _CVRCON
  0000                00161         extern  _CCP1AS
  0000                00162         extern  _ECCP1AS
  0000                00163         extern  _CCP1DEL
  0000                00164         extern  _ECCP1DEL
  0000                00165         extern  _BAUDCON
  0000                00166         extern  _BAUDCTL
  0000                00167         extern  _CCP2CON
  0000                00168         extern  _CCPR2
  0000                00169         extern  _CCPR2L
  0000                00170         extern  _CCPR2H
  0000                00171         extern  _CCP1CON
  0000                00172         extern  _CCPR1
  0000                00173         extern  _CCPR1L
  0000                00174         extern  _CCPR1H
  0000                00175         extern  _ADCON2
  0000                00176         extern  _ADCON1
  0000                00177         extern  _ADCON0
  0000                00178         extern  _ADRES
  0000                00179         extern  _ADRESL
  0000                00180         extern  _ADRESH
  0000                00181         extern  _SSPCON2
  0000                00182         extern  _SSPCON1
  0000                00183         extern  _SSPSTAT
  0000                00184         extern  _SSPADD
  0000                00185         extern  _SSPBUF
  0000                00186         extern  _T2CON
  0000                00187         extern  _PR2
  0000                00188         extern  _TMR2
  0000                00189         extern  _T1CON
  0000                00190         extern  _TMR1
  0000                00191         extern  _TMR1L
  0000                00192         extern  _TMR1H
  0000                00193         extern  _RCON
  0000                00194         extern  _WDTCON
  0000                00195         extern  _HLVDCON
  0000                00196         extern  _LVDCON
  0000                00197         extern  _OSCCON
  0000                00198         extern  _T0CON
  0000                00199         extern  _TMR0
  0000                00200         extern  _TMR0L
  0000                00201         extern  _TMR0H
  0000                00202         extern  _STATUS
  0000                00203         extern  _FSR2L
  0000                00204         extern  _FSR2H
  0000                00205         extern  _PLUSW2
  0000                00206         extern  _PREINC2
  0000                00207         extern  _POSTDEC2
  0000                00208         extern  _POSTINC2
  0000                00209         extern  _INDF2
  0000                00210         extern  _BSR
  0000                00211         extern  _FSR1L
  0000                00212         extern  _FSR1H
gpasm-1.5.2 #0 (Sep 16 2019) build/default/pr   9-16-2019  10:26:40         PAGE  5


LOC    OBJECT CODE    LINE  SOURCE TEXT
  VALUE

  0000                00213         extern  _PLUSW1
  0000                00214         extern  _PREINC1
  0000                00215         extern  _POSTDEC1
  0000                00216         extern  _POSTINC1
  0000                00217         extern  _INDF1
  0000                00218         extern  _WREG
  0000                00219         extern  _FSR0L
  0000                00220         extern  _FSR0H
  0000                00221         extern  _PLUSW0
  0000                00222         extern  _PREINC0
  0000                00223         extern  _POSTDEC0
  0000                00224         extern  _POSTINC0
  0000                00225         extern  _INDF0
  0000                00226         extern  _INTCON3
  0000                00227         extern  _INTCON2
  0000                00228         extern  _INTCON
  0000                00229         extern  _PROD
  0000                00230         extern  _PRODL
  0000                00231         extern  _PRODH
  0000                00232         extern  _TABLAT
  0000                00233         extern  _TBLPTR
  0000                00234         extern  _TBLPTRL
  0000                00235         extern  _TBLPTRH
  0000                00236         extern  _TBLPTRU
  0000                00237         extern  _PC
  0000                00238         extern  _PCL
  0000                00239         extern  _PCLATH
  0000                00240         extern  _PCLATU
  0000                00241         extern  _STKPTR
  0000                00242         extern  _TOS
  0000                00243         extern  _TOSL
  0000                00244         extern  _TOSH
  0000                00245         extern  _TOSU
                      00246 
                      00247 ;--------------------------------------------------------
                      00248 ;       Equates to used internal registers
                      00249 ;--------------------------------------------------------
  00000FE1            00250 FSR1L   equ     0xfe1
  00000FD9            00251 FSR2L   equ     0xfd9
  00000FE5            00252 POSTDEC1        equ     0xfe5
  00000FE4            00253 PREINC1 equ     0xfe4
                      00254 
                      00255 ;--------------------------------------------------------
                      00256 ; global & static initialisations
                      00257 ;--------------------------------------------------------
                      00258 ; I code from now on!
                      00259 ; ; Starting pCode block
                      00260 S_comparator__comparator_disable        code
000000                00261 _comparator_disable:
                      00262 ;       .line   6; ../../../lib/comparator.c    comparator_disable() {
000000 CFD9 FFE5      00263         MOVFF   FSR2L, POSTDEC1
000004 CFE1 FFD9      00264         MOVFF   FSR1L, FSR2L
                      00265 ;       .line   21; ../../../lib/comparator.c   }
gpasm-1.5.2 #0 (Sep 16 2019) build/default/pr   9-16-2019  10:26:40         PAGE  6


LOC    OBJECT CODE    LINE  SOURCE TEXT
  VALUE

000008 CFE4 FFD9      00266         MOVFF   PREINC1, FSR2L
00000C 0012           00267         RETURN  
                      00268 
                      00269 
                      00270 
                      00271 ; Statistics:
                      00272 ; code size:       14 (0x000e) bytes ( 0.01%)
                      00273 ;                   7 (0x0007) words
                      00274 ; udata size:       0 (0x0000) bytes ( 0.00%)
                      00275 ; access size:      0 (0x0000) bytes
                      00276 
                      00277 
                      00278         end
gpasm-1.5.2 #0 (Sep 16 2019) build/default/pr   9-16-2019  10:26:40         PAGE  7


SYMBOL TABLE
  LABEL                              TYPE        VALUE         VALUE          VALUE
                                                 (hex)         (dec)          (text)

FSR1L                             CONSTANT      00000FE1           4065
FSR2L                             CONSTANT      00000FD9           4057
POSTDEC1                          CONSTANT      00000FE5           4069
PREINC1                           CONSTANT      00000FE4           4068
_ADCON0                           EXTERNAL      00000000              0
_ADCON0bits                       EXTERNAL      00000000              0
_ADCON1                           EXTERNAL      00000000              0
_ADCON1bits                       EXTERNAL      00000000              0
_ADCON2                           EXTERNAL      00000000              0
_ADCON2bits                       EXTERNAL      00000000              0
_ADRES                            EXTERNAL      00000000              0
_ADRESH                           EXTERNAL      00000000              0
_ADRESL                           EXTERNAL      00000000              0
_BAUDCON                          EXTERNAL      00000000              0
_BAUDCONbits                      EXTERNAL      00000000              0
_BAUDCTL                          EXTERNAL      00000000              0
_BAUDCTLbits                      EXTERNAL      00000000              0
_BSR                              EXTERNAL      00000000              0
_CCP1AS                           EXTERNAL      00000000              0
_CCP1ASbits                       EXTERNAL      00000000              0
_CCP1CON                          EXTERNAL      00000000              0
_CCP1CONbits                      EXTERNAL      00000000              0
_CCP1DEL                          EXTERNAL      00000000              0
_CCP1DELbits                      EXTERNAL      00000000              0
_CCP2CON                          EXTERNAL      00000000              0
_CCP2CONbits                      EXTERNAL      00000000              0
_CCPR1                            EXTERNAL      00000000              0
_CCPR1H                           EXTERNAL      00000000              0
_CCPR1L                           EXTERNAL      00000000              0
_CCPR2                            EXTERNAL      00000000              0
_CCPR2H                           EXTERNAL      00000000              0
_CCPR2L                           EXTERNAL      00000000              0
_CMCON                            EXTERNAL      00000000              0
_CMCONbits                        EXTERNAL      00000000              0
_CVRCON                           EXTERNAL      00000000              0
_CVRCONbits                       EXTERNAL      00000000              0
_DDRA                             EXTERNAL      00000000              0
_DDRAbits                         EXTERNAL      00000000              0
_DDRB                             EXTERNAL      00000000              0
_DDRBbits                         EXTERNAL      00000000              0
_DDRC                             EXTERNAL      00000000              0
_DDRCbits                         EXTERNAL      00000000              0
_ECCP1AS                          EXTERNAL      00000000              0
_ECCP1ASbits                      EXTERNAL      00000000              0
_ECCP1DEL                         EXTERNAL      00000000              0
_ECCP1DELbits                     EXTERNAL      00000000              0
_EEADR                            EXTERNAL      00000000              0
_EECON1                           EXTERNAL      00000000              0
_EECON1bits                       EXTERNAL      00000000              0
_EECON2                           EXTERNAL      00000000              0
_EEDATA                           EXTERNAL      00000000              0
_FSR0H                            EXTERNAL      00000000              0
gpasm-1.5.2 #0 (Sep 16 2019) build/default/pr   9-16-2019  10:26:40         PAGE  8


SYMBOL TABLE
  LABEL                              TYPE        VALUE         VALUE          VALUE
                                                 (hex)         (dec)          (text)

_FSR0L                            EXTERNAL      00000000              0
_FSR1H                            EXTERNAL      00000000              0
_FSR1L                            EXTERNAL      00000000              0
_FSR2H                            EXTERNAL      00000000              0
_FSR2L                            EXTERNAL      00000000              0
_HLVDCON                          EXTERNAL      00000000              0
_HLVDCONbits                      EXTERNAL      00000000              0
_INDF0                            EXTERNAL      00000000              0
_INDF1                            EXTERNAL      00000000              0
_INDF2                            EXTERNAL      00000000              0
_INTCON                           EXTERNAL      00000000              0
_INTCON2                          EXTERNAL      00000000              0
_INTCON2bits                      EXTERNAL      00000000              0
_INTCON3                          EXTERNAL      00000000              0
_INTCON3bits                      EXTERNAL      00000000              0
_INTCONbits                       EXTERNAL      00000000              0
_IPR1                             EXTERNAL      00000000              0
_IPR1bits                         EXTERNAL      00000000              0
_IPR2                             EXTERNAL      00000000              0
_IPR2bits                         EXTERNAL      00000000              0
_LATA                             EXTERNAL      00000000              0
_LATAbits                         EXTERNAL      00000000              0
_LATB                             EXTERNAL      00000000              0
_LATBbits                         EXTERNAL      00000000              0
_LATC                             EXTERNAL      00000000              0
_LATCbits                         EXTERNAL      00000000              0
_LVDCON                           EXTERNAL      00000000              0
_LVDCONbits                       EXTERNAL      00000000              0
_OSCCON                           EXTERNAL      00000000              0
_OSCCONbits                       EXTERNAL      00000000              0
_OSCTUNE                          EXTERNAL      00000000              0
_OSCTUNEbits                      EXTERNAL      00000000              0
_PC                               EXTERNAL      00000000              0
_PCL                              EXTERNAL      00000000              0
_PCLATH                           EXTERNAL      00000000              0
_PCLATU                           EXTERNAL      00000000              0
_PIE1                             EXTERNAL      00000000              0
_PIE1bits                         EXTERNAL      00000000              0
_PIE2                             EXTERNAL      00000000              0
_PIE2bits                         EXTERNAL      00000000              0
_PIR1                             EXTERNAL      00000000              0
_PIR1bits                         EXTERNAL      00000000              0
_PIR2                             EXTERNAL      00000000              0
_PIR2bits                         EXTERNAL      00000000              0
_PLUSW0                           EXTERNAL      00000000              0
_PLUSW1                           EXTERNAL      00000000              0
_PLUSW2                           EXTERNAL      00000000              0
_PORTA                            EXTERNAL      00000000              0
_PORTAbits                        EXTERNAL      00000000              0
_PORTB                            EXTERNAL      00000000              0
_PORTBbits                        EXTERNAL      00000000              0
_PORTC                            EXTERNAL      00000000              0
gpasm-1.5.2 #0 (Sep 16 2019) build/default/pr   9-16-2019  10:26:40         PAGE  9


SYMBOL TABLE
  LABEL                              TYPE        VALUE         VALUE          VALUE
                                                 (hex)         (dec)          (text)

_PORTCbits                        EXTERNAL      00000000              0
_PORTE                            EXTERNAL      00000000              0
_PORTEbits                        EXTERNAL      00000000              0
_POSTDEC0                         EXTERNAL      00000000              0
_POSTDEC1                         EXTERNAL      00000000              0
_POSTDEC2                         EXTERNAL      00000000              0
_POSTINC0                         EXTERNAL      00000000              0
_POSTINC1                         EXTERNAL      00000000              0
_POSTINC2                         EXTERNAL      00000000              0
_PR2                              EXTERNAL      00000000              0
_PREINC0                          EXTERNAL      00000000              0
_PREINC1                          EXTERNAL      00000000              0
_PREINC2                          EXTERNAL      00000000              0
_PROD                             EXTERNAL      00000000              0
_PRODH                            EXTERNAL      00000000              0
_PRODL                            EXTERNAL      00000000              0
_RCON                             EXTERNAL      00000000              0
_RCONbits                         EXTERNAL      00000000              0
_RCREG                            EXTERNAL      00000000              0
_RCSTA                            EXTERNAL      00000000              0
_RCSTAbits                        EXTERNAL      00000000              0
_SPBRG                            EXTERNAL      00000000              0
_SPBRGH                           EXTERNAL      00000000              0
_SSPADD                           EXTERNAL      00000000              0
_SSPBUF                           EXTERNAL      00000000              0
_SSPCON1                          EXTERNAL      00000000              0
_SSPCON1bits                      EXTERNAL      00000000              0
_SSPCON2                          EXTERNAL      00000000              0
_SSPCON2bits                      EXTERNAL      00000000              0
_SSPSTAT                          EXTERNAL      00000000              0
_SSPSTATbits                      EXTERNAL      00000000              0
_STATUS                           EXTERNAL      00000000              0
_STATUSbits                       EXTERNAL      00000000              0
_STKPTR                           EXTERNAL      00000000              0
_STKPTRbits                       EXTERNAL      00000000              0
_T0CON                            EXTERNAL      00000000              0
_T0CONbits                        EXTERNAL      00000000              0
_T1CON                            EXTERNAL      00000000              0
_T1CONbits                        EXTERNAL      00000000              0
_T2CON                            EXTERNAL      00000000              0
_T2CONbits                        EXTERNAL      00000000              0
_T3CON                            EXTERNAL      00000000              0
_T3CONbits                        EXTERNAL      00000000              0
_TABLAT                           EXTERNAL      00000000              0
_TBLPTR                           EXTERNAL      00000000              0
_TBLPTRH                          EXTERNAL      00000000              0
_TBLPTRL                          EXTERNAL      00000000              0
_TBLPTRU                          EXTERNAL      00000000              0
_TMR0                             EXTERNAL      00000000              0
_TMR0H                            EXTERNAL      00000000              0
_TMR0L                            EXTERNAL      00000000              0
_TMR1                             EXTERNAL      00000000              0
gpasm-1.5.2 #0 (Sep 16 2019) build/default/pr   9-16-2019  10:26:40         PAGE 10


SYMBOL TABLE
  LABEL                              TYPE        VALUE         VALUE          VALUE
                                                 (hex)         (dec)          (text)

_TMR1H                            EXTERNAL      00000000              0
_TMR1L                            EXTERNAL      00000000              0
_TMR2                             EXTERNAL      00000000              0
_TMR3                             EXTERNAL      00000000              0
_TMR3H                            EXTERNAL      00000000              0
_TMR3L                            EXTERNAL      00000000              0
_TOS                              EXTERNAL      00000000              0
_TOSH                             EXTERNAL      00000000              0
_TOSL                             EXTERNAL      00000000              0
_TOSU                             EXTERNAL      00000000              0
_TRISA                            EXTERNAL      00000000              0
_TRISAbits                        EXTERNAL      00000000              0
_TRISB                            EXTERNAL      00000000              0
_TRISBbits                        EXTERNAL      00000000              0
_TRISC                            EXTERNAL      00000000              0
_TRISCbits                        EXTERNAL      00000000              0
_TXREG                            EXTERNAL      00000000              0
_TXSTA                            EXTERNAL      00000000              0
_TXSTAbits                        EXTERNAL      00000000              0
_UADDR                            EXTERNAL      00000000              0
_UADDRbits                        EXTERNAL      00000000              0
_UCFG                             EXTERNAL      00000000              0
_UCFGbits                         EXTERNAL      00000000              0
_UCON                             EXTERNAL      00000000              0
_UCONbits                         EXTERNAL      00000000              0
_UEIE                             EXTERNAL      00000000              0
_UEIEbits                         EXTERNAL      00000000              0
_UEIR                             EXTERNAL      00000000              0
_UEIRbits                         EXTERNAL      00000000              0
_UEP0                             EXTERNAL      00000000              0
_UEP0bits                         EXTERNAL      00000000              0
_UEP1                             EXTERNAL      00000000              0
_UEP1bits                         EXTERNAL      00000000              0
_UEP2                             EXTERNAL      00000000              0
_UEP2bits                         EXTERNAL      00000000              0
_UEP3                             EXTERNAL      00000000              0
_UEP3bits                         EXTERNAL      00000000              0
_UEP4                             EXTERNAL      00000000              0
_UEP4bits                         EXTERNAL      00000000              0
_UEP5                             EXTERNAL      00000000              0
_UEP5bits                         EXTERNAL      00000000              0
_UEP6                             EXTERNAL      00000000              0
_UEP6bits                         EXTERNAL      00000000              0
_UEP7                             EXTERNAL      00000000              0
_UEP7bits                         EXTERNAL      00000000              0
_UEP8                             EXTERNAL      00000000              0
_UEP8bits                         EXTERNAL      00000000              0
_UEP9                             EXTERNAL      00000000              0
_UEP9bits                         EXTERNAL      00000000              0
_UEP10                            EXTERNAL      00000000              0
_UEP10bits                        EXTERNAL      00000000              0
_UEP11                            EXTERNAL      00000000              0
gpasm-1.5.2 #0 (Sep 16 2019) build/default/pr   9-16-2019  10:26:40         PAGE 11


SYMBOL TABLE
  LABEL                              TYPE        VALUE         VALUE          VALUE
                                                 (hex)         (dec)          (text)

_UEP11bits                        EXTERNAL      00000000              0
_UEP12                            EXTERNAL      00000000              0
_UEP12bits                        EXTERNAL      00000000              0
_UEP13                            EXTERNAL      00000000              0
_UEP13bits                        EXTERNAL      00000000              0
_UEP14                            EXTERNAL      00000000              0
_UEP14bits                        EXTERNAL      00000000              0
_UEP15                            EXTERNAL      00000000              0
_UEP15bits                        EXTERNAL      00000000              0
_UFRM                             EXTERNAL      00000000              0
_UFRMH                            EXTERNAL      00000000              0
_UFRMHbits                        EXTERNAL      00000000              0
_UFRML                            EXTERNAL      00000000              0
_UFRMLbits                        EXTERNAL      00000000              0
_UIE                              EXTERNAL      00000000              0
_UIEbits                          EXTERNAL      00000000              0
_UIR                              EXTERNAL      00000000              0
_UIRbits                          EXTERNAL      00000000              0
_USTAT                            EXTERNAL      00000000              0
_USTATbits                        EXTERNAL      00000000              0
_WDTCON                           EXTERNAL      00000000              0
_WDTCONbits                       EXTERNAL      00000000              0
_WREG                             EXTERNAL      00000000              0
__16_BIT                          CONSTANT      00000001              1
__18F2550                         CONSTANT      00000001              1
__ACC_RAM_LOW_END                 CONSTANT      0000005F             95
__ACC_RAM_LOW_START               CONSTANT      00000000              0
__ACTIVE_BANK_ADDR                VARIABLE      FFFFFFFF             -1
__ASSUMED_BANK_ADDR               VARIABLE      FFFFFFFF             -1
__BANK_0                          CONSTANT      00000000              0
__BANK_1                          CONSTANT      00000100            256
__BANK_2                          CONSTANT      00000200            512
__BANK_3                          CONSTANT      00000300            768
__BANK_4                          CONSTANT      00000400           1024
__BANK_5                          CONSTANT      00000500           1280
__BANK_6                          CONSTANT      00000600           1536
__BANK_7                          CONSTANT      00000700           1792
__BANK_8                          CONSTANT      00000800           2048
__BANK_9                          CONSTANT      00000900           2304
__BANK_10                         CONSTANT      00000A00           2560
__BANK_11                         CONSTANT      00000B00           2816
__BANK_12                         CONSTANT      00000C00           3072
__BANK_13                         CONSTANT      00000D00           3328
__BANK_14                         CONSTANT      00000E00           3584
__BANK_15                         CONSTANT      00000F00           3840
__BANK_BITS                       CONSTANT      00000F00           3840
__BANK_FIRST                      CONSTANT      00000000              0
__BANK_INV                        CONSTANT      FFFFFFFF             -1
__BANK_LAST                       CONSTANT      00000F00           3840
__BANK_MASK                       CONSTANT      000000FF            255
__BANK_SHIFT                      CONSTANT      00000008              8
__BANK_SIZE                       CONSTANT      00000100            256
gpasm-1.5.2 #0 (Sep 16 2019) build/default/pr   9-16-2019  10:26:40         PAGE 12


SYMBOL TABLE
  LABEL                              TYPE        VALUE         VALUE          VALUE
                                                 (hex)         (dec)          (text)

__CODE_END                        CONSTANT      00007FFF          32767
__CODE_START                      CONSTANT      00000000              0
__COMMON_RAM_END                  CONSTANT      0000005F             95
__COMMON_RAM_START                CONSTANT      00000000              0
__CONFIG_END                      CONSTANT      0030000D        3145741
__CONFIG_START                    CONSTANT      00300000        3145728
__EEPROM_END                      CONSTANT      00F000FF       15728895
__EEPROM_START                    CONSTANT      00F00000       15728640
__EXTENDED                        CONSTANT      00000001              1
__GPUTILS_SVN_VERSION             CONSTANT      00000000              0
__GPUTILS_VERSION_MAJOR           CONSTANT      00000001              1
__GPUTILS_VERSION_MICRO           CONSTANT      00000002              2
__GPUTILS_VERSION_MINOR           CONSTANT      00000005              5
__IDLOCS_END                      CONSTANT      00200007        2097159
__IDLOCS_START                    CONSTANT      00200000        2097152
__NUM_BANKS                       CONSTANT      00000010             16
__VECTOR_INT_HIGH                 CONSTANT      00000008              8
__VECTOR_INT_LOW                  CONSTANT      00000018             24
__VECTOR_RESET                    CONSTANT      00000000              0
__WHILE_LOOP_COUNT_MAX            CONSTANT      000000FF            255
_comparator_disable               GLOBAL        00000000              0

Errors   :     0
Warnings :     0 reported,     0 suppressed
Messages :     0 reported,     0 suppressed

