gpasm-1.5.2 #0 (Sep 16 2019) build/default/pr   9-16-2019  10:26:40         PAGE  1


LOC    OBJECT CODE    LINE  SOURCE TEXT
  VALUE

                      00001 ;--------------------------------------------------------
                      00002 ; File Created by SDCC : free open source ANSI-C Compiler
                      00003 ; Version 3.9.3 #11377 (MINGW64)
                      00004 ;--------------------------------------------------------
                      00005 ; PIC16 port for the Microchip 16-bit core micros
                      00006 ;--------------------------------------------------------
                      00007         list    p=18f2550
                      00008         radix   dec
                      00009 
                      00010 
                      00011 ;--------------------------------------------------------
                      00012 ; public variables in this module
                      00013 ;--------------------------------------------------------
  0000                00014         global  _delay_us
  0000                00015         global  _delay_ms
                      00016 
                      00017 ;--------------------------------------------------------
                      00018 ; extern variables in this module
                      00019 ;--------------------------------------------------------
  0000                00020         extern  _UFRMLbits
  0000                00021         extern  _UFRMHbits
  0000                00022         extern  _UIRbits
  0000                00023         extern  _UIEbits
  0000                00024         extern  _UEIRbits
  0000                00025         extern  _UEIEbits
  0000                00026         extern  _USTATbits
  0000                00027         extern  _UCONbits
  0000                00028         extern  _UADDRbits
  0000                00029         extern  _UCFGbits
  0000                00030         extern  _UEP0bits
  0000                00031         extern  _UEP1bits
  0000                00032         extern  _UEP2bits
  0000                00033         extern  _UEP3bits
  0000                00034         extern  _UEP4bits
  0000                00035         extern  _UEP5bits
  0000                00036         extern  _UEP6bits
  0000                00037         extern  _UEP7bits
  0000                00038         extern  _UEP8bits
  0000                00039         extern  _UEP9bits
  0000                00040         extern  _UEP10bits
  0000                00041         extern  _UEP11bits
  0000                00042         extern  _UEP12bits
  0000                00043         extern  _UEP13bits
  0000                00044         extern  _UEP14bits
  0000                00045         extern  _UEP15bits
  0000                00046         extern  _PORTAbits
  0000                00047         extern  _PORTBbits
  0000                00048         extern  _PORTCbits
  0000                00049         extern  _PORTEbits
  0000                00050         extern  _LATAbits
  0000                00051         extern  _LATBbits
  0000                00052         extern  _LATCbits
  0000                00053         extern  _DDRAbits
gpasm-1.5.2 #0 (Sep 16 2019) build/default/pr   9-16-2019  10:26:40         PAGE  2


LOC    OBJECT CODE    LINE  SOURCE TEXT
  VALUE

  0000                00054         extern  _TRISAbits
  0000                00055         extern  _DDRBbits
  0000                00056         extern  _TRISBbits
  0000                00057         extern  _DDRCbits
  0000                00058         extern  _TRISCbits
  0000                00059         extern  _OSCTUNEbits
  0000                00060         extern  _PIE1bits
  0000                00061         extern  _PIR1bits
  0000                00062         extern  _IPR1bits
  0000                00063         extern  _PIE2bits
  0000                00064         extern  _PIR2bits
  0000                00065         extern  _IPR2bits
  0000                00066         extern  _EECON1bits
  0000                00067         extern  _RCSTAbits
  0000                00068         extern  _TXSTAbits
  0000                00069         extern  _T3CONbits
  0000                00070         extern  _CMCONbits
  0000                00071         extern  _CVRCONbits
  0000                00072         extern  _CCP1ASbits
  0000                00073         extern  _ECCP1ASbits
  0000                00074         extern  _CCP1DELbits
  0000                00075         extern  _ECCP1DELbits
  0000                00076         extern  _BAUDCONbits
  0000                00077         extern  _BAUDCTLbits
  0000                00078         extern  _CCP2CONbits
  0000                00079         extern  _CCP1CONbits
  0000                00080         extern  _ADCON2bits
  0000                00081         extern  _ADCON1bits
  0000                00082         extern  _ADCON0bits
  0000                00083         extern  _SSPCON2bits
  0000                00084         extern  _SSPCON1bits
  0000                00085         extern  _SSPSTATbits
  0000                00086         extern  _T2CONbits
  0000                00087         extern  _T1CONbits
  0000                00088         extern  _RCONbits
  0000                00089         extern  _WDTCONbits
  0000                00090         extern  _HLVDCONbits
  0000                00091         extern  _LVDCONbits
  0000                00092         extern  _OSCCONbits
  0000                00093         extern  _T0CONbits
  0000                00094         extern  _STATUSbits
  0000                00095         extern  _INTCON3bits
  0000                00096         extern  _INTCON2bits
  0000                00097         extern  _INTCONbits
  0000                00098         extern  _STKPTRbits
  0000                00099         extern  _dvar
  0000                00100         extern  _UFRM
  0000                00101         extern  _UFRML
  0000                00102         extern  _UFRMH
  0000                00103         extern  _UIR
  0000                00104         extern  _UIE
  0000                00105         extern  _UEIR
  0000                00106         extern  _UEIE
gpasm-1.5.2 #0 (Sep 16 2019) build/default/pr   9-16-2019  10:26:40         PAGE  3


LOC    OBJECT CODE    LINE  SOURCE TEXT
  VALUE

  0000                00107         extern  _USTAT
  0000                00108         extern  _UCON
  0000                00109         extern  _UADDR
  0000                00110         extern  _UCFG
  0000                00111         extern  _UEP0
  0000                00112         extern  _UEP1
  0000                00113         extern  _UEP2
  0000                00114         extern  _UEP3
  0000                00115         extern  _UEP4
  0000                00116         extern  _UEP5
  0000                00117         extern  _UEP6
  0000                00118         extern  _UEP7
  0000                00119         extern  _UEP8
  0000                00120         extern  _UEP9
  0000                00121         extern  _UEP10
  0000                00122         extern  _UEP11
  0000                00123         extern  _UEP12
  0000                00124         extern  _UEP13
  0000                00125         extern  _UEP14
  0000                00126         extern  _UEP15
  0000                00127         extern  _PORTA
  0000                00128         extern  _PORTB
  0000                00129         extern  _PORTC
  0000                00130         extern  _PORTE
  0000                00131         extern  _LATA
  0000                00132         extern  _LATB
  0000                00133         extern  _LATC
  0000                00134         extern  _DDRA
  0000                00135         extern  _TRISA
  0000                00136         extern  _DDRB
  0000                00137         extern  _TRISB
  0000                00138         extern  _DDRC
  0000                00139         extern  _TRISC
  0000                00140         extern  _OSCTUNE
  0000                00141         extern  _PIE1
  0000                00142         extern  _PIR1
  0000                00143         extern  _IPR1
  0000                00144         extern  _PIE2
  0000                00145         extern  _PIR2
  0000                00146         extern  _IPR2
  0000                00147         extern  _EECON1
  0000                00148         extern  _EECON2
  0000                00149         extern  _EEDATA
  0000                00150         extern  _EEADR
  0000                00151         extern  _RCSTA
  0000                00152         extern  _TXSTA
  0000                00153         extern  _TXREG
  0000                00154         extern  _RCREG
  0000                00155         extern  _SPBRG
  0000                00156         extern  _SPBRGH
  0000                00157         extern  _T3CON
  0000                00158         extern  _TMR3
  0000                00159         extern  _TMR3L
gpasm-1.5.2 #0 (Sep 16 2019) build/default/pr   9-16-2019  10:26:40         PAGE  4


LOC    OBJECT CODE    LINE  SOURCE TEXT
  VALUE

  0000                00160         extern  _TMR3H
  0000                00161         extern  _CMCON
  0000                00162         extern  _CVRCON
  0000                00163         extern  _CCP1AS
  0000                00164         extern  _ECCP1AS
  0000                00165         extern  _CCP1DEL
  0000                00166         extern  _ECCP1DEL
  0000                00167         extern  _BAUDCON
  0000                00168         extern  _BAUDCTL
  0000                00169         extern  _CCP2CON
  0000                00170         extern  _CCPR2
  0000                00171         extern  _CCPR2L
  0000                00172         extern  _CCPR2H
  0000                00173         extern  _CCP1CON
  0000                00174         extern  _CCPR1
  0000                00175         extern  _CCPR1L
  0000                00176         extern  _CCPR1H
  0000                00177         extern  _ADCON2
  0000                00178         extern  _ADCON1
  0000                00179         extern  _ADCON0
  0000                00180         extern  _ADRES
  0000                00181         extern  _ADRESL
  0000                00182         extern  _ADRESH
  0000                00183         extern  _SSPCON2
  0000                00184         extern  _SSPCON1
  0000                00185         extern  _SSPSTAT
  0000                00186         extern  _SSPADD
  0000                00187         extern  _SSPBUF
  0000                00188         extern  _T2CON
  0000                00189         extern  _PR2
  0000                00190         extern  _TMR2
  0000                00191         extern  _T1CON
  0000                00192         extern  _TMR1
  0000                00193         extern  _TMR1L
  0000                00194         extern  _TMR1H
  0000                00195         extern  _RCON
  0000                00196         extern  _WDTCON
  0000                00197         extern  _HLVDCON
  0000                00198         extern  _LVDCON
  0000                00199         extern  _OSCCON
  0000                00200         extern  _T0CON
  0000                00201         extern  _TMR0
  0000                00202         extern  _TMR0L
  0000                00203         extern  _TMR0H
  0000                00204         extern  _STATUS
  0000                00205         extern  _FSR2L
  0000                00206         extern  _FSR2H
  0000                00207         extern  _PLUSW2
  0000                00208         extern  _PREINC2
  0000                00209         extern  _POSTDEC2
  0000                00210         extern  _POSTINC2
  0000                00211         extern  _INDF2
  0000                00212         extern  _BSR
gpasm-1.5.2 #0 (Sep 16 2019) build/default/pr   9-16-2019  10:26:40         PAGE  5


LOC    OBJECT CODE    LINE  SOURCE TEXT
  VALUE

  0000                00213         extern  _FSR1L
  0000                00214         extern  _FSR1H
  0000                00215         extern  _PLUSW1
  0000                00216         extern  _PREINC1
  0000                00217         extern  _POSTDEC1
  0000                00218         extern  _POSTINC1
  0000                00219         extern  _INDF1
  0000                00220         extern  _WREG
  0000                00221         extern  _FSR0L
  0000                00222         extern  _FSR0H
  0000                00223         extern  _PLUSW0
  0000                00224         extern  _PREINC0
  0000                00225         extern  _POSTDEC0
  0000                00226         extern  _POSTINC0
  0000                00227         extern  _INDF0
  0000                00228         extern  _INTCON3
  0000                00229         extern  _INTCON2
  0000                00230         extern  _INTCON
  0000                00231         extern  _PROD
  0000                00232         extern  _PRODL
  0000                00233         extern  _PRODH
  0000                00234         extern  _TABLAT
  0000                00235         extern  _TBLPTR
  0000                00236         extern  _TBLPTRL
  0000                00237         extern  _TBLPTRH
  0000                00238         extern  _TBLPTRU
  0000                00239         extern  _PC
  0000                00240         extern  _PCL
  0000                00241         extern  _PCLATH
  0000                00242         extern  _PCLATU
  0000                00243         extern  _STKPTR
  0000                00244         extern  _TOS
  0000                00245         extern  _TOSL
  0000                00246         extern  _TOSH
  0000                00247         extern  _TOSU
                      00248 
                      00249 ;--------------------------------------------------------
                      00250 ;       Equates to used internal registers
                      00251 ;--------------------------------------------------------
  00000FD8            00252 STATUS  equ     0xfd8
  00000FE1            00253 FSR1L   equ     0xfe1
  00000FD9            00254 FSR2L   equ     0xfd9
  00000FE5            00255 POSTDEC1        equ     0xfe5
  00000FE4            00256 PREINC1 equ     0xfe4
  00000FDB            00257 PLUSW2  equ     0xfdb
                      00258 
                      00259 
                      00260 ; Internal registers
                      00261 .registers      udata_ovr       0x0000
000000                00262 r0x00   res     1
000001                00263 r0x01   res     1
000002                00264 r0x02   res     1
000003                00265 r0x03   res     1
gpasm-1.5.2 #0 (Sep 16 2019) build/default/pr   9-16-2019  10:26:40         PAGE  6


LOC    OBJECT CODE    LINE  SOURCE TEXT
  VALUE

                      00266 
                      00267 ;--------------------------------------------------------
                      00268 ; global & static initialisations
                      00269 ;--------------------------------------------------------
                      00270 ; I code from now on!
                      00271 ; ; Starting pCode block
                      00272 S_delay__delay_ms       code
000000                00273 _delay_ms:
                      00274 ;       .line   13; ../../../lib/delay.c        delay_ms(unsigned int x) {
000000 CFD9 FFE5      00275         MOVFF   FSR2L, POSTDEC1
000004 CFE1 FFD9      00276         MOVFF   FSR1L, FSR2L
000008 C??? F???      00277         MOVFF   r0x00, POSTDEC1
00000C C??? F???      00278         MOVFF   r0x01, POSTDEC1
000010 C??? F???      00279         MOVFF   r0x02, POSTDEC1
000014 C??? F???      00280         MOVFF   r0x03, POSTDEC1
000018 0E02           00281         MOVLW   0x02
00001A CFDB F000      00282         MOVFF   PLUSW2, r0x00
00001E 0E03           00283         MOVLW   0x03
000020 CFDB F000      00284         MOVFF   PLUSW2, r0x01
                      00285 ;       .line   14; ../../../lib/delay.c        unsigned char i = 255;
000024 0EFF           00286         MOVLW   0xff
000026 6E??           00287         MOVWF   r0x02
000028                00288 _00130_DS_:
                      00289 ;       .line   15; ../../../lib/delay.c        for(x; x > 0; x--) {
000028 50??           00290         MOVF    r0x00, W
00002A 10??           00291         IORWF   r0x01, W
00002C E0??           00292         BZ      _00132_DS_
                      00293 ;       .line   16; ../../../lib/delay.c        while(i > 0) {
00002E C??? F???      00294         MOVFF   r0x02, r0x03
000032                00295 _00113_DS_:
000032 50??           00296         MOVF    r0x03, W
000034 E0??           00297         BZ      _00115_DS_
                      00298 ;       .line   17; ../../../lib/delay.c        i--;
000036 06??           00299         DECF    r0x03, F
000038 D???           00300         BRA     _00113_DS_
00003A                00301 _00115_DS_:
                      00302 ;       .line   20; ../../../lib/delay.c        while(i > 0) {
00003A 0EFF           00303         MOVLW   0xff
00003C 6E??           00304         MOVWF   r0x03
00003E                00305 _00116_DS_:
00003E 50??           00306         MOVF    r0x03, W
000040 E0??           00307         BZ      _00118_DS_
                      00308 ;       .line   21; ../../../lib/delay.c        i--;
000042 06??           00309         DECF    r0x03, F
000044 D???           00310         BRA     _00116_DS_
000046                00311 _00118_DS_:
                      00312 ;       .line   24; ../../../lib/delay.c        while(i > 0) {
000046 0EFF           00313         MOVLW   0xff
000048 6E??           00314         MOVWF   r0x03
00004A                00315 _00119_DS_:
00004A 50??           00316         MOVF    r0x03, W
00004C E0??           00317         BZ      _00121_DS_
                      00318 ;       .line   25; ../../../lib/delay.c        i--;
gpasm-1.5.2 #0 (Sep 16 2019) build/default/pr   9-16-2019  10:26:40         PAGE  7


LOC    OBJECT CODE    LINE  SOURCE TEXT
  VALUE

00004E 06??           00319         DECF    r0x03, F
000050 D???           00320         BRA     _00119_DS_
000052                00321 _00121_DS_:
                      00322 ;       .line   28; ../../../lib/delay.c        while(i > 0) {
000052 0EFF           00323         MOVLW   0xff
000054 6E??           00324         MOVWF   r0x03
000056                00325 _00122_DS_:
000056 50??           00326         MOVF    r0x03, W
000058 E0??           00327         BZ      _00124_DS_
                      00328 ;       .line   29; ../../../lib/delay.c        i--;
00005A 06??           00329         DECF    r0x03, F
00005C D???           00330         BRA     _00122_DS_
00005E                00331 _00124_DS_:
                      00332 ;       .line   32; ../../../lib/delay.c        while(i > 0) {
00005E 0E32           00333         MOVLW   0x32
000060 6E??           00334         MOVWF   r0x03
000062                00335 _00125_DS_:
000062 50??           00336         MOVF    r0x03, W
000064 E0??           00337         BZ      _00152_DS_
                      00338 ;       .line   33; ../../../lib/delay.c        i--;
000066 06??           00339         DECF    r0x03, F
000068 D???           00340         BRA     _00125_DS_
00006A                00341 _00152_DS_:
00006A C??? F???      00342         MOVFF   r0x03, r0x02
                      00343 ;       .line   15; ../../../lib/delay.c        for(x; x > 0; x--) {
00006E 0EFF           00344         MOVLW   0xff
000070 26??           00345         ADDWF   r0x00, F
000072 22??           00346         ADDWFC  r0x01, F
000074 D???           00347         BRA     _00130_DS_
000076                00348 _00132_DS_:
                      00349 ;       .line   36; ../../../lib/delay.c        }
000076 CFE4 F000      00350         MOVFF   PREINC1, r0x03
00007A CFE4 F000      00351         MOVFF   PREINC1, r0x02
00007E CFE4 F000      00352         MOVFF   PREINC1, r0x01
000082 CFE4 F000      00353         MOVFF   PREINC1, r0x00
000086 CFE4 FFD9      00354         MOVFF   PREINC1, FSR2L
00008A 0012           00355         RETURN  
                      00356 
                      00357 ; ; Starting pCode block
                      00358 S_delay__delay_us       code
000000                00359 _delay_us:
                      00360 ;       .line   5; ../../../lib/delay.c delay_us(unsigned char x) {
000000 CFD9 FFE5      00361         MOVFF   FSR2L, POSTDEC1
000004 CFE1 FFD9      00362         MOVFF   FSR1L, FSR2L
000008 C??? F???      00363         MOVFF   r0x00, POSTDEC1
00000C 0E02           00364         MOVLW   0x02
00000E CFDB F000      00365         MOVFF   PLUSW2, r0x00
000012                00366 _00105_DS_:
                      00367 ;       .line   6; ../../../lib/delay.c while(x > 0) {
000012 50??           00368         MOVF    r0x00, W
000014 E0??           00369         BZ      _00107_DS_
                      00370 ;       .line   7; ../../../lib/delay.c x--;
000016 06??           00371         DECF    r0x00, F
gpasm-1.5.2 #0 (Sep 16 2019) build/default/pr   9-16-2019  10:26:40         PAGE  8


LOC    OBJECT CODE    LINE  SOURCE TEXT
  VALUE

000018 D???           00372         BRA     _00105_DS_
00001A                00373 _00107_DS_:
00001A 0000           00374         nop     
                      00375 ;       .line   10; ../../../lib/delay.c        }
00001C CFE4 F000      00376         MOVFF   PREINC1, r0x00
000020 CFE4 FFD9      00377         MOVFF   PREINC1, FSR2L
000024 0012           00378         RETURN  
                      00379 
                      00380 
                      00381 
                      00382 ; Statistics:
                      00383 ; code size:      178 (0x00b2) bytes ( 0.14%)
                      00384 ;                  89 (0x0059) words
                      00385 ; udata size:       0 (0x0000) bytes ( 0.00%)
                      00386 ; access size:      4 (0x0004) bytes
                      00387 
                      00388 
                      00389         end
gpasm-1.5.2 #0 (Sep 16 2019) build/default/pr   9-16-2019  10:26:40         PAGE  9


SYMBOL TABLE
  LABEL                              TYPE        VALUE         VALUE          VALUE
                                                 (hex)         (dec)          (text)

FSR1L                             CONSTANT      00000FE1           4065
FSR2L                             CONSTANT      00000FD9           4057
PLUSW2                            CONSTANT      00000FDB           4059
POSTDEC1                          CONSTANT      00000FE5           4069
PREINC1                           CONSTANT      00000FE4           4068
STATUS                            CONSTANT      00000FD8           4056
_00105_DS_                        ADDRESS       00000012             18
_00107_DS_                        ADDRESS       0000001A             26
_00113_DS_                        ADDRESS       00000032             50
_00115_DS_                        ADDRESS       0000003A             58
_00116_DS_                        ADDRESS       0000003E             62
_00118_DS_                        ADDRESS       00000046             70
_00119_DS_                        ADDRESS       0000004A             74
_00121_DS_                        ADDRESS       00000052             82
_00122_DS_                        ADDRESS       00000056             86
_00124_DS_                        ADDRESS       0000005E             94
_00125_DS_                        ADDRESS       00000062             98
_00130_DS_                        ADDRESS       00000028             40
_00132_DS_                        ADDRESS       00000076            118
_00152_DS_                        ADDRESS       0000006A            106
_ADCON0                           EXTERNAL      00000000              0
_ADCON0bits                       EXTERNAL      00000000              0
_ADCON1                           EXTERNAL      00000000              0
_ADCON1bits                       EXTERNAL      00000000              0
_ADCON2                           EXTERNAL      00000000              0
_ADCON2bits                       EXTERNAL      00000000              0
_ADRES                            EXTERNAL      00000000              0
_ADRESH                           EXTERNAL      00000000              0
_ADRESL                           EXTERNAL      00000000              0
_BAUDCON                          EXTERNAL      00000000              0
_BAUDCONbits                      EXTERNAL      00000000              0
_BAUDCTL                          EXTERNAL      00000000              0
_BAUDCTLbits                      EXTERNAL      00000000              0
_BSR                              EXTERNAL      00000000              0
_CCP1AS                           EXTERNAL      00000000              0
_CCP1ASbits                       EXTERNAL      00000000              0
_CCP1CON                          EXTERNAL      00000000              0
_CCP1CONbits                      EXTERNAL      00000000              0
_CCP1DEL                          EXTERNAL      00000000              0
_CCP1DELbits                      EXTERNAL      00000000              0
_CCP2CON                          EXTERNAL      00000000              0
_CCP2CONbits                      EXTERNAL      00000000              0
_CCPR1                            EXTERNAL      00000000              0
_CCPR1H                           EXTERNAL      00000000              0
_CCPR1L                           EXTERNAL      00000000              0
_CCPR2                            EXTERNAL      00000000              0
_CCPR2H                           EXTERNAL      00000000              0
_CCPR2L                           EXTERNAL      00000000              0
_CMCON                            EXTERNAL      00000000              0
_CMCONbits                        EXTERNAL      00000000              0
_CVRCON                           EXTERNAL      00000000              0
_CVRCONbits                       EXTERNAL      00000000              0
gpasm-1.5.2 #0 (Sep 16 2019) build/default/pr   9-16-2019  10:26:40         PAGE 10


SYMBOL TABLE
  LABEL                              TYPE        VALUE         VALUE          VALUE
                                                 (hex)         (dec)          (text)

_DDRA                             EXTERNAL      00000000              0
_DDRAbits                         EXTERNAL      00000000              0
_DDRB                             EXTERNAL      00000000              0
_DDRBbits                         EXTERNAL      00000000              0
_DDRC                             EXTERNAL      00000000              0
_DDRCbits                         EXTERNAL      00000000              0
_ECCP1AS                          EXTERNAL      00000000              0
_ECCP1ASbits                      EXTERNAL      00000000              0
_ECCP1DEL                         EXTERNAL      00000000              0
_ECCP1DELbits                     EXTERNAL      00000000              0
_EEADR                            EXTERNAL      00000000              0
_EECON1                           EXTERNAL      00000000              0
_EECON1bits                       EXTERNAL      00000000              0
_EECON2                           EXTERNAL      00000000              0
_EEDATA                           EXTERNAL      00000000              0
_FSR0H                            EXTERNAL      00000000              0
_FSR0L                            EXTERNAL      00000000              0
_FSR1H                            EXTERNAL      00000000              0
_FSR1L                            EXTERNAL      00000000              0
_FSR2H                            EXTERNAL      00000000              0
_FSR2L                            EXTERNAL      00000000              0
_HLVDCON                          EXTERNAL      00000000              0
_HLVDCONbits                      EXTERNAL      00000000              0
_INDF0                            EXTERNAL      00000000              0
_INDF1                            EXTERNAL      00000000              0
_INDF2                            EXTERNAL      00000000              0
_INTCON                           EXTERNAL      00000000              0
_INTCON2                          EXTERNAL      00000000              0
_INTCON2bits                      EXTERNAL      00000000              0
_INTCON3                          EXTERNAL      00000000              0
_INTCON3bits                      EXTERNAL      00000000              0
_INTCONbits                       EXTERNAL      00000000              0
_IPR1                             EXTERNAL      00000000              0
_IPR1bits                         EXTERNAL      00000000              0
_IPR2                             EXTERNAL      00000000              0
_IPR2bits                         EXTERNAL      00000000              0
_LATA                             EXTERNAL      00000000              0
_LATAbits                         EXTERNAL      00000000              0
_LATB                             EXTERNAL      00000000              0
_LATBbits                         EXTERNAL      00000000              0
_LATC                             EXTERNAL      00000000              0
_LATCbits                         EXTERNAL      00000000              0
_LVDCON                           EXTERNAL      00000000              0
_LVDCONbits                       EXTERNAL      00000000              0
_OSCCON                           EXTERNAL      00000000              0
_OSCCONbits                       EXTERNAL      00000000              0
_OSCTUNE                          EXTERNAL      00000000              0
_OSCTUNEbits                      EXTERNAL      00000000              0
_PC                               EXTERNAL      00000000              0
_PCL                              EXTERNAL      00000000              0
_PCLATH                           EXTERNAL      00000000              0
_PCLATU                           EXTERNAL      00000000              0
gpasm-1.5.2 #0 (Sep 16 2019) build/default/pr   9-16-2019  10:26:40         PAGE 11


SYMBOL TABLE
  LABEL                              TYPE        VALUE         VALUE          VALUE
                                                 (hex)         (dec)          (text)

_PIE1                             EXTERNAL      00000000              0
_PIE1bits                         EXTERNAL      00000000              0
_PIE2                             EXTERNAL      00000000              0
_PIE2bits                         EXTERNAL      00000000              0
_PIR1                             EXTERNAL      00000000              0
_PIR1bits                         EXTERNAL      00000000              0
_PIR2                             EXTERNAL      00000000              0
_PIR2bits                         EXTERNAL      00000000              0
_PLUSW0                           EXTERNAL      00000000              0
_PLUSW1                           EXTERNAL      00000000              0
_PLUSW2                           EXTERNAL      00000000              0
_PORTA                            EXTERNAL      00000000              0
_PORTAbits                        EXTERNAL      00000000              0
_PORTB                            EXTERNAL      00000000              0
_PORTBbits                        EXTERNAL      00000000              0
_PORTC                            EXTERNAL      00000000              0
_PORTCbits                        EXTERNAL      00000000              0
_PORTE                            EXTERNAL      00000000              0
_PORTEbits                        EXTERNAL      00000000              0
_POSTDEC0                         EXTERNAL      00000000              0
_POSTDEC1                         EXTERNAL      00000000              0
_POSTDEC2                         EXTERNAL      00000000              0
_POSTINC0                         EXTERNAL      00000000              0
_POSTINC1                         EXTERNAL      00000000              0
_POSTINC2                         EXTERNAL      00000000              0
_PR2                              EXTERNAL      00000000              0
_PREINC0                          EXTERNAL      00000000              0
_PREINC1                          EXTERNAL      00000000              0
_PREINC2                          EXTERNAL      00000000              0
_PROD                             EXTERNAL      00000000              0
_PRODH                            EXTERNAL      00000000              0
_PRODL                            EXTERNAL      00000000              0
_RCON                             EXTERNAL      00000000              0
_RCONbits                         EXTERNAL      00000000              0
_RCREG                            EXTERNAL      00000000              0
_RCSTA                            EXTERNAL      00000000              0
_RCSTAbits                        EXTERNAL      00000000              0
_SPBRG                            EXTERNAL      00000000              0
_SPBRGH                           EXTERNAL      00000000              0
_SSPADD                           EXTERNAL      00000000              0
_SSPBUF                           EXTERNAL      00000000              0
_SSPCON1                          EXTERNAL      00000000              0
_SSPCON1bits                      EXTERNAL      00000000              0
_SSPCON2                          EXTERNAL      00000000              0
_SSPCON2bits                      EXTERNAL      00000000              0
_SSPSTAT                          EXTERNAL      00000000              0
_SSPSTATbits                      EXTERNAL      00000000              0
_STATUS                           EXTERNAL      00000000              0
_STATUSbits                       EXTERNAL      00000000              0
_STKPTR                           EXTERNAL      00000000              0
_STKPTRbits                       EXTERNAL      00000000              0
_T0CON                            EXTERNAL      00000000              0
gpasm-1.5.2 #0 (Sep 16 2019) build/default/pr   9-16-2019  10:26:40         PAGE 12


SYMBOL TABLE
  LABEL                              TYPE        VALUE         VALUE          VALUE
                                                 (hex)         (dec)          (text)

_T0CONbits                        EXTERNAL      00000000              0
_T1CON                            EXTERNAL      00000000              0
_T1CONbits                        EXTERNAL      00000000              0
_T2CON                            EXTERNAL      00000000              0
_T2CONbits                        EXTERNAL      00000000              0
_T3CON                            EXTERNAL      00000000              0
_T3CONbits                        EXTERNAL      00000000              0
_TABLAT                           EXTERNAL      00000000              0
_TBLPTR                           EXTERNAL      00000000              0
_TBLPTRH                          EXTERNAL      00000000              0
_TBLPTRL                          EXTERNAL      00000000              0
_TBLPTRU                          EXTERNAL      00000000              0
_TMR0                             EXTERNAL      00000000              0
_TMR0H                            EXTERNAL      00000000              0
_TMR0L                            EXTERNAL      00000000              0
_TMR1                             EXTERNAL      00000000              0
_TMR1H                            EXTERNAL      00000000              0
_TMR1L                            EXTERNAL      00000000              0
_TMR2                             EXTERNAL      00000000              0
_TMR3                             EXTERNAL      00000000              0
_TMR3H                            EXTERNAL      00000000              0
_TMR3L                            EXTERNAL      00000000              0
_TOS                              EXTERNAL      00000000              0
_TOSH                             EXTERNAL      00000000              0
_TOSL                             EXTERNAL      00000000              0
_TOSU                             EXTERNAL      00000000              0
_TRISA                            EXTERNAL      00000000              0
_TRISAbits                        EXTERNAL      00000000              0
_TRISB                            EXTERNAL      00000000              0
_TRISBbits                        EXTERNAL      00000000              0
_TRISC                            EXTERNAL      00000000              0
_TRISCbits                        EXTERNAL      00000000              0
_TXREG                            EXTERNAL      00000000              0
_TXSTA                            EXTERNAL      00000000              0
_TXSTAbits                        EXTERNAL      00000000              0
_UADDR                            EXTERNAL      00000000              0
_UADDRbits                        EXTERNAL      00000000              0
_UCFG                             EXTERNAL      00000000              0
_UCFGbits                         EXTERNAL      00000000              0
_UCON                             EXTERNAL      00000000              0
_UCONbits                         EXTERNAL      00000000              0
_UEIE                             EXTERNAL      00000000              0
_UEIEbits                         EXTERNAL      00000000              0
_UEIR                             EXTERNAL      00000000              0
_UEIRbits                         EXTERNAL      00000000              0
_UEP0                             EXTERNAL      00000000              0
_UEP0bits                         EXTERNAL      00000000              0
_UEP1                             EXTERNAL      00000000              0
_UEP1bits                         EXTERNAL      00000000              0
_UEP2                             EXTERNAL      00000000              0
_UEP2bits                         EXTERNAL      00000000              0
_UEP3                             EXTERNAL      00000000              0
gpasm-1.5.2 #0 (Sep 16 2019) build/default/pr   9-16-2019  10:26:40         PAGE 13


SYMBOL TABLE
  LABEL                              TYPE        VALUE         VALUE          VALUE
                                                 (hex)         (dec)          (text)

_UEP3bits                         EXTERNAL      00000000              0
_UEP4                             EXTERNAL      00000000              0
_UEP4bits                         EXTERNAL      00000000              0
_UEP5                             EXTERNAL      00000000              0
_UEP5bits                         EXTERNAL      00000000              0
_UEP6                             EXTERNAL      00000000              0
_UEP6bits                         EXTERNAL      00000000              0
_UEP7                             EXTERNAL      00000000              0
_UEP7bits                         EXTERNAL      00000000              0
_UEP8                             EXTERNAL      00000000              0
_UEP8bits                         EXTERNAL      00000000              0
_UEP9                             EXTERNAL      00000000              0
_UEP9bits                         EXTERNAL      00000000              0
_UEP10                            EXTERNAL      00000000              0
_UEP10bits                        EXTERNAL      00000000              0
_UEP11                            EXTERNAL      00000000              0
_UEP11bits                        EXTERNAL      00000000              0
_UEP12                            EXTERNAL      00000000              0
_UEP12bits                        EXTERNAL      00000000              0
_UEP13                            EXTERNAL      00000000              0
_UEP13bits                        EXTERNAL      00000000              0
_UEP14                            EXTERNAL      00000000              0
_UEP14bits                        EXTERNAL      00000000              0
_UEP15                            EXTERNAL      00000000              0
_UEP15bits                        EXTERNAL      00000000              0
_UFRM                             EXTERNAL      00000000              0
_UFRMH                            EXTERNAL      00000000              0
_UFRMHbits                        EXTERNAL      00000000              0
_UFRML                            EXTERNAL      00000000              0
_UFRMLbits                        EXTERNAL      00000000              0
_UIE                              EXTERNAL      00000000              0
_UIEbits                          EXTERNAL      00000000              0
_UIR                              EXTERNAL      00000000              0
_UIRbits                          EXTERNAL      00000000              0
_USTAT                            EXTERNAL      00000000              0
_USTATbits                        EXTERNAL      00000000              0
_WDTCON                           EXTERNAL      00000000              0
_WDTCONbits                       EXTERNAL      00000000              0
_WREG                             EXTERNAL      00000000              0
__16_BIT                          CONSTANT      00000001              1
__18F2550                         CONSTANT      00000001              1
__ACC_RAM_LOW_END                 CONSTANT      0000005F             95
__ACC_RAM_LOW_START               CONSTANT      00000000              0
__ACTIVE_BANK_ADDR                VARIABLE      FFFFFFFF             -1
__ASSUMED_BANK_ADDR               VARIABLE      FFFFFFFF             -1
__BANK_0                          CONSTANT      00000000              0
__BANK_1                          CONSTANT      00000100            256
__BANK_2                          CONSTANT      00000200            512
__BANK_3                          CONSTANT      00000300            768
__BANK_4                          CONSTANT      00000400           1024
__BANK_5                          CONSTANT      00000500           1280
__BANK_6                          CONSTANT      00000600           1536
gpasm-1.5.2 #0 (Sep 16 2019) build/default/pr   9-16-2019  10:26:40         PAGE 14


SYMBOL TABLE
  LABEL                              TYPE        VALUE         VALUE          VALUE
                                                 (hex)         (dec)          (text)

__BANK_7                          CONSTANT      00000700           1792
__BANK_8                          CONSTANT      00000800           2048
__BANK_9                          CONSTANT      00000900           2304
__BANK_10                         CONSTANT      00000A00           2560
__BANK_11                         CONSTANT      00000B00           2816
__BANK_12                         CONSTANT      00000C00           3072
__BANK_13                         CONSTANT      00000D00           3328
__BANK_14                         CONSTANT      00000E00           3584
__BANK_15                         CONSTANT      00000F00           3840
__BANK_BITS                       CONSTANT      00000F00           3840
__BANK_FIRST                      CONSTANT      00000000              0
__BANK_INV                        CONSTANT      FFFFFFFF             -1
__BANK_LAST                       CONSTANT      00000F00           3840
__BANK_MASK                       CONSTANT      000000FF            255
__BANK_SHIFT                      CONSTANT      00000008              8
__BANK_SIZE                       CONSTANT      00000100            256
__CODE_END                        CONSTANT      00007FFF          32767
__CODE_START                      CONSTANT      00000000              0
__COMMON_RAM_END                  CONSTANT      0000005F             95
__COMMON_RAM_START                CONSTANT      00000000              0
__CONFIG_END                      CONSTANT      0030000D        3145741
__CONFIG_START                    CONSTANT      00300000        3145728
__EEPROM_END                      CONSTANT      00F000FF       15728895
__EEPROM_START                    CONSTANT      00F00000       15728640
__EXTENDED                        CONSTANT      00000001              1
__GPUTILS_SVN_VERSION             CONSTANT      00000000              0
__GPUTILS_VERSION_MAJOR           CONSTANT      00000001              1
__GPUTILS_VERSION_MICRO           CONSTANT      00000002              2
__GPUTILS_VERSION_MINOR           CONSTANT      00000005              5
__IDLOCS_END                      CONSTANT      00200007        2097159
__IDLOCS_START                    CONSTANT      00200000        2097152
__NUM_BANKS                       CONSTANT      00000010             16
__VECTOR_INT_HIGH                 CONSTANT      00000008              8
__VECTOR_INT_LOW                  CONSTANT      00000018             24
__VECTOR_RESET                    CONSTANT      00000000              0
__WHILE_LOOP_COUNT_MAX            CONSTANT      000000FF            255
_delay_ms                         GLOBAL        00000000              0
_delay_us                         GLOBAL        00000000              0
_dvar                             EXTERNAL      00000000              0
r0x00                             STATIC        00000000              0
r0x01                             STATIC        00000001              1
r0x02                             STATIC        00000002              2
r0x03                             STATIC        00000003              3

Errors   :     0
Warnings :     0 reported,     0 suppressed
Messages :     0 reported,     0 suppressed

