gpasm-1.5.2 #0 (Sep 16 2019) build/default/pr   9-16-2019  10:31:54         PAGE  1


LOC    OBJECT CODE    LINE  SOURCE TEXT
  VALUE

                      00001 ;--------------------------------------------------------
                      00002 ; File Created by SDCC : free open source ANSI-C Compiler
                      00003 ; Version 3.9.3 #11377 (MINGW64)
                      00004 ;--------------------------------------------------------
                      00005 ; PIC16 port for the Microchip 16-bit core micros
                      00006 ;--------------------------------------------------------
                      00007         list    p=18f2550
                      00008         radix   dec
                      00009 
                      00010 
                      00011 ;--------------------------------------------------------
                      00012 ; public variables in this module
                      00013 ;--------------------------------------------------------
  0000                00014         global  _lcd_putch
  0000                00015         global  _lcd_gotoxy
  0000                00016         global  _lcd_puts
  0000                00017         global  _lcd_print_number
  0000                00018         global  _lcd_home
  0000                00019         global  _lcd_clear
  0000                00020         global  _lcd_display
  0000                00021         global  _lcd_no_cursor
  0000                00022         global  _lcd_cursor
  0000                00023         global  _lcd_blink
  0000                00024         global  _lcd_left_to_right
  0000                00025         global  _lcd_autoscroll
  0000                00026         global  _lcd_begin
  0000                00027         global  _lcd_init
                      00028 
                      00029 ;--------------------------------------------------------
                      00030 ; extern variables in this module
                      00031 ;--------------------------------------------------------
  0000                00032         extern  __gptrget1
  0000                00033         extern  _UFRMLbits
  0000                00034         extern  _UFRMHbits
  0000                00035         extern  _UIRbits
  0000                00036         extern  _UIEbits
  0000                00037         extern  _UEIRbits
  0000                00038         extern  _UEIEbits
  0000                00039         extern  _USTATbits
  0000                00040         extern  _UCONbits
  0000                00041         extern  _UADDRbits
  0000                00042         extern  _UCFGbits
  0000                00043         extern  _UEP0bits
  0000                00044         extern  _UEP1bits
  0000                00045         extern  _UEP2bits
  0000                00046         extern  _UEP3bits
  0000                00047         extern  _UEP4bits
  0000                00048         extern  _UEP5bits
  0000                00049         extern  _UEP6bits
  0000                00050         extern  _UEP7bits
  0000                00051         extern  _UEP8bits
  0000                00052         extern  _UEP9bits
  0000                00053         extern  _UEP10bits
gpasm-1.5.2 #0 (Sep 16 2019) build/default/pr   9-16-2019  10:31:54         PAGE  2


LOC    OBJECT CODE    LINE  SOURCE TEXT
  VALUE

  0000                00054         extern  _UEP11bits
  0000                00055         extern  _UEP12bits
  0000                00056         extern  _UEP13bits
  0000                00057         extern  _UEP14bits
  0000                00058         extern  _UEP15bits
  0000                00059         extern  _PORTAbits
  0000                00060         extern  _PORTBbits
  0000                00061         extern  _PORTCbits
  0000                00062         extern  _PORTEbits
  0000                00063         extern  _LATAbits
  0000                00064         extern  _LATBbits
  0000                00065         extern  _LATCbits
  0000                00066         extern  _DDRAbits
  0000                00067         extern  _TRISAbits
  0000                00068         extern  _DDRBbits
  0000                00069         extern  _TRISBbits
  0000                00070         extern  _DDRCbits
  0000                00071         extern  _TRISCbits
  0000                00072         extern  _OSCTUNEbits
  0000                00073         extern  _PIE1bits
  0000                00074         extern  _PIR1bits
  0000                00075         extern  _IPR1bits
  0000                00076         extern  _PIE2bits
  0000                00077         extern  _PIR2bits
  0000                00078         extern  _IPR2bits
  0000                00079         extern  _EECON1bits
  0000                00080         extern  _RCSTAbits
  0000                00081         extern  _TXSTAbits
  0000                00082         extern  _T3CONbits
  0000                00083         extern  _CMCONbits
  0000                00084         extern  _CVRCONbits
  0000                00085         extern  _CCP1ASbits
  0000                00086         extern  _ECCP1ASbits
  0000                00087         extern  _CCP1DELbits
  0000                00088         extern  _ECCP1DELbits
  0000                00089         extern  _BAUDCONbits
  0000                00090         extern  _BAUDCTLbits
  0000                00091         extern  _CCP2CONbits
  0000                00092         extern  _CCP1CONbits
  0000                00093         extern  _ADCON2bits
  0000                00094         extern  _ADCON1bits
  0000                00095         extern  _ADCON0bits
  0000                00096         extern  _SSPCON2bits
  0000                00097         extern  _SSPCON1bits
  0000                00098         extern  _SSPSTATbits
  0000                00099         extern  _T2CONbits
  0000                00100         extern  _T1CONbits
  0000                00101         extern  _RCONbits
  0000                00102         extern  _WDTCONbits
  0000                00103         extern  _HLVDCONbits
  0000                00104         extern  _LVDCONbits
  0000                00105         extern  _OSCCONbits
  0000                00106         extern  _T0CONbits
gpasm-1.5.2 #0 (Sep 16 2019) build/default/pr   9-16-2019  10:31:54         PAGE  3


LOC    OBJECT CODE    LINE  SOURCE TEXT
  VALUE

  0000                00107         extern  _STATUSbits
  0000                00108         extern  _INTCON3bits
  0000                00109         extern  _INTCON2bits
  0000                00110         extern  _INTCONbits
  0000                00111         extern  _STKPTRbits
  0000                00112         extern  _dvar
  0000                00113         extern  _stdin
  0000                00114         extern  _stdout
  0000                00115         extern  _UFRM
  0000                00116         extern  _UFRML
  0000                00117         extern  _UFRMH
  0000                00118         extern  _UIR
  0000                00119         extern  _UIE
  0000                00120         extern  _UEIR
  0000                00121         extern  _UEIE
  0000                00122         extern  _USTAT
  0000                00123         extern  _UCON
  0000                00124         extern  _UADDR
  0000                00125         extern  _UCFG
  0000                00126         extern  _UEP0
  0000                00127         extern  _UEP1
  0000                00128         extern  _UEP2
  0000                00129         extern  _UEP3
  0000                00130         extern  _UEP4
  0000                00131         extern  _UEP5
  0000                00132         extern  _UEP6
  0000                00133         extern  _UEP7
  0000                00134         extern  _UEP8
  0000                00135         extern  _UEP9
  0000                00136         extern  _UEP10
  0000                00137         extern  _UEP11
  0000                00138         extern  _UEP12
  0000                00139         extern  _UEP13
  0000                00140         extern  _UEP14
  0000                00141         extern  _UEP15
  0000                00142         extern  _PORTA
  0000                00143         extern  _PORTB
  0000                00144         extern  _PORTC
  0000                00145         extern  _PORTE
  0000                00146         extern  _LATA
  0000                00147         extern  _LATB
  0000                00148         extern  _LATC
  0000                00149         extern  _DDRA
  0000                00150         extern  _TRISA
  0000                00151         extern  _DDRB
  0000                00152         extern  _TRISB
  0000                00153         extern  _DDRC
  0000                00154         extern  _TRISC
  0000                00155         extern  _OSCTUNE
  0000                00156         extern  _PIE1
  0000                00157         extern  _PIR1
  0000                00158         extern  _IPR1
  0000                00159         extern  _PIE2
gpasm-1.5.2 #0 (Sep 16 2019) build/default/pr   9-16-2019  10:31:54         PAGE  4


LOC    OBJECT CODE    LINE  SOURCE TEXT
  VALUE

  0000                00160         extern  _PIR2
  0000                00161         extern  _IPR2
  0000                00162         extern  _EECON1
  0000                00163         extern  _EECON2
  0000                00164         extern  _EEDATA
  0000                00165         extern  _EEADR
  0000                00166         extern  _RCSTA
  0000                00167         extern  _TXSTA
  0000                00168         extern  _TXREG
  0000                00169         extern  _RCREG
  0000                00170         extern  _SPBRG
  0000                00171         extern  _SPBRGH
  0000                00172         extern  _T3CON
  0000                00173         extern  _TMR3
  0000                00174         extern  _TMR3L
  0000                00175         extern  _TMR3H
  0000                00176         extern  _CMCON
  0000                00177         extern  _CVRCON
  0000                00178         extern  _CCP1AS
  0000                00179         extern  _ECCP1AS
  0000                00180         extern  _CCP1DEL
  0000                00181         extern  _ECCP1DEL
  0000                00182         extern  _BAUDCON
  0000                00183         extern  _BAUDCTL
  0000                00184         extern  _CCP2CON
  0000                00185         extern  _CCPR2
  0000                00186         extern  _CCPR2L
  0000                00187         extern  _CCPR2H
  0000                00188         extern  _CCP1CON
  0000                00189         extern  _CCPR1
  0000                00190         extern  _CCPR1L
  0000                00191         extern  _CCPR1H
  0000                00192         extern  _ADCON2
  0000                00193         extern  _ADCON1
  0000                00194         extern  _ADCON0
  0000                00195         extern  _ADRES
  0000                00196         extern  _ADRESL
  0000                00197         extern  _ADRESH
  0000                00198         extern  _SSPCON2
  0000                00199         extern  _SSPCON1
  0000                00200         extern  _SSPSTAT
  0000                00201         extern  _SSPADD
  0000                00202         extern  _SSPBUF
  0000                00203         extern  _T2CON
  0000                00204         extern  _PR2
  0000                00205         extern  _TMR2
  0000                00206         extern  _T1CON
  0000                00207         extern  _TMR1
  0000                00208         extern  _TMR1L
  0000                00209         extern  _TMR1H
  0000                00210         extern  _RCON
  0000                00211         extern  _WDTCON
  0000                00212         extern  _HLVDCON
gpasm-1.5.2 #0 (Sep 16 2019) build/default/pr   9-16-2019  10:31:54         PAGE  5


LOC    OBJECT CODE    LINE  SOURCE TEXT
  VALUE

  0000                00213         extern  _LVDCON
  0000                00214         extern  _OSCCON
  0000                00215         extern  _T0CON
  0000                00216         extern  _TMR0
  0000                00217         extern  _TMR0L
  0000                00218         extern  _TMR0H
  0000                00219         extern  _STATUS
  0000                00220         extern  _FSR2L
  0000                00221         extern  _FSR2H
  0000                00222         extern  _PLUSW2
  0000                00223         extern  _PREINC2
  0000                00224         extern  _POSTDEC2
  0000                00225         extern  _POSTINC2
  0000                00226         extern  _INDF2
  0000                00227         extern  _BSR
  0000                00228         extern  _FSR1L
  0000                00229         extern  _FSR1H
  0000                00230         extern  _PLUSW1
  0000                00231         extern  _PREINC1
  0000                00232         extern  _POSTDEC1
  0000                00233         extern  _POSTINC1
  0000                00234         extern  _INDF1
  0000                00235         extern  _WREG
  0000                00236         extern  _FSR0L
  0000                00237         extern  _FSR0H
  0000                00238         extern  _PLUSW0
  0000                00239         extern  _PREINC0
  0000                00240         extern  _POSTDEC0
  0000                00241         extern  _POSTINC0
  0000                00242         extern  _INDF0
  0000                00243         extern  _INTCON3
  0000                00244         extern  _INTCON2
  0000                00245         extern  _INTCON
  0000                00246         extern  _PROD
  0000                00247         extern  _PRODL
  0000                00248         extern  _PRODH
  0000                00249         extern  _TABLAT
  0000                00250         extern  _TBLPTR
  0000                00251         extern  _TBLPTRL
  0000                00252         extern  _TBLPTRH
  0000                00253         extern  _TBLPTRU
  0000                00254         extern  _PC
  0000                00255         extern  _PCL
  0000                00256         extern  _PCLATH
  0000                00257         extern  _PCLATU
  0000                00258         extern  _STKPTR
  0000                00259         extern  _TOS
  0000                00260         extern  _TOSL
  0000                00261         extern  _TOSH
  0000                00262         extern  _TOSU
  0000                00263         extern  _delay_ms
  0000                00264         extern  _delay_us
  0000                00265         extern  __moduint
gpasm-1.5.2 #0 (Sep 16 2019) build/default/pr   9-16-2019  10:31:54         PAGE  6


LOC    OBJECT CODE    LINE  SOURCE TEXT
  VALUE

  0000                00266         extern  __divuint
                      00267 
                      00268 ;--------------------------------------------------------
                      00269 ;       Equates to used internal registers
                      00270 ;--------------------------------------------------------
  00000FD8            00271 STATUS  equ     0xfd8
  00000FE8            00272 WREG    equ     0xfe8
  00000FE9            00273 FSR0L   equ     0xfe9
  00000FEA            00274 FSR0H   equ     0xfea
  00000FE1            00275 FSR1L   equ     0xfe1
  00000FD9            00276 FSR2L   equ     0xfd9
  00000FEF            00277 INDF0   equ     0xfef
  00000FE6            00278 POSTINC1        equ     0xfe6
  00000FE5            00279 POSTDEC1        equ     0xfe5
  00000FE4            00280 PREINC1 equ     0xfe4
  00000FDB            00281 PLUSW2  equ     0xfdb
  00000FF3            00282 PRODL   equ     0xff3
                      00283 
                      00284 
                      00285 ; Internal registers
                      00286 .registers      udata_ovr       0x0000
000000                00287 r0x00   res     1
000001                00288 r0x01   res     1
000002                00289 r0x02   res     1
000003                00290 r0x03   res     1
000004                00291 r0x04   res     1
000005                00292 r0x05   res     1
000006                00293 r0x06   res     1
000007                00294 r0x07   res     1
000008                00295 r0x08   res     1
000009                00296 r0x09   res     1
00000A                00297 r0x0a   res     1
00000B                00298 r0x0b   res     1
                      00299 
                      00300 udata_lcd44780_0        udata
000000                00301 _LCD_function   res     1
                      00302 
                      00303 udata_lcd44780_1        udata
000000                00304 _LCD_ctrl       res     1
                      00305 
                      00306 udata_lcd44780_2        udata
000000                00307 _LCD_mode       res     1
                      00308 
                      00309 udata_lcd44780_3        udata
000000                00310 _LCD_lines      res     1
                      00311 
                      00312 udata_lcd44780_4        udata
000000                00313 _lcd_gotoxy_row_offsets_65536_69        res     4
                      00314 
                      00315 udata_lcd44780_5        udata
000000                00316 _lcd_print_number_buf_65536_75  res     32
                      00317 
                      00318 ;--------------------------------------------------------
gpasm-1.5.2 #0 (Sep 16 2019) build/default/pr   9-16-2019  10:31:54         PAGE  7


LOC    OBJECT CODE    LINE  SOURCE TEXT
  VALUE

                      00319 ; global & static initialisations
                      00320 ;--------------------------------------------------------
                      00321 ; I code from now on!
                      00322 ; ; Starting pCode block
                      00323 S_lcd44780__lcd_init    code
000000                00324 _lcd_init:
                      00325 ;       .line   511; ../../../lib/lcd44780.c    lcd_init(char fourbitmode) {
000000 CFD9 FFE5      00326         MOVFF   FSR2L, POSTDEC1
000004 CFE1 FFD9      00327         MOVFF   FSR1L, FSR2L
000008 C??? F???      00328         MOVFF   r0x00, POSTDEC1
00000C C??? F???      00329         MOVFF   r0x01, POSTDEC1
000010 0E02           00330         MOVLW   0x02
000012 CFDB F000      00331         MOVFF   PLUSW2, r0x00
000016 010?           00332         BANKSEL _LCD_ctrl
                      00333 ;       .line   513; ../../../lib/lcd44780.c    LCD_ctrl = 0;
000018 6B??           00334         CLRF    _LCD_ctrl, B
                      00335 ;       .line   514; ../../../lib/lcd44780.c    LCD_function = (fourbitmode ? LCD_4BITMODE : LCD_8BITMOD
                            E);
00001A 50??           00336         MOVF    r0x00, W
00001C E0??           00337         BZ      _00288_DS_
00001E 6A??           00338         CLRF    r0x00
000020 6A??           00339         CLRF    r0x01
000022 D???           00340         BRA     _00289_DS_
000024                00341 _00288_DS_:
000024 0E10           00342         MOVLW   0x10
000026 6E??           00343         MOVWF   r0x00
000028 6A??           00344         CLRF    r0x01
00002A                00345 _00289_DS_:
00002A 50??           00346         MOVF    r0x00, W
00002C 010?           00347         BANKSEL _LCD_function
00002E 6F??           00348         MOVWF   _LCD_function, B
000030 010?           00349         BANKSEL _LCD_lines
                      00350 ;       .line   516; ../../../lib/lcd44780.c    LCD_lines = 0;
000032 6B??           00351         CLRF    _LCD_lines, B
000034 010?           00352         BANKSEL _LCD_mode
                      00353 ;       .line   518; ../../../lib/lcd44780.c    LCD_mode = 0;
000036 6B??           00354         CLRF    _LCD_mode, B
                      00355 ;       .line   520; ../../../lib/lcd44780.c    RS_TRIS();
000038 94??           00356         BCF     _TRISB, 2
                      00357 ;       .line   521; ../../../lib/lcd44780.c    RS_LOW();
00003A 94??           00358         BCF     _LATB, 2
                      00359 ;       .line   526; ../../../lib/lcd44780.c    EN_TRIS();
00003C 96??           00360         BCF     _TRISB, 3
                      00361 ;       .line   527; ../../../lib/lcd44780.c    EN_LOW();
00003E 96??           00362         BCF     _LATB, 3
                      00363 ;       .line   529; ../../../lib/lcd44780.c    DATA_TRIS();
000040 0E0F           00364         MOVLW   0x0f
000042 16??           00365         ANDWF   _LATB, F
                      00366 ;       .line   539; ../../../lib/lcd44780.c    }
000044 CFE4 F000      00367         MOVFF   PREINC1, r0x01
000048 CFE4 F000      00368         MOVFF   PREINC1, r0x00
00004C CFE4 FFD9      00369         MOVFF   PREINC1, FSR2L
000050 0012           00370         RETURN  
gpasm-1.5.2 #0 (Sep 16 2019) build/default/pr   9-16-2019  10:31:54         PAGE  8


LOC    OBJECT CODE    LINE  SOURCE TEXT
  VALUE

                      00371 
                      00372 ; ; Starting pCode block
                      00373 S_lcd44780__lcd_begin   code
000000                00374 _lcd_begin:
                      00375 ;       .line   438; ../../../lib/lcd44780.c    lcd_begin(uint8_t lines, uint8_t dotsize) {
000000 CFD9 FFE5      00376         MOVFF   FSR2L, POSTDEC1
000004 CFE1 FFD9      00377         MOVFF   FSR1L, FSR2L
000008 C??? F???      00378         MOVFF   r0x00, POSTDEC1
00000C C??? F???      00379         MOVFF   r0x01, POSTDEC1
000010 0E02           00380         MOVLW   0x02
000012 CFDB F000      00381         MOVFF   PLUSW2, r0x00
000016 0E03           00382         MOVLW   0x03
000018 CFDB F000      00383         MOVFF   PLUSW2, r0x01
                      00384 ;       .line   439; ../../../lib/lcd44780.c    if(lines > 1)
00001C 0E02           00385         MOVLW   0x02
00001E 5C??           00386         SUBWF   r0x00, W
000020 E3??           00387         BNC     _00249_DS_
000022 010?           00388         BANKSEL _LCD_function
                      00389 ;       .line   440; ../../../lib/lcd44780.c    LCD_function |= LCD_2LINE;
000024 87??           00390         BSF     _LCD_function, 3, B
000026                00391 _00249_DS_:
                      00392 ;       .line   443; ../../../lib/lcd44780.c    LCD_lines = lines;
000026 C??? F???      00393         MOVFF   r0x00, _LCD_lines
                      00394 ;       .line   447; ../../../lib/lcd44780.c    if((dotsize != 0) && (lines == 1))
00002A 50??           00395         MOVF    r0x01, W
00002C E0??           00396         BZ      _00251_DS_
00002E 50??           00397         MOVF    r0x00, W
000030 0A01           00398         XORLW   0x01
000032 E1??           00399         BNZ     _00251_DS_
000034                00400 _00277_DS_:
000034 010?           00401         BANKSEL _LCD_function
                      00402 ;       .line   448; ../../../lib/lcd44780.c    LCD_function |= LCD_5x10DOTS;
000036 85??           00403         BSF     _LCD_function, 2, B
000038                00404 _00251_DS_:
                      00405 ;       .line   450; ../../../lib/lcd44780.c    delay_ms(15); // Wait more than 15 ms after VDD rises to
                             4.5V
000038 0E00           00406         MOVLW   0x00
00003A 6EE5           00407         MOVWF   POSTDEC1
00003C 0E0F           00408         MOVLW   0x0f
00003E 6EE5           00409         MOVWF   POSTDEC1
000040 EC?? F0??      00410         CALL    _delay_ms
000044 52E6           00411         MOVF    POSTINC1, F
000046 52E6           00412         MOVF    POSTINC1, F
                      00413 ;       .line   453; ../../../lib/lcd44780.c    RS_LOW();
000048 94??           00414         BCF     _LATB, 2
                      00415 ;       .line   454; ../../../lib/lcd44780.c    EN_LOW();
00004A 96??           00416         BCF     _LATB, 3
                      00417 ;       .line   457; ../../../lib/lcd44780.c    if(!(LCD_function & LCD_8BITMODE)) {
00004C C??? F???      00418         MOVFF   _LCD_function, r0x00
000050 B8??           00419         BTFSC   r0x00, 4
000052 D???           00420         BRA     _00254_DS_
                      00421 ;       .line   461; ../../../lib/lcd44780.c    lcd_write4bits(0x03);
000054 0E03           00422         MOVLW   0x03
gpasm-1.5.2 #0 (Sep 16 2019) build/default/pr   9-16-2019  10:31:54         PAGE  9


LOC    OBJECT CODE    LINE  SOURCE TEXT
  VALUE

000056 6EE5           00423         MOVWF   POSTDEC1
000058 EC?? F0??      00424         CALL    _lcd_write4bits
00005C 52E6           00425         MOVF    POSTINC1, F
                      00426 ;       .line   462; ../../../lib/lcd44780.c    delay_ms(5); // Wait for more than 4.1 ms
00005E 0E00           00427         MOVLW   0x00
000060 6EE5           00428         MOVWF   POSTDEC1
000062 0E05           00429         MOVLW   0x05
000064 6EE5           00430         MOVWF   POSTDEC1
000066 EC?? F0??      00431         CALL    _delay_ms
00006A 52E6           00432         MOVF    POSTINC1, F
00006C 52E6           00433         MOVF    POSTINC1, F
                      00434 ;       .line   464; ../../../lib/lcd44780.c    lcd_write4bits(0x03);
00006E 0E03           00435         MOVLW   0x03
000070 6EE5           00436         MOVWF   POSTDEC1
000072 EC?? F0??      00437         CALL    _lcd_write4bits
000076 52E6           00438         MOVF    POSTINC1, F
                      00439 ;       .line   465; ../../../lib/lcd44780.c    delay_us(150); // Wait more than 100 μs
000078 0E96           00440         MOVLW   0x96
00007A 6EE5           00441         MOVWF   POSTDEC1
00007C EC?? F0??      00442         CALL    _delay_us
000080 52E6           00443         MOVF    POSTINC1, F
                      00444 ;       .line   467; ../../../lib/lcd44780.c    lcd_write4bits(0x03);
000082 0E03           00445         MOVLW   0x03
000084 6EE5           00446         MOVWF   POSTDEC1
000086 EC?? F0??      00447         CALL    _lcd_write4bits
00008A 52E6           00448         MOVF    POSTINC1, F
                      00449 ;       .line   468; ../../../lib/lcd44780.c    delay_us(150); // Wait more than 100 μs
00008C 0E96           00450         MOVLW   0x96
00008E 6EE5           00451         MOVWF   POSTDEC1
000090 EC?? F0??      00452         CALL    _delay_us
000094 52E6           00453         MOVF    POSTINC1, F
                      00454 ;       .line   470; ../../../lib/lcd44780.c    lcd_write4bits(0x02);
000096 0E02           00455         MOVLW   0x02
000098 6EE5           00456         MOVWF   POSTDEC1
00009A EC?? F0??      00457         CALL    _lcd_write4bits
00009E 52E6           00458         MOVF    POSTINC1, F
0000A0 D???           00459         BRA     _00255_DS_
0000A2                00460 _00254_DS_:
                      00461 ;       .line   477; ../../../lib/lcd44780.c    lcd_command(LCD_FUNCTIONSET | LCD_function);
0000A2 C??? F???      00462         MOVFF   _LCD_function, r0x00
0000A6 8A??           00463         BSF     r0x00, 5
0000A8 50??           00464         MOVF    r0x00, W
0000AA 6EE5           00465         MOVWF   POSTDEC1
0000AC EC?? F0??      00466         CALL    _lcd_command
0000B0 52E6           00467         MOVF    POSTINC1, F
                      00468 ;       .line   478; ../../../lib/lcd44780.c    delay_ms(5); // Wait for more than 4.1 ms
0000B2 0E00           00469         MOVLW   0x00
0000B4 6EE5           00470         MOVWF   POSTDEC1
0000B6 0E05           00471         MOVLW   0x05
0000B8 6EE5           00472         MOVWF   POSTDEC1
0000BA EC?? F0??      00473         CALL    _delay_ms
0000BE 52E6           00474         MOVF    POSTINC1, F
0000C0 52E6           00475         MOVF    POSTINC1, F
gpasm-1.5.2 #0 (Sep 16 2019) build/default/pr   9-16-2019  10:31:54         PAGE 10


LOC    OBJECT CODE    LINE  SOURCE TEXT
  VALUE

                      00476 ;       .line   481; ../../../lib/lcd44780.c    lcd_command(LCD_FUNCTIONSET | LCD_function);
0000C2 C??? F???      00477         MOVFF   _LCD_function, r0x00
0000C6 8A??           00478         BSF     r0x00, 5
0000C8 50??           00479         MOVF    r0x00, W
0000CA 6EE5           00480         MOVWF   POSTDEC1
0000CC EC?? F0??      00481         CALL    _lcd_command
0000D0 52E6           00482         MOVF    POSTINC1, F
                      00483 ;       .line   482; ../../../lib/lcd44780.c    delay_ms(5); // Wait for more than 4.1 ms
0000D2 0E00           00484         MOVLW   0x00
0000D4 6EE5           00485         MOVWF   POSTDEC1
0000D6 0E05           00486         MOVLW   0x05
0000D8 6EE5           00487         MOVWF   POSTDEC1
0000DA EC?? F0??      00488         CALL    _delay_ms
0000DE 52E6           00489         MOVF    POSTINC1, F
0000E0 52E6           00490         MOVF    POSTINC1, F
                      00491 ;       .line   486; ../../../lib/lcd44780.c    lcd_command(LCD_FUNCTIONSET | LCD_function);
0000E2 C??? F???      00492         MOVFF   _LCD_function, r0x00
0000E6 8A??           00493         BSF     r0x00, 5
0000E8 50??           00494         MOVF    r0x00, W
0000EA 6EE5           00495         MOVWF   POSTDEC1
0000EC EC?? F0??      00496         CALL    _lcd_command
0000F0 52E6           00497         MOVF    POSTINC1, F
0000F2                00498 _00255_DS_:
                      00499 ;       .line   490; ../../../lib/lcd44780.c    lcd_command(LCD_FUNCTIONSET | LCD_function);
0000F2 C??? F???      00500         MOVFF   _LCD_function, r0x00
0000F6 8A??           00501         BSF     r0x00, 5
0000F8 50??           00502         MOVF    r0x00, W
0000FA 6EE5           00503         MOVWF   POSTDEC1
0000FC EC?? F0??      00504         CALL    _lcd_command
000100 52E6           00505         MOVF    POSTINC1, F
                      00506 ;       .line   493; ../../../lib/lcd44780.c    LCD_ctrl = LCD_DISPLAYON | LCD_CURSOROFF | LCD_BLINKOFF;
000102 0E04           00507         MOVLW   0x04
000104 010?           00508         BANKSEL _LCD_ctrl
000106 6F??           00509         MOVWF   _LCD_ctrl, B
                      00510 ;       .line   494; ../../../lib/lcd44780.c    lcd_command(LCD_DISPLAYCONTROL | LCD_ctrl);
000108 0E0C           00511         MOVLW   0x0c
00010A 6EE5           00512         MOVWF   POSTDEC1
00010C EC?? F0??      00513         CALL    _lcd_command
000110 52E6           00514         MOVF    POSTINC1, F
                      00515 ;       .line   497; ../../../lib/lcd44780.c    lcd_command(LCD_CLEARDISPLAY); // clear display, set cur
                            sor position to zero
000112 0E01           00516         MOVLW   0x01
000114 6EE5           00517         MOVWF   POSTDEC1
000116 EC?? F0??      00518         CALL    _lcd_command
00011A 52E6           00519         MOVF    POSTINC1, F
                      00520 ;       .line   498; ../../../lib/lcd44780.c    delay_ms(2);
00011C 0E00           00521         MOVLW   0x00
00011E 6EE5           00522         MOVWF   POSTDEC1
000120 0E02           00523         MOVLW   0x02
000122 6EE5           00524         MOVWF   POSTDEC1
000124 EC?? F0??      00525         CALL    _delay_ms
000128 52E6           00526         MOVF    POSTINC1, F
00012A 52E6           00527         MOVF    POSTINC1, F
gpasm-1.5.2 #0 (Sep 16 2019) build/default/pr   9-16-2019  10:31:54         PAGE 11


LOC    OBJECT CODE    LINE  SOURCE TEXT
  VALUE

                      00528 ;       .line   501; ../../../lib/lcd44780.c    LCD_mode = LCD_ENTRYLEFT | LCD_ENTRYSHIFTDECREMENT;
00012C 0E02           00529         MOVLW   0x02
00012E 010?           00530         BANKSEL _LCD_mode
000130 6F??           00531         MOVWF   _LCD_mode, B
                      00532 ;       .line   503; ../../../lib/lcd44780.c    lcd_command(LCD_ENTRYMODESET | LCD_mode);
000132 0E06           00533         MOVLW   0x06
000134 6EE5           00534         MOVWF   POSTDEC1
000136 EC?? F0??      00535         CALL    _lcd_command
00013A 52E6           00536         MOVF    POSTINC1, F
                      00537 ;       .line   504; ../../../lib/lcd44780.c    }
00013C CFE4 F000      00538         MOVFF   PREINC1, r0x01
000140 CFE4 F000      00539         MOVFF   PREINC1, r0x00
000144 CFE4 FFD9      00540         MOVFF   PREINC1, FSR2L
000148 0012           00541         RETURN  
                      00542 
                      00543 ; ; Starting pCode block
                      00544 S_lcd44780__lcd_autoscroll      code
000000                00545 _lcd_autoscroll:
                      00546 ;       .line   419; ../../../lib/lcd44780.c    lcd_autoscroll(void) {
000000 CFD9 FFE5      00547         MOVFF   FSR2L, POSTDEC1
000004 CFE1 FFD9      00548         MOVFF   FSR1L, FSR2L
000008 C??? F???      00549         MOVFF   r0x00, POSTDEC1
00000C 010?           00550         BANKSEL _LCD_mode
                      00551 ;       .line   420; ../../../lib/lcd44780.c    LCD_mode |= LCD_ENTRYSHIFTINCREMENT;
00000E 81??           00552         BSF     _LCD_mode, 0, B
                      00553 ;       .line   421; ../../../lib/lcd44780.c    lcd_command(LCD_ENTRYMODESET | LCD_mode);
000010 C??? F???      00554         MOVFF   _LCD_mode, r0x00
000014 84??           00555         BSF     r0x00, 2
000016 50??           00556         MOVF    r0x00, W
000018 6EE5           00557         MOVWF   POSTDEC1
00001A EC?? F0??      00558         CALL    _lcd_command
00001E 52E6           00559         MOVF    POSTINC1, F
                      00560 ;       .line   422; ../../../lib/lcd44780.c    }
000020 CFE4 F000      00561         MOVFF   PREINC1, r0x00
000024 CFE4 FFD9      00562         MOVFF   PREINC1, FSR2L
000028 0012           00563         RETURN  
                      00564 
                      00565 ; ; Starting pCode block
                      00566 S_lcd44780__lcd_left_to_right   code
000000                00567 _lcd_left_to_right:
                      00568 ;       .line   399; ../../../lib/lcd44780.c    lcd_left_to_right(void) {
000000 CFD9 FFE5      00569         MOVFF   FSR2L, POSTDEC1
000004 CFE1 FFD9      00570         MOVFF   FSR1L, FSR2L
000008 C??? F???      00571         MOVFF   r0x00, POSTDEC1
00000C 010?           00572         BANKSEL _LCD_mode
                      00573 ;       .line   400; ../../../lib/lcd44780.c    LCD_mode |= LCD_ENTRYLEFT;
00000E 83??           00574         BSF     _LCD_mode, 1, B
                      00575 ;       .line   401; ../../../lib/lcd44780.c    lcd_command(LCD_ENTRYMODESET | LCD_mode);
000010 C??? F???      00576         MOVFF   _LCD_mode, r0x00
000014 84??           00577         BSF     r0x00, 2
000016 50??           00578         MOVF    r0x00, W
000018 6EE5           00579         MOVWF   POSTDEC1
00001A EC?? F0??      00580         CALL    _lcd_command
gpasm-1.5.2 #0 (Sep 16 2019) build/default/pr   9-16-2019  10:31:54         PAGE 12


LOC    OBJECT CODE    LINE  SOURCE TEXT
  VALUE

00001E 52E6           00581         MOVF    POSTINC1, F
                      00582 ;       .line   402; ../../../lib/lcd44780.c    }
000020 CFE4 F000      00583         MOVFF   PREINC1, r0x00
000024 CFE4 FFD9      00584         MOVFF   PREINC1, FSR2L
000028 0012           00585         RETURN  
                      00586 
                      00587 ; ; Starting pCode block
                      00588 S_lcd44780__lcd_blink   code
000000                00589 _lcd_blink:
                      00590 ;       .line   372; ../../../lib/lcd44780.c    lcd_blink() {
000000 CFD9 FFE5      00591         MOVFF   FSR2L, POSTDEC1
000004 CFE1 FFD9      00592         MOVFF   FSR1L, FSR2L
000008 C??? F???      00593         MOVFF   r0x00, POSTDEC1
00000C 010?           00594         BANKSEL _LCD_ctrl
                      00595 ;       .line   373; ../../../lib/lcd44780.c    LCD_ctrl |= LCD_BLINKON;
00000E 81??           00596         BSF     _LCD_ctrl, 0, B
                      00597 ;       .line   374; ../../../lib/lcd44780.c    lcd_command(LCD_DISPLAYCONTROL | LCD_ctrl);
000010 C??? F???      00598         MOVFF   _LCD_ctrl, r0x00
000014 86??           00599         BSF     r0x00, 3
000016 50??           00600         MOVF    r0x00, W
000018 6EE5           00601         MOVWF   POSTDEC1
00001A EC?? F0??      00602         CALL    _lcd_command
00001E 52E6           00603         MOVF    POSTINC1, F
                      00604 ;       .line   375; ../../../lib/lcd44780.c    }
000020 CFE4 F000      00605         MOVFF   PREINC1, r0x00
000024 CFE4 FFD9      00606         MOVFF   PREINC1, FSR2L
000028 0012           00607         RETURN  
                      00608 
                      00609 ; ; Starting pCode block
                      00610 S_lcd44780__lcd_cursor  code
000000                00611 _lcd_cursor:
                      00612 ;       .line   353; ../../../lib/lcd44780.c    lcd_cursor() {
000000 CFD9 FFE5      00613         MOVFF   FSR2L, POSTDEC1
000004 CFE1 FFD9      00614         MOVFF   FSR1L, FSR2L
000008 C??? F???      00615         MOVFF   r0x00, POSTDEC1
00000C 010?           00616         BANKSEL _LCD_ctrl
                      00617 ;       .line   354; ../../../lib/lcd44780.c    LCD_ctrl |= LCD_CURSORON;
00000E 83??           00618         BSF     _LCD_ctrl, 1, B
                      00619 ;       .line   355; ../../../lib/lcd44780.c    lcd_command(LCD_DISPLAYCONTROL | LCD_ctrl);
000010 C??? F???      00620         MOVFF   _LCD_ctrl, r0x00
000014 86??           00621         BSF     r0x00, 3
000016 50??           00622         MOVF    r0x00, W
000018 6EE5           00623         MOVWF   POSTDEC1
00001A EC?? F0??      00624         CALL    _lcd_command
00001E 52E6           00625         MOVF    POSTINC1, F
                      00626 ;       .line   356; ../../../lib/lcd44780.c    }
000020 CFE4 F000      00627         MOVFF   PREINC1, r0x00
000024 CFE4 FFD9      00628         MOVFF   PREINC1, FSR2L
000028 0012           00629         RETURN  
                      00630 
                      00631 ; ; Starting pCode block
                      00632 S_lcd44780__lcd_no_cursor       code
000000                00633 _lcd_no_cursor:
gpasm-1.5.2 #0 (Sep 16 2019) build/default/pr   9-16-2019  10:31:54         PAGE 13


LOC    OBJECT CODE    LINE  SOURCE TEXT
  VALUE

                      00634 ;       .line   344; ../../../lib/lcd44780.c    lcd_no_cursor() {
000000 CFD9 FFE5      00635         MOVFF   FSR2L, POSTDEC1
000004 CFE1 FFD9      00636         MOVFF   FSR1L, FSR2L
000008 C??? F???      00637         MOVFF   r0x00, POSTDEC1
00000C 010?           00638         BANKSEL _LCD_ctrl
                      00639 ;       .line   345; ../../../lib/lcd44780.c    LCD_ctrl &= ~LCD_CURSORON;
00000E 93??           00640         BCF     _LCD_ctrl, 1, B
                      00641 ;       .line   346; ../../../lib/lcd44780.c    lcd_command(LCD_DISPLAYCONTROL | LCD_ctrl);
000010 C??? F???      00642         MOVFF   _LCD_ctrl, r0x00
000014 86??           00643         BSF     r0x00, 3
000016 50??           00644         MOVF    r0x00, W
000018 6EE5           00645         MOVWF   POSTDEC1
00001A EC?? F0??      00646         CALL    _lcd_command
00001E 52E6           00647         MOVF    POSTINC1, F
                      00648 ;       .line   347; ../../../lib/lcd44780.c    }
000020 CFE4 F000      00649         MOVFF   PREINC1, r0x00
000024 CFE4 FFD9      00650         MOVFF   PREINC1, FSR2L
000028 0012           00651         RETURN  
                      00652 
                      00653 ; ; Starting pCode block
                      00654 S_lcd44780__lcd_display code
000000                00655 _lcd_display:
                      00656 ;       .line   334; ../../../lib/lcd44780.c    lcd_display() {
000000 CFD9 FFE5      00657         MOVFF   FSR2L, POSTDEC1
000004 CFE1 FFD9      00658         MOVFF   FSR1L, FSR2L
000008 C??? F???      00659         MOVFF   r0x00, POSTDEC1
00000C 010?           00660         BANKSEL _LCD_ctrl
                      00661 ;       .line   335; ../../../lib/lcd44780.c    LCD_ctrl |= LCD_DISPLAYON;
00000E 85??           00662         BSF     _LCD_ctrl, 2, B
                      00663 ;       .line   336; ../../../lib/lcd44780.c    lcd_command(LCD_DISPLAYCONTROL | LCD_ctrl);
000010 C??? F???      00664         MOVFF   _LCD_ctrl, r0x00
000014 86??           00665         BSF     r0x00, 3
000016 50??           00666         MOVF    r0x00, W
000018 6EE5           00667         MOVWF   POSTDEC1
00001A EC?? F0??      00668         CALL    _lcd_command
00001E 52E6           00669         MOVF    POSTINC1, F
                      00670 ;       .line   337; ../../../lib/lcd44780.c    }
000020 CFE4 F000      00671         MOVFF   PREINC1, r0x00
000024 CFE4 FFD9      00672         MOVFF   PREINC1, FSR2L
000028 0012           00673         RETURN  
                      00674 
                      00675 ; ; Starting pCode block
                      00676 S_lcd44780__lcd_clear   code
000000                00677 _lcd_clear:
                      00678 ;       .line   314; ../../../lib/lcd44780.c    lcd_clear() {
000000 CFD9 FFE5      00679         MOVFF   FSR2L, POSTDEC1
000004 CFE1 FFD9      00680         MOVFF   FSR1L, FSR2L
                      00681 ;       .line   315; ../../../lib/lcd44780.c    lcd_command(LCD_CLEARDISPLAY); // clear display, set cur
                            sor position to zero
000008 0E01           00682         MOVLW   0x01
00000A 6EE5           00683         MOVWF   POSTDEC1
00000C EC?? F0??      00684         CALL    _lcd_command
000010 52E6           00685         MOVF    POSTINC1, F
gpasm-1.5.2 #0 (Sep 16 2019) build/default/pr   9-16-2019  10:31:54         PAGE 14


LOC    OBJECT CODE    LINE  SOURCE TEXT
  VALUE

                      00686 ;       .line   316; ../../../lib/lcd44780.c    delay_ms(2);                   // Wait for more than 4.1
                             ms
000012 0E00           00687         MOVLW   0x00
000014 6EE5           00688         MOVWF   POSTDEC1
000016 0E02           00689         MOVLW   0x02
000018 6EE5           00690         MOVWF   POSTDEC1
00001A EC?? F0??      00691         CALL    _delay_ms
00001E 52E6           00692         MOVF    POSTINC1, F
000020 52E6           00693         MOVF    POSTINC1, F
                      00694 ;       .line   318; ../../../lib/lcd44780.c    }
000022 CFE4 FFD9      00695         MOVFF   PREINC1, FSR2L
000026 0012           00696         RETURN  
                      00697 
                      00698 ; ; Starting pCode block
                      00699 S_lcd44780__lcd_home    code
000000                00700 _lcd_home:
                      00701 ;       .line   303; ../../../lib/lcd44780.c    lcd_home() {
000000 CFD9 FFE5      00702         MOVFF   FSR2L, POSTDEC1
000004 CFE1 FFD9      00703         MOVFF   FSR1L, FSR2L
                      00704 ;       .line   304; ../../../lib/lcd44780.c    lcd_command(LCD_RETURNHOME);
000008 0E02           00705         MOVLW   0x02
00000A 6EE5           00706         MOVWF   POSTDEC1
00000C EC?? F0??      00707         CALL    _lcd_command
000010 52E6           00708         MOVF    POSTINC1, F
                      00709 ;       .line   305; ../../../lib/lcd44780.c    delay_ms(2); // Wait for more than 4.1 ms
000012 0E00           00710         MOVLW   0x00
000014 6EE5           00711         MOVWF   POSTDEC1
000016 0E02           00712         MOVLW   0x02
000018 6EE5           00713         MOVWF   POSTDEC1
00001A EC?? F0??      00714         CALL    _delay_ms
00001E 52E6           00715         MOVF    POSTINC1, F
000020 52E6           00716         MOVF    POSTINC1, F
                      00717 ;       .line   307; ../../../lib/lcd44780.c    }
000022 CFE4 FFD9      00718         MOVFF   PREINC1, FSR2L
000026 0012           00719         RETURN  
                      00720 
                      00721 ; ; Starting pCode block
                      00722 S_lcd44780__lcd_print_number    code
000000                00723 _lcd_print_number:
                      00724 ;       .line   219; ../../../lib/lcd44780.c    lcd_print_number(uint16_t n, uint8_t base, int8_t pad /*
                            , int8_t pointpos*/) {
000000 CFD9 FFE5      00725         MOVFF   FSR2L, POSTDEC1
000004 CFE1 FFD9      00726         MOVFF   FSR1L, FSR2L
000008 C??? F???      00727         MOVFF   r0x00, POSTDEC1
00000C C??? F???      00728         MOVFF   r0x01, POSTDEC1
000010 C??? F???      00729         MOVFF   r0x02, POSTDEC1
000014 C??? F???      00730         MOVFF   r0x03, POSTDEC1
000018 C??? F???      00731         MOVFF   r0x04, POSTDEC1
00001C C??? F???      00732         MOVFF   r0x05, POSTDEC1
000020 C??? F???      00733         MOVFF   r0x06, POSTDEC1
000024 C??? F???      00734         MOVFF   r0x07, POSTDEC1
000028 C??? F???      00735         MOVFF   r0x08, POSTDEC1
00002C C??? F???      00736         MOVFF   r0x09, POSTDEC1
gpasm-1.5.2 #0 (Sep 16 2019) build/default/pr   9-16-2019  10:31:54         PAGE 15


LOC    OBJECT CODE    LINE  SOURCE TEXT
  VALUE

000030 C??? F???      00737         MOVFF   r0x0a, POSTDEC1
000034 C??? F???      00738         MOVFF   r0x0b, POSTDEC1
000038 0E02           00739         MOVLW   0x02
00003A CFDB F000      00740         MOVFF   PLUSW2, r0x00
00003E 0E03           00741         MOVLW   0x03
000040 CFDB F000      00742         MOVFF   PLUSW2, r0x01
000044 0E04           00743         MOVLW   0x04
000046 CFDB F000      00744         MOVFF   PLUSW2, r0x02
00004A 0E05           00745         MOVLW   0x05
00004C CFDB F000      00746         MOVFF   PLUSW2, r0x03
                      00747 ;       .line   223; ../../../lib/lcd44780.c    char padchar = ' ';
000050 0E20           00748         MOVLW   0x20
000052 6E??           00749         MOVWF   r0x04
                      00750 ;       .line   225; ../../../lib/lcd44780.c    if(pad < 0) {
000054 80D8           00751         BSF     STATUS, 0
000056 AE??           00752         BTFSS   r0x03, 7
000058 90D8           00753         BCF     STATUS, 0
00005A E3??           00754         BNC     _00169_DS_
                      00755 ;       .line   226; ../../../lib/lcd44780.c    pad = -pad;
00005C 6C??           00756         NEGF    r0x03
                      00757 ;       .line   227; ../../../lib/lcd44780.c    padchar = '0';
00005E 0E30           00758         MOVLW   0x30
000060 6E??           00759         MOVWF   r0x04
000062                00760 _00169_DS_:
                      00761 ;       .line   235; ../../../lib/lcd44780.c    do {
000062 6A??           00762         CLRF    r0x05
000064                00763 _00153_DS_:
                      00764 ;       .line   239; ../../../lib/lcd44780.c    di = n % base;
000064 C??? F???      00765         MOVFF   r0x02, r0x06
000068 6A??           00766         CLRF    r0x07
00006A 50??           00767         MOVF    r0x07, W
00006C 6EE5           00768         MOVWF   POSTDEC1
00006E 50??           00769         MOVF    r0x06, W
000070 6EE5           00770         MOVWF   POSTDEC1
000072 50??           00771         MOVF    r0x01, W
000074 6EE5           00772         MOVWF   POSTDEC1
000076 50??           00773         MOVF    r0x00, W
000078 6EE5           00774         MOVWF   POSTDEC1
00007A EC?? F0??      00775         CALL    __moduint
00007E 6E??           00776         MOVWF   r0x08
000080 CFF3 F000      00777         MOVFF   PRODL, r0x09
000084 0E04           00778         MOVLW   0x04
000086 26E1           00779         ADDWF   FSR1L, F
                      00780 ;       .line   240; ../../../lib/lcd44780.c    buf[i++] = (di < 10 ? (uint8_t)'0' + di : (uint8_t)'A' +
                             di - 10);
000088 C??? F???      00781         MOVFF   r0x05, r0x09
00008C 2A??           00782         INCF    r0x05, F
00008E 6A??           00783         CLRF    r0x0a
000090 BE??           00784         BTFSC   r0x09, 7
000092 68??           00785         SETF    r0x0a
000094 0E??           00786         MOVLW   LOW(_lcd_print_number_buf_65536_75)
000096 26??           00787         ADDWF   r0x09, F
000098 0E??           00788         MOVLW   HIGH(_lcd_print_number_buf_65536_75)
gpasm-1.5.2 #0 (Sep 16 2019) build/default/pr   9-16-2019  10:31:54         PAGE 16


LOC    OBJECT CODE    LINE  SOURCE TEXT
  VALUE

00009A 22??           00789         ADDWFC  r0x0a, F
00009C 0E0A           00790         MOVLW   0x0a
00009E 5C??           00791         SUBWF   r0x08, W
0000A0 E2??           00792         BC      _00165_DS_
0000A2 0E30           00793         MOVLW   0x30
0000A4 24??           00794         ADDWF   r0x08, W
0000A6 6E??           00795         MOVWF   r0x0b
0000A8 D???           00796         BRA     _00166_DS_
0000AA                00797 _00165_DS_:
0000AA 0E37           00798         MOVLW   0x37
0000AC 24??           00799         ADDWF   r0x08, W
0000AE 6E??           00800         MOVWF   r0x0b
0000B0                00801 _00166_DS_:
0000B0 C??? F???      00802         MOVFF   r0x09, FSR0L
0000B4 C??? F???      00803         MOVFF   r0x0a, FSR0H
0000B8 C??? F???      00804         MOVFF   r0x0b, INDF0
                      00805 ;       .line   242; ../../../lib/lcd44780.c    n /= base;
0000BC 50??           00806         MOVF    r0x07, W
0000BE 6EE5           00807         MOVWF   POSTDEC1
0000C0 50??           00808         MOVF    r0x06, W
0000C2 6EE5           00809         MOVWF   POSTDEC1
0000C4 50??           00810         MOVF    r0x01, W
0000C6 6EE5           00811         MOVWF   POSTDEC1
0000C8 50??           00812         MOVF    r0x00, W
0000CA 6EE5           00813         MOVWF   POSTDEC1
0000CC EC?? F0??      00814         CALL    __divuint
0000D0 6E??           00815         MOVWF   r0x00
0000D2 CFF3 F000      00816         MOVFF   PRODL, r0x01
0000D6 0E04           00817         MOVLW   0x04
0000D8 26E1           00818         ADDWF   FSR1L, F
                      00819 ;       .line   243; ../../../lib/lcd44780.c    } while(n > 0);
0000DA 50??           00820         MOVF    r0x00, W
0000DC 10??           00821         IORWF   r0x01, W
0000DE A4D8           00822         BTFSS   STATUS, 2
0000E0 D???           00823         BRA     _00153_DS_
                      00824 ;       .line   245; ../../../lib/lcd44780.c    while(pad-- >= i) lcd_putch(padchar);
0000E2 C??? F???      00825         MOVFF   r0x05, r0x00
0000E6 C??? F???      00826         MOVFF   r0x03, r0x01
0000EA                00827 _00156_DS_:
0000EA 50??           00828         MOVF    r0x01, W
0000EC 0F80           00829         ADDLW   0x80
0000EE 6EF3           00830         MOVWF   PRODL
0000F0 50??           00831         MOVF    r0x00, W
0000F2 0F80           00832         ADDLW   0x80
0000F4 5CF3           00833         SUBWF   PRODL, W
0000F6 E3??           00834         BNC     _00161_DS_
0000F8 06??           00835         DECF    r0x01, F
0000FA 50??           00836         MOVF    r0x04, W
0000FC 6EE5           00837         MOVWF   POSTDEC1
0000FE EC?? F0??      00838         CALL    _lcd_putch
000102 52E6           00839         MOVF    POSTINC1, F
000104 D???           00840         BRA     _00156_DS_
000106                00841 _00161_DS_:
gpasm-1.5.2 #0 (Sep 16 2019) build/default/pr   9-16-2019  10:31:54         PAGE 17


LOC    OBJECT CODE    LINE  SOURCE TEXT
  VALUE

                      00842 ;       .line   247; ../../../lib/lcd44780.c    for(; i > 0; i--) lcd_putch((char)buf[(int16_t)i - 1]);
000106 50??           00843         MOVF    r0x00, W
000108 0F80           00844         ADDLW   0x80
00010A 0F7F           00845         ADDLW   0x7f
00010C E3??           00846         BNC     _00163_DS_
00010E 04??           00847         DECF    r0x00, W
000110 6E??           00848         MOVWF   r0x01
000112 C??? F???      00849         MOVFF   r0x01, r0x02
000116 6A??           00850         CLRF    r0x03
000118 BE??           00851         BTFSC   r0x01, 7
00011A 68??           00852         SETF    r0x03
00011C 0E??           00853         MOVLW   LOW(_lcd_print_number_buf_65536_75)
00011E 26??           00854         ADDWF   r0x02, F
000120 0E??           00855         MOVLW   HIGH(_lcd_print_number_buf_65536_75)
000122 22??           00856         ADDWFC  r0x03, F
000124 C??? F???      00857         MOVFF   r0x02, FSR0L
000128 C??? F???      00858         MOVFF   r0x03, FSR0H
00012C CFEF F000      00859         MOVFF   INDF0, r0x02
000130 50??           00860         MOVF    r0x02, W
000132 6EE5           00861         MOVWF   POSTDEC1
000134 EC?? F0??      00862         CALL    _lcd_putch
000138 52E6           00863         MOVF    POSTINC1, F
00013A C??? F???      00864         MOVFF   r0x01, r0x00
00013E D???           00865         BRA     _00161_DS_
000140                00866 _00163_DS_:
                      00867 ;       .line   249; ../../../lib/lcd44780.c    }
000140 CFE4 F000      00868         MOVFF   PREINC1, r0x0b
000144 CFE4 F000      00869         MOVFF   PREINC1, r0x0a
000148 CFE4 F000      00870         MOVFF   PREINC1, r0x09
00014C CFE4 F000      00871         MOVFF   PREINC1, r0x08
000150 CFE4 F000      00872         MOVFF   PREINC1, r0x07
000154 CFE4 F000      00873         MOVFF   PREINC1, r0x06
000158 CFE4 F000      00874         MOVFF   PREINC1, r0x05
00015C CFE4 F000      00875         MOVFF   PREINC1, r0x04
000160 CFE4 F000      00876         MOVFF   PREINC1, r0x03
000164 CFE4 F000      00877         MOVFF   PREINC1, r0x02
000168 CFE4 F000      00878         MOVFF   PREINC1, r0x01
00016C CFE4 F000      00879         MOVFF   PREINC1, r0x00
000170 CFE4 FFD9      00880         MOVFF   PREINC1, FSR2L
000174 0012           00881         RETURN  
                      00882 
                      00883 ; ; Starting pCode block
                      00884 S_lcd44780__lcd_puts    code
000000                00885 _lcd_puts:
                      00886 ;       .line   190; ../../../lib/lcd44780.c    lcd_puts(const char* string) {
000000 CFD9 FFE5      00887         MOVFF   FSR2L, POSTDEC1
000004 CFE1 FFD9      00888         MOVFF   FSR1L, FSR2L
000008 C??? F???      00889         MOVFF   r0x00, POSTDEC1
00000C C??? F???      00890         MOVFF   r0x01, POSTDEC1
000010 C??? F???      00891         MOVFF   r0x02, POSTDEC1
000014 C??? F???      00892         MOVFF   r0x03, POSTDEC1
000018 C??? F???      00893         MOVFF   r0x04, POSTDEC1
00001C C??? F???      00894         MOVFF   r0x05, POSTDEC1
gpasm-1.5.2 #0 (Sep 16 2019) build/default/pr   9-16-2019  10:31:54         PAGE 18


LOC    OBJECT CODE    LINE  SOURCE TEXT
  VALUE

000020 C??? F???      00895         MOVFF   r0x06, POSTDEC1
000024 0E02           00896         MOVLW   0x02
000026 CFDB F000      00897         MOVFF   PLUSW2, r0x00
00002A 0E03           00898         MOVLW   0x03
00002C CFDB F000      00899         MOVFF   PLUSW2, r0x01
000030 0E04           00900         MOVLW   0x04
000032 CFDB F000      00901         MOVFF   PLUSW2, r0x02
                      00902 ;       .line   192; ../../../lib/lcd44780.c    for(i = 0; string[i]; i++) lcd_putch(string[i]);
000036 6A??           00903         CLRF    r0x03
000038                00904 _00144_DS_:
000038 50??           00905         MOVF    r0x03, W
00003A 24??           00906         ADDWF   r0x00, W
00003C 6E??           00907         MOVWF   r0x04
00003E 6AE8           00908         CLRF    WREG
000040 20??           00909         ADDWFC  r0x01, W
000042 6E??           00910         MOVWF   r0x05
000044 6AE8           00911         CLRF    WREG
000046 20??           00912         ADDWFC  r0x02, W
000048 6E??           00913         MOVWF   r0x06
00004A C??? F???      00914         MOVFF   r0x04, FSR0L
00004E C??? F???      00915         MOVFF   r0x05, PRODL
000052 50??           00916         MOVF    r0x06, W
000054 EC?? F0??      00917         CALL    __gptrget1
000058 6E??           00918         MOVWF   r0x04
00005A 50??           00919         MOVF    r0x04, W
00005C E0??           00920         BZ      _00146_DS_
00005E 50??           00921         MOVF    r0x04, W
000060 6EE5           00922         MOVWF   POSTDEC1
000062 EC?? F0??      00923         CALL    _lcd_putch
000066 52E6           00924         MOVF    POSTINC1, F
000068 2A??           00925         INCF    r0x03, F
00006A D???           00926         BRA     _00144_DS_
00006C                00927 _00146_DS_:
                      00928 ;       .line   193; ../../../lib/lcd44780.c    }
00006C CFE4 F000      00929         MOVFF   PREINC1, r0x06
000070 CFE4 F000      00930         MOVFF   PREINC1, r0x05
000074 CFE4 F000      00931         MOVFF   PREINC1, r0x04
000078 CFE4 F000      00932         MOVFF   PREINC1, r0x03
00007C CFE4 F000      00933         MOVFF   PREINC1, r0x02
000080 CFE4 F000      00934         MOVFF   PREINC1, r0x01
000084 CFE4 F000      00935         MOVFF   PREINC1, r0x00
000088 CFE4 FFD9      00936         MOVFF   PREINC1, FSR2L
00008C 0012           00937         RETURN  
                      00938 
                      00939 ; ; Starting pCode block
                      00940 S_lcd44780__lcd_gotoxy  code
000000                00941 _lcd_gotoxy:
                      00942 ;       .line   162; ../../../lib/lcd44780.c    lcd_gotoxy(uint8_t col, uint8_t row) {
000000 CFD9 FFE5      00943         MOVFF   FSR2L, POSTDEC1
000004 CFE1 FFD9      00944         MOVFF   FSR1L, FSR2L
000008 C??? F???      00945         MOVFF   r0x00, POSTDEC1
00000C C??? F???      00946         MOVFF   r0x01, POSTDEC1
000010 C??? F???      00947         MOVFF   r0x02, POSTDEC1
gpasm-1.5.2 #0 (Sep 16 2019) build/default/pr   9-16-2019  10:31:54         PAGE 19


LOC    OBJECT CODE    LINE  SOURCE TEXT
  VALUE

000014 0E02           00948         MOVLW   0x02
000016 CFDB F000      00949         MOVFF   PLUSW2, r0x00
00001A 0E03           00950         MOVLW   0x03
00001C CFDB F000      00951         MOVFF   PLUSW2, r0x01
000020 010?           00952         BANKSEL _lcd_gotoxy_row_offsets_65536_69
                      00953 ;       .line   164; ../../../lib/lcd44780.c    uint8_t row_offsets[] = {0x00, 0x40, 0x14, 0x54};
000022 6B??           00954         CLRF    _lcd_gotoxy_row_offsets_65536_69, B
000024 0E40           00955         MOVLW   0x40
000026 010?           00956         BANKSEL (_lcd_gotoxy_row_offsets_65536_69 + 1)
000028 6F??           00957         MOVWF   (_lcd_gotoxy_row_offsets_65536_69 + 1), B
00002A 0E14           00958         MOVLW   0x14
00002C 010?           00959         BANKSEL (_lcd_gotoxy_row_offsets_65536_69 + 2)
00002E 6F??           00960         MOVWF   (_lcd_gotoxy_row_offsets_65536_69 + 2), B
000030 0E54           00961         MOVLW   0x54
000032 010?           00962         BANKSEL (_lcd_gotoxy_row_offsets_65536_69 + 3)
000034 6F??           00963         MOVWF   (_lcd_gotoxy_row_offsets_65536_69 + 3), B
000036 010?           00964         BANKSEL _LCD_lines
                      00965 ;       .line   173; ../../../lib/lcd44780.c    if(LCD_lines == 1) {
000038 51??           00966         MOVF    _LCD_lines, W, B
00003A 0A01           00967         XORLW   0x01
00003C E1??           00968         BNZ     _00129_DS_
                      00969 ;       .line   174; ../../../lib/lcd44780.c    row_offsets[1] = 0x14;
00003E 0E14           00970         MOVLW   0x14
000040 010?           00971         BANKSEL (_lcd_gotoxy_row_offsets_65536_69 + 1)
000042 6F??           00972         MOVWF   (_lcd_gotoxy_row_offsets_65536_69 + 1), B
                      00973 ;       .line   175; ../../../lib/lcd44780.c    row_offsets[2] = 0x28;
000044 0E28           00974         MOVLW   0x28
000046 010?           00975         BANKSEL (_lcd_gotoxy_row_offsets_65536_69 + 2)
000048 6F??           00976         MOVWF   (_lcd_gotoxy_row_offsets_65536_69 + 2), B
                      00977 ;       .line   176; ../../../lib/lcd44780.c    row_offsets[3] = 0x3C;
00004A 0E3C           00978         MOVLW   0x3c
00004C 010?           00979         BANKSEL (_lcd_gotoxy_row_offsets_65536_69 + 3)
00004E 6F??           00980         MOVWF   (_lcd_gotoxy_row_offsets_65536_69 + 3), B
000050                00981 _00129_DS_:
                      00982 ;       .line   183; ../../../lib/lcd44780.c    lcd_command(LCD_SETDDRAMADDR | (col + row_offsets[row]))
                            ;
000050 6A??           00983         CLRF    r0x02
000052 0E??           00984         MOVLW   LOW(_lcd_gotoxy_row_offsets_65536_69)
000054 26??           00985         ADDWF   r0x01, F
000056 0E??           00986         MOVLW   HIGH(_lcd_gotoxy_row_offsets_65536_69)
000058 22??           00987         ADDWFC  r0x02, F
00005A C??? F???      00988         MOVFF   r0x01, FSR0L
00005E C??? F???      00989         MOVFF   r0x02, FSR0H
000062 CFEF F000      00990         MOVFF   INDF0, r0x01
000066 50??           00991         MOVF    r0x01, W
000068 26??           00992         ADDWF   r0x00, F
00006A 8E??           00993         BSF     r0x00, 7
00006C 50??           00994         MOVF    r0x00, W
00006E 6EE5           00995         MOVWF   POSTDEC1
000070 EC?? F0??      00996         CALL    _lcd_command
000074 52E6           00997         MOVF    POSTINC1, F
                      00998 ;       .line   184; ../../../lib/lcd44780.c    }
000076 CFE4 F000      00999         MOVFF   PREINC1, r0x02
gpasm-1.5.2 #0 (Sep 16 2019) build/default/pr   9-16-2019  10:31:54         PAGE 20


LOC    OBJECT CODE    LINE  SOURCE TEXT
  VALUE

00007A CFE4 F000      01000         MOVFF   PREINC1, r0x01
00007E CFE4 F000      01001         MOVFF   PREINC1, r0x00
000082 CFE4 FFD9      01002         MOVFF   PREINC1, FSR2L
000086 0012           01003         RETURN  
                      01004 
                      01005 ; ; Starting pCode block
                      01006 S_lcd44780__lcd_command code
000000                01007 _lcd_command:
                      01008 ;       .line   154; ../../../lib/lcd44780.c    lcd_command(uint8_t value) {
000000 CFD9 FFE5      01009         MOVFF   FSR2L, POSTDEC1
000004 CFE1 FFD9      01010         MOVFF   FSR1L, FSR2L
000008 C??? F???      01011         MOVFF   r0x00, POSTDEC1
00000C 0E02           01012         MOVLW   0x02
00000E CFDB F000      01013         MOVFF   PLUSW2, r0x00
                      01014 ;       .line   155; ../../../lib/lcd44780.c    lcd_send(value, LOW);
000012 0E00           01015         MOVLW   0x00
000014 6EE5           01016         MOVWF   POSTDEC1
000016 50??           01017         MOVF    r0x00, W
000018 6EE5           01018         MOVWF   POSTDEC1
00001A EC?? F0??      01019         CALL    _lcd_send
00001E 52E6           01020         MOVF    POSTINC1, F
000020 52E6           01021         MOVF    POSTINC1, F
                      01022 ;       .line   156; ../../../lib/lcd44780.c    }
000022 CFE4 F000      01023         MOVFF   PREINC1, r0x00
000026 CFE4 FFD9      01024         MOVFF   PREINC1, FSR2L
00002A 0012           01025         RETURN  
                      01026 
                      01027 ; ; Starting pCode block
                      01028 S_lcd44780__lcd_putch   code
000000                01029 _lcd_putch:
                      01030 ;       .line   147; ../../../lib/lcd44780.c    lcd_putch(char value) {
000000 CFD9 FFE5      01031         MOVFF   FSR2L, POSTDEC1
000004 CFE1 FFD9      01032         MOVFF   FSR1L, FSR2L
000008 C??? F???      01033         MOVFF   r0x00, POSTDEC1
00000C 0E02           01034         MOVLW   0x02
00000E CFDB F000      01035         MOVFF   PLUSW2, r0x00
                      01036 ;       .line   148; ../../../lib/lcd44780.c    lcd_send((unsigned)value, HIGH);
000012 0E01           01037         MOVLW   0x01
000014 6EE5           01038         MOVWF   POSTDEC1
000016 50??           01039         MOVF    r0x00, W
000018 6EE5           01040         MOVWF   POSTDEC1
00001A EC?? F0??      01041         CALL    _lcd_send
00001E 52E6           01042         MOVF    POSTINC1, F
000020 52E6           01043         MOVF    POSTINC1, F
                      01044 ;       .line   149; ../../../lib/lcd44780.c    }
000022 CFE4 F000      01045         MOVFF   PREINC1, r0x00
000026 CFE4 FFD9      01046         MOVFF   PREINC1, FSR2L
00002A 0012           01047         RETURN  
                      01048 
                      01049 ; ; Starting pCode block
                      01050 S_lcd44780__lcd_send    code
000000                01051 _lcd_send:
                      01052 ;       .line   126; ../../../lib/lcd44780.c    lcd_send(uint8_t value, uint8_t mode) {
gpasm-1.5.2 #0 (Sep 16 2019) build/default/pr   9-16-2019  10:31:54         PAGE 21


LOC    OBJECT CODE    LINE  SOURCE TEXT
  VALUE

000000 CFD9 FFE5      01053         MOVFF   FSR2L, POSTDEC1
000004 CFE1 FFD9      01054         MOVFF   FSR1L, FSR2L
000008 C??? F???      01055         MOVFF   r0x00, POSTDEC1
00000C C??? F???      01056         MOVFF   r0x01, POSTDEC1
000010 0E02           01057         MOVLW   0x02
000012 CFDB F000      01058         MOVFF   PLUSW2, r0x00
000016 0E03           01059         MOVLW   0x03
000018 CFDB F000      01060         MOVFF   PLUSW2, r0x01
                      01061 ;       .line   127; ../../../lib/lcd44780.c    if(mode) {
00001C 50??           01062         MOVF    r0x01, W
00001E E0??           01063         BZ      _00111_DS_
                      01064 ;       .line   128; ../../../lib/lcd44780.c    RS_HIGH();
000020 84??           01065         BSF     _LATB, 2
000022 D???           01066         BRA     _00112_DS_
000024                01067 _00111_DS_:
                      01068 ;       .line   130; ../../../lib/lcd44780.c    RS_LOW();
000024 94??           01069         BCF     _LATB, 2
000026                01070 _00112_DS_:
                      01071 ;       .line   139; ../../../lib/lcd44780.c    lcd_write4bits(value >> 4); // Upper 4 bits first
000026 38??           01072         SWAPF   r0x00, W
000028 0B0F           01073         ANDLW   0x0f
00002A 6E??           01074         MOVWF   r0x01
00002C 50??           01075         MOVF    r0x01, W
00002E 6EE5           01076         MOVWF   POSTDEC1
000030 EC?? F0??      01077         CALL    _lcd_write4bits
000034 52E6           01078         MOVF    POSTINC1, F
                      01079 ;       .line   140; ../../../lib/lcd44780.c    lcd_write4bits(value);      // Lower 4 bits second
000036 50??           01080         MOVF    r0x00, W
000038 6EE5           01081         MOVWF   POSTDEC1
00003A EC?? F0??      01082         CALL    _lcd_write4bits
00003E 52E6           01083         MOVF    POSTINC1, F
                      01084 ;       .line   142; ../../../lib/lcd44780.c    }
000040 CFE4 F000      01085         MOVFF   PREINC1, r0x01
000044 CFE4 F000      01086         MOVFF   PREINC1, r0x00
000048 CFE4 FFD9      01087         MOVFF   PREINC1, FSR2L
00004C 0012           01088         RETURN  
                      01089 
                      01090 ; ; Starting pCode block
                      01091 S_lcd44780__lcd_write4bits      code
000000                01092 _lcd_write4bits:
                      01093 ;       .line   57; ../../../lib/lcd44780.c     lcd_write4bits(uint8_t value) {
000000 CFD9 FFE5      01094         MOVFF   FSR2L, POSTDEC1
000004 CFE1 FFD9      01095         MOVFF   FSR1L, FSR2L
000008 C??? F???      01096         MOVFF   r0x00, POSTDEC1
00000C C??? F???      01097         MOVFF   r0x01, POSTDEC1
000010 0E02           01098         MOVLW   0x02
000012 CFDB F000      01099         MOVFF   PLUSW2, r0x00
                      01100 ;       .line   62; ../../../lib/lcd44780.c     OUTB &= 0b00001111;
000016 0E0F           01101         MOVLW   0x0f
000018 16??           01102         ANDWF   _LATB, F
                      01103 ;       .line   63; ../../../lib/lcd44780.c     OUTB |= value << 4;
00001A 38??           01104         SWAPF   r0x00, W
00001C 0BF0           01105         ANDLW   0xf0
gpasm-1.5.2 #0 (Sep 16 2019) build/default/pr   9-16-2019  10:31:54         PAGE 22


LOC    OBJECT CODE    LINE  SOURCE TEXT
  VALUE

00001E 6E??           01106         MOVWF   r0x01
000020 50??           01107         MOVF    r0x01, W
000022 6E??           01108         MOVWF   r0x00
000024 50??           01109         MOVF    r0x00, W
000026 12??           01110         IORWF   _LATB, F
                      01111 ;       .line   78; ../../../lib/lcd44780.c     lcd_pulse_enable();
000028 86??           01112         BSF     _LATB, 3
00002A 0E04           01113         MOVLW   0x04
00002C 6EE5           01114         MOVWF   POSTDEC1
00002E EC?? F0??      01115         CALL    _delay_us
000032 52E6           01116         MOVF    POSTINC1, F
000034 96??           01117         BCF     _LATB, 3
000036 0E64           01118         MOVLW   0x64
000038 6EE5           01119         MOVWF   POSTDEC1
00003A EC?? F0??      01120         CALL    _delay_us
00003E 52E6           01121         MOVF    POSTINC1, F
                      01122 ;       .line   83; ../../../lib/lcd44780.c     }
000040 CFE4 F000      01123         MOVFF   PREINC1, r0x01
000044 CFE4 F000      01124         MOVFF   PREINC1, r0x00
000048 CFE4 FFD9      01125         MOVFF   PREINC1, FSR2L
00004C 0012           01126         RETURN  
                      01127 
                      01128 
                      01129 
                      01130 ; Statistics:
                      01131 ; code size:     1640 (0x0668) bytes ( 1.25%)
                      01132 ;                 820 (0x0334) words
                      01133 ; udata size:      40 (0x0028) bytes ( 2.23%)
                      01134 ; access size:     12 (0x000c) bytes
                      01135 
                      01136 
                      01137         end
gpasm-1.5.2 #0 (Sep 16 2019) build/default/pr   9-16-2019  10:31:54         PAGE 23


SYMBOL TABLE
  LABEL                              TYPE        VALUE         VALUE          VALUE
                                                 (hex)         (dec)          (text)

FSR0H                             CONSTANT      00000FEA           4074
FSR0L                             CONSTANT      00000FE9           4073
FSR1L                             CONSTANT      00000FE1           4065
FSR2L                             CONSTANT      00000FD9           4057
INDF0                             CONSTANT      00000FEF           4079
PLUSW2                            CONSTANT      00000FDB           4059
POSTDEC1                          CONSTANT      00000FE5           4069
POSTINC1                          CONSTANT      00000FE6           4070
PREINC1                           CONSTANT      00000FE4           4068
PRODL                             CONSTANT      00000FF3           4083
STATUS                            CONSTANT      00000FD8           4056
WREG                              CONSTANT      00000FE8           4072
_00111_DS_                        ADDRESS       00000024             36
_00112_DS_                        ADDRESS       00000026             38
_00129_DS_                        ADDRESS       00000050             80
_00144_DS_                        ADDRESS       00000038             56
_00146_DS_                        ADDRESS       0000006C            108
_00153_DS_                        ADDRESS       00000064            100
_00156_DS_                        ADDRESS       000000EA            234
_00161_DS_                        ADDRESS       00000106            262
_00163_DS_                        ADDRESS       00000140            320
_00165_DS_                        ADDRESS       000000AA            170
_00166_DS_                        ADDRESS       000000B0            176
_00169_DS_                        ADDRESS       00000062             98
_00249_DS_                        ADDRESS       00000026             38
_00251_DS_                        ADDRESS       00000038             56
_00254_DS_                        ADDRESS       000000A2            162
_00255_DS_                        ADDRESS       000000F2            242
_00277_DS_                        ADDRESS       00000034             52
_00288_DS_                        ADDRESS       00000024             36
_00289_DS_                        ADDRESS       0000002A             42
_ADCON0                           EXTERNAL      00000000              0
_ADCON0bits                       EXTERNAL      00000000              0
_ADCON1                           EXTERNAL      00000000              0
_ADCON1bits                       EXTERNAL      00000000              0
_ADCON2                           EXTERNAL      00000000              0
_ADCON2bits                       EXTERNAL      00000000              0
_ADRES                            EXTERNAL      00000000              0
_ADRESH                           EXTERNAL      00000000              0
_ADRESL                           EXTERNAL      00000000              0
_BAUDCON                          EXTERNAL      00000000              0
_BAUDCONbits                      EXTERNAL      00000000              0
_BAUDCTL                          EXTERNAL      00000000              0
_BAUDCTLbits                      EXTERNAL      00000000              0
_BSR                              EXTERNAL      00000000              0
_CCP1AS                           EXTERNAL      00000000              0
_CCP1ASbits                       EXTERNAL      00000000              0
_CCP1CON                          EXTERNAL      00000000              0
_CCP1CONbits                      EXTERNAL      00000000              0
_CCP1DEL                          EXTERNAL      00000000              0
_CCP1DELbits                      EXTERNAL      00000000              0
_CCP2CON                          EXTERNAL      00000000              0
gpasm-1.5.2 #0 (Sep 16 2019) build/default/pr   9-16-2019  10:31:54         PAGE 24


SYMBOL TABLE
  LABEL                              TYPE        VALUE         VALUE          VALUE
                                                 (hex)         (dec)          (text)

_CCP2CONbits                      EXTERNAL      00000000              0
_CCPR1                            EXTERNAL      00000000              0
_CCPR1H                           EXTERNAL      00000000              0
_CCPR1L                           EXTERNAL      00000000              0
_CCPR2                            EXTERNAL      00000000              0
_CCPR2H                           EXTERNAL      00000000              0
_CCPR2L                           EXTERNAL      00000000              0
_CMCON                            EXTERNAL      00000000              0
_CMCONbits                        EXTERNAL      00000000              0
_CVRCON                           EXTERNAL      00000000              0
_CVRCONbits                       EXTERNAL      00000000              0
_DDRA                             EXTERNAL      00000000              0
_DDRAbits                         EXTERNAL      00000000              0
_DDRB                             EXTERNAL      00000000              0
_DDRBbits                         EXTERNAL      00000000              0
_DDRC                             EXTERNAL      00000000              0
_DDRCbits                         EXTERNAL      00000000              0
_ECCP1AS                          EXTERNAL      00000000              0
_ECCP1ASbits                      EXTERNAL      00000000              0
_ECCP1DEL                         EXTERNAL      00000000              0
_ECCP1DELbits                     EXTERNAL      00000000              0
_EEADR                            EXTERNAL      00000000              0
_EECON1                           EXTERNAL      00000000              0
_EECON1bits                       EXTERNAL      00000000              0
_EECON2                           EXTERNAL      00000000              0
_EEDATA                           EXTERNAL      00000000              0
_FSR0H                            EXTERNAL      00000000              0
_FSR0L                            EXTERNAL      00000000              0
_FSR1H                            EXTERNAL      00000000              0
_FSR1L                            EXTERNAL      00000000              0
_FSR2H                            EXTERNAL      00000000              0
_FSR2L                            EXTERNAL      00000000              0
_HLVDCON                          EXTERNAL      00000000              0
_HLVDCONbits                      EXTERNAL      00000000              0
_INDF0                            EXTERNAL      00000000              0
_INDF1                            EXTERNAL      00000000              0
_INDF2                            EXTERNAL      00000000              0
_INTCON                           EXTERNAL      00000000              0
_INTCON2                          EXTERNAL      00000000              0
_INTCON2bits                      EXTERNAL      00000000              0
_INTCON3                          EXTERNAL      00000000              0
_INTCON3bits                      EXTERNAL      00000000              0
_INTCONbits                       EXTERNAL      00000000              0
_IPR1                             EXTERNAL      00000000              0
_IPR1bits                         EXTERNAL      00000000              0
_IPR2                             EXTERNAL      00000000              0
_IPR2bits                         EXTERNAL      00000000              0
_LATA                             EXTERNAL      00000000              0
_LATAbits                         EXTERNAL      00000000              0
_LATB                             EXTERNAL      00000000              0
_LATBbits                         EXTERNAL      00000000              0
_LATC                             EXTERNAL      00000000              0
gpasm-1.5.2 #0 (Sep 16 2019) build/default/pr   9-16-2019  10:31:54         PAGE 25


SYMBOL TABLE
  LABEL                              TYPE        VALUE         VALUE          VALUE
                                                 (hex)         (dec)          (text)

_LATCbits                         EXTERNAL      00000000              0
_LCD_ctrl                         STATIC        00000000              0
_LCD_function                     STATIC        00000000              0
_LCD_lines                        STATIC        00000000              0
_LCD_mode                         STATIC        00000000              0
_LVDCON                           EXTERNAL      00000000              0
_LVDCONbits                       EXTERNAL      00000000              0
_OSCCON                           EXTERNAL      00000000              0
_OSCCONbits                       EXTERNAL      00000000              0
_OSCTUNE                          EXTERNAL      00000000              0
_OSCTUNEbits                      EXTERNAL      00000000              0
_PC                               EXTERNAL      00000000              0
_PCL                              EXTERNAL      00000000              0
_PCLATH                           EXTERNAL      00000000              0
_PCLATU                           EXTERNAL      00000000              0
_PIE1                             EXTERNAL      00000000              0
_PIE1bits                         EXTERNAL      00000000              0
_PIE2                             EXTERNAL      00000000              0
_PIE2bits                         EXTERNAL      00000000              0
_PIR1                             EXTERNAL      00000000              0
_PIR1bits                         EXTERNAL      00000000              0
_PIR2                             EXTERNAL      00000000              0
_PIR2bits                         EXTERNAL      00000000              0
_PLUSW0                           EXTERNAL      00000000              0
_PLUSW1                           EXTERNAL      00000000              0
_PLUSW2                           EXTERNAL      00000000              0
_PORTA                            EXTERNAL      00000000              0
_PORTAbits                        EXTERNAL      00000000              0
_PORTB                            EXTERNAL      00000000              0
_PORTBbits                        EXTERNAL      00000000              0
_PORTC                            EXTERNAL      00000000              0
_PORTCbits                        EXTERNAL      00000000              0
_PORTE                            EXTERNAL      00000000              0
_PORTEbits                        EXTERNAL      00000000              0
_POSTDEC0                         EXTERNAL      00000000              0
_POSTDEC1                         EXTERNAL      00000000              0
_POSTDEC2                         EXTERNAL      00000000              0
_POSTINC0                         EXTERNAL      00000000              0
_POSTINC1                         EXTERNAL      00000000              0
_POSTINC2                         EXTERNAL      00000000              0
_PR2                              EXTERNAL      00000000              0
_PREINC0                          EXTERNAL      00000000              0
_PREINC1                          EXTERNAL      00000000              0
_PREINC2                          EXTERNAL      00000000              0
_PROD                             EXTERNAL      00000000              0
_PRODH                            EXTERNAL      00000000              0
_PRODL                            EXTERNAL      00000000              0
_RCON                             EXTERNAL      00000000              0
_RCONbits                         EXTERNAL      00000000              0
_RCREG                            EXTERNAL      00000000              0
_RCSTA                            EXTERNAL      00000000              0
_RCSTAbits                        EXTERNAL      00000000              0
gpasm-1.5.2 #0 (Sep 16 2019) build/default/pr   9-16-2019  10:31:54         PAGE 26


SYMBOL TABLE
  LABEL                              TYPE        VALUE         VALUE          VALUE
                                                 (hex)         (dec)          (text)

_SPBRG                            EXTERNAL      00000000              0
_SPBRGH                           EXTERNAL      00000000              0
_SSPADD                           EXTERNAL      00000000              0
_SSPBUF                           EXTERNAL      00000000              0
_SSPCON1                          EXTERNAL      00000000              0
_SSPCON1bits                      EXTERNAL      00000000              0
_SSPCON2                          EXTERNAL      00000000              0
_SSPCON2bits                      EXTERNAL      00000000              0
_SSPSTAT                          EXTERNAL      00000000              0
_SSPSTATbits                      EXTERNAL      00000000              0
_STATUS                           EXTERNAL      00000000              0
_STATUSbits                       EXTERNAL      00000000              0
_STKPTR                           EXTERNAL      00000000              0
_STKPTRbits                       EXTERNAL      00000000              0
_T0CON                            EXTERNAL      00000000              0
_T0CONbits                        EXTERNAL      00000000              0
_T1CON                            EXTERNAL      00000000              0
_T1CONbits                        EXTERNAL      00000000              0
_T2CON                            EXTERNAL      00000000              0
_T2CONbits                        EXTERNAL      00000000              0
_T3CON                            EXTERNAL      00000000              0
_T3CONbits                        EXTERNAL      00000000              0
_TABLAT                           EXTERNAL      00000000              0
_TBLPTR                           EXTERNAL      00000000              0
_TBLPTRH                          EXTERNAL      00000000              0
_TBLPTRL                          EXTERNAL      00000000              0
_TBLPTRU                          EXTERNAL      00000000              0
_TMR0                             EXTERNAL      00000000              0
_TMR0H                            EXTERNAL      00000000              0
_TMR0L                            EXTERNAL      00000000              0
_TMR1                             EXTERNAL      00000000              0
_TMR1H                            EXTERNAL      00000000              0
_TMR1L                            EXTERNAL      00000000              0
_TMR2                             EXTERNAL      00000000              0
_TMR3                             EXTERNAL      00000000              0
_TMR3H                            EXTERNAL      00000000              0
_TMR3L                            EXTERNAL      00000000              0
_TOS                              EXTERNAL      00000000              0
_TOSH                             EXTERNAL      00000000              0
_TOSL                             EXTERNAL      00000000              0
_TOSU                             EXTERNAL      00000000              0
_TRISA                            EXTERNAL      00000000              0
_TRISAbits                        EXTERNAL      00000000              0
_TRISB                            EXTERNAL      00000000              0
_TRISBbits                        EXTERNAL      00000000              0
_TRISC                            EXTERNAL      00000000              0
_TRISCbits                        EXTERNAL      00000000              0
_TXREG                            EXTERNAL      00000000              0
_TXSTA                            EXTERNAL      00000000              0
_TXSTAbits                        EXTERNAL      00000000              0
_UADDR                            EXTERNAL      00000000              0
_UADDRbits                        EXTERNAL      00000000              0
gpasm-1.5.2 #0 (Sep 16 2019) build/default/pr   9-16-2019  10:31:54         PAGE 27


SYMBOL TABLE
  LABEL                              TYPE        VALUE         VALUE          VALUE
                                                 (hex)         (dec)          (text)

_UCFG                             EXTERNAL      00000000              0
_UCFGbits                         EXTERNAL      00000000              0
_UCON                             EXTERNAL      00000000              0
_UCONbits                         EXTERNAL      00000000              0
_UEIE                             EXTERNAL      00000000              0
_UEIEbits                         EXTERNAL      00000000              0
_UEIR                             EXTERNAL      00000000              0
_UEIRbits                         EXTERNAL      00000000              0
_UEP0                             EXTERNAL      00000000              0
_UEP0bits                         EXTERNAL      00000000              0
_UEP1                             EXTERNAL      00000000              0
_UEP1bits                         EXTERNAL      00000000              0
_UEP2                             EXTERNAL      00000000              0
_UEP2bits                         EXTERNAL      00000000              0
_UEP3                             EXTERNAL      00000000              0
_UEP3bits                         EXTERNAL      00000000              0
_UEP4                             EXTERNAL      00000000              0
_UEP4bits                         EXTERNAL      00000000              0
_UEP5                             EXTERNAL      00000000              0
_UEP5bits                         EXTERNAL      00000000              0
_UEP6                             EXTERNAL      00000000              0
_UEP6bits                         EXTERNAL      00000000              0
_UEP7                             EXTERNAL      00000000              0
_UEP7bits                         EXTERNAL      00000000              0
_UEP8                             EXTERNAL      00000000              0
_UEP8bits                         EXTERNAL      00000000              0
_UEP9                             EXTERNAL      00000000              0
_UEP9bits                         EXTERNAL      00000000              0
_UEP10                            EXTERNAL      00000000              0
_UEP10bits                        EXTERNAL      00000000              0
_UEP11                            EXTERNAL      00000000              0
_UEP11bits                        EXTERNAL      00000000              0
_UEP12                            EXTERNAL      00000000              0
_UEP12bits                        EXTERNAL      00000000              0
_UEP13                            EXTERNAL      00000000              0
_UEP13bits                        EXTERNAL      00000000              0
_UEP14                            EXTERNAL      00000000              0
_UEP14bits                        EXTERNAL      00000000              0
_UEP15                            EXTERNAL      00000000              0
_UEP15bits                        EXTERNAL      00000000              0
_UFRM                             EXTERNAL      00000000              0
_UFRMH                            EXTERNAL      00000000              0
_UFRMHbits                        EXTERNAL      00000000              0
_UFRML                            EXTERNAL      00000000              0
_UFRMLbits                        EXTERNAL      00000000              0
_UIE                              EXTERNAL      00000000              0
_UIEbits                          EXTERNAL      00000000              0
_UIR                              EXTERNAL      00000000              0
_UIRbits                          EXTERNAL      00000000              0
_USTAT                            EXTERNAL      00000000              0
_USTATbits                        EXTERNAL      00000000              0
_WDTCON                           EXTERNAL      00000000              0
gpasm-1.5.2 #0 (Sep 16 2019) build/default/pr   9-16-2019  10:31:54         PAGE 28


SYMBOL TABLE
  LABEL                              TYPE        VALUE         VALUE          VALUE
                                                 (hex)         (dec)          (text)

_WDTCONbits                       EXTERNAL      00000000              0
_WREG                             EXTERNAL      00000000              0
__16_BIT                          CONSTANT      00000001              1
__18F2550                         CONSTANT      00000001              1
__ACC_RAM_LOW_END                 CONSTANT      0000005F             95
__ACC_RAM_LOW_START               CONSTANT      00000000              0
__ACTIVE_BANK_ADDR                VARIABLE      FFFFFFFF             -1
__ASSUMED_BANK_ADDR               VARIABLE      FFFFFFFF             -1
__BANK_0                          CONSTANT      00000000              0
__BANK_1                          CONSTANT      00000100            256
__BANK_2                          CONSTANT      00000200            512
__BANK_3                          CONSTANT      00000300            768
__BANK_4                          CONSTANT      00000400           1024
__BANK_5                          CONSTANT      00000500           1280
__BANK_6                          CONSTANT      00000600           1536
__BANK_7                          CONSTANT      00000700           1792
__BANK_8                          CONSTANT      00000800           2048
__BANK_9                          CONSTANT      00000900           2304
__BANK_10                         CONSTANT      00000A00           2560
__BANK_11                         CONSTANT      00000B00           2816
__BANK_12                         CONSTANT      00000C00           3072
__BANK_13                         CONSTANT      00000D00           3328
__BANK_14                         CONSTANT      00000E00           3584
__BANK_15                         CONSTANT      00000F00           3840
__BANK_BITS                       CONSTANT      00000F00           3840
__BANK_FIRST                      CONSTANT      00000000              0
__BANK_INV                        CONSTANT      FFFFFFFF             -1
__BANK_LAST                       CONSTANT      00000F00           3840
__BANK_MASK                       CONSTANT      000000FF            255
__BANK_SHIFT                      CONSTANT      00000008              8
__BANK_SIZE                       CONSTANT      00000100            256
__CODE_END                        CONSTANT      00007FFF          32767
__CODE_START                      CONSTANT      00000000              0
__COMMON_RAM_END                  CONSTANT      0000005F             95
__COMMON_RAM_START                CONSTANT      00000000              0
__CONFIG_END                      CONSTANT      0030000D        3145741
__CONFIG_START                    CONSTANT      00300000        3145728
__EEPROM_END                      CONSTANT      00F000FF       15728895
__EEPROM_START                    CONSTANT      00F00000       15728640
__EXTENDED                        CONSTANT      00000001              1
__GPUTILS_SVN_VERSION             CONSTANT      00000000              0
__GPUTILS_VERSION_MAJOR           CONSTANT      00000001              1
__GPUTILS_VERSION_MICRO           CONSTANT      00000002              2
__GPUTILS_VERSION_MINOR           CONSTANT      00000005              5
__IDLOCS_END                      CONSTANT      00200007        2097159
__IDLOCS_START                    CONSTANT      00200000        2097152
__NUM_BANKS                       CONSTANT      00000010             16
__VECTOR_INT_HIGH                 CONSTANT      00000008              8
__VECTOR_INT_LOW                  CONSTANT      00000018             24
__VECTOR_RESET                    CONSTANT      00000000              0
__WHILE_LOOP_COUNT_MAX            CONSTANT      000000FF            255
__divuint                         EXTERNAL      00000000              0
gpasm-1.5.2 #0 (Sep 16 2019) build/default/pr   9-16-2019  10:31:54         PAGE 29


SYMBOL TABLE
  LABEL                              TYPE        VALUE         VALUE          VALUE
                                                 (hex)         (dec)          (text)

__gptrget1                        EXTERNAL      00000000              0
__moduint                         EXTERNAL      00000000              0
_delay_ms                         EXTERNAL      00000000              0
_delay_us                         EXTERNAL      00000000              0
_dvar                             EXTERNAL      00000000              0
_lcd_autoscroll                   GLOBAL        00000000              0
_lcd_begin                        GLOBAL        00000000              0
_lcd_blink                        GLOBAL        00000000              0
_lcd_clear                        GLOBAL        00000000              0
_lcd_command                      ADDRESS       00000000              0
_lcd_cursor                       GLOBAL        00000000              0
_lcd_display                      GLOBAL        00000000              0
_lcd_gotoxy                       GLOBAL        00000000              0
_lcd_gotoxy_row_offsets_65536_69  STATIC        00000000              0
_lcd_home                         GLOBAL        00000000              0
_lcd_init                         GLOBAL        00000000              0
_lcd_left_to_right                GLOBAL        00000000              0
_lcd_no_cursor                    GLOBAL        00000000              0
_lcd_print_number                 GLOBAL        00000000              0
_lcd_print_number_buf_65536_75    STATIC        00000000              0
_lcd_putch                        GLOBAL        00000000              0
_lcd_puts                         GLOBAL        00000000              0
_lcd_send                         ADDRESS       00000000              0
_lcd_write4bits                   ADDRESS       00000000              0
_stdin                            EXTERNAL      00000000              0
_stdout                           EXTERNAL      00000000              0
r0x00                             STATIC        00000000              0
r0x01                             STATIC        00000001              1
r0x02                             STATIC        00000002              2
r0x03                             STATIC        00000003              3
r0x04                             STATIC        00000004              4
r0x05                             STATIC        00000005              5
r0x06                             STATIC        00000006              6
r0x07                             STATIC        00000007              7
r0x08                             STATIC        00000008              8
r0x09                             STATIC        00000009              9
r0x0a                             STATIC        0000000A             10
r0x0b                             STATIC        0000000B             11

Errors   :     0
Warnings :     0 reported,     0 suppressed
Messages :     0 reported,     0 suppressed

