gpasm-1.5.2 #0 (Sep 16 2019) build/default/pr   9-16-2019  10:32:01         PAGE  1


LOC    OBJECT CODE    LINE  SOURCE TEXT
  VALUE

                      00001 ;--------------------------------------------------------
                      00002 ; File Created by SDCC : free open source ANSI-C Compiler
                      00003 ; Version 3.9.3 #11377 (MINGW64)
                      00004 ;--------------------------------------------------------
                      00005 ; PIC16 port for the Microchip 16-bit core micros
                      00006 ;--------------------------------------------------------
                      00007         list    p=18f2550
                      00008         radix   dec
                      00009 
                      00010 
                      00011 ;--------------------------------------------------------
                      00012 ; public variables in this module
                      00013 ;--------------------------------------------------------
  0000                00014         global  _uart_putch
  0000                00015         global  _uart_getch
  0000                00016         global  _uart_poll
  0000                00017         global  _uart_isr
  0000                00018         global  _uart_enable
  0000                00019         global  _uart_disable
  0000                00020         global  _uart_init
  0000                00021         global  _uart_puts
  0000                00022         global  _uart_puts2
  0000                00023         global  _uart_brg
                      00024 
                      00025 ;--------------------------------------------------------
                      00026 ; extern variables in this module
                      00027 ;--------------------------------------------------------
  0000                00028         extern  __gptrget1
  0000                00029         extern  _UFRMLbits
  0000                00030         extern  _UFRMHbits
  0000                00031         extern  _UIRbits
  0000                00032         extern  _UIEbits
  0000                00033         extern  _UEIRbits
  0000                00034         extern  _UEIEbits
  0000                00035         extern  _USTATbits
  0000                00036         extern  _UCONbits
  0000                00037         extern  _UADDRbits
  0000                00038         extern  _UCFGbits
  0000                00039         extern  _UEP0bits
  0000                00040         extern  _UEP1bits
  0000                00041         extern  _UEP2bits
  0000                00042         extern  _UEP3bits
  0000                00043         extern  _UEP4bits
  0000                00044         extern  _UEP5bits
  0000                00045         extern  _UEP6bits
  0000                00046         extern  _UEP7bits
  0000                00047         extern  _UEP8bits
  0000                00048         extern  _UEP9bits
  0000                00049         extern  _UEP10bits
  0000                00050         extern  _UEP11bits
  0000                00051         extern  _UEP12bits
  0000                00052         extern  _UEP13bits
  0000                00053         extern  _UEP14bits
gpasm-1.5.2 #0 (Sep 16 2019) build/default/pr   9-16-2019  10:32:01         PAGE  2


LOC    OBJECT CODE    LINE  SOURCE TEXT
  VALUE

  0000                00054         extern  _UEP15bits
  0000                00055         extern  _PORTAbits
  0000                00056         extern  _PORTBbits
  0000                00057         extern  _PORTCbits
  0000                00058         extern  _PORTEbits
  0000                00059         extern  _LATAbits
  0000                00060         extern  _LATBbits
  0000                00061         extern  _LATCbits
  0000                00062         extern  _DDRAbits
  0000                00063         extern  _TRISAbits
  0000                00064         extern  _DDRBbits
  0000                00065         extern  _TRISBbits
  0000                00066         extern  _DDRCbits
  0000                00067         extern  _TRISCbits
  0000                00068         extern  _OSCTUNEbits
  0000                00069         extern  _PIE1bits
  0000                00070         extern  _PIR1bits
  0000                00071         extern  _IPR1bits
  0000                00072         extern  _PIE2bits
  0000                00073         extern  _PIR2bits
  0000                00074         extern  _IPR2bits
  0000                00075         extern  _EECON1bits
  0000                00076         extern  _RCSTAbits
  0000                00077         extern  _TXSTAbits
  0000                00078         extern  _T3CONbits
  0000                00079         extern  _CMCONbits
  0000                00080         extern  _CVRCONbits
  0000                00081         extern  _CCP1ASbits
  0000                00082         extern  _ECCP1ASbits
  0000                00083         extern  _CCP1DELbits
  0000                00084         extern  _ECCP1DELbits
  0000                00085         extern  _BAUDCONbits
  0000                00086         extern  _BAUDCTLbits
  0000                00087         extern  _CCP2CONbits
  0000                00088         extern  _CCP1CONbits
  0000                00089         extern  _ADCON2bits
  0000                00090         extern  _ADCON1bits
  0000                00091         extern  _ADCON0bits
  0000                00092         extern  _SSPCON2bits
  0000                00093         extern  _SSPCON1bits
  0000                00094         extern  _SSPSTATbits
  0000                00095         extern  _T2CONbits
  0000                00096         extern  _T1CONbits
  0000                00097         extern  _RCONbits
  0000                00098         extern  _WDTCONbits
  0000                00099         extern  _HLVDCONbits
  0000                00100         extern  _LVDCONbits
  0000                00101         extern  _OSCCONbits
  0000                00102         extern  _T0CONbits
  0000                00103         extern  _STATUSbits
  0000                00104         extern  _INTCON3bits
  0000                00105         extern  _INTCON2bits
  0000                00106         extern  _INTCONbits
gpasm-1.5.2 #0 (Sep 16 2019) build/default/pr   9-16-2019  10:32:01         PAGE  3


LOC    OBJECT CODE    LINE  SOURCE TEXT
  VALUE

  0000                00107         extern  _STKPTRbits
  0000                00108         extern  _dvar
  0000                00109         extern  _UFRM
  0000                00110         extern  _UFRML
  0000                00111         extern  _UFRMH
  0000                00112         extern  _UIR
  0000                00113         extern  _UIE
  0000                00114         extern  _UEIR
  0000                00115         extern  _UEIE
  0000                00116         extern  _USTAT
  0000                00117         extern  _UCON
  0000                00118         extern  _UADDR
  0000                00119         extern  _UCFG
  0000                00120         extern  _UEP0
  0000                00121         extern  _UEP1
  0000                00122         extern  _UEP2
  0000                00123         extern  _UEP3
  0000                00124         extern  _UEP4
  0000                00125         extern  _UEP5
  0000                00126         extern  _UEP6
  0000                00127         extern  _UEP7
  0000                00128         extern  _UEP8
  0000                00129         extern  _UEP9
  0000                00130         extern  _UEP10
  0000                00131         extern  _UEP11
  0000                00132         extern  _UEP12
  0000                00133         extern  _UEP13
  0000                00134         extern  _UEP14
  0000                00135         extern  _UEP15
  0000                00136         extern  _PORTA
  0000                00137         extern  _PORTB
  0000                00138         extern  _PORTC
  0000                00139         extern  _PORTE
  0000                00140         extern  _LATA
  0000                00141         extern  _LATB
  0000                00142         extern  _LATC
  0000                00143         extern  _DDRA
  0000                00144         extern  _TRISA
  0000                00145         extern  _DDRB
  0000                00146         extern  _TRISB
  0000                00147         extern  _DDRC
  0000                00148         extern  _TRISC
  0000                00149         extern  _OSCTUNE
  0000                00150         extern  _PIE1
  0000                00151         extern  _PIR1
  0000                00152         extern  _IPR1
  0000                00153         extern  _PIE2
  0000                00154         extern  _PIR2
  0000                00155         extern  _IPR2
  0000                00156         extern  _EECON1
  0000                00157         extern  _EECON2
  0000                00158         extern  _EEDATA
  0000                00159         extern  _EEADR
gpasm-1.5.2 #0 (Sep 16 2019) build/default/pr   9-16-2019  10:32:01         PAGE  4


LOC    OBJECT CODE    LINE  SOURCE TEXT
  VALUE

  0000                00160         extern  _RCSTA
  0000                00161         extern  _TXSTA
  0000                00162         extern  _TXREG
  0000                00163         extern  _RCREG
  0000                00164         extern  _SPBRG
  0000                00165         extern  _SPBRGH
  0000                00166         extern  _T3CON
  0000                00167         extern  _TMR3
  0000                00168         extern  _TMR3L
  0000                00169         extern  _TMR3H
  0000                00170         extern  _CMCON
  0000                00171         extern  _CVRCON
  0000                00172         extern  _CCP1AS
  0000                00173         extern  _ECCP1AS
  0000                00174         extern  _CCP1DEL
  0000                00175         extern  _ECCP1DEL
  0000                00176         extern  _BAUDCON
  0000                00177         extern  _BAUDCTL
  0000                00178         extern  _CCP2CON
  0000                00179         extern  _CCPR2
  0000                00180         extern  _CCPR2L
  0000                00181         extern  _CCPR2H
  0000                00182         extern  _CCP1CON
  0000                00183         extern  _CCPR1
  0000                00184         extern  _CCPR1L
  0000                00185         extern  _CCPR1H
  0000                00186         extern  _ADCON2
  0000                00187         extern  _ADCON1
  0000                00188         extern  _ADCON0
  0000                00189         extern  _ADRES
  0000                00190         extern  _ADRESL
  0000                00191         extern  _ADRESH
  0000                00192         extern  _SSPCON2
  0000                00193         extern  _SSPCON1
  0000                00194         extern  _SSPSTAT
  0000                00195         extern  _SSPADD
  0000                00196         extern  _SSPBUF
  0000                00197         extern  _T2CON
  0000                00198         extern  _PR2
  0000                00199         extern  _TMR2
  0000                00200         extern  _T1CON
  0000                00201         extern  _TMR1
  0000                00202         extern  _TMR1L
  0000                00203         extern  _TMR1H
  0000                00204         extern  _RCON
  0000                00205         extern  _WDTCON
  0000                00206         extern  _HLVDCON
  0000                00207         extern  _LVDCON
  0000                00208         extern  _OSCCON
  0000                00209         extern  _T0CON
  0000                00210         extern  _TMR0
  0000                00211         extern  _TMR0L
  0000                00212         extern  _TMR0H
gpasm-1.5.2 #0 (Sep 16 2019) build/default/pr   9-16-2019  10:32:01         PAGE  5


LOC    OBJECT CODE    LINE  SOURCE TEXT
  VALUE

  0000                00213         extern  _STATUS
  0000                00214         extern  _FSR2L
  0000                00215         extern  _FSR2H
  0000                00216         extern  _PLUSW2
  0000                00217         extern  _PREINC2
  0000                00218         extern  _POSTDEC2
  0000                00219         extern  _POSTINC2
  0000                00220         extern  _INDF2
  0000                00221         extern  _BSR
  0000                00222         extern  _FSR1L
  0000                00223         extern  _FSR1H
  0000                00224         extern  _PLUSW1
  0000                00225         extern  _PREINC1
  0000                00226         extern  _POSTDEC1
  0000                00227         extern  _POSTINC1
  0000                00228         extern  _INDF1
  0000                00229         extern  _WREG
  0000                00230         extern  _FSR0L
  0000                00231         extern  _FSR0H
  0000                00232         extern  _PLUSW0
  0000                00233         extern  _PREINC0
  0000                00234         extern  _POSTDEC0
  0000                00235         extern  _POSTINC0
  0000                00236         extern  _INDF0
  0000                00237         extern  _INTCON3
  0000                00238         extern  _INTCON2
  0000                00239         extern  _INTCON
  0000                00240         extern  _PROD
  0000                00241         extern  _PRODL
  0000                00242         extern  _PRODH
  0000                00243         extern  _TABLAT
  0000                00244         extern  _TBLPTR
  0000                00245         extern  _TBLPTRL
  0000                00246         extern  _TBLPTRH
  0000                00247         extern  _TBLPTRU
  0000                00248         extern  _PC
  0000                00249         extern  _PCL
  0000                00250         extern  _PCLATH
  0000                00251         extern  _PCLATU
  0000                00252         extern  _STKPTR
  0000                00253         extern  _TOS
  0000                00254         extern  _TOSL
  0000                00255         extern  _TOSH
  0000                00256         extern  _TOSU
  0000                00257         extern  __divslong
                      00258 
                      00259 ;--------------------------------------------------------
                      00260 ;       Equates to used internal registers
                      00261 ;--------------------------------------------------------
  00000FD8            00262 STATUS  equ     0xfd8
  00000FE8            00263 WREG    equ     0xfe8
  00000FE9            00264 FSR0L   equ     0xfe9
  00000FE1            00265 FSR1L   equ     0xfe1
gpasm-1.5.2 #0 (Sep 16 2019) build/default/pr   9-16-2019  10:32:01         PAGE  6


LOC    OBJECT CODE    LINE  SOURCE TEXT
  VALUE

  00000FD9            00266 FSR2L   equ     0xfd9
  00000FE6            00267 POSTINC1        equ     0xfe6
  00000FE5            00268 POSTDEC1        equ     0xfe5
  00000FE4            00269 PREINC1 equ     0xfe4
  00000FDB            00270 PLUSW2  equ     0xfdb
  00000FF3            00271 PRODL   equ     0xff3
  00000FF4            00272 PRODH   equ     0xff4
                      00273 
                      00274 
                      00275 ; Internal registers
                      00276 .registers      udata_ovr       0x0000
000000                00277 r0x00   res     1
000001                00278 r0x01   res     1
000002                00279 r0x02   res     1
000003                00280 r0x03   res     1
                      00281 
                      00282 ;--------------------------------------------------------
                      00283 ; global & static initialisations
                      00284 ;--------------------------------------------------------
                      00285 ; I code from now on!
                      00286 ; ; Starting pCode block
                      00287 S_uart__uart_puts2      code
000000                00288 _uart_puts2:
                      00289 ;       .line   120; ../../../lib/uart.c        uart_puts2(uint8_t* s) {
000000 CFD9 FFE5      00290         MOVFF   FSR2L, POSTDEC1
000004 CFE1 FFD9      00291         MOVFF   FSR1L, FSR2L
000008 C??? F???      00292         MOVFF   r0x00, POSTDEC1
00000C C??? F???      00293         MOVFF   r0x01, POSTDEC1
000010 C??? F???      00294         MOVFF   r0x02, POSTDEC1
000014 C??? F???      00295         MOVFF   r0x03, POSTDEC1
000018 0E02           00296         MOVLW   0x02
00001A CFDB F000      00297         MOVFF   PLUSW2, r0x00
00001E 0E03           00298         MOVLW   0x03
000020 CFDB F000      00299         MOVFF   PLUSW2, r0x01
000024 0E04           00300         MOVLW   0x04
000026 CFDB F000      00301         MOVFF   PLUSW2, r0x02
00002A                00302 _00212_DS_:
                      00303 ;       .line   121; ../../../lib/uart.c        while(*s) uart_putch(*s++);
00002A C??? F???      00304         MOVFF   r0x00, FSR0L
00002E C??? F???      00305         MOVFF   r0x01, PRODL
000032 50??           00306         MOVF    r0x02, W
000034 EC?? F0??      00307         CALL    __gptrget1
000038 6E??           00308         MOVWF   r0x03
00003A 50??           00309         MOVF    r0x03, W
00003C E0??           00310         BZ      _00215_DS_
00003E 2A??           00311         INCF    r0x00, F
000040 E3??           00312         BNC     _00226_DS_
000042 4A??           00313         INFSNZ  r0x01, F
000044 2A??           00314         INCF    r0x02, F
000046                00315 _00226_DS_:
000046 50??           00316         MOVF    r0x03, W
000048 6EE5           00317         MOVWF   POSTDEC1
00004A EC?? F0??      00318         CALL    _uart_putch
gpasm-1.5.2 #0 (Sep 16 2019) build/default/pr   9-16-2019  10:32:01         PAGE  7


LOC    OBJECT CODE    LINE  SOURCE TEXT
  VALUE

00004E 52E6           00319         MOVF    POSTINC1, F
000050 D???           00320         BRA     _00212_DS_
000052                00321 _00215_DS_:
                      00322 ;       .line   122; ../../../lib/uart.c        }
000052 CFE4 F000      00323         MOVFF   PREINC1, r0x03
000056 CFE4 F000      00324         MOVFF   PREINC1, r0x02
00005A CFE4 F000      00325         MOVFF   PREINC1, r0x01
00005E CFE4 F000      00326         MOVFF   PREINC1, r0x00
000062 CFE4 FFD9      00327         MOVFF   PREINC1, FSR2L
000066 0012           00328         RETURN  
                      00329 
                      00330 ; ; Starting pCode block
                      00331 S_uart__uart_puts       code
000000                00332 _uart_puts:
                      00333 ;       .line   115; ../../../lib/uart.c        uart_puts(const char* s) {
000000 CFD9 FFE5      00334         MOVFF   FSR2L, POSTDEC1
000004 CFE1 FFD9      00335         MOVFF   FSR1L, FSR2L
000008 C??? F???      00336         MOVFF   r0x00, POSTDEC1
00000C C??? F???      00337         MOVFF   r0x01, POSTDEC1
000010 C??? F???      00338         MOVFF   r0x02, POSTDEC1
000014 C??? F???      00339         MOVFF   r0x03, POSTDEC1
000018 0E02           00340         MOVLW   0x02
00001A CFDB F000      00341         MOVFF   PLUSW2, r0x00
00001E 0E03           00342         MOVLW   0x03
000020 CFDB F000      00343         MOVFF   PLUSW2, r0x01
000024 0E04           00344         MOVLW   0x04
000026 CFDB F000      00345         MOVFF   PLUSW2, r0x02
00002A                00346 _00193_DS_:
                      00347 ;       .line   116; ../../../lib/uart.c        while(*s) uart_putch(*s++);
00002A C??? F???      00348         MOVFF   r0x00, FSR0L
00002E C??? F???      00349         MOVFF   r0x01, PRODL
000032 50??           00350         MOVF    r0x02, W
000034 EC?? F0??      00351         CALL    __gptrget1
000038 6E??           00352         MOVWF   r0x03
00003A 50??           00353         MOVF    r0x03, W
00003C E0??           00354         BZ      _00196_DS_
00003E 2A??           00355         INCF    r0x00, F
000040 E3??           00356         BNC     _00207_DS_
000042 4A??           00357         INFSNZ  r0x01, F
000044 2A??           00358         INCF    r0x02, F
000046                00359 _00207_DS_:
000046 50??           00360         MOVF    r0x03, W
000048 6EE5           00361         MOVWF   POSTDEC1
00004A EC?? F0??      00362         CALL    _uart_putch
00004E 52E6           00363         MOVF    POSTINC1, F
000050 D???           00364         BRA     _00193_DS_
000052                00365 _00196_DS_:
                      00366 ;       .line   117; ../../../lib/uart.c        }
000052 CFE4 F000      00367         MOVFF   PREINC1, r0x03
000056 CFE4 F000      00368         MOVFF   PREINC1, r0x02
00005A CFE4 F000      00369         MOVFF   PREINC1, r0x01
00005E CFE4 F000      00370         MOVFF   PREINC1, r0x00
000062 CFE4 FFD9      00371         MOVFF   PREINC1, FSR2L
gpasm-1.5.2 #0 (Sep 16 2019) build/default/pr   9-16-2019  10:32:01         PAGE  8


LOC    OBJECT CODE    LINE  SOURCE TEXT
  VALUE

000066 0012           00372         RETURN  
                      00373 
                      00374 ; ; Starting pCode block
                      00375 S_uart__uart_init       code
000000                00376 _uart_init:
                      00377 ;       .line   94; ../../../lib/uart.c uart_init(void) {
000000 CFD9 FFE5      00378         MOVFF   FSR2L, POSTDEC1
000004 CFE1 FFD9      00379         MOVFF   FSR1L, FSR2L
                      00380 ;       .line   97; ../../../lib/uart.c RX_TRIS();
000008 8E??           00381         BSF     _TRISC, 7
                      00382 ;       .line   98; ../../../lib/uart.c TX_TRIS();
00000A 9C??           00383         BCF     _TRISC, 6
                      00384 ;       .line   99; ../../../lib/uart.c TX_SET(0);
00000C 0E40           00385         MOVLW   0x40
00000E 16??           00386         ANDWF   _LATC, F
                      00387 ;       .line   100; ../../../lib/uart.c        SPBRG = UART_BRG; // UART_BRG;
000010 0E41           00388         MOVLW   0x41
000012 6E??           00389         MOVWF   _SPBRG
                      00390 ;       .line   103; ../../../lib/uart.c        | /*RX9D =*/(NINE == 1 ? 0b1 : 0);
000014 0E90           00391         MOVLW   0x90
000016 12??           00392         IORWF   _RCSTA, F
                      00393 ;       .line   108; ../../../lib/uart.c        : 0b000;
000018 84??           00394         BSF     _TXSTA, 2
                      00395 ;       .line   111; ../../../lib/uart.c        uart_enable();
00001A EC?? F0??      00396         CALL    _uart_enable
                      00397 ;       .line   112; ../../../lib/uart.c        }
00001E CFE4 FFD9      00398         MOVFF   PREINC1, FSR2L
000022 0012           00399         RETURN  
                      00400 
                      00401 ; ; Starting pCode block
                      00402 S_uart__uart_disable    code
000000                00403 _uart_disable:
                      00404 ;       .line   84; ../../../lib/uart.c uart_disable(void) {
000000 CFD9 FFE5      00405         MOVFF   FSR2L, POSTDEC1
000004 CFE1 FFD9      00406         MOVFF   FSR1L, FSR2L
                      00407 ;       .line   85; ../../../lib/uart.c TXSTA &= ~0b00100000; //  TXEN = 0;
000008 9A??           00408         BCF     _TXSTA, 5
                      00409 ;       .line   86; ../../../lib/uart.c RCSTA &= ~0b10000000; // SPEN = 0;
00000A 9E??           00410         BCF     _RCSTA, 7
                      00411 ;       .line   87; ../../../lib/uart.c PIE1 &= ~0b100000; //RCIE = 0;
00000C 9A??           00412         BCF     _PIE1, 5
                      00413 ;       .line   88; ../../../lib/uart.c RX_TRIS();
00000E 8E??           00414         BSF     _TRISC, 7
                      00415 ;       .line   89; ../../../lib/uart.c TX_TRIS();
000010 9C??           00416         BCF     _TRISC, 6
                      00417 ;       .line   90; ../../../lib/uart.c TX_SET(0);
000012 0E40           00418         MOVLW   0x40
000014 16??           00419         ANDWF   _LATC, F
                      00420 ;       .line   91; ../../../lib/uart.c }
000016 CFE4 FFD9      00421         MOVFF   PREINC1, FSR2L
00001A 0012           00422         RETURN  
                      00423 
                      00424 ; ; Starting pCode block
gpasm-1.5.2 #0 (Sep 16 2019) build/default/pr   9-16-2019  10:32:01         PAGE  9


LOC    OBJECT CODE    LINE  SOURCE TEXT
  VALUE

                      00425 S_uart__uart_enable     code
000000                00426 _uart_enable:
                      00427 ;       .line   74; ../../../lib/uart.c uart_enable(void) {
000000 CFD9 FFE5      00428         MOVFF   FSR2L, POSTDEC1
000004 CFE1 FFD9      00429         MOVFF   FSR1L, FSR2L
                      00430 ;       .line   75; ../../../lib/uart.c RX_TRIS();
000008 8E??           00431         BSF     _TRISC, 7
                      00432 ;       .line   76; ../../../lib/uart.c TX_TRIS();
00000A 9C??           00433         BCF     _TRISC, 6
                      00434 ;       .line   77; ../../../lib/uart.c TX_SET(0);
00000C 0E40           00435         MOVLW   0x40
00000E 16??           00436         ANDWF   _LATC, F
                      00437 ;       .line   78; ../../../lib/uart.c TXSTA |= 0b00100000; //  TXEN = 1;
000010 8A??           00438         BSF     _TXSTA, 5
                      00439 ;       .line   79; ../../../lib/uart.c RCSTA |= 0x80; // SPEN = 1;
000012 8E??           00440         BSF     _RCSTA, 7
                      00441 ;       .line   80; ../../../lib/uart.c PIE1 &= ~0b100000; //RCIE = 0;
000014 9A??           00442         BCF     _PIE1, 5
                      00443 ;       .line   81; ../../../lib/uart.c }
000016 CFE4 FFD9      00444         MOVFF   PREINC1, FSR2L
00001A 0012           00445         RETURN  
                      00446 
                      00447 ; ; Starting pCode block
                      00448 S_uart__uart_isr        code
000000                00449 _uart_isr:
                      00450 ;       .line   65; ../../../lib/uart.c uart_isr(void) {
000000 CFD9 FFE5      00451         MOVFF   FSR2L, POSTDEC1
000004 CFE1 FFD9      00452         MOVFF   FSR1L, FSR2L
000008 C??? F???      00453         MOVFF   r0x00, POSTDEC1
                      00454 ;       .line   66; ../../../lib/uart.c if((PIR1 & 0b00100000)) {
00000C C??? F???      00455         MOVFF   _PIR1, r0x00
000010 AA??           00456         BTFSS   r0x00, 5
000012 D???           00457         BRA     _00157_DS_
                      00458 ;       .line   67; ../../../lib/uart.c PIR1 &= ~0b00100000; //  RCIF = 0;
000014 9A??           00459         BCF     _PIR1, 5
                      00460 ;       .line   68; ../../../lib/uart.c return RCREG;
000016 50??           00461         MOVF    _RCREG, W
000018 D???           00462         BRA     _00158_DS_
00001A                00463 _00157_DS_:
                      00464 ;       .line   70; ../../../lib/uart.c return 0;
00001A 6AE8           00465         CLRF    WREG
00001C                00466 _00158_DS_:
                      00467 ;       .line   71; ../../../lib/uart.c }
00001C CFE4 F000      00468         MOVFF   PREINC1, r0x00
000020 CFE4 FFD9      00469         MOVFF   PREINC1, FSR2L
000024 0012           00470         RETURN  
                      00471 
                      00472 ; ; Starting pCode block
                      00473 S_uart__uart_poll       code
000000                00474 _uart_poll:
                      00475 ;       .line   46; ../../../lib/uart.c uart_poll(uint8_t bauds) {
000000 CFD9 FFE5      00476         MOVFF   FSR2L, POSTDEC1
000004 CFE1 FFD9      00477         MOVFF   FSR1L, FSR2L
gpasm-1.5.2 #0 (Sep 16 2019) build/default/pr   9-16-2019  10:32:01         PAGE 10


LOC    OBJECT CODE    LINE  SOURCE TEXT
  VALUE

000008 C??? F???      00478         MOVFF   r0x00, POSTDEC1
00000C C??? F???      00479         MOVFF   r0x01, POSTDEC1
000010 C??? F???      00480         MOVFF   r0x02, POSTDEC1
000014 C??? F???      00481         MOVFF   r0x03, POSTDEC1
000018 0E02           00482         MOVLW   0x02
00001A CFDB F000      00483         MOVFF   PLUSW2, r0x00
                      00484 ;       .line   50; ../../../lib/uart.c TMR0 = (256 - UART_BRG_FN(bauds));
00001E 6A??           00485         CLRF    r0x01
000020 6A??           00486         CLRF    r0x02
000022 6A??           00487         CLRF    r0x03
000024 50??           00488         MOVF    r0x03, W
000026 6EE5           00489         MOVWF   POSTDEC1
000028 50??           00490         MOVF    r0x02, W
00002A 6EE5           00491         MOVWF   POSTDEC1
00002C 50??           00492         MOVF    r0x01, W
00002E 6EE5           00493         MOVWF   POSTDEC1
000030 50??           00494         MOVF    r0x00, W
000032 6EE5           00495         MOVWF   POSTDEC1
000034 0E00           00496         MOVLW   0x00
000036 6EE5           00497         MOVWF   POSTDEC1
000038 0E26           00498         MOVLW   0x26
00003A 6EE5           00499         MOVWF   POSTDEC1
00003C 0E25           00500         MOVLW   0x25
00003E 6EE5           00501         MOVWF   POSTDEC1
000040 0EA0           00502         MOVLW   0xa0
000042 6EE5           00503         MOVWF   POSTDEC1
000044 EC?? F0??      00504         CALL    __divslong
000048 6E??           00505         MOVWF   r0x00
00004A CFF3 F000      00506         MOVFF   PRODL, r0x01
00004E CFF4 F000      00507         MOVFF   PRODH, r0x02
000052 CFE9 F000      00508         MOVFF   FSR0L, r0x03
000056 0E08           00509         MOVLW   0x08
000058 26E1           00510         ADDWF   FSR1L, F
00005A 2A??           00511         INCF    r0x00, F
00005C 1C??           00512         COMF    r0x00, W
00005E 6E??           00513         MOVWF   _TMR0
000060 2A??           00514         INCF    _TMR0, F
000062                00515 _00132_DS_:
                      00516 ;       .line   51; ../../../lib/uart.c while(TMR0 & (1 << 7)) {
000062 AE??           00517         BTFSS   _TMR0, 7
000064 D???           00518         BRA     _00134_DS_
                      00519 ;       .line   52; ../../../lib/uart.c if((PIR1 & 0b00100000))
000066 C??? F???      00520         MOVFF   _PIR1, r0x00
00006A AA??           00521         BTFSS   r0x00, 5
00006C D???           00522         BRA     _00132_DS_
                      00523 ;       .line   53; ../../../lib/uart.c return 1;
00006E 0E01           00524         MOVLW   0x01
000070 D???           00525         BRA     _00135_DS_
000072                00526 _00134_DS_:
                      00527 ;       .line   56; ../../../lib/uart.c return 0;
000072 6AE8           00528         CLRF    WREG
000074                00529 _00135_DS_:
                      00530 ;       .line   57; ../../../lib/uart.c }
gpasm-1.5.2 #0 (Sep 16 2019) build/default/pr   9-16-2019  10:32:01         PAGE 11


LOC    OBJECT CODE    LINE  SOURCE TEXT
  VALUE

000074 CFE4 F000      00531         MOVFF   PREINC1, r0x03
000078 CFE4 F000      00532         MOVFF   PREINC1, r0x02
00007C CFE4 F000      00533         MOVFF   PREINC1, r0x01
000080 CFE4 F000      00534         MOVFF   PREINC1, r0x00
000084 CFE4 FFD9      00535         MOVFF   PREINC1, FSR2L
000088 0012           00536         RETURN  
                      00537 
                      00538 ; ; Starting pCode block
                      00539 S_uart__uart_getch      code
000000                00540 _uart_getch:
                      00541 ;       .line   32; ../../../lib/uart.c uart_getch(void) {
000000 CFD9 FFE5      00542         MOVFF   FSR2L, POSTDEC1
000004 CFE1 FFD9      00543         MOVFF   FSR1L, FSR2L
000008 C??? F???      00544         MOVFF   r0x00, POSTDEC1
00000C C??? F???      00545         MOVFF   r0x01, POSTDEC1
                      00546 ;       .line   34; ../../../lib/uart.c if(uart_poll(UART_TIMEOUT)) {
000010 0E00           00547         MOVLW   0x00
000012 6EE5           00548         MOVWF   POSTDEC1
000014 EC?? F0??      00549         CALL    _uart_poll
000018 6E??           00550         MOVWF   r0x00
00001A 52E6           00551         MOVF    POSTINC1, F
00001C 50??           00552         MOVF    r0x00, W
00001E E0??           00553         BZ      _00124_DS_
                      00554 ;       .line   36; ../../../lib/uart.c ch = RCREG;
000020 C??? F???      00555         MOVFF   _RCREG, r0x00
                      00556 ;       .line   37; ../../../lib/uart.c PIR1 &= ~0b00100000; //  RCIF = 0;
000024 9A??           00557         BCF     _PIR1, 5
                      00558 ;       .line   38; ../../../lib/uart.c return (int)ch;
000026 6A??           00559         CLRF    r0x01
000028 C??? F???      00560         MOVFF   r0x01, PRODL
00002C 50??           00561         MOVF    r0x00, W
00002E D???           00562         BRA     _00125_DS_
000030                00563 _00124_DS_:
                      00564 ;       .line   40; ../../../lib/uart.c return -1;
000030 68F3           00565         SETF    PRODL
000032 68E8           00566         SETF    WREG
000034                00567 _00125_DS_:
                      00568 ;       .line   41; ../../../lib/uart.c }
000034 CFE4 F000      00569         MOVFF   PREINC1, r0x01
000038 CFE4 F000      00570         MOVFF   PREINC1, r0x00
00003C CFE4 FFD9      00571         MOVFF   PREINC1, FSR2L
000040 0012           00572         RETURN  
                      00573 
                      00574 ; ; Starting pCode block
                      00575 S_uart__uart_putch      code
000000                00576 _uart_putch:
                      00577 ;       .line   22; ../../../lib/uart.c uart_putch(uint8_t byte) {
000000 CFD9 FFE5      00578         MOVFF   FSR2L, POSTDEC1
000004 CFE1 FFD9      00579         MOVFF   FSR1L, FSR2L
000008 C??? F???      00580         MOVFF   r0x00, POSTDEC1
00000C C??? F???      00581         MOVFF   r0x01, POSTDEC1
000010 0E02           00582         MOVLW   0x02
000012 CFDB F000      00583         MOVFF   PLUSW2, r0x00
gpasm-1.5.2 #0 (Sep 16 2019) build/default/pr   9-16-2019  10:32:01         PAGE 12


LOC    OBJECT CODE    LINE  SOURCE TEXT
  VALUE

000016                00584 _00105_DS_:
                      00585 ;       .line   24; ../../../lib/uart.c while(!(PIR1 & 0b00010000)) {
000016 C??? F???      00586         MOVFF   _PIR1, r0x01
00001A A8??           00587         BTFSS   r0x01, 4
00001C D???           00588         BRA     _00105_DS_
                      00589 ;       .line   28; ../../../lib/uart.c TXREG = (uint8_t)byte;
00001E C??? F???      00590         MOVFF   r0x00, _TXREG
                      00591 ;       .line   29; ../../../lib/uart.c }
000022 CFE4 F000      00592         MOVFF   PREINC1, r0x01
000026 CFE4 F000      00593         MOVFF   PREINC1, r0x00
00002A CFE4 FFD9      00594         MOVFF   PREINC1, FSR2L
00002E 0012           00595         RETURN  
                      00596 
                      00597 ; ; Starting pCode block for Ival
                      00598         code
000000                00599 _uart_brg:
000000 0041           00600         DB      0x41
                      00601 
                      00602 
                      00603 ; Statistics:
                      00604 ; code size:      594 (0x0252) bytes ( 0.45%)
                      00605 ;                 297 (0x0129) words
                      00606 ; udata size:       0 (0x0000) bytes ( 0.00%)
                      00607 ; access size:      4 (0x0004) bytes
                      00608 
                      00609 
                      00610         end
gpasm-1.5.2 #0 (Sep 16 2019) build/default/pr   9-16-2019  10:32:01         PAGE 13


SYMBOL TABLE
  LABEL                              TYPE        VALUE         VALUE          VALUE
                                                 (hex)         (dec)          (text)

FSR0L                             CONSTANT      00000FE9           4073
FSR1L                             CONSTANT      00000FE1           4065
FSR2L                             CONSTANT      00000FD9           4057
PLUSW2                            CONSTANT      00000FDB           4059
POSTDEC1                          CONSTANT      00000FE5           4069
POSTINC1                          CONSTANT      00000FE6           4070
PREINC1                           CONSTANT      00000FE4           4068
PRODH                             CONSTANT      00000FF4           4084
PRODL                             CONSTANT      00000FF3           4083
STATUS                            CONSTANT      00000FD8           4056
WREG                              CONSTANT      00000FE8           4072
_00105_DS_                        ADDRESS       00000016             22
_00124_DS_                        ADDRESS       00000030             48
_00125_DS_                        ADDRESS       00000034             52
_00132_DS_                        ADDRESS       00000062             98
_00134_DS_                        ADDRESS       00000072            114
_00135_DS_                        ADDRESS       00000074            116
_00157_DS_                        ADDRESS       0000001A             26
_00158_DS_                        ADDRESS       0000001C             28
_00193_DS_                        ADDRESS       0000002A             42
_00196_DS_                        ADDRESS       00000052             82
_00207_DS_                        ADDRESS       00000046             70
_00212_DS_                        ADDRESS       0000002A             42
_00215_DS_                        ADDRESS       00000052             82
_00226_DS_                        ADDRESS       00000046             70
_ADCON0                           EXTERNAL      00000000              0
_ADCON0bits                       EXTERNAL      00000000              0
_ADCON1                           EXTERNAL      00000000              0
_ADCON1bits                       EXTERNAL      00000000              0
_ADCON2                           EXTERNAL      00000000              0
_ADCON2bits                       EXTERNAL      00000000              0
_ADRES                            EXTERNAL      00000000              0
_ADRESH                           EXTERNAL      00000000              0
_ADRESL                           EXTERNAL      00000000              0
_BAUDCON                          EXTERNAL      00000000              0
_BAUDCONbits                      EXTERNAL      00000000              0
_BAUDCTL                          EXTERNAL      00000000              0
_BAUDCTLbits                      EXTERNAL      00000000              0
_BSR                              EXTERNAL      00000000              0
_CCP1AS                           EXTERNAL      00000000              0
_CCP1ASbits                       EXTERNAL      00000000              0
_CCP1CON                          EXTERNAL      00000000              0
_CCP1CONbits                      EXTERNAL      00000000              0
_CCP1DEL                          EXTERNAL      00000000              0
_CCP1DELbits                      EXTERNAL      00000000              0
_CCP2CON                          EXTERNAL      00000000              0
_CCP2CONbits                      EXTERNAL      00000000              0
_CCPR1                            EXTERNAL      00000000              0
_CCPR1H                           EXTERNAL      00000000              0
_CCPR1L                           EXTERNAL      00000000              0
_CCPR2                            EXTERNAL      00000000              0
_CCPR2H                           EXTERNAL      00000000              0
gpasm-1.5.2 #0 (Sep 16 2019) build/default/pr   9-16-2019  10:32:01         PAGE 14


SYMBOL TABLE
  LABEL                              TYPE        VALUE         VALUE          VALUE
                                                 (hex)         (dec)          (text)

_CCPR2L                           EXTERNAL      00000000              0
_CMCON                            EXTERNAL      00000000              0
_CMCONbits                        EXTERNAL      00000000              0
_CVRCON                           EXTERNAL      00000000              0
_CVRCONbits                       EXTERNAL      00000000              0
_DDRA                             EXTERNAL      00000000              0
_DDRAbits                         EXTERNAL      00000000              0
_DDRB                             EXTERNAL      00000000              0
_DDRBbits                         EXTERNAL      00000000              0
_DDRC                             EXTERNAL      00000000              0
_DDRCbits                         EXTERNAL      00000000              0
_ECCP1AS                          EXTERNAL      00000000              0
_ECCP1ASbits                      EXTERNAL      00000000              0
_ECCP1DEL                         EXTERNAL      00000000              0
_ECCP1DELbits                     EXTERNAL      00000000              0
_EEADR                            EXTERNAL      00000000              0
_EECON1                           EXTERNAL      00000000              0
_EECON1bits                       EXTERNAL      00000000              0
_EECON2                           EXTERNAL      00000000              0
_EEDATA                           EXTERNAL      00000000              0
_FSR0H                            EXTERNAL      00000000              0
_FSR0L                            EXTERNAL      00000000              0
_FSR1H                            EXTERNAL      00000000              0
_FSR1L                            EXTERNAL      00000000              0
_FSR2H                            EXTERNAL      00000000              0
_FSR2L                            EXTERNAL      00000000              0
_HLVDCON                          EXTERNAL      00000000              0
_HLVDCONbits                      EXTERNAL      00000000              0
_INDF0                            EXTERNAL      00000000              0
_INDF1                            EXTERNAL      00000000              0
_INDF2                            EXTERNAL      00000000              0
_INTCON                           EXTERNAL      00000000              0
_INTCON2                          EXTERNAL      00000000              0
_INTCON2bits                      EXTERNAL      00000000              0
_INTCON3                          EXTERNAL      00000000              0
_INTCON3bits                      EXTERNAL      00000000              0
_INTCONbits                       EXTERNAL      00000000              0
_IPR1                             EXTERNAL      00000000              0
_IPR1bits                         EXTERNAL      00000000              0
_IPR2                             EXTERNAL      00000000              0
_IPR2bits                         EXTERNAL      00000000              0
_LATA                             EXTERNAL      00000000              0
_LATAbits                         EXTERNAL      00000000              0
_LATB                             EXTERNAL      00000000              0
_LATBbits                         EXTERNAL      00000000              0
_LATC                             EXTERNAL      00000000              0
_LATCbits                         EXTERNAL      00000000              0
_LVDCON                           EXTERNAL      00000000              0
_LVDCONbits                       EXTERNAL      00000000              0
_OSCCON                           EXTERNAL      00000000              0
_OSCCONbits                       EXTERNAL      00000000              0
_OSCTUNE                          EXTERNAL      00000000              0
gpasm-1.5.2 #0 (Sep 16 2019) build/default/pr   9-16-2019  10:32:01         PAGE 15


SYMBOL TABLE
  LABEL                              TYPE        VALUE         VALUE          VALUE
                                                 (hex)         (dec)          (text)

_OSCTUNEbits                      EXTERNAL      00000000              0
_PC                               EXTERNAL      00000000              0
_PCL                              EXTERNAL      00000000              0
_PCLATH                           EXTERNAL      00000000              0
_PCLATU                           EXTERNAL      00000000              0
_PIE1                             EXTERNAL      00000000              0
_PIE1bits                         EXTERNAL      00000000              0
_PIE2                             EXTERNAL      00000000              0
_PIE2bits                         EXTERNAL      00000000              0
_PIR1                             EXTERNAL      00000000              0
_PIR1bits                         EXTERNAL      00000000              0
_PIR2                             EXTERNAL      00000000              0
_PIR2bits                         EXTERNAL      00000000              0
_PLUSW0                           EXTERNAL      00000000              0
_PLUSW1                           EXTERNAL      00000000              0
_PLUSW2                           EXTERNAL      00000000              0
_PORTA                            EXTERNAL      00000000              0
_PORTAbits                        EXTERNAL      00000000              0
_PORTB                            EXTERNAL      00000000              0
_PORTBbits                        EXTERNAL      00000000              0
_PORTC                            EXTERNAL      00000000              0
_PORTCbits                        EXTERNAL      00000000              0
_PORTE                            EXTERNAL      00000000              0
_PORTEbits                        EXTERNAL      00000000              0
_POSTDEC0                         EXTERNAL      00000000              0
_POSTDEC1                         EXTERNAL      00000000              0
_POSTDEC2                         EXTERNAL      00000000              0
_POSTINC0                         EXTERNAL      00000000              0
_POSTINC1                         EXTERNAL      00000000              0
_POSTINC2                         EXTERNAL      00000000              0
_PR2                              EXTERNAL      00000000              0
_PREINC0                          EXTERNAL      00000000              0
_PREINC1                          EXTERNAL      00000000              0
_PREINC2                          EXTERNAL      00000000              0
_PROD                             EXTERNAL      00000000              0
_PRODH                            EXTERNAL      00000000              0
_PRODL                            EXTERNAL      00000000              0
_RCON                             EXTERNAL      00000000              0
_RCONbits                         EXTERNAL      00000000              0
_RCREG                            EXTERNAL      00000000              0
_RCSTA                            EXTERNAL      00000000              0
_RCSTAbits                        EXTERNAL      00000000              0
_SPBRG                            EXTERNAL      00000000              0
_SPBRGH                           EXTERNAL      00000000              0
_SSPADD                           EXTERNAL      00000000              0
_SSPBUF                           EXTERNAL      00000000              0
_SSPCON1                          EXTERNAL      00000000              0
_SSPCON1bits                      EXTERNAL      00000000              0
_SSPCON2                          EXTERNAL      00000000              0
_SSPCON2bits                      EXTERNAL      00000000              0
_SSPSTAT                          EXTERNAL      00000000              0
_SSPSTATbits                      EXTERNAL      00000000              0
gpasm-1.5.2 #0 (Sep 16 2019) build/default/pr   9-16-2019  10:32:01         PAGE 16


SYMBOL TABLE
  LABEL                              TYPE        VALUE         VALUE          VALUE
                                                 (hex)         (dec)          (text)

_STATUS                           EXTERNAL      00000000              0
_STATUSbits                       EXTERNAL      00000000              0
_STKPTR                           EXTERNAL      00000000              0
_STKPTRbits                       EXTERNAL      00000000              0
_T0CON                            EXTERNAL      00000000              0
_T0CONbits                        EXTERNAL      00000000              0
_T1CON                            EXTERNAL      00000000              0
_T1CONbits                        EXTERNAL      00000000              0
_T2CON                            EXTERNAL      00000000              0
_T2CONbits                        EXTERNAL      00000000              0
_T3CON                            EXTERNAL      00000000              0
_T3CONbits                        EXTERNAL      00000000              0
_TABLAT                           EXTERNAL      00000000              0
_TBLPTR                           EXTERNAL      00000000              0
_TBLPTRH                          EXTERNAL      00000000              0
_TBLPTRL                          EXTERNAL      00000000              0
_TBLPTRU                          EXTERNAL      00000000              0
_TMR0                             EXTERNAL      00000000              0
_TMR0H                            EXTERNAL      00000000              0
_TMR0L                            EXTERNAL      00000000              0
_TMR1                             EXTERNAL      00000000              0
_TMR1H                            EXTERNAL      00000000              0
_TMR1L                            EXTERNAL      00000000              0
_TMR2                             EXTERNAL      00000000              0
_TMR3                             EXTERNAL      00000000              0
_TMR3H                            EXTERNAL      00000000              0
_TMR3L                            EXTERNAL      00000000              0
_TOS                              EXTERNAL      00000000              0
_TOSH                             EXTERNAL      00000000              0
_TOSL                             EXTERNAL      00000000              0
_TOSU                             EXTERNAL      00000000              0
_TRISA                            EXTERNAL      00000000              0
_TRISAbits                        EXTERNAL      00000000              0
_TRISB                            EXTERNAL      00000000              0
_TRISBbits                        EXTERNAL      00000000              0
_TRISC                            EXTERNAL      00000000              0
_TRISCbits                        EXTERNAL      00000000              0
_TXREG                            EXTERNAL      00000000              0
_TXSTA                            EXTERNAL      00000000              0
_TXSTAbits                        EXTERNAL      00000000              0
_UADDR                            EXTERNAL      00000000              0
_UADDRbits                        EXTERNAL      00000000              0
_UCFG                             EXTERNAL      00000000              0
_UCFGbits                         EXTERNAL      00000000              0
_UCON                             EXTERNAL      00000000              0
_UCONbits                         EXTERNAL      00000000              0
_UEIE                             EXTERNAL      00000000              0
_UEIEbits                         EXTERNAL      00000000              0
_UEIR                             EXTERNAL      00000000              0
_UEIRbits                         EXTERNAL      00000000              0
_UEP0                             EXTERNAL      00000000              0
_UEP0bits                         EXTERNAL      00000000              0
gpasm-1.5.2 #0 (Sep 16 2019) build/default/pr   9-16-2019  10:32:01         PAGE 17


SYMBOL TABLE
  LABEL                              TYPE        VALUE         VALUE          VALUE
                                                 (hex)         (dec)          (text)

_UEP1                             EXTERNAL      00000000              0
_UEP1bits                         EXTERNAL      00000000              0
_UEP2                             EXTERNAL      00000000              0
_UEP2bits                         EXTERNAL      00000000              0
_UEP3                             EXTERNAL      00000000              0
_UEP3bits                         EXTERNAL      00000000              0
_UEP4                             EXTERNAL      00000000              0
_UEP4bits                         EXTERNAL      00000000              0
_UEP5                             EXTERNAL      00000000              0
_UEP5bits                         EXTERNAL      00000000              0
_UEP6                             EXTERNAL      00000000              0
_UEP6bits                         EXTERNAL      00000000              0
_UEP7                             EXTERNAL      00000000              0
_UEP7bits                         EXTERNAL      00000000              0
_UEP8                             EXTERNAL      00000000              0
_UEP8bits                         EXTERNAL      00000000              0
_UEP9                             EXTERNAL      00000000              0
_UEP9bits                         EXTERNAL      00000000              0
_UEP10                            EXTERNAL      00000000              0
_UEP10bits                        EXTERNAL      00000000              0
_UEP11                            EXTERNAL      00000000              0
_UEP11bits                        EXTERNAL      00000000              0
_UEP12                            EXTERNAL      00000000              0
_UEP12bits                        EXTERNAL      00000000              0
_UEP13                            EXTERNAL      00000000              0
_UEP13bits                        EXTERNAL      00000000              0
_UEP14                            EXTERNAL      00000000              0
_UEP14bits                        EXTERNAL      00000000              0
_UEP15                            EXTERNAL      00000000              0
_UEP15bits                        EXTERNAL      00000000              0
_UFRM                             EXTERNAL      00000000              0
_UFRMH                            EXTERNAL      00000000              0
_UFRMHbits                        EXTERNAL      00000000              0
_UFRML                            EXTERNAL      00000000              0
_UFRMLbits                        EXTERNAL      00000000              0
_UIE                              EXTERNAL      00000000              0
_UIEbits                          EXTERNAL      00000000              0
_UIR                              EXTERNAL      00000000              0
_UIRbits                          EXTERNAL      00000000              0
_USTAT                            EXTERNAL      00000000              0
_USTATbits                        EXTERNAL      00000000              0
_WDTCON                           EXTERNAL      00000000              0
_WDTCONbits                       EXTERNAL      00000000              0
_WREG                             EXTERNAL      00000000              0
__16_BIT                          CONSTANT      00000001              1
__18F2550                         CONSTANT      00000001              1
__ACC_RAM_LOW_END                 CONSTANT      0000005F             95
__ACC_RAM_LOW_START               CONSTANT      00000000              0
__ACTIVE_BANK_ADDR                VARIABLE      FFFFFFFF             -1
__ASSUMED_BANK_ADDR               VARIABLE      FFFFFFFF             -1
__BANK_0                          CONSTANT      00000000              0
__BANK_1                          CONSTANT      00000100            256
gpasm-1.5.2 #0 (Sep 16 2019) build/default/pr   9-16-2019  10:32:01         PAGE 18


SYMBOL TABLE
  LABEL                              TYPE        VALUE         VALUE          VALUE
                                                 (hex)         (dec)          (text)

__BANK_2                          CONSTANT      00000200            512
__BANK_3                          CONSTANT      00000300            768
__BANK_4                          CONSTANT      00000400           1024
__BANK_5                          CONSTANT      00000500           1280
__BANK_6                          CONSTANT      00000600           1536
__BANK_7                          CONSTANT      00000700           1792
__BANK_8                          CONSTANT      00000800           2048
__BANK_9                          CONSTANT      00000900           2304
__BANK_10                         CONSTANT      00000A00           2560
__BANK_11                         CONSTANT      00000B00           2816
__BANK_12                         CONSTANT      00000C00           3072
__BANK_13                         CONSTANT      00000D00           3328
__BANK_14                         CONSTANT      00000E00           3584
__BANK_15                         CONSTANT      00000F00           3840
__BANK_BITS                       CONSTANT      00000F00           3840
__BANK_FIRST                      CONSTANT      00000000              0
__BANK_INV                        CONSTANT      FFFFFFFF             -1
__BANK_LAST                       CONSTANT      00000F00           3840
__BANK_MASK                       CONSTANT      000000FF            255
__BANK_SHIFT                      CONSTANT      00000008              8
__BANK_SIZE                       CONSTANT      00000100            256
__CODE_END                        CONSTANT      00007FFF          32767
__CODE_START                      CONSTANT      00000000              0
__COMMON_RAM_END                  CONSTANT      0000005F             95
__COMMON_RAM_START                CONSTANT      00000000              0
__CONFIG_END                      CONSTANT      0030000D        3145741
__CONFIG_START                    CONSTANT      00300000        3145728
__EEPROM_END                      CONSTANT      00F000FF       15728895
__EEPROM_START                    CONSTANT      00F00000       15728640
__EXTENDED                        CONSTANT      00000001              1
__GPUTILS_SVN_VERSION             CONSTANT      00000000              0
__GPUTILS_VERSION_MAJOR           CONSTANT      00000001              1
__GPUTILS_VERSION_MICRO           CONSTANT      00000002              2
__GPUTILS_VERSION_MINOR           CONSTANT      00000005              5
__IDLOCS_END                      CONSTANT      00200007        2097159
__IDLOCS_START                    CONSTANT      00200000        2097152
__NUM_BANKS                       CONSTANT      00000010             16
__VECTOR_INT_HIGH                 CONSTANT      00000008              8
__VECTOR_INT_LOW                  CONSTANT      00000018             24
__VECTOR_RESET                    CONSTANT      00000000              0
__WHILE_LOOP_COUNT_MAX            CONSTANT      000000FF            255
__divslong                        EXTERNAL      00000000              0
__gptrget1                        EXTERNAL      00000000              0
_dvar                             EXTERNAL      00000000              0
_uart_brg                         GLOBAL        00000000              0
_uart_disable                     GLOBAL        00000000              0
_uart_enable                      GLOBAL        00000000              0
_uart_getch                       GLOBAL        00000000              0
_uart_init                        GLOBAL        00000000              0
_uart_isr                         GLOBAL        00000000              0
_uart_poll                        GLOBAL        00000000              0
_uart_putch                       GLOBAL        00000000              0
gpasm-1.5.2 #0 (Sep 16 2019) build/default/pr   9-16-2019  10:32:01         PAGE 19


SYMBOL TABLE
  LABEL                              TYPE        VALUE         VALUE          VALUE
                                                 (hex)         (dec)          (text)

_uart_puts                        GLOBAL        00000000              0
_uart_puts2                       GLOBAL        00000000              0
r0x00                             STATIC        00000000              0
r0x01                             STATIC        00000001              1
r0x02                             STATIC        00000002              2
r0x03                             STATIC        00000003              3

Errors   :     0
Warnings :     0 reported,     0 suppressed
Messages :     0 reported,     0 suppressed

