gpasm-1.5.2 #1319 (Sep 16 2019) build/default   27.11.2019  16:57:28        PAGE  1


LOC    OBJECT CODE    LINE  SOURCE TEXT
  VALUE

                      00001 ;--------------------------------------------------------
                      00002 ; File Created by SDCC : free open source ANSI-C Compiler
                      00003 ; Version 3.9.0 #11195 (Linux)
                      00004 ;--------------------------------------------------------
                      00005 ; PIC16 port for the Microchip 16-bit core micros
                      00006 ;--------------------------------------------------------
                      00007         list    p=18f2550
                      00008         radix   dec
                      00009 
                      00010 
                      00011 ;--------------------------------------------------------
                      00012 ; public variables in this module
                      00013 ;--------------------------------------------------------
  0000                00014         global  _blink
  0000                00015         global  _F3
  0000                00016         global  _F2
  0000                00017         global  _F1
  0000                00018         global  _timer1of
  0000                00019         global  _msecs
  0000                00020         global  _delay10ms
  0000                00021         global  _main
  0000                00022         global  _testloop
  0000                00023         global  _bres
  0000                00024         global  _msecpart
  0000                00025         global  _seconds
  0000                00026         global  _CCal
  0000                00027         global  _isr
                      00028 
                      00029 ;--------------------------------------------------------
                      00030 ; extern variables in this module
                      00031 ;--------------------------------------------------------
  0000                00032         extern  _UFRMLbits
  0000                00033         extern  _UFRMHbits
  0000                00034         extern  _UIRbits
  0000                00035         extern  _UIEbits
  0000                00036         extern  _UEIRbits
  0000                00037         extern  _UEIEbits
  0000                00038         extern  _USTATbits
  0000                00039         extern  _UCONbits
  0000                00040         extern  _UADDRbits
  0000                00041         extern  _UCFGbits
  0000                00042         extern  _UEP0bits
  0000                00043         extern  _UEP1bits
  0000                00044         extern  _UEP2bits
  0000                00045         extern  _UEP3bits
  0000                00046         extern  _UEP4bits
  0000                00047         extern  _UEP5bits
  0000                00048         extern  _UEP6bits
  0000                00049         extern  _UEP7bits
  0000                00050         extern  _UEP8bits
  0000                00051         extern  _UEP9bits
  0000                00052         extern  _UEP10bits
  0000                00053         extern  _UEP11bits
gpasm-1.5.2 #1319 (Sep 16 2019) build/default   27.11.2019  16:57:28        PAGE  2


LOC    OBJECT CODE    LINE  SOURCE TEXT
  VALUE

  0000                00054         extern  _UEP12bits
  0000                00055         extern  _UEP13bits
  0000                00056         extern  _UEP14bits
  0000                00057         extern  _UEP15bits
  0000                00058         extern  _PORTAbits
  0000                00059         extern  _PORTBbits
  0000                00060         extern  _PORTCbits
  0000                00061         extern  _PORTEbits
  0000                00062         extern  _LATAbits
  0000                00063         extern  _LATBbits
  0000                00064         extern  _LATCbits
  0000                00065         extern  _DDRAbits
  0000                00066         extern  _TRISAbits
  0000                00067         extern  _DDRBbits
  0000                00068         extern  _TRISBbits
  0000                00069         extern  _DDRCbits
  0000                00070         extern  _TRISCbits
  0000                00071         extern  _OSCTUNEbits
  0000                00072         extern  _PIE1bits
  0000                00073         extern  _PIR1bits
  0000                00074         extern  _IPR1bits
  0000                00075         extern  _PIE2bits
  0000                00076         extern  _PIR2bits
  0000                00077         extern  _IPR2bits
  0000                00078         extern  _EECON1bits
  0000                00079         extern  _RCSTAbits
  0000                00080         extern  _TXSTAbits
  0000                00081         extern  _T3CONbits
  0000                00082         extern  _CMCONbits
  0000                00083         extern  _CVRCONbits
  0000                00084         extern  _CCP1ASbits
  0000                00085         extern  _ECCP1ASbits
  0000                00086         extern  _CCP1DELbits
  0000                00087         extern  _ECCP1DELbits
  0000                00088         extern  _BAUDCONbits
  0000                00089         extern  _BAUDCTLbits
  0000                00090         extern  _CCP2CONbits
  0000                00091         extern  _CCP1CONbits
  0000                00092         extern  _ADCON2bits
  0000                00093         extern  _ADCON1bits
  0000                00094         extern  _ADCON0bits
  0000                00095         extern  _SSPCON2bits
  0000                00096         extern  _SSPCON1bits
  0000                00097         extern  _SSPSTATbits
  0000                00098         extern  _T2CONbits
  0000                00099         extern  _T1CONbits
  0000                00100         extern  _RCONbits
  0000                00101         extern  _WDTCONbits
  0000                00102         extern  _HLVDCONbits
  0000                00103         extern  _LVDCONbits
  0000                00104         extern  _OSCCONbits
  0000                00105         extern  _T0CONbits
  0000                00106         extern  _STATUSbits
gpasm-1.5.2 #1319 (Sep 16 2019) build/default   27.11.2019  16:57:28        PAGE  3


LOC    OBJECT CODE    LINE  SOURCE TEXT
  VALUE

  0000                00107         extern  _INTCON3bits
  0000                00108         extern  _INTCON2bits
  0000                00109         extern  _INTCONbits
  0000                00110         extern  _STKPTRbits
  0000                00111         extern  _dvar
  0000                00112         extern  _rxfifo
  0000                00113         extern  _rxiptr
  0000                00114         extern  _rxoptr
  0000                00115         extern  _txfifo
  0000                00116         extern  _txiptr
  0000                00117         extern  _txoptr
  0000                00118         extern  _ser_tmp
  0000                00119         extern  _ser_brg
  0000                00120         extern  _UFRM
  0000                00121         extern  _UFRML
  0000                00122         extern  _UFRMH
  0000                00123         extern  _UIR
  0000                00124         extern  _UIE
  0000                00125         extern  _UEIR
  0000                00126         extern  _UEIE
  0000                00127         extern  _USTAT
  0000                00128         extern  _UCON
  0000                00129         extern  _UADDR
  0000                00130         extern  _UCFG
  0000                00131         extern  _UEP0
  0000                00132         extern  _UEP1
  0000                00133         extern  _UEP2
  0000                00134         extern  _UEP3
  0000                00135         extern  _UEP4
  0000                00136         extern  _UEP5
  0000                00137         extern  _UEP6
  0000                00138         extern  _UEP7
  0000                00139         extern  _UEP8
  0000                00140         extern  _UEP9
  0000                00141         extern  _UEP10
  0000                00142         extern  _UEP11
  0000                00143         extern  _UEP12
  0000                00144         extern  _UEP13
  0000                00145         extern  _UEP14
  0000                00146         extern  _UEP15
  0000                00147         extern  _PORTA
  0000                00148         extern  _PORTB
  0000                00149         extern  _PORTC
  0000                00150         extern  _PORTE
  0000                00151         extern  _LATA
  0000                00152         extern  _LATB
  0000                00153         extern  _LATC
  0000                00154         extern  _DDRA
  0000                00155         extern  _TRISA
  0000                00156         extern  _DDRB
  0000                00157         extern  _TRISB
  0000                00158         extern  _DDRC
  0000                00159         extern  _TRISC
gpasm-1.5.2 #1319 (Sep 16 2019) build/default   27.11.2019  16:57:28        PAGE  4


LOC    OBJECT CODE    LINE  SOURCE TEXT
  VALUE

  0000                00160         extern  _OSCTUNE
  0000                00161         extern  _PIE1
  0000                00162         extern  _PIR1
  0000                00163         extern  _IPR1
  0000                00164         extern  _PIE2
  0000                00165         extern  _PIR2
  0000                00166         extern  _IPR2
  0000                00167         extern  _EECON1
  0000                00168         extern  _EECON2
  0000                00169         extern  _EEDATA
  0000                00170         extern  _EEADR
  0000                00171         extern  _RCSTA
  0000                00172         extern  _TXSTA
  0000                00173         extern  _TXREG
  0000                00174         extern  _RCREG
  0000                00175         extern  _SPBRG
  0000                00176         extern  _SPBRGH
  0000                00177         extern  _T3CON
  0000                00178         extern  _TMR3
  0000                00179         extern  _TMR3L
  0000                00180         extern  _TMR3H
  0000                00181         extern  _CMCON
  0000                00182         extern  _CVRCON
  0000                00183         extern  _CCP1AS
  0000                00184         extern  _ECCP1AS
  0000                00185         extern  _CCP1DEL
  0000                00186         extern  _ECCP1DEL
  0000                00187         extern  _BAUDCON
  0000                00188         extern  _BAUDCTL
  0000                00189         extern  _CCP2CON
  0000                00190         extern  _CCPR2
  0000                00191         extern  _CCPR2L
  0000                00192         extern  _CCPR2H
  0000                00193         extern  _CCP1CON
  0000                00194         extern  _CCPR1
  0000                00195         extern  _CCPR1L
  0000                00196         extern  _CCPR1H
  0000                00197         extern  _ADCON2
  0000                00198         extern  _ADCON1
  0000                00199         extern  _ADCON0
  0000                00200         extern  _ADRES
  0000                00201         extern  _ADRESL
  0000                00202         extern  _ADRESH
  0000                00203         extern  _SSPCON2
  0000                00204         extern  _SSPCON1
  0000                00205         extern  _SSPSTAT
  0000                00206         extern  _SSPADD
  0000                00207         extern  _SSPBUF
  0000                00208         extern  _T2CON
  0000                00209         extern  _PR2
  0000                00210         extern  _TMR2
  0000                00211         extern  _T1CON
  0000                00212         extern  _TMR1
gpasm-1.5.2 #1319 (Sep 16 2019) build/default   27.11.2019  16:57:28        PAGE  5


LOC    OBJECT CODE    LINE  SOURCE TEXT
  VALUE

  0000                00213         extern  _TMR1L
  0000                00214         extern  _TMR1H
  0000                00215         extern  _RCON
  0000                00216         extern  _WDTCON
  0000                00217         extern  _HLVDCON
  0000                00218         extern  _LVDCON
  0000                00219         extern  _OSCCON
  0000                00220         extern  _T0CON
  0000                00221         extern  _TMR0
  0000                00222         extern  _TMR0L
  0000                00223         extern  _TMR0H
  0000                00224         extern  _STATUS
  0000                00225         extern  _FSR2L
  0000                00226         extern  _FSR2H
  0000                00227         extern  _PLUSW2
  0000                00228         extern  _PREINC2
  0000                00229         extern  _POSTDEC2
  0000                00230         extern  _POSTINC2
  0000                00231         extern  _INDF2
  0000                00232         extern  _BSR
  0000                00233         extern  _FSR1L
  0000                00234         extern  _FSR1H
  0000                00235         extern  _PLUSW1
  0000                00236         extern  _PREINC1
  0000                00237         extern  _POSTDEC1
  0000                00238         extern  _POSTINC1
  0000                00239         extern  _INDF1
  0000                00240         extern  _WREG
  0000                00241         extern  _FSR0L
  0000                00242         extern  _FSR0H
  0000                00243         extern  _PLUSW0
  0000                00244         extern  _PREINC0
  0000                00245         extern  _POSTDEC0
  0000                00246         extern  _POSTINC0
  0000                00247         extern  _INDF0
  0000                00248         extern  _INTCON3
  0000                00249         extern  _INTCON2
  0000                00250         extern  _INTCON
  0000                00251         extern  _PROD
  0000                00252         extern  _PRODL
  0000                00253         extern  _PRODH
  0000                00254         extern  _TABLAT
  0000                00255         extern  _TBLPTR
  0000                00256         extern  _TBLPTRL
  0000                00257         extern  _TBLPTRH
  0000                00258         extern  _TBLPTRU
  0000                00259         extern  _PC
  0000                00260         extern  _PCL
  0000                00261         extern  _PCLATH
  0000                00262         extern  _PCLATU
  0000                00263         extern  _STKPTR
  0000                00264         extern  _TOS
  0000                00265         extern  _TOSL
gpasm-1.5.2 #1319 (Sep 16 2019) build/default   27.11.2019  16:57:28        PAGE  6


LOC    OBJECT CODE    LINE  SOURCE TEXT
  VALUE

  0000                00266         extern  _TOSH
  0000                00267         extern  _TOSU
  0000                00268         extern  _lcd_init
  0000                00269         extern  _lcd_begin
  0000                00270         extern  _lcd_clear
  0000                00271         extern  _lcd_gotoxy
  0000                00272         extern  _lcd_send
  0000                00273         extern  _timer0_init
  0000                00274         extern  _timer2_init
  0000                00275         extern  _ser_puts
  0000                00276         extern  _ser_init
  0000                00277         extern  _calibrate
  0000                00278         extern  _measure_capacitance
  0000                00279         extern  _measure_inductance
  0000                00280         extern  _lcd_puts
  0000                00281         extern  _print_indicator
  0000                00282         extern  _format_number
  0000                00283         extern  _format_double
  0000                00284         extern  _logo_image
                      00285 
                      00286 ;--------------------------------------------------------
                      00287 ;       Equates to used internal registers
                      00288 ;--------------------------------------------------------
  00000FD8            00289 STATUS  equ     0xfd8
  00000FFA            00290 PCLATH  equ     0xffa
  00000FFB            00291 PCLATU  equ     0xffb
  00000FE8            00292 WREG    equ     0xfe8
  00000FE0            00293 BSR     equ     0xfe0
  00000FE9            00294 FSR0L   equ     0xfe9
  00000FEA            00295 FSR0H   equ     0xfea
  00000FE1            00296 FSR1L   equ     0xfe1
  00000FD9            00297 FSR2L   equ     0xfd9
  00000FEF            00298 INDF0   equ     0xfef
  00000FE6            00299 POSTINC1        equ     0xfe6
  00000FE5            00300 POSTDEC1        equ     0xfe5
  00000FE4            00301 PREINC1 equ     0xfe4
  00000FF3            00302 PRODL   equ     0xff3
  00000FF4            00303 PRODH   equ     0xff4
                      00304 
                      00305 
                      00306         idata
000000 FF             00307 _mode   db      0xff
000001 00 00          00308 _blink  db      0x00, 0x00
000003 00             00309 _testloop_led_65536_86  db      0x00
000004 00 00          00310 _testloop_prev_s_65536_86       db      0x00, 0x00
                      00311 
                      00312 
                      00313 ; Internal registers
                      00314 .registers      udata_ovr       0x0000
000000                00315 r0x00   res     1
000001                00316 r0x01   res     1
000002                00317 r0x02   res     1
000003                00318 r0x03   res     1
gpasm-1.5.2 #1319 (Sep 16 2019) build/default   27.11.2019  16:57:28        PAGE  7


LOC    OBJECT CODE    LINE  SOURCE TEXT
  VALUE

000004                00319 r0x04   res     1
000005                00320 r0x05   res     1
                      00321 
                      00322 udata_LC_meter_0        udata
000000                00323 _msecs  res     4
                      00324 
                      00325 udata_LC_meter_1        udata
000000                00326 _timer1of       res     4
                      00327 
                      00328 udata_LC_meter_2        udata
000000                00329 _F1     res     4
                      00330 
                      00331 udata_LC_meter_3        udata
000000                00332 _F2     res     4
                      00333 
                      00334 udata_LC_meter_4        udata
000000                00335 _F3     res     4
                      00336 
                      00337 udata_LC_meter_5        udata
000000                00338 _bres   res     2
                      00339 
                      00340 udata_LC_meter_6        udata
000000                00341 _msecpart       res     2
                      00342 
                      00343 udata_LC_meter_7        udata
000000                00344 _seconds        res     4
                      00345 
                      00346 udata_LC_meter_8        udata
000000                00347 _CCal   res     4
                      00348 
                      00349 ;--------------------------------------------------------
                      00350 ; interrupt vector
                      00351 ;--------------------------------------------------------
                      00352 
                      00353 ;--------------------------------------------------------
                      00354 ; global & static initialisations
                      00355 ;--------------------------------------------------------
                      00356 ; ; Starting pCode block for absolute section
                      00357 ; ;-----------------------------------------
                      00358 S_LC_meter_ivec_0x0_isr code    0X000000
000000                00359 ivec_0x0_isr:
000000 EF?? F0??      00360         GOTO    _isr
                      00361 
                      00362 ; I code from now on!
                      00363 ; ; Starting pCode block
                      00364 S_LC_meter__main        code
000000                00365 _main:
000000 010?           00366         BANKSEL _seconds
                      00367 ;       .line   114; ../../../LC-meter.c        bres = msecpart = msecs = seconds = 0;
000002 6B??           00368         CLRF    _seconds, B
000004 010?           00369         BANKSEL (_seconds + 1)
000006 6B??           00370         CLRF    (_seconds + 1), B
000008 010?           00371         BANKSEL (_seconds + 2)
gpasm-1.5.2 #1319 (Sep 16 2019) build/default   27.11.2019  16:57:28        PAGE  8


LOC    OBJECT CODE    LINE  SOURCE TEXT
  VALUE

00000A 6B??           00372         CLRF    (_seconds + 2), B
00000C 010?           00373         BANKSEL (_seconds + 3)
00000E 6B??           00374         CLRF    (_seconds + 3), B
000010 010?           00375         BANKSEL _msecs
000012 6B??           00376         CLRF    _msecs, B
000014 010?           00377         BANKSEL (_msecs + 1)
000016 6B??           00378         CLRF    (_msecs + 1), B
000018 010?           00379         BANKSEL (_msecs + 2)
00001A 6B??           00380         CLRF    (_msecs + 2), B
00001C 010?           00381         BANKSEL (_msecs + 3)
00001E 6B??           00382         CLRF    (_msecs + 3), B
000020 010?           00383         BANKSEL _msecpart
000022 6B??           00384         CLRF    _msecpart, B
000024 010?           00385         BANKSEL (_msecpart + 1)
000026 6B??           00386         CLRF    (_msecpart + 1), B
000028 010?           00387         BANKSEL _bres
00002A 6B??           00388         CLRF    _bres, B
00002C 010?           00389         BANKSEL (_bres + 1)
00002E 6B??           00390         CLRF    (_bres + 1), B
                      00391 ;       .line   115; ../../../LC-meter.c        mode = -1;
000030 0EFF           00392         MOVLW   0xff
000032 010?           00393         BANKSEL _mode
000034 6F??           00394         MOVWF   _mode, B
000036 010?           00395         BANKSEL _CCal
                      00396 ;       .line   117; ../../../LC-meter.c        CCal = C_CAL;
000038 6B??           00397         CLRF    _CCal, B
00003A 010?           00398         BANKSEL (_CCal + 1)
00003C 6B??           00399         CLRF    (_CCal + 1), B
00003E 0E7A           00400         MOVLW   0x7a
000040 010?           00401         BANKSEL (_CCal + 2)
000042 6F??           00402         MOVWF   (_CCal + 2), B
000044 0E44           00403         MOVLW   0x44
000046 010?           00404         BANKSEL (_CCal + 3)
000048 6F??           00405         MOVWF   (_CCal + 3), B
                      00406 ;       .line   127; ../../../LC-meter.c        TRISA = 0b11001111;
00004A 0ECF           00407         MOVLW   0xcf
00004C 6E??           00408         MOVWF   _TRISA
                      00409 ;       .line   130; ../../../LC-meter.c        timer0_init(PRESCALE_1_256 | TIMER0_FLAGS_EXTCLK | TIMER
                            0_FLAGS_8BIT);
00004E 0E68           00410         MOVLW   0x68
000050 6EE5           00411         MOVWF   POSTDEC1
000052 EC?? F0??      00412         CALL    _timer0_init
000056 52E6           00413         MOVF    POSTINC1, F
                      00414 ;       .line   137; ../../../LC-meter.c        INTCON2 &= ~0b10000000; //   NOT_RBPU = 0; // enable por
                            tB internal pullup
000058 9E??           00415         BCF     _INTCON2, 7
                      00416 ;       .line   145; ../../../LC-meter.c        TRISC = 0b10111011;
00005A 0EBB           00417         MOVLW   0xbb
00005C 6E??           00418         MOVWF   _TRISC
                      00419 ;       .line   149; ../../../LC-meter.c        INIT_LED();
00005E 94??           00420         BCF     _TRISC, 2
                      00421 ;       .line   150; ../../../LC-meter.c        SET_LED(1);
000060 94??           00422         BCF     _LATC, 2
gpasm-1.5.2 #1319 (Sep 16 2019) build/default   27.11.2019  16:57:28        PAGE  9


LOC    OBJECT CODE    LINE  SOURCE TEXT
  VALUE

000062 84??           00423         BSF     _LATC, 2
                      00424 ;       .line   152; ../../../LC-meter.c        timer2_init(PRESCALE_1_1 | TIMER2_FLAGS_INTR);
000064 0E80           00425         MOVLW   0x80
000066 6EE5           00426         MOVWF   POSTDEC1
000068 EC?? F0??      00427         CALL    _timer2_init
00006C 52E6           00428         MOVF    POSTINC1, F
                      00429 ;       .line   160; ../../../LC-meter.c        lcd_init(true);
00006E 0E01           00430         MOVLW   0x01
000070 6EE5           00431         MOVWF   POSTDEC1
000072 EC?? F0??      00432         CALL    _lcd_init
000076 52E6           00433         MOVF    POSTINC1, F
                      00434 ;       .line   161; ../../../LC-meter.c        lcd_begin(2, 1);
000078 0E01           00435         MOVLW   0x01
00007A 6EE5           00436         MOVWF   POSTDEC1
00007C 0E02           00437         MOVLW   0x02
00007E 6EE5           00438         MOVWF   POSTDEC1
000080 EC?? F0??      00439         CALL    _lcd_begin
000084 52E6           00440         MOVF    POSTINC1, F
000086 52E6           00441         MOVF    POSTINC1, F
                      00442 ;       .line   164; ../../../LC-meter.c        LC_TRIS();
000088 80??           00443         BSF     _TRISC, 0
                      00444 ;       .line   165; ../../../LC-meter.c        RELAY_TRIS();
00008A 9A??           00445         BCF     _TRISC, 5
                      00446 ;       .line   167; ../../../LC-meter.c        REMOVE_CCAL();
00008C 94??           00447         BCF     _LATC, 2
                      00448 ;       .line   168; ../../../LC-meter.c        delay10ms(50);
00008E 0E32           00449         MOVLW   0x32
000090 6EE5           00450         MOVWF   POSTDEC1
000092 EC?? F0??      00451         CALL    _delay10ms
000096 52E6           00452         MOVF    POSTINC1, F
                      00453 ;       .line   169; ../../../LC-meter.c        ADD_CCAL();
000098 84??           00454         BSF     _LATC, 2
                      00455 ;       .line   170; ../../../LC-meter.c        delay10ms(50);
00009A 0E32           00456         MOVLW   0x32
00009C 6EE5           00457         MOVWF   POSTDEC1
00009E EC?? F0??      00458         CALL    _delay10ms
0000A2 52E6           00459         MOVF    POSTINC1, F
                      00460 ;       .line   171; ../../../LC-meter.c        REMOVE_CCAL();
0000A4 94??           00461         BCF     _LATC, 2
                      00462 ;       .line   172; ../../../LC-meter.c        delay10ms(50);
0000A6 0E32           00463         MOVLW   0x32
0000A8 6EE5           00464         MOVWF   POSTDEC1
0000AA EC?? F0??      00465         CALL    _delay10ms
0000AE 52E6           00466         MOVF    POSTINC1, F
                      00467 ;       .line   173; ../../../LC-meter.c        ADD_CCAL();
0000B0 84??           00468         BSF     _LATC, 2
                      00469 ;       .line   174; ../../../LC-meter.c        delay10ms(50);
0000B2 0E32           00470         MOVLW   0x32
0000B4 6EE5           00471         MOVWF   POSTDEC1
0000B6 EC?? F0??      00472         CALL    _delay10ms
0000BA 52E6           00473         MOVF    POSTINC1, F
                      00474 ;       .line   175; ../../../LC-meter.c        REMOVE_CCAL();
0000BC 94??           00475         BCF     _LATC, 2
gpasm-1.5.2 #1319 (Sep 16 2019) build/default   27.11.2019  16:57:28        PAGE 10


LOC    OBJECT CODE    LINE  SOURCE TEXT
  VALUE

                      00476 ;       .line   178; ../../../LC-meter.c        ser_init();
0000BE EC?? F0??      00477         CALL    _ser_init
                      00478 ;       .line   185; ../../../LC-meter.c        INTCON |= 0xc0; // PEIE = 1; GIE = 1;
0000C2 0EC0           00479         MOVLW   0xc0
0000C4 12??           00480         IORWF   _INTCON, F
                      00481 ;       .line   191; ../../../LC-meter.c        lcd_gotoxy(0, 0);
0000C6 0E00           00482         MOVLW   0x00
0000C8 6EE5           00483         MOVWF   POSTDEC1
0000CA 0E00           00484         MOVLW   0x00
0000CC 6EE5           00485         MOVWF   POSTDEC1
0000CE EC?? F0??      00486         CALL    _lcd_gotoxy
0000D2 52E6           00487         MOVF    POSTINC1, F
0000D4 52E6           00488         MOVF    POSTINC1, F
                      00489 ;       .line   193; ../../../LC-meter.c        lcd_puts("LC-meter ");
0000D6 0E??           00490         MOVLW   HIGH(___str_0)
0000D8 6E??           00491         MOVWF   r0x01
0000DA 0E??           00492         MOVLW   LOW(___str_0)
0000DC 6E??           00493         MOVWF   r0x00
0000DE 6A??           00494         CLRF    r0x02
0000E0 50??           00495         MOVF    r0x02, W
0000E2 6EE5           00496         MOVWF   POSTDEC1
0000E4 50??           00497         MOVF    r0x01, W
0000E6 6EE5           00498         MOVWF   POSTDEC1
0000E8 50??           00499         MOVF    r0x00, W
0000EA 6EE5           00500         MOVWF   POSTDEC1
0000EC EC?? F0??      00501         CALL    _lcd_puts
0000F0 0E03           00502         MOVLW   0x03
0000F2 26E1           00503         ADDWF   FSR1L, F
0000F4 010?           00504         BANKSEL (_CCal + 3)
                      00505 ;       .line   194; ../../../LC-meter.c        format_double(/*&lcd_putch,*/ CCal);
0000F6 51??           00506         MOVF    (_CCal + 3), W, B
0000F8 6EE5           00507         MOVWF   POSTDEC1
0000FA 010?           00508         BANKSEL (_CCal + 2)
0000FC 51??           00509         MOVF    (_CCal + 2), W, B
0000FE 6EE5           00510         MOVWF   POSTDEC1
000100 010?           00511         BANKSEL (_CCal + 1)
000102 51??           00512         MOVF    (_CCal + 1), W, B
000104 6EE5           00513         MOVWF   POSTDEC1
000106 010?           00514         BANKSEL _CCal
000108 51??           00515         MOVF    _CCal, W, B
00010A 6EE5           00516         MOVWF   POSTDEC1
00010C EC?? F0??      00517         CALL    _format_double
000110 0E04           00518         MOVLW   0x04
000112 26E1           00519         ADDWF   FSR1L, F
                      00520 ;       .line   200; ../../../LC-meter.c        delay10ms(200);
000114 0EC8           00521         MOVLW   0xc8
000116 6EE5           00522         MOVWF   POSTDEC1
000118 EC?? F0??      00523         CALL    _delay10ms
00011C 52E6           00524         MOVF    POSTINC1, F
                      00525 ;       .line   203; ../../../LC-meter.c        calibrate();
00011E EC?? F0??      00526         CALL    _calibrate
                      00527 ;       .line   206; ../../../LC-meter.c        lcd_clear();
000122 EC?? F0??      00528         CALL    _lcd_clear
gpasm-1.5.2 #1319 (Sep 16 2019) build/default   27.11.2019  16:57:28        PAGE 11


LOC    OBJECT CODE    LINE  SOURCE TEXT
  VALUE

000126                00529 _00183_DS_:
                      00530 ;       .line   215; ../../../LC-meter.c        char new_mode = LC_SELECT;
000126 50??           00531         MOVF    _PORTC, W
000128 0B01           00532         ANDLW   0x01
00012A 6E??           00533         MOVWF   r0x00
00012C 50??           00534         MOVF    r0x00, W
00012E 80D8           00535         BSF     STATUS, 0
000130 66E8           00536         TSTFSZ  WREG
000132 90D8           00537         BCF     STATUS, 0
000134 6A??           00538         CLRF    r0x00
000136 36??           00539         RLCF    r0x00, F
000138 50??           00540         MOVF    r0x00, W
00013A 80D8           00541         BSF     STATUS, 0
00013C 66E8           00542         TSTFSZ  WREG
00013E 90D8           00543         BCF     STATUS, 0
000140 6A??           00544         CLRF    r0x00
000142 36??           00545         RLCF    r0x00, F
                      00546 ;       .line   217; ../../../LC-meter.c        if(new_mode != mode) {
000144 50??           00547         MOVF    r0x00, W
000146 010?           00548         BANKSEL _mode
000148 19??           00549         XORWF   _mode, W, B
00014A E0??           00550         BZ      _00178_DS_
00014C                00551 _00218_DS_:
00014C 010?           00552         BANKSEL _mode
                      00553 ;       .line   218; ../../../LC-meter.c        ser_puts(mode ?  "- C (Unit: F) -" : "- L (Unit: H) -");
00014E 51??           00554         MOVF    _mode, W, B
000150 E0??           00555         BZ      _00187_DS_
000152 0E??           00556         MOVLW   LOW(___str_1)
000154 6E??           00557         MOVWF   r0x01
000156 0E??           00558         MOVLW   HIGH(___str_1)
000158 6E??           00559         MOVWF   r0x02
00015A 0E??           00560         MOVLW   UPPER(___str_1)
00015C 6E??           00561         MOVWF   r0x03
00015E D???           00562         BRA     _00188_DS_
000160                00563 _00187_DS_:
000160 0E??           00564         MOVLW   LOW(___str_2)
000162 6E??           00565         MOVWF   r0x01
000164 0E??           00566         MOVLW   HIGH(___str_2)
000166 6E??           00567         MOVWF   r0x02
000168 0E??           00568         MOVLW   UPPER(___str_2)
00016A 6E??           00569         MOVWF   r0x03
00016C                00570 _00188_DS_:
00016C 50??           00571         MOVF    r0x03, W
00016E 6E??           00572         MOVWF   r0x03
000170 50??           00573         MOVF    r0x02, W
000172 6E??           00574         MOVWF   r0x02
000174 50??           00575         MOVF    r0x01, W
000176 6E??           00576         MOVWF   r0x01
000178 50??           00577         MOVF    r0x03, W
00017A 6EE5           00578         MOVWF   POSTDEC1
00017C 50??           00579         MOVF    r0x02, W
00017E 6EE5           00580         MOVWF   POSTDEC1
000180 50??           00581         MOVF    r0x01, W
gpasm-1.5.2 #1319 (Sep 16 2019) build/default   27.11.2019  16:57:28        PAGE 12


LOC    OBJECT CODE    LINE  SOURCE TEXT
  VALUE

000182 6EE5           00582         MOVWF   POSTDEC1
000184 EC?? F0??      00583         CALL    _ser_puts
000188 0E03           00584         MOVLW   0x03
00018A 26E1           00585         ADDWF   FSR1L, F
                      00586 ;       .line   219; ../../../LC-meter.c        ser_puts("\r\n");
00018C 0E??           00587         MOVLW   HIGH(___str_3)
00018E 6E??           00588         MOVWF   r0x02
000190 0E??           00589         MOVLW   LOW(___str_3)
000192 6E??           00590         MOVWF   r0x01
000194 6A??           00591         CLRF    r0x03
000196 50??           00592         MOVF    r0x03, W
000198 6EE5           00593         MOVWF   POSTDEC1
00019A 50??           00594         MOVF    r0x02, W
00019C 6EE5           00595         MOVWF   POSTDEC1
00019E 50??           00596         MOVF    r0x01, W
0001A0 6EE5           00597         MOVWF   POSTDEC1
0001A2 EC?? F0??      00598         CALL    _ser_puts
0001A6 0E03           00599         MOVLW   0x03
0001A8 26E1           00600         ADDWF   FSR1L, F
                      00601 ;       .line   221; ../../../LC-meter.c        mode = new_mode;
0001AA C??? F???      00602         MOVFF   r0x00, _mode
0001AE                00603 _00178_DS_:
0001AE 010?           00604         BANKSEL _mode
                      00605 ;       .line   224; ../../../LC-meter.c        if(mode)
0001B0 51??           00606         MOVF    _mode, W, B
0001B2 E0??           00607         BZ      _00180_DS_
                      00608 ;       .line   225; ../../../LC-meter.c        measure_capacitance();
0001B4 EC?? F0??      00609         CALL    _measure_capacitance
0001B8 D???           00610         BRA     _00181_DS_
0001BA                00611 _00180_DS_:
                      00612 ;       .line   227; ../../../LC-meter.c        measure_inductance();
0001BA EC?? F0??      00613         CALL    _measure_inductance
0001BE                00614 _00181_DS_:
                      00615 ;       .line   229; ../../../LC-meter.c        print_indicator(1);
0001BE 0E01           00616         MOVLW   0x01
0001C0 6EE5           00617         MOVWF   POSTDEC1
0001C2 EC?? F0??      00618         CALL    _print_indicator
0001C6 52E6           00619         MOVF    POSTINC1, F
                      00620 ;       .line   230; ../../../LC-meter.c        delay10ms(30);
0001C8 0E1E           00621         MOVLW   0x1e
0001CA 6EE5           00622         MOVWF   POSTDEC1
0001CC EC?? F0??      00623         CALL    _delay10ms
0001D0 52E6           00624         MOVF    POSTINC1, F
                      00625 ;       .line   232; ../../../LC-meter.c        print_indicator(0);
0001D2 0E00           00626         MOVLW   0x00
0001D4 6EE5           00627         MOVWF   POSTDEC1
0001D6 EC?? F0??      00628         CALL    _print_indicator
0001DA 52E6           00629         MOVF    POSTINC1, F
                      00630 ;       .line   233; ../../../LC-meter.c        delay10ms(20);
0001DC 0E14           00631         MOVLW   0x14
0001DE 6EE5           00632         MOVWF   POSTDEC1
0001E0 EC?? F0??      00633         CALL    _delay10ms
0001E4 52E6           00634         MOVF    POSTINC1, F
gpasm-1.5.2 #1319 (Sep 16 2019) build/default   27.11.2019  16:57:28        PAGE 13


LOC    OBJECT CODE    LINE  SOURCE TEXT
  VALUE

0001E6 D???           00635         BRA     _00183_DS_
                      00636 ;       .line   235; ../../../LC-meter.c        }
0001E8 0012           00637         RETURN  
                      00638 
                      00639 ; ; Starting pCode block
                      00640 S_LC_meter__testloop    code
000000                00641 _testloop:
                      00642 ;       .line   238; ../../../LC-meter.c        testloop() {
000000 CFD9 FFE5      00643         MOVFF   FSR2L, POSTDEC1
000004 CFE1 FFD9      00644         MOVFF   FSR1L, FSR2L
000008 C??? F???      00645         MOVFF   r0x00, POSTDEC1
00000C C??? F???      00646         MOVFF   r0x01, POSTDEC1
000010 C??? F???      00647         MOVFF   r0x02, POSTDEC1
000014 C??? F???      00648         MOVFF   r0x03, POSTDEC1
000018 C??? F???      00649         MOVFF   r0x04, POSTDEC1
00001C C??? F???      00650         MOVFF   r0x05, POSTDEC1
                      00651 ;       .line   244; ../../../LC-meter.c        delay10ms(10);
000020 0E0A           00652         MOVLW   0x0a
000022 6EE5           00653         MOVWF   POSTDEC1
000024 EC?? F0??      00654         CALL    _delay10ms
000028 52E6           00655         MOVF    POSTINC1, F
                      00656 ;       .line   246; ../../../LC-meter.c        INTCON &= ~0x80; // GIE = 0;
00002A 9E??           00657         BCF     _INTCON, 7
00002C 010?           00658         BANKSEL _seconds
                      00659 ;       .line   247; ../../../LC-meter.c        s = seconds;
00002E 51??           00660         MOVF    _seconds, W, B
000030 6E??           00661         MOVWF   r0x00
000032 010?           00662         BANKSEL (_seconds + 1)
000034 51??           00663         MOVF    (_seconds + 1), W, B
000036 6E??           00664         MOVWF   r0x01
                      00665 ;       .line   248; ../../../LC-meter.c        INTCON |= 0x80; // GIE = 1;
000038 8E??           00666         BSF     _INTCON, 7
                      00667 ;       .line   258; ../../../LC-meter.c        lcd_gotoxy(10, 0);
00003A 0E00           00668         MOVLW   0x00
00003C 6EE5           00669         MOVWF   POSTDEC1
00003E 0E0A           00670         MOVLW   0x0a
000040 6EE5           00671         MOVWF   POSTDEC1
000042 EC?? F0??      00672         CALL    _lcd_gotoxy
000046 52E6           00673         MOVF    POSTINC1, F
000048 52E6           00674         MOVF    POSTINC1, F
                      00675 ;       .line   259; ../../../LC-meter.c        lcd_puts("      ");
00004A 0E??           00676         MOVLW   HIGH(___str_4)
00004C 6E??           00677         MOVWF   r0x03
00004E 0E??           00678         MOVLW   LOW(___str_4)
000050 6E??           00679         MOVWF   r0x02
000052 6A??           00680         CLRF    r0x04
000054 50??           00681         MOVF    r0x04, W
000056 6EE5           00682         MOVWF   POSTDEC1
000058 50??           00683         MOVF    r0x03, W
00005A 6EE5           00684         MOVWF   POSTDEC1
00005C 50??           00685         MOVF    r0x02, W
00005E 6EE5           00686         MOVWF   POSTDEC1
000060 EC?? F0??      00687         CALL    _lcd_puts
gpasm-1.5.2 #1319 (Sep 16 2019) build/default   27.11.2019  16:57:28        PAGE 14


LOC    OBJECT CODE    LINE  SOURCE TEXT
  VALUE

000064 0E03           00688         MOVLW   0x03
000066 26E1           00689         ADDWF   FSR1L, F
                      00690 ;       .line   260; ../../../LC-meter.c        lcd_gotoxy(10, 0);
000068 0E00           00691         MOVLW   0x00
00006A 6EE5           00692         MOVWF   POSTDEC1
00006C 0E0A           00693         MOVLW   0x0a
00006E 6EE5           00694         MOVWF   POSTDEC1
000070 EC?? F0??      00695         CALL    _lcd_gotoxy
000074 52E6           00696         MOVF    POSTINC1, F
000076 52E6           00697         MOVF    POSTINC1, F
                      00698 ;       .line   262; ../../../LC-meter.c        format_number(s, 10, 5);
000078 0E05           00699         MOVLW   0x05
00007A 6EE5           00700         MOVWF   POSTDEC1
00007C 0E0A           00701         MOVLW   0x0a
00007E 6EE5           00702         MOVWF   POSTDEC1
000080 50??           00703         MOVF    r0x01, W
000082 6EE5           00704         MOVWF   POSTDEC1
000084 50??           00705         MOVF    r0x00, W
000086 6EE5           00706         MOVWF   POSTDEC1
000088 EC?? F0??      00707         CALL    _format_number
00008C 0E04           00708         MOVLW   0x04
00008E 26E1           00709         ADDWF   FSR1L, F
                      00710 ;       .line   264; ../../../LC-meter.c        lcd_gotoxy(10, 1);
000090 0E01           00711         MOVLW   0x01
000092 6EE5           00712         MOVWF   POSTDEC1
000094 0E0A           00713         MOVLW   0x0a
000096 6EE5           00714         MOVWF   POSTDEC1
000098 EC?? F0??      00715         CALL    _lcd_gotoxy
00009C 52E6           00716         MOVF    POSTINC1, F
00009E 52E6           00717         MOVF    POSTINC1, F
                      00718 ;       .line   265; ../../../LC-meter.c        lcd_puts("      ");
0000A0 0E??           00719         MOVLW   HIGH(___str_4)
0000A2 6E??           00720         MOVWF   r0x03
0000A4 0E??           00721         MOVLW   LOW(___str_4)
0000A6 6E??           00722         MOVWF   r0x02
0000A8 6A??           00723         CLRF    r0x04
0000AA 50??           00724         MOVF    r0x04, W
0000AC 6EE5           00725         MOVWF   POSTDEC1
0000AE 50??           00726         MOVF    r0x03, W
0000B0 6EE5           00727         MOVWF   POSTDEC1
0000B2 50??           00728         MOVF    r0x02, W
0000B4 6EE5           00729         MOVWF   POSTDEC1
0000B6 EC?? F0??      00730         CALL    _lcd_puts
0000BA 0E03           00731         MOVLW   0x03
0000BC 26E1           00732         ADDWF   FSR1L, F
                      00733 ;       .line   266; ../../../LC-meter.c        lcd_gotoxy(10, 1);
0000BE 0E01           00734         MOVLW   0x01
0000C0 6EE5           00735         MOVWF   POSTDEC1
0000C2 0E0A           00736         MOVLW   0x0a
0000C4 6EE5           00737         MOVWF   POSTDEC1
0000C6 EC?? F0??      00738         CALL    _lcd_gotoxy
0000CA 52E6           00739         MOVF    POSTINC1, F
0000CC 52E6           00740         MOVF    POSTINC1, F
gpasm-1.5.2 #1319 (Sep 16 2019) build/default   27.11.2019  16:57:28        PAGE 15


LOC    OBJECT CODE    LINE  SOURCE TEXT
  VALUE

                      00741 ;       .line   267; ../../../LC-meter.c        format_number(TIMER1_VALUE, 10, 5);
0000CE C??? F???      00742         MOVFF   _TMR1H, r0x02
0000D2 6A??           00743         CLRF    r0x03
0000D4 50??           00744         MOVF    r0x02, W
0000D6 6E??           00745         MOVWF   r0x05
0000D8 6A??           00746         CLRF    r0x04
0000DA C??? F???      00747         MOVFF   _TMR1L, r0x02
0000DE 6A??           00748         CLRF    r0x03
0000E0 50??           00749         MOVF    r0x02, W
0000E2 12??           00750         IORWF   r0x04, F
0000E4 50??           00751         MOVF    r0x03, W
0000E6 12??           00752         IORWF   r0x05, F
0000E8 0E05           00753         MOVLW   0x05
0000EA 6EE5           00754         MOVWF   POSTDEC1
0000EC 0E0A           00755         MOVLW   0x0a
0000EE 6EE5           00756         MOVWF   POSTDEC1
0000F0 50??           00757         MOVF    r0x05, W
0000F2 6EE5           00758         MOVWF   POSTDEC1
0000F4 50??           00759         MOVF    r0x04, W
0000F6 6EE5           00760         MOVWF   POSTDEC1
0000F8 EC?? F0??      00761         CALL    _format_number
0000FC 0E04           00762         MOVLW   0x04
0000FE 26E1           00763         ADDWF   FSR1L, F
                      00764 ;       .line   269; ../../../LC-meter.c        lcd_gotoxy(0, 1);
000100 0E01           00765         MOVLW   0x01
000102 6EE5           00766         MOVWF   POSTDEC1
000104 0E00           00767         MOVLW   0x00
000106 6EE5           00768         MOVWF   POSTDEC1
000108 EC?? F0??      00769         CALL    _lcd_gotoxy
00010C 52E6           00770         MOVF    POSTINC1, F
00010E 52E6           00771         MOVF    POSTINC1, F
                      00772 ;       .line   270; ../../../LC-meter.c        lcd_puts("     ");
000110 0E??           00773         MOVLW   HIGH(___str_5)
000112 6E??           00774         MOVWF   r0x03
000114 0E??           00775         MOVLW   LOW(___str_5)
000116 6E??           00776         MOVWF   r0x02
000118 6A??           00777         CLRF    r0x04
00011A 50??           00778         MOVF    r0x04, W
00011C 6EE5           00779         MOVWF   POSTDEC1
00011E 50??           00780         MOVF    r0x03, W
000120 6EE5           00781         MOVWF   POSTDEC1
000122 50??           00782         MOVF    r0x02, W
000124 6EE5           00783         MOVWF   POSTDEC1
000126 EC?? F0??      00784         CALL    _lcd_puts
00012A 0E03           00785         MOVLW   0x03
00012C 26E1           00786         ADDWF   FSR1L, F
                      00787 ;       .line   271; ../../../LC-meter.c        lcd_gotoxy(0, 1);
00012E 0E01           00788         MOVLW   0x01
000130 6EE5           00789         MOVWF   POSTDEC1
000132 0E00           00790         MOVLW   0x00
000134 6EE5           00791         MOVWF   POSTDEC1
000136 EC?? F0??      00792         CALL    _lcd_gotoxy
00013A 52E6           00793         MOVF    POSTINC1, F
gpasm-1.5.2 #1319 (Sep 16 2019) build/default   27.11.2019  16:57:28        PAGE 16


LOC    OBJECT CODE    LINE  SOURCE TEXT
  VALUE

00013C 52E6           00794         MOVF    POSTINC1, F
                      00795 ;       .line   272; ../../../LC-meter.c        lcd_puts("RC4=");
00013E 0E??           00796         MOVLW   HIGH(___str_6)
000140 6E??           00797         MOVWF   r0x03
000142 0E??           00798         MOVLW   LOW(___str_6)
000144 6E??           00799         MOVWF   r0x02
000146 6A??           00800         CLRF    r0x04
000148 50??           00801         MOVF    r0x04, W
00014A 6EE5           00802         MOVWF   POSTDEC1
00014C 50??           00803         MOVF    r0x03, W
00014E 6EE5           00804         MOVWF   POSTDEC1
000150 50??           00805         MOVF    r0x02, W
000152 6EE5           00806         MOVWF   POSTDEC1
000154 EC?? F0??      00807         CALL    _lcd_puts
000158 0E03           00808         MOVLW   0x03
00015A 26E1           00809         ADDWF   FSR1L, F
                      00810 ;       .line   275; ../../../LC-meter.c        lcd_putch(LC_SELECT != 0 ? '1' : '0');
00015C 50??           00811         MOVF    _PORTC, W
00015E 0B01           00812         ANDLW   0x01
000160 6E??           00813         MOVWF   r0x02
000162 50??           00814         MOVF    r0x02, W
000164 80D8           00815         BSF     STATUS, 0
000166 66E8           00816         TSTFSZ  WREG
000168 90D8           00817         BCF     STATUS, 0
00016A 6A??           00818         CLRF    r0x02
00016C 36??           00819         RLCF    r0x02, F
00016E 50??           00820         MOVF    r0x02, W
000170 E1??           00821         BNZ     _00227_DS_
000172 0E31           00822         MOVLW   0x31
000174 6E??           00823         MOVWF   r0x02
000176 6A??           00824         CLRF    r0x03
000178 D???           00825         BRA     _00228_DS_
00017A                00826 _00227_DS_:
00017A 0E30           00827         MOVLW   0x30
00017C 6E??           00828         MOVWF   r0x02
00017E 6A??           00829         CLRF    r0x03
000180                00830 _00228_DS_:
000180 0E01           00831         MOVLW   0x01
000182 6EE5           00832         MOVWF   POSTDEC1
000184 50??           00833         MOVF    r0x02, W
000186 6EE5           00834         MOVWF   POSTDEC1
000188 EC?? F0??      00835         CALL    _lcd_send
00018C 52E6           00836         MOVF    POSTINC1, F
00018E 52E6           00837         MOVF    POSTINC1, F
                      00838 ;       .line   279; ../../../LC-meter.c        if(s != prev_s) {
000190 50??           00839         MOVF    r0x00, W
000192 010?           00840         BANKSEL _testloop_prev_s_65536_86
000194 19??           00841         XORWF   _testloop_prev_s_65536_86, W, B
000196 E1??           00842         BNZ     _00241_DS_
000198 50??           00843         MOVF    r0x01, W
00019A 010?           00844         BANKSEL (_testloop_prev_s_65536_86 + 1)
00019C 19??           00845         XORWF   (_testloop_prev_s_65536_86 + 1), W, B
00019E E0??           00846         BZ      _00225_DS_
gpasm-1.5.2 #1319 (Sep 16 2019) build/default   27.11.2019  16:57:28        PAGE 17


LOC    OBJECT CODE    LINE  SOURCE TEXT
  VALUE

0001A0                00847 _00241_DS_:
                      00848 ;       .line   281; ../../../LC-meter.c        format_number(s, 10, 0);
0001A0 0E00           00849         MOVLW   0x00
0001A2 6EE5           00850         MOVWF   POSTDEC1
0001A4 0E0A           00851         MOVLW   0x0a
0001A6 6EE5           00852         MOVWF   POSTDEC1
0001A8 50??           00853         MOVF    r0x01, W
0001AA 6EE5           00854         MOVWF   POSTDEC1
0001AC 50??           00855         MOVF    r0x00, W
0001AE 6EE5           00856         MOVWF   POSTDEC1
0001B0 EC?? F0??      00857         CALL    _format_number
0001B4 0E04           00858         MOVLW   0x04
0001B6 26E1           00859         ADDWF   FSR1L, F
                      00860 ;       .line   283; ../../../LC-meter.c        ser_puts("\r\n");
0001B8 0E??           00861         MOVLW   HIGH(___str_3)
0001BA 6E??           00862         MOVWF   r0x03
0001BC 0E??           00863         MOVLW   LOW(___str_3)
0001BE 6E??           00864         MOVWF   r0x02
0001C0 6A??           00865         CLRF    r0x04
0001C2 50??           00866         MOVF    r0x04, W
0001C4 6EE5           00867         MOVWF   POSTDEC1
0001C6 50??           00868         MOVF    r0x03, W
0001C8 6EE5           00869         MOVWF   POSTDEC1
0001CA 50??           00870         MOVF    r0x02, W
0001CC 6EE5           00871         MOVWF   POSTDEC1
0001CE EC?? F0??      00872         CALL    _ser_puts
0001D2 0E03           00873         MOVLW   0x03
0001D4 26E1           00874         ADDWF   FSR1L, F
                      00875 ;       .line   286; ../../../LC-meter.c        prev_s = s;
0001D6 C??? F???      00876         MOVFF   r0x00, _testloop_prev_s_65536_86
0001DA C??? F???      00877         MOVFF   r0x01, (_testloop_prev_s_65536_86 + 1)
0001DE                00878 _00225_DS_:
                      00879 ;       .line   288; ../../../LC-meter.c        }
0001DE CFE4 F000      00880         MOVFF   PREINC1, r0x05
0001E2 CFE4 F000      00881         MOVFF   PREINC1, r0x04
0001E6 CFE4 F000      00882         MOVFF   PREINC1, r0x03
0001EA CFE4 F000      00883         MOVFF   PREINC1, r0x02
0001EE CFE4 F000      00884         MOVFF   PREINC1, r0x01
0001F2 CFE4 F000      00885         MOVFF   PREINC1, r0x00
0001F6 CFE4 FFD9      00886         MOVFF   PREINC1, FSR2L
0001FA 0012           00887         RETURN  
                      00888 
                      00889 ; ; Starting pCode block
                      00890 S_LC_meter__isr code
000000                00891 _isr:
                      00892 ;       .line   83; ../../../LC-meter.c INTERRUPT_FN() {
000000 CFD8 FFE5      00893         MOVFF   STATUS, POSTDEC1
000004 CFE0 FFE5      00894         MOVFF   BSR, POSTDEC1
000008 6EE5           00895         MOVWF   POSTDEC1
00000A CFF3 FFE5      00896         MOVFF   PRODL, POSTDEC1
00000E CFF4 FFE5      00897         MOVFF   PRODH, POSTDEC1
000012 CFE9 FFE5      00898         MOVFF   FSR0L, POSTDEC1
000016 CFEA FFE5      00899         MOVFF   FSR0H, POSTDEC1
gpasm-1.5.2 #1319 (Sep 16 2019) build/default   27.11.2019  16:57:28        PAGE 18


LOC    OBJECT CODE    LINE  SOURCE TEXT
  VALUE

00001A CFFA FFE5      00900         MOVFF   PCLATH, POSTDEC1
00001E CFFB FFE5      00901         MOVFF   PCLATU, POSTDEC1
000022 CFD9 FFE5      00902         MOVFF   FSR2L, POSTDEC1
000026 CFE1 FFD9      00903         MOVFF   FSR1L, FSR2L
00002A C??? F???      00904         MOVFF   r0x00, POSTDEC1
00002E C??? F???      00905         MOVFF   r0x01, POSTDEC1
000032 C??? F???      00906         MOVFF   r0x02, POSTDEC1
000036 C??? F???      00907         MOVFF   r0x03, POSTDEC1
                      00908 ;       .line   85; ../../../LC-meter.c if(PIR1 & 0x02) {
00003A C??? F???      00909         MOVFF   _PIR1, r0x00
00003E A2??           00910         BTFSS   r0x00, 1
000040 D???           00911         BRA     _00115_DS_
000042 010?           00912         BANKSEL (_bres + 1)
                      00913 ;       .line   86; ../../../LC-meter.c bres += 256;
000044 2B??           00914         INCF    (_bres + 1), F, B
                      00915 ;       .line   87; ../../../LC-meter.c if(bres >= CYCLES_FOR_MSEC) {
000046 0E13           00916         MOVLW   0x13
000048 010?           00917         BANKSEL (_bres + 1)
00004A 5D??           00918         SUBWF   (_bres + 1), W, B
00004C E1??           00919         BNZ     _00160_DS_
00004E 0E88           00920         MOVLW   0x88
000050 010?           00921         BANKSEL _bres
000052 5D??           00922         SUBWF   _bres, W, B
000054                00923 _00160_DS_:
000054 A0D8           00924         BTFSS   STATUS, 0
000056 D???           00925         BRA     _00113_DS_
                      00926 ;       .line   88; ../../../LC-meter.c bres -= CYCLES_FOR_MSEC;
000058 C??? F???      00927         MOVFF   _bres, r0x00
00005C C??? F???      00928         MOVFF   (_bres + 1), r0x01
000060 50??           00929         MOVF    r0x00, W
000062 0F78           00930         ADDLW   0x78
000064 010?           00931         BANKSEL _bres
000066 6F??           00932         MOVWF   _bres, B
000068 0EEC           00933         MOVLW   0xec
00006A 20??           00934         ADDWFC  r0x01, W
00006C 010?           00935         BANKSEL (_bres + 1)
00006E 6F??           00936         MOVWF   (_bres + 1), B
                      00937 ;       .line   89; ../../../LC-meter.c msecpart++;
000070 C??? F???      00938         MOVFF   _msecpart, r0x00
000074 C??? F???      00939         MOVFF   (_msecpart + 1), r0x01
000078 50??           00940         MOVF    r0x00, W
00007A 0F01           00941         ADDLW   0x01
00007C 010?           00942         BANKSEL _msecpart
00007E 6F??           00943         MOVWF   _msecpart, B
000080 0E00           00944         MOVLW   0x00
000082 20??           00945         ADDWFC  r0x01, W
000084 010?           00946         BANKSEL (_msecpart + 1)
000086 6F??           00947         MOVWF   (_msecpart + 1), B
                      00948 ;       .line   90; ../../../LC-meter.c SET_LED(msecpart >= 833);
000088 94??           00949         BCF     _LATC, 2
00008A 0E03           00950         MOVLW   0x03
00008C 010?           00951         BANKSEL (_msecpart + 1)
00008E 5D??           00952         SUBWF   (_msecpart + 1), W, B
gpasm-1.5.2 #1319 (Sep 16 2019) build/default   27.11.2019  16:57:28        PAGE 19


LOC    OBJECT CODE    LINE  SOURCE TEXT
  VALUE

000090 E1??           00953         BNZ     _00163_DS_
000092 0E41           00954         MOVLW   0x41
000094 010?           00955         BANKSEL _msecpart
000096 5D??           00956         SUBWF   _msecpart, W, B
000098                00957 _00163_DS_:
000098 70D8           00958         BTG     STATUS, 0
00009A 6A??           00959         CLRF    r0x00
00009C 36??           00960         RLCF    r0x00, F
00009E 50??           00961         MOVF    r0x00, W
0000A0 80D8           00962         BSF     STATUS, 0
0000A2 66E8           00963         TSTFSZ  WREG
0000A4 90D8           00964         BCF     STATUS, 0
0000A6 6A??           00965         CLRF    r0x00
0000A8 36??           00966         RLCF    r0x00, F
0000AA 50??           00967         MOVF    r0x00, W
0000AC 80D8           00968         BSF     STATUS, 0
0000AE 66E8           00969         TSTFSZ  WREG
0000B0 90D8           00970         BCF     STATUS, 0
0000B2 6A??           00971         CLRF    r0x00
0000B4 36??           00972         RLCF    r0x00, F
0000B6 50??           00973         MOVF    r0x00, W
0000B8 80D8           00974         BSF     STATUS, 0
0000BA 66E8           00975         TSTFSZ  WREG
0000BC 90D8           00976         BCF     STATUS, 0
0000BE 6A??           00977         CLRF    r0x00
0000C0 36??           00978         RLCF    r0x00, F
0000C2 44??           00979         RLNCF   r0x00, W
0000C4 44E8           00980         RLNCF   WREG, W
0000C6 0BFC           00981         ANDLW   0xfc
0000C8 6E??           00982         MOVWF   r0x01
0000CA 50??           00983         MOVF    _LATC, W
0000CC 6E??           00984         MOVWF   r0x00
0000CE 50??           00985         MOVF    r0x01, W
0000D0 10??           00986         IORWF   r0x00, W
0000D2 6E??           00987         MOVWF   _LATC
                      00988 ;       .line   92; ../../../LC-meter.c if(msecpart >= 1000) {
0000D4 0E03           00989         MOVLW   0x03
0000D6 010?           00990         BANKSEL (_msecpart + 1)
0000D8 5D??           00991         SUBWF   (_msecpart + 1), W, B
0000DA E1??           00992         BNZ     _00165_DS_
0000DC 0EE8           00993         MOVLW   0xe8
0000DE 010?           00994         BANKSEL _msecpart
0000E0 5D??           00995         SUBWF   _msecpart, W, B
0000E2                00996 _00165_DS_:
0000E2 E3??           00997         BNC     _00113_DS_
                      00998 ;       .line   94; ../../../LC-meter.c seconds++;
0000E4 C??? F???      00999         MOVFF   _seconds, r0x00
0000E8 C??? F???      01000         MOVFF   (_seconds + 1), r0x01
0000EC C??? F???      01001         MOVFF   (_seconds + 2), r0x02
0000F0 C??? F???      01002         MOVFF   (_seconds + 3), r0x03
0000F4 50??           01003         MOVF    r0x00, W
0000F6 0F01           01004         ADDLW   0x01
0000F8 010?           01005         BANKSEL _seconds
gpasm-1.5.2 #1319 (Sep 16 2019) build/default   27.11.2019  16:57:28        PAGE 20


LOC    OBJECT CODE    LINE  SOURCE TEXT
  VALUE

0000FA 6F??           01006         MOVWF   _seconds, B
0000FC 0E00           01007         MOVLW   0x00
0000FE 20??           01008         ADDWFC  r0x01, W
000100 010?           01009         BANKSEL (_seconds + 1)
000102 6F??           01010         MOVWF   (_seconds + 1), B
000104 0E00           01011         MOVLW   0x00
000106 20??           01012         ADDWFC  r0x02, W
000108 010?           01013         BANKSEL (_seconds + 2)
00010A 6F??           01014         MOVWF   (_seconds + 2), B
00010C 0E00           01015         MOVLW   0x00
00010E 20??           01016         ADDWFC  r0x03, W
000110 010?           01017         BANKSEL (_seconds + 3)
000112 6F??           01018         MOVWF   (_seconds + 3), B
                      01019 ;       .line   95; ../../../LC-meter.c msecpart -= 1000;
000114 0E18           01020         MOVLW   0x18
000116 010?           01021         BANKSEL _msecpart
000118 27??           01022         ADDWF   _msecpart, F, B
00011A 0EFC           01023         MOVLW   0xfc
00011C 010?           01024         BANKSEL (_msecpart + 1)
00011E 23??           01025         ADDWFC  (_msecpart + 1), F, B
000120                01026 _00113_DS_:
                      01027 ;       .line   99; ../../../LC-meter.c PIR1 &= ~0b10; // TMR2IF = 0
000120 92??           01028         BCF     _PIR1, 1
000122                01029 _00115_DS_:
                      01030 ;       .line   102; ../../../LC-meter.c        ser_int();
000122 AA??           01031         BTFSS   _PIR1bits, 5
000124 D???           01032         BRA     _00119_DS_
000126 0E??           01033         MOVLW   LOW(_rxfifo)
000128 010?           01034         BANKSEL _rxiptr
00012A 25??           01035         ADDWF   _rxiptr, W, B
00012C 6E??           01036         MOVWF   r0x00
00012E 6A??           01037         CLRF    r0x01
000130 0E??           01038         MOVLW   HIGH(_rxfifo)
000132 22??           01039         ADDWFC  r0x01, F
000134 C??? F???      01040         MOVFF   r0x00, FSR0L
000138 C??? F???      01041         MOVFF   r0x01, FSR0H
00013C C??? F???      01042         MOVFF   _RCREG, INDF0
000140 010?           01043         BANKSEL _rxiptr
000142 51??           01044         MOVF    _rxiptr, W, B
000144 6E??           01045         MOVWF   r0x00
000146 2A??           01046         INCF    r0x00, F
000148 0E0F           01047         MOVLW   0x0f
00014A 14??           01048         ANDWF   r0x00, W
00014C 010?           01049         BANKSEL _ser_tmp
00014E 6F??           01050         MOVWF   _ser_tmp, B
000150 010?           01051         BANKSEL _ser_tmp
000152 51??           01052         MOVF    _ser_tmp, W, B
000154 010?           01053         BANKSEL _rxoptr
000156 19??           01054         XORWF   _rxoptr, W, B
000158 E0??           01055         BZ      _00119_DS_
00015A C??? F???      01056         MOVFF   _ser_tmp, _rxiptr
00015E                01057 _00119_DS_:
00015E A8??           01058         BTFSS   _PIR1bits, 4
gpasm-1.5.2 #1319 (Sep 16 2019) build/default   27.11.2019  16:57:28        PAGE 21


LOC    OBJECT CODE    LINE  SOURCE TEXT
  VALUE

000160 D???           01059         BRA     _00125_DS_
000162 A8??           01060         BTFSS   _PIE1bits, 4
000164 D???           01061         BRA     _00125_DS_
000166 0E??           01062         MOVLW   LOW(_txfifo)
000168 010?           01063         BANKSEL _txoptr
00016A 25??           01064         ADDWF   _txoptr, W, B
00016C 6E??           01065         MOVWF   r0x00
00016E 6A??           01066         CLRF    r0x01
000170 0E??           01067         MOVLW   HIGH(_txfifo)
000172 22??           01068         ADDWFC  r0x01, F
000174 C??? F???      01069         MOVFF   r0x00, FSR0L
000178 C??? F???      01070         MOVFF   r0x01, FSR0H
00017C CFEF F000      01071         MOVFF   INDF0, _TXREG
000180 010?           01072         BANKSEL _txoptr
000182 2B??           01073         INCF    _txoptr, F, B
000184 0E0F           01074         MOVLW   0x0f
000186 010?           01075         BANKSEL _txoptr
000188 17??           01076         ANDWF   _txoptr, F, B
00018A 010?           01077         BANKSEL _txoptr
00018C 51??           01078         MOVF    _txoptr, W, B
00018E 010?           01079         BANKSEL _txiptr
000190 19??           01080         XORWF   _txiptr, W, B
000192 E1??           01081         BNZ     _00121_DS_
000194 98??           01082         BCF     _PIE1bits, 4
000196                01083 _00121_DS_:
000196 98??           01084         BCF     _PIR1bits, 4
000198                01085 _00125_DS_:
                      01086 ;       .line   107; ../../../LC-meter.c        }
000198 CFE4 F000      01087         MOVFF   PREINC1, r0x03
00019C CFE4 F000      01088         MOVFF   PREINC1, r0x02
0001A0 CFE4 F000      01089         MOVFF   PREINC1, r0x01
0001A4 CFE4 F000      01090         MOVFF   PREINC1, r0x00
0001A8 CFE4 FFD9      01091         MOVFF   PREINC1, FSR2L
0001AC CFE4 FFFB      01092         MOVFF   PREINC1, PCLATU
0001B0 CFE4 FFFA      01093         MOVFF   PREINC1, PCLATH
0001B4 CFE4 FFEA      01094         MOVFF   PREINC1, FSR0H
0001B8 CFE4 FFE9      01095         MOVFF   PREINC1, FSR0L
0001BC CFE4 FFF4      01096         MOVFF   PREINC1, PRODH
0001C0 CFE4 FFF3      01097         MOVFF   PREINC1, PRODL
0001C4 50E4           01098         MOVF    PREINC1, W
0001C6 CFE4 FFE0      01099         MOVFF   PREINC1, BSR
0001CA CFE4 FFD8      01100         MOVFF   PREINC1, STATUS
0001CE 0010           01101         RETFIE  
                      01102 
                      01103 ; ; Starting pCode block
                      01104 S_LC_meter__delay10ms   code
000000                01105 _delay10ms:
                      01106 ;       .line   58; ../../../LC-meter.c delay10ms(unsigned char period_10ms) {
000000 CFD9 FFE5      01107         MOVFF   FSR2L, POSTDEC1
000004 CFE1 FFD9      01108         MOVFF   FSR1L, FSR2L
                      01109 ;       .line   62; ../../../LC-meter.c }
000008 CFE4 FFD9      01110         MOVFF   PREINC1, FSR2L
00000C 0012           01111         RETURN  
gpasm-1.5.2 #1319 (Sep 16 2019) build/default   27.11.2019  16:57:28        PAGE 22


LOC    OBJECT CODE    LINE  SOURCE TEXT
  VALUE

                      01112 
                      01113 ; ; Starting pCode block
00000E                01114 ___str_0:
00000E 434C 6D2D 7465 01115         DB      0x4c, 0x43, 0x2d, 0x6d, 0x65, 0x74, 0x65, 0x72, 0x20, 0x00
       7265 0020      
                      01116 ; ; Starting pCode block
000018                01117 ___str_1:
000018 202D 2043 5528 01118         DB      0x2d, 0x20, 0x43, 0x20, 0x28, 0x55, 0x6e, 0x69, 0x74, 0x3a, 0x20, 0x46
       696E 3A74 4620 
000024 2029 002D      01119         DB      0x29, 0x20, 0x2d, 0x00
                      01120 ; ; Starting pCode block
000028                01121 ___str_2:
000028 202D 204C 5528 01122         DB      0x2d, 0x20, 0x4c, 0x20, 0x28, 0x55, 0x6e, 0x69, 0x74, 0x3a, 0x20, 0x48
       696E 3A74 4820 
000034 2029 002D      01123         DB      0x29, 0x20, 0x2d, 0x00
                      01124 ; ; Starting pCode block
000038                01125 ___str_3:
000038 0A0D 0000      01126         DB      0x0d, 0x0a, 0x00
                      01127 ; ; Starting pCode block
00003C                01128 ___str_4:
00003C 2020 2020 2020 01129         DB      0x20, 0x20, 0x20, 0x20, 0x20, 0x20, 0x00
       0000           
                      01130 ; ; Starting pCode block
000044                01131 ___str_5:
000044 2020 2020 0020 01132         DB      0x20, 0x20, 0x20, 0x20, 0x20, 0x00
                      01133 ; ; Starting pCode block
00004A                01134 ___str_6:
00004A 4352 3D34 0000 01135         DB      0x52, 0x43, 0x34, 0x3d, 0x00
                      01136 
                      01137 
                      01138 ; Statistics:
                      01139 ; code size:     1496 (0x05d8) bytes ( 1.14%)
                      01140 ;                 748 (0x02ec) words
                      01141 ; udata size:      32 (0x0020) bytes ( 1.79%)
                      01142 ; access size:      6 (0x0006) bytes
                      01143 
                      01144 
                      01145         end
gpasm-1.5.2 #1319 (Sep 16 2019) build/default   27.11.2019  16:57:28        PAGE 23


SYMBOL TABLE
  LABEL                              TYPE        VALUE         VALUE          VALUE
                                                 (hex)         (dec)          (text)

BSR                               CONSTANT      00000FE0           4064
FSR0H                             CONSTANT      00000FEA           4074
FSR0L                             CONSTANT      00000FE9           4073
FSR1L                             CONSTANT      00000FE1           4065
FSR2L                             CONSTANT      00000FD9           4057
INDF0                             CONSTANT      00000FEF           4079
PCLATH                            CONSTANT      00000FFA           4090
PCLATU                            CONSTANT      00000FFB           4091
POSTDEC1                          CONSTANT      00000FE5           4069
POSTINC1                          CONSTANT      00000FE6           4070
PREINC1                           CONSTANT      00000FE4           4068
PRODH                             CONSTANT      00000FF4           4084
PRODL                             CONSTANT      00000FF3           4083
STATUS                            CONSTANT      00000FD8           4056
WREG                              CONSTANT      00000FE8           4072
_00113_DS_                        ADDRESS       00000120            288
_00115_DS_                        ADDRESS       00000122            290
_00119_DS_                        ADDRESS       0000015E            350
_00121_DS_                        ADDRESS       00000196            406
_00125_DS_                        ADDRESS       00000198            408
_00160_DS_                        ADDRESS       00000054             84
_00163_DS_                        ADDRESS       00000098            152
_00165_DS_                        ADDRESS       000000E2            226
_00178_DS_                        ADDRESS       000001AE            430
_00180_DS_                        ADDRESS       000001BA            442
_00181_DS_                        ADDRESS       000001BE            446
_00183_DS_                        ADDRESS       00000126            294
_00187_DS_                        ADDRESS       00000160            352
_00188_DS_                        ADDRESS       0000016C            364
_00218_DS_                        ADDRESS       0000014C            332
_00225_DS_                        ADDRESS       000001DE            478
_00227_DS_                        ADDRESS       0000017A            378
_00228_DS_                        ADDRESS       00000180            384
_00241_DS_                        ADDRESS       000001A0            416
_ADCON0                           EXTERNAL      00000000              0
_ADCON0bits                       EXTERNAL      00000000              0
_ADCON1                           EXTERNAL      00000000              0
_ADCON1bits                       EXTERNAL      00000000              0
_ADCON2                           EXTERNAL      00000000              0
_ADCON2bits                       EXTERNAL      00000000              0
_ADRES                            EXTERNAL      00000000              0
_ADRESH                           EXTERNAL      00000000              0
_ADRESL                           EXTERNAL      00000000              0
_BAUDCON                          EXTERNAL      00000000              0
_BAUDCONbits                      EXTERNAL      00000000              0
_BAUDCTL                          EXTERNAL      00000000              0
_BAUDCTLbits                      EXTERNAL      00000000              0
_BSR                              EXTERNAL      00000000              0
_CCP1AS                           EXTERNAL      00000000              0
_CCP1ASbits                       EXTERNAL      00000000              0
_CCP1CON                          EXTERNAL      00000000              0
_CCP1CONbits                      EXTERNAL      00000000              0
gpasm-1.5.2 #1319 (Sep 16 2019) build/default   27.11.2019  16:57:28        PAGE 24


SYMBOL TABLE
  LABEL                              TYPE        VALUE         VALUE          VALUE
                                                 (hex)         (dec)          (text)

_CCP1DEL                          EXTERNAL      00000000              0
_CCP1DELbits                      EXTERNAL      00000000              0
_CCP2CON                          EXTERNAL      00000000              0
_CCP2CONbits                      EXTERNAL      00000000              0
_CCPR1                            EXTERNAL      00000000              0
_CCPR1H                           EXTERNAL      00000000              0
_CCPR1L                           EXTERNAL      00000000              0
_CCPR2                            EXTERNAL      00000000              0
_CCPR2H                           EXTERNAL      00000000              0
_CCPR2L                           EXTERNAL      00000000              0
_CCal                             GLOBAL        00000000              0
_CMCON                            EXTERNAL      00000000              0
_CMCONbits                        EXTERNAL      00000000              0
_CVRCON                           EXTERNAL      00000000              0
_CVRCONbits                       EXTERNAL      00000000              0
_DDRA                             EXTERNAL      00000000              0
_DDRAbits                         EXTERNAL      00000000              0
_DDRB                             EXTERNAL      00000000              0
_DDRBbits                         EXTERNAL      00000000              0
_DDRC                             EXTERNAL      00000000              0
_DDRCbits                         EXTERNAL      00000000              0
_ECCP1AS                          EXTERNAL      00000000              0
_ECCP1ASbits                      EXTERNAL      00000000              0
_ECCP1DEL                         EXTERNAL      00000000              0
_ECCP1DELbits                     EXTERNAL      00000000              0
_EEADR                            EXTERNAL      00000000              0
_EECON1                           EXTERNAL      00000000              0
_EECON1bits                       EXTERNAL      00000000              0
_EECON2                           EXTERNAL      00000000              0
_EEDATA                           EXTERNAL      00000000              0
_F1                               GLOBAL        00000000              0
_F2                               GLOBAL        00000000              0
_F3                               GLOBAL        00000000              0
_FSR0H                            EXTERNAL      00000000              0
_FSR0L                            EXTERNAL      00000000              0
_FSR1H                            EXTERNAL      00000000              0
_FSR1L                            EXTERNAL      00000000              0
_FSR2H                            EXTERNAL      00000000              0
_FSR2L                            EXTERNAL      00000000              0
_HLVDCON                          EXTERNAL      00000000              0
_HLVDCONbits                      EXTERNAL      00000000              0
_INDF0                            EXTERNAL      00000000              0
_INDF1                            EXTERNAL      00000000              0
_INDF2                            EXTERNAL      00000000              0
_INTCON                           EXTERNAL      00000000              0
_INTCON2                          EXTERNAL      00000000              0
_INTCON2bits                      EXTERNAL      00000000              0
_INTCON3                          EXTERNAL      00000000              0
_INTCON3bits                      EXTERNAL      00000000              0
_INTCONbits                       EXTERNAL      00000000              0
_IPR1                             EXTERNAL      00000000              0
_IPR1bits                         EXTERNAL      00000000              0
gpasm-1.5.2 #1319 (Sep 16 2019) build/default   27.11.2019  16:57:28        PAGE 25


SYMBOL TABLE
  LABEL                              TYPE        VALUE         VALUE          VALUE
                                                 (hex)         (dec)          (text)

_IPR2                             EXTERNAL      00000000              0
_IPR2bits                         EXTERNAL      00000000              0
_LATA                             EXTERNAL      00000000              0
_LATAbits                         EXTERNAL      00000000              0
_LATB                             EXTERNAL      00000000              0
_LATBbits                         EXTERNAL      00000000              0
_LATC                             EXTERNAL      00000000              0
_LATCbits                         EXTERNAL      00000000              0
_LVDCON                           EXTERNAL      00000000              0
_LVDCONbits                       EXTERNAL      00000000              0
_OSCCON                           EXTERNAL      00000000              0
_OSCCONbits                       EXTERNAL      00000000              0
_OSCTUNE                          EXTERNAL      00000000              0
_OSCTUNEbits                      EXTERNAL      00000000              0
_PC                               EXTERNAL      00000000              0
_PCL                              EXTERNAL      00000000              0
_PCLATH                           EXTERNAL      00000000              0
_PCLATU                           EXTERNAL      00000000              0
_PIE1                             EXTERNAL      00000000              0
_PIE1bits                         EXTERNAL      00000000              0
_PIE2                             EXTERNAL      00000000              0
_PIE2bits                         EXTERNAL      00000000              0
_PIR1                             EXTERNAL      00000000              0
_PIR1bits                         EXTERNAL      00000000              0
_PIR2                             EXTERNAL      00000000              0
_PIR2bits                         EXTERNAL      00000000              0
_PLUSW0                           EXTERNAL      00000000              0
_PLUSW1                           EXTERNAL      00000000              0
_PLUSW2                           EXTERNAL      00000000              0
_PORTA                            EXTERNAL      00000000              0
_PORTAbits                        EXTERNAL      00000000              0
_PORTB                            EXTERNAL      00000000              0
_PORTBbits                        EXTERNAL      00000000              0
_PORTC                            EXTERNAL      00000000              0
_PORTCbits                        EXTERNAL      00000000              0
_PORTE                            EXTERNAL      00000000              0
_PORTEbits                        EXTERNAL      00000000              0
_POSTDEC0                         EXTERNAL      00000000              0
_POSTDEC1                         EXTERNAL      00000000              0
_POSTDEC2                         EXTERNAL      00000000              0
_POSTINC0                         EXTERNAL      00000000              0
_POSTINC1                         EXTERNAL      00000000              0
_POSTINC2                         EXTERNAL      00000000              0
_PR2                              EXTERNAL      00000000              0
_PREINC0                          EXTERNAL      00000000              0
_PREINC1                          EXTERNAL      00000000              0
_PREINC2                          EXTERNAL      00000000              0
_PROD                             EXTERNAL      00000000              0
_PRODH                            EXTERNAL      00000000              0
_PRODL                            EXTERNAL      00000000              0
_RCON                             EXTERNAL      00000000              0
_RCONbits                         EXTERNAL      00000000              0
gpasm-1.5.2 #1319 (Sep 16 2019) build/default   27.11.2019  16:57:28        PAGE 26


SYMBOL TABLE
  LABEL                              TYPE        VALUE         VALUE          VALUE
                                                 (hex)         (dec)          (text)

_RCREG                            EXTERNAL      00000000              0
_RCSTA                            EXTERNAL      00000000              0
_RCSTAbits                        EXTERNAL      00000000              0
_SPBRG                            EXTERNAL      00000000              0
_SPBRGH                           EXTERNAL      00000000              0
_SSPADD                           EXTERNAL      00000000              0
_SSPBUF                           EXTERNAL      00000000              0
_SSPCON1                          EXTERNAL      00000000              0
_SSPCON1bits                      EXTERNAL      00000000              0
_SSPCON2                          EXTERNAL      00000000              0
_SSPCON2bits                      EXTERNAL      00000000              0
_SSPSTAT                          EXTERNAL      00000000              0
_SSPSTATbits                      EXTERNAL      00000000              0
_STATUS                           EXTERNAL      00000000              0
_STATUSbits                       EXTERNAL      00000000              0
_STKPTR                           EXTERNAL      00000000              0
_STKPTRbits                       EXTERNAL      00000000              0
_T0CON                            EXTERNAL      00000000              0
_T0CONbits                        EXTERNAL      00000000              0
_T1CON                            EXTERNAL      00000000              0
_T1CONbits                        EXTERNAL      00000000              0
_T2CON                            EXTERNAL      00000000              0
_T2CONbits                        EXTERNAL      00000000              0
_T3CON                            EXTERNAL      00000000              0
_T3CONbits                        EXTERNAL      00000000              0
_TABLAT                           EXTERNAL      00000000              0
_TBLPTR                           EXTERNAL      00000000              0
_TBLPTRH                          EXTERNAL      00000000              0
_TBLPTRL                          EXTERNAL      00000000              0
_TBLPTRU                          EXTERNAL      00000000              0
_TMR0                             EXTERNAL      00000000              0
_TMR0H                            EXTERNAL      00000000              0
_TMR0L                            EXTERNAL      00000000              0
_TMR1                             EXTERNAL      00000000              0
_TMR1H                            EXTERNAL      00000000              0
_TMR1L                            EXTERNAL      00000000              0
_TMR2                             EXTERNAL      00000000              0
_TMR3                             EXTERNAL      00000000              0
_TMR3H                            EXTERNAL      00000000              0
_TMR3L                            EXTERNAL      00000000              0
_TOS                              EXTERNAL      00000000              0
_TOSH                             EXTERNAL      00000000              0
_TOSL                             EXTERNAL      00000000              0
_TOSU                             EXTERNAL      00000000              0
_TRISA                            EXTERNAL      00000000              0
_TRISAbits                        EXTERNAL      00000000              0
_TRISB                            EXTERNAL      00000000              0
_TRISBbits                        EXTERNAL      00000000              0
_TRISC                            EXTERNAL      00000000              0
_TRISCbits                        EXTERNAL      00000000              0
_TXREG                            EXTERNAL      00000000              0
_TXSTA                            EXTERNAL      00000000              0
gpasm-1.5.2 #1319 (Sep 16 2019) build/default   27.11.2019  16:57:28        PAGE 27


SYMBOL TABLE
  LABEL                              TYPE        VALUE         VALUE          VALUE
                                                 (hex)         (dec)          (text)

_TXSTAbits                        EXTERNAL      00000000              0
_UADDR                            EXTERNAL      00000000              0
_UADDRbits                        EXTERNAL      00000000              0
_UCFG                             EXTERNAL      00000000              0
_UCFGbits                         EXTERNAL      00000000              0
_UCON                             EXTERNAL      00000000              0
_UCONbits                         EXTERNAL      00000000              0
_UEIE                             EXTERNAL      00000000              0
_UEIEbits                         EXTERNAL      00000000              0
_UEIR                             EXTERNAL      00000000              0
_UEIRbits                         EXTERNAL      00000000              0
_UEP0                             EXTERNAL      00000000              0
_UEP0bits                         EXTERNAL      00000000              0
_UEP1                             EXTERNAL      00000000              0
_UEP1bits                         EXTERNAL      00000000              0
_UEP2                             EXTERNAL      00000000              0
_UEP2bits                         EXTERNAL      00000000              0
_UEP3                             EXTERNAL      00000000              0
_UEP3bits                         EXTERNAL      00000000              0
_UEP4                             EXTERNAL      00000000              0
_UEP4bits                         EXTERNAL      00000000              0
_UEP5                             EXTERNAL      00000000              0
_UEP5bits                         EXTERNAL      00000000              0
_UEP6                             EXTERNAL      00000000              0
_UEP6bits                         EXTERNAL      00000000              0
_UEP7                             EXTERNAL      00000000              0
_UEP7bits                         EXTERNAL      00000000              0
_UEP8                             EXTERNAL      00000000              0
_UEP8bits                         EXTERNAL      00000000              0
_UEP9                             EXTERNAL      00000000              0
_UEP9bits                         EXTERNAL      00000000              0
_UEP10                            EXTERNAL      00000000              0
_UEP10bits                        EXTERNAL      00000000              0
_UEP11                            EXTERNAL      00000000              0
_UEP11bits                        EXTERNAL      00000000              0
_UEP12                            EXTERNAL      00000000              0
_UEP12bits                        EXTERNAL      00000000              0
_UEP13                            EXTERNAL      00000000              0
_UEP13bits                        EXTERNAL      00000000              0
_UEP14                            EXTERNAL      00000000              0
_UEP14bits                        EXTERNAL      00000000              0
_UEP15                            EXTERNAL      00000000              0
_UEP15bits                        EXTERNAL      00000000              0
_UFRM                             EXTERNAL      00000000              0
_UFRMH                            EXTERNAL      00000000              0
_UFRMHbits                        EXTERNAL      00000000              0
_UFRML                            EXTERNAL      00000000              0
_UFRMLbits                        EXTERNAL      00000000              0
_UIE                              EXTERNAL      00000000              0
_UIEbits                          EXTERNAL      00000000              0
_UIR                              EXTERNAL      00000000              0
_UIRbits                          EXTERNAL      00000000              0
gpasm-1.5.2 #1319 (Sep 16 2019) build/default   27.11.2019  16:57:28        PAGE 28


SYMBOL TABLE
  LABEL                              TYPE        VALUE         VALUE          VALUE
                                                 (hex)         (dec)          (text)

_USTAT                            EXTERNAL      00000000              0
_USTATbits                        EXTERNAL      00000000              0
_WDTCON                           EXTERNAL      00000000              0
_WDTCONbits                       EXTERNAL      00000000              0
_WREG                             EXTERNAL      00000000              0
__16_BIT                          CONSTANT      00000001              1
__18F2550                         CONSTANT      00000001              1
__ACC_RAM_LOW_END                 CONSTANT      0000005F             95
__ACC_RAM_LOW_START               CONSTANT      00000000              0
__ACTIVE_BANK_ADDR                VARIABLE      FFFFFFFF             -1
__ASSUMED_BANK_ADDR               VARIABLE      FFFFFFFF             -1
__BANK_0                          CONSTANT      00000000              0
__BANK_1                          CONSTANT      00000100            256
__BANK_2                          CONSTANT      00000200            512
__BANK_3                          CONSTANT      00000300            768
__BANK_4                          CONSTANT      00000400           1024
__BANK_5                          CONSTANT      00000500           1280
__BANK_6                          CONSTANT      00000600           1536
__BANK_7                          CONSTANT      00000700           1792
__BANK_8                          CONSTANT      00000800           2048
__BANK_9                          CONSTANT      00000900           2304
__BANK_10                         CONSTANT      00000A00           2560
__BANK_11                         CONSTANT      00000B00           2816
__BANK_12                         CONSTANT      00000C00           3072
__BANK_13                         CONSTANT      00000D00           3328
__BANK_14                         CONSTANT      00000E00           3584
__BANK_15                         CONSTANT      00000F00           3840
__BANK_BITS                       CONSTANT      00000F00           3840
__BANK_FIRST                      CONSTANT      00000000              0
__BANK_INV                        CONSTANT      FFFFFFFF             -1
__BANK_LAST                       CONSTANT      00000F00           3840
__BANK_MASK                       CONSTANT      000000FF            255
__BANK_SHIFT                      CONSTANT      00000008              8
__BANK_SIZE                       CONSTANT      00000100            256
__CODE_END                        CONSTANT      00007FFF          32767
__CODE_START                      CONSTANT      00000000              0
__COMMON_RAM_END                  CONSTANT      0000005F             95
__COMMON_RAM_START                CONSTANT      00000000              0
__CONFIG_END                      CONSTANT      0030000D        3145741
__CONFIG_START                    CONSTANT      00300000        3145728
__EEPROM_END                      CONSTANT      00F000FF       15728895
__EEPROM_START                    CONSTANT      00F00000       15728640
__EXTENDED                        CONSTANT      00000001              1
__GPUTILS_SVN_VERSION             CONSTANT      00000527           1319
__GPUTILS_VERSION_MAJOR           CONSTANT      00000001              1
__GPUTILS_VERSION_MICRO           CONSTANT      00000002              2
__GPUTILS_VERSION_MINOR           CONSTANT      00000005              5
__IDLOCS_END                      CONSTANT      00200007        2097159
__IDLOCS_START                    CONSTANT      00200000        2097152
__NUM_BANKS                       CONSTANT      00000010             16
__VECTOR_INT_HIGH                 CONSTANT      00000008              8
__VECTOR_INT_LOW                  CONSTANT      00000018             24
gpasm-1.5.2 #1319 (Sep 16 2019) build/default   27.11.2019  16:57:28        PAGE 29


SYMBOL TABLE
  LABEL                              TYPE        VALUE         VALUE          VALUE
                                                 (hex)         (dec)          (text)

__VECTOR_RESET                    CONSTANT      00000000              0
__WHILE_LOOP_COUNT_MAX            CONSTANT      000000FF            255
___str_0                          ADDRESS       0000000E             14
___str_1                          ADDRESS       00000018             24
___str_2                          ADDRESS       00000028             40
___str_3                          ADDRESS       00000038             56
___str_4                          ADDRESS       0000003C             60
___str_5                          ADDRESS       00000044             68
___str_6                          ADDRESS       0000004A             74
_blink                            GLOBAL        00000001              1
_bres                             GLOBAL        00000000              0
_calibrate                        EXTERNAL      00000000              0
_delay10ms                        GLOBAL        00000000              0
_dvar                             EXTERNAL      00000000              0
_format_double                    EXTERNAL      00000000              0
_format_number                    EXTERNAL      00000000              0
_isr                              GLOBAL        00000000              0
_lcd_begin                        EXTERNAL      00000000              0
_lcd_clear                        EXTERNAL      00000000              0
_lcd_gotoxy                       EXTERNAL      00000000              0
_lcd_init                         EXTERNAL      00000000              0
_lcd_puts                         EXTERNAL      00000000              0
_lcd_send                         EXTERNAL      00000000              0
_logo_image                       EXTERNAL      00000000              0
_main                             GLOBAL        00000000              0
_measure_capacitance              EXTERNAL      00000000              0
_measure_inductance               EXTERNAL      00000000              0
_mode                             STATIC        00000000              0
_msecpart                         GLOBAL        00000000              0
_msecs                            GLOBAL        00000000              0
_print_indicator                  EXTERNAL      00000000              0
_rxfifo                           EXTERNAL      00000000              0
_rxiptr                           EXTERNAL      00000000              0
_rxoptr                           EXTERNAL      00000000              0
_seconds                          GLOBAL        00000000              0
_ser_brg                          EXTERNAL      00000000              0
_ser_init                         EXTERNAL      00000000              0
_ser_puts                         EXTERNAL      00000000              0
_ser_tmp                          EXTERNAL      00000000              0
_testloop                         GLOBAL        00000000              0
_testloop_led_65536_86            STATIC        00000003              3
_testloop_prev_s_65536_86         STATIC        00000004              4
_timer0_init                      EXTERNAL      00000000              0
_timer1of                         GLOBAL        00000000              0
_timer2_init                      EXTERNAL      00000000              0
_txfifo                           EXTERNAL      00000000              0
_txiptr                           EXTERNAL      00000000              0
_txoptr                           EXTERNAL      00000000              0
ivec_0x0_isr                      ADDRESS       00000000              0
r0x00                             STATIC        00000000              0
r0x01                             STATIC        00000001              1
r0x02                             STATIC        00000002              2
gpasm-1.5.2 #1319 (Sep 16 2019) build/default   27.11.2019  16:57:28        PAGE 30


SYMBOL TABLE
  LABEL                              TYPE        VALUE         VALUE          VALUE
                                                 (hex)         (dec)          (text)

r0x03                             STATIC        00000003              3
r0x04                             STATIC        00000004              4
r0x05                             STATIC        00000005              5

Errors   :     0
Warnings :     0 reported,     0 suppressed
Messages :     0 reported,     0 suppressed

