

Microchip Technology PIC18 Macro Assembler V1.34 build -361300703 
                                                                                                           Thu Sep 05 11:51:18 2019


     1                           
     2                           	; Microchip MPLAB XC8 C Compiler V1.34
     3                           	; Copyright (C) 1984-2015 HI-TECH Software
     4                           
     5                           	; Auto-generated runtime startup code for final link stage.
     6                           
     7                           	;
     8                           	; Compiler options:
     9                           	;
    10                           	; --chip=18F2455 -G \
    11                           	; -mdist/default/production/LC_meter_18f2455_xc8.X.production.map \
    12                           	; -DXPRJ_default=default --double=32 --float=24 --emi=wordwrite \
    13                           	; --opt=+asm,+asmfile,+speed,-space,-debug --addrqual=ignore --mode=pro \
    14                           	; -D__XC=1 -D__18f2455=1 -DUSE_TIMER1=1 -DUSE_TIMER2=1 -DUSE_SER=1 \
    15                           	; -DUSE_HD44780_LCD=1 -DXTAL_FREQ=20000000 -DBAUD_RATE=38400 -P -N255 \
    16                           	; -I../../../src -I../../../lib -v --warn=-3 --asmlist \
    17                           	; --summary=default,-psect,-class,+mem,-hex,-file \
    18                           	; --output=default,-inhx032 \
    19                           	; --runtime=default,+clear,+init,+keep,-no_startup,+download,+config,+clib,-plib \
    20                           	; --output=+mcof,-elf --stack=hybrid:auto:auto:auto \
    21                           	; --errformat=%f:%l: error: (%n) %s \
    22                           	; --warnformat=%f:%l: warning: (%n) %s \
    23                           	; --msgformat=%f:%l: advisory: (%n) %s --summary=+xml \
    24                           	; --summarydir=dist/default/production/memoryfile.xml \
    25                           	; -odist/default/production/LC_meter_18f2455_xc8.X.production.cof \
    26                           	; build/default/production/_ext/1386528437/print.p1 \
    27                           	; build/default/production/_ext/1386521430/ser.p1 \
    28                           	; build/default/production/_ext/1386521430/timer.p1 \
    29                           	; build/default/production/_ext/1386521430/format.p1 \
    30                           	; build/default/production/_ext/1386521430/lcd44780.p1 \
    31                           	; build/default/production/_ext/1386521430/buffer.p1 \
    32                           	; build/default/production/_ext/1386528437/LC-meter.p1 --ccmode=cci
    33                           	;
    34                           
    35                           
    36                           	processor	18F2455
    37                           
    38                           	GLOBAL	_main,start
    39                           	FNROOT	_main
    40                           
    41  0000                     
    42                           	psect	config,class=CONFIG,delta=1,noexec
    43                           	psect	idloc,class=IDLOC,delta=1,noexec
    44                           	psect	const,class=CODE,delta=1,reloc=2,noexec
    45                           	psect	smallconst,class=SMALLCONST,delta=1,reloc=2,noexec
    46                           	psect	mediumconst,class=MEDIUMCONST,delta=1,reloc=2,noexec
    47                           	psect	rbss,class=COMRAM,space=1,noexec
    48                           	psect	bss,class=RAM,space=1,noexec
    49                           	psect	rdata,class=COMRAM,space=1,noexec
    50                           	psect	irdata,class=CODE,space=0,reloc=2,noexec
    51                           	psect	bss,class=RAM,space=1,noexec
    52                           	psect	data,class=RAM,space=1,noexec
    53                           	psect	idata,class=CODE,space=0,reloc=2,noexec
    54                           	psect	nvrram,class=COMRAM,space=1,noexec
    55                           	psect	nvbit,class=COMRAM,bit,space=1,noexec
    56                           	psect	temp,ovrld,class=COMRAM,space=1,noexec
    57                           	psect	struct,ovrld,class=COMRAM,space=1,noexec
    58                           	psect	rbit,class=COMRAM,bit,space=1,noexec
    59                           	psect	bigbss,class=BIGRAM,space=1,noexec
    60                           	psect	bigdata,class=BIGRAM,space=1,noexec
    61                           	psect	ibigdata,class=CODE,space=0,reloc=2,noexec
    62                           	psect	farbss,class=FARRAM,space=0,reloc=2,delta=1,noexec
    63                           	psect	nvFARRAM,class=FARRAM,space=0,reloc=2,delta=1,noexec
    64                           	psect	fardata,class=FARRAM,space=0,reloc=2,delta=1,noexec
    65                           	psect	ifardata,class=CODE,space=0,reloc=2,delta=1,noexec
    66                           
    67                           	psect	reset_vec,class=CODE,delta=1,reloc=2
    68                           	psect	powerup,class=CODE,delta=1,reloc=2
    69                           	psect	intcode,class=CODE,delta=1,reloc=2
    70                           	psect	intcode_body,class=CODE,delta=1,reloc=2
    71                           	psect	intcodelo,class=CODE,delta=1,reloc=2
    72                           	psect	intret,class=CODE,delta=1,reloc=2
    73                           	psect	intentry,class=CODE,delta=1,reloc=2
    74                           
    75                           	psect	intsave_regs,class=BIGRAM,space=1
    76                           	psect	init,class=CODE,delta=1,reloc=2
    77                           	psect	text,class=CODE,delta=1,reloc=2
    78                           GLOBAL	intlevel0,intlevel1,intlevel2
    79                           intlevel0:
    80  000000                     intlevel1:
    81  000000                     intlevel2:
    82  000000                     GLOBAL	intlevel3
    83                           intlevel3:
    84  000000                     	psect	end_init,class=CODE,delta=1,reloc=2
    85                           	psect	clrtext,class=CODE,delta=1,reloc=2
    86                           
    87                           	psect	eeprom_data,class=EEDATA,delta=1,noexec
    88                           	psect	smallconst
    89                           	GLOBAL	__smallconst
    90                           __smallconst:
    91  000800                     	psect	mediumconst
    92                           	GLOBAL	__mediumconst
    93                           __mediumconst:
    94  000000                     wreg	EQU	0FE8h
    95  0000                     fsr0l	EQU	0FE9h
    96  0000                     fsr0h	EQU	0FEAh
    97  0000                     fsr1l	EQU	0FE1h
    98  0000                     fsr1h	EQU	0FE2h
    99  0000                     fsr2l	EQU	0FD9h
   100  0000                     fsr2h	EQU	0FDAh
   101  0000                     postinc0	EQU	0FEEh
   102  0000                     postdec0	EQU	0FEDh
   103  0000                     postinc1	EQU	0FE6h
   104  0000                     postdec1	EQU	0FE5h
   105  0000                     postinc2	EQU	0FDEh
   106  0000                     postdec2	EQU	0FDDh
   107  0000                     tblptrl	EQU	0FF6h
   108  0000                     tblptrh	EQU	0FF7h
   109  0000                     tblptru	EQU	0FF8h
   110  0000                     tablat		EQU	0FF5h
   111  0000                     
   112                           	PSECT	ramtop,class=RAM,noexec
   113                           	GLOBAL	__S1			; top of RAM usage
   114                           	GLOBAL	__ramtop
   115                           	GLOBAL	__LRAM,__HRAM
   116                           __ramtop:
   117  000800                     
   118                           	psect	reset_vec
   119                           reset_vec:
   120  000000                     	; No powerup routine
   121                           	global start
   122                           
   123                           ; jump to start
   124                           	goto start
   125  000000  EF0A  F000         	GLOBAL __accesstop
   126                           __accesstop EQU 96
   127  0000                     
   128                           
   129                           	psect	init
   130                           start:
   131  000014                     
   132                           ;Initialize the stack pointer (FSR1)
   133                           	global stacklo, stackhi
   134                           	stacklo	equ	0123h
   135  0000                     	stackhi	equ	07FFh
   136  0000                     
   137                           
   138                           	psect	stack,class=STACK,space=2,noexec
   139                           	global ___sp,___inthi_sp,___intlo_sp
   140                           ___sp:
   141  000000                     ___inthi_sp:
   142  000000                     ___intlo_sp:
   143  000000                     
   144                           	psect	end_init
   145                           	global start_initialization
   146                           	goto start_initialization	;jump to C runtime clear & initialization
   147  000014  EF54  F014         
   148                           ; Config register IDLOC0 @ 0x200000
   149                           ;	unspecified using default value
   150                           
   151                           	psect	idloc,class=IDLOC,delta=1,noexec
   152                           		org 0x0
   153  200000                     		db 0xFF
   154  200000  FF                 
   155                           ; Config register IDLOC1 @ 0x200001
   156                           ;	unspecified using default value
   157                           
   158                           	psect	idloc,class=IDLOC,delta=1,noexec
   159                           		org 0x1
   160  200001                     		db 0xFF
   161  200001  FF                 
   162                           ; Config register IDLOC2 @ 0x200002
   163                           ;	unspecified using default value
   164                           
   165                           	psect	idloc,class=IDLOC,delta=1,noexec
   166                           		org 0x2
   167  200002                     		db 0xFF
   168  200002  FF                 
   169                           ; Config register IDLOC3 @ 0x200003
   170                           ;	unspecified using default value
   171                           
   172                           	psect	idloc,class=IDLOC,delta=1,noexec
   173                           		org 0x3
   174  200003                     		db 0xFF
   175  200003  FF                 
   176                           ; Config register IDLOC4 @ 0x200004
   177                           ;	unspecified using default value
   178                           
   179                           	psect	idloc,class=IDLOC,delta=1,noexec
   180                           		org 0x4
   181  200004                     		db 0xFF
   182  200004  FF                 
   183                           ; Config register IDLOC5 @ 0x200005
   184                           ;	unspecified using default value
   185                           
   186                           	psect	idloc,class=IDLOC,delta=1,noexec
   187                           		org 0x5
   188  200005                     		db 0xFF
   189  200005  FF                 
   190                           ; Config register IDLOC6 @ 0x200006
   191                           ;	unspecified using default value
   192                           
   193                           	psect	idloc,class=IDLOC,delta=1,noexec
   194                           		org 0x6
   195  200006                     		db 0xFF
   196  200006  FF                 
   197                           ; Config register IDLOC7 @ 0x200007
   198                           ;	unspecified using default value
   199                           
   200                           	psect	idloc,class=IDLOC,delta=1,noexec
   201                           		org 0x7
   202  200007                     		db 0xFF
   203  200007  FF                 
   204                           ; Config register CONFIG1L @ 0x300000
   205                           ;	unspecified using default value
   206                           
   207                           	psect	config,class=CONFIG,delta=1,noexec
   208                           		org 0x0
   209  300000                     		db 0x0
   210  300000  00                 
   211                           ; Config register CONFIG1H @ 0x300001
   212                           ;	unspecified using default value
   213                           
   214                           	psect	config,class=CONFIG,delta=1,noexec
   215                           		org 0x1
   216  300001                     		db 0x5
   217  300001  05                 
   218                           ; Config register CONFIG2L @ 0x300002
   219                           ;	unspecified using default value
   220                           
   221                           	psect	config,class=CONFIG,delta=1,noexec
   222                           		org 0x2
   223  300002                     		db 0x1F
   224  300002  1F                 
   225                           ; Config register CONFIG2H @ 0x300003
   226                           ;	unspecified using default value
   227                           
   228                           	psect	config,class=CONFIG,delta=1,noexec
   229                           		org 0x3
   230  300003                     		db 0x1F
   231  300003  1F                 
   232                           ; Padding undefined space
   233                           	psect	config,class=CONFIG,delta=1,noexec
   234                           		org 0x4
   235  300004                     		db 0xFF
   236  300004  FF                 
   237                           ; Config register CONFIG3H @ 0x300005
   238                           ;	unspecified using default value
   239                           
   240                           	psect	config,class=CONFIG,delta=1,noexec
   241                           		org 0x5
   242  300005                     		db 0x83
   243  300005  83                 
   244                           ; Config register CONFIG4L @ 0x300006
   245                           ;	unspecified using default value
   246                           
   247                           	psect	config,class=CONFIG,delta=1,noexec
   248                           		org 0x6
   249  300006                     		db 0x85
   250  300006  85                 
   251                           ; Padding undefined space
   252                           	psect	config,class=CONFIG,delta=1,noexec
   253                           		org 0x7
   254  300007                     		db 0xFF
   255  300007  FF                 
   256                           ; Config register CONFIG5L @ 0x300008
   257                           ;	unspecified using default value
   258                           
   259                           	psect	config,class=CONFIG,delta=1,noexec
   260                           		org 0x8
   261  300008                     		db 0xF
   262  300008  0F                 
   263                           ; Config register CONFIG5H @ 0x300009
   264                           ;	unspecified using default value
   265                           
   266                           	psect	config,class=CONFIG,delta=1,noexec
   267                           		org 0x9
   268  300009                     		db 0xC0
   269  300009  C0                 
   270                           ; Config register CONFIG6L @ 0x30000A
   271                           ;	unspecified using default value
   272                           
   273                           	psect	config,class=CONFIG,delta=1,noexec
   274                           		org 0xA
   275  30000A                     		db 0xF
   276  30000A  0F                 
   277                           ; Config register CONFIG6H @ 0x30000B
   278                           ;	unspecified using default value
   279                           
   280                           	psect	config,class=CONFIG,delta=1,noexec
   281                           		org 0xB
   282  30000B                     		db 0xE0
   283  30000B  E0                 
   284                           ; Config register CONFIG7L @ 0x30000C
   285                           ;	unspecified using default value
   286                           
   287                           	psect	config,class=CONFIG,delta=1,noexec
   288                           		org 0xC
   289  30000C                     		db 0xF
   290  30000C  0F                 
   291                           ; Config register CONFIG7H @ 0x30000D
   292                           ;	unspecified using default value
   293                           
   294                           	psect	config,class=CONFIG,delta=1,noexec
   295                           		org 0xD
   296  30000D                     		db 0x40
   297  30000D  40                 


Microchip Technology PIC18 Macro Assembler V1.34 build -361300703 
Symbol Table                                                                                               Thu Sep 05 11:51:18 2019

                __S1 0123                 ___sp 0000                 _main 1BCC                 start 0014  
              __HRAM 0000                __LRAM 0001         __mediumconst 0000               stackhi 0007FF  
             stacklo 000123           __accesstop 000060           ___inthi_sp 0000           ___intlo_sp 0000  
            __ramtop 0800  start_initialization 28A8          __smallconst 0800             intlevel0 0000  
           intlevel1 0000             intlevel2 0000             intlevel3 0000             reset_vec 0000  
