

HI-TECH Software PIC Macro Assembler V9.83 build 10920 
                                                                                                           Sun Sep 18 17:23:12 2016


     1                           
     2                           	; HI-TECH C Compiler for PIC10/12/16 MCUs V9.83
     3                           	; Copyright (C) 1984-2011 HI-TECH Software
     4                           	;Serial no. HCPICP-36668
     5                           
     6                           	; Auto-generated runtime startup code for final link stage.
     7                           
     8                           	;
     9                           	; Compiler options:
    10                           	;
    11                           	; --codeoffset=0 --chip=16f876a --asmlist \
    12                           	; -mbuild/htc-16f876a/LC_meter_HD44780_debug.map \
    13                           	; -obuild/htc-16f876a/LC_meter_HD44780_debug.hex \
    14                           	; build/htc-16f876a/debug/LC-meter.p1 build/htc-16f876a/debug/delay.p1 \
    15                           	; build/htc-16f876a/debug/lcd44780.p1 \
    16                           	; build/htc-16f876a/debug/display.p1 build/htc-16f876a/debug/uart.p1 \
    17                           	; build/htc-16f876a/debug/timer.p1
    18                           	;
    19                           
    20                           
    21                           	processor	16F876A
    22                           
    23                           	global	_main,start,_exit,reset_vec
    24                           	fnroot	_main
    25                           	psect	config,class=CONFIG,delta=2
    26                           	psect	idloc,class=IDLOC,delta=2
    27                           	psect	code,class=CODE,delta=2
    28                           	psect	powerup,class=CODE,delta=2
    29                           	psect	reset_vec,class=CODE,delta=2
    30                           	psect	maintext,class=CODE,delta=2
    31  0000                     	C	set	0
    32  0002                     	Z	set	2
    33  0002                     	PCL	set	2
    34  0000                     	INDF	set	0
    35                           
    36  0003                     	STATUS	equ	3
    37  000A                     	PCLATH	equ	0Ah
    38                           
    39                           	psect	eeprom_data,class=EEDATA,delta=2,space=2
    40                           	psect	intentry,class=CODE,delta=2
    41                           	psect	functab,class=CODE,delta=2
    42                           	global	intlevel0,intlevel1,intlevel2, intlevel3, intlevel4, intlevel5
    43  0000                     intlevel0:
    44  0000                     intlevel1:
    45  0000                     intlevel2:
    46  0000                     intlevel3:
    47  0000                     intlevel4:
    48  0000                     intlevel5:
    49                           	psect	init,class=CODE,delta=2
    50                           	psect	cinit,class=CODE,delta=2
    51                           	psect	text,class=CODE,delta=2
    52                           	psect	end_init,class=CODE,delta=2
    53                           	psect	clrtext,class=CODE,delta=2
    54  0004                     	FSR	set	4
    55                           	psect	strings,class=CODE,delta=2,reloc=256
    56                           
    57                           	psect	reset_vec
    58  0000                     reset_vec:
    59                           	; No powerup routine
    60                           	global start
    61                           
    62                           ; jump to start
    63  0000  120A  118A  280C   	goto	start & 0x7FF | (reset_vec & not 0x7FF)
    64                           
    65                           
    66                           
    67                           	psect	init
    68  000C                     start
    69  000C                     _exit
    70                           	psect	end_init
    71                           	global start_initialization
    72  000C  120A  118A  2AD0   	ljmp start_initialization	;jump to C runtime clear & initialization


HI-TECH Software PICC Macro Assembler V9.83 build 10920 
Symbol Table                                                                                               Sun Sep 18 17:23:12 2016

               _main 0247                 _exit 000C                 start 000C  start_initialization 02D0  
           intlevel0 0000             intlevel1 0000             intlevel2 0000             intlevel3 0000  
           intlevel4 0000             intlevel5 0000             reset_vec 0000  
