gpasm-1.5.0 #1285 (Jul 12 2020) obj/sdcc-18f2   11/12/23  13:12:40          PAGE  1


LOC    OBJECT CODE    LINE  SOURCE TEXT
  VALUE

                      00001 ;--------------------------------------------------------
                      00002 ; File Created by SDCC : free open source ANSI-C Compiler
                      00003 ; Version 4.2.0 #13081 (Linux)
                      00004 ;--------------------------------------------------------
                      00005 ; PIC16 port for the Microchip 16-bit core micros
                      00006 ;--------------------------------------------------------
                      00007         list    p=18f25k22
                      00008         radix   dec
                      00009 
                      00010 
                      00011 ;--------------------------------------------------------
                      00012 ; public variables in this module
                      00013 ;--------------------------------------------------------
  0000                00014         global  _print_digit
  0000                00015         global  _print_unit
  0000                00016         global  _print_reading
  0000                00017         global  _print_indicator
  0000                00018         global  _output_putch
  0000                00019         global  _put_str
  0000                00020         global  _print_buffer
  0000                00021         global  _lcd_put
                      00022 
                      00023 ;--------------------------------------------------------
                      00024 ; extern variables in this module
                      00025 ;--------------------------------------------------------
  0000                00026         extern  __gptrget1
  0000                00027         extern  _buffer
  0000                00028         extern  _ANSELAbits
  0000                00029         extern  _ANSELBbits
  0000                00030         extern  _ANSELCbits
  0000                00031         extern  _PMD2bits
  0000                00032         extern  _PMD1bits
  0000                00033         extern  _PMD0bits
  0000                00034         extern  _DACCON1bits
  0000                00035         extern  _VREFCON2bits
  0000                00036         extern  _DACCON0bits
  0000                00037         extern  _VREFCON1bits
  0000                00038         extern  _FVRCONbits
  0000                00039         extern  _VREFCON0bits
  0000                00040         extern  _CTMUICONbits
  0000                00041         extern  _CTMUICONHbits
  0000                00042         extern  _CTMUCON1bits
  0000                00043         extern  _CTMUCONLbits
  0000                00044         extern  _CTMUCON0bits
  0000                00045         extern  _CTMUCONHbits
  0000                00046         extern  _SRCON1bits
  0000                00047         extern  _SRCON0bits
  0000                00048         extern  _CCPTMRS1bits
  0000                00049         extern  _CCPTMRS0bits
  0000                00050         extern  _T6CONbits
  0000                00051         extern  _T5GCONbits
  0000                00052         extern  _T5CONbits
  0000                00053         extern  _T4CONbits
gpasm-1.5.0 #1285 (Jul 12 2020) obj/sdcc-18f2   11/12/23  13:12:40          PAGE  2


LOC    OBJECT CODE    LINE  SOURCE TEXT
  VALUE

  0000                00054         extern  _CCP5CONbits
  0000                00055         extern  _CCP4CONbits
  0000                00056         extern  _PSTR3CONbits
  0000                00057         extern  _CCP3ASbits
  0000                00058         extern  _ECCP3ASbits
  0000                00059         extern  _PWM3CONbits
  0000                00060         extern  _CCP3CONbits
  0000                00061         extern  _SLRCONbits
  0000                00062         extern  _WPUBbits
  0000                00063         extern  _IOCBbits
  0000                00064         extern  _PSTR2CONbits
  0000                00065         extern  _CCP2ASbits
  0000                00066         extern  _ECCP2ASbits
  0000                00067         extern  _PWM2CONbits
  0000                00068         extern  _CCP2CONbits
  0000                00069         extern  _SSP2CON3bits
  0000                00070         extern  _SSP2MSKbits
  0000                00071         extern  _SSP2CON2bits
  0000                00072         extern  _SSP2CON1bits
  0000                00073         extern  _SSP2STATbits
  0000                00074         extern  _BAUD2CONbits
  0000                00075         extern  _BAUDCON2bits
  0000                00076         extern  _RC2STAbits
  0000                00077         extern  _RCSTA2bits
  0000                00078         extern  _TX2STAbits
  0000                00079         extern  _TXSTA2bits
  0000                00080         extern  _CM12CONbits
  0000                00081         extern  _CM2CON1bits
  0000                00082         extern  _CM2CONbits
  0000                00083         extern  _CM2CON0bits
  0000                00084         extern  _CM1CONbits
  0000                00085         extern  _CM1CON0bits
  0000                00086         extern  _PIE4bits
  0000                00087         extern  _PIR4bits
  0000                00088         extern  _IPR4bits
  0000                00089         extern  _PIE5bits
  0000                00090         extern  _PIR5bits
  0000                00091         extern  _IPR5bits
  0000                00092         extern  _PORTAbits
  0000                00093         extern  _PORTBbits
  0000                00094         extern  _PORTCbits
  0000                00095         extern  _PORTEbits
  0000                00096         extern  _LATAbits
  0000                00097         extern  _LATBbits
  0000                00098         extern  _LATCbits
  0000                00099         extern  _DDRAbits
  0000                00100         extern  _TRISAbits
  0000                00101         extern  _DDRBbits
  0000                00102         extern  _TRISBbits
  0000                00103         extern  _DDRCbits
  0000                00104         extern  _TRISCbits
  0000                00105         extern  _TRISEbits
  0000                00106         extern  _OSCTUNEbits
gpasm-1.5.0 #1285 (Jul 12 2020) obj/sdcc-18f2   11/12/23  13:12:40          PAGE  3


LOC    OBJECT CODE    LINE  SOURCE TEXT
  VALUE

  0000                00107         extern  _HLVDCONbits
  0000                00108         extern  _LVDCONbits
  0000                00109         extern  _PIE1bits
  0000                00110         extern  _PIR1bits
  0000                00111         extern  _IPR1bits
  0000                00112         extern  _PIE2bits
  0000                00113         extern  _PIR2bits
  0000                00114         extern  _IPR2bits
  0000                00115         extern  _PIE3bits
  0000                00116         extern  _PIR3bits
  0000                00117         extern  _IPR3bits
  0000                00118         extern  _EECON1bits
  0000                00119         extern  _EEADRbits
  0000                00120         extern  _RC1STAbits
  0000                00121         extern  _RCSTAbits
  0000                00122         extern  _RCSTA1bits
  0000                00123         extern  _TX1STAbits
  0000                00124         extern  _TXSTAbits
  0000                00125         extern  _TXSTA1bits
  0000                00126         extern  _T3CONbits
  0000                00127         extern  _T3GCONbits
  0000                00128         extern  _ECCP1ASbits
  0000                00129         extern  _ECCPASbits
  0000                00130         extern  _PWM1CONbits
  0000                00131         extern  _PWMCONbits
  0000                00132         extern  _BAUD1CONbits
  0000                00133         extern  _BAUDCONbits
  0000                00134         extern  _BAUDCON1bits
  0000                00135         extern  _BAUDCTLbits
  0000                00136         extern  _PSTR1CONbits
  0000                00137         extern  _PSTRCONbits
  0000                00138         extern  _T2CONbits
  0000                00139         extern  _CCP1CONbits
  0000                00140         extern  _ADCON2bits
  0000                00141         extern  _ADCON1bits
  0000                00142         extern  _ADCON0bits
  0000                00143         extern  _SSP1CON2bits
  0000                00144         extern  _SSPCON2bits
  0000                00145         extern  _SSP1CON1bits
  0000                00146         extern  _SSPCON1bits
  0000                00147         extern  _SSP1STATbits
  0000                00148         extern  _SSPSTATbits
  0000                00149         extern  _SSP1MSKbits
  0000                00150         extern  _SSPMSKbits
  0000                00151         extern  _SSP1CON3bits
  0000                00152         extern  _SSPCON3bits
  0000                00153         extern  _T1GCONbits
  0000                00154         extern  _T1CONbits
  0000                00155         extern  _RCONbits
  0000                00156         extern  _WDTCONbits
  0000                00157         extern  _OSCCON2bits
  0000                00158         extern  _OSCCONbits
  0000                00159         extern  _T0CONbits
gpasm-1.5.0 #1285 (Jul 12 2020) obj/sdcc-18f2   11/12/23  13:12:40          PAGE  4


LOC    OBJECT CODE    LINE  SOURCE TEXT
  VALUE

  0000                00160         extern  _STATUSbits
  0000                00161         extern  _INTCON3bits
  0000                00162         extern  _INTCON2bits
  0000                00163         extern  _INTCONbits
  0000                00164         extern  _STKPTRbits
  0000                00165         extern  _ser_rxfifo
  0000                00166         extern  _ser_rxiptr
  0000                00167         extern  _ser_rxoptr
  0000                00168         extern  _ser_txfifo
  0000                00169         extern  _ser_txiptr
  0000                00170         extern  _ser_txoptr
  0000                00171         extern  _ser_tmp
  0000                00172         extern  _ser_brg
  0000                00173         extern  _ANSELA
  0000                00174         extern  _ANSELB
  0000                00175         extern  _ANSELC
  0000                00176         extern  _PMD2
  0000                00177         extern  _PMD1
  0000                00178         extern  _PMD0
  0000                00179         extern  _DACCON1
  0000                00180         extern  _VREFCON2
  0000                00181         extern  _DACCON0
  0000                00182         extern  _VREFCON1
  0000                00183         extern  _FVRCON
  0000                00184         extern  _VREFCON0
  0000                00185         extern  _CTMUICON
  0000                00186         extern  _CTMUICONH
  0000                00187         extern  _CTMUCON1
  0000                00188         extern  _CTMUCONL
  0000                00189         extern  _CTMUCON0
  0000                00190         extern  _CTMUCONH
  0000                00191         extern  _SRCON1
  0000                00192         extern  _SRCON0
  0000                00193         extern  _CCPTMRS1
  0000                00194         extern  _CCPTMRS0
  0000                00195         extern  _T6CON
  0000                00196         extern  _PR6
  0000                00197         extern  _TMR6
  0000                00198         extern  _T5GCON
  0000                00199         extern  _T5CON
  0000                00200         extern  _TMR5
  0000                00201         extern  _TMR5L
  0000                00202         extern  _TMR5H
  0000                00203         extern  _T4CON
  0000                00204         extern  _PR4
  0000                00205         extern  _TMR4
  0000                00206         extern  _CCP5CON
  0000                00207         extern  _CCPR5
  0000                00208         extern  _CCPR5L
  0000                00209         extern  _CCPR5H
  0000                00210         extern  _CCP4CON
  0000                00211         extern  _CCPR4
  0000                00212         extern  _CCPR4L
gpasm-1.5.0 #1285 (Jul 12 2020) obj/sdcc-18f2   11/12/23  13:12:40          PAGE  5


LOC    OBJECT CODE    LINE  SOURCE TEXT
  VALUE

  0000                00213         extern  _CCPR4H
  0000                00214         extern  _PSTR3CON
  0000                00215         extern  _CCP3AS
  0000                00216         extern  _ECCP3AS
  0000                00217         extern  _PWM3CON
  0000                00218         extern  _CCP3CON
  0000                00219         extern  _CCPR3
  0000                00220         extern  _CCPR3L
  0000                00221         extern  _CCPR3H
  0000                00222         extern  _SLRCON
  0000                00223         extern  _WPUB
  0000                00224         extern  _IOCB
  0000                00225         extern  _PSTR2CON
  0000                00226         extern  _CCP2AS
  0000                00227         extern  _ECCP2AS
  0000                00228         extern  _PWM2CON
  0000                00229         extern  _CCP2CON
  0000                00230         extern  _CCPR2
  0000                00231         extern  _CCPR2L
  0000                00232         extern  _CCPR2H
  0000                00233         extern  _SSP2CON3
  0000                00234         extern  _SSP2MSK
  0000                00235         extern  _SSP2CON2
  0000                00236         extern  _SSP2CON1
  0000                00237         extern  _SSP2STAT
  0000                00238         extern  _SSP2ADD
  0000                00239         extern  _SSP2BUF
  0000                00240         extern  _BAUD2CON
  0000                00241         extern  _BAUDCON2
  0000                00242         extern  _RC2STA
  0000                00243         extern  _RCSTA2
  0000                00244         extern  _TX2STA
  0000                00245         extern  _TXSTA2
  0000                00246         extern  _TX2REG
  0000                00247         extern  _TXREG2
  0000                00248         extern  _RC2REG
  0000                00249         extern  _RCREG2
  0000                00250         extern  _SP2BRG
  0000                00251         extern  _SPBRG2
  0000                00252         extern  _SP2BRGH
  0000                00253         extern  _SPBRGH2
  0000                00254         extern  _CM12CON
  0000                00255         extern  _CM2CON1
  0000                00256         extern  _CM2CON
  0000                00257         extern  _CM2CON0
  0000                00258         extern  _CM1CON
  0000                00259         extern  _CM1CON0
  0000                00260         extern  _PIE4
  0000                00261         extern  _PIR4
  0000                00262         extern  _IPR4
  0000                00263         extern  _PIE5
  0000                00264         extern  _PIR5
  0000                00265         extern  _IPR5
gpasm-1.5.0 #1285 (Jul 12 2020) obj/sdcc-18f2   11/12/23  13:12:40          PAGE  6


LOC    OBJECT CODE    LINE  SOURCE TEXT
  VALUE

  0000                00266         extern  _PORTA
  0000                00267         extern  _PORTB
  0000                00268         extern  _PORTC
  0000                00269         extern  _PORTE
  0000                00270         extern  _LATA
  0000                00271         extern  _LATB
  0000                00272         extern  _LATC
  0000                00273         extern  _DDRA
  0000                00274         extern  _TRISA
  0000                00275         extern  _DDRB
  0000                00276         extern  _TRISB
  0000                00277         extern  _DDRC
  0000                00278         extern  _TRISC
  0000                00279         extern  _TRISE
  0000                00280         extern  _OSCTUNE
  0000                00281         extern  _HLVDCON
  0000                00282         extern  _LVDCON
  0000                00283         extern  _PIE1
  0000                00284         extern  _PIR1
  0000                00285         extern  _IPR1
  0000                00286         extern  _PIE2
  0000                00287         extern  _PIR2
  0000                00288         extern  _IPR2
  0000                00289         extern  _PIE3
  0000                00290         extern  _PIR3
  0000                00291         extern  _IPR3
  0000                00292         extern  _EECON1
  0000                00293         extern  _EECON2
  0000                00294         extern  _EEDATA
  0000                00295         extern  _EEADR
  0000                00296         extern  _RC1STA
  0000                00297         extern  _RCSTA
  0000                00298         extern  _RCSTA1
  0000                00299         extern  _TX1STA
  0000                00300         extern  _TXSTA
  0000                00301         extern  _TXSTA1
  0000                00302         extern  _TX1REG
  0000                00303         extern  _TXREG
  0000                00304         extern  _TXREG1
  0000                00305         extern  _RC1REG
  0000                00306         extern  _RCREG
  0000                00307         extern  _RCREG1
  0000                00308         extern  _SP1BRG
  0000                00309         extern  _SPBRG
  0000                00310         extern  _SPBRG1
  0000                00311         extern  _SP1BRGH
  0000                00312         extern  _SPBRGH
  0000                00313         extern  _SPBRGH1
  0000                00314         extern  _T3CON
  0000                00315         extern  _TMR3
  0000                00316         extern  _TMR3L
  0000                00317         extern  _TMR3H
  0000                00318         extern  _T3GCON
gpasm-1.5.0 #1285 (Jul 12 2020) obj/sdcc-18f2   11/12/23  13:12:40          PAGE  7


LOC    OBJECT CODE    LINE  SOURCE TEXT
  VALUE

  0000                00319         extern  _ECCP1AS
  0000                00320         extern  _ECCPAS
  0000                00321         extern  _PWM1CON
  0000                00322         extern  _PWMCON
  0000                00323         extern  _BAUD1CON
  0000                00324         extern  _BAUDCON
  0000                00325         extern  _BAUDCON1
  0000                00326         extern  _BAUDCTL
  0000                00327         extern  _PSTR1CON
  0000                00328         extern  _PSTRCON
  0000                00329         extern  _T2CON
  0000                00330         extern  _PR2
  0000                00331         extern  _TMR2
  0000                00332         extern  _CCP1CON
  0000                00333         extern  _CCPR1
  0000                00334         extern  _CCPR1L
  0000                00335         extern  _CCPR1H
  0000                00336         extern  _ADCON2
  0000                00337         extern  _ADCON1
  0000                00338         extern  _ADCON0
  0000                00339         extern  _ADRES
  0000                00340         extern  _ADRESL
  0000                00341         extern  _ADRESH
  0000                00342         extern  _SSP1CON2
  0000                00343         extern  _SSPCON2
  0000                00344         extern  _SSP1CON1
  0000                00345         extern  _SSPCON1
  0000                00346         extern  _SSP1STAT
  0000                00347         extern  _SSPSTAT
  0000                00348         extern  _SSP1ADD
  0000                00349         extern  _SSPADD
  0000                00350         extern  _SSP1BUF
  0000                00351         extern  _SSPBUF
  0000                00352         extern  _SSP1MSK
  0000                00353         extern  _SSPMSK
  0000                00354         extern  _SSP1CON3
  0000                00355         extern  _SSPCON3
  0000                00356         extern  _T1GCON
  0000                00357         extern  _T1CON
  0000                00358         extern  _TMR1
  0000                00359         extern  _TMR1L
  0000                00360         extern  _TMR1H
  0000                00361         extern  _RCON
  0000                00362         extern  _WDTCON
  0000                00363         extern  _OSCCON2
  0000                00364         extern  _OSCCON
  0000                00365         extern  _T0CON
  0000                00366         extern  _TMR0
  0000                00367         extern  _TMR0L
  0000                00368         extern  _TMR0H
  0000                00369         extern  _STATUS
  0000                00370         extern  _FSR2L
  0000                00371         extern  _FSR2H
gpasm-1.5.0 #1285 (Jul 12 2020) obj/sdcc-18f2   11/12/23  13:12:40          PAGE  8


LOC    OBJECT CODE    LINE  SOURCE TEXT
  VALUE

  0000                00372         extern  _PLUSW2
  0000                00373         extern  _PREINC2
  0000                00374         extern  _POSTDEC2
  0000                00375         extern  _POSTINC2
  0000                00376         extern  _INDF2
  0000                00377         extern  _BSR
  0000                00378         extern  _FSR1L
  0000                00379         extern  _FSR1H
  0000                00380         extern  _PLUSW1
  0000                00381         extern  _PREINC1
  0000                00382         extern  _POSTDEC1
  0000                00383         extern  _POSTINC1
  0000                00384         extern  _INDF1
  0000                00385         extern  _WREG
  0000                00386         extern  _FSR0L
  0000                00387         extern  _FSR0H
  0000                00388         extern  _PLUSW0
  0000                00389         extern  _PREINC0
  0000                00390         extern  _POSTDEC0
  0000                00391         extern  _POSTINC0
  0000                00392         extern  _INDF0
  0000                00393         extern  _INTCON3
  0000                00394         extern  _INTCON2
  0000                00395         extern  _INTCON
  0000                00396         extern  _PROD
  0000                00397         extern  _PRODL
  0000                00398         extern  _PRODH
  0000                00399         extern  _TABLAT
  0000                00400         extern  _TBLPTR
  0000                00401         extern  _TBLPTRL
  0000                00402         extern  _TBLPTRH
  0000                00403         extern  _TBLPTRU
  0000                00404         extern  _PC
  0000                00405         extern  _PCL
  0000                00406         extern  _PCLATH
  0000                00407         extern  _PCLATU
  0000                00408         extern  _STKPTR
  0000                00409         extern  _TOS
  0000                00410         extern  _TOSL
  0000                00411         extern  _TOSH
  0000                00412         extern  _TOSU
  0000                00413         extern  _buffer_putch
  0000                00414         extern  _lcd_puts
  0000                00415         extern  _lcd_gotoxy
  0000                00416         extern  _lcd_putch
  0000                00417         extern  _ser_putch
  0000                00418         extern  _ser_puts
  0000                00419         extern  _format_number
  0000                00420         extern  __divuint
  0000                00421         extern  __moduint
  0000                00422         extern  _logo_image
                      00423 
                      00424 ;--------------------------------------------------------
gpasm-1.5.0 #1285 (Jul 12 2020) obj/sdcc-18f2   11/12/23  13:12:40          PAGE  9


LOC    OBJECT CODE    LINE  SOURCE TEXT
  VALUE

                      00425 ;       Equates to used internal registers
                      00426 ;--------------------------------------------------------
  00000FD8            00427 STATUS  equ     0xfd8
  00000FE8            00428 WREG    equ     0xfe8
  00000FE9            00429 FSR0L   equ     0xfe9
  00000FEA            00430 FSR0H   equ     0xfea
  00000FE1            00431 FSR1L   equ     0xfe1
  00000FD9            00432 FSR2L   equ     0xfd9
  00000FEF            00433 INDF0   equ     0xfef
  00000FE6            00434 POSTINC1        equ     0xfe6
  00000FE5            00435 POSTDEC1        equ     0xfe5
  00000FE4            00436 PREINC1 equ     0xfe4
  00000FDB            00437 PLUSW2  equ     0xfdb
  00000FF3            00438 PRODL   equ     0xff3
                      00439 
                      00440 
                      00441         idata
000000 00 00 00 00 00 00442 _print_unit_units_65536_50      db      LOW(___str_0), HIGH(___str_0), UPPER(___str_0), LOW(___str_1), H
                            IGH(___str_1), UPPER(___str_1), LOW(___str_2), HIGH(___str_2), UPPER(___str_2), LOW(___str_3), HIGH(___s
                            tr_3), UPPER(___str_3)
       00 00 00 00 00 
       00 00          
00000C 00 00 00 00 00 00443         db      LOW(___str_4), HIGH(___str_4), UPPER(___str_4), LOW(___str_5), HIGH(___str_5), UPPER(___
                            str_5), LOW(___str_6), HIGH(___str_6), UPPER(___str_6), LOW(___str_7), HIGH(___str_7), UPPER(___str_7)
       00 00 00 00 00 
       00 00          
                      00444 
                      00445 
                      00446 ; Internal registers
                      00447 .registers      udata_ovr       0x0000
000000                00448 r0x00   res     1
000001                00449 r0x01   res     1
000002                00450 r0x02   res     1
000003                00451 r0x03   res     1
000004                00452 r0x04   res     1
000005                00453 r0x05   res     1
000006                00454 r0x06   res     1
000007                00455 r0x07   res     1
                      00456 
                      00457 ;--------------------------------------------------------
                      00458 ; global & static initialisations
                      00459 ;--------------------------------------------------------
                      00460 ; I code from now on!
                      00461 ; ; Starting pCode block
                      00462 S_print__print_buffer   code
000000                00463 _print_buffer:
                      00464 ;       .line   510; src/print.c        print_buffer(void) {
000000 CFD9 FFE5      00465         MOVFF   FSR2L, POSTDEC1
000004 CFE1 FFD9      00466         MOVFF   FSR1L, FSR2L
000008 C??? F???      00467         MOVFF   r0x00, POSTDEC1
00000C C??? F???      00468         MOVFF   r0x01, POSTDEC1
000010 C??? F???      00469         MOVFF   r0x02, POSTDEC1
                      00470 ;       .line   513; src/print.c        for(i = 0; i < buffer.n; i++) {
gpasm-1.5.0 #1285 (Jul 12 2020) obj/sdcc-18f2   11/12/23  13:12:40          PAGE 10


LOC    OBJECT CODE    LINE  SOURCE TEXT
  VALUE

000014 6A??           00471         CLRF    r0x00
000016                00472 _00163_DS_:
000016 010?           00473         BANKSEL (_buffer + 16)
000018 51??           00474         MOVF    (_buffer + 16), W, B
00001A 38E8           00475         SWAPF   WREG, W
00001C 0B0F           00476         ANDLW   0x0f
00001E 6E??           00477         MOVWF   r0x01
000020 50??           00478         MOVF    r0x00, W
000022 6E??           00479         MOVWF   r0x02
000024 50??           00480         MOVF    r0x02, W
000026 0F80           00481         ADDLW   0x80
000028 6EF3           00482         MOVWF   PRODL
00002A 50??           00483         MOVF    r0x01, W
00002C 0F80           00484         ADDLW   0x80
00002E 5CF3           00485         SUBWF   PRODL, W
000030 E2??           00486         BC      _00161_DS_
                      00487 ;       .line   514; src/print.c        ser_putch(buffer.x[i]);
000032 0E??           00488         MOVLW   LOW(_buffer)
000034 24??           00489         ADDWF   r0x00, W
000036 6E??           00490         MOVWF   r0x01
000038 6A??           00491         CLRF    r0x02
00003A 0E??           00492         MOVLW   HIGH(_buffer)
00003C 22??           00493         ADDWFC  r0x02, F
00003E C??? F???      00494         MOVFF   r0x01, FSR0L
000042 C??? F???      00495         MOVFF   r0x02, FSR0H
000046 CFEF F000      00496         MOVFF   INDF0, r0x01
00004A 50??           00497         MOVF    r0x01, W
00004C 6EE5           00498         MOVWF   POSTDEC1
00004E EC?? F0??      00499         CALL    _ser_putch
000052 52E6           00500         MOVF    POSTINC1, F
                      00501 ;       .line   513; src/print.c        for(i = 0; i < buffer.n; i++) {
000054 2A??           00502         INCF    r0x00, F
000056 D???           00503         BRA     _00163_DS_
000058                00504 _00161_DS_:
                      00505 ;       .line   516; src/print.c        ser_puts("\r\n");
000058 0E??           00506         MOVLW   UPPER(___str_11)
00005A 6E??           00507         MOVWF   r0x02
00005C 0E??           00508         MOVLW   HIGH(___str_11)
00005E 6E??           00509         MOVWF   r0x01
000060 0E??           00510         MOVLW   LOW(___str_11)
000062 6E??           00511         MOVWF   r0x00
000064 50??           00512         MOVF    r0x02, W
000066 6EE5           00513         MOVWF   POSTDEC1
000068 50??           00514         MOVF    r0x01, W
00006A 6EE5           00515         MOVWF   POSTDEC1
00006C 50??           00516         MOVF    r0x00, W
00006E 6EE5           00517         MOVWF   POSTDEC1
000070 EC?? F0??      00518         CALL    _ser_puts
000074 0E03           00519         MOVLW   0x03
000076 26E1           00520         ADDWF   FSR1L, F
                      00521 ;       .line   518; src/print.c        }
000078 CFE4 F000      00522         MOVFF   PREINC1, r0x02
00007C CFE4 F000      00523         MOVFF   PREINC1, r0x01
gpasm-1.5.0 #1285 (Jul 12 2020) obj/sdcc-18f2   11/12/23  13:12:40          PAGE 11


LOC    OBJECT CODE    LINE  SOURCE TEXT
  VALUE

000080 CFE4 F000      00524         MOVFF   PREINC1, r0x00
000084 CFE4 FFD9      00525         MOVFF   PREINC1, FSR2L
000088 0012           00526         RETURN  
                      00527 
                      00528 ; ; Starting pCode block
                      00529 S_print__put_str        code
000000                00530 _put_str:
                      00531 ;       .line   501; src/print.c        put_str(const char* s) {
000000 CFD9 FFE5      00532         MOVFF   FSR2L, POSTDEC1
000004 CFE1 FFD9      00533         MOVFF   FSR1L, FSR2L
000008 C??? F???      00534         MOVFF   r0x00, POSTDEC1
00000C C??? F???      00535         MOVFF   r0x01, POSTDEC1
000010 C??? F???      00536         MOVFF   r0x02, POSTDEC1
000014 C??? F???      00537         MOVFF   r0x03, POSTDEC1
000018 C??? F???      00538         MOVFF   r0x04, POSTDEC1
00001C C??? F???      00539         MOVFF   r0x05, POSTDEC1
000020 C??? F???      00540         MOVFF   r0x06, POSTDEC1
000024 C??? F???      00541         MOVFF   r0x07, POSTDEC1
000028 0E02           00542         MOVLW   0x02
00002A CFDB F000      00543         MOVFF   PLUSW2, r0x00
00002E 0E03           00544         MOVLW   0x03
000030 CFDB F000      00545         MOVFF   PLUSW2, r0x01
000034 0E04           00546         MOVLW   0x04
000036 CFDB F000      00547         MOVFF   PLUSW2, r0x02
                      00548 ;       .line   504; src/print.c        for(i = 0; s[i]; i++) {
00003A 6A??           00549         CLRF    r0x03
00003C 6A??           00550         CLRF    r0x04
00003E                00551 _00154_DS_:
00003E 50??           00552         MOVF    r0x03, W
000040 6E??           00553         MOVWF   r0x05
000042 50??           00554         MOVF    r0x04, W
000044 6E??           00555         MOVWF   r0x06
000046 6A??           00556         CLRF    r0x07
000048 50??           00557         MOVF    r0x00, W
00004A 26??           00558         ADDWF   r0x05, F
00004C 50??           00559         MOVF    r0x01, W
00004E 22??           00560         ADDWFC  r0x06, F
000050 50??           00561         MOVF    r0x02, W
000052 22??           00562         ADDWFC  r0x07, F
000054 C??? F???      00563         MOVFF   r0x05, FSR0L
000058 C??? F???      00564         MOVFF   r0x06, PRODL
00005C 50??           00565         MOVF    r0x07, W
00005E EC?? F0??      00566         CALL    __gptrget1
000062 6E??           00567         MOVWF   r0x05
000064 50??           00568         MOVF    r0x05, W
000066 E0??           00569         BZ      _00156_DS_
                      00570 ;       .line   505; src/print.c        output_putch(s[i]);
000068 50??           00571         MOVF    r0x05, W
00006A 6EE5           00572         MOVWF   POSTDEC1
00006C EC?? F0??      00573         CALL    _output_putch
000070 52E6           00574         MOVF    POSTINC1, F
                      00575 ;       .line   504; src/print.c        for(i = 0; s[i]; i++) {
000072 4A??           00576         INFSNZ  r0x03, F
gpasm-1.5.0 #1285 (Jul 12 2020) obj/sdcc-18f2   11/12/23  13:12:40          PAGE 12


LOC    OBJECT CODE    LINE  SOURCE TEXT
  VALUE

000074 2A??           00577         INCF    r0x04, F
000076 D???           00578         BRA     _00154_DS_
000078                00579 _00156_DS_:
                      00580 ;       .line   507; src/print.c        }
000078 CFE4 F000      00581         MOVFF   PREINC1, r0x07
00007C CFE4 F000      00582         MOVFF   PREINC1, r0x06
000080 CFE4 F000      00583         MOVFF   PREINC1, r0x05
000084 CFE4 F000      00584         MOVFF   PREINC1, r0x04
000088 CFE4 F000      00585         MOVFF   PREINC1, r0x03
00008C CFE4 F000      00586         MOVFF   PREINC1, r0x02
000090 CFE4 F000      00587         MOVFF   PREINC1, r0x01
000094 CFE4 F000      00588         MOVFF   PREINC1, r0x00
000098 CFE4 FFD9      00589         MOVFF   PREINC1, FSR2L
00009C 0012           00590         RETURN  
                      00591 
                      00592 ; ; Starting pCode block
                      00593 S_print__output_putch   code
000000                00594 _output_putch:
                      00595 ;       .line   488; src/print.c        output_putch(char c) {
000000 CFD9 FFE5      00596         MOVFF   FSR2L, POSTDEC1
000004 CFE1 FFD9      00597         MOVFF   FSR1L, FSR2L
000008 C??? F???      00598         MOVFF   r0x00, POSTDEC1
00000C 0E02           00599         MOVLW   0x02
00000E CFDB F000      00600         MOVFF   PLUSW2, r0x00
                      00601 ;       .line   490; src/print.c        lcd_putch(c);
000012 50??           00602         MOVF    r0x00, W
000014 6EE5           00603         MOVWF   POSTDEC1
000016 EC?? F0??      00604         CALL    _lcd_putch
00001A 52E6           00605         MOVF    POSTINC1, F
                      00606 ;       .line   493; src/print.c        ser_putch(c);
00001C 50??           00607         MOVF    r0x00, W
00001E 6EE5           00608         MOVWF   POSTDEC1
000020 EC?? F0??      00609         CALL    _ser_putch
000024 52E6           00610         MOVF    POSTINC1, F
                      00611 ;       .line   495; src/print.c        }
000026 CFE4 F000      00612         MOVFF   PREINC1, r0x00
00002A CFE4 FFD9      00613         MOVFF   PREINC1, FSR2L
00002E 0012           00614         RETURN  
                      00615 
                      00616 ; ; Starting pCode block
                      00617 S_print__print_indicator        code
000000                00618 _print_indicator:
                      00619 ;       .line   464; src/print.c        print_indicator(uint8_t indicate) {
000000 CFD9 FFE5      00620         MOVFF   FSR2L, POSTDEC1
000004 CFE1 FFD9      00621         MOVFF   FSR1L, FSR2L
000008 C??? F???      00622         MOVFF   r0x00, POSTDEC1
00000C C??? F???      00623         MOVFF   r0x01, POSTDEC1
000010 C??? F???      00624         MOVFF   r0x02, POSTDEC1
000014 0E02           00625         MOVLW   0x02
000016 CFDB F000      00626         MOVFF   PLUSW2, r0x00
                      00627 ;       .line   478; src/print.c        lcd_gotoxy(0, 1);
00001A 0E01           00628         MOVLW   0x01
00001C 6EE5           00629         MOVWF   POSTDEC1
gpasm-1.5.0 #1285 (Jul 12 2020) obj/sdcc-18f2   11/12/23  13:12:40          PAGE 13


LOC    OBJECT CODE    LINE  SOURCE TEXT
  VALUE

00001E 0E00           00630         MOVLW   0x00
000020 6EE5           00631         MOVWF   POSTDEC1
000022 EC?? F0??      00632         CALL    _lcd_gotoxy
000026 52E6           00633         MOVF    POSTINC1, F
000028 52E6           00634         MOVF    POSTINC1, F
                      00635 ;       .line   479; src/print.c        if(indicate) {
00002A 50??           00636         MOVF    r0x00, W
00002C E0??           00637         BZ      _00140_DS_
                      00638 ;       .line   480; src/print.c        lcd_puts("-*-");
00002E 0E??           00639         MOVLW   UPPER(___str_9)
000030 6E??           00640         MOVWF   r0x02
000032 0E??           00641         MOVLW   HIGH(___str_9)
000034 6E??           00642         MOVWF   r0x01
000036 0E??           00643         MOVLW   LOW(___str_9)
000038 6E??           00644         MOVWF   r0x00
00003A 50??           00645         MOVF    r0x02, W
00003C 6EE5           00646         MOVWF   POSTDEC1
00003E 50??           00647         MOVF    r0x01, W
000040 6EE5           00648         MOVWF   POSTDEC1
000042 50??           00649         MOVF    r0x00, W
000044 6EE5           00650         MOVWF   POSTDEC1
000046 EC?? F0??      00651         CALL    _lcd_puts
00004A 0E03           00652         MOVLW   0x03
00004C 26E1           00653         ADDWF   FSR1L, F
00004E D???           00654         BRA     _00142_DS_
000050                00655 _00140_DS_:
                      00656 ;       .line   482; src/print.c        lcd_puts("   ");
000050 0E??           00657         MOVLW   UPPER(___str_10)
000052 6E??           00658         MOVWF   r0x02
000054 0E??           00659         MOVLW   HIGH(___str_10)
000056 6E??           00660         MOVWF   r0x01
000058 0E??           00661         MOVLW   LOW(___str_10)
00005A 6E??           00662         MOVWF   r0x00
00005C 50??           00663         MOVF    r0x02, W
00005E 6EE5           00664         MOVWF   POSTDEC1
000060 50??           00665         MOVF    r0x01, W
000062 6EE5           00666         MOVWF   POSTDEC1
000064 50??           00667         MOVF    r0x00, W
000066 6EE5           00668         MOVWF   POSTDEC1
000068 EC?? F0??      00669         CALL    _lcd_puts
00006C 0E03           00670         MOVLW   0x03
00006E 26E1           00671         ADDWF   FSR1L, F
000070                00672 _00142_DS_:
                      00673 ;       .line   485; src/print.c        }
000070 CFE4 F000      00674         MOVFF   PREINC1, r0x02
000074 CFE4 F000      00675         MOVFF   PREINC1, r0x01
000078 CFE4 F000      00676         MOVFF   PREINC1, r0x00
00007C CFE4 FFD9      00677         MOVFF   PREINC1, FSR2L
000080 0012           00678         RETURN  
                      00679 
                      00680 ; ; Starting pCode block
                      00681 S_print__print_reading  code
000000                00682 _print_reading:
gpasm-1.5.0 #1285 (Jul 12 2020) obj/sdcc-18f2   11/12/23  13:12:40          PAGE 14


LOC    OBJECT CODE    LINE  SOURCE TEXT
  VALUE

                      00683 ;       .line   424; src/print.c        print_reading(uint16_t measurement) {
000000 CFD9 FFE5      00684         MOVFF   FSR2L, POSTDEC1
000004 CFE1 FFD9      00685         MOVFF   FSR1L, FSR2L
000008 C??? F???      00686         MOVFF   r0x00, POSTDEC1
00000C C??? F???      00687         MOVFF   r0x01, POSTDEC1
000010 C??? F???      00688         MOVFF   r0x02, POSTDEC1
000014 C??? F???      00689         MOVFF   r0x03, POSTDEC1
000018 C??? F???      00690         MOVFF   r0x04, POSTDEC1
00001C 0E02           00691         MOVLW   0x02
00001E CFDB F000      00692         MOVFF   PLUSW2, r0x00
000022 0E03           00693         MOVLW   0x03
000024 CFDB F000      00694         MOVFF   PLUSW2, r0x01
                      00695 ;       .line   451; src/print.c        lcd_gotoxy(9, 0);
000028 0E00           00696         MOVLW   0x00
00002A 6EE5           00697         MOVWF   POSTDEC1
00002C 0E09           00698         MOVLW   0x09
00002E 6EE5           00699         MOVWF   POSTDEC1
000030 EC?? F0??      00700         CALL    _lcd_gotoxy
000034 52E6           00701         MOVF    POSTINC1, F
000036 52E6           00702         MOVF    POSTINC1, F
                      00703 ;       .line   452; src/print.c        lcd_puts("     ");
000038 0E??           00704         MOVLW   UPPER(___str_8)
00003A 6E??           00705         MOVWF   r0x04
00003C 0E??           00706         MOVLW   HIGH(___str_8)
00003E 6E??           00707         MOVWF   r0x03
000040 0E??           00708         MOVLW   LOW(___str_8)
000042 6E??           00709         MOVWF   r0x02
000044 50??           00710         MOVF    r0x04, W
000046 6EE5           00711         MOVWF   POSTDEC1
000048 50??           00712         MOVF    r0x03, W
00004A 6EE5           00713         MOVWF   POSTDEC1
00004C 50??           00714         MOVF    r0x02, W
00004E 6EE5           00715         MOVWF   POSTDEC1
000050 EC?? F0??      00716         CALL    _lcd_puts
000054 0E03           00717         MOVLW   0x03
000056 26E1           00718         ADDWF   FSR1L, F
                      00719 ;       .line   453; src/print.c        lcd_gotoxy(9, 0);
000058 0E00           00720         MOVLW   0x00
00005A 6EE5           00721         MOVWF   POSTDEC1
00005C 0E09           00722         MOVLW   0x09
00005E 6EE5           00723         MOVWF   POSTDEC1
000060 EC?? F0??      00724         CALL    _lcd_gotoxy
000064 52E6           00725         MOVF    POSTINC1, F
000066 52E6           00726         MOVF    POSTINC1, F
                      00727 ;       .line   455; src/print.c        format_number(&buffer_putch, measurement / 100, 10, 0);
000068 0E00           00728         MOVLW   0x00
00006A 6EE5           00729         MOVWF   POSTDEC1
00006C 0E64           00730         MOVLW   0x64
00006E 6EE5           00731         MOVWF   POSTDEC1
000070 50??           00732         MOVF    r0x01, W
000072 6EE5           00733         MOVWF   POSTDEC1
000074 50??           00734         MOVF    r0x00, W
000076 6EE5           00735         MOVWF   POSTDEC1
gpasm-1.5.0 #1285 (Jul 12 2020) obj/sdcc-18f2   11/12/23  13:12:40          PAGE 15


LOC    OBJECT CODE    LINE  SOURCE TEXT
  VALUE

000078 EC?? F0??      00736         CALL    __divuint
00007C 6E??           00737         MOVWF   r0x02
00007E CFF3 F000      00738         MOVFF   PRODL, r0x03
000082 0E04           00739         MOVLW   0x04
000084 26E1           00740         ADDWF   FSR1L, F
000086 0E00           00741         MOVLW   0x00
000088 6EE5           00742         MOVWF   POSTDEC1
00008A 0E0A           00743         MOVLW   0x0a
00008C 6EE5           00744         MOVWF   POSTDEC1
00008E 50??           00745         MOVF    r0x03, W
000090 6EE5           00746         MOVWF   POSTDEC1
000092 50??           00747         MOVF    r0x02, W
000094 6EE5           00748         MOVWF   POSTDEC1
000096 0E??           00749         MOVLW   UPPER(_buffer_putch)
000098 6EE5           00750         MOVWF   POSTDEC1
00009A 0E??           00751         MOVLW   HIGH(_buffer_putch)
00009C 6EE5           00752         MOVWF   POSTDEC1
00009E 0E??           00753         MOVLW   LOW(_buffer_putch)
0000A0 6EE5           00754         MOVWF   POSTDEC1
0000A2 EC?? F0??      00755         CALL    _format_number
0000A6 0E07           00756         MOVLW   0x07
0000A8 26E1           00757         ADDWF   FSR1L, F
                      00758 ;       .line   457; src/print.c        format_number(&buffer_putch, measurement % 100, 10, 0);
0000AA 0E00           00759         MOVLW   0x00
0000AC 6EE5           00760         MOVWF   POSTDEC1
0000AE 0E64           00761         MOVLW   0x64
0000B0 6EE5           00762         MOVWF   POSTDEC1
0000B2 50??           00763         MOVF    r0x01, W
0000B4 6EE5           00764         MOVWF   POSTDEC1
0000B6 50??           00765         MOVF    r0x00, W
0000B8 6EE5           00766         MOVWF   POSTDEC1
0000BA EC?? F0??      00767         CALL    __moduint
0000BE 6E??           00768         MOVWF   r0x00
0000C0 CFF3 F000      00769         MOVFF   PRODL, r0x01
0000C4 0E04           00770         MOVLW   0x04
0000C6 26E1           00771         ADDWF   FSR1L, F
0000C8 0E00           00772         MOVLW   0x00
0000CA 6EE5           00773         MOVWF   POSTDEC1
0000CC 0E0A           00774         MOVLW   0x0a
0000CE 6EE5           00775         MOVWF   POSTDEC1
0000D0 50??           00776         MOVF    r0x01, W
0000D2 6EE5           00777         MOVWF   POSTDEC1
0000D4 50??           00778         MOVF    r0x00, W
0000D6 6EE5           00779         MOVWF   POSTDEC1
0000D8 0E??           00780         MOVLW   UPPER(_buffer_putch)
0000DA 6EE5           00781         MOVWF   POSTDEC1
0000DC 0E??           00782         MOVLW   HIGH(_buffer_putch)
0000DE 6EE5           00783         MOVWF   POSTDEC1
0000E0 0E??           00784         MOVLW   LOW(_buffer_putch)
0000E2 6EE5           00785         MOVWF   POSTDEC1
0000E4 EC?? F0??      00786         CALL    _format_number
0000E8 0E07           00787         MOVLW   0x07
0000EA 26E1           00788         ADDWF   FSR1L, F
gpasm-1.5.0 #1285 (Jul 12 2020) obj/sdcc-18f2   11/12/23  13:12:40          PAGE 16


LOC    OBJECT CODE    LINE  SOURCE TEXT
  VALUE

                      00789 ;       .line   460; src/print.c        }
0000EC CFE4 F000      00790         MOVFF   PREINC1, r0x04
0000F0 CFE4 F000      00791         MOVFF   PREINC1, r0x03
0000F4 CFE4 F000      00792         MOVFF   PREINC1, r0x02
0000F8 CFE4 F000      00793         MOVFF   PREINC1, r0x01
0000FC CFE4 F000      00794         MOVFF   PREINC1, r0x00
000100 CFE4 FFD9      00795         MOVFF   PREINC1, FSR2L
000104 0012           00796         RETURN  
                      00797 
                      00798 ; ; Starting pCode block
                      00799 S_print__print_unit     code
000000                00800 _print_unit:
                      00801 ;       .line   401; src/print.c        print_unit(uint8_t unit) {
000000 CFD9 FFE5      00802         MOVFF   FSR2L, POSTDEC1
000004 CFE1 FFD9      00803         MOVFF   FSR1L, FSR2L
000008 C??? F???      00804         MOVFF   r0x00, POSTDEC1
00000C C??? F???      00805         MOVFF   r0x01, POSTDEC1
                      00806 ;       .line   410; src/print.c        lcd_gotoxy(14, 0);
000010 0E00           00807         MOVLW   0x00
000012 6EE5           00808         MOVWF   POSTDEC1
000014 0E0E           00809         MOVLW   0x0e
000016 6EE5           00810         MOVWF   POSTDEC1
000018 EC?? F0??      00811         CALL    _lcd_gotoxy
00001C 52E6           00812         MOVF    POSTINC1, F
00001E 52E6           00813         MOVF    POSTINC1, F
000020 010?           00814         BANKSEL (_buffer + 16)
                      00815 ;       .line   414; src/print.c        lcd_gotoxy(16 - BUFFER_LEN(), 0);
000022 51??           00816         MOVF    (_buffer + 16), W, B
000024 38E8           00817         SWAPF   WREG, W
000026 0B0F           00818         ANDLW   0x0f
000028 6E??           00819         MOVWF   r0x00
00002A 010?           00820         BANKSEL (_buffer + 16)
00002C 51??           00821         MOVF    (_buffer + 16), W, B
00002E 0B0F           00822         ANDLW   0x0f
000030 6E??           00823         MOVWF   r0x01
000032 50??           00824         MOVF    r0x01, W
000034 5E??           00825         SUBWF   r0x00, F
000036 50??           00826         MOVF    r0x00, W
000038 0810           00827         SUBLW   0x10
00003A 6E??           00828         MOVWF   r0x00
00003C 0E00           00829         MOVLW   0x00
00003E 6EE5           00830         MOVWF   POSTDEC1
000040 50??           00831         MOVF    r0x00, W
000042 6EE5           00832         MOVWF   POSTDEC1
000044 EC?? F0??      00833         CALL    _lcd_gotoxy
000048 52E6           00834         MOVF    POSTINC1, F
00004A 52E6           00835         MOVF    POSTINC1, F
                      00836 ;       .line   421; src/print.c        }
00004C CFE4 F000      00837         MOVFF   PREINC1, r0x01
000050 CFE4 F000      00838         MOVFF   PREINC1, r0x00
000054 CFE4 FFD9      00839         MOVFF   PREINC1, FSR2L
000058 0012           00840         RETURN  
                      00841 
gpasm-1.5.0 #1285 (Jul 12 2020) obj/sdcc-18f2   11/12/23  13:12:40          PAGE 17


LOC    OBJECT CODE    LINE  SOURCE TEXT
  VALUE

                      00842 ; ; Starting pCode block
                      00843 S_print__print_digit    code
000000                00844 _print_digit:
                      00845 ;       .line   379; src/print.c        print_digit(uint8_t line, uint8_t column, uint8_t digit) {
000000 CFD9 FFE5      00846         MOVFF   FSR2L, POSTDEC1
000004 CFE1 FFD9      00847         MOVFF   FSR1L, FSR2L
000008 C??? F???      00848         MOVFF   r0x00, POSTDEC1
00000C C??? F???      00849         MOVFF   r0x01, POSTDEC1
000010 0E03           00850         MOVLW   0x03
000012 CFDB F000      00851         MOVFF   PLUSW2, r0x00
000016 0E04           00852         MOVLW   0x04
000018 CFDB F000      00853         MOVFF   PLUSW2, r0x01
                      00854 ;       .line   394; src/print.c        lcd_gotoxy(column, /*line - 1*/ 0);
00001C 0E00           00855         MOVLW   0x00
00001E 6EE5           00856         MOVWF   POSTDEC1
000020 50??           00857         MOVF    r0x00, W
000022 6EE5           00858         MOVWF   POSTDEC1
000024 EC?? F0??      00859         CALL    _lcd_gotoxy
000028 52E6           00860         MOVF    POSTINC1, F
00002A 52E6           00861         MOVF    POSTINC1, F
                      00862 ;       .line   395; src/print.c        lcd_putch('0' + digit);
00002C 0E30           00863         MOVLW   0x30
00002E 26??           00864         ADDWF   r0x01, F
000030 50??           00865         MOVF    r0x01, W
000032 6EE5           00866         MOVWF   POSTDEC1
000034 EC?? F0??      00867         CALL    _lcd_putch
000038 52E6           00868         MOVF    POSTINC1, F
                      00869 ;       .line   397; src/print.c        }
00003A CFE4 F000      00870         MOVFF   PREINC1, r0x01
00003E CFE4 F000      00871         MOVFF   PREINC1, r0x00
000042 CFE4 FFD9      00872         MOVFF   PREINC1, FSR2L
000046 0012           00873         RETURN  
                      00874 
                      00875 ; ; Starting pCode block
                      00876 S_print__lcd_put        code
000000                00877 _lcd_put:
                      00878 ;       .line   23; src/print.c lcd_put(const char* buf, unsigned n) {
000000 CFD9 FFE5      00879         MOVFF   FSR2L, POSTDEC1
000004 CFE1 FFD9      00880         MOVFF   FSR1L, FSR2L
000008 C??? F???      00881         MOVFF   r0x00, POSTDEC1
00000C C??? F???      00882         MOVFF   r0x01, POSTDEC1
000010 C??? F???      00883         MOVFF   r0x02, POSTDEC1
000014 C??? F???      00884         MOVFF   r0x03, POSTDEC1
000018 C??? F???      00885         MOVFF   r0x04, POSTDEC1
00001C C??? F???      00886         MOVFF   r0x05, POSTDEC1
000020 C??? F???      00887         MOVFF   r0x06, POSTDEC1
000024 0E02           00888         MOVLW   0x02
000026 CFDB F000      00889         MOVFF   PLUSW2, r0x00
00002A 0E03           00890         MOVLW   0x03
00002C CFDB F000      00891         MOVFF   PLUSW2, r0x01
000030 0E04           00892         MOVLW   0x04
000032 CFDB F000      00893         MOVFF   PLUSW2, r0x02
000036 0E05           00894         MOVLW   0x05
gpasm-1.5.0 #1285 (Jul 12 2020) obj/sdcc-18f2   11/12/23  13:12:40          PAGE 18


LOC    OBJECT CODE    LINE  SOURCE TEXT
  VALUE

000038 CFDB F000      00895         MOVFF   PLUSW2, r0x03
00003C 0E06           00896         MOVLW   0x06
00003E CFDB F000      00897         MOVFF   PLUSW2, r0x04
000042                00898 _00105_DS_:
                      00899 ;       .line   26; src/print.c while(n--) lcd_putch(*buf++);
000042 C??? F???      00900         MOVFF   r0x03, r0x05
000046 C??? F???      00901         MOVFF   r0x04, r0x06
00004A 0EFF           00902         MOVLW   0xff
00004C 26??           00903         ADDWF   r0x03, F
00004E 22??           00904         ADDWFC  r0x04, F
000050 50??           00905         MOVF    r0x05, W
000052 10??           00906         IORWF   r0x06, W
000054 E0??           00907         BZ      _00108_DS_
000056 C??? F???      00908         MOVFF   r0x00, FSR0L
00005A C??? F???      00909         MOVFF   r0x01, PRODL
00005E 50??           00910         MOVF    r0x02, W
000060 EC?? F0??      00911         CALL    __gptrget1
000064 6E??           00912         MOVWF   r0x05
000066 2A??           00913         INCF    r0x00, F
000068 E3??           00914         BNC     _00119_DS_
00006A 4A??           00915         INFSNZ  r0x01, F
00006C 2A??           00916         INCF    r0x02, F
00006E                00917 _00119_DS_:
00006E 50??           00918         MOVF    r0x05, W
000070 6EE5           00919         MOVWF   POSTDEC1
000072 EC?? F0??      00920         CALL    _lcd_putch
000076 52E6           00921         MOVF    POSTINC1, F
000078 D???           00922         BRA     _00105_DS_
00007A                00923 _00108_DS_:
                      00924 ;       .line   28; src/print.c }
00007A CFE4 F000      00925         MOVFF   PREINC1, r0x06
00007E CFE4 F000      00926         MOVFF   PREINC1, r0x05
000082 CFE4 F000      00927         MOVFF   PREINC1, r0x04
000086 CFE4 F000      00928         MOVFF   PREINC1, r0x03
00008A CFE4 F000      00929         MOVFF   PREINC1, r0x02
00008E CFE4 F000      00930         MOVFF   PREINC1, r0x01
000092 CFE4 F000      00931         MOVFF   PREINC1, r0x00
000096 CFE4 FFD9      00932         MOVFF   PREINC1, FSR2L
00009A 0012           00933         RETURN  
                      00934 
                      00935 ; ; Starting pCode block
00009C                00936 ___str_0:
00009C 0048           00937         DB      0x48, 0x00
                      00938 ; ; Starting pCode block
00009E                00939 ___str_1:
00009E 486D 0000      00940         DB      0x6d, 0x48, 0x00
                      00941 ; ; Starting pCode block
0000A2                00942 ___str_2:
0000A2 4875 0000      00943         DB      0x75, 0x48, 0x00
                      00944 ; ; Starting pCode block
0000A6                00945 ___str_3:
0000A6 486E 0000      00946         DB      0x6e, 0x48, 0x00
                      00947 ; ; Starting pCode block
gpasm-1.5.0 #1285 (Jul 12 2020) obj/sdcc-18f2   11/12/23  13:12:40          PAGE 19


LOC    OBJECT CODE    LINE  SOURCE TEXT
  VALUE

0000AA                00948 ___str_4:
0000AA 466D 0000      00949         DB      0x6d, 0x46, 0x00
                      00950 ; ; Starting pCode block
0000AE                00951 ___str_5:
0000AE 4675 0000      00952         DB      0x75, 0x46, 0x00
                      00953 ; ; Starting pCode block
0000B2                00954 ___str_6:
0000B2 466E 0000      00955         DB      0x6e, 0x46, 0x00
                      00956 ; ; Starting pCode block
0000B6                00957 ___str_7:
0000B6 4670 0000      00958         DB      0x70, 0x46, 0x00
                      00959 ; ; Starting pCode block
0000BA                00960 ___str_8:
0000BA 2020 2020 0020 00961         DB      0x20, 0x20, 0x20, 0x20, 0x20, 0x00
                      00962 ; ; Starting pCode block
0000C0                00963 ___str_9:
0000C0 2A2D 002D      00964         DB      0x2d, 0x2a, 0x2d, 0x00
                      00965 ; ; Starting pCode block
0000C4                00966 ___str_10:
0000C4 2020 0020      00967         DB      0x20, 0x20, 0x20, 0x00
                      00968 ; ; Starting pCode block
0000C8                00969 ___str_11:
0000C8 0A0D 0000      00970         DB      0x0d, 0x0a, 0x00
                      00971 
                      00972 
                      00973 ; Statistics:
                      00974 ; code size:     1078 (0x0436) bytes ( 0.82%)
                      00975 ;                 539 (0x021b) words
                      00976 ; udata size:       0 (0x0000) bytes ( 0.00%)
                      00977 ; access size:      8 (0x0008) bytes
                      00978 
                      00979 
                      00980         end
gpasm-1.5.0 #1285 (Jul 12 2020) obj/sdcc-18f2   11/12/23  13:12:40          PAGE 20


SYMBOL TABLE
  LABEL                              TYPE        VALUE         VALUE          VALUE
                                                 (hex)         (dec)          (text)

FSR0H                             CONSTANT      00000FEA           4074
FSR0L                             CONSTANT      00000FE9           4073
FSR1L                             CONSTANT      00000FE1           4065
FSR2L                             CONSTANT      00000FD9           4057
INDF0                             CONSTANT      00000FEF           4079
PLUSW2                            CONSTANT      00000FDB           4059
POSTDEC1                          CONSTANT      00000FE5           4069
POSTINC1                          CONSTANT      00000FE6           4070
PREINC1                           CONSTANT      00000FE4           4068
PRODL                             CONSTANT      00000FF3           4083
STATUS                            CONSTANT      00000FD8           4056
WREG                              CONSTANT      00000FE8           4072
_00105_DS_                        ADDRESS       00000042             66
_00108_DS_                        ADDRESS       0000007A            122
_00119_DS_                        ADDRESS       0000006E            110
_00140_DS_                        ADDRESS       00000050             80
_00142_DS_                        ADDRESS       00000070            112
_00154_DS_                        ADDRESS       0000003E             62
_00156_DS_                        ADDRESS       00000078            120
_00161_DS_                        ADDRESS       00000058             88
_00163_DS_                        ADDRESS       00000016             22
_ADCON0                           EXTERNAL      00000000              0
_ADCON0bits                       EXTERNAL      00000000              0
_ADCON1                           EXTERNAL      00000000              0
_ADCON1bits                       EXTERNAL      00000000              0
_ADCON2                           EXTERNAL      00000000              0
_ADCON2bits                       EXTERNAL      00000000              0
_ADRES                            EXTERNAL      00000000              0
_ADRESH                           EXTERNAL      00000000              0
_ADRESL                           EXTERNAL      00000000              0
_ANSELA                           EXTERNAL      00000000              0
_ANSELAbits                       EXTERNAL      00000000              0
_ANSELB                           EXTERNAL      00000000              0
_ANSELBbits                       EXTERNAL      00000000              0
_ANSELC                           EXTERNAL      00000000              0
_ANSELCbits                       EXTERNAL      00000000              0
_BAUDCON                          EXTERNAL      00000000              0
_BAUDCONbits                      EXTERNAL      00000000              0
_BAUDCON1                         EXTERNAL      00000000              0
_BAUDCON1bits                     EXTERNAL      00000000              0
_BAUDCON2                         EXTERNAL      00000000              0
_BAUDCON2bits                     EXTERNAL      00000000              0
_BAUDCTL                          EXTERNAL      00000000              0
_BAUDCTLbits                      EXTERNAL      00000000              0
_BAUD1CON                         EXTERNAL      00000000              0
_BAUD1CONbits                     EXTERNAL      00000000              0
_BAUD2CON                         EXTERNAL      00000000              0
_BAUD2CONbits                     EXTERNAL      00000000              0
_BSR                              EXTERNAL      00000000              0
_CCPR1                            EXTERNAL      00000000              0
_CCPR1H                           EXTERNAL      00000000              0
_CCPR1L                           EXTERNAL      00000000              0
gpasm-1.5.0 #1285 (Jul 12 2020) obj/sdcc-18f2   11/12/23  13:12:40          PAGE 21


SYMBOL TABLE
  LABEL                              TYPE        VALUE         VALUE          VALUE
                                                 (hex)         (dec)          (text)

_CCPR2                            EXTERNAL      00000000              0
_CCPR2H                           EXTERNAL      00000000              0
_CCPR2L                           EXTERNAL      00000000              0
_CCPR3                            EXTERNAL      00000000              0
_CCPR3H                           EXTERNAL      00000000              0
_CCPR3L                           EXTERNAL      00000000              0
_CCPR4                            EXTERNAL      00000000              0
_CCPR4H                           EXTERNAL      00000000              0
_CCPR4L                           EXTERNAL      00000000              0
_CCPR5                            EXTERNAL      00000000              0
_CCPR5H                           EXTERNAL      00000000              0
_CCPR5L                           EXTERNAL      00000000              0
_CCPTMRS0                         EXTERNAL      00000000              0
_CCPTMRS0bits                     EXTERNAL      00000000              0
_CCPTMRS1                         EXTERNAL      00000000              0
_CCPTMRS1bits                     EXTERNAL      00000000              0
_CCP1CON                          EXTERNAL      00000000              0
_CCP1CONbits                      EXTERNAL      00000000              0
_CCP2AS                           EXTERNAL      00000000              0
_CCP2ASbits                       EXTERNAL      00000000              0
_CCP2CON                          EXTERNAL      00000000              0
_CCP2CONbits                      EXTERNAL      00000000              0
_CCP3AS                           EXTERNAL      00000000              0
_CCP3ASbits                       EXTERNAL      00000000              0
_CCP3CON                          EXTERNAL      00000000              0
_CCP3CONbits                      EXTERNAL      00000000              0
_CCP4CON                          EXTERNAL      00000000              0
_CCP4CONbits                      EXTERNAL      00000000              0
_CCP5CON                          EXTERNAL      00000000              0
_CCP5CONbits                      EXTERNAL      00000000              0
_CM1CON                           EXTERNAL      00000000              0
_CM1CON0                          EXTERNAL      00000000              0
_CM1CON0bits                      EXTERNAL      00000000              0
_CM1CONbits                       EXTERNAL      00000000              0
_CM2CON                           EXTERNAL      00000000              0
_CM2CON0                          EXTERNAL      00000000              0
_CM2CON0bits                      EXTERNAL      00000000              0
_CM2CONbits                       EXTERNAL      00000000              0
_CM2CON1                          EXTERNAL      00000000              0
_CM2CON1bits                      EXTERNAL      00000000              0
_CM12CON                          EXTERNAL      00000000              0
_CM12CONbits                      EXTERNAL      00000000              0
_CTMUCON0                         EXTERNAL      00000000              0
_CTMUCON0bits                     EXTERNAL      00000000              0
_CTMUCONH                         EXTERNAL      00000000              0
_CTMUCONHbits                     EXTERNAL      00000000              0
_CTMUCONL                         EXTERNAL      00000000              0
_CTMUCONLbits                     EXTERNAL      00000000              0
_CTMUCON1                         EXTERNAL      00000000              0
_CTMUCON1bits                     EXTERNAL      00000000              0
_CTMUICON                         EXTERNAL      00000000              0
_CTMUICONH                        EXTERNAL      00000000              0
gpasm-1.5.0 #1285 (Jul 12 2020) obj/sdcc-18f2   11/12/23  13:12:40          PAGE 22


SYMBOL TABLE
  LABEL                              TYPE        VALUE         VALUE          VALUE
                                                 (hex)         (dec)          (text)

_CTMUICONHbits                    EXTERNAL      00000000              0
_CTMUICONbits                     EXTERNAL      00000000              0
_DACCON0                          EXTERNAL      00000000              0
_DACCON0bits                      EXTERNAL      00000000              0
_DACCON1                          EXTERNAL      00000000              0
_DACCON1bits                      EXTERNAL      00000000              0
_DDRA                             EXTERNAL      00000000              0
_DDRAbits                         EXTERNAL      00000000              0
_DDRB                             EXTERNAL      00000000              0
_DDRBbits                         EXTERNAL      00000000              0
_DDRC                             EXTERNAL      00000000              0
_DDRCbits                         EXTERNAL      00000000              0
_ECCPAS                           EXTERNAL      00000000              0
_ECCPASbits                       EXTERNAL      00000000              0
_ECCP1AS                          EXTERNAL      00000000              0
_ECCP1ASbits                      EXTERNAL      00000000              0
_ECCP2AS                          EXTERNAL      00000000              0
_ECCP2ASbits                      EXTERNAL      00000000              0
_ECCP3AS                          EXTERNAL      00000000              0
_ECCP3ASbits                      EXTERNAL      00000000              0
_EEADR                            EXTERNAL      00000000              0
_EEADRbits                        EXTERNAL      00000000              0
_EECON1                           EXTERNAL      00000000              0
_EECON1bits                       EXTERNAL      00000000              0
_EECON2                           EXTERNAL      00000000              0
_EEDATA                           EXTERNAL      00000000              0
_FSR0H                            EXTERNAL      00000000              0
_FSR0L                            EXTERNAL      00000000              0
_FSR1H                            EXTERNAL      00000000              0
_FSR1L                            EXTERNAL      00000000              0
_FSR2H                            EXTERNAL      00000000              0
_FSR2L                            EXTERNAL      00000000              0
_FVRCON                           EXTERNAL      00000000              0
_FVRCONbits                       EXTERNAL      00000000              0
_HLVDCON                          EXTERNAL      00000000              0
_HLVDCONbits                      EXTERNAL      00000000              0
_INDF0                            EXTERNAL      00000000              0
_INDF1                            EXTERNAL      00000000              0
_INDF2                            EXTERNAL      00000000              0
_INTCON                           EXTERNAL      00000000              0
_INTCONbits                       EXTERNAL      00000000              0
_INTCON2                          EXTERNAL      00000000              0
_INTCON2bits                      EXTERNAL      00000000              0
_INTCON3                          EXTERNAL      00000000              0
_INTCON3bits                      EXTERNAL      00000000              0
_IOCB                             EXTERNAL      00000000              0
_IOCBbits                         EXTERNAL      00000000              0
_IPR1                             EXTERNAL      00000000              0
_IPR1bits                         EXTERNAL      00000000              0
_IPR2                             EXTERNAL      00000000              0
_IPR2bits                         EXTERNAL      00000000              0
_IPR3                             EXTERNAL      00000000              0
gpasm-1.5.0 #1285 (Jul 12 2020) obj/sdcc-18f2   11/12/23  13:12:40          PAGE 23


SYMBOL TABLE
  LABEL                              TYPE        VALUE         VALUE          VALUE
                                                 (hex)         (dec)          (text)

_IPR3bits                         EXTERNAL      00000000              0
_IPR4                             EXTERNAL      00000000              0
_IPR4bits                         EXTERNAL      00000000              0
_IPR5                             EXTERNAL      00000000              0
_IPR5bits                         EXTERNAL      00000000              0
_LATA                             EXTERNAL      00000000              0
_LATAbits                         EXTERNAL      00000000              0
_LATB                             EXTERNAL      00000000              0
_LATBbits                         EXTERNAL      00000000              0
_LATC                             EXTERNAL      00000000              0
_LATCbits                         EXTERNAL      00000000              0
_LVDCON                           EXTERNAL      00000000              0
_LVDCONbits                       EXTERNAL      00000000              0
_OSCCON                           EXTERNAL      00000000              0
_OSCCONbits                       EXTERNAL      00000000              0
_OSCCON2                          EXTERNAL      00000000              0
_OSCCON2bits                      EXTERNAL      00000000              0
_OSCTUNE                          EXTERNAL      00000000              0
_OSCTUNEbits                      EXTERNAL      00000000              0
_PC                               EXTERNAL      00000000              0
_PCL                              EXTERNAL      00000000              0
_PCLATH                           EXTERNAL      00000000              0
_PCLATU                           EXTERNAL      00000000              0
_PIE1                             EXTERNAL      00000000              0
_PIE1bits                         EXTERNAL      00000000              0
_PIE2                             EXTERNAL      00000000              0
_PIE2bits                         EXTERNAL      00000000              0
_PIE3                             EXTERNAL      00000000              0
_PIE3bits                         EXTERNAL      00000000              0
_PIE4                             EXTERNAL      00000000              0
_PIE4bits                         EXTERNAL      00000000              0
_PIE5                             EXTERNAL      00000000              0
_PIE5bits                         EXTERNAL      00000000              0
_PIR1                             EXTERNAL      00000000              0
_PIR1bits                         EXTERNAL      00000000              0
_PIR2                             EXTERNAL      00000000              0
_PIR2bits                         EXTERNAL      00000000              0
_PIR3                             EXTERNAL      00000000              0
_PIR3bits                         EXTERNAL      00000000              0
_PIR4                             EXTERNAL      00000000              0
_PIR4bits                         EXTERNAL      00000000              0
_PIR5                             EXTERNAL      00000000              0
_PIR5bits                         EXTERNAL      00000000              0
_PLUSW0                           EXTERNAL      00000000              0
_PLUSW1                           EXTERNAL      00000000              0
_PLUSW2                           EXTERNAL      00000000              0
_PMD0                             EXTERNAL      00000000              0
_PMD0bits                         EXTERNAL      00000000              0
_PMD1                             EXTERNAL      00000000              0
_PMD1bits                         EXTERNAL      00000000              0
_PMD2                             EXTERNAL      00000000              0
_PMD2bits                         EXTERNAL      00000000              0
gpasm-1.5.0 #1285 (Jul 12 2020) obj/sdcc-18f2   11/12/23  13:12:40          PAGE 24


SYMBOL TABLE
  LABEL                              TYPE        VALUE         VALUE          VALUE
                                                 (hex)         (dec)          (text)

_PORTA                            EXTERNAL      00000000              0
_PORTAbits                        EXTERNAL      00000000              0
_PORTB                            EXTERNAL      00000000              0
_PORTBbits                        EXTERNAL      00000000              0
_PORTC                            EXTERNAL      00000000              0
_PORTCbits                        EXTERNAL      00000000              0
_PORTE                            EXTERNAL      00000000              0
_PORTEbits                        EXTERNAL      00000000              0
_POSTDEC0                         EXTERNAL      00000000              0
_POSTDEC1                         EXTERNAL      00000000              0
_POSTDEC2                         EXTERNAL      00000000              0
_POSTINC0                         EXTERNAL      00000000              0
_POSTINC1                         EXTERNAL      00000000              0
_POSTINC2                         EXTERNAL      00000000              0
_PREINC0                          EXTERNAL      00000000              0
_PREINC1                          EXTERNAL      00000000              0
_PREINC2                          EXTERNAL      00000000              0
_PROD                             EXTERNAL      00000000              0
_PRODH                            EXTERNAL      00000000              0
_PRODL                            EXTERNAL      00000000              0
_PR2                              EXTERNAL      00000000              0
_PR4                              EXTERNAL      00000000              0
_PR6                              EXTERNAL      00000000              0
_PSTRCON                          EXTERNAL      00000000              0
_PSTRCONbits                      EXTERNAL      00000000              0
_PSTR1CON                         EXTERNAL      00000000              0
_PSTR1CONbits                     EXTERNAL      00000000              0
_PSTR2CON                         EXTERNAL      00000000              0
_PSTR2CONbits                     EXTERNAL      00000000              0
_PSTR3CON                         EXTERNAL      00000000              0
_PSTR3CONbits                     EXTERNAL      00000000              0
_PWMCON                           EXTERNAL      00000000              0
_PWMCONbits                       EXTERNAL      00000000              0
_PWM1CON                          EXTERNAL      00000000              0
_PWM1CONbits                      EXTERNAL      00000000              0
_PWM2CON                          EXTERNAL      00000000              0
_PWM2CONbits                      EXTERNAL      00000000              0
_PWM3CON                          EXTERNAL      00000000              0
_PWM3CONbits                      EXTERNAL      00000000              0
_RCON                             EXTERNAL      00000000              0
_RCONbits                         EXTERNAL      00000000              0
_RCREG                            EXTERNAL      00000000              0
_RCREG1                           EXTERNAL      00000000              0
_RCREG2                           EXTERNAL      00000000              0
_RCSTA                            EXTERNAL      00000000              0
_RCSTAbits                        EXTERNAL      00000000              0
_RCSTA1                           EXTERNAL      00000000              0
_RCSTA1bits                       EXTERNAL      00000000              0
_RCSTA2                           EXTERNAL      00000000              0
_RCSTA2bits                       EXTERNAL      00000000              0
_RC1REG                           EXTERNAL      00000000              0
_RC1STA                           EXTERNAL      00000000              0
gpasm-1.5.0 #1285 (Jul 12 2020) obj/sdcc-18f2   11/12/23  13:12:40          PAGE 25


SYMBOL TABLE
  LABEL                              TYPE        VALUE         VALUE          VALUE
                                                 (hex)         (dec)          (text)

_RC1STAbits                       EXTERNAL      00000000              0
_RC2REG                           EXTERNAL      00000000              0
_RC2STA                           EXTERNAL      00000000              0
_RC2STAbits                       EXTERNAL      00000000              0
_SLRCON                           EXTERNAL      00000000              0
_SLRCONbits                       EXTERNAL      00000000              0
_SPBRG                            EXTERNAL      00000000              0
_SPBRGH                           EXTERNAL      00000000              0
_SPBRGH1                          EXTERNAL      00000000              0
_SPBRGH2                          EXTERNAL      00000000              0
_SPBRG1                           EXTERNAL      00000000              0
_SPBRG2                           EXTERNAL      00000000              0
_SP1BRG                           EXTERNAL      00000000              0
_SP1BRGH                          EXTERNAL      00000000              0
_SP2BRG                           EXTERNAL      00000000              0
_SP2BRGH                          EXTERNAL      00000000              0
_SRCON0                           EXTERNAL      00000000              0
_SRCON0bits                       EXTERNAL      00000000              0
_SRCON1                           EXTERNAL      00000000              0
_SRCON1bits                       EXTERNAL      00000000              0
_SSPADD                           EXTERNAL      00000000              0
_SSPBUF                           EXTERNAL      00000000              0
_SSPCON1                          EXTERNAL      00000000              0
_SSPCON1bits                      EXTERNAL      00000000              0
_SSPCON2                          EXTERNAL      00000000              0
_SSPCON2bits                      EXTERNAL      00000000              0
_SSPCON3                          EXTERNAL      00000000              0
_SSPCON3bits                      EXTERNAL      00000000              0
_SSPMSK                           EXTERNAL      00000000              0
_SSPMSKbits                       EXTERNAL      00000000              0
_SSPSTAT                          EXTERNAL      00000000              0
_SSPSTATbits                      EXTERNAL      00000000              0
_SSP1ADD                          EXTERNAL      00000000              0
_SSP1BUF                          EXTERNAL      00000000              0
_SSP1CON1                         EXTERNAL      00000000              0
_SSP1CON1bits                     EXTERNAL      00000000              0
_SSP1CON2                         EXTERNAL      00000000              0
_SSP1CON2bits                     EXTERNAL      00000000              0
_SSP1CON3                         EXTERNAL      00000000              0
_SSP1CON3bits                     EXTERNAL      00000000              0
_SSP1MSK                          EXTERNAL      00000000              0
_SSP1MSKbits                      EXTERNAL      00000000              0
_SSP1STAT                         EXTERNAL      00000000              0
_SSP1STATbits                     EXTERNAL      00000000              0
_SSP2ADD                          EXTERNAL      00000000              0
_SSP2BUF                          EXTERNAL      00000000              0
_SSP2CON1                         EXTERNAL      00000000              0
_SSP2CON1bits                     EXTERNAL      00000000              0
_SSP2CON2                         EXTERNAL      00000000              0
_SSP2CON2bits                     EXTERNAL      00000000              0
_SSP2CON3                         EXTERNAL      00000000              0
_SSP2CON3bits                     EXTERNAL      00000000              0
gpasm-1.5.0 #1285 (Jul 12 2020) obj/sdcc-18f2   11/12/23  13:12:40          PAGE 26


SYMBOL TABLE
  LABEL                              TYPE        VALUE         VALUE          VALUE
                                                 (hex)         (dec)          (text)

_SSP2MSK                          EXTERNAL      00000000              0
_SSP2MSKbits                      EXTERNAL      00000000              0
_SSP2STAT                         EXTERNAL      00000000              0
_SSP2STATbits                     EXTERNAL      00000000              0
_STATUS                           EXTERNAL      00000000              0
_STATUSbits                       EXTERNAL      00000000              0
_STKPTR                           EXTERNAL      00000000              0
_STKPTRbits                       EXTERNAL      00000000              0
_T0CON                            EXTERNAL      00000000              0
_T0CONbits                        EXTERNAL      00000000              0
_TABLAT                           EXTERNAL      00000000              0
_TBLPTR                           EXTERNAL      00000000              0
_TBLPTRH                          EXTERNAL      00000000              0
_TBLPTRL                          EXTERNAL      00000000              0
_TBLPTRU                          EXTERNAL      00000000              0
_TMR0                             EXTERNAL      00000000              0
_TMR0H                            EXTERNAL      00000000              0
_TMR0L                            EXTERNAL      00000000              0
_TMR1                             EXTERNAL      00000000              0
_TMR1H                            EXTERNAL      00000000              0
_TMR1L                            EXTERNAL      00000000              0
_TMR2                             EXTERNAL      00000000              0
_TMR3                             EXTERNAL      00000000              0
_TMR3H                            EXTERNAL      00000000              0
_TMR3L                            EXTERNAL      00000000              0
_TMR4                             EXTERNAL      00000000              0
_TMR5                             EXTERNAL      00000000              0
_TMR5H                            EXTERNAL      00000000              0
_TMR5L                            EXTERNAL      00000000              0
_TMR6                             EXTERNAL      00000000              0
_TOS                              EXTERNAL      00000000              0
_TOSH                             EXTERNAL      00000000              0
_TOSL                             EXTERNAL      00000000              0
_TOSU                             EXTERNAL      00000000              0
_TRISA                            EXTERNAL      00000000              0
_TRISAbits                        EXTERNAL      00000000              0
_TRISB                            EXTERNAL      00000000              0
_TRISBbits                        EXTERNAL      00000000              0
_TRISC                            EXTERNAL      00000000              0
_TRISCbits                        EXTERNAL      00000000              0
_TRISE                            EXTERNAL      00000000              0
_TRISEbits                        EXTERNAL      00000000              0
_TXREG                            EXTERNAL      00000000              0
_TXREG1                           EXTERNAL      00000000              0
_TXREG2                           EXTERNAL      00000000              0
_TXSTA                            EXTERNAL      00000000              0
_TXSTAbits                        EXTERNAL      00000000              0
_TXSTA1                           EXTERNAL      00000000              0
_TXSTA1bits                       EXTERNAL      00000000              0
_TXSTA2                           EXTERNAL      00000000              0
_TXSTA2bits                       EXTERNAL      00000000              0
_TX1REG                           EXTERNAL      00000000              0
gpasm-1.5.0 #1285 (Jul 12 2020) obj/sdcc-18f2   11/12/23  13:12:40          PAGE 27


SYMBOL TABLE
  LABEL                              TYPE        VALUE         VALUE          VALUE
                                                 (hex)         (dec)          (text)

_TX1STA                           EXTERNAL      00000000              0
_TX1STAbits                       EXTERNAL      00000000              0
_TX2REG                           EXTERNAL      00000000              0
_TX2STA                           EXTERNAL      00000000              0
_TX2STAbits                       EXTERNAL      00000000              0
_T1CON                            EXTERNAL      00000000              0
_T1CONbits                        EXTERNAL      00000000              0
_T1GCON                           EXTERNAL      00000000              0
_T1GCONbits                       EXTERNAL      00000000              0
_T2CON                            EXTERNAL      00000000              0
_T2CONbits                        EXTERNAL      00000000              0
_T3CON                            EXTERNAL      00000000              0
_T3CONbits                        EXTERNAL      00000000              0
_T3GCON                           EXTERNAL      00000000              0
_T3GCONbits                       EXTERNAL      00000000              0
_T4CON                            EXTERNAL      00000000              0
_T4CONbits                        EXTERNAL      00000000              0
_T5CON                            EXTERNAL      00000000              0
_T5CONbits                        EXTERNAL      00000000              0
_T5GCON                           EXTERNAL      00000000              0
_T5GCONbits                       EXTERNAL      00000000              0
_T6CON                            EXTERNAL      00000000              0
_T6CONbits                        EXTERNAL      00000000              0
_VREFCON0                         EXTERNAL      00000000              0
_VREFCON0bits                     EXTERNAL      00000000              0
_VREFCON1                         EXTERNAL      00000000              0
_VREFCON1bits                     EXTERNAL      00000000              0
_VREFCON2                         EXTERNAL      00000000              0
_VREFCON2bits                     EXTERNAL      00000000              0
_WDTCON                           EXTERNAL      00000000              0
_WDTCONbits                       EXTERNAL      00000000              0
_WPUB                             EXTERNAL      00000000              0
_WPUBbits                         EXTERNAL      00000000              0
_WREG                             EXTERNAL      00000000              0
__ACC_RAM_LOW_END                 CONSTANT      0000005F             95
__ACC_RAM_LOW_START               CONSTANT      00000000              0
__ACTIVE_BANK_ADDR                VARIABLE      FFFFFFFF             -1
__ASSUMED_BANK_ADDR               VARIABLE      FFFFFFFF             -1
__BANK_0                          CONSTANT      00000000              0
__BANK_BITS                       CONSTANT      00000F00           3840
__BANK_FIRST                      CONSTANT      00000000              0
__BANK_INV                        CONSTANT      FFFFFFFF             -1
__BANK_LAST                       CONSTANT      00000F00           3840
__BANK_MASK                       CONSTANT      000000FF            255
__BANK_SHIFT                      CONSTANT      00000008              8
__BANK_SIZE                       CONSTANT      00000100            256
__BANK_1                          CONSTANT      00000100            256
__BANK_2                          CONSTANT      00000200            512
__BANK_3                          CONSTANT      00000300            768
__BANK_4                          CONSTANT      00000400           1024
__BANK_5                          CONSTANT      00000500           1280
__BANK_6                          CONSTANT      00000600           1536
gpasm-1.5.0 #1285 (Jul 12 2020) obj/sdcc-18f2   11/12/23  13:12:40          PAGE 28


SYMBOL TABLE
  LABEL                              TYPE        VALUE         VALUE          VALUE
                                                 (hex)         (dec)          (text)

__BANK_7                          CONSTANT      00000700           1792
__BANK_8                          CONSTANT      00000800           2048
__BANK_9                          CONSTANT      00000900           2304
__BANK_10                         CONSTANT      00000A00           2560
__BANK_11                         CONSTANT      00000B00           2816
__BANK_12                         CONSTANT      00000C00           3072
__BANK_13                         CONSTANT      00000D00           3328
__BANK_14                         CONSTANT      00000E00           3584
__BANK_15                         CONSTANT      00000F00           3840
__CODE_END                        CONSTANT      00007FFF          32767
__CODE_START                      CONSTANT      00000000              0
__COMMON_RAM_END                  CONSTANT      0000005F             95
__COMMON_RAM_START                CONSTANT      00000000              0
__CONFIG_END                      CONSTANT      0030000D        3145741
__CONFIG_START                    CONSTANT      00300000        3145728
__EEPROM_END                      CONSTANT      00F000FF       15728895
__EEPROM_START                    CONSTANT      00F00000       15728640
__EXTENDED                        CONSTANT      00000001              1
__GPUTILS_SVN_VERSION             CONSTANT      00000505           1285
__GPUTILS_VERSION_MAJOR           CONSTANT      00000001              1
__GPUTILS_VERSION_MICRO           CONSTANT      00000000              0
__GPUTILS_VERSION_MINOR           CONSTANT      00000005              5
__IDLOCS_END                      CONSTANT      00200007        2097159
__IDLOCS_START                    CONSTANT      00200000        2097152
__NUM_BANKS                       CONSTANT      00000010             16
__VECTOR_INT_HIGH                 CONSTANT      00000008              8
__VECTOR_INT_LOW                  CONSTANT      00000018             24
__VECTOR_RESET                    CONSTANT      00000000              0
__WHILE_LOOP_COUNT_MAX            CONSTANT      000000FF            255
___str_0                          ADDRESS       0000009C            156
___str_1                          ADDRESS       0000009E            158
___str_2                          ADDRESS       000000A2            162
___str_3                          ADDRESS       000000A6            166
___str_4                          ADDRESS       000000AA            170
___str_5                          ADDRESS       000000AE            174
___str_6                          ADDRESS       000000B2            178
___str_7                          ADDRESS       000000B6            182
___str_8                          ADDRESS       000000BA            186
___str_9                          ADDRESS       000000C0            192
___str_10                         ADDRESS       000000C4            196
___str_11                         ADDRESS       000000C8            200
__divuint                         EXTERNAL      00000000              0
__gptrget1                        EXTERNAL      00000000              0
__moduint                         EXTERNAL      00000000              0
__16_BIT                          CONSTANT      00000001              1
__18F25K22                        CONSTANT      00000001              1
_buffer                           EXTERNAL      00000000              0
_buffer_putch                     EXTERNAL      00000000              0
_format_number                    EXTERNAL      00000000              0
_lcd_gotoxy                       EXTERNAL      00000000              0
_lcd_put                          GLOBAL        00000000              0
_lcd_putch                        EXTERNAL      00000000              0
gpasm-1.5.0 #1285 (Jul 12 2020) obj/sdcc-18f2   11/12/23  13:12:40          PAGE 29


SYMBOL TABLE
  LABEL                              TYPE        VALUE         VALUE          VALUE
                                                 (hex)         (dec)          (text)

_lcd_puts                         EXTERNAL      00000000              0
_logo_image                       EXTERNAL      00000000              0
_output_putch                     GLOBAL        00000000              0
_print_buffer                     GLOBAL        00000000              0
_print_digit                      GLOBAL        00000000              0
_print_indicator                  GLOBAL        00000000              0
_print_reading                    GLOBAL        00000000              0
_print_unit                       GLOBAL        00000000              0
_print_unit_units_65536_50        STATIC        00000000              0
_put_str                          GLOBAL        00000000              0
_ser_brg                          EXTERNAL      00000000              0
_ser_putch                        EXTERNAL      00000000              0
_ser_puts                         EXTERNAL      00000000              0
_ser_rxfifo                       EXTERNAL      00000000              0
_ser_rxiptr                       EXTERNAL      00000000              0
_ser_rxoptr                       EXTERNAL      00000000              0
_ser_tmp                          EXTERNAL      00000000              0
_ser_txfifo                       EXTERNAL      00000000              0
_ser_txiptr                       EXTERNAL      00000000              0
_ser_txoptr                       EXTERNAL      00000000              0
r0x00                             STATIC        00000000              0
r0x01                             STATIC        00000001              1
r0x02                             STATIC        00000002              2
r0x03                             STATIC        00000003              3
r0x04                             STATIC        00000004              4
r0x05                             STATIC        00000005              5
r0x06                             STATIC        00000006              6
r0x07                             STATIC        00000007              7

Errors   :     0
Warnings :     0 reported,     0 suppressed
Messages :     0 reported,     0 suppressed

