gpasm-1.5.0 #1285 (Jul 12 2020) obj/sdcc-18f2   11/12/23  13:12:35          PAGE  1


LOC    OBJECT CODE    LINE  SOURCE TEXT
  VALUE

                      00001 ;--------------------------------------------------------
                      00002 ; File Created by SDCC : free open source ANSI-C Compiler
                      00003 ; Version 4.2.0 #13081 (Linux)
                      00004 ;--------------------------------------------------------
                      00005 ; PIC16 port for the Microchip 16-bit core micros
                      00006 ;--------------------------------------------------------
                      00007 
                      00008         .ident "SDCC version 4.2.0 #13081 [pic16 port]"
                      00009         .file   "src/print.c"
                      00010         list    p=18f25k22
                      00011         radix   dec
                      00012 
                      00013 
                      00014 ;--------------------------------------------------------
                      00015 ; public variables in this module
                      00016 ;--------------------------------------------------------
  0000                00017         global  _print_digit
  0000                00018         global  _print_unit
  0000                00019         global  _print_reading
  0000                00020         global  _print_indicator
  0000                00021         global  _output_putch
  0000                00022         global  _put_str
  0000                00023         global  _print_buffer
  0000                00024         global  _lcd_put
                      00025 
                      00026 ;--------------------------------------------------------
                      00027 ; extern variables in this module
                      00028 ;--------------------------------------------------------
  0000                00029         extern  __gptrget1
  0000                00030         extern  _buffer
  0000                00031         extern  _ANSELAbits
  0000                00032         extern  _ANSELBbits
  0000                00033         extern  _ANSELCbits
  0000                00034         extern  _PMD2bits
  0000                00035         extern  _PMD1bits
  0000                00036         extern  _PMD0bits
  0000                00037         extern  _DACCON1bits
  0000                00038         extern  _VREFCON2bits
  0000                00039         extern  _DACCON0bits
  0000                00040         extern  _VREFCON1bits
  0000                00041         extern  _FVRCONbits
  0000                00042         extern  _VREFCON0bits
  0000                00043         extern  _CTMUICONbits
  0000                00044         extern  _CTMUICONHbits
  0000                00045         extern  _CTMUCON1bits
  0000                00046         extern  _CTMUCONLbits
  0000                00047         extern  _CTMUCON0bits
  0000                00048         extern  _CTMUCONHbits
  0000                00049         extern  _SRCON1bits
  0000                00050         extern  _SRCON0bits
  0000                00051         extern  _CCPTMRS1bits
  0000                00052         extern  _CCPTMRS0bits
  0000                00053         extern  _T6CONbits
gpasm-1.5.0 #1285 (Jul 12 2020) obj/sdcc-18f2   11/12/23  13:12:35          PAGE  2


LOC    OBJECT CODE    LINE  SOURCE TEXT
  VALUE

  0000                00054         extern  _T5GCONbits
  0000                00055         extern  _T5CONbits
  0000                00056         extern  _T4CONbits
  0000                00057         extern  _CCP5CONbits
  0000                00058         extern  _CCP4CONbits
  0000                00059         extern  _PSTR3CONbits
  0000                00060         extern  _CCP3ASbits
  0000                00061         extern  _ECCP3ASbits
  0000                00062         extern  _PWM3CONbits
  0000                00063         extern  _CCP3CONbits
  0000                00064         extern  _SLRCONbits
  0000                00065         extern  _WPUBbits
  0000                00066         extern  _IOCBbits
  0000                00067         extern  _PSTR2CONbits
  0000                00068         extern  _CCP2ASbits
  0000                00069         extern  _ECCP2ASbits
  0000                00070         extern  _PWM2CONbits
  0000                00071         extern  _CCP2CONbits
  0000                00072         extern  _SSP2CON3bits
  0000                00073         extern  _SSP2MSKbits
  0000                00074         extern  _SSP2CON2bits
  0000                00075         extern  _SSP2CON1bits
  0000                00076         extern  _SSP2STATbits
  0000                00077         extern  _BAUD2CONbits
  0000                00078         extern  _BAUDCON2bits
  0000                00079         extern  _RC2STAbits
  0000                00080         extern  _RCSTA2bits
  0000                00081         extern  _TX2STAbits
  0000                00082         extern  _TXSTA2bits
  0000                00083         extern  _CM12CONbits
  0000                00084         extern  _CM2CON1bits
  0000                00085         extern  _CM2CONbits
  0000                00086         extern  _CM2CON0bits
  0000                00087         extern  _CM1CONbits
  0000                00088         extern  _CM1CON0bits
  0000                00089         extern  _PIE4bits
  0000                00090         extern  _PIR4bits
  0000                00091         extern  _IPR4bits
  0000                00092         extern  _PIE5bits
  0000                00093         extern  _PIR5bits
  0000                00094         extern  _IPR5bits
  0000                00095         extern  _PORTAbits
  0000                00096         extern  _PORTBbits
  0000                00097         extern  _PORTCbits
  0000                00098         extern  _PORTEbits
  0000                00099         extern  _LATAbits
  0000                00100         extern  _LATBbits
  0000                00101         extern  _LATCbits
  0000                00102         extern  _DDRAbits
  0000                00103         extern  _TRISAbits
  0000                00104         extern  _DDRBbits
  0000                00105         extern  _TRISBbits
  0000                00106         extern  _DDRCbits
gpasm-1.5.0 #1285 (Jul 12 2020) obj/sdcc-18f2   11/12/23  13:12:35          PAGE  3


LOC    OBJECT CODE    LINE  SOURCE TEXT
  VALUE

  0000                00107         extern  _TRISCbits
  0000                00108         extern  _TRISEbits
  0000                00109         extern  _OSCTUNEbits
  0000                00110         extern  _HLVDCONbits
  0000                00111         extern  _LVDCONbits
  0000                00112         extern  _PIE1bits
  0000                00113         extern  _PIR1bits
  0000                00114         extern  _IPR1bits
  0000                00115         extern  _PIE2bits
  0000                00116         extern  _PIR2bits
  0000                00117         extern  _IPR2bits
  0000                00118         extern  _PIE3bits
  0000                00119         extern  _PIR3bits
  0000                00120         extern  _IPR3bits
  0000                00121         extern  _EECON1bits
  0000                00122         extern  _EEADRbits
  0000                00123         extern  _RC1STAbits
  0000                00124         extern  _RCSTAbits
  0000                00125         extern  _RCSTA1bits
  0000                00126         extern  _TX1STAbits
  0000                00127         extern  _TXSTAbits
  0000                00128         extern  _TXSTA1bits
  0000                00129         extern  _T3CONbits
  0000                00130         extern  _T3GCONbits
  0000                00131         extern  _ECCP1ASbits
  0000                00132         extern  _ECCPASbits
  0000                00133         extern  _PWM1CONbits
  0000                00134         extern  _PWMCONbits
  0000                00135         extern  _BAUD1CONbits
  0000                00136         extern  _BAUDCONbits
  0000                00137         extern  _BAUDCON1bits
  0000                00138         extern  _BAUDCTLbits
  0000                00139         extern  _PSTR1CONbits
  0000                00140         extern  _PSTRCONbits
  0000                00141         extern  _T2CONbits
  0000                00142         extern  _CCP1CONbits
  0000                00143         extern  _ADCON2bits
  0000                00144         extern  _ADCON1bits
  0000                00145         extern  _ADCON0bits
  0000                00146         extern  _SSP1CON2bits
  0000                00147         extern  _SSPCON2bits
  0000                00148         extern  _SSP1CON1bits
  0000                00149         extern  _SSPCON1bits
  0000                00150         extern  _SSP1STATbits
  0000                00151         extern  _SSPSTATbits
  0000                00152         extern  _SSP1MSKbits
  0000                00153         extern  _SSPMSKbits
  0000                00154         extern  _SSP1CON3bits
  0000                00155         extern  _SSPCON3bits
  0000                00156         extern  _T1GCONbits
  0000                00157         extern  _T1CONbits
  0000                00158         extern  _RCONbits
  0000                00159         extern  _WDTCONbits
gpasm-1.5.0 #1285 (Jul 12 2020) obj/sdcc-18f2   11/12/23  13:12:35          PAGE  4


LOC    OBJECT CODE    LINE  SOURCE TEXT
  VALUE

  0000                00160         extern  _OSCCON2bits
  0000                00161         extern  _OSCCONbits
  0000                00162         extern  _T0CONbits
  0000                00163         extern  _STATUSbits
  0000                00164         extern  _INTCON3bits
  0000                00165         extern  _INTCON2bits
  0000                00166         extern  _INTCONbits
  0000                00167         extern  _STKPTRbits
  0000                00168         extern  _ser_rxfifo
  0000                00169         extern  _ser_rxiptr
  0000                00170         extern  _ser_rxoptr
  0000                00171         extern  _ser_txfifo
  0000                00172         extern  _ser_txiptr
  0000                00173         extern  _ser_txoptr
  0000                00174         extern  _ser_tmp
  0000                00175         extern  _ser_brg
  0000                00176         extern  _ANSELA
  0000                00177         extern  _ANSELB
  0000                00178         extern  _ANSELC
  0000                00179         extern  _PMD2
  0000                00180         extern  _PMD1
  0000                00181         extern  _PMD0
  0000                00182         extern  _DACCON1
  0000                00183         extern  _VREFCON2
  0000                00184         extern  _DACCON0
  0000                00185         extern  _VREFCON1
  0000                00186         extern  _FVRCON
  0000                00187         extern  _VREFCON0
  0000                00188         extern  _CTMUICON
  0000                00189         extern  _CTMUICONH
  0000                00190         extern  _CTMUCON1
  0000                00191         extern  _CTMUCONL
  0000                00192         extern  _CTMUCON0
  0000                00193         extern  _CTMUCONH
  0000                00194         extern  _SRCON1
  0000                00195         extern  _SRCON0
  0000                00196         extern  _CCPTMRS1
  0000                00197         extern  _CCPTMRS0
  0000                00198         extern  _T6CON
  0000                00199         extern  _PR6
  0000                00200         extern  _TMR6
  0000                00201         extern  _T5GCON
  0000                00202         extern  _T5CON
  0000                00203         extern  _TMR5
  0000                00204         extern  _TMR5L
  0000                00205         extern  _TMR5H
  0000                00206         extern  _T4CON
  0000                00207         extern  _PR4
  0000                00208         extern  _TMR4
  0000                00209         extern  _CCP5CON
  0000                00210         extern  _CCPR5
  0000                00211         extern  _CCPR5L
  0000                00212         extern  _CCPR5H
gpasm-1.5.0 #1285 (Jul 12 2020) obj/sdcc-18f2   11/12/23  13:12:35          PAGE  5


LOC    OBJECT CODE    LINE  SOURCE TEXT
  VALUE

  0000                00213         extern  _CCP4CON
  0000                00214         extern  _CCPR4
  0000                00215         extern  _CCPR4L
  0000                00216         extern  _CCPR4H
  0000                00217         extern  _PSTR3CON
  0000                00218         extern  _CCP3AS
  0000                00219         extern  _ECCP3AS
  0000                00220         extern  _PWM3CON
  0000                00221         extern  _CCP3CON
  0000                00222         extern  _CCPR3
  0000                00223         extern  _CCPR3L
  0000                00224         extern  _CCPR3H
  0000                00225         extern  _SLRCON
  0000                00226         extern  _WPUB
  0000                00227         extern  _IOCB
  0000                00228         extern  _PSTR2CON
  0000                00229         extern  _CCP2AS
  0000                00230         extern  _ECCP2AS
  0000                00231         extern  _PWM2CON
  0000                00232         extern  _CCP2CON
  0000                00233         extern  _CCPR2
  0000                00234         extern  _CCPR2L
  0000                00235         extern  _CCPR2H
  0000                00236         extern  _SSP2CON3
  0000                00237         extern  _SSP2MSK
  0000                00238         extern  _SSP2CON2
  0000                00239         extern  _SSP2CON1
  0000                00240         extern  _SSP2STAT
  0000                00241         extern  _SSP2ADD
  0000                00242         extern  _SSP2BUF
  0000                00243         extern  _BAUD2CON
  0000                00244         extern  _BAUDCON2
  0000                00245         extern  _RC2STA
  0000                00246         extern  _RCSTA2
  0000                00247         extern  _TX2STA
  0000                00248         extern  _TXSTA2
  0000                00249         extern  _TX2REG
  0000                00250         extern  _TXREG2
  0000                00251         extern  _RC2REG
  0000                00252         extern  _RCREG2
  0000                00253         extern  _SP2BRG
  0000                00254         extern  _SPBRG2
  0000                00255         extern  _SP2BRGH
  0000                00256         extern  _SPBRGH2
  0000                00257         extern  _CM12CON
  0000                00258         extern  _CM2CON1
  0000                00259         extern  _CM2CON
  0000                00260         extern  _CM2CON0
  0000                00261         extern  _CM1CON
  0000                00262         extern  _CM1CON0
  0000                00263         extern  _PIE4
  0000                00264         extern  _PIR4
  0000                00265         extern  _IPR4
gpasm-1.5.0 #1285 (Jul 12 2020) obj/sdcc-18f2   11/12/23  13:12:35          PAGE  6


LOC    OBJECT CODE    LINE  SOURCE TEXT
  VALUE

  0000                00266         extern  _PIE5
  0000                00267         extern  _PIR5
  0000                00268         extern  _IPR5
  0000                00269         extern  _PORTA
  0000                00270         extern  _PORTB
  0000                00271         extern  _PORTC
  0000                00272         extern  _PORTE
  0000                00273         extern  _LATA
  0000                00274         extern  _LATB
  0000                00275         extern  _LATC
  0000                00276         extern  _DDRA
  0000                00277         extern  _TRISA
  0000                00278         extern  _DDRB
  0000                00279         extern  _TRISB
  0000                00280         extern  _DDRC
  0000                00281         extern  _TRISC
  0000                00282         extern  _TRISE
  0000                00283         extern  _OSCTUNE
  0000                00284         extern  _HLVDCON
  0000                00285         extern  _LVDCON
  0000                00286         extern  _PIE1
  0000                00287         extern  _PIR1
  0000                00288         extern  _IPR1
  0000                00289         extern  _PIE2
  0000                00290         extern  _PIR2
  0000                00291         extern  _IPR2
  0000                00292         extern  _PIE3
  0000                00293         extern  _PIR3
  0000                00294         extern  _IPR3
  0000                00295         extern  _EECON1
  0000                00296         extern  _EECON2
  0000                00297         extern  _EEDATA
  0000                00298         extern  _EEADR
  0000                00299         extern  _RC1STA
  0000                00300         extern  _RCSTA
  0000                00301         extern  _RCSTA1
  0000                00302         extern  _TX1STA
  0000                00303         extern  _TXSTA
  0000                00304         extern  _TXSTA1
  0000                00305         extern  _TX1REG
  0000                00306         extern  _TXREG
  0000                00307         extern  _TXREG1
  0000                00308         extern  _RC1REG
  0000                00309         extern  _RCREG
  0000                00310         extern  _RCREG1
  0000                00311         extern  _SP1BRG
  0000                00312         extern  _SPBRG
  0000                00313         extern  _SPBRG1
  0000                00314         extern  _SP1BRGH
  0000                00315         extern  _SPBRGH
  0000                00316         extern  _SPBRGH1
  0000                00317         extern  _T3CON
  0000                00318         extern  _TMR3
gpasm-1.5.0 #1285 (Jul 12 2020) obj/sdcc-18f2   11/12/23  13:12:35          PAGE  7


LOC    OBJECT CODE    LINE  SOURCE TEXT
  VALUE

  0000                00319         extern  _TMR3L
  0000                00320         extern  _TMR3H
  0000                00321         extern  _T3GCON
  0000                00322         extern  _ECCP1AS
  0000                00323         extern  _ECCPAS
  0000                00324         extern  _PWM1CON
  0000                00325         extern  _PWMCON
  0000                00326         extern  _BAUD1CON
  0000                00327         extern  _BAUDCON
  0000                00328         extern  _BAUDCON1
  0000                00329         extern  _BAUDCTL
  0000                00330         extern  _PSTR1CON
  0000                00331         extern  _PSTRCON
  0000                00332         extern  _T2CON
  0000                00333         extern  _PR2
  0000                00334         extern  _TMR2
  0000                00335         extern  _CCP1CON
  0000                00336         extern  _CCPR1
  0000                00337         extern  _CCPR1L
  0000                00338         extern  _CCPR1H
  0000                00339         extern  _ADCON2
  0000                00340         extern  _ADCON1
  0000                00341         extern  _ADCON0
  0000                00342         extern  _ADRES
  0000                00343         extern  _ADRESL
  0000                00344         extern  _ADRESH
  0000                00345         extern  _SSP1CON2
  0000                00346         extern  _SSPCON2
  0000                00347         extern  _SSP1CON1
  0000                00348         extern  _SSPCON1
  0000                00349         extern  _SSP1STAT
  0000                00350         extern  _SSPSTAT
  0000                00351         extern  _SSP1ADD
  0000                00352         extern  _SSPADD
  0000                00353         extern  _SSP1BUF
  0000                00354         extern  _SSPBUF
  0000                00355         extern  _SSP1MSK
  0000                00356         extern  _SSPMSK
  0000                00357         extern  _SSP1CON3
  0000                00358         extern  _SSPCON3
  0000                00359         extern  _T1GCON
  0000                00360         extern  _T1CON
  0000                00361         extern  _TMR1
  0000                00362         extern  _TMR1L
  0000                00363         extern  _TMR1H
  0000                00364         extern  _RCON
  0000                00365         extern  _WDTCON
  0000                00366         extern  _OSCCON2
  0000                00367         extern  _OSCCON
  0000                00368         extern  _T0CON
  0000                00369         extern  _TMR0
  0000                00370         extern  _TMR0L
  0000                00371         extern  _TMR0H
gpasm-1.5.0 #1285 (Jul 12 2020) obj/sdcc-18f2   11/12/23  13:12:35          PAGE  8


LOC    OBJECT CODE    LINE  SOURCE TEXT
  VALUE

  0000                00372         extern  _STATUS
  0000                00373         extern  _FSR2L
  0000                00374         extern  _FSR2H
  0000                00375         extern  _PLUSW2
  0000                00376         extern  _PREINC2
  0000                00377         extern  _POSTDEC2
  0000                00378         extern  _POSTINC2
  0000                00379         extern  _INDF2
  0000                00380         extern  _BSR
  0000                00381         extern  _FSR1L
  0000                00382         extern  _FSR1H
  0000                00383         extern  _PLUSW1
  0000                00384         extern  _PREINC1
  0000                00385         extern  _POSTDEC1
  0000                00386         extern  _POSTINC1
  0000                00387         extern  _INDF1
  0000                00388         extern  _WREG
  0000                00389         extern  _FSR0L
  0000                00390         extern  _FSR0H
  0000                00391         extern  _PLUSW0
  0000                00392         extern  _PREINC0
  0000                00393         extern  _POSTDEC0
  0000                00394         extern  _POSTINC0
  0000                00395         extern  _INDF0
  0000                00396         extern  _INTCON3
  0000                00397         extern  _INTCON2
  0000                00398         extern  _INTCON
  0000                00399         extern  _PROD
  0000                00400         extern  _PRODL
  0000                00401         extern  _PRODH
  0000                00402         extern  _TABLAT
  0000                00403         extern  _TBLPTR
  0000                00404         extern  _TBLPTRL
  0000                00405         extern  _TBLPTRH
  0000                00406         extern  _TBLPTRU
  0000                00407         extern  _PC
  0000                00408         extern  _PCL
  0000                00409         extern  _PCLATH
  0000                00410         extern  _PCLATU
  0000                00411         extern  _STKPTR
  0000                00412         extern  _TOS
  0000                00413         extern  _TOSL
  0000                00414         extern  _TOSH
  0000                00415         extern  _TOSU
  0000                00416         extern  _buffer_putch
  0000                00417         extern  _lcd_puts
  0000                00418         extern  _lcd_gotoxy
  0000                00419         extern  _lcd_putch
  0000                00420         extern  _ser_putch
  0000                00421         extern  _ser_puts
  0000                00422         extern  _format_number
  0000                00423         extern  __divuint
  0000                00424         extern  __moduint
gpasm-1.5.0 #1285 (Jul 12 2020) obj/sdcc-18f2   11/12/23  13:12:35          PAGE  9


LOC    OBJECT CODE    LINE  SOURCE TEXT
  VALUE

  0000                00425         extern  _logo_image
                      00426 
                      00427 ;--------------------------------------------------------
                      00428 ;       Equates to used internal registers
                      00429 ;--------------------------------------------------------
  00000FD8            00430 STATUS  equ     0xfd8
  00000FE8            00431 WREG    equ     0xfe8
  00000FE9            00432 FSR0L   equ     0xfe9
  00000FEA            00433 FSR0H   equ     0xfea
  00000FE1            00434 FSR1L   equ     0xfe1
  00000FD9            00435 FSR2L   equ     0xfd9
  00000FEF            00436 INDF0   equ     0xfef
  00000FE6            00437 POSTINC1        equ     0xfe6
  00000FE5            00438 POSTDEC1        equ     0xfe5
  00000FE4            00439 PREINC1 equ     0xfe4
  00000FDB            00440 PLUSW2  equ     0xfdb
  00000FF3            00441 PRODL   equ     0xff3
                      00442 
                      00443 
                      00444         idata
000000 00 00 00 00 00 00445 _print_unit_units_65536_50      db      LOW(___str_0), HIGH(___str_0), UPPER(___str_0), LOW(___str_1), H
                            IGH(___str_1), UPPER(___str_1), LOW(___str_2), HIGH(___str_2), UPPER(___str_2), LOW(___str_3), HIGH(___s
                            tr_3), UPPER(___str_3)
       00 00 00 00 00 
       00 00          
00000C 00 00 00 00 00 00446         db      LOW(___str_4), HIGH(___str_4), UPPER(___str_4), LOW(___str_5), HIGH(___str_5), UPPER(___
                            str_5), LOW(___str_6), HIGH(___str_6), UPPER(___str_6), LOW(___str_7), HIGH(___str_7), UPPER(___str_7)
       00 00 00 00 00 
       00 00          
                      00447 
                      00448 
                      00449 ; Internal registers
                      00450 .registers      udata_ovr       0x0000
000000                00451 r0x00   res     1
000001                00452 r0x01   res     1
000002                00453 r0x02   res     1
000003                00454 r0x03   res     1
000004                00455 r0x04   res     1
000005                00456 r0x05   res     1
000006                00457 r0x06   res     1
000007                00458 r0x07   res     1
                      00459 
                      00460 ;--------------------------------------------------------
                      00461 ; global & static initialisations
                      00462 ;--------------------------------------------------------
                      00463 ; I code from now on!
                      00464 ; ; Starting pCode block
                      00465 S_print__print_buffer   code
000000                00466 _print_buffer:
                      00467         .line   510; src/print.c        print_buffer(void) {
000000 CFD9 FFE5      00468         MOVFF   FSR2L, POSTDEC1
000004 CFE1 FFD9      00469         MOVFF   FSR1L, FSR2L
000008 C??? F???      00470         MOVFF   r0x00, POSTDEC1
gpasm-1.5.0 #1285 (Jul 12 2020) obj/sdcc-18f2   11/12/23  13:12:35          PAGE 10


LOC    OBJECT CODE    LINE  SOURCE TEXT
  VALUE

00000C C??? F???      00471         MOVFF   r0x01, POSTDEC1
000010 C??? F???      00472         MOVFF   r0x02, POSTDEC1
                      00473         .line   513; src/print.c        for(i = 0; i < buffer.n; i++) {
000014 6A??           00474         CLRF    r0x00
000016                00475 _00163_DS_:
000016 010?           00476         BANKSEL (_buffer + 16)
000018 51??           00477         MOVF    (_buffer + 16), W, B
00001A 38E8           00478         SWAPF   WREG, W
00001C 0B0F           00479         ANDLW   0x0f
00001E 6E??           00480         MOVWF   r0x01
000020 50??           00481         MOVF    r0x00, W
000022 6E??           00482         MOVWF   r0x02
000024 50??           00483         MOVF    r0x02, W
000026 0F80           00484         ADDLW   0x80
000028 6EF3           00485         MOVWF   PRODL
00002A 50??           00486         MOVF    r0x01, W
00002C 0F80           00487         ADDLW   0x80
00002E 5CF3           00488         SUBWF   PRODL, W
000030 E2??           00489         BC      _00161_DS_
                      00490         .line   514; src/print.c        ser_putch(buffer.x[i]);
000032 0E??           00491         MOVLW   LOW(_buffer)
000034 24??           00492         ADDWF   r0x00, W
000036 6E??           00493         MOVWF   r0x01
000038 6A??           00494         CLRF    r0x02
00003A 0E??           00495         MOVLW   HIGH(_buffer)
00003C 22??           00496         ADDWFC  r0x02, F
00003E C??? F???      00497         MOVFF   r0x01, FSR0L
000042 C??? F???      00498         MOVFF   r0x02, FSR0H
000046 CFEF F000      00499         MOVFF   INDF0, r0x01
00004A 50??           00500         MOVF    r0x01, W
00004C 6EE5           00501         MOVWF   POSTDEC1
00004E EC?? F0??      00502         CALL    _ser_putch
000052 52E6           00503         MOVF    POSTINC1, F
                      00504         .line   513; src/print.c        for(i = 0; i < buffer.n; i++) {
000054 2A??           00505         INCF    r0x00, F
000056 D???           00506         BRA     _00163_DS_
000058                00507 _00161_DS_:
                      00508         .line   516; src/print.c        ser_puts("\r\n");
000058 0E??           00509         MOVLW   UPPER(___str_11)
00005A 6E??           00510         MOVWF   r0x02
00005C 0E??           00511         MOVLW   HIGH(___str_11)
00005E 6E??           00512         MOVWF   r0x01
000060 0E??           00513         MOVLW   LOW(___str_11)
000062 6E??           00514         MOVWF   r0x00
000064 50??           00515         MOVF    r0x02, W
000066 6EE5           00516         MOVWF   POSTDEC1
000068 50??           00517         MOVF    r0x01, W
00006A 6EE5           00518         MOVWF   POSTDEC1
00006C 50??           00519         MOVF    r0x00, W
00006E 6EE5           00520         MOVWF   POSTDEC1
000070 EC?? F0??      00521         CALL    _ser_puts
000074 0E03           00522         MOVLW   0x03
000076 26E1           00523         ADDWF   FSR1L, F
gpasm-1.5.0 #1285 (Jul 12 2020) obj/sdcc-18f2   11/12/23  13:12:35          PAGE 11


LOC    OBJECT CODE    LINE  SOURCE TEXT
  VALUE

                      00524         .line   518; src/print.c        }
000078 CFE4 F000      00525         MOVFF   PREINC1, r0x02
00007C CFE4 F000      00526         MOVFF   PREINC1, r0x01
000080 CFE4 F000      00527         MOVFF   PREINC1, r0x00
000084 CFE4 FFD9      00528         MOVFF   PREINC1, FSR2L
000088 0012           00529         RETURN  
                      00530 
                      00531 ; ; Starting pCode block
                      00532 S_print__put_str        code
000000                00533 _put_str:
                      00534         .line   501; src/print.c        put_str(const char* s) {
000000 CFD9 FFE5      00535         MOVFF   FSR2L, POSTDEC1
000004 CFE1 FFD9      00536         MOVFF   FSR1L, FSR2L
000008 C??? F???      00537         MOVFF   r0x00, POSTDEC1
00000C C??? F???      00538         MOVFF   r0x01, POSTDEC1
000010 C??? F???      00539         MOVFF   r0x02, POSTDEC1
000014 C??? F???      00540         MOVFF   r0x03, POSTDEC1
000018 C??? F???      00541         MOVFF   r0x04, POSTDEC1
00001C C??? F???      00542         MOVFF   r0x05, POSTDEC1
000020 C??? F???      00543         MOVFF   r0x06, POSTDEC1
000024 C??? F???      00544         MOVFF   r0x07, POSTDEC1
000028 0E02           00545         MOVLW   0x02
00002A CFDB F000      00546         MOVFF   PLUSW2, r0x00
00002E 0E03           00547         MOVLW   0x03
000030 CFDB F000      00548         MOVFF   PLUSW2, r0x01
000034 0E04           00549         MOVLW   0x04
000036 CFDB F000      00550         MOVFF   PLUSW2, r0x02
                      00551         .line   504; src/print.c        for(i = 0; s[i]; i++) {
00003A 6A??           00552         CLRF    r0x03
00003C 6A??           00553         CLRF    r0x04
00003E                00554 _00154_DS_:
00003E 50??           00555         MOVF    r0x03, W
000040 6E??           00556         MOVWF   r0x05
000042 50??           00557         MOVF    r0x04, W
000044 6E??           00558         MOVWF   r0x06
000046 6A??           00559         CLRF    r0x07
000048 50??           00560         MOVF    r0x00, W
00004A 26??           00561         ADDWF   r0x05, F
00004C 50??           00562         MOVF    r0x01, W
00004E 22??           00563         ADDWFC  r0x06, F
000050 50??           00564         MOVF    r0x02, W
000052 22??           00565         ADDWFC  r0x07, F
000054 C??? F???      00566         MOVFF   r0x05, FSR0L
000058 C??? F???      00567         MOVFF   r0x06, PRODL
00005C 50??           00568         MOVF    r0x07, W
00005E EC?? F0??      00569         CALL    __gptrget1
000062 6E??           00570         MOVWF   r0x05
000064 50??           00571         MOVF    r0x05, W
000066 E0??           00572         BZ      _00156_DS_
                      00573         .line   505; src/print.c        output_putch(s[i]);
000068 50??           00574         MOVF    r0x05, W
00006A 6EE5           00575         MOVWF   POSTDEC1
00006C EC?? F0??      00576         CALL    _output_putch
gpasm-1.5.0 #1285 (Jul 12 2020) obj/sdcc-18f2   11/12/23  13:12:35          PAGE 12


LOC    OBJECT CODE    LINE  SOURCE TEXT
  VALUE

000070 52E6           00577         MOVF    POSTINC1, F
                      00578         .line   504; src/print.c        for(i = 0; s[i]; i++) {
000072 4A??           00579         INFSNZ  r0x03, F
000074 2A??           00580         INCF    r0x04, F
000076 D???           00581         BRA     _00154_DS_
000078                00582 _00156_DS_:
                      00583         .line   507; src/print.c        }
000078 CFE4 F000      00584         MOVFF   PREINC1, r0x07
00007C CFE4 F000      00585         MOVFF   PREINC1, r0x06
000080 CFE4 F000      00586         MOVFF   PREINC1, r0x05
000084 CFE4 F000      00587         MOVFF   PREINC1, r0x04
000088 CFE4 F000      00588         MOVFF   PREINC1, r0x03
00008C CFE4 F000      00589         MOVFF   PREINC1, r0x02
000090 CFE4 F000      00590         MOVFF   PREINC1, r0x01
000094 CFE4 F000      00591         MOVFF   PREINC1, r0x00
000098 CFE4 FFD9      00592         MOVFF   PREINC1, FSR2L
00009C 0012           00593         RETURN  
                      00594 
                      00595 ; ; Starting pCode block
                      00596 S_print__output_putch   code
000000                00597 _output_putch:
                      00598         .line   488; src/print.c        output_putch(char c) {
000000 CFD9 FFE5      00599         MOVFF   FSR2L, POSTDEC1
000004 CFE1 FFD9      00600         MOVFF   FSR1L, FSR2L
000008 C??? F???      00601         MOVFF   r0x00, POSTDEC1
00000C 0E02           00602         MOVLW   0x02
00000E CFDB F000      00603         MOVFF   PLUSW2, r0x00
                      00604         .line   490; src/print.c        lcd_putch(c);
000012 50??           00605         MOVF    r0x00, W
000014 6EE5           00606         MOVWF   POSTDEC1
000016 EC?? F0??      00607         CALL    _lcd_putch
00001A 52E6           00608         MOVF    POSTINC1, F
                      00609         .line   493; src/print.c        ser_putch(c);
00001C 50??           00610         MOVF    r0x00, W
00001E 6EE5           00611         MOVWF   POSTDEC1
000020 EC?? F0??      00612         CALL    _ser_putch
000024 52E6           00613         MOVF    POSTINC1, F
                      00614         .line   495; src/print.c        }
000026 CFE4 F000      00615         MOVFF   PREINC1, r0x00
00002A CFE4 FFD9      00616         MOVFF   PREINC1, FSR2L
00002E 0012           00617         RETURN  
                      00618 
                      00619 ; ; Starting pCode block
                      00620 S_print__print_indicator        code
000000                00621 _print_indicator:
                      00622         .line   464; src/print.c        print_indicator(uint8_t indicate) {
000000 CFD9 FFE5      00623         MOVFF   FSR2L, POSTDEC1
000004 CFE1 FFD9      00624         MOVFF   FSR1L, FSR2L
000008 C??? F???      00625         MOVFF   r0x00, POSTDEC1
00000C C??? F???      00626         MOVFF   r0x01, POSTDEC1
000010 C??? F???      00627         MOVFF   r0x02, POSTDEC1
000014 0E02           00628         MOVLW   0x02
000016 CFDB F000      00629         MOVFF   PLUSW2, r0x00
gpasm-1.5.0 #1285 (Jul 12 2020) obj/sdcc-18f2   11/12/23  13:12:35          PAGE 13


LOC    OBJECT CODE    LINE  SOURCE TEXT
  VALUE

                      00630         .line   478; src/print.c        lcd_gotoxy(0, 1);
00001A 0E01           00631         MOVLW   0x01
00001C 6EE5           00632         MOVWF   POSTDEC1
00001E 0E00           00633         MOVLW   0x00
000020 6EE5           00634         MOVWF   POSTDEC1
000022 EC?? F0??      00635         CALL    _lcd_gotoxy
000026 52E6           00636         MOVF    POSTINC1, F
000028 52E6           00637         MOVF    POSTINC1, F
                      00638         .line   479; src/print.c        if(indicate) {
00002A 50??           00639         MOVF    r0x00, W
00002C E0??           00640         BZ      _00140_DS_
                      00641         .line   480; src/print.c        lcd_puts("-*-");
00002E 0E??           00642         MOVLW   UPPER(___str_9)
000030 6E??           00643         MOVWF   r0x02
000032 0E??           00644         MOVLW   HIGH(___str_9)
000034 6E??           00645         MOVWF   r0x01
000036 0E??           00646         MOVLW   LOW(___str_9)
000038 6E??           00647         MOVWF   r0x00
00003A 50??           00648         MOVF    r0x02, W
00003C 6EE5           00649         MOVWF   POSTDEC1
00003E 50??           00650         MOVF    r0x01, W
000040 6EE5           00651         MOVWF   POSTDEC1
000042 50??           00652         MOVF    r0x00, W
000044 6EE5           00653         MOVWF   POSTDEC1
000046 EC?? F0??      00654         CALL    _lcd_puts
00004A 0E03           00655         MOVLW   0x03
00004C 26E1           00656         ADDWF   FSR1L, F
00004E D???           00657         BRA     _00142_DS_
000050                00658 _00140_DS_:
                      00659         .line   482; src/print.c        lcd_puts("   ");
000050 0E??           00660         MOVLW   UPPER(___str_10)
000052 6E??           00661         MOVWF   r0x02
000054 0E??           00662         MOVLW   HIGH(___str_10)
000056 6E??           00663         MOVWF   r0x01
000058 0E??           00664         MOVLW   LOW(___str_10)
00005A 6E??           00665         MOVWF   r0x00
00005C 50??           00666         MOVF    r0x02, W
00005E 6EE5           00667         MOVWF   POSTDEC1
000060 50??           00668         MOVF    r0x01, W
000062 6EE5           00669         MOVWF   POSTDEC1
000064 50??           00670         MOVF    r0x00, W
000066 6EE5           00671         MOVWF   POSTDEC1
000068 EC?? F0??      00672         CALL    _lcd_puts
00006C 0E03           00673         MOVLW   0x03
00006E 26E1           00674         ADDWF   FSR1L, F
000070                00675 _00142_DS_:
                      00676         .line   485; src/print.c        }
000070 CFE4 F000      00677         MOVFF   PREINC1, r0x02
000074 CFE4 F000      00678         MOVFF   PREINC1, r0x01
000078 CFE4 F000      00679         MOVFF   PREINC1, r0x00
00007C CFE4 FFD9      00680         MOVFF   PREINC1, FSR2L
000080 0012           00681         RETURN  
                      00682 
gpasm-1.5.0 #1285 (Jul 12 2020) obj/sdcc-18f2   11/12/23  13:12:35          PAGE 14


LOC    OBJECT CODE    LINE  SOURCE TEXT
  VALUE

                      00683 ; ; Starting pCode block
                      00684 S_print__print_reading  code
000000                00685 _print_reading:
                      00686         .line   424; src/print.c        print_reading(uint16_t measurement) {
000000 CFD9 FFE5      00687         MOVFF   FSR2L, POSTDEC1
000004 CFE1 FFD9      00688         MOVFF   FSR1L, FSR2L
000008 C??? F???      00689         MOVFF   r0x00, POSTDEC1
00000C C??? F???      00690         MOVFF   r0x01, POSTDEC1
000010 C??? F???      00691         MOVFF   r0x02, POSTDEC1
000014 C??? F???      00692         MOVFF   r0x03, POSTDEC1
000018 C??? F???      00693         MOVFF   r0x04, POSTDEC1
00001C 0E02           00694         MOVLW   0x02
00001E CFDB F000      00695         MOVFF   PLUSW2, r0x00
000022 0E03           00696         MOVLW   0x03
000024 CFDB F000      00697         MOVFF   PLUSW2, r0x01
                      00698         .line   451; src/print.c        lcd_gotoxy(9, 0);
000028 0E00           00699         MOVLW   0x00
00002A 6EE5           00700         MOVWF   POSTDEC1
00002C 0E09           00701         MOVLW   0x09
00002E 6EE5           00702         MOVWF   POSTDEC1
000030 EC?? F0??      00703         CALL    _lcd_gotoxy
000034 52E6           00704         MOVF    POSTINC1, F
000036 52E6           00705         MOVF    POSTINC1, F
                      00706         .line   452; src/print.c        lcd_puts("     ");
000038 0E??           00707         MOVLW   UPPER(___str_8)
00003A 6E??           00708         MOVWF   r0x04
00003C 0E??           00709         MOVLW   HIGH(___str_8)
00003E 6E??           00710         MOVWF   r0x03
000040 0E??           00711         MOVLW   LOW(___str_8)
000042 6E??           00712         MOVWF   r0x02
000044 50??           00713         MOVF    r0x04, W
000046 6EE5           00714         MOVWF   POSTDEC1
000048 50??           00715         MOVF    r0x03, W
00004A 6EE5           00716         MOVWF   POSTDEC1
00004C 50??           00717         MOVF    r0x02, W
00004E 6EE5           00718         MOVWF   POSTDEC1
000050 EC?? F0??      00719         CALL    _lcd_puts
000054 0E03           00720         MOVLW   0x03
000056 26E1           00721         ADDWF   FSR1L, F
                      00722         .line   453; src/print.c        lcd_gotoxy(9, 0);
000058 0E00           00723         MOVLW   0x00
00005A 6EE5           00724         MOVWF   POSTDEC1
00005C 0E09           00725         MOVLW   0x09
00005E 6EE5           00726         MOVWF   POSTDEC1
000060 EC?? F0??      00727         CALL    _lcd_gotoxy
000064 52E6           00728         MOVF    POSTINC1, F
000066 52E6           00729         MOVF    POSTINC1, F
                      00730         .line   455; src/print.c        format_number(&buffer_putch, measurement / 100, 10, 0);
000068 0E00           00731         MOVLW   0x00
00006A 6EE5           00732         MOVWF   POSTDEC1
00006C 0E64           00733         MOVLW   0x64
00006E 6EE5           00734         MOVWF   POSTDEC1
000070 50??           00735         MOVF    r0x01, W
gpasm-1.5.0 #1285 (Jul 12 2020) obj/sdcc-18f2   11/12/23  13:12:35          PAGE 15


LOC    OBJECT CODE    LINE  SOURCE TEXT
  VALUE

000072 6EE5           00736         MOVWF   POSTDEC1
000074 50??           00737         MOVF    r0x00, W
000076 6EE5           00738         MOVWF   POSTDEC1
000078 EC?? F0??      00739         CALL    __divuint
00007C 6E??           00740         MOVWF   r0x02
00007E CFF3 F000      00741         MOVFF   PRODL, r0x03
000082 0E04           00742         MOVLW   0x04
000084 26E1           00743         ADDWF   FSR1L, F
000086 0E00           00744         MOVLW   0x00
000088 6EE5           00745         MOVWF   POSTDEC1
00008A 0E0A           00746         MOVLW   0x0a
00008C 6EE5           00747         MOVWF   POSTDEC1
00008E 50??           00748         MOVF    r0x03, W
000090 6EE5           00749         MOVWF   POSTDEC1
000092 50??           00750         MOVF    r0x02, W
000094 6EE5           00751         MOVWF   POSTDEC1
000096 0E??           00752         MOVLW   UPPER(_buffer_putch)
000098 6EE5           00753         MOVWF   POSTDEC1
00009A 0E??           00754         MOVLW   HIGH(_buffer_putch)
00009C 6EE5           00755         MOVWF   POSTDEC1
00009E 0E??           00756         MOVLW   LOW(_buffer_putch)
0000A0 6EE5           00757         MOVWF   POSTDEC1
0000A2 EC?? F0??      00758         CALL    _format_number
0000A6 0E07           00759         MOVLW   0x07
0000A8 26E1           00760         ADDWF   FSR1L, F
                      00761         .line   457; src/print.c        format_number(&buffer_putch, measurement % 100, 10, 0);
0000AA 0E00           00762         MOVLW   0x00
0000AC 6EE5           00763         MOVWF   POSTDEC1
0000AE 0E64           00764         MOVLW   0x64
0000B0 6EE5           00765         MOVWF   POSTDEC1
0000B2 50??           00766         MOVF    r0x01, W
0000B4 6EE5           00767         MOVWF   POSTDEC1
0000B6 50??           00768         MOVF    r0x00, W
0000B8 6EE5           00769         MOVWF   POSTDEC1
0000BA EC?? F0??      00770         CALL    __moduint
0000BE 6E??           00771         MOVWF   r0x00
0000C0 CFF3 F000      00772         MOVFF   PRODL, r0x01
0000C4 0E04           00773         MOVLW   0x04
0000C6 26E1           00774         ADDWF   FSR1L, F
0000C8 0E00           00775         MOVLW   0x00
0000CA 6EE5           00776         MOVWF   POSTDEC1
0000CC 0E0A           00777         MOVLW   0x0a
0000CE 6EE5           00778         MOVWF   POSTDEC1
0000D0 50??           00779         MOVF    r0x01, W
0000D2 6EE5           00780         MOVWF   POSTDEC1
0000D4 50??           00781         MOVF    r0x00, W
0000D6 6EE5           00782         MOVWF   POSTDEC1
0000D8 0E??           00783         MOVLW   UPPER(_buffer_putch)
0000DA 6EE5           00784         MOVWF   POSTDEC1
0000DC 0E??           00785         MOVLW   HIGH(_buffer_putch)
0000DE 6EE5           00786         MOVWF   POSTDEC1
0000E0 0E??           00787         MOVLW   LOW(_buffer_putch)
0000E2 6EE5           00788         MOVWF   POSTDEC1
gpasm-1.5.0 #1285 (Jul 12 2020) obj/sdcc-18f2   11/12/23  13:12:35          PAGE 16


LOC    OBJECT CODE    LINE  SOURCE TEXT
  VALUE

0000E4 EC?? F0??      00789         CALL    _format_number
0000E8 0E07           00790         MOVLW   0x07
0000EA 26E1           00791         ADDWF   FSR1L, F
                      00792         .line   460; src/print.c        }
0000EC CFE4 F000      00793         MOVFF   PREINC1, r0x04
0000F0 CFE4 F000      00794         MOVFF   PREINC1, r0x03
0000F4 CFE4 F000      00795         MOVFF   PREINC1, r0x02
0000F8 CFE4 F000      00796         MOVFF   PREINC1, r0x01
0000FC CFE4 F000      00797         MOVFF   PREINC1, r0x00
000100 CFE4 FFD9      00798         MOVFF   PREINC1, FSR2L
000104 0012           00799         RETURN  
                      00800 
                      00801 ; ; Starting pCode block
                      00802 S_print__print_unit     code
000000                00803 _print_unit:
                      00804         .line   401; src/print.c        print_unit(uint8_t unit) {
000000 CFD9 FFE5      00805         MOVFF   FSR2L, POSTDEC1
000004 CFE1 FFD9      00806         MOVFF   FSR1L, FSR2L
000008 C??? F???      00807         MOVFF   r0x00, POSTDEC1
00000C C??? F???      00808         MOVFF   r0x01, POSTDEC1
                      00809         .line   410; src/print.c        lcd_gotoxy(14, 0);
000010 0E00           00810         MOVLW   0x00
000012 6EE5           00811         MOVWF   POSTDEC1
000014 0E0E           00812         MOVLW   0x0e
000016 6EE5           00813         MOVWF   POSTDEC1
000018 EC?? F0??      00814         CALL    _lcd_gotoxy
00001C 52E6           00815         MOVF    POSTINC1, F
00001E 52E6           00816         MOVF    POSTINC1, F
000020 010?           00817         BANKSEL (_buffer + 16)
                      00818         .line   414; src/print.c        lcd_gotoxy(16 - BUFFER_LEN(), 0);
000022 51??           00819         MOVF    (_buffer + 16), W, B
000024 38E8           00820         SWAPF   WREG, W
000026 0B0F           00821         ANDLW   0x0f
000028 6E??           00822         MOVWF   r0x00
00002A 010?           00823         BANKSEL (_buffer + 16)
00002C 51??           00824         MOVF    (_buffer + 16), W, B
00002E 0B0F           00825         ANDLW   0x0f
000030 6E??           00826         MOVWF   r0x01
000032 50??           00827         MOVF    r0x01, W
000034 5E??           00828         SUBWF   r0x00, F
000036 50??           00829         MOVF    r0x00, W
000038 0810           00830         SUBLW   0x10
00003A 6E??           00831         MOVWF   r0x00
00003C 0E00           00832         MOVLW   0x00
00003E 6EE5           00833         MOVWF   POSTDEC1
000040 50??           00834         MOVF    r0x00, W
000042 6EE5           00835         MOVWF   POSTDEC1
000044 EC?? F0??      00836         CALL    _lcd_gotoxy
000048 52E6           00837         MOVF    POSTINC1, F
00004A 52E6           00838         MOVF    POSTINC1, F
                      00839         .line   421; src/print.c        }
00004C CFE4 F000      00840         MOVFF   PREINC1, r0x01
000050 CFE4 F000      00841         MOVFF   PREINC1, r0x00
gpasm-1.5.0 #1285 (Jul 12 2020) obj/sdcc-18f2   11/12/23  13:12:35          PAGE 17


LOC    OBJECT CODE    LINE  SOURCE TEXT
  VALUE

000054 CFE4 FFD9      00842         MOVFF   PREINC1, FSR2L
000058 0012           00843         RETURN  
                      00844 
                      00845 ; ; Starting pCode block
                      00846 S_print__print_digit    code
000000                00847 _print_digit:
                      00848         .line   379; src/print.c        print_digit(uint8_t line, uint8_t column, uint8_t digit) {
000000 CFD9 FFE5      00849         MOVFF   FSR2L, POSTDEC1
000004 CFE1 FFD9      00850         MOVFF   FSR1L, FSR2L
000008 C??? F???      00851         MOVFF   r0x00, POSTDEC1
00000C C??? F???      00852         MOVFF   r0x01, POSTDEC1
000010 0E03           00853         MOVLW   0x03
000012 CFDB F000      00854         MOVFF   PLUSW2, r0x00
000016 0E04           00855         MOVLW   0x04
000018 CFDB F000      00856         MOVFF   PLUSW2, r0x01
                      00857         .line   394; src/print.c        lcd_gotoxy(column, /*line - 1*/ 0);
00001C 0E00           00858         MOVLW   0x00
00001E 6EE5           00859         MOVWF   POSTDEC1
000020 50??           00860         MOVF    r0x00, W
000022 6EE5           00861         MOVWF   POSTDEC1
000024 EC?? F0??      00862         CALL    _lcd_gotoxy
000028 52E6           00863         MOVF    POSTINC1, F
00002A 52E6           00864         MOVF    POSTINC1, F
                      00865         .line   395; src/print.c        lcd_putch('0' + digit);
00002C 0E30           00866         MOVLW   0x30
00002E 26??           00867         ADDWF   r0x01, F
000030 50??           00868         MOVF    r0x01, W
000032 6EE5           00869         MOVWF   POSTDEC1
000034 EC?? F0??      00870         CALL    _lcd_putch
000038 52E6           00871         MOVF    POSTINC1, F
                      00872         .line   397; src/print.c        }
00003A CFE4 F000      00873         MOVFF   PREINC1, r0x01
00003E CFE4 F000      00874         MOVFF   PREINC1, r0x00
000042 CFE4 FFD9      00875         MOVFF   PREINC1, FSR2L
000046 0012           00876         RETURN  
                      00877 
                      00878 ; ; Starting pCode block
                      00879 S_print__lcd_put        code
000000                00880 _lcd_put:
                      00881         .line   23; src/print.c lcd_put(const char* buf, unsigned n) {
000000 CFD9 FFE5      00882         MOVFF   FSR2L, POSTDEC1
000004 CFE1 FFD9      00883         MOVFF   FSR1L, FSR2L
000008 C??? F???      00884         MOVFF   r0x00, POSTDEC1
00000C C??? F???      00885         MOVFF   r0x01, POSTDEC1
000010 C??? F???      00886         MOVFF   r0x02, POSTDEC1
000014 C??? F???      00887         MOVFF   r0x03, POSTDEC1
000018 C??? F???      00888         MOVFF   r0x04, POSTDEC1
00001C C??? F???      00889         MOVFF   r0x05, POSTDEC1
000020 C??? F???      00890         MOVFF   r0x06, POSTDEC1
000024 0E02           00891         MOVLW   0x02
000026 CFDB F000      00892         MOVFF   PLUSW2, r0x00
00002A 0E03           00893         MOVLW   0x03
00002C CFDB F000      00894         MOVFF   PLUSW2, r0x01
gpasm-1.5.0 #1285 (Jul 12 2020) obj/sdcc-18f2   11/12/23  13:12:35          PAGE 18


LOC    OBJECT CODE    LINE  SOURCE TEXT
  VALUE

000030 0E04           00895         MOVLW   0x04
000032 CFDB F000      00896         MOVFF   PLUSW2, r0x02
000036 0E05           00897         MOVLW   0x05
000038 CFDB F000      00898         MOVFF   PLUSW2, r0x03
00003C 0E06           00899         MOVLW   0x06
00003E CFDB F000      00900         MOVFF   PLUSW2, r0x04
000042                00901 _00105_DS_:
                      00902         .line   26; src/print.c while(n--) lcd_putch(*buf++);
000042 C??? F???      00903         MOVFF   r0x03, r0x05
000046 C??? F???      00904         MOVFF   r0x04, r0x06
00004A 0EFF           00905         MOVLW   0xff
00004C 26??           00906         ADDWF   r0x03, F
00004E 22??           00907         ADDWFC  r0x04, F
000050 50??           00908         MOVF    r0x05, W
000052 10??           00909         IORWF   r0x06, W
000054 E0??           00910         BZ      _00108_DS_
000056 C??? F???      00911         MOVFF   r0x00, FSR0L
00005A C??? F???      00912         MOVFF   r0x01, PRODL
00005E 50??           00913         MOVF    r0x02, W
000060 EC?? F0??      00914         CALL    __gptrget1
000064 6E??           00915         MOVWF   r0x05
000066 2A??           00916         INCF    r0x00, F
000068 E3??           00917         BNC     _00119_DS_
00006A 4A??           00918         INFSNZ  r0x01, F
00006C 2A??           00919         INCF    r0x02, F
00006E                00920 _00119_DS_:
00006E 50??           00921         MOVF    r0x05, W
000070 6EE5           00922         MOVWF   POSTDEC1
000072 EC?? F0??      00923         CALL    _lcd_putch
000076 52E6           00924         MOVF    POSTINC1, F
000078 D???           00925         BRA     _00105_DS_
00007A                00926 _00108_DS_:
                      00927         .line   28; src/print.c }
00007A CFE4 F000      00928         MOVFF   PREINC1, r0x06
00007E CFE4 F000      00929         MOVFF   PREINC1, r0x05
000082 CFE4 F000      00930         MOVFF   PREINC1, r0x04
000086 CFE4 F000      00931         MOVFF   PREINC1, r0x03
00008A CFE4 F000      00932         MOVFF   PREINC1, r0x02
00008E CFE4 F000      00933         MOVFF   PREINC1, r0x01
000092 CFE4 F000      00934         MOVFF   PREINC1, r0x00
000096 CFE4 FFD9      00935         MOVFF   PREINC1, FSR2L
00009A 0012           00936         RETURN  
                      00937 
                      00938 ; ; Starting pCode block
00009C                00939 ___str_0:
00009C 0048           00940         DB      0x48, 0x00
                      00941 ; ; Starting pCode block
00009E                00942 ___str_1:
00009E 486D 0000      00943         DB      0x6d, 0x48, 0x00
                      00944 ; ; Starting pCode block
0000A2                00945 ___str_2:
0000A2 4875 0000      00946         DB      0x75, 0x48, 0x00
                      00947 ; ; Starting pCode block
gpasm-1.5.0 #1285 (Jul 12 2020) obj/sdcc-18f2   11/12/23  13:12:35          PAGE 19


LOC    OBJECT CODE    LINE  SOURCE TEXT
  VALUE

0000A6                00948 ___str_3:
0000A6 486E 0000      00949         DB      0x6e, 0x48, 0x00
                      00950 ; ; Starting pCode block
0000AA                00951 ___str_4:
0000AA 466D 0000      00952         DB      0x6d, 0x46, 0x00
                      00953 ; ; Starting pCode block
0000AE                00954 ___str_5:
0000AE 4675 0000      00955         DB      0x75, 0x46, 0x00
                      00956 ; ; Starting pCode block
0000B2                00957 ___str_6:
0000B2 466E 0000      00958         DB      0x6e, 0x46, 0x00
                      00959 ; ; Starting pCode block
0000B6                00960 ___str_7:
0000B6 4670 0000      00961         DB      0x70, 0x46, 0x00
                      00962 ; ; Starting pCode block
0000BA                00963 ___str_8:
0000BA 2020 2020 0020 00964         DB      0x20, 0x20, 0x20, 0x20, 0x20, 0x00
                      00965 ; ; Starting pCode block
0000C0                00966 ___str_9:
0000C0 2A2D 002D      00967         DB      0x2d, 0x2a, 0x2d, 0x00
                      00968 ; ; Starting pCode block
0000C4                00969 ___str_10:
0000C4 2020 0020      00970         DB      0x20, 0x20, 0x20, 0x00
                      00971 ; ; Starting pCode block
0000C8                00972 ___str_11:
0000C8 0A0D 0000      00973         DB      0x0d, 0x0a, 0x00
                      00974 
                      00975 
                      00976 ; Statistics:
                      00977 ; code size:     1078 (0x0436) bytes ( 0.82%)
                      00978 ;                 539 (0x021b) words
                      00979 ; udata size:       0 (0x0000) bytes ( 0.00%)
                      00980 ; access size:      8 (0x0008) bytes
                      00981 
                      00982 
                      00983         end
gpasm-1.5.0 #1285 (Jul 12 2020) obj/sdcc-18f2   11/12/23  13:12:35          PAGE 20


SYMBOL TABLE
  LABEL                              TYPE        VALUE         VALUE          VALUE
                                                 (hex)         (dec)          (text)

FSR0H                             CONSTANT      00000FEA           4074
FSR0L                             CONSTANT      00000FE9           4073
FSR1L                             CONSTANT      00000FE1           4065
FSR2L                             CONSTANT      00000FD9           4057
INDF0                             CONSTANT      00000FEF           4079
PLUSW2                            CONSTANT      00000FDB           4059
POSTDEC1                          CONSTANT      00000FE5           4069
POSTINC1                          CONSTANT      00000FE6           4070
PREINC1                           CONSTANT      00000FE4           4068
PRODL                             CONSTANT      00000FF3           4083
STATUS                            CONSTANT      00000FD8           4056
WREG                              CONSTANT      00000FE8           4072
_00105_DS_                        ADDRESS       00000042             66
_00108_DS_                        ADDRESS       0000007A            122
_00119_DS_                        ADDRESS       0000006E            110
_00140_DS_                        ADDRESS       00000050             80
_00142_DS_                        ADDRESS       00000070            112
_00154_DS_                        ADDRESS       0000003E             62
_00156_DS_                        ADDRESS       00000078            120
_00161_DS_                        ADDRESS       00000058             88
_00163_DS_                        ADDRESS       00000016             22
_ADCON0                           EXTERNAL      00000000              0
_ADCON0bits                       EXTERNAL      00000000              0
_ADCON1                           EXTERNAL      00000000              0
_ADCON1bits                       EXTERNAL      00000000              0
_ADCON2                           EXTERNAL      00000000              0
_ADCON2bits                       EXTERNAL      00000000              0
_ADRES                            EXTERNAL      00000000              0
_ADRESH                           EXTERNAL      00000000              0
_ADRESL                           EXTERNAL      00000000              0
_ANSELA                           EXTERNAL      00000000              0
_ANSELAbits                       EXTERNAL      00000000              0
_ANSELB                           EXTERNAL      00000000              0
_ANSELBbits                       EXTERNAL      00000000              0
_ANSELC                           EXTERNAL      00000000              0
_ANSELCbits                       EXTERNAL      00000000              0
_BAUDCON                          EXTERNAL      00000000              0
_BAUDCONbits                      EXTERNAL      00000000              0
_BAUDCON1                         EXTERNAL      00000000              0
_BAUDCON1bits                     EXTERNAL      00000000              0
_BAUDCON2                         EXTERNAL      00000000              0
_BAUDCON2bits                     EXTERNAL      00000000              0
_BAUDCTL                          EXTERNAL      00000000              0
_BAUDCTLbits                      EXTERNAL      00000000              0
_BAUD1CON                         EXTERNAL      00000000              0
_BAUD1CONbits                     EXTERNAL      00000000              0
_BAUD2CON                         EXTERNAL      00000000              0
_BAUD2CONbits                     EXTERNAL      00000000              0
_BSR                              EXTERNAL      00000000              0
_CCPR1                            EXTERNAL      00000000              0
_CCPR1H                           EXTERNAL      00000000              0
_CCPR1L                           EXTERNAL      00000000              0
gpasm-1.5.0 #1285 (Jul 12 2020) obj/sdcc-18f2   11/12/23  13:12:35          PAGE 21


SYMBOL TABLE
  LABEL                              TYPE        VALUE         VALUE          VALUE
                                                 (hex)         (dec)          (text)

_CCPR2                            EXTERNAL      00000000              0
_CCPR2H                           EXTERNAL      00000000              0
_CCPR2L                           EXTERNAL      00000000              0
_CCPR3                            EXTERNAL      00000000              0
_CCPR3H                           EXTERNAL      00000000              0
_CCPR3L                           EXTERNAL      00000000              0
_CCPR4                            EXTERNAL      00000000              0
_CCPR4H                           EXTERNAL      00000000              0
_CCPR4L                           EXTERNAL      00000000              0
_CCPR5                            EXTERNAL      00000000              0
_CCPR5H                           EXTERNAL      00000000              0
_CCPR5L                           EXTERNAL      00000000              0
_CCPTMRS0                         EXTERNAL      00000000              0
_CCPTMRS0bits                     EXTERNAL      00000000              0
_CCPTMRS1                         EXTERNAL      00000000              0
_CCPTMRS1bits                     EXTERNAL      00000000              0
_CCP1CON                          EXTERNAL      00000000              0
_CCP1CONbits                      EXTERNAL      00000000              0
_CCP2AS                           EXTERNAL      00000000              0
_CCP2ASbits                       EXTERNAL      00000000              0
_CCP2CON                          EXTERNAL      00000000              0
_CCP2CONbits                      EXTERNAL      00000000              0
_CCP3AS                           EXTERNAL      00000000              0
_CCP3ASbits                       EXTERNAL      00000000              0
_CCP3CON                          EXTERNAL      00000000              0
_CCP3CONbits                      EXTERNAL      00000000              0
_CCP4CON                          EXTERNAL      00000000              0
_CCP4CONbits                      EXTERNAL      00000000              0
_CCP5CON                          EXTERNAL      00000000              0
_CCP5CONbits                      EXTERNAL      00000000              0
_CM1CON                           EXTERNAL      00000000              0
_CM1CON0                          EXTERNAL      00000000              0
_CM1CON0bits                      EXTERNAL      00000000              0
_CM1CONbits                       EXTERNAL      00000000              0
_CM2CON                           EXTERNAL      00000000              0
_CM2CON0                          EXTERNAL      00000000              0
_CM2CON0bits                      EXTERNAL      00000000              0
_CM2CONbits                       EXTERNAL      00000000              0
_CM2CON1                          EXTERNAL      00000000              0
_CM2CON1bits                      EXTERNAL      00000000              0
_CM12CON                          EXTERNAL      00000000              0
_CM12CONbits                      EXTERNAL      00000000              0
_CTMUCON0                         EXTERNAL      00000000              0
_CTMUCON0bits                     EXTERNAL      00000000              0
_CTMUCONH                         EXTERNAL      00000000              0
_CTMUCONHbits                     EXTERNAL      00000000              0
_CTMUCONL                         EXTERNAL      00000000              0
_CTMUCONLbits                     EXTERNAL      00000000              0
_CTMUCON1                         EXTERNAL      00000000              0
_CTMUCON1bits                     EXTERNAL      00000000              0
_CTMUICON                         EXTERNAL      00000000              0
_CTMUICONH                        EXTERNAL      00000000              0
gpasm-1.5.0 #1285 (Jul 12 2020) obj/sdcc-18f2   11/12/23  13:12:35          PAGE 22


SYMBOL TABLE
  LABEL                              TYPE        VALUE         VALUE          VALUE
                                                 (hex)         (dec)          (text)

_CTMUICONHbits                    EXTERNAL      00000000              0
_CTMUICONbits                     EXTERNAL      00000000              0
_DACCON0                          EXTERNAL      00000000              0
_DACCON0bits                      EXTERNAL      00000000              0
_DACCON1                          EXTERNAL      00000000              0
_DACCON1bits                      EXTERNAL      00000000              0
_DDRA                             EXTERNAL      00000000              0
_DDRAbits                         EXTERNAL      00000000              0
_DDRB                             EXTERNAL      00000000              0
_DDRBbits                         EXTERNAL      00000000              0
_DDRC                             EXTERNAL      00000000              0
_DDRCbits                         EXTERNAL      00000000              0
_ECCPAS                           EXTERNAL      00000000              0
_ECCPASbits                       EXTERNAL      00000000              0
_ECCP1AS                          EXTERNAL      00000000              0
_ECCP1ASbits                      EXTERNAL      00000000              0
_ECCP2AS                          EXTERNAL      00000000              0
_ECCP2ASbits                      EXTERNAL      00000000              0
_ECCP3AS                          EXTERNAL      00000000              0
_ECCP3ASbits                      EXTERNAL      00000000              0
_EEADR                            EXTERNAL      00000000              0
_EEADRbits                        EXTERNAL      00000000              0
_EECON1                           EXTERNAL      00000000              0
_EECON1bits                       EXTERNAL      00000000              0
_EECON2                           EXTERNAL      00000000              0
_EEDATA                           EXTERNAL      00000000              0
_FSR0H                            EXTERNAL      00000000              0
_FSR0L                            EXTERNAL      00000000              0
_FSR1H                            EXTERNAL      00000000              0
_FSR1L                            EXTERNAL      00000000              0
_FSR2H                            EXTERNAL      00000000              0
_FSR2L                            EXTERNAL      00000000              0
_FVRCON                           EXTERNAL      00000000              0
_FVRCONbits                       EXTERNAL      00000000              0
_HLVDCON                          EXTERNAL      00000000              0
_HLVDCONbits                      EXTERNAL      00000000              0
_INDF0                            EXTERNAL      00000000              0
_INDF1                            EXTERNAL      00000000              0
_INDF2                            EXTERNAL      00000000              0
_INTCON                           EXTERNAL      00000000              0
_INTCONbits                       EXTERNAL      00000000              0
_INTCON2                          EXTERNAL      00000000              0
_INTCON2bits                      EXTERNAL      00000000              0
_INTCON3                          EXTERNAL      00000000              0
_INTCON3bits                      EXTERNAL      00000000              0
_IOCB                             EXTERNAL      00000000              0
_IOCBbits                         EXTERNAL      00000000              0
_IPR1                             EXTERNAL      00000000              0
_IPR1bits                         EXTERNAL      00000000              0
_IPR2                             EXTERNAL      00000000              0
_IPR2bits                         EXTERNAL      00000000              0
_IPR3                             EXTERNAL      00000000              0
gpasm-1.5.0 #1285 (Jul 12 2020) obj/sdcc-18f2   11/12/23  13:12:35          PAGE 23


SYMBOL TABLE
  LABEL                              TYPE        VALUE         VALUE          VALUE
                                                 (hex)         (dec)          (text)

_IPR3bits                         EXTERNAL      00000000              0
_IPR4                             EXTERNAL      00000000              0
_IPR4bits                         EXTERNAL      00000000              0
_IPR5                             EXTERNAL      00000000              0
_IPR5bits                         EXTERNAL      00000000              0
_LATA                             EXTERNAL      00000000              0
_LATAbits                         EXTERNAL      00000000              0
_LATB                             EXTERNAL      00000000              0
_LATBbits                         EXTERNAL      00000000              0
_LATC                             EXTERNAL      00000000              0
_LATCbits                         EXTERNAL      00000000              0
_LVDCON                           EXTERNAL      00000000              0
_LVDCONbits                       EXTERNAL      00000000              0
_OSCCON                           EXTERNAL      00000000              0
_OSCCONbits                       EXTERNAL      00000000              0
_OSCCON2                          EXTERNAL      00000000              0
_OSCCON2bits                      EXTERNAL      00000000              0
_OSCTUNE                          EXTERNAL      00000000              0
_OSCTUNEbits                      EXTERNAL      00000000              0
_PC                               EXTERNAL      00000000              0
_PCL                              EXTERNAL      00000000              0
_PCLATH                           EXTERNAL      00000000              0
_PCLATU                           EXTERNAL      00000000              0
_PIE1                             EXTERNAL      00000000              0
_PIE1bits                         EXTERNAL      00000000              0
_PIE2                             EXTERNAL      00000000              0
_PIE2bits                         EXTERNAL      00000000              0
_PIE3                             EXTERNAL      00000000              0
_PIE3bits                         EXTERNAL      00000000              0
_PIE4                             EXTERNAL      00000000              0
_PIE4bits                         EXTERNAL      00000000              0
_PIE5                             EXTERNAL      00000000              0
_PIE5bits                         EXTERNAL      00000000              0
_PIR1                             EXTERNAL      00000000              0
_PIR1bits                         EXTERNAL      00000000              0
_PIR2                             EXTERNAL      00000000              0
_PIR2bits                         EXTERNAL      00000000              0
_PIR3                             EXTERNAL      00000000              0
_PIR3bits                         EXTERNAL      00000000              0
_PIR4                             EXTERNAL      00000000              0
_PIR4bits                         EXTERNAL      00000000              0
_PIR5                             EXTERNAL      00000000              0
_PIR5bits                         EXTERNAL      00000000              0
_PLUSW0                           EXTERNAL      00000000              0
_PLUSW1                           EXTERNAL      00000000              0
_PLUSW2                           EXTERNAL      00000000              0
_PMD0                             EXTERNAL      00000000              0
_PMD0bits                         EXTERNAL      00000000              0
_PMD1                             EXTERNAL      00000000              0
_PMD1bits                         EXTERNAL      00000000              0
_PMD2                             EXTERNAL      00000000              0
_PMD2bits                         EXTERNAL      00000000              0
gpasm-1.5.0 #1285 (Jul 12 2020) obj/sdcc-18f2   11/12/23  13:12:35          PAGE 24


SYMBOL TABLE
  LABEL                              TYPE        VALUE         VALUE          VALUE
                                                 (hex)         (dec)          (text)

_PORTA                            EXTERNAL      00000000              0
_PORTAbits                        EXTERNAL      00000000              0
_PORTB                            EXTERNAL      00000000              0
_PORTBbits                        EXTERNAL      00000000              0
_PORTC                            EXTERNAL      00000000              0
_PORTCbits                        EXTERNAL      00000000              0
_PORTE                            EXTERNAL      00000000              0
_PORTEbits                        EXTERNAL      00000000              0
_POSTDEC0                         EXTERNAL      00000000              0
_POSTDEC1                         EXTERNAL      00000000              0
_POSTDEC2                         EXTERNAL      00000000              0
_POSTINC0                         EXTERNAL      00000000              0
_POSTINC1                         EXTERNAL      00000000              0
_POSTINC2                         EXTERNAL      00000000              0
_PREINC0                          EXTERNAL      00000000              0
_PREINC1                          EXTERNAL      00000000              0
_PREINC2                          EXTERNAL      00000000              0
_PROD                             EXTERNAL      00000000              0
_PRODH                            EXTERNAL      00000000              0
_PRODL                            EXTERNAL      00000000              0
_PR2                              EXTERNAL      00000000              0
_PR4                              EXTERNAL      00000000              0
_PR6                              EXTERNAL      00000000              0
_PSTRCON                          EXTERNAL      00000000              0
_PSTRCONbits                      EXTERNAL      00000000              0
_PSTR1CON                         EXTERNAL      00000000              0
_PSTR1CONbits                     EXTERNAL      00000000              0
_PSTR2CON                         EXTERNAL      00000000              0
_PSTR2CONbits                     EXTERNAL      00000000              0
_PSTR3CON                         EXTERNAL      00000000              0
_PSTR3CONbits                     EXTERNAL      00000000              0
_PWMCON                           EXTERNAL      00000000              0
_PWMCONbits                       EXTERNAL      00000000              0
_PWM1CON                          EXTERNAL      00000000              0
_PWM1CONbits                      EXTERNAL      00000000              0
_PWM2CON                          EXTERNAL      00000000              0
_PWM2CONbits                      EXTERNAL      00000000              0
_PWM3CON                          EXTERNAL      00000000              0
_PWM3CONbits                      EXTERNAL      00000000              0
_RCON                             EXTERNAL      00000000              0
_RCONbits                         EXTERNAL      00000000              0
_RCREG                            EXTERNAL      00000000              0
_RCREG1                           EXTERNAL      00000000              0
_RCREG2                           EXTERNAL      00000000              0
_RCSTA                            EXTERNAL      00000000              0
_RCSTAbits                        EXTERNAL      00000000              0
_RCSTA1                           EXTERNAL      00000000              0
_RCSTA1bits                       EXTERNAL      00000000              0
_RCSTA2                           EXTERNAL      00000000              0
_RCSTA2bits                       EXTERNAL      00000000              0
_RC1REG                           EXTERNAL      00000000              0
_RC1STA                           EXTERNAL      00000000              0
gpasm-1.5.0 #1285 (Jul 12 2020) obj/sdcc-18f2   11/12/23  13:12:35          PAGE 25


SYMBOL TABLE
  LABEL                              TYPE        VALUE         VALUE          VALUE
                                                 (hex)         (dec)          (text)

_RC1STAbits                       EXTERNAL      00000000              0
_RC2REG                           EXTERNAL      00000000              0
_RC2STA                           EXTERNAL      00000000              0
_RC2STAbits                       EXTERNAL      00000000              0
_SLRCON                           EXTERNAL      00000000              0
_SLRCONbits                       EXTERNAL      00000000              0
_SPBRG                            EXTERNAL      00000000              0
_SPBRGH                           EXTERNAL      00000000              0
_SPBRGH1                          EXTERNAL      00000000              0
_SPBRGH2                          EXTERNAL      00000000              0
_SPBRG1                           EXTERNAL      00000000              0
_SPBRG2                           EXTERNAL      00000000              0
_SP1BRG                           EXTERNAL      00000000              0
_SP1BRGH                          EXTERNAL      00000000              0
_SP2BRG                           EXTERNAL      00000000              0
_SP2BRGH                          EXTERNAL      00000000              0
_SRCON0                           EXTERNAL      00000000              0
_SRCON0bits                       EXTERNAL      00000000              0
_SRCON1                           EXTERNAL      00000000              0
_SRCON1bits                       EXTERNAL      00000000              0
_SSPADD                           EXTERNAL      00000000              0
_SSPBUF                           EXTERNAL      00000000              0
_SSPCON1                          EXTERNAL      00000000              0
_SSPCON1bits                      EXTERNAL      00000000              0
_SSPCON2                          EXTERNAL      00000000              0
_SSPCON2bits                      EXTERNAL      00000000              0
_SSPCON3                          EXTERNAL      00000000              0
_SSPCON3bits                      EXTERNAL      00000000              0
_SSPMSK                           EXTERNAL      00000000              0
_SSPMSKbits                       EXTERNAL      00000000              0
_SSPSTAT                          EXTERNAL      00000000              0
_SSPSTATbits                      EXTERNAL      00000000              0
_SSP1ADD                          EXTERNAL      00000000              0
_SSP1BUF                          EXTERNAL      00000000              0
_SSP1CON1                         EXTERNAL      00000000              0
_SSP1CON1bits                     EXTERNAL      00000000              0
_SSP1CON2                         EXTERNAL      00000000              0
_SSP1CON2bits                     EXTERNAL      00000000              0
_SSP1CON3                         EXTERNAL      00000000              0
_SSP1CON3bits                     EXTERNAL      00000000              0
_SSP1MSK                          EXTERNAL      00000000              0
_SSP1MSKbits                      EXTERNAL      00000000              0
_SSP1STAT                         EXTERNAL      00000000              0
_SSP1STATbits                     EXTERNAL      00000000              0
_SSP2ADD                          EXTERNAL      00000000              0
_SSP2BUF                          EXTERNAL      00000000              0
_SSP2CON1                         EXTERNAL      00000000              0
_SSP2CON1bits                     EXTERNAL      00000000              0
_SSP2CON2                         EXTERNAL      00000000              0
_SSP2CON2bits                     EXTERNAL      00000000              0
_SSP2CON3                         EXTERNAL      00000000              0
_SSP2CON3bits                     EXTERNAL      00000000              0
gpasm-1.5.0 #1285 (Jul 12 2020) obj/sdcc-18f2   11/12/23  13:12:35          PAGE 26


SYMBOL TABLE
  LABEL                              TYPE        VALUE         VALUE          VALUE
                                                 (hex)         (dec)          (text)

_SSP2MSK                          EXTERNAL      00000000              0
_SSP2MSKbits                      EXTERNAL      00000000              0
_SSP2STAT                         EXTERNAL      00000000              0
_SSP2STATbits                     EXTERNAL      00000000              0
_STATUS                           EXTERNAL      00000000              0
_STATUSbits                       EXTERNAL      00000000              0
_STKPTR                           EXTERNAL      00000000              0
_STKPTRbits                       EXTERNAL      00000000              0
_T0CON                            EXTERNAL      00000000              0
_T0CONbits                        EXTERNAL      00000000              0
_TABLAT                           EXTERNAL      00000000              0
_TBLPTR                           EXTERNAL      00000000              0
_TBLPTRH                          EXTERNAL      00000000              0
_TBLPTRL                          EXTERNAL      00000000              0
_TBLPTRU                          EXTERNAL      00000000              0
_TMR0                             EXTERNAL      00000000              0
_TMR0H                            EXTERNAL      00000000              0
_TMR0L                            EXTERNAL      00000000              0
_TMR1                             EXTERNAL      00000000              0
_TMR1H                            EXTERNAL      00000000              0
_TMR1L                            EXTERNAL      00000000              0
_TMR2                             EXTERNAL      00000000              0
_TMR3                             EXTERNAL      00000000              0
_TMR3H                            EXTERNAL      00000000              0
_TMR3L                            EXTERNAL      00000000              0
_TMR4                             EXTERNAL      00000000              0
_TMR5                             EXTERNAL      00000000              0
_TMR5H                            EXTERNAL      00000000              0
_TMR5L                            EXTERNAL      00000000              0
_TMR6                             EXTERNAL      00000000              0
_TOS                              EXTERNAL      00000000              0
_TOSH                             EXTERNAL      00000000              0
_TOSL                             EXTERNAL      00000000              0
_TOSU                             EXTERNAL      00000000              0
_TRISA                            EXTERNAL      00000000              0
_TRISAbits                        EXTERNAL      00000000              0
_TRISB                            EXTERNAL      00000000              0
_TRISBbits                        EXTERNAL      00000000              0
_TRISC                            EXTERNAL      00000000              0
_TRISCbits                        EXTERNAL      00000000              0
_TRISE                            EXTERNAL      00000000              0
_TRISEbits                        EXTERNAL      00000000              0
_TXREG                            EXTERNAL      00000000              0
_TXREG1                           EXTERNAL      00000000              0
_TXREG2                           EXTERNAL      00000000              0
_TXSTA                            EXTERNAL      00000000              0
_TXSTAbits                        EXTERNAL      00000000              0
_TXSTA1                           EXTERNAL      00000000              0
_TXSTA1bits                       EXTERNAL      00000000              0
_TXSTA2                           EXTERNAL      00000000              0
_TXSTA2bits                       EXTERNAL      00000000              0
_TX1REG                           EXTERNAL      00000000              0
gpasm-1.5.0 #1285 (Jul 12 2020) obj/sdcc-18f2   11/12/23  13:12:35          PAGE 27


SYMBOL TABLE
  LABEL                              TYPE        VALUE         VALUE          VALUE
                                                 (hex)         (dec)          (text)

_TX1STA                           EXTERNAL      00000000              0
_TX1STAbits                       EXTERNAL      00000000              0
_TX2REG                           EXTERNAL      00000000              0
_TX2STA                           EXTERNAL      00000000              0
_TX2STAbits                       EXTERNAL      00000000              0
_T1CON                            EXTERNAL      00000000              0
_T1CONbits                        EXTERNAL      00000000              0
_T1GCON                           EXTERNAL      00000000              0
_T1GCONbits                       EXTERNAL      00000000              0
_T2CON                            EXTERNAL      00000000              0
_T2CONbits                        EXTERNAL      00000000              0
_T3CON                            EXTERNAL      00000000              0
_T3CONbits                        EXTERNAL      00000000              0
_T3GCON                           EXTERNAL      00000000              0
_T3GCONbits                       EXTERNAL      00000000              0
_T4CON                            EXTERNAL      00000000              0
_T4CONbits                        EXTERNAL      00000000              0
_T5CON                            EXTERNAL      00000000              0
_T5CONbits                        EXTERNAL      00000000              0
_T5GCON                           EXTERNAL      00000000              0
_T5GCONbits                       EXTERNAL      00000000              0
_T6CON                            EXTERNAL      00000000              0
_T6CONbits                        EXTERNAL      00000000              0
_VREFCON0                         EXTERNAL      00000000              0
_VREFCON0bits                     EXTERNAL      00000000              0
_VREFCON1                         EXTERNAL      00000000              0
_VREFCON1bits                     EXTERNAL      00000000              0
_VREFCON2                         EXTERNAL      00000000              0
_VREFCON2bits                     EXTERNAL      00000000              0
_WDTCON                           EXTERNAL      00000000              0
_WDTCONbits                       EXTERNAL      00000000              0
_WPUB                             EXTERNAL      00000000              0
_WPUBbits                         EXTERNAL      00000000              0
_WREG                             EXTERNAL      00000000              0
__ACC_RAM_LOW_END                 CONSTANT      0000005F             95
__ACC_RAM_LOW_START               CONSTANT      00000000              0
__ACTIVE_BANK_ADDR                VARIABLE      FFFFFFFF             -1
__ASSUMED_BANK_ADDR               VARIABLE      FFFFFFFF             -1
__BANK_0                          CONSTANT      00000000              0
__BANK_BITS                       CONSTANT      00000F00           3840
__BANK_FIRST                      CONSTANT      00000000              0
__BANK_INV                        CONSTANT      FFFFFFFF             -1
__BANK_LAST                       CONSTANT      00000F00           3840
__BANK_MASK                       CONSTANT      000000FF            255
__BANK_SHIFT                      CONSTANT      00000008              8
__BANK_SIZE                       CONSTANT      00000100            256
__BANK_1                          CONSTANT      00000100            256
__BANK_2                          CONSTANT      00000200            512
__BANK_3                          CONSTANT      00000300            768
__BANK_4                          CONSTANT      00000400           1024
__BANK_5                          CONSTANT      00000500           1280
__BANK_6                          CONSTANT      00000600           1536
gpasm-1.5.0 #1285 (Jul 12 2020) obj/sdcc-18f2   11/12/23  13:12:35          PAGE 28


SYMBOL TABLE
  LABEL                              TYPE        VALUE         VALUE          VALUE
                                                 (hex)         (dec)          (text)

__BANK_7                          CONSTANT      00000700           1792
__BANK_8                          CONSTANT      00000800           2048
__BANK_9                          CONSTANT      00000900           2304
__BANK_10                         CONSTANT      00000A00           2560
__BANK_11                         CONSTANT      00000B00           2816
__BANK_12                         CONSTANT      00000C00           3072
__BANK_13                         CONSTANT      00000D00           3328
__BANK_14                         CONSTANT      00000E00           3584
__BANK_15                         CONSTANT      00000F00           3840
__CODE_END                        CONSTANT      00007FFF          32767
__CODE_START                      CONSTANT      00000000              0
__COMMON_RAM_END                  CONSTANT      0000005F             95
__COMMON_RAM_START                CONSTANT      00000000              0
__CONFIG_END                      CONSTANT      0030000D        3145741
__CONFIG_START                    CONSTANT      00300000        3145728
__EEPROM_END                      CONSTANT      00F000FF       15728895
__EEPROM_START                    CONSTANT      00F00000       15728640
__EXTENDED                        CONSTANT      00000001              1
__GPUTILS_SVN_VERSION             CONSTANT      00000505           1285
__GPUTILS_VERSION_MAJOR           CONSTANT      00000001              1
__GPUTILS_VERSION_MICRO           CONSTANT      00000000              0
__GPUTILS_VERSION_MINOR           CONSTANT      00000005              5
__IDLOCS_END                      CONSTANT      00200007        2097159
__IDLOCS_START                    CONSTANT      00200000        2097152
__NUM_BANKS                       CONSTANT      00000010             16
__VECTOR_INT_HIGH                 CONSTANT      00000008              8
__VECTOR_INT_LOW                  CONSTANT      00000018             24
__VECTOR_RESET                    CONSTANT      00000000              0
__WHILE_LOOP_COUNT_MAX            CONSTANT      000000FF            255
___str_0                          ADDRESS       0000009C            156
___str_1                          ADDRESS       0000009E            158
___str_2                          ADDRESS       000000A2            162
___str_3                          ADDRESS       000000A6            166
___str_4                          ADDRESS       000000AA            170
___str_5                          ADDRESS       000000AE            174
___str_6                          ADDRESS       000000B2            178
___str_7                          ADDRESS       000000B6            182
___str_8                          ADDRESS       000000BA            186
___str_9                          ADDRESS       000000C0            192
___str_10                         ADDRESS       000000C4            196
___str_11                         ADDRESS       000000C8            200
__divuint                         EXTERNAL      00000000              0
__gptrget1                        EXTERNAL      00000000              0
__moduint                         EXTERNAL      00000000              0
__16_BIT                          CONSTANT      00000001              1
__18F25K22                        CONSTANT      00000001              1
_buffer                           EXTERNAL      00000000              0
_buffer_putch                     EXTERNAL      00000000              0
_format_number                    EXTERNAL      00000000              0
_lcd_gotoxy                       EXTERNAL      00000000              0
_lcd_put                          GLOBAL        00000000              0
_lcd_putch                        EXTERNAL      00000000              0
gpasm-1.5.0 #1285 (Jul 12 2020) obj/sdcc-18f2   11/12/23  13:12:35          PAGE 29


SYMBOL TABLE
  LABEL                              TYPE        VALUE         VALUE          VALUE
                                                 (hex)         (dec)          (text)

_lcd_puts                         EXTERNAL      00000000              0
_logo_image                       EXTERNAL      00000000              0
_output_putch                     GLOBAL        00000000              0
_print_buffer                     GLOBAL        00000000              0
_print_digit                      GLOBAL        00000000              0
_print_indicator                  GLOBAL        00000000              0
_print_reading                    GLOBAL        00000000              0
_print_unit                       GLOBAL        00000000              0
_print_unit_units_65536_50        STATIC        00000000              0
_put_str                          GLOBAL        00000000              0
_ser_brg                          EXTERNAL      00000000              0
_ser_putch                        EXTERNAL      00000000              0
_ser_puts                         EXTERNAL      00000000              0
_ser_rxfifo                       EXTERNAL      00000000              0
_ser_rxiptr                       EXTERNAL      00000000              0
_ser_rxoptr                       EXTERNAL      00000000              0
_ser_tmp                          EXTERNAL      00000000              0
_ser_txfifo                       EXTERNAL      00000000              0
_ser_txiptr                       EXTERNAL      00000000              0
_ser_txoptr                       EXTERNAL      00000000              0
r0x00                             STATIC        00000000              0
r0x01                             STATIC        00000001              1
r0x02                             STATIC        00000002              2
r0x03                             STATIC        00000003              3
r0x04                             STATIC        00000004              4
r0x05                             STATIC        00000005              5
r0x06                             STATIC        00000006              6
r0x07                             STATIC        00000007              7

Errors   :     0
Warnings :     0 reported,     0 suppressed
Messages :     0 reported,     0 suppressed

