

Microchip Technology PIC Macro Assembler V1.34 build -361300703 
                                                                                                           Wed Sep 11 20:00:25 2019


     1                           
     2                           	; Microchip MPLAB XC8 C Compiler V1.34
     3                           	; Copyright (C) 1984-2015 HI-TECH Software
     4                           
     5                           	; Auto-generated runtime startup code for final link stage.
     6                           
     7                           	;
     8                           	; Compiler options:
     9                           	;
    10                           	; --chip=16F876A -G \
    11                           	; -mdist/debug_vsm/production/LC_meter_16f876a_xc8.X.production.map \
    12                           	; -DXPRJ_debug_vsm=debug_vsm --double=32 --float=32 \
    13                           	; --opt=+asm,+asmfile,+speed,-space,+debug --addrqual=ignore --mode=pro \
    14                           	; -D__XC=1 -DUSE_TIMER0=1 -DUSE_TIMER1=1 -DUSE_TIMER2=1 \
    15                           	; -DUSE_HD44780_LCD=1 -DUSE_UART=1 -DXTAL_FREQ=20000000 \
    16                           	; -DBAUD_RATE=38400 -D__16f876a=1 -P -N255 -I../../mplab -I. \
    17                           	; -I../../../src -I../../../lib --warn=-3 --asmlist \
    18                           	; --summary=default,-psect,-class,+mem,-hex,-file \
    19                           	; --output=default,-inhx032 \
    20                           	; --runtime=default,+clear,+init,+keep,-no_startup,+osccal,+oscval:0x3400,+resetbits,+download,+sta
                                 ckcall,+clib \
    21                           	; --output=+mcof,-elf --stack=compiled:auto:auto \
    22                           	; --errformat=%f:%l: error: (%n) %s \
    23                           	; --warnformat=%f:%l: warning: (%n) %s \
    24                           	; --msgformat=%f:%l: advisory: (%n) %s --summary=+xml \
    25                           	; --summarydir=dist/debug_vsm/production/memoryfile.xml \
    26                           	; -odist/debug_vsm/production/LC_meter_16f876a_xc8.X.production.cof \
    27                           	; build/debug_vsm/production/_ext/1386528437/print.p1 \
    28                           	; build/debug_vsm/production/_ext/1386521430/ser.p1 \
    29                           	; build/debug_vsm/production/_ext/1386521430/timer.p1 \
    30                           	; build/debug_vsm/production/_ext/1386521430/format.p1 \
    31                           	; build/debug_vsm/production/_ext/1386528437/LC-meter.p1 \
    32                           	; build/debug_vsm/production/_ext/1386521430/lcd44780.p1 \
    33                           	; build/debug_vsm/production/_ext/1386521430/buffer.p1 \
    34                           	; build/debug_vsm/production/_ext/2037789166/measure.p1 \
    35                           	; build/debug_vsm/production/_ext/1386521430/uart.p1
    36                           	;
    37                           
    38                           
    39                           	processor	16F876A
    40                           
    41                           	global	_main,start,reset_vec
    42                           	fnroot	_main
    43                           	psect	config,class=CONFIG,delta=2,noexec
    44                           	psect	idloc,class=IDLOC,delta=2,noexec
    45                           	psect	code,class=CODE,delta=2
    46                           	psect	powerup,class=CODE,delta=2
    47                           	psect	reset_vec,class=CODE,delta=2
    48                           	psect	maintext,class=CODE,delta=2
    49  0000                     	Z	set	2
    50  0002                     	PCL	set	2
    51  0002                     	INDF	set	0
    52  0000                     
    53                           	STATUS	equ	3
    54  0003                     	PCLATH	equ	0Ah
    55  000A                     
    56                           	psect	eeprom_data,class=EEDATA,delta=2,space=3,noexec
    57                           	psect	intentry,class=CODE,delta=2
    58                           	psect	functab,class=CODE,delta=2
    59                           	global	intlevel0,intlevel1,intlevel2, intlevel3, intlevel4, intlevel5
    60                           intlevel0:
    61  0700                     intlevel1:
    62  0700                     intlevel2:
    63  0700                     intlevel3:
    64  0700                     intlevel4:
    65  0700                     intlevel5:
    66  0700                     	psect	init,class=CODE,delta=2
    67                           	psect	cinit,class=CODE,delta=2
    68                           	psect	text,class=CODE,delta=2
    69                           	psect	end_init,class=CODE,delta=2
    70                           	psect	clrtext,class=CODE,delta=2
    71                           	FSR	set	4
    72  0004                     	psect	strings,class=CODE,delta=2,reloc=256
    73                           
    74                           	global stacklo, stackhi
    75                           	stacklo	equ	0
    76  0000                     	stackhi	equ	0
    77  0000                     
    78                           
    79                           	psect	stack,class=STACK,space=2,noexec
    80                           	global ___sp,___int_sp
    81                           	___sp:
    82  0000                     	___int_sp:
    83  0000                     	psect	reset_vec
    84                           reset_vec:
    85  0000                     	nop	; NOP inserted due to debugger requirements
    86  0000  0000               
    87                           	; No powerup routine
    88                           	global start
    89                           
    90                           ; jump to start
    91                           	goto	start & 0x7FF | (reset_vec & not 0x7FF)
    92  0001  120A  118A  280C   
    93                           
    94                           
    95                           	psect	init
    96                           start
    97  000C                     
    98                           	; Save the TO, PD bit states before they are cleared by clrwdt instruction
    99                           	global	___resetbits
   100                           	global	___powerdown
   101                           	global	___timeout
   102                           	___resetbits	equ	32
   103  0020                     	___powerdown	equ	(___resetbits*8)+3
   104  0103                     	___timeout	equ	(___resetbits*8)+4
   105  0104                     	clrf	STATUS		;select bank 0
   106  000C  0183               	movf STATUS,w
   107  000D  0803               	movwf ___resetbits
   108  000E  00A0               	psect	end_init
   109                           	global start_initialization
   110                           	ljmp start_initialization	;jump to C runtime clear & initialization
   111  000F  120A  118A  2FDF   
   112                           ; Config register CONFIG @ 0x2007
   113                           ;	Watchdog Timer Enable bit
   114                           ;	WDTE = OFF, WDT disabled
   115                           ;	Power-up Timer Enable bit
   116                           ;	PWRTE = 0x1, unprogrammed default
   117                           ;	Flash Program Memory Code Protection bit
   118                           ;	CP = 0x1, unprogrammed default
   119                           ;	Brown-out Reset Enable bit
   120                           ;	BOREN = OFF, BOR disabled
   121                           ;	In-Circuit Debugger Mode bit
   122                           ;	DEBUG = 0x1, unprogrammed default
   123                           ;	Low-Voltage (Single-Supply) In-Circuit Serial Programming Enable bit
   124                           ;	LVP = OFF, RB3 is digital I/O, HV on MCLR must be used for programming
   125                           ;	Data EEPROM Memory Code Protection bit
   126                           ;	CPD = OFF, Data EEPROM code protection off
   127                           ;	Flash Program Memory Write Enable bits
   128                           ;	WRT = 0x3, unprogrammed default
   129                           ;	Oscillator Selection bits
   130                           ;	FOSC = HS, HS oscillator
   131                           
   132                           	psect	config
   133                           		org 0x0
   134  2007                     		dw 0xFF3A
   135  2007  FF3A               


Microchip Technology PIC Macro Assembler V1.34 build -361300703 
Symbol Table                                                                                               Wed Sep 11 20:00:25 2019

               ___sp 0000                 _main 0156                 start 000C                STATUS 0003  
             stackhi 0000               stacklo 0000          ___resetbits 0020  start_initialization 07DF  
        ___powerdown 0103            ___timeout 0104             ___int_sp 0000             intlevel0 0700  
           intlevel1 0700             intlevel2 0700             intlevel3 0700             intlevel4 0700  
           intlevel5 0700             reset_vec 0000  
