gpasm-1.5.0 #1285 (Jul 12 2020) obj/sdcc-18f2   11/12/23  13:12:34          PAGE  1


LOC    OBJECT CODE    LINE  SOURCE TEXT
  VALUE

                      00001 ;--------------------------------------------------------
                      00002 ; File Created by SDCC : free open source ANSI-C Compiler
                      00003 ; Version 4.2.0 #13081 (Linux)
                      00004 ;--------------------------------------------------------
                      00005 ; PIC16 port for the Microchip 16-bit core micros
                      00006 ;--------------------------------------------------------
                      00007 
                      00008         .ident "SDCC version 4.2.0 #13081 [pic16 port]"
                      00009         .file   "lib/format.c"
                      00010         list    p=18f2520
                      00011         radix   dec
                      00012 
                      00013 
                      00014 ;--------------------------------------------------------
                      00015 ; public variables in this module
                      00016 ;--------------------------------------------------------
  0000                00017         global  _format_number
  0000                00018         global  _format_xint32
  0000                00019         global  _format_float
  0000                00020         global  _format_double
                      00021 
                      00022 ;--------------------------------------------------------
                      00023 ; extern variables in this module
                      00024 ;--------------------------------------------------------
  0000                00025         extern  _PORTAbits
  0000                00026         extern  _PORTBbits
  0000                00027         extern  _PORTCbits
  0000                00028         extern  _PORTEbits
  0000                00029         extern  _LATAbits
  0000                00030         extern  _LATBbits
  0000                00031         extern  _LATCbits
  0000                00032         extern  _DDRAbits
  0000                00033         extern  _TRISAbits
  0000                00034         extern  _DDRBbits
  0000                00035         extern  _TRISBbits
  0000                00036         extern  _DDRCbits
  0000                00037         extern  _TRISCbits
  0000                00038         extern  _OSCTUNEbits
  0000                00039         extern  _PIE1bits
  0000                00040         extern  _PIR1bits
  0000                00041         extern  _IPR1bits
  0000                00042         extern  _PIE2bits
  0000                00043         extern  _PIR2bits
  0000                00044         extern  _IPR2bits
  0000                00045         extern  _EECON1bits
  0000                00046         extern  _RCSTAbits
  0000                00047         extern  _TXSTAbits
  0000                00048         extern  _T3CONbits
  0000                00049         extern  _CMCONbits
  0000                00050         extern  _CVRCONbits
  0000                00051         extern  _ECCP1ASbits
  0000                00052         extern  _ECCPASbits
  0000                00053         extern  _ECCP1DELbits
gpasm-1.5.0 #1285 (Jul 12 2020) obj/sdcc-18f2   11/12/23  13:12:34          PAGE  2


LOC    OBJECT CODE    LINE  SOURCE TEXT
  VALUE

  0000                00054         extern  _PWM1CONbits
  0000                00055         extern  _BAUDCONbits
  0000                00056         extern  _BAUDCTLbits
  0000                00057         extern  _CCP2CONbits
  0000                00058         extern  _CCP1CONbits
  0000                00059         extern  _ADCON2bits
  0000                00060         extern  _ADCON1bits
  0000                00061         extern  _ADCON0bits
  0000                00062         extern  _SSPCON2bits
  0000                00063         extern  _SSPCON1bits
  0000                00064         extern  _SSPSTATbits
  0000                00065         extern  _T2CONbits
  0000                00066         extern  _T1CONbits
  0000                00067         extern  _RCONbits
  0000                00068         extern  _WDTCONbits
  0000                00069         extern  _HLVDCONbits
  0000                00070         extern  _LVDCONbits
  0000                00071         extern  _OSCCONbits
  0000                00072         extern  _T0CONbits
  0000                00073         extern  _STATUSbits
  0000                00074         extern  _INTCON3bits
  0000                00075         extern  _INTCON2bits
  0000                00076         extern  _INTCONbits
  0000                00077         extern  _STKPTRbits
  0000                00078         extern  _buffer
  0000                00079         extern  _PORTA
  0000                00080         extern  _PORTB
  0000                00081         extern  _PORTC
  0000                00082         extern  _PORTE
  0000                00083         extern  _LATA
  0000                00084         extern  _LATB
  0000                00085         extern  _LATC
  0000                00086         extern  _DDRA
  0000                00087         extern  _TRISA
  0000                00088         extern  _DDRB
  0000                00089         extern  _TRISB
  0000                00090         extern  _DDRC
  0000                00091         extern  _TRISC
  0000                00092         extern  _OSCTUNE
  0000                00093         extern  _PIE1
  0000                00094         extern  _PIR1
  0000                00095         extern  _IPR1
  0000                00096         extern  _PIE2
  0000                00097         extern  _PIR2
  0000                00098         extern  _IPR2
  0000                00099         extern  _EECON1
  0000                00100         extern  _EECON2
  0000                00101         extern  _EEDATA
  0000                00102         extern  _EEADR
  0000                00103         extern  _RCSTA
  0000                00104         extern  _TXSTA
  0000                00105         extern  _TXREG
  0000                00106         extern  _RCREG
gpasm-1.5.0 #1285 (Jul 12 2020) obj/sdcc-18f2   11/12/23  13:12:34          PAGE  3


LOC    OBJECT CODE    LINE  SOURCE TEXT
  VALUE

  0000                00107         extern  _SPBRG
  0000                00108         extern  _SPBRGH
  0000                00109         extern  _T3CON
  0000                00110         extern  _TMR3
  0000                00111         extern  _TMR3L
  0000                00112         extern  _TMR3H
  0000                00113         extern  _CMCON
  0000                00114         extern  _CVRCON
  0000                00115         extern  _ECCP1AS
  0000                00116         extern  _ECCPAS
  0000                00117         extern  _ECCP1DEL
  0000                00118         extern  _PWM1CON
  0000                00119         extern  _BAUDCON
  0000                00120         extern  _BAUDCTL
  0000                00121         extern  _CCP2CON
  0000                00122         extern  _CCPR2
  0000                00123         extern  _CCPR2L
  0000                00124         extern  _CCPR2H
  0000                00125         extern  _CCP1CON
  0000                00126         extern  _CCPR1
  0000                00127         extern  _CCPR1L
  0000                00128         extern  _CCPR1H
  0000                00129         extern  _ADCON2
  0000                00130         extern  _ADCON1
  0000                00131         extern  _ADCON0
  0000                00132         extern  _ADRES
  0000                00133         extern  _ADRESL
  0000                00134         extern  _ADRESH
  0000                00135         extern  _SSPCON2
  0000                00136         extern  _SSPCON1
  0000                00137         extern  _SSPSTAT
  0000                00138         extern  _SSPADD
  0000                00139         extern  _SSPBUF
  0000                00140         extern  _T2CON
  0000                00141         extern  _PR2
  0000                00142         extern  _TMR2
  0000                00143         extern  _T1CON
  0000                00144         extern  _TMR1
  0000                00145         extern  _TMR1L
  0000                00146         extern  _TMR1H
  0000                00147         extern  _RCON
  0000                00148         extern  _WDTCON
  0000                00149         extern  _HLVDCON
  0000                00150         extern  _LVDCON
  0000                00151         extern  _OSCCON
  0000                00152         extern  _T0CON
  0000                00153         extern  _TMR0
  0000                00154         extern  _TMR0L
  0000                00155         extern  _TMR0H
  0000                00156         extern  _STATUS
  0000                00157         extern  _FSR2L
  0000                00158         extern  _FSR2H
  0000                00159         extern  _PLUSW2
gpasm-1.5.0 #1285 (Jul 12 2020) obj/sdcc-18f2   11/12/23  13:12:34          PAGE  4


LOC    OBJECT CODE    LINE  SOURCE TEXT
  VALUE

  0000                00160         extern  _PREINC2
  0000                00161         extern  _POSTDEC2
  0000                00162         extern  _POSTINC2
  0000                00163         extern  _INDF2
  0000                00164         extern  _BSR
  0000                00165         extern  _FSR1L
  0000                00166         extern  _FSR1H
  0000                00167         extern  _PLUSW1
  0000                00168         extern  _PREINC1
  0000                00169         extern  _POSTDEC1
  0000                00170         extern  _POSTINC1
  0000                00171         extern  _INDF1
  0000                00172         extern  _WREG
  0000                00173         extern  _FSR0L
  0000                00174         extern  _FSR0H
  0000                00175         extern  _PLUSW0
  0000                00176         extern  _PREINC0
  0000                00177         extern  _POSTDEC0
  0000                00178         extern  _POSTINC0
  0000                00179         extern  _INDF0
  0000                00180         extern  _INTCON3
  0000                00181         extern  _INTCON2
  0000                00182         extern  _INTCON
  0000                00183         extern  _PROD
  0000                00184         extern  _PRODL
  0000                00185         extern  _PRODH
  0000                00186         extern  _TABLAT
  0000                00187         extern  _TBLPTR
  0000                00188         extern  _TBLPTRL
  0000                00189         extern  _TBLPTRH
  0000                00190         extern  _TBLPTRU
  0000                00191         extern  _PC
  0000                00192         extern  _PCL
  0000                00193         extern  _PCLATH
  0000                00194         extern  _PCLATU
  0000                00195         extern  _STKPTR
  0000                00196         extern  _TOS
  0000                00197         extern  _TOSL
  0000                00198         extern  _TOSH
  0000                00199         extern  _TOSU
  0000                00200         extern  _buffer_putch
  0000                00201         extern  _log10f
  0000                00202         extern  _floorf
  0000                00203         extern  _powf
  0000                00204         extern  __moduint
  0000                00205         extern  __divuint
  0000                00206         extern  ___fs2sint
  0000                00207         extern  ___fslt
  0000                00208         extern  ___sint2fs
  0000                00209         extern  ___fsdiv
  0000                00210         extern  ___fs2uchar
  0000                00211         extern  ___uchar2fs
  0000                00212         extern  ___fsmul
gpasm-1.5.0 #1285 (Jul 12 2020) obj/sdcc-18f2   11/12/23  13:12:34          PAGE  5


LOC    OBJECT CODE    LINE  SOURCE TEXT
  VALUE

  0000                00213         extern  ___fssub
                      00214 
                      00215 ;--------------------------------------------------------
                      00216 ;       Equates to used internal registers
                      00217 ;--------------------------------------------------------
  00000FD8            00218 STATUS  equ     0xfd8
  00000FF9            00219 PCL     equ     0xff9
  00000FFA            00220 PCLATH  equ     0xffa
  00000FFB            00221 PCLATU  equ     0xffb
  00000FF2            00222 INTCON  equ     0xff2
  00000FFD            00223 TOSL    equ     0xffd
  00000FFE            00224 TOSH    equ     0xffe
  00000FFF            00225 TOSU    equ     0xfff
  00000FE9            00226 FSR0L   equ     0xfe9
  00000FEA            00227 FSR0H   equ     0xfea
  00000FE1            00228 FSR1L   equ     0xfe1
  00000FD9            00229 FSR2L   equ     0xfd9
  00000FEF            00230 INDF0   equ     0xfef
  00000FE6            00231 POSTINC1        equ     0xfe6
  00000FE5            00232 POSTDEC1        equ     0xfe5
  00000FE4            00233 PREINC1 equ     0xfe4
  00000FDB            00234 PLUSW2  equ     0xfdb
  00000FF3            00235 PRODL   equ     0xff3
  00000FF4            00236 PRODH   equ     0xff4
                      00237 
                      00238 
                      00239 ; Internal registers
                      00240 .registers      udata_ovr       0x0000
000000                00241 r0x00   res     1
000001                00242 r0x01   res     1
000002                00243 r0x02   res     1
000003                00244 r0x03   res     1
000004                00245 r0x04   res     1
000005                00246 r0x05   res     1
000006                00247 r0x06   res     1
000007                00248 r0x07   res     1
000008                00249 r0x08   res     1
000009                00250 r0x09   res     1
00000A                00251 r0x0a   res     1
00000B                00252 r0x0b   res     1
00000C                00253 r0x0c   res     1
00000D                00254 r0x0d   res     1
00000E                00255 r0x0e   res     1
00000F                00256 r0x0f   res     1
000010                00257 r0x10   res     1
000011                00258 r0x11   res     1
000012                00259 r0x12   res     1
                      00260 
                      00261 udata_format_0  udata
000000                00262 _format_number_buf_65536_39     res     32
                      00263 
                      00264 ;--------------------------------------------------------
                      00265 ; global & static initialisations
gpasm-1.5.0 #1285 (Jul 12 2020) obj/sdcc-18f2   11/12/23  13:12:34          PAGE  6


LOC    OBJECT CODE    LINE  SOURCE TEXT
  VALUE

                      00266 ;--------------------------------------------------------
                      00267 ; I code from now on!
                      00268 ; ; Starting pCode block
                      00269 S_format__format_double code
000000                00270 _format_double:
                      00271         .line   87; lib/format.c        format_double(putch_t fn, double num) {
000000 CFD9 FFE5      00272         MOVFF   FSR2L, POSTDEC1
000004 CFE1 FFD9      00273         MOVFF   FSR1L, FSR2L
000008 C??? F???      00274         MOVFF   r0x00, POSTDEC1
00000C C??? F???      00275         MOVFF   r0x01, POSTDEC1
000010 C??? F???      00276         MOVFF   r0x02, POSTDEC1
000014 C??? F???      00277         MOVFF   r0x03, POSTDEC1
000018 C??? F???      00278         MOVFF   r0x04, POSTDEC1
00001C C??? F???      00279         MOVFF   r0x05, POSTDEC1
000020 C??? F???      00280         MOVFF   r0x06, POSTDEC1
000024 C??? F???      00281         MOVFF   r0x07, POSTDEC1
000028 C??? F???      00282         MOVFF   r0x08, POSTDEC1
00002C C??? F???      00283         MOVFF   r0x09, POSTDEC1
000030 C??? F???      00284         MOVFF   r0x0a, POSTDEC1
000034 C??? F???      00285         MOVFF   r0x0b, POSTDEC1
000038 C??? F???      00286         MOVFF   r0x0c, POSTDEC1
00003C C??? F???      00287         MOVFF   r0x0d, POSTDEC1
000040 C??? F???      00288         MOVFF   r0x0e, POSTDEC1
000044 C??? F???      00289         MOVFF   r0x0f, POSTDEC1
000048 C??? F???      00290         MOVFF   r0x10, POSTDEC1
00004C C??? F???      00291         MOVFF   r0x11, POSTDEC1
000050 C??? F???      00292         MOVFF   r0x12, POSTDEC1
000054 0E02           00293         MOVLW   0x02
000056 CFDB F000      00294         MOVFF   PLUSW2, r0x00
00005A 0E03           00295         MOVLW   0x03
00005C CFDB F000      00296         MOVFF   PLUSW2, r0x01
000060 0E04           00297         MOVLW   0x04
000062 CFDB F000      00298         MOVFF   PLUSW2, r0x02
000066 0E05           00299         MOVLW   0x05
000068 CFDB F000      00300         MOVFF   PLUSW2, r0x03
00006C 0E06           00301         MOVLW   0x06
00006E CFDB F000      00302         MOVFF   PLUSW2, r0x04
000072 0E07           00303         MOVLW   0x07
000074 CFDB F000      00304         MOVFF   PLUSW2, r0x05
000078 0E08           00305         MOVLW   0x08
00007A CFDB F000      00306         MOVFF   PLUSW2, r0x06
                      00307         .line   88; lib/format.c        short m = (short)log10f(num);
00007E 50??           00308         MOVF    r0x06, W
000080 6EE5           00309         MOVWF   POSTDEC1
000082 50??           00310         MOVF    r0x05, W
000084 6EE5           00311         MOVWF   POSTDEC1
000086 50??           00312         MOVF    r0x04, W
000088 6EE5           00313         MOVWF   POSTDEC1
00008A 50??           00314         MOVF    r0x03, W
00008C 6EE5           00315         MOVWF   POSTDEC1
00008E EC?? F0??      00316         CALL    _log10f
000092 6E??           00317         MOVWF   r0x07
000094 CFF3 F000      00318         MOVFF   PRODL, r0x08
gpasm-1.5.0 #1285 (Jul 12 2020) obj/sdcc-18f2   11/12/23  13:12:34          PAGE  7


LOC    OBJECT CODE    LINE  SOURCE TEXT
  VALUE

000098 CFF4 F000      00319         MOVFF   PRODH, r0x09
00009C CFE9 F000      00320         MOVFF   FSR0L, r0x0a
0000A0 0E04           00321         MOVLW   0x04
0000A2 26E1           00322         ADDWF   FSR1L, F
0000A4 50??           00323         MOVF    r0x0a, W
0000A6 6EE5           00324         MOVWF   POSTDEC1
0000A8 50??           00325         MOVF    r0x09, W
0000AA 6EE5           00326         MOVWF   POSTDEC1
0000AC 50??           00327         MOVF    r0x08, W
0000AE 6EE5           00328         MOVWF   POSTDEC1
0000B0 50??           00329         MOVF    r0x07, W
0000B2 6EE5           00330         MOVWF   POSTDEC1
0000B4 EC?? F0??      00331         CALL    ___fs2sint
0000B8 6E??           00332         MOVWF   r0x07
0000BA CFF3 F000      00333         MOVFF   PRODL, r0x08
0000BE 0E04           00334         MOVLW   0x04
0000C0 26E1           00335         ADDWF   FSR1L, F
0000C2                00336 _00205_DS_:
                      00337         .line   92; lib/format.c        while(num > 0 + DBL_EPSILON) {
0000C2 50??           00338         MOVF    r0x06, W
0000C4 6EE5           00339         MOVWF   POSTDEC1
0000C6 50??           00340         MOVF    r0x05, W
0000C8 6EE5           00341         MOVWF   POSTDEC1
0000CA 50??           00342         MOVF    r0x04, W
0000CC 6EE5           00343         MOVWF   POSTDEC1
0000CE 50??           00344         MOVF    r0x03, W
0000D0 6EE5           00345         MOVWF   POSTDEC1
0000D2 0E34           00346         MOVLW   0x34
0000D4 6EE5           00347         MOVWF   POSTDEC1
0000D6 0E00           00348         MOVLW   0x00
0000D8 6EE5           00349         MOVWF   POSTDEC1
0000DA 0E00           00350         MOVLW   0x00
0000DC 6EE5           00351         MOVWF   POSTDEC1
0000DE 0E00           00352         MOVLW   0x00
0000E0 6EE5           00353         MOVWF   POSTDEC1
0000E2 EC?? F0??      00354         CALL    ___fslt
0000E6 6E??           00355         MOVWF   r0x09
0000E8 0E08           00356         MOVLW   0x08
0000EA 26E1           00357         ADDWF   FSR1L, F
0000EC 50??           00358         MOVF    r0x09, W
0000EE B4D8           00359         BTFSC   STATUS, 2
0000F0 D???           00360         BRA     _00208_DS_
                      00361         .line   93; lib/format.c        double weight = pow(10.0l, m);
0000F2 50??           00362         MOVF    r0x08, W
0000F4 6EE5           00363         MOVWF   POSTDEC1
0000F6 50??           00364         MOVF    r0x07, W
0000F8 6EE5           00365         MOVWF   POSTDEC1
0000FA EC?? F0??      00366         CALL    ___sint2fs
0000FE 6E??           00367         MOVWF   r0x09
000100 CFF3 F000      00368         MOVFF   PRODL, r0x0a
000104 CFF4 F000      00369         MOVFF   PRODH, r0x0b
000108 CFE9 F000      00370         MOVFF   FSR0L, r0x0c
00010C 52E6           00371         MOVF    POSTINC1, F
gpasm-1.5.0 #1285 (Jul 12 2020) obj/sdcc-18f2   11/12/23  13:12:34          PAGE  8


LOC    OBJECT CODE    LINE  SOURCE TEXT
  VALUE

00010E 52E6           00372         MOVF    POSTINC1, F
000110 50??           00373         MOVF    r0x0c, W
000112 6EE5           00374         MOVWF   POSTDEC1
000114 50??           00375         MOVF    r0x0b, W
000116 6EE5           00376         MOVWF   POSTDEC1
000118 50??           00377         MOVF    r0x0a, W
00011A 6EE5           00378         MOVWF   POSTDEC1
00011C 50??           00379         MOVF    r0x09, W
00011E 6EE5           00380         MOVWF   POSTDEC1
000120 0E41           00381         MOVLW   0x41
000122 6EE5           00382         MOVWF   POSTDEC1
000124 0E20           00383         MOVLW   0x20
000126 6EE5           00384         MOVWF   POSTDEC1
000128 0E00           00385         MOVLW   0x00
00012A 6EE5           00386         MOVWF   POSTDEC1
00012C 0E00           00387         MOVLW   0x00
00012E 6EE5           00388         MOVWF   POSTDEC1
000130 EC?? F0??      00389         CALL    _powf
000134 6E??           00390         MOVWF   r0x09
000136 CFF3 F000      00391         MOVFF   PRODL, r0x0a
00013A CFF4 F000      00392         MOVFF   PRODH, r0x0b
00013E CFE9 F000      00393         MOVFF   FSR0L, r0x0c
000142 0E08           00394         MOVLW   0x08
000144 26E1           00395         ADDWF   FSR1L, F
                      00396         .line   94; lib/format.c        digit = (short)floor(num / weight);
000146 50??           00397         MOVF    r0x0c, W
000148 6EE5           00398         MOVWF   POSTDEC1
00014A 50??           00399         MOVF    r0x0b, W
00014C 6EE5           00400         MOVWF   POSTDEC1
00014E 50??           00401         MOVF    r0x0a, W
000150 6EE5           00402         MOVWF   POSTDEC1
000152 50??           00403         MOVF    r0x09, W
000154 6EE5           00404         MOVWF   POSTDEC1
000156 50??           00405         MOVF    r0x06, W
000158 6EE5           00406         MOVWF   POSTDEC1
00015A 50??           00407         MOVF    r0x05, W
00015C 6EE5           00408         MOVWF   POSTDEC1
00015E 50??           00409         MOVF    r0x04, W
000160 6EE5           00410         MOVWF   POSTDEC1
000162 50??           00411         MOVF    r0x03, W
000164 6EE5           00412         MOVWF   POSTDEC1
000166 EC?? F0??      00413         CALL    ___fsdiv
00016A 6E??           00414         MOVWF   r0x0d
00016C CFF3 F000      00415         MOVFF   PRODL, r0x0e
000170 CFF4 F000      00416         MOVFF   PRODH, r0x0f
000174 CFE9 F000      00417         MOVFF   FSR0L, r0x10
000178 0E08           00418         MOVLW   0x08
00017A 26E1           00419         ADDWF   FSR1L, F
00017C 50??           00420         MOVF    r0x10, W
00017E 6EE5           00421         MOVWF   POSTDEC1
000180 50??           00422         MOVF    r0x0f, W
000182 6EE5           00423         MOVWF   POSTDEC1
000184 50??           00424         MOVF    r0x0e, W
gpasm-1.5.0 #1285 (Jul 12 2020) obj/sdcc-18f2   11/12/23  13:12:34          PAGE  9


LOC    OBJECT CODE    LINE  SOURCE TEXT
  VALUE

000186 6EE5           00425         MOVWF   POSTDEC1
000188 50??           00426         MOVF    r0x0d, W
00018A 6EE5           00427         MOVWF   POSTDEC1
00018C EC?? F0??      00428         CALL    _floorf
000190 6E??           00429         MOVWF   r0x0d
000192 CFF3 F000      00430         MOVFF   PRODL, r0x0e
000196 CFF4 F000      00431         MOVFF   PRODH, r0x0f
00019A CFE9 F000      00432         MOVFF   FSR0L, r0x10
00019E 0E04           00433         MOVLW   0x04
0001A0 26E1           00434         ADDWF   FSR1L, F
0001A2 50??           00435         MOVF    r0x10, W
0001A4 6EE5           00436         MOVWF   POSTDEC1
0001A6 50??           00437         MOVF    r0x0f, W
0001A8 6EE5           00438         MOVWF   POSTDEC1
0001AA 50??           00439         MOVF    r0x0e, W
0001AC 6EE5           00440         MOVWF   POSTDEC1
0001AE 50??           00441         MOVF    r0x0d, W
0001B0 6EE5           00442         MOVWF   POSTDEC1
0001B2 EC?? F0??      00443         CALL    ___fs2sint
0001B6 6E??           00444         MOVWF   r0x0d
0001B8 CFF3 F000      00445         MOVFF   PRODL, r0x0e
0001BC 0E04           00446         MOVLW   0x04
0001BE 26E1           00447         ADDWF   FSR1L, F
                      00448         .line   95; lib/format.c        num -= (digit * weight);
0001C0 50??           00449         MOVF    r0x0e, W
0001C2 6EE5           00450         MOVWF   POSTDEC1
0001C4 50??           00451         MOVF    r0x0d, W
0001C6 6EE5           00452         MOVWF   POSTDEC1
0001C8 EC?? F0??      00453         CALL    ___sint2fs
0001CC 6E??           00454         MOVWF   r0x0f
0001CE CFF3 F000      00455         MOVFF   PRODL, r0x10
0001D2 CFF4 F000      00456         MOVFF   PRODH, r0x11
0001D6 CFE9 F000      00457         MOVFF   FSR0L, r0x12
0001DA 52E6           00458         MOVF    POSTINC1, F
0001DC 52E6           00459         MOVF    POSTINC1, F
0001DE 50??           00460         MOVF    r0x0c, W
0001E0 6EE5           00461         MOVWF   POSTDEC1
0001E2 50??           00462         MOVF    r0x0b, W
0001E4 6EE5           00463         MOVWF   POSTDEC1
0001E6 50??           00464         MOVF    r0x0a, W
0001E8 6EE5           00465         MOVWF   POSTDEC1
0001EA 50??           00466         MOVF    r0x09, W
0001EC 6EE5           00467         MOVWF   POSTDEC1
0001EE 50??           00468         MOVF    r0x12, W
0001F0 6EE5           00469         MOVWF   POSTDEC1
0001F2 50??           00470         MOVF    r0x11, W
0001F4 6EE5           00471         MOVWF   POSTDEC1
0001F6 50??           00472         MOVF    r0x10, W
0001F8 6EE5           00473         MOVWF   POSTDEC1
0001FA 50??           00474         MOVF    r0x0f, W
0001FC 6EE5           00475         MOVWF   POSTDEC1
0001FE EC?? F0??      00476         CALL    ___fsmul
000202 6E??           00477         MOVWF   r0x09
gpasm-1.5.0 #1285 (Jul 12 2020) obj/sdcc-18f2   11/12/23  13:12:34          PAGE 10


LOC    OBJECT CODE    LINE  SOURCE TEXT
  VALUE

000204 CFF3 F000      00478         MOVFF   PRODL, r0x0a
000208 CFF4 F000      00479         MOVFF   PRODH, r0x0b
00020C CFE9 F000      00480         MOVFF   FSR0L, r0x0c
000210 0E08           00481         MOVLW   0x08
000212 26E1           00482         ADDWF   FSR1L, F
000214 50??           00483         MOVF    r0x0c, W
000216 6EE5           00484         MOVWF   POSTDEC1
000218 50??           00485         MOVF    r0x0b, W
00021A 6EE5           00486         MOVWF   POSTDEC1
00021C 50??           00487         MOVF    r0x0a, W
00021E 6EE5           00488         MOVWF   POSTDEC1
000220 50??           00489         MOVF    r0x09, W
000222 6EE5           00490         MOVWF   POSTDEC1
000224 50??           00491         MOVF    r0x06, W
000226 6EE5           00492         MOVWF   POSTDEC1
000228 50??           00493         MOVF    r0x05, W
00022A 6EE5           00494         MOVWF   POSTDEC1
00022C 50??           00495         MOVF    r0x04, W
00022E 6EE5           00496         MOVWF   POSTDEC1
000230 50??           00497         MOVF    r0x03, W
000232 6EE5           00498         MOVWF   POSTDEC1
000234 EC?? F0??      00499         CALL    ___fssub
000238 6E??           00500         MOVWF   r0x03
00023A CFF3 F000      00501         MOVFF   PRODL, r0x04
00023E CFF4 F000      00502         MOVFF   PRODH, r0x05
000242 CFE9 F000      00503         MOVFF   FSR0L, r0x06
000246 0E08           00504         MOVLW   0x08
000248 26E1           00505         ADDWF   FSR1L, F
                      00506         .line   96; lib/format.c        fn((char)('0' + digit));
00024A 0E30           00507         MOVLW   0x30
00024C 26??           00508         ADDWF   r0x0d, F
00024E 50??           00509         MOVF    r0x0d, W
000250 6EE5           00510         MOVWF   POSTDEC1
000252 CFF2 FFE5      00511         MOVFF   INTCON, POSTDEC1
000256 9EF2           00512         BCF     INTCON, 7
000258 0005           00513         PUSH    
00025A 0E??           00514         MOVLW   LOW(_00223_DS_)
00025C 6EFD           00515         MOVWF   TOSL
00025E 0E??           00516         MOVLW   HIGH(_00223_DS_)
000260 6EFE           00517         MOVWF   TOSH
000262 0E??           00518         MOVLW   UPPER(_00223_DS_)
000264 6EFF           00519         MOVWF   TOSU
000266 BEE4           00520         BTFSC   PREINC1, 7
000268 8EF2           00521         BSF     INTCON, 7
00026A C??? F???      00522         MOVFF   r0x02, PCLATU
00026E C??? F???      00523         MOVFF   r0x01, PCLATH
000272 50??           00524         MOVF    r0x00, W
000274 6EF9           00525         MOVWF   PCL
000276                00526 _00223_DS_:
000276 52E6           00527         MOVF    POSTINC1, F
                      00528         .line   97; lib/format.c        if(m == 0)
000278 50??           00529         MOVF    r0x07, W
00027A 10??           00530         IORWF   r0x08, W
gpasm-1.5.0 #1285 (Jul 12 2020) obj/sdcc-18f2   11/12/23  13:12:34          PAGE 11


LOC    OBJECT CODE    LINE  SOURCE TEXT
  VALUE

00027C E1??           00531         BNZ     _00204_DS_
                      00532         .line   98; lib/format.c        fn('.');
00027E 0E2E           00533         MOVLW   0x2e
000280 6EE5           00534         MOVWF   POSTDEC1
000282 CFF2 FFE5      00535         MOVFF   INTCON, POSTDEC1
000286 9EF2           00536         BCF     INTCON, 7
000288 0005           00537         PUSH    
00028A 0E??           00538         MOVLW   LOW(_00224_DS_)
00028C 6EFD           00539         MOVWF   TOSL
00028E 0E??           00540         MOVLW   HIGH(_00224_DS_)
000290 6EFE           00541         MOVWF   TOSH
000292 0E??           00542         MOVLW   UPPER(_00224_DS_)
000294 6EFF           00543         MOVWF   TOSU
000296 BEE4           00544         BTFSC   PREINC1, 7
000298 8EF2           00545         BSF     INTCON, 7
00029A C??? F???      00546         MOVFF   r0x02, PCLATU
00029E C??? F???      00547         MOVFF   r0x01, PCLATH
0002A2 50??           00548         MOVF    r0x00, W
0002A4 6EF9           00549         MOVWF   PCL
0002A6                00550 _00224_DS_:
0002A6 52E6           00551         MOVF    POSTINC1, F
0002A8                00552 _00204_DS_:
                      00553         .line   99; lib/format.c        m--;
0002A8 0EFF           00554         MOVLW   0xff
0002AA 26??           00555         ADDWF   r0x07, F
0002AC 22??           00556         ADDWFC  r0x08, F
0002AE D???           00557         BRA     _00205_DS_
0002B0                00558 _00208_DS_:
                      00559         .line   101; lib/format.c       }
0002B0 CFE4 F000      00560         MOVFF   PREINC1, r0x12
0002B4 CFE4 F000      00561         MOVFF   PREINC1, r0x11
0002B8 CFE4 F000      00562         MOVFF   PREINC1, r0x10
0002BC CFE4 F000      00563         MOVFF   PREINC1, r0x0f
0002C0 CFE4 F000      00564         MOVFF   PREINC1, r0x0e
0002C4 CFE4 F000      00565         MOVFF   PREINC1, r0x0d
0002C8 CFE4 F000      00566         MOVFF   PREINC1, r0x0c
0002CC CFE4 F000      00567         MOVFF   PREINC1, r0x0b
0002D0 CFE4 F000      00568         MOVFF   PREINC1, r0x0a
0002D4 CFE4 F000      00569         MOVFF   PREINC1, r0x09
0002D8 CFE4 F000      00570         MOVFF   PREINC1, r0x08
0002DC CFE4 F000      00571         MOVFF   PREINC1, r0x07
0002E0 CFE4 F000      00572         MOVFF   PREINC1, r0x06
0002E4 CFE4 F000      00573         MOVFF   PREINC1, r0x05
0002E8 CFE4 F000      00574         MOVFF   PREINC1, r0x04
0002EC CFE4 F000      00575         MOVFF   PREINC1, r0x03
0002F0 CFE4 F000      00576         MOVFF   PREINC1, r0x02
0002F4 CFE4 F000      00577         MOVFF   PREINC1, r0x01
0002F8 CFE4 F000      00578         MOVFF   PREINC1, r0x00
0002FC CFE4 FFD9      00579         MOVFF   PREINC1, FSR2L
000300 0012           00580         RETURN  
                      00581 
                      00582 ; ; Starting pCode block
                      00583 S_format__format_float  code
gpasm-1.5.0 #1285 (Jul 12 2020) obj/sdcc-18f2   11/12/23  13:12:34          PAGE 12


LOC    OBJECT CODE    LINE  SOURCE TEXT
  VALUE

000000                00584 _format_float:
                      00585         .line   68; lib/format.c        format_float(putch_t fn, float num) {
000000 CFD9 FFE5      00586         MOVFF   FSR2L, POSTDEC1
000004 CFE1 FFD9      00587         MOVFF   FSR1L, FSR2L
000008 C??? F???      00588         MOVFF   r0x00, POSTDEC1
00000C C??? F???      00589         MOVFF   r0x01, POSTDEC1
000010 C??? F???      00590         MOVFF   r0x02, POSTDEC1
000014 C??? F???      00591         MOVFF   r0x03, POSTDEC1
000018 C??? F???      00592         MOVFF   r0x04, POSTDEC1
00001C C??? F???      00593         MOVFF   r0x05, POSTDEC1
000020 C??? F???      00594         MOVFF   r0x06, POSTDEC1
000024 C??? F???      00595         MOVFF   r0x07, POSTDEC1
000028 C??? F???      00596         MOVFF   r0x08, POSTDEC1
00002C C??? F???      00597         MOVFF   r0x09, POSTDEC1
000030 C??? F???      00598         MOVFF   r0x0a, POSTDEC1
000034 C??? F???      00599         MOVFF   r0x0b, POSTDEC1
000038 C??? F???      00600         MOVFF   r0x0c, POSTDEC1
00003C C??? F???      00601         MOVFF   r0x0d, POSTDEC1
000040 C??? F???      00602         MOVFF   r0x0e, POSTDEC1
000044 C??? F???      00603         MOVFF   r0x0f, POSTDEC1
000048 C??? F???      00604         MOVFF   r0x10, POSTDEC1
00004C C??? F???      00605         MOVFF   r0x11, POSTDEC1
000050 0E02           00606         MOVLW   0x02
000052 CFDB F000      00607         MOVFF   PLUSW2, r0x00
000056 0E03           00608         MOVLW   0x03
000058 CFDB F000      00609         MOVFF   PLUSW2, r0x01
00005C 0E04           00610         MOVLW   0x04
00005E CFDB F000      00611         MOVFF   PLUSW2, r0x02
000062 0E05           00612         MOVLW   0x05
000064 CFDB F000      00613         MOVFF   PLUSW2, r0x03
000068 0E06           00614         MOVLW   0x06
00006A CFDB F000      00615         MOVFF   PLUSW2, r0x04
00006E 0E07           00616         MOVLW   0x07
000070 CFDB F000      00617         MOVFF   PLUSW2, r0x05
000074 0E08           00618         MOVLW   0x08
000076 CFDB F000      00619         MOVFF   PLUSW2, r0x06
                      00620         .line   69; lib/format.c        short m = (int)log10f(num);
00007A 50??           00621         MOVF    r0x06, W
00007C 6EE5           00622         MOVWF   POSTDEC1
00007E 50??           00623         MOVF    r0x05, W
000080 6EE5           00624         MOVWF   POSTDEC1
000082 50??           00625         MOVF    r0x04, W
000084 6EE5           00626         MOVWF   POSTDEC1
000086 50??           00627         MOVF    r0x03, W
000088 6EE5           00628         MOVWF   POSTDEC1
00008A EC?? F0??      00629         CALL    _log10f
00008E 6E??           00630         MOVWF   r0x07
000090 CFF3 F000      00631         MOVFF   PRODL, r0x08
000094 CFF4 F000      00632         MOVFF   PRODH, r0x09
000098 CFE9 F000      00633         MOVFF   FSR0L, r0x0a
00009C 0E04           00634         MOVLW   0x04
00009E 26E1           00635         ADDWF   FSR1L, F
0000A0 50??           00636         MOVF    r0x0a, W
gpasm-1.5.0 #1285 (Jul 12 2020) obj/sdcc-18f2   11/12/23  13:12:34          PAGE 13


LOC    OBJECT CODE    LINE  SOURCE TEXT
  VALUE

0000A2 6EE5           00637         MOVWF   POSTDEC1
0000A4 50??           00638         MOVF    r0x09, W
0000A6 6EE5           00639         MOVWF   POSTDEC1
0000A8 50??           00640         MOVF    r0x08, W
0000AA 6EE5           00641         MOVWF   POSTDEC1
0000AC 50??           00642         MOVF    r0x07, W
0000AE 6EE5           00643         MOVWF   POSTDEC1
0000B0 EC?? F0??      00644         CALL    ___fs2sint
0000B4 6E??           00645         MOVWF   r0x07
0000B6 CFF3 F000      00646         MOVFF   PRODL, r0x08
0000BA 0E04           00647         MOVLW   0x04
0000BC 26E1           00648         ADDWF   FSR1L, F
0000BE                00649 _00179_DS_:
                      00650         .line   73; lib/format.c        while(num > 0 + FLT_EPSILON) {
0000BE 50??           00651         MOVF    r0x06, W
0000C0 6EE5           00652         MOVWF   POSTDEC1
0000C2 50??           00653         MOVF    r0x05, W
0000C4 6EE5           00654         MOVWF   POSTDEC1
0000C6 50??           00655         MOVF    r0x04, W
0000C8 6EE5           00656         MOVWF   POSTDEC1
0000CA 50??           00657         MOVF    r0x03, W
0000CC 6EE5           00658         MOVWF   POSTDEC1
0000CE 0E34           00659         MOVLW   0x34
0000D0 6EE5           00660         MOVWF   POSTDEC1
0000D2 0E00           00661         MOVLW   0x00
0000D4 6EE5           00662         MOVWF   POSTDEC1
0000D6 0E00           00663         MOVLW   0x00
0000D8 6EE5           00664         MOVWF   POSTDEC1
0000DA 0E00           00665         MOVLW   0x00
0000DC 6EE5           00666         MOVWF   POSTDEC1
0000DE EC?? F0??      00667         CALL    ___fslt
0000E2 6E??           00668         MOVWF   r0x09
0000E4 0E08           00669         MOVLW   0x08
0000E6 26E1           00670         ADDWF   FSR1L, F
0000E8 50??           00671         MOVF    r0x09, W
0000EA B4D8           00672         BTFSC   STATUS, 2
0000EC D???           00673         BRA     _00182_DS_
                      00674         .line   74; lib/format.c        float weight = pow(10.0l, m);
0000EE 50??           00675         MOVF    r0x08, W
0000F0 6EE5           00676         MOVWF   POSTDEC1
0000F2 50??           00677         MOVF    r0x07, W
0000F4 6EE5           00678         MOVWF   POSTDEC1
0000F6 EC?? F0??      00679         CALL    ___sint2fs
0000FA 6E??           00680         MOVWF   r0x09
0000FC CFF3 F000      00681         MOVFF   PRODL, r0x0a
000100 CFF4 F000      00682         MOVFF   PRODH, r0x0b
000104 CFE9 F000      00683         MOVFF   FSR0L, r0x0c
000108 52E6           00684         MOVF    POSTINC1, F
00010A 52E6           00685         MOVF    POSTINC1, F
00010C 50??           00686         MOVF    r0x0c, W
00010E 6EE5           00687         MOVWF   POSTDEC1
000110 50??           00688         MOVF    r0x0b, W
000112 6EE5           00689         MOVWF   POSTDEC1
gpasm-1.5.0 #1285 (Jul 12 2020) obj/sdcc-18f2   11/12/23  13:12:34          PAGE 14


LOC    OBJECT CODE    LINE  SOURCE TEXT
  VALUE

000114 50??           00690         MOVF    r0x0a, W
000116 6EE5           00691         MOVWF   POSTDEC1
000118 50??           00692         MOVF    r0x09, W
00011A 6EE5           00693         MOVWF   POSTDEC1
00011C 0E41           00694         MOVLW   0x41
00011E 6EE5           00695         MOVWF   POSTDEC1
000120 0E20           00696         MOVLW   0x20
000122 6EE5           00697         MOVWF   POSTDEC1
000124 0E00           00698         MOVLW   0x00
000126 6EE5           00699         MOVWF   POSTDEC1
000128 0E00           00700         MOVLW   0x00
00012A 6EE5           00701         MOVWF   POSTDEC1
00012C EC?? F0??      00702         CALL    _powf
000130 6E??           00703         MOVWF   r0x09
000132 CFF3 F000      00704         MOVFF   PRODL, r0x0a
000136 CFF4 F000      00705         MOVFF   PRODH, r0x0b
00013A CFE9 F000      00706         MOVFF   FSR0L, r0x0c
00013E 0E08           00707         MOVLW   0x08
000140 26E1           00708         ADDWF   FSR1L, F
                      00709         .line   75; lib/format.c        digit = (char)floor(num / weight);
000142 50??           00710         MOVF    r0x0c, W
000144 6EE5           00711         MOVWF   POSTDEC1
000146 50??           00712         MOVF    r0x0b, W
000148 6EE5           00713         MOVWF   POSTDEC1
00014A 50??           00714         MOVF    r0x0a, W
00014C 6EE5           00715         MOVWF   POSTDEC1
00014E 50??           00716         MOVF    r0x09, W
000150 6EE5           00717         MOVWF   POSTDEC1
000152 50??           00718         MOVF    r0x06, W
000154 6EE5           00719         MOVWF   POSTDEC1
000156 50??           00720         MOVF    r0x05, W
000158 6EE5           00721         MOVWF   POSTDEC1
00015A 50??           00722         MOVF    r0x04, W
00015C 6EE5           00723         MOVWF   POSTDEC1
00015E 50??           00724         MOVF    r0x03, W
000160 6EE5           00725         MOVWF   POSTDEC1
000162 EC?? F0??      00726         CALL    ___fsdiv
000166 6E??           00727         MOVWF   r0x0d
000168 CFF3 F000      00728         MOVFF   PRODL, r0x0e
00016C CFF4 F000      00729         MOVFF   PRODH, r0x0f
000170 CFE9 F000      00730         MOVFF   FSR0L, r0x10
000174 0E08           00731         MOVLW   0x08
000176 26E1           00732         ADDWF   FSR1L, F
000178 50??           00733         MOVF    r0x10, W
00017A 6EE5           00734         MOVWF   POSTDEC1
00017C 50??           00735         MOVF    r0x0f, W
00017E 6EE5           00736         MOVWF   POSTDEC1
000180 50??           00737         MOVF    r0x0e, W
000182 6EE5           00738         MOVWF   POSTDEC1
000184 50??           00739         MOVF    r0x0d, W
000186 6EE5           00740         MOVWF   POSTDEC1
000188 EC?? F0??      00741         CALL    _floorf
00018C 6E??           00742         MOVWF   r0x0d
gpasm-1.5.0 #1285 (Jul 12 2020) obj/sdcc-18f2   11/12/23  13:12:34          PAGE 15


LOC    OBJECT CODE    LINE  SOURCE TEXT
  VALUE

00018E CFF3 F000      00743         MOVFF   PRODL, r0x0e
000192 CFF4 F000      00744         MOVFF   PRODH, r0x0f
000196 CFE9 F000      00745         MOVFF   FSR0L, r0x10
00019A 0E04           00746         MOVLW   0x04
00019C 26E1           00747         ADDWF   FSR1L, F
00019E 50??           00748         MOVF    r0x10, W
0001A0 6EE5           00749         MOVWF   POSTDEC1
0001A2 50??           00750         MOVF    r0x0f, W
0001A4 6EE5           00751         MOVWF   POSTDEC1
0001A6 50??           00752         MOVF    r0x0e, W
0001A8 6EE5           00753         MOVWF   POSTDEC1
0001AA 50??           00754         MOVF    r0x0d, W
0001AC 6EE5           00755         MOVWF   POSTDEC1
0001AE EC?? F0??      00756         CALL    ___fs2uchar
0001B2 6E??           00757         MOVWF   r0x0d
0001B4 0E04           00758         MOVLW   0x04
0001B6 26E1           00759         ADDWF   FSR1L, F
                      00760         .line   76; lib/format.c        num -= (digit * weight);
0001B8 50??           00761         MOVF    r0x0d, W
0001BA 6EE5           00762         MOVWF   POSTDEC1
0001BC EC?? F0??      00763         CALL    ___uchar2fs
0001C0 6E??           00764         MOVWF   r0x0e
0001C2 CFF3 F000      00765         MOVFF   PRODL, r0x0f
0001C6 CFF4 F000      00766         MOVFF   PRODH, r0x10
0001CA CFE9 F000      00767         MOVFF   FSR0L, r0x11
0001CE 52E6           00768         MOVF    POSTINC1, F
0001D0 50??           00769         MOVF    r0x0c, W
0001D2 6EE5           00770         MOVWF   POSTDEC1
0001D4 50??           00771         MOVF    r0x0b, W
0001D6 6EE5           00772         MOVWF   POSTDEC1
0001D8 50??           00773         MOVF    r0x0a, W
0001DA 6EE5           00774         MOVWF   POSTDEC1
0001DC 50??           00775         MOVF    r0x09, W
0001DE 6EE5           00776         MOVWF   POSTDEC1
0001E0 50??           00777         MOVF    r0x11, W
0001E2 6EE5           00778         MOVWF   POSTDEC1
0001E4 50??           00779         MOVF    r0x10, W
0001E6 6EE5           00780         MOVWF   POSTDEC1
0001E8 50??           00781         MOVF    r0x0f, W
0001EA 6EE5           00782         MOVWF   POSTDEC1
0001EC 50??           00783         MOVF    r0x0e, W
0001EE 6EE5           00784         MOVWF   POSTDEC1
0001F0 EC?? F0??      00785         CALL    ___fsmul
0001F4 6E??           00786         MOVWF   r0x09
0001F6 CFF3 F000      00787         MOVFF   PRODL, r0x0a
0001FA CFF4 F000      00788         MOVFF   PRODH, r0x0b
0001FE CFE9 F000      00789         MOVFF   FSR0L, r0x0c
000202 0E08           00790         MOVLW   0x08
000204 26E1           00791         ADDWF   FSR1L, F
000206 50??           00792         MOVF    r0x0c, W
000208 6EE5           00793         MOVWF   POSTDEC1
00020A 50??           00794         MOVF    r0x0b, W
00020C 6EE5           00795         MOVWF   POSTDEC1
gpasm-1.5.0 #1285 (Jul 12 2020) obj/sdcc-18f2   11/12/23  13:12:34          PAGE 16


LOC    OBJECT CODE    LINE  SOURCE TEXT
  VALUE

00020E 50??           00796         MOVF    r0x0a, W
000210 6EE5           00797         MOVWF   POSTDEC1
000212 50??           00798         MOVF    r0x09, W
000214 6EE5           00799         MOVWF   POSTDEC1
000216 50??           00800         MOVF    r0x06, W
000218 6EE5           00801         MOVWF   POSTDEC1
00021A 50??           00802         MOVF    r0x05, W
00021C 6EE5           00803         MOVWF   POSTDEC1
00021E 50??           00804         MOVF    r0x04, W
000220 6EE5           00805         MOVWF   POSTDEC1
000222 50??           00806         MOVF    r0x03, W
000224 6EE5           00807         MOVWF   POSTDEC1
000226 EC?? F0??      00808         CALL    ___fssub
00022A 6E??           00809         MOVWF   r0x03
00022C CFF3 F000      00810         MOVFF   PRODL, r0x04
000230 CFF4 F000      00811         MOVFF   PRODH, r0x05
000234 CFE9 F000      00812         MOVFF   FSR0L, r0x06
000238 0E08           00813         MOVLW   0x08
00023A 26E1           00814         ADDWF   FSR1L, F
                      00815         .line   77; lib/format.c        fn('0' + digit);
00023C 0E30           00816         MOVLW   0x30
00023E 26??           00817         ADDWF   r0x0d, F
000240 50??           00818         MOVF    r0x0d, W
000242 6EE5           00819         MOVWF   POSTDEC1
000244 CFF2 FFE5      00820         MOVFF   INTCON, POSTDEC1
000248 9EF2           00821         BCF     INTCON, 7
00024A 0005           00822         PUSH    
00024C 0E??           00823         MOVLW   LOW(_00197_DS_)
00024E 6EFD           00824         MOVWF   TOSL
000250 0E??           00825         MOVLW   HIGH(_00197_DS_)
000252 6EFE           00826         MOVWF   TOSH
000254 0E??           00827         MOVLW   UPPER(_00197_DS_)
000256 6EFF           00828         MOVWF   TOSU
000258 BEE4           00829         BTFSC   PREINC1, 7
00025A 8EF2           00830         BSF     INTCON, 7
00025C C??? F???      00831         MOVFF   r0x02, PCLATU
000260 C??? F???      00832         MOVFF   r0x01, PCLATH
000264 50??           00833         MOVF    r0x00, W
000266 6EF9           00834         MOVWF   PCL
000268                00835 _00197_DS_:
000268 52E6           00836         MOVF    POSTINC1, F
                      00837         .line   78; lib/format.c        if(m == 0)
00026A 50??           00838         MOVF    r0x07, W
00026C 10??           00839         IORWF   r0x08, W
00026E E1??           00840         BNZ     _00178_DS_
                      00841         .line   79; lib/format.c        fn('.');
000270 0E2E           00842         MOVLW   0x2e
000272 6EE5           00843         MOVWF   POSTDEC1
000274 CFF2 FFE5      00844         MOVFF   INTCON, POSTDEC1
000278 9EF2           00845         BCF     INTCON, 7
00027A 0005           00846         PUSH    
00027C 0E??           00847         MOVLW   LOW(_00198_DS_)
00027E 6EFD           00848         MOVWF   TOSL
gpasm-1.5.0 #1285 (Jul 12 2020) obj/sdcc-18f2   11/12/23  13:12:34          PAGE 17


LOC    OBJECT CODE    LINE  SOURCE TEXT
  VALUE

000280 0E??           00849         MOVLW   HIGH(_00198_DS_)
000282 6EFE           00850         MOVWF   TOSH
000284 0E??           00851         MOVLW   UPPER(_00198_DS_)
000286 6EFF           00852         MOVWF   TOSU
000288 BEE4           00853         BTFSC   PREINC1, 7
00028A 8EF2           00854         BSF     INTCON, 7
00028C C??? F???      00855         MOVFF   r0x02, PCLATU
000290 C??? F???      00856         MOVFF   r0x01, PCLATH
000294 50??           00857         MOVF    r0x00, W
000296 6EF9           00858         MOVWF   PCL
000298                00859 _00198_DS_:
000298 52E6           00860         MOVF    POSTINC1, F
00029A                00861 _00178_DS_:
                      00862         .line   80; lib/format.c        m--;
00029A 0EFF           00863         MOVLW   0xff
00029C 26??           00864         ADDWF   r0x07, F
00029E 22??           00865         ADDWFC  r0x08, F
0002A0 D???           00866         BRA     _00179_DS_
0002A2                00867 _00182_DS_:
                      00868         .line   82; lib/format.c        }
0002A2 CFE4 F000      00869         MOVFF   PREINC1, r0x11
0002A6 CFE4 F000      00870         MOVFF   PREINC1, r0x10
0002AA CFE4 F000      00871         MOVFF   PREINC1, r0x0f
0002AE CFE4 F000      00872         MOVFF   PREINC1, r0x0e
0002B2 CFE4 F000      00873         MOVFF   PREINC1, r0x0d
0002B6 CFE4 F000      00874         MOVFF   PREINC1, r0x0c
0002BA CFE4 F000      00875         MOVFF   PREINC1, r0x0b
0002BE CFE4 F000      00876         MOVFF   PREINC1, r0x0a
0002C2 CFE4 F000      00877         MOVFF   PREINC1, r0x09
0002C6 CFE4 F000      00878         MOVFF   PREINC1, r0x08
0002CA CFE4 F000      00879         MOVFF   PREINC1, r0x07
0002CE CFE4 F000      00880         MOVFF   PREINC1, r0x06
0002D2 CFE4 F000      00881         MOVFF   PREINC1, r0x05
0002D6 CFE4 F000      00882         MOVFF   PREINC1, r0x04
0002DA CFE4 F000      00883         MOVFF   PREINC1, r0x03
0002DE CFE4 F000      00884         MOVFF   PREINC1, r0x02
0002E2 CFE4 F000      00885         MOVFF   PREINC1, r0x01
0002E6 CFE4 F000      00886         MOVFF   PREINC1, r0x00
0002EA CFE4 FFD9      00887         MOVFF   PREINC1, FSR2L
0002EE 0012           00888         RETURN  
                      00889 
                      00890 ; ; Starting pCode block
                      00891 S_format__format_xint32 code
000000                00892 _format_xint32:
                      00893         .line   60; lib/format.c        format_xint32(putch_t fn, /*putchar_fn* putchar,*/ uint32_t x) {
000000 CFD9 FFE5      00894         MOVFF   FSR2L, POSTDEC1
000004 CFE1 FFD9      00895         MOVFF   FSR1L, FSR2L
000008 C??? F???      00896         MOVFF   r0x00, POSTDEC1
00000C C??? F???      00897         MOVFF   r0x01, POSTDEC1
000010 C??? F???      00898         MOVFF   r0x02, POSTDEC1
000014 C??? F???      00899         MOVFF   r0x03, POSTDEC1
000018 C??? F???      00900         MOVFF   r0x04, POSTDEC1
00001C C??? F???      00901         MOVFF   r0x05, POSTDEC1
gpasm-1.5.0 #1285 (Jul 12 2020) obj/sdcc-18f2   11/12/23  13:12:34          PAGE 18


LOC    OBJECT CODE    LINE  SOURCE TEXT
  VALUE

000020 C??? F???      00902         MOVFF   r0x06, POSTDEC1
000024 C??? F???      00903         MOVFF   r0x07, POSTDEC1
000028 C??? F???      00904         MOVFF   r0x08, POSTDEC1
00002C C??? F???      00905         MOVFF   r0x09, POSTDEC1
000030 C??? F???      00906         MOVFF   r0x0a, POSTDEC1
000034 0E02           00907         MOVLW   0x02
000036 CFDB F000      00908         MOVFF   PLUSW2, r0x00
00003A 0E03           00909         MOVLW   0x03
00003C CFDB F000      00910         MOVFF   PLUSW2, r0x01
000040 0E04           00911         MOVLW   0x04
000042 CFDB F000      00912         MOVFF   PLUSW2, r0x02
000046 0E05           00913         MOVLW   0x05
000048 CFDB F000      00914         MOVFF   PLUSW2, r0x03
00004C 0E06           00915         MOVLW   0x06
00004E CFDB F000      00916         MOVFF   PLUSW2, r0x04
000052 0E07           00917         MOVLW   0x07
000054 CFDB F000      00918         MOVFF   PLUSW2, r0x05
000058 0E08           00919         MOVLW   0x08
00005A CFDB F000      00920         MOVFF   PLUSW2, r0x06
                      00921         .line   61; lib/format.c        fn('0');
00005E 0E30           00922         MOVLW   0x30
000060 6EE5           00923         MOVWF   POSTDEC1
000062 CFF2 FFE5      00924         MOVFF   INTCON, POSTDEC1
000066 9EF2           00925         BCF     INTCON, 7
000068 0005           00926         PUSH    
00006A 0E??           00927         MOVLW   LOW(_00171_DS_)
00006C 6EFD           00928         MOVWF   TOSL
00006E 0E??           00929         MOVLW   HIGH(_00171_DS_)
000070 6EFE           00930         MOVWF   TOSH
000072 0E??           00931         MOVLW   UPPER(_00171_DS_)
000074 6EFF           00932         MOVWF   TOSU
000076 BEE4           00933         BTFSC   PREINC1, 7
000078 8EF2           00934         BSF     INTCON, 7
00007A C??? F???      00935         MOVFF   r0x02, PCLATU
00007E C??? F???      00936         MOVFF   r0x01, PCLATH
000082 50??           00937         MOVF    r0x00, W
000084 6EF9           00938         MOVWF   PCL
000086                00939 _00171_DS_:
000086 52E6           00940         MOVF    POSTINC1, F
                      00941         .line   62; lib/format.c        fn('x');
000088 0E78           00942         MOVLW   0x78
00008A 6EE5           00943         MOVWF   POSTDEC1
00008C CFF2 FFE5      00944         MOVFF   INTCON, POSTDEC1
000090 9EF2           00945         BCF     INTCON, 7
000092 0005           00946         PUSH    
000094 0E??           00947         MOVLW   LOW(_00172_DS_)
000096 6EFD           00948         MOVWF   TOSL
000098 0E??           00949         MOVLW   HIGH(_00172_DS_)
00009A 6EFE           00950         MOVWF   TOSH
00009C 0E??           00951         MOVLW   UPPER(_00172_DS_)
00009E 6EFF           00952         MOVWF   TOSU
0000A0 BEE4           00953         BTFSC   PREINC1, 7
0000A2 8EF2           00954         BSF     INTCON, 7
gpasm-1.5.0 #1285 (Jul 12 2020) obj/sdcc-18f2   11/12/23  13:12:34          PAGE 19


LOC    OBJECT CODE    LINE  SOURCE TEXT
  VALUE

0000A4 C??? F???      00955         MOVFF   r0x02, PCLATU
0000A8 C??? F???      00956         MOVFF   r0x01, PCLATH
0000AC 50??           00957         MOVF    r0x00, W
0000AE 6EF9           00958         MOVWF   PCL
0000B0                00959 _00172_DS_:
0000B0 52E6           00960         MOVF    POSTINC1, F
                      00961         .line   63; lib/format.c        format_number(fn, (uint16_t)(x >> 16), 16, -4);
0000B2 50??           00962         MOVF    r0x05, W
0000B4 6E??           00963         MOVWF   r0x07
0000B6 50??           00964         MOVF    r0x06, W
0000B8 6E??           00965         MOVWF   r0x08
0000BA 6A??           00966         CLRF    r0x09
0000BC 6A??           00967         CLRF    r0x0a
0000BE 0EFC           00968         MOVLW   0xfc
0000C0 6EE5           00969         MOVWF   POSTDEC1
0000C2 0E10           00970         MOVLW   0x10
0000C4 6EE5           00971         MOVWF   POSTDEC1
0000C6 50??           00972         MOVF    r0x08, W
0000C8 6EE5           00973         MOVWF   POSTDEC1
0000CA 50??           00974         MOVF    r0x07, W
0000CC 6EE5           00975         MOVWF   POSTDEC1
0000CE 50??           00976         MOVF    r0x02, W
0000D0 6EE5           00977         MOVWF   POSTDEC1
0000D2 50??           00978         MOVF    r0x01, W
0000D4 6EE5           00979         MOVWF   POSTDEC1
0000D6 50??           00980         MOVF    r0x00, W
0000D8 6EE5           00981         MOVWF   POSTDEC1
0000DA EC?? F0??      00982         CALL    _format_number
0000DE 0E07           00983         MOVLW   0x07
0000E0 26E1           00984         ADDWF   FSR1L, F
                      00985         .line   64; lib/format.c        format_number(fn, (uint16_t)(x & 0xffff), 16, -4);
0000E2 0EFC           00986         MOVLW   0xfc
0000E4 6EE5           00987         MOVWF   POSTDEC1
0000E6 0E10           00988         MOVLW   0x10
0000E8 6EE5           00989         MOVWF   POSTDEC1
0000EA 50??           00990         MOVF    r0x04, W
0000EC 6EE5           00991         MOVWF   POSTDEC1
0000EE 50??           00992         MOVF    r0x03, W
0000F0 6EE5           00993         MOVWF   POSTDEC1
0000F2 50??           00994         MOVF    r0x02, W
0000F4 6EE5           00995         MOVWF   POSTDEC1
0000F6 50??           00996         MOVF    r0x01, W
0000F8 6EE5           00997         MOVWF   POSTDEC1
0000FA 50??           00998         MOVF    r0x00, W
0000FC 6EE5           00999         MOVWF   POSTDEC1
0000FE EC?? F0??      01000         CALL    _format_number
000102 0E07           01001         MOVLW   0x07
000104 26E1           01002         ADDWF   FSR1L, F
                      01003         .line   65; lib/format.c        }
000106 CFE4 F000      01004         MOVFF   PREINC1, r0x0a
00010A CFE4 F000      01005         MOVFF   PREINC1, r0x09
00010E CFE4 F000      01006         MOVFF   PREINC1, r0x08
000112 CFE4 F000      01007         MOVFF   PREINC1, r0x07
gpasm-1.5.0 #1285 (Jul 12 2020) obj/sdcc-18f2   11/12/23  13:12:34          PAGE 20


LOC    OBJECT CODE    LINE  SOURCE TEXT
  VALUE

000116 CFE4 F000      01008         MOVFF   PREINC1, r0x06
00011A CFE4 F000      01009         MOVFF   PREINC1, r0x05
00011E CFE4 F000      01010         MOVFF   PREINC1, r0x04
000122 CFE4 F000      01011         MOVFF   PREINC1, r0x03
000126 CFE4 F000      01012         MOVFF   PREINC1, r0x02
00012A CFE4 F000      01013         MOVFF   PREINC1, r0x01
00012E CFE4 F000      01014         MOVFF   PREINC1, r0x00
000132 CFE4 FFD9      01015         MOVFF   PREINC1, FSR2L
000136 0012           01016         RETURN  
                      01017 
                      01018 ; ; Starting pCode block
                      01019 S_format__format_number code
000000                01020 _format_number:
                      01021         .line   26; lib/format.c        format_number(putch_t fn, uint16_t n, uint8_t base, int8_t pad /
                            *, int8_t pointpos*/) {
000000 CFD9 FFE5      01022         MOVFF   FSR2L, POSTDEC1
000004 CFE1 FFD9      01023         MOVFF   FSR1L, FSR2L
000008 C??? F???      01024         MOVFF   r0x00, POSTDEC1
00000C C??? F???      01025         MOVFF   r0x01, POSTDEC1
000010 C??? F???      01026         MOVFF   r0x02, POSTDEC1
000014 C??? F???      01027         MOVFF   r0x03, POSTDEC1
000018 C??? F???      01028         MOVFF   r0x04, POSTDEC1
00001C C??? F???      01029         MOVFF   r0x05, POSTDEC1
000020 C??? F???      01030         MOVFF   r0x06, POSTDEC1
000024 C??? F???      01031         MOVFF   r0x07, POSTDEC1
000028 C??? F???      01032         MOVFF   r0x08, POSTDEC1
00002C C??? F???      01033         MOVFF   r0x09, POSTDEC1
000030 C??? F???      01034         MOVFF   r0x0a, POSTDEC1
000034 C??? F???      01035         MOVFF   r0x0b, POSTDEC1
000038 C??? F???      01036         MOVFF   r0x0c, POSTDEC1
00003C C??? F???      01037         MOVFF   r0x0d, POSTDEC1
000040 C??? F???      01038         MOVFF   r0x0e, POSTDEC1
000044 0E02           01039         MOVLW   0x02
000046 CFDB F000      01040         MOVFF   PLUSW2, r0x00
00004A 0E03           01041         MOVLW   0x03
00004C CFDB F000      01042         MOVFF   PLUSW2, r0x01
000050 0E04           01043         MOVLW   0x04
000052 CFDB F000      01044         MOVFF   PLUSW2, r0x02
000056 0E05           01045         MOVLW   0x05
000058 CFDB F000      01046         MOVFF   PLUSW2, r0x03
00005C 0E06           01047         MOVLW   0x06
00005E CFDB F000      01048         MOVFF   PLUSW2, r0x04
000062 0E07           01049         MOVLW   0x07
000064 CFDB F000      01050         MOVFF   PLUSW2, r0x05
000068 0E08           01051         MOVLW   0x08
00006A CFDB F000      01052         MOVFF   PLUSW2, r0x06
                      01053         .line   30; lib/format.c        char padchar = ' ';
00006E 0E20           01054         MOVLW   0x20
000070 6E??           01055         MOVWF   r0x07
                      01056         .line   32; lib/format.c        if(pad < 0) {
000072 80D8           01057         BSF     STATUS, 0
000074 AE??           01058         BTFSS   r0x06, 7
000076 90D8           01059         BCF     STATUS, 0
gpasm-1.5.0 #1285 (Jul 12 2020) obj/sdcc-18f2   11/12/23  13:12:34          PAGE 21


LOC    OBJECT CODE    LINE  SOURCE TEXT
  VALUE

000078 E3??           01060         BNC     _00128_DS_
                      01061         .line   33; lib/format.c        pad = -pad;
00007A 6C??           01062         NEGF    r0x06
                      01063         .line   34; lib/format.c        padchar = '0';
00007C 0E30           01064         MOVLW   0x30
00007E 6E??           01065         MOVWF   r0x07
000080                01066 _00128_DS_:
                      01067         .line   42; lib/format.c        do {
000080 6A??           01068         CLRF    r0x08
000082                01069 _00112_DS_:
                      01070         .line   46; lib/format.c        di = n % base;
000082 C??? F???      01071         MOVFF   r0x05, r0x09
000086 6A??           01072         CLRF    r0x0a
000088 50??           01073         MOVF    r0x0a, W
00008A 6EE5           01074         MOVWF   POSTDEC1
00008C 50??           01075         MOVF    r0x09, W
00008E 6EE5           01076         MOVWF   POSTDEC1
000090 50??           01077         MOVF    r0x04, W
000092 6EE5           01078         MOVWF   POSTDEC1
000094 50??           01079         MOVF    r0x03, W
000096 6EE5           01080         MOVWF   POSTDEC1
000098 EC?? F0??      01081         CALL    __moduint
00009C 6E??           01082         MOVWF   r0x0b
00009E CFF3 F000      01083         MOVFF   PRODL, r0x0c
0000A2 0E04           01084         MOVLW   0x04
0000A4 26E1           01085         ADDWF   FSR1L, F
                      01086         .line   47; lib/format.c        buf[i++] = (di < 10 ? (uint8_t)'0' + di : (uint8_t)'A' + di - 10
                            );
0000A6 C??? F???      01087         MOVFF   r0x08, r0x0c
0000AA 2A??           01088         INCF    r0x08, F
0000AC 6A??           01089         CLRF    r0x0d
0000AE BE??           01090         BTFSC   r0x0c, 7
0000B0 68??           01091         SETF    r0x0d
0000B2 0E??           01092         MOVLW   LOW(_format_number_buf_65536_39)
0000B4 26??           01093         ADDWF   r0x0c, F
0000B6 0E??           01094         MOVLW   HIGH(_format_number_buf_65536_39)
0000B8 22??           01095         ADDWFC  r0x0d, F
0000BA 0E0A           01096         MOVLW   0x0a
0000BC 5C??           01097         SUBWF   r0x0b, W
0000BE E2??           01098         BC      _00124_DS_
0000C0 0E30           01099         MOVLW   0x30
0000C2 24??           01100         ADDWF   r0x0b, W
0000C4 6E??           01101         MOVWF   r0x0e
0000C6 D???           01102         BRA     _00125_DS_
0000C8                01103 _00124_DS_:
0000C8 0E37           01104         MOVLW   0x37
0000CA 24??           01105         ADDWF   r0x0b, W
0000CC 6E??           01106         MOVWF   r0x0e
0000CE                01107 _00125_DS_:
0000CE C??? F???      01108         MOVFF   r0x0c, FSR0L
0000D2 C??? F???      01109         MOVFF   r0x0d, FSR0H
0000D6 C??? F???      01110         MOVFF   r0x0e, INDF0
                      01111         .line   49; lib/format.c        n /= base;
gpasm-1.5.0 #1285 (Jul 12 2020) obj/sdcc-18f2   11/12/23  13:12:34          PAGE 22


LOC    OBJECT CODE    LINE  SOURCE TEXT
  VALUE

0000DA 50??           01112         MOVF    r0x0a, W
0000DC 6EE5           01113         MOVWF   POSTDEC1
0000DE 50??           01114         MOVF    r0x09, W
0000E0 6EE5           01115         MOVWF   POSTDEC1
0000E2 50??           01116         MOVF    r0x04, W
0000E4 6EE5           01117         MOVWF   POSTDEC1
0000E6 50??           01118         MOVF    r0x03, W
0000E8 6EE5           01119         MOVWF   POSTDEC1
0000EA EC?? F0??      01120         CALL    __divuint
0000EE 6E??           01121         MOVWF   r0x03
0000F0 CFF3 F000      01122         MOVFF   PRODL, r0x04
0000F4 0E04           01123         MOVLW   0x04
0000F6 26E1           01124         ADDWF   FSR1L, F
                      01125         .line   50; lib/format.c        } while(n > 0);
0000F8 50??           01126         MOVF    r0x03, W
0000FA 10??           01127         IORWF   r0x04, W
0000FC A4D8           01128         BTFSS   STATUS, 2
0000FE D???           01129         BRA     _00112_DS_
                      01130         .line   52; lib/format.c        while(pad-- > i) buffer_putch(padchar);
000100 C??? F???      01131         MOVFF   r0x08, r0x03
000104 C??? F???      01132         MOVFF   r0x06, r0x04
000108                01133 _00115_DS_:
000108 50??           01134         MOVF    r0x03, W
00010A 0F80           01135         ADDLW   0x80
00010C 6EF3           01136         MOVWF   PRODL
00010E 50??           01137         MOVF    r0x04, W
000110 0F80           01138         ADDLW   0x80
000112 5CF3           01139         SUBWF   PRODL, W
000114 E2??           01140         BC      _00117_DS_
000116 06??           01141         DECF    r0x04, F
000118 50??           01142         MOVF    r0x07, W
00011A 6EE5           01143         MOVWF   POSTDEC1
00011C EC?? F0??      01144         CALL    _buffer_putch
000120 52E6           01145         MOVF    POSTINC1, F
000122 D???           01146         BRA     _00115_DS_
000124                01147 _00117_DS_:
                      01148         .line   54; lib/format.c        for(unsigned j = 0; j < i; j++) (*fn)(buf[j]);
000124 6A??           01149         CLRF    r0x04
000126 6A??           01150         CLRF    r0x05
000128                01151 _00120_DS_:
000128 C??? F???      01152         MOVFF   r0x03, r0x06
00012C 6A??           01153         CLRF    r0x07
00012E BE??           01154         BTFSC   r0x03, 7
000130 68??           01155         SETF    r0x07
000132 50??           01156         MOVF    r0x07, W
000134 5C??           01157         SUBWF   r0x05, W
000136 E1??           01158         BNZ     _00163_DS_
000138 50??           01159         MOVF    r0x06, W
00013A 5C??           01160         SUBWF   r0x04, W
00013C                01161 _00163_DS_:
00013C E2??           01162         BC      _00122_DS_
00013E 0E??           01163         MOVLW   LOW(_format_number_buf_65536_39)
000140 24??           01164         ADDWF   r0x04, W
gpasm-1.5.0 #1285 (Jul 12 2020) obj/sdcc-18f2   11/12/23  13:12:34          PAGE 23


LOC    OBJECT CODE    LINE  SOURCE TEXT
  VALUE

000142 6E??           01165         MOVWF   r0x06
000144 0E??           01166         MOVLW   HIGH(_format_number_buf_65536_39)
000146 20??           01167         ADDWFC  r0x05, W
000148 6E??           01168         MOVWF   r0x07
00014A C??? F???      01169         MOVFF   r0x06, FSR0L
00014E C??? F???      01170         MOVFF   r0x07, FSR0H
000152 CFEF F000      01171         MOVFF   INDF0, r0x06
000156 50??           01172         MOVF    r0x06, W
000158 6EE5           01173         MOVWF   POSTDEC1
00015A CFF2 FFE5      01174         MOVFF   INTCON, POSTDEC1
00015E 9EF2           01175         BCF     INTCON, 7
000160 0005           01176         PUSH    
000162 0E??           01177         MOVLW   LOW(_00164_DS_)
000164 6EFD           01178         MOVWF   TOSL
000166 0E??           01179         MOVLW   HIGH(_00164_DS_)
000168 6EFE           01180         MOVWF   TOSH
00016A 0E??           01181         MOVLW   UPPER(_00164_DS_)
00016C 6EFF           01182         MOVWF   TOSU
00016E BEE4           01183         BTFSC   PREINC1, 7
000170 8EF2           01184         BSF     INTCON, 7
000172 C??? F???      01185         MOVFF   r0x02, PCLATU
000176 C??? F???      01186         MOVFF   r0x01, PCLATH
00017A 50??           01187         MOVF    r0x00, W
00017C 6EF9           01188         MOVWF   PCL
00017E                01189 _00164_DS_:
00017E 52E6           01190         MOVF    POSTINC1, F
000180 4A??           01191         INFSNZ  r0x04, F
000182 2A??           01192         INCF    r0x05, F
000184 D???           01193         BRA     _00120_DS_
000186                01194 _00122_DS_:
                      01195         .line   56; lib/format.c        }
000186 CFE4 F000      01196         MOVFF   PREINC1, r0x0e
00018A CFE4 F000      01197         MOVFF   PREINC1, r0x0d
00018E CFE4 F000      01198         MOVFF   PREINC1, r0x0c
000192 CFE4 F000      01199         MOVFF   PREINC1, r0x0b
000196 CFE4 F000      01200         MOVFF   PREINC1, r0x0a
00019A CFE4 F000      01201         MOVFF   PREINC1, r0x09
00019E CFE4 F000      01202         MOVFF   PREINC1, r0x08
0001A2 CFE4 F000      01203         MOVFF   PREINC1, r0x07
0001A6 CFE4 F000      01204         MOVFF   PREINC1, r0x06
0001AA CFE4 F000      01205         MOVFF   PREINC1, r0x05
0001AE CFE4 F000      01206         MOVFF   PREINC1, r0x04
0001B2 CFE4 F000      01207         MOVFF   PREINC1, r0x03
0001B6 CFE4 F000      01208         MOVFF   PREINC1, r0x02
0001BA CFE4 F000      01209         MOVFF   PREINC1, r0x01
0001BE CFE4 F000      01210         MOVFF   PREINC1, r0x00
0001C2 CFE4 FFD9      01211         MOVFF   PREINC1, FSR2L
0001C6 0012           01212         RETURN  
                      01213 
                      01214 ; ; Starting pCode block
                      01215 S_format__format_putchar        code
000000                01216 _format_putchar:
                      01217         .line   18; lib/format.c        format_putchar(char c) {
gpasm-1.5.0 #1285 (Jul 12 2020) obj/sdcc-18f2   11/12/23  13:12:34          PAGE 24


LOC    OBJECT CODE    LINE  SOURCE TEXT
  VALUE

000000 CFD9 FFE5      01218         MOVFF   FSR2L, POSTDEC1
000004 CFE1 FFD9      01219         MOVFF   FSR1L, FSR2L
                      01220         .line   20; lib/format.c        }
000008 CFE4 FFD9      01221         MOVFF   PREINC1, FSR2L
00000C 0012           01222         RETURN  
                      01223 
                      01224 
                      01225 
                      01226 ; Statistics:
                      01227 ; code size:     2304 (0x0900) bytes ( 1.76%)
                      01228 ;                1152 (0x0480) words
                      01229 ; udata size:      32 (0x0020) bytes ( 2.50%)
                      01230 ; access size:     19 (0x0013) bytes
                      01231 
                      01232 
                      01233         end
gpasm-1.5.0 #1285 (Jul 12 2020) obj/sdcc-18f2   11/12/23  13:12:34          PAGE 25


SYMBOL TABLE
  LABEL                              TYPE        VALUE         VALUE          VALUE
                                                 (hex)         (dec)          (text)

FSR0H                             CONSTANT      00000FEA           4074
FSR0L                             CONSTANT      00000FE9           4073
FSR1L                             CONSTANT      00000FE1           4065
FSR2L                             CONSTANT      00000FD9           4057
INDF0                             CONSTANT      00000FEF           4079
INTCON                            CONSTANT      00000FF2           4082
PCL                               CONSTANT      00000FF9           4089
PCLATH                            CONSTANT      00000FFA           4090
PCLATU                            CONSTANT      00000FFB           4091
PLUSW2                            CONSTANT      00000FDB           4059
POSTDEC1                          CONSTANT      00000FE5           4069
POSTINC1                          CONSTANT      00000FE6           4070
PREINC1                           CONSTANT      00000FE4           4068
PRODH                             CONSTANT      00000FF4           4084
PRODL                             CONSTANT      00000FF3           4083
STATUS                            CONSTANT      00000FD8           4056
TOSH                              CONSTANT      00000FFE           4094
TOSL                              CONSTANT      00000FFD           4093
TOSU                              CONSTANT      00000FFF           4095
_00112_DS_                        ADDRESS       00000082            130
_00115_DS_                        ADDRESS       00000108            264
_00117_DS_                        ADDRESS       00000124            292
_00120_DS_                        ADDRESS       00000128            296
_00122_DS_                        ADDRESS       00000186            390
_00124_DS_                        ADDRESS       000000C8            200
_00125_DS_                        ADDRESS       000000CE            206
_00128_DS_                        ADDRESS       00000080            128
_00163_DS_                        ADDRESS       0000013C            316
_00164_DS_                        ADDRESS       0000017E            382
_00171_DS_                        ADDRESS       00000086            134
_00172_DS_                        ADDRESS       000000B0            176
_00178_DS_                        ADDRESS       0000029A            666
_00179_DS_                        ADDRESS       000000BE            190
_00182_DS_                        ADDRESS       000002A2            674
_00197_DS_                        ADDRESS       00000268            616
_00198_DS_                        ADDRESS       00000298            664
_00204_DS_                        ADDRESS       000002A8            680
_00205_DS_                        ADDRESS       000000C2            194
_00208_DS_                        ADDRESS       000002B0            688
_00223_DS_                        ADDRESS       00000276            630
_00224_DS_                        ADDRESS       000002A6            678
_ADCON0                           EXTERNAL      00000000              0
_ADCON0bits                       EXTERNAL      00000000              0
_ADCON1                           EXTERNAL      00000000              0
_ADCON1bits                       EXTERNAL      00000000              0
_ADCON2                           EXTERNAL      00000000              0
_ADCON2bits                       EXTERNAL      00000000              0
_ADRES                            EXTERNAL      00000000              0
_ADRESH                           EXTERNAL      00000000              0
_ADRESL                           EXTERNAL      00000000              0
_BAUDCON                          EXTERNAL      00000000              0
_BAUDCONbits                      EXTERNAL      00000000              0
gpasm-1.5.0 #1285 (Jul 12 2020) obj/sdcc-18f2   11/12/23  13:12:34          PAGE 26


SYMBOL TABLE
  LABEL                              TYPE        VALUE         VALUE          VALUE
                                                 (hex)         (dec)          (text)

_BAUDCTL                          EXTERNAL      00000000              0
_BAUDCTLbits                      EXTERNAL      00000000              0
_BSR                              EXTERNAL      00000000              0
_CCPR1                            EXTERNAL      00000000              0
_CCPR1H                           EXTERNAL      00000000              0
_CCPR1L                           EXTERNAL      00000000              0
_CCPR2                            EXTERNAL      00000000              0
_CCPR2H                           EXTERNAL      00000000              0
_CCPR2L                           EXTERNAL      00000000              0
_CCP1CON                          EXTERNAL      00000000              0
_CCP1CONbits                      EXTERNAL      00000000              0
_CCP2CON                          EXTERNAL      00000000              0
_CCP2CONbits                      EXTERNAL      00000000              0
_CMCON                            EXTERNAL      00000000              0
_CMCONbits                        EXTERNAL      00000000              0
_CVRCON                           EXTERNAL      00000000              0
_CVRCONbits                       EXTERNAL      00000000              0
_DDRA                             EXTERNAL      00000000              0
_DDRAbits                         EXTERNAL      00000000              0
_DDRB                             EXTERNAL      00000000              0
_DDRBbits                         EXTERNAL      00000000              0
_DDRC                             EXTERNAL      00000000              0
_DDRCbits                         EXTERNAL      00000000              0
_ECCPAS                           EXTERNAL      00000000              0
_ECCPASbits                       EXTERNAL      00000000              0
_ECCP1AS                          EXTERNAL      00000000              0
_ECCP1ASbits                      EXTERNAL      00000000              0
_ECCP1DEL                         EXTERNAL      00000000              0
_ECCP1DELbits                     EXTERNAL      00000000              0
_EEADR                            EXTERNAL      00000000              0
_EECON1                           EXTERNAL      00000000              0
_EECON1bits                       EXTERNAL      00000000              0
_EECON2                           EXTERNAL      00000000              0
_EEDATA                           EXTERNAL      00000000              0
_FSR0H                            EXTERNAL      00000000              0
_FSR0L                            EXTERNAL      00000000              0
_FSR1H                            EXTERNAL      00000000              0
_FSR1L                            EXTERNAL      00000000              0
_FSR2H                            EXTERNAL      00000000              0
_FSR2L                            EXTERNAL      00000000              0
_HLVDCON                          EXTERNAL      00000000              0
_HLVDCONbits                      EXTERNAL      00000000              0
_INDF0                            EXTERNAL      00000000              0
_INDF1                            EXTERNAL      00000000              0
_INDF2                            EXTERNAL      00000000              0
_INTCON                           EXTERNAL      00000000              0
_INTCONbits                       EXTERNAL      00000000              0
_INTCON2                          EXTERNAL      00000000              0
_INTCON2bits                      EXTERNAL      00000000              0
_INTCON3                          EXTERNAL      00000000              0
_INTCON3bits                      EXTERNAL      00000000              0
_IPR1                             EXTERNAL      00000000              0
gpasm-1.5.0 #1285 (Jul 12 2020) obj/sdcc-18f2   11/12/23  13:12:34          PAGE 27


SYMBOL TABLE
  LABEL                              TYPE        VALUE         VALUE          VALUE
                                                 (hex)         (dec)          (text)

_IPR1bits                         EXTERNAL      00000000              0
_IPR2                             EXTERNAL      00000000              0
_IPR2bits                         EXTERNAL      00000000              0
_LATA                             EXTERNAL      00000000              0
_LATAbits                         EXTERNAL      00000000              0
_LATB                             EXTERNAL      00000000              0
_LATBbits                         EXTERNAL      00000000              0
_LATC                             EXTERNAL      00000000              0
_LATCbits                         EXTERNAL      00000000              0
_LVDCON                           EXTERNAL      00000000              0
_LVDCONbits                       EXTERNAL      00000000              0
_OSCCON                           EXTERNAL      00000000              0
_OSCCONbits                       EXTERNAL      00000000              0
_OSCTUNE                          EXTERNAL      00000000              0
_OSCTUNEbits                      EXTERNAL      00000000              0
_PC                               EXTERNAL      00000000              0
_PCL                              EXTERNAL      00000000              0
_PCLATH                           EXTERNAL      00000000              0
_PCLATU                           EXTERNAL      00000000              0
_PIE1                             EXTERNAL      00000000              0
_PIE1bits                         EXTERNAL      00000000              0
_PIE2                             EXTERNAL      00000000              0
_PIE2bits                         EXTERNAL      00000000              0
_PIR1                             EXTERNAL      00000000              0
_PIR1bits                         EXTERNAL      00000000              0
_PIR2                             EXTERNAL      00000000              0
_PIR2bits                         EXTERNAL      00000000              0
_PLUSW0                           EXTERNAL      00000000              0
_PLUSW1                           EXTERNAL      00000000              0
_PLUSW2                           EXTERNAL      00000000              0
_PORTA                            EXTERNAL      00000000              0
_PORTAbits                        EXTERNAL      00000000              0
_PORTB                            EXTERNAL      00000000              0
_PORTBbits                        EXTERNAL      00000000              0
_PORTC                            EXTERNAL      00000000              0
_PORTCbits                        EXTERNAL      00000000              0
_PORTE                            EXTERNAL      00000000              0
_PORTEbits                        EXTERNAL      00000000              0
_POSTDEC0                         EXTERNAL      00000000              0
_POSTDEC1                         EXTERNAL      00000000              0
_POSTDEC2                         EXTERNAL      00000000              0
_POSTINC0                         EXTERNAL      00000000              0
_POSTINC1                         EXTERNAL      00000000              0
_POSTINC2                         EXTERNAL      00000000              0
_PREINC0                          EXTERNAL      00000000              0
_PREINC1                          EXTERNAL      00000000              0
_PREINC2                          EXTERNAL      00000000              0
_PROD                             EXTERNAL      00000000              0
_PRODH                            EXTERNAL      00000000              0
_PRODL                            EXTERNAL      00000000              0
_PR2                              EXTERNAL      00000000              0
_PWM1CON                          EXTERNAL      00000000              0
gpasm-1.5.0 #1285 (Jul 12 2020) obj/sdcc-18f2   11/12/23  13:12:34          PAGE 28


SYMBOL TABLE
  LABEL                              TYPE        VALUE         VALUE          VALUE
                                                 (hex)         (dec)          (text)

_PWM1CONbits                      EXTERNAL      00000000              0
_RCON                             EXTERNAL      00000000              0
_RCONbits                         EXTERNAL      00000000              0
_RCREG                            EXTERNAL      00000000              0
_RCSTA                            EXTERNAL      00000000              0
_RCSTAbits                        EXTERNAL      00000000              0
_SPBRG                            EXTERNAL      00000000              0
_SPBRGH                           EXTERNAL      00000000              0
_SSPADD                           EXTERNAL      00000000              0
_SSPBUF                           EXTERNAL      00000000              0
_SSPCON1                          EXTERNAL      00000000              0
_SSPCON1bits                      EXTERNAL      00000000              0
_SSPCON2                          EXTERNAL      00000000              0
_SSPCON2bits                      EXTERNAL      00000000              0
_SSPSTAT                          EXTERNAL      00000000              0
_SSPSTATbits                      EXTERNAL      00000000              0
_STATUS                           EXTERNAL      00000000              0
_STATUSbits                       EXTERNAL      00000000              0
_STKPTR                           EXTERNAL      00000000              0
_STKPTRbits                       EXTERNAL      00000000              0
_T0CON                            EXTERNAL      00000000              0
_T0CONbits                        EXTERNAL      00000000              0
_TABLAT                           EXTERNAL      00000000              0
_TBLPTR                           EXTERNAL      00000000              0
_TBLPTRH                          EXTERNAL      00000000              0
_TBLPTRL                          EXTERNAL      00000000              0
_TBLPTRU                          EXTERNAL      00000000              0
_TMR0                             EXTERNAL      00000000              0
_TMR0H                            EXTERNAL      00000000              0
_TMR0L                            EXTERNAL      00000000              0
_TMR1                             EXTERNAL      00000000              0
_TMR1H                            EXTERNAL      00000000              0
_TMR1L                            EXTERNAL      00000000              0
_TMR2                             EXTERNAL      00000000              0
_TMR3                             EXTERNAL      00000000              0
_TMR3H                            EXTERNAL      00000000              0
_TMR3L                            EXTERNAL      00000000              0
_TOS                              EXTERNAL      00000000              0
_TOSH                             EXTERNAL      00000000              0
_TOSL                             EXTERNAL      00000000              0
_TOSU                             EXTERNAL      00000000              0
_TRISA                            EXTERNAL      00000000              0
_TRISAbits                        EXTERNAL      00000000              0
_TRISB                            EXTERNAL      00000000              0
_TRISBbits                        EXTERNAL      00000000              0
_TRISC                            EXTERNAL      00000000              0
_TRISCbits                        EXTERNAL      00000000              0
_TXREG                            EXTERNAL      00000000              0
_TXSTA                            EXTERNAL      00000000              0
_TXSTAbits                        EXTERNAL      00000000              0
_T1CON                            EXTERNAL      00000000              0
_T1CONbits                        EXTERNAL      00000000              0
gpasm-1.5.0 #1285 (Jul 12 2020) obj/sdcc-18f2   11/12/23  13:12:34          PAGE 29


SYMBOL TABLE
  LABEL                              TYPE        VALUE         VALUE          VALUE
                                                 (hex)         (dec)          (text)

_T2CON                            EXTERNAL      00000000              0
_T2CONbits                        EXTERNAL      00000000              0
_T3CON                            EXTERNAL      00000000              0
_T3CONbits                        EXTERNAL      00000000              0
_WDTCON                           EXTERNAL      00000000              0
_WDTCONbits                       EXTERNAL      00000000              0
_WREG                             EXTERNAL      00000000              0
__ACC_RAM_LOW_END                 CONSTANT      0000007F            127
__ACC_RAM_LOW_START               CONSTANT      00000000              0
__ACTIVE_BANK_ADDR                VARIABLE      FFFFFFFF             -1
__ASSUMED_BANK_ADDR               VARIABLE      FFFFFFFF             -1
__BANK_0                          CONSTANT      00000000              0
__BANK_BITS                       CONSTANT      00000F00           3840
__BANK_FIRST                      CONSTANT      00000000              0
__BANK_INV                        CONSTANT      FFFFFFFF             -1
__BANK_LAST                       CONSTANT      00000F00           3840
__BANK_MASK                       CONSTANT      000000FF            255
__BANK_SHIFT                      CONSTANT      00000008              8
__BANK_SIZE                       CONSTANT      00000100            256
__BANK_1                          CONSTANT      00000100            256
__BANK_2                          CONSTANT      00000200            512
__BANK_3                          CONSTANT      00000300            768
__BANK_4                          CONSTANT      00000400           1024
__BANK_5                          CONSTANT      00000500           1280
__BANK_6                          CONSTANT      00000600           1536
__BANK_7                          CONSTANT      00000700           1792
__BANK_8                          CONSTANT      00000800           2048
__BANK_9                          CONSTANT      00000900           2304
__BANK_10                         CONSTANT      00000A00           2560
__BANK_11                         CONSTANT      00000B00           2816
__BANK_12                         CONSTANT      00000C00           3072
__BANK_13                         CONSTANT      00000D00           3328
__BANK_14                         CONSTANT      00000E00           3584
__BANK_15                         CONSTANT      00000F00           3840
__CODE_END                        CONSTANT      00007FFF          32767
__CODE_START                      CONSTANT      00000000              0
__COMMON_RAM_END                  CONSTANT      0000007F            127
__COMMON_RAM_START                CONSTANT      00000000              0
__CONFIG_END                      CONSTANT      0030000D        3145741
__CONFIG_START                    CONSTANT      00300000        3145728
__EEPROM_END                      CONSTANT      00F000FF       15728895
__EEPROM_START                    CONSTANT      00F00000       15728640
__EXTENDED                        CONSTANT      00000001              1
__GPUTILS_SVN_VERSION             CONSTANT      00000505           1285
__GPUTILS_VERSION_MAJOR           CONSTANT      00000001              1
__GPUTILS_VERSION_MICRO           CONSTANT      00000000              0
__GPUTILS_VERSION_MINOR           CONSTANT      00000005              5
__IDLOCS_END                      CONSTANT      00200007        2097159
__IDLOCS_START                    CONSTANT      00200000        2097152
__NUM_BANKS                       CONSTANT      00000010             16
__VECTOR_INT_HIGH                 CONSTANT      00000008              8
__VECTOR_INT_LOW                  CONSTANT      00000018             24
gpasm-1.5.0 #1285 (Jul 12 2020) obj/sdcc-18f2   11/12/23  13:12:34          PAGE 30


SYMBOL TABLE
  LABEL                              TYPE        VALUE         VALUE          VALUE
                                                 (hex)         (dec)          (text)

__VECTOR_RESET                    CONSTANT      00000000              0
__WHILE_LOOP_COUNT_MAX            CONSTANT      000000FF            255
___fsdiv                          EXTERNAL      00000000              0
___fslt                           EXTERNAL      00000000              0
___fsmul                          EXTERNAL      00000000              0
___fssub                          EXTERNAL      00000000              0
___fs2sint                        EXTERNAL      00000000              0
___fs2uchar                       EXTERNAL      00000000              0
___sint2fs                        EXTERNAL      00000000              0
___uchar2fs                       EXTERNAL      00000000              0
__divuint                         EXTERNAL      00000000              0
__moduint                         EXTERNAL      00000000              0
__16_BIT                          CONSTANT      00000001              1
__18F2520                         CONSTANT      00000001              1
_buffer                           EXTERNAL      00000000              0
_buffer_putch                     EXTERNAL      00000000              0
_floorf                           EXTERNAL      00000000              0
_format_double                    GLOBAL        00000000              0
_format_float                     GLOBAL        00000000              0
_format_number                    GLOBAL        00000000              0
_format_number_buf_65536_39       STATIC        00000000              0
_format_putchar                   ADDRESS       00000000              0
_format_xint32                    GLOBAL        00000000              0
_log10f                           EXTERNAL      00000000              0
_powf                             EXTERNAL      00000000              0
r0x00                             STATIC        00000000              0
r0x01                             STATIC        00000001              1
r0x02                             STATIC        00000002              2
r0x03                             STATIC        00000003              3
r0x04                             STATIC        00000004              4
r0x05                             STATIC        00000005              5
r0x06                             STATIC        00000006              6
r0x07                             STATIC        00000007              7
r0x08                             STATIC        00000008              8
r0x09                             STATIC        00000009              9
r0x0a                             STATIC        0000000A             10
r0x0b                             STATIC        0000000B             11
r0x0c                             STATIC        0000000C             12
r0x0d                             STATIC        0000000D             13
r0x0e                             STATIC        0000000E             14
r0x0f                             STATIC        0000000F             15
r0x10                             STATIC        00000010             16
r0x11                             STATIC        00000011             17
r0x12                             STATIC        00000012             18

Errors   :     0
Warnings :     0 reported,     0 suppressed
Messages :     0 reported,     0 suppressed

