gpasm-1.5.0 #1285 (Jul 12 2020) obj/sdcc-18f2   11/12/23  13:12:33          PAGE  1


LOC    OBJECT CODE    LINE  SOURCE TEXT
  VALUE

                      00001 ;--------------------------------------------------------
                      00002 ; File Created by SDCC : free open source ANSI-C Compiler
                      00003 ; Version 4.2.0 #13081 (Linux)
                      00004 ;--------------------------------------------------------
                      00005 ; PIC16 port for the Microchip 16-bit core micros
                      00006 ;--------------------------------------------------------
                      00007 
                      00008         .ident "SDCC version 4.2.0 #13081 [pic16 port]"
                      00009         .file   "lib/lcd44780.c"
                      00010         list    p=18f2520
                      00011         radix   dec
                      00012 
                      00013 
                      00014 ;--------------------------------------------------------
                      00015 ; public variables in this module
                      00016 ;--------------------------------------------------------
  0000                00017         global  _lcd_send
  0000                00018         global  _lcd_gotoxy
  0000                00019         global  _lcd_puts
  0000                00020         global  _lcd_putch
  0000                00021         global  _lcd_print_number
  0000                00022         global  _lcd_home
  0000                00023         global  _lcd_clear
  0000                00024         global  _lcd_display
  0000                00025         global  _lcd_no_cursor
  0000                00026         global  _lcd_cursor
  0000                00027         global  _lcd_blink
  0000                00028         global  _lcd_left_to_right
  0000                00029         global  _lcd_autoscroll
  0000                00030         global  _lcd_begin
  0000                00031         global  _lcd_init
                      00032 
                      00033 ;--------------------------------------------------------
                      00034 ; extern variables in this module
                      00035 ;--------------------------------------------------------
  0000                00036         extern  __gptrget1
  0000                00037         extern  _dvar
  0000                00038         extern  _PORTAbits
  0000                00039         extern  _PORTBbits
  0000                00040         extern  _PORTCbits
  0000                00041         extern  _PORTEbits
  0000                00042         extern  _LATAbits
  0000                00043         extern  _LATBbits
  0000                00044         extern  _LATCbits
  0000                00045         extern  _DDRAbits
  0000                00046         extern  _TRISAbits
  0000                00047         extern  _DDRBbits
  0000                00048         extern  _TRISBbits
  0000                00049         extern  _DDRCbits
  0000                00050         extern  _TRISCbits
  0000                00051         extern  _OSCTUNEbits
  0000                00052         extern  _PIE1bits
  0000                00053         extern  _PIR1bits
gpasm-1.5.0 #1285 (Jul 12 2020) obj/sdcc-18f2   11/12/23  13:12:33          PAGE  2


LOC    OBJECT CODE    LINE  SOURCE TEXT
  VALUE

  0000                00054         extern  _IPR1bits
  0000                00055         extern  _PIE2bits
  0000                00056         extern  _PIR2bits
  0000                00057         extern  _IPR2bits
  0000                00058         extern  _EECON1bits
  0000                00059         extern  _RCSTAbits
  0000                00060         extern  _TXSTAbits
  0000                00061         extern  _T3CONbits
  0000                00062         extern  _CMCONbits
  0000                00063         extern  _CVRCONbits
  0000                00064         extern  _ECCP1ASbits
  0000                00065         extern  _ECCPASbits
  0000                00066         extern  _ECCP1DELbits
  0000                00067         extern  _PWM1CONbits
  0000                00068         extern  _BAUDCONbits
  0000                00069         extern  _BAUDCTLbits
  0000                00070         extern  _CCP2CONbits
  0000                00071         extern  _CCP1CONbits
  0000                00072         extern  _ADCON2bits
  0000                00073         extern  _ADCON1bits
  0000                00074         extern  _ADCON0bits
  0000                00075         extern  _SSPCON2bits
  0000                00076         extern  _SSPCON1bits
  0000                00077         extern  _SSPSTATbits
  0000                00078         extern  _T2CONbits
  0000                00079         extern  _T1CONbits
  0000                00080         extern  _RCONbits
  0000                00081         extern  _WDTCONbits
  0000                00082         extern  _HLVDCONbits
  0000                00083         extern  _LVDCONbits
  0000                00084         extern  _OSCCONbits
  0000                00085         extern  _T0CONbits
  0000                00086         extern  _STATUSbits
  0000                00087         extern  _INTCON3bits
  0000                00088         extern  _INTCON2bits
  0000                00089         extern  _INTCONbits
  0000                00090         extern  _STKPTRbits
  0000                00091         extern  _stdin
  0000                00092         extern  _stdout
  0000                00093         extern  _PORTA
  0000                00094         extern  _PORTB
  0000                00095         extern  _PORTC
  0000                00096         extern  _PORTE
  0000                00097         extern  _LATA
  0000                00098         extern  _LATB
  0000                00099         extern  _LATC
  0000                00100         extern  _DDRA
  0000                00101         extern  _TRISA
  0000                00102         extern  _DDRB
  0000                00103         extern  _TRISB
  0000                00104         extern  _DDRC
  0000                00105         extern  _TRISC
  0000                00106         extern  _OSCTUNE
gpasm-1.5.0 #1285 (Jul 12 2020) obj/sdcc-18f2   11/12/23  13:12:33          PAGE  3


LOC    OBJECT CODE    LINE  SOURCE TEXT
  VALUE

  0000                00107         extern  _PIE1
  0000                00108         extern  _PIR1
  0000                00109         extern  _IPR1
  0000                00110         extern  _PIE2
  0000                00111         extern  _PIR2
  0000                00112         extern  _IPR2
  0000                00113         extern  _EECON1
  0000                00114         extern  _EECON2
  0000                00115         extern  _EEDATA
  0000                00116         extern  _EEADR
  0000                00117         extern  _RCSTA
  0000                00118         extern  _TXSTA
  0000                00119         extern  _TXREG
  0000                00120         extern  _RCREG
  0000                00121         extern  _SPBRG
  0000                00122         extern  _SPBRGH
  0000                00123         extern  _T3CON
  0000                00124         extern  _TMR3
  0000                00125         extern  _TMR3L
  0000                00126         extern  _TMR3H
  0000                00127         extern  _CMCON
  0000                00128         extern  _CVRCON
  0000                00129         extern  _ECCP1AS
  0000                00130         extern  _ECCPAS
  0000                00131         extern  _ECCP1DEL
  0000                00132         extern  _PWM1CON
  0000                00133         extern  _BAUDCON
  0000                00134         extern  _BAUDCTL
  0000                00135         extern  _CCP2CON
  0000                00136         extern  _CCPR2
  0000                00137         extern  _CCPR2L
  0000                00138         extern  _CCPR2H
  0000                00139         extern  _CCP1CON
  0000                00140         extern  _CCPR1
  0000                00141         extern  _CCPR1L
  0000                00142         extern  _CCPR1H
  0000                00143         extern  _ADCON2
  0000                00144         extern  _ADCON1
  0000                00145         extern  _ADCON0
  0000                00146         extern  _ADRES
  0000                00147         extern  _ADRESL
  0000                00148         extern  _ADRESH
  0000                00149         extern  _SSPCON2
  0000                00150         extern  _SSPCON1
  0000                00151         extern  _SSPSTAT
  0000                00152         extern  _SSPADD
  0000                00153         extern  _SSPBUF
  0000                00154         extern  _T2CON
  0000                00155         extern  _PR2
  0000                00156         extern  _TMR2
  0000                00157         extern  _T1CON
  0000                00158         extern  _TMR1
  0000                00159         extern  _TMR1L
gpasm-1.5.0 #1285 (Jul 12 2020) obj/sdcc-18f2   11/12/23  13:12:33          PAGE  4


LOC    OBJECT CODE    LINE  SOURCE TEXT
  VALUE

  0000                00160         extern  _TMR1H
  0000                00161         extern  _RCON
  0000                00162         extern  _WDTCON
  0000                00163         extern  _HLVDCON
  0000                00164         extern  _LVDCON
  0000                00165         extern  _OSCCON
  0000                00166         extern  _T0CON
  0000                00167         extern  _TMR0
  0000                00168         extern  _TMR0L
  0000                00169         extern  _TMR0H
  0000                00170         extern  _STATUS
  0000                00171         extern  _FSR2L
  0000                00172         extern  _FSR2H
  0000                00173         extern  _PLUSW2
  0000                00174         extern  _PREINC2
  0000                00175         extern  _POSTDEC2
  0000                00176         extern  _POSTINC2
  0000                00177         extern  _INDF2
  0000                00178         extern  _BSR
  0000                00179         extern  _FSR1L
  0000                00180         extern  _FSR1H
  0000                00181         extern  _PLUSW1
  0000                00182         extern  _PREINC1
  0000                00183         extern  _POSTDEC1
  0000                00184         extern  _POSTINC1
  0000                00185         extern  _INDF1
  0000                00186         extern  _WREG
  0000                00187         extern  _FSR0L
  0000                00188         extern  _FSR0H
  0000                00189         extern  _PLUSW0
  0000                00190         extern  _PREINC0
  0000                00191         extern  _POSTDEC0
  0000                00192         extern  _POSTINC0
  0000                00193         extern  _INDF0
  0000                00194         extern  _INTCON3
  0000                00195         extern  _INTCON2
  0000                00196         extern  _INTCON
  0000                00197         extern  _PROD
  0000                00198         extern  _PRODL
  0000                00199         extern  _PRODH
  0000                00200         extern  _TABLAT
  0000                00201         extern  _TBLPTR
  0000                00202         extern  _TBLPTRL
  0000                00203         extern  _TBLPTRH
  0000                00204         extern  _TBLPTRU
  0000                00205         extern  _PC
  0000                00206         extern  _PCL
  0000                00207         extern  _PCLATH
  0000                00208         extern  _PCLATU
  0000                00209         extern  _STKPTR
  0000                00210         extern  _TOS
  0000                00211         extern  _TOSL
  0000                00212         extern  _TOSH
gpasm-1.5.0 #1285 (Jul 12 2020) obj/sdcc-18f2   11/12/23  13:12:33          PAGE  5


LOC    OBJECT CODE    LINE  SOURCE TEXT
  VALUE

  0000                00213         extern  _TOSU
  0000                00214         extern  _delay_ms
  0000                00215         extern  _delay_us
  0000                00216         extern  __moduint
  0000                00217         extern  __divuint
                      00218 
                      00219 ;--------------------------------------------------------
                      00220 ;       Equates to used internal registers
                      00221 ;--------------------------------------------------------
  00000FD8            00222 STATUS  equ     0xfd8
  00000FE8            00223 WREG    equ     0xfe8
  00000FE9            00224 FSR0L   equ     0xfe9
  00000FEA            00225 FSR0H   equ     0xfea
  00000FE1            00226 FSR1L   equ     0xfe1
  00000FD9            00227 FSR2L   equ     0xfd9
  00000FEF            00228 INDF0   equ     0xfef
  00000FE6            00229 POSTINC1        equ     0xfe6
  00000FE5            00230 POSTDEC1        equ     0xfe5
  00000FE4            00231 PREINC1 equ     0xfe4
  00000FDB            00232 PLUSW2  equ     0xfdb
  00000FF3            00233 PRODL   equ     0xff3
                      00234 
                      00235 
                      00236 ; Internal registers
                      00237 .registers      udata_ovr       0x0000
000000                00238 r0x00   res     1
000001                00239 r0x01   res     1
000002                00240 r0x02   res     1
000003                00241 r0x03   res     1
000004                00242 r0x04   res     1
000005                00243 r0x05   res     1
000006                00244 r0x06   res     1
000007                00245 r0x07   res     1
000008                00246 r0x08   res     1
000009                00247 r0x09   res     1
00000A                00248 r0x0a   res     1
00000B                00249 r0x0b   res     1
                      00250 
                      00251 udata_lcd44780_0        udata
000000                00252 _LCD_function   res     1
                      00253 
                      00254 udata_lcd44780_1        udata
000000                00255 _LCD_ctrl       res     1
                      00256 
                      00257 udata_lcd44780_2        udata
000000                00258 _LCD_mode       res     1
                      00259 
                      00260 udata_lcd44780_3        udata
000000                00261 _LCD_lines      res     1
                      00262 
                      00263 udata_lcd44780_4        udata
000000                00264 _lcd_gotoxy_row_offsets_65536_47        res     4
                      00265 
gpasm-1.5.0 #1285 (Jul 12 2020) obj/sdcc-18f2   11/12/23  13:12:33          PAGE  6


LOC    OBJECT CODE    LINE  SOURCE TEXT
  VALUE

                      00266 udata_lcd44780_5        udata
000000                00267 _lcd_print_number_buf_65536_55  res     32
                      00268 
                      00269 ;--------------------------------------------------------
                      00270 ; global & static initialisations
                      00271 ;--------------------------------------------------------
                      00272 ; I code from now on!
                      00273 ; ; Starting pCode block
                      00274 S_lcd44780__lcd_init    code
000000                00275 _lcd_init:
                      00276         .line   489; lib/lcd44780.c     lcd_init(char fourbitmode) {
000000 CFD9 FFE5      00277         MOVFF   FSR2L, POSTDEC1
000004 CFE1 FFD9      00278         MOVFF   FSR1L, FSR2L
000008 C??? F???      00279         MOVFF   r0x00, POSTDEC1
00000C C??? F???      00280         MOVFF   r0x01, POSTDEC1
000010 0E02           00281         MOVLW   0x02
000012 CFDB F000      00282         MOVFF   PLUSW2, r0x00
000016 010?           00283         BANKSEL _LCD_ctrl
                      00284         .line   491; lib/lcd44780.c     LCD_ctrl = 0;
000018 6B??           00285         CLRF    _LCD_ctrl, B
                      00286         .line   492; lib/lcd44780.c     LCD_function = (fourbitmode ? LCD_4BITMODE : LCD_8BITMODE);
00001A 50??           00287         MOVF    r0x00, W
00001C E0??           00288         BZ      _00288_DS_
00001E 6A??           00289         CLRF    r0x00
000020 6A??           00290         CLRF    r0x01
000022 D???           00291         BRA     _00289_DS_
000024                00292 _00288_DS_:
000024 0E10           00293         MOVLW   0x10
000026 6E??           00294         MOVWF   r0x00
000028 6A??           00295         CLRF    r0x01
00002A                00296 _00289_DS_:
00002A 50??           00297         MOVF    r0x00, W
00002C 010?           00298         BANKSEL _LCD_function
00002E 6F??           00299         MOVWF   _LCD_function, B
000030 010?           00300         BANKSEL _LCD_lines
                      00301         .line   494; lib/lcd44780.c     LCD_lines = 0;
000032 6B??           00302         CLRF    _LCD_lines, B
000034 010?           00303         BANKSEL _LCD_mode
                      00304         .line   496; lib/lcd44780.c     LCD_mode = 0;
000036 6B??           00305         CLRF    _LCD_mode, B
                      00306         .line   498; lib/lcd44780.c     RS_TRIS();
000038 94??           00307         BCF     _TRISB, 2
                      00308         .line   499; lib/lcd44780.c     RS_LOW();
00003A 94??           00309         BCF     _LATB, 2
                      00310         .line   504; lib/lcd44780.c     EN_TRIS();
00003C 96??           00311         BCF     _TRISB, 3
                      00312         .line   505; lib/lcd44780.c     EN_LOW();
00003E 96??           00313         BCF     _LATB, 3
                      00314         .line   507; lib/lcd44780.c     DATA_TRIS();
000040 0E0F           00315         MOVLW   0x0f
000042 16??           00316         ANDWF   _LATB, F
                      00317         .line   517; lib/lcd44780.c     }
000044 CFE4 F000      00318         MOVFF   PREINC1, r0x01
gpasm-1.5.0 #1285 (Jul 12 2020) obj/sdcc-18f2   11/12/23  13:12:33          PAGE  7


LOC    OBJECT CODE    LINE  SOURCE TEXT
  VALUE

000048 CFE4 F000      00319         MOVFF   PREINC1, r0x00
00004C CFE4 FFD9      00320         MOVFF   PREINC1, FSR2L
000050 0012           00321         RETURN  
                      00322 
                      00323 ; ; Starting pCode block
                      00324 S_lcd44780__lcd_begin   code
000000                00325 _lcd_begin:
                      00326         .line   416; lib/lcd44780.c     lcd_begin(uint8_t lines, uint8_t dotsize) {
000000 CFD9 FFE5      00327         MOVFF   FSR2L, POSTDEC1
000004 CFE1 FFD9      00328         MOVFF   FSR1L, FSR2L
000008 C??? F???      00329         MOVFF   r0x00, POSTDEC1
00000C C??? F???      00330         MOVFF   r0x01, POSTDEC1
000010 0E02           00331         MOVLW   0x02
000012 CFDB F000      00332         MOVFF   PLUSW2, r0x00
000016 0E03           00333         MOVLW   0x03
000018 CFDB F000      00334         MOVFF   PLUSW2, r0x01
                      00335         .line   417; lib/lcd44780.c     if(lines > 1)
00001C 0E02           00336         MOVLW   0x02
00001E 5C??           00337         SUBWF   r0x00, W
000020 E3??           00338         BNC     _00249_DS_
000022 010?           00339         BANKSEL _LCD_function
                      00340         .line   418; lib/lcd44780.c     LCD_function |= LCD_2LINE;
000024 87??           00341         BSF     _LCD_function, 3, B
000026                00342 _00249_DS_:
                      00343         .line   421; lib/lcd44780.c     LCD_lines = lines;
000026 C??? F???      00344         MOVFF   r0x00, _LCD_lines
                      00345         .line   425; lib/lcd44780.c     if((dotsize != 0) && (lines == 1))
00002A 50??           00346         MOVF    r0x01, W
00002C E0??           00347         BZ      _00251_DS_
00002E 50??           00348         MOVF    r0x00, W
000030 0A01           00349         XORLW   0x01
000032 E1??           00350         BNZ     _00251_DS_
000034                00351 _00277_DS_:
000034 010?           00352         BANKSEL _LCD_function
                      00353         .line   426; lib/lcd44780.c     LCD_function |= LCD_5x10DOTS;
000036 85??           00354         BSF     _LCD_function, 2, B
000038                00355 _00251_DS_:
                      00356         .line   428; lib/lcd44780.c     delay_ms(15); // Wait more than 15 ms after VDD rises to 4.5V
000038 0E00           00357         MOVLW   0x00
00003A 6EE5           00358         MOVWF   POSTDEC1
00003C 0E0F           00359         MOVLW   0x0f
00003E 6EE5           00360         MOVWF   POSTDEC1
000040 EC?? F0??      00361         CALL    _delay_ms
000044 52E6           00362         MOVF    POSTINC1, F
000046 52E6           00363         MOVF    POSTINC1, F
                      00364         .line   431; lib/lcd44780.c     RS_LOW();
000048 94??           00365         BCF     _LATB, 2
                      00366         .line   432; lib/lcd44780.c     EN_LOW();
00004A 96??           00367         BCF     _LATB, 3
                      00368         .line   435; lib/lcd44780.c     if(!(LCD_function & LCD_8BITMODE)) {
00004C C??? F???      00369         MOVFF   _LCD_function, r0x00
000050 B8??           00370         BTFSC   r0x00, 4
000052 D???           00371         BRA     _00254_DS_
gpasm-1.5.0 #1285 (Jul 12 2020) obj/sdcc-18f2   11/12/23  13:12:33          PAGE  8


LOC    OBJECT CODE    LINE  SOURCE TEXT
  VALUE

                      00372         .line   439; lib/lcd44780.c     lcd_write4bits(0x03);
000054 0E03           00373         MOVLW   0x03
000056 6EE5           00374         MOVWF   POSTDEC1
000058 EC?? F0??      00375         CALL    _lcd_write4bits
00005C 52E6           00376         MOVF    POSTINC1, F
                      00377         .line   440; lib/lcd44780.c     delay_ms(5); // Wait for more than 4.1 ms
00005E 0E00           00378         MOVLW   0x00
000060 6EE5           00379         MOVWF   POSTDEC1
000062 0E05           00380         MOVLW   0x05
000064 6EE5           00381         MOVWF   POSTDEC1
000066 EC?? F0??      00382         CALL    _delay_ms
00006A 52E6           00383         MOVF    POSTINC1, F
00006C 52E6           00384         MOVF    POSTINC1, F
                      00385         .line   442; lib/lcd44780.c     lcd_write4bits(0x03);
00006E 0E03           00386         MOVLW   0x03
000070 6EE5           00387         MOVWF   POSTDEC1
000072 EC?? F0??      00388         CALL    _lcd_write4bits
000076 52E6           00389         MOVF    POSTINC1, F
                      00390         .line   443; lib/lcd44780.c     delay_us(150); // Wait more than 100 μs
000078 0E96           00391         MOVLW   0x96
00007A 6EE5           00392         MOVWF   POSTDEC1
00007C EC?? F0??      00393         CALL    _delay_us
000080 52E6           00394         MOVF    POSTINC1, F
                      00395         .line   445; lib/lcd44780.c     lcd_write4bits(0x03);
000082 0E03           00396         MOVLW   0x03
000084 6EE5           00397         MOVWF   POSTDEC1
000086 EC?? F0??      00398         CALL    _lcd_write4bits
00008A 52E6           00399         MOVF    POSTINC1, F
                      00400         .line   446; lib/lcd44780.c     delay_us(150); // Wait more than 100 μs
00008C 0E96           00401         MOVLW   0x96
00008E 6EE5           00402         MOVWF   POSTDEC1
000090 EC?? F0??      00403         CALL    _delay_us
000094 52E6           00404         MOVF    POSTINC1, F
                      00405         .line   448; lib/lcd44780.c     lcd_write4bits(0x02);
000096 0E02           00406         MOVLW   0x02
000098 6EE5           00407         MOVWF   POSTDEC1
00009A EC?? F0??      00408         CALL    _lcd_write4bits
00009E 52E6           00409         MOVF    POSTINC1, F
0000A0 D???           00410         BRA     _00255_DS_
0000A2                00411 _00254_DS_:
                      00412         .line   455; lib/lcd44780.c     lcd_command(LCD_FUNCTIONSET | LCD_function);
0000A2 0E20           00413         MOVLW   0x20
0000A4 010?           00414         BANKSEL _LCD_function
0000A6 11??           00415         IORWF   _LCD_function, W, B
0000A8 6E??           00416         MOVWF   r0x00
0000AA 50??           00417         MOVF    r0x00, W
0000AC 6EE5           00418         MOVWF   POSTDEC1
0000AE EC?? F0??      00419         CALL    _lcd_command
0000B2 52E6           00420         MOVF    POSTINC1, F
                      00421         .line   456; lib/lcd44780.c     delay_ms(5); // Wait for more than 4.1 ms
0000B4 0E00           00422         MOVLW   0x00
0000B6 6EE5           00423         MOVWF   POSTDEC1
0000B8 0E05           00424         MOVLW   0x05
gpasm-1.5.0 #1285 (Jul 12 2020) obj/sdcc-18f2   11/12/23  13:12:33          PAGE  9


LOC    OBJECT CODE    LINE  SOURCE TEXT
  VALUE

0000BA 6EE5           00425         MOVWF   POSTDEC1
0000BC EC?? F0??      00426         CALL    _delay_ms
0000C0 52E6           00427         MOVF    POSTINC1, F
0000C2 52E6           00428         MOVF    POSTINC1, F
                      00429         .line   459; lib/lcd44780.c     lcd_command(LCD_FUNCTIONSET | LCD_function);
0000C4 0E20           00430         MOVLW   0x20
0000C6 010?           00431         BANKSEL _LCD_function
0000C8 11??           00432         IORWF   _LCD_function, W, B
0000CA 6E??           00433         MOVWF   r0x00
0000CC 50??           00434         MOVF    r0x00, W
0000CE 6EE5           00435         MOVWF   POSTDEC1
0000D0 EC?? F0??      00436         CALL    _lcd_command
0000D4 52E6           00437         MOVF    POSTINC1, F
                      00438         .line   460; lib/lcd44780.c     delay_ms(5); // Wait for more than 4.1 ms
0000D6 0E00           00439         MOVLW   0x00
0000D8 6EE5           00440         MOVWF   POSTDEC1
0000DA 0E05           00441         MOVLW   0x05
0000DC 6EE5           00442         MOVWF   POSTDEC1
0000DE EC?? F0??      00443         CALL    _delay_ms
0000E2 52E6           00444         MOVF    POSTINC1, F
0000E4 52E6           00445         MOVF    POSTINC1, F
                      00446         .line   464; lib/lcd44780.c     lcd_command(LCD_FUNCTIONSET | LCD_function);
0000E6 0E20           00447         MOVLW   0x20
0000E8 010?           00448         BANKSEL _LCD_function
0000EA 11??           00449         IORWF   _LCD_function, W, B
0000EC 6E??           00450         MOVWF   r0x00
0000EE 50??           00451         MOVF    r0x00, W
0000F0 6EE5           00452         MOVWF   POSTDEC1
0000F2 EC?? F0??      00453         CALL    _lcd_command
0000F6 52E6           00454         MOVF    POSTINC1, F
0000F8                00455 _00255_DS_:
                      00456         .line   468; lib/lcd44780.c     lcd_command(LCD_FUNCTIONSET | LCD_function);
0000F8 0E20           00457         MOVLW   0x20
0000FA 010?           00458         BANKSEL _LCD_function
0000FC 11??           00459         IORWF   _LCD_function, W, B
0000FE 6E??           00460         MOVWF   r0x00
000100 50??           00461         MOVF    r0x00, W
000102 6EE5           00462         MOVWF   POSTDEC1
000104 EC?? F0??      00463         CALL    _lcd_command
000108 52E6           00464         MOVF    POSTINC1, F
                      00465         .line   471; lib/lcd44780.c     LCD_ctrl = LCD_DISPLAYON | LCD_CURSOROFF | LCD_BLINKOFF;
00010A 0E04           00466         MOVLW   0x04
00010C 010?           00467         BANKSEL _LCD_ctrl
00010E 6F??           00468         MOVWF   _LCD_ctrl, B
                      00469         .line   472; lib/lcd44780.c     lcd_command(LCD_DISPLAYCONTROL | LCD_ctrl);
000110 0E0C           00470         MOVLW   0x0c
000112 6EE5           00471         MOVWF   POSTDEC1
000114 EC?? F0??      00472         CALL    _lcd_command
000118 52E6           00473         MOVF    POSTINC1, F
                      00474         .line   475; lib/lcd44780.c     lcd_command(LCD_CLEARDISPLAY); // clear display, set cursor posi
                            tion to zero
00011A 0E01           00475         MOVLW   0x01
00011C 6EE5           00476         MOVWF   POSTDEC1
gpasm-1.5.0 #1285 (Jul 12 2020) obj/sdcc-18f2   11/12/23  13:12:33          PAGE 10


LOC    OBJECT CODE    LINE  SOURCE TEXT
  VALUE

00011E EC?? F0??      00477         CALL    _lcd_command
000122 52E6           00478         MOVF    POSTINC1, F
                      00479         .line   476; lib/lcd44780.c     delay_ms(2);
000124 0E00           00480         MOVLW   0x00
000126 6EE5           00481         MOVWF   POSTDEC1
000128 0E02           00482         MOVLW   0x02
00012A 6EE5           00483         MOVWF   POSTDEC1
00012C EC?? F0??      00484         CALL    _delay_ms
000130 52E6           00485         MOVF    POSTINC1, F
000132 52E6           00486         MOVF    POSTINC1, F
                      00487         .line   479; lib/lcd44780.c     LCD_mode = LCD_ENTRYLEFT | LCD_ENTRYSHIFTDECREMENT;
000134 0E02           00488         MOVLW   0x02
000136 010?           00489         BANKSEL _LCD_mode
000138 6F??           00490         MOVWF   _LCD_mode, B
                      00491         .line   481; lib/lcd44780.c     lcd_command(LCD_ENTRYMODESET | LCD_mode);
00013A 0E06           00492         MOVLW   0x06
00013C 6EE5           00493         MOVWF   POSTDEC1
00013E EC?? F0??      00494         CALL    _lcd_command
000142 52E6           00495         MOVF    POSTINC1, F
                      00496         .line   482; lib/lcd44780.c     }
000144 CFE4 F000      00497         MOVFF   PREINC1, r0x01
000148 CFE4 F000      00498         MOVFF   PREINC1, r0x00
00014C CFE4 FFD9      00499         MOVFF   PREINC1, FSR2L
000150 0012           00500         RETURN  
                      00501 
                      00502 ; ; Starting pCode block
                      00503 S_lcd44780__lcd_autoscroll      code
000000                00504 _lcd_autoscroll:
                      00505         .line   397; lib/lcd44780.c     lcd_autoscroll(void) {
000000 CFD9 FFE5      00506         MOVFF   FSR2L, POSTDEC1
000004 CFE1 FFD9      00507         MOVFF   FSR1L, FSR2L
000008 C??? F???      00508         MOVFF   r0x00, POSTDEC1
00000C 010?           00509         BANKSEL _LCD_mode
                      00510         .line   398; lib/lcd44780.c     LCD_mode |= LCD_ENTRYSHIFTINCREMENT;
00000E 81??           00511         BSF     _LCD_mode, 0, B
                      00512         .line   399; lib/lcd44780.c     lcd_command(LCD_ENTRYMODESET | LCD_mode);
000010 0E04           00513         MOVLW   0x04
000012 010?           00514         BANKSEL _LCD_mode
000014 11??           00515         IORWF   _LCD_mode, W, B
000016 6E??           00516         MOVWF   r0x00
000018 50??           00517         MOVF    r0x00, W
00001A 6EE5           00518         MOVWF   POSTDEC1
00001C EC?? F0??      00519         CALL    _lcd_command
000020 52E6           00520         MOVF    POSTINC1, F
                      00521         .line   400; lib/lcd44780.c     }
000022 CFE4 F000      00522         MOVFF   PREINC1, r0x00
000026 CFE4 FFD9      00523         MOVFF   PREINC1, FSR2L
00002A 0012           00524         RETURN  
                      00525 
                      00526 ; ; Starting pCode block
                      00527 S_lcd44780__lcd_left_to_right   code
000000                00528 _lcd_left_to_right:
                      00529         .line   377; lib/lcd44780.c     lcd_left_to_right(void) {
gpasm-1.5.0 #1285 (Jul 12 2020) obj/sdcc-18f2   11/12/23  13:12:33          PAGE 11


LOC    OBJECT CODE    LINE  SOURCE TEXT
  VALUE

000000 CFD9 FFE5      00530         MOVFF   FSR2L, POSTDEC1
000004 CFE1 FFD9      00531         MOVFF   FSR1L, FSR2L
000008 C??? F???      00532         MOVFF   r0x00, POSTDEC1
00000C 010?           00533         BANKSEL _LCD_mode
                      00534         .line   378; lib/lcd44780.c     LCD_mode |= LCD_ENTRYLEFT;
00000E 83??           00535         BSF     _LCD_mode, 1, B
                      00536         .line   379; lib/lcd44780.c     lcd_command(LCD_ENTRYMODESET | LCD_mode);
000010 0E04           00537         MOVLW   0x04
000012 010?           00538         BANKSEL _LCD_mode
000014 11??           00539         IORWF   _LCD_mode, W, B
000016 6E??           00540         MOVWF   r0x00
000018 50??           00541         MOVF    r0x00, W
00001A 6EE5           00542         MOVWF   POSTDEC1
00001C EC?? F0??      00543         CALL    _lcd_command
000020 52E6           00544         MOVF    POSTINC1, F
                      00545         .line   380; lib/lcd44780.c     }
000022 CFE4 F000      00546         MOVFF   PREINC1, r0x00
000026 CFE4 FFD9      00547         MOVFF   PREINC1, FSR2L
00002A 0012           00548         RETURN  
                      00549 
                      00550 ; ; Starting pCode block
                      00551 S_lcd44780__lcd_blink   code
000000                00552 _lcd_blink:
                      00553         .line   350; lib/lcd44780.c     lcd_blink() {
000000 CFD9 FFE5      00554         MOVFF   FSR2L, POSTDEC1
000004 CFE1 FFD9      00555         MOVFF   FSR1L, FSR2L
000008 C??? F???      00556         MOVFF   r0x00, POSTDEC1
00000C 010?           00557         BANKSEL _LCD_ctrl
                      00558         .line   351; lib/lcd44780.c     LCD_ctrl |= LCD_BLINKON;
00000E 81??           00559         BSF     _LCD_ctrl, 0, B
                      00560         .line   352; lib/lcd44780.c     lcd_command(LCD_DISPLAYCONTROL | LCD_ctrl);
000010 0E08           00561         MOVLW   0x08
000012 010?           00562         BANKSEL _LCD_ctrl
000014 11??           00563         IORWF   _LCD_ctrl, W, B
000016 6E??           00564         MOVWF   r0x00
000018 50??           00565         MOVF    r0x00, W
00001A 6EE5           00566         MOVWF   POSTDEC1
00001C EC?? F0??      00567         CALL    _lcd_command
000020 52E6           00568         MOVF    POSTINC1, F
                      00569         .line   353; lib/lcd44780.c     }
000022 CFE4 F000      00570         MOVFF   PREINC1, r0x00
000026 CFE4 FFD9      00571         MOVFF   PREINC1, FSR2L
00002A 0012           00572         RETURN  
                      00573 
                      00574 ; ; Starting pCode block
                      00575 S_lcd44780__lcd_cursor  code
000000                00576 _lcd_cursor:
                      00577         .line   331; lib/lcd44780.c     lcd_cursor() {
000000 CFD9 FFE5      00578         MOVFF   FSR2L, POSTDEC1
000004 CFE1 FFD9      00579         MOVFF   FSR1L, FSR2L
000008 C??? F???      00580         MOVFF   r0x00, POSTDEC1
00000C 010?           00581         BANKSEL _LCD_ctrl
                      00582         .line   332; lib/lcd44780.c     LCD_ctrl |= LCD_CURSORON;
gpasm-1.5.0 #1285 (Jul 12 2020) obj/sdcc-18f2   11/12/23  13:12:33          PAGE 12


LOC    OBJECT CODE    LINE  SOURCE TEXT
  VALUE

00000E 83??           00583         BSF     _LCD_ctrl, 1, B
                      00584         .line   333; lib/lcd44780.c     lcd_command(LCD_DISPLAYCONTROL | LCD_ctrl);
000010 0E08           00585         MOVLW   0x08
000012 010?           00586         BANKSEL _LCD_ctrl
000014 11??           00587         IORWF   _LCD_ctrl, W, B
000016 6E??           00588         MOVWF   r0x00
000018 50??           00589         MOVF    r0x00, W
00001A 6EE5           00590         MOVWF   POSTDEC1
00001C EC?? F0??      00591         CALL    _lcd_command
000020 52E6           00592         MOVF    POSTINC1, F
                      00593         .line   334; lib/lcd44780.c     }
000022 CFE4 F000      00594         MOVFF   PREINC1, r0x00
000026 CFE4 FFD9      00595         MOVFF   PREINC1, FSR2L
00002A 0012           00596         RETURN  
                      00597 
                      00598 ; ; Starting pCode block
                      00599 S_lcd44780__lcd_no_cursor       code
000000                00600 _lcd_no_cursor:
                      00601         .line   322; lib/lcd44780.c     lcd_no_cursor() {
000000 CFD9 FFE5      00602         MOVFF   FSR2L, POSTDEC1
000004 CFE1 FFD9      00603         MOVFF   FSR1L, FSR2L
000008 C??? F???      00604         MOVFF   r0x00, POSTDEC1
00000C 010?           00605         BANKSEL _LCD_ctrl
                      00606         .line   323; lib/lcd44780.c     LCD_ctrl &= ~LCD_CURSORON;
00000E 93??           00607         BCF     _LCD_ctrl, 1, B
                      00608         .line   324; lib/lcd44780.c     lcd_command(LCD_DISPLAYCONTROL | LCD_ctrl);
000010 0E08           00609         MOVLW   0x08
000012 010?           00610         BANKSEL _LCD_ctrl
000014 11??           00611         IORWF   _LCD_ctrl, W, B
000016 6E??           00612         MOVWF   r0x00
000018 50??           00613         MOVF    r0x00, W
00001A 6EE5           00614         MOVWF   POSTDEC1
00001C EC?? F0??      00615         CALL    _lcd_command
000020 52E6           00616         MOVF    POSTINC1, F
                      00617         .line   325; lib/lcd44780.c     }
000022 CFE4 F000      00618         MOVFF   PREINC1, r0x00
000026 CFE4 FFD9      00619         MOVFF   PREINC1, FSR2L
00002A 0012           00620         RETURN  
                      00621 
                      00622 ; ; Starting pCode block
                      00623 S_lcd44780__lcd_display code
000000                00624 _lcd_display:
                      00625         .line   312; lib/lcd44780.c     lcd_display() {
000000 CFD9 FFE5      00626         MOVFF   FSR2L, POSTDEC1
000004 CFE1 FFD9      00627         MOVFF   FSR1L, FSR2L
000008 C??? F???      00628         MOVFF   r0x00, POSTDEC1
00000C 010?           00629         BANKSEL _LCD_ctrl
                      00630         .line   313; lib/lcd44780.c     LCD_ctrl |= LCD_DISPLAYON;
00000E 85??           00631         BSF     _LCD_ctrl, 2, B
                      00632         .line   314; lib/lcd44780.c     lcd_command(LCD_DISPLAYCONTROL | LCD_ctrl);
000010 0E08           00633         MOVLW   0x08
000012 010?           00634         BANKSEL _LCD_ctrl
000014 11??           00635         IORWF   _LCD_ctrl, W, B
gpasm-1.5.0 #1285 (Jul 12 2020) obj/sdcc-18f2   11/12/23  13:12:33          PAGE 13


LOC    OBJECT CODE    LINE  SOURCE TEXT
  VALUE

000016 6E??           00636         MOVWF   r0x00
000018 50??           00637         MOVF    r0x00, W
00001A 6EE5           00638         MOVWF   POSTDEC1
00001C EC?? F0??      00639         CALL    _lcd_command
000020 52E6           00640         MOVF    POSTINC1, F
                      00641         .line   315; lib/lcd44780.c     }
000022 CFE4 F000      00642         MOVFF   PREINC1, r0x00
000026 CFE4 FFD9      00643         MOVFF   PREINC1, FSR2L
00002A 0012           00644         RETURN  
                      00645 
                      00646 ; ; Starting pCode block
                      00647 S_lcd44780__lcd_clear   code
000000                00648 _lcd_clear:
                      00649         .line   292; lib/lcd44780.c     lcd_clear() {
000000 CFD9 FFE5      00650         MOVFF   FSR2L, POSTDEC1
000004 CFE1 FFD9      00651         MOVFF   FSR1L, FSR2L
                      00652         .line   293; lib/lcd44780.c     lcd_command(LCD_CLEARDISPLAY); // clear display, set cursor posi
                            tion to zero
000008 0E01           00653         MOVLW   0x01
00000A 6EE5           00654         MOVWF   POSTDEC1
00000C EC?? F0??      00655         CALL    _lcd_command
000010 52E6           00656         MOVF    POSTINC1, F
                      00657         .line   294; lib/lcd44780.c     delay_ms(2);                   // Wait for more than 4.1 ms
000012 0E00           00658         MOVLW   0x00
000014 6EE5           00659         MOVWF   POSTDEC1
000016 0E02           00660         MOVLW   0x02
000018 6EE5           00661         MOVWF   POSTDEC1
00001A EC?? F0??      00662         CALL    _delay_ms
00001E 52E6           00663         MOVF    POSTINC1, F
000020 52E6           00664         MOVF    POSTINC1, F
                      00665         .line   296; lib/lcd44780.c     }
000022 CFE4 FFD9      00666         MOVFF   PREINC1, FSR2L
000026 0012           00667         RETURN  
                      00668 
                      00669 ; ; Starting pCode block
                      00670 S_lcd44780__lcd_home    code
000000                00671 _lcd_home:
                      00672         .line   281; lib/lcd44780.c     lcd_home() {
000000 CFD9 FFE5      00673         MOVFF   FSR2L, POSTDEC1
000004 CFE1 FFD9      00674         MOVFF   FSR1L, FSR2L
                      00675         .line   282; lib/lcd44780.c     lcd_command(LCD_RETURNHOME);
000008 0E02           00676         MOVLW   0x02
00000A 6EE5           00677         MOVWF   POSTDEC1
00000C EC?? F0??      00678         CALL    _lcd_command
000010 52E6           00679         MOVF    POSTINC1, F
                      00680         .line   283; lib/lcd44780.c     delay_ms(2); // Wait for more than 4.1 ms
000012 0E00           00681         MOVLW   0x00
000014 6EE5           00682         MOVWF   POSTDEC1
000016 0E02           00683         MOVLW   0x02
000018 6EE5           00684         MOVWF   POSTDEC1
00001A EC?? F0??      00685         CALL    _delay_ms
00001E 52E6           00686         MOVF    POSTINC1, F
000020 52E6           00687         MOVF    POSTINC1, F
gpasm-1.5.0 #1285 (Jul 12 2020) obj/sdcc-18f2   11/12/23  13:12:33          PAGE 14


LOC    OBJECT CODE    LINE  SOURCE TEXT
  VALUE

                      00688         .line   285; lib/lcd44780.c     }
000022 CFE4 FFD9      00689         MOVFF   PREINC1, FSR2L
000026 0012           00690         RETURN  
                      00691 
                      00692 ; ; Starting pCode block
                      00693 S_lcd44780__lcd_print_number    code
000000                00694 _lcd_print_number:
                      00695         .line   197; lib/lcd44780.c     lcd_print_number(uint16_t n, uint8_t base, int8_t pad /*, int8_t
                             pointpos*/) {
000000 CFD9 FFE5      00696         MOVFF   FSR2L, POSTDEC1
000004 CFE1 FFD9      00697         MOVFF   FSR1L, FSR2L
000008 C??? F???      00698         MOVFF   r0x00, POSTDEC1
00000C C??? F???      00699         MOVFF   r0x01, POSTDEC1
000010 C??? F???      00700         MOVFF   r0x02, POSTDEC1
000014 C??? F???      00701         MOVFF   r0x03, POSTDEC1
000018 C??? F???      00702         MOVFF   r0x04, POSTDEC1
00001C C??? F???      00703         MOVFF   r0x05, POSTDEC1
000020 C??? F???      00704         MOVFF   r0x06, POSTDEC1
000024 C??? F???      00705         MOVFF   r0x07, POSTDEC1
000028 C??? F???      00706         MOVFF   r0x08, POSTDEC1
00002C C??? F???      00707         MOVFF   r0x09, POSTDEC1
000030 C??? F???      00708         MOVFF   r0x0a, POSTDEC1
000034 C??? F???      00709         MOVFF   r0x0b, POSTDEC1
000038 0E02           00710         MOVLW   0x02
00003A CFDB F000      00711         MOVFF   PLUSW2, r0x00
00003E 0E03           00712         MOVLW   0x03
000040 CFDB F000      00713         MOVFF   PLUSW2, r0x01
000044 0E04           00714         MOVLW   0x04
000046 CFDB F000      00715         MOVFF   PLUSW2, r0x02
00004A 0E05           00716         MOVLW   0x05
00004C CFDB F000      00717         MOVFF   PLUSW2, r0x03
                      00718         .line   201; lib/lcd44780.c     char padchar = ' ';
000050 0E20           00719         MOVLW   0x20
000052 6E??           00720         MOVWF   r0x04
                      00721         .line   203; lib/lcd44780.c     if(pad < 0) {
000054 80D8           00722         BSF     STATUS, 0
000056 AE??           00723         BTFSS   r0x03, 7
000058 90D8           00724         BCF     STATUS, 0
00005A E3??           00725         BNC     _00169_DS_
                      00726         .line   204; lib/lcd44780.c     pad = -pad;
00005C 6C??           00727         NEGF    r0x03
                      00728         .line   205; lib/lcd44780.c     padchar = '0';
00005E 0E30           00729         MOVLW   0x30
000060 6E??           00730         MOVWF   r0x04
000062                00731 _00169_DS_:
                      00732         .line   213; lib/lcd44780.c     do {
000062 6A??           00733         CLRF    r0x05
000064                00734 _00153_DS_:
                      00735         .line   217; lib/lcd44780.c     di = n % base;
000064 C??? F???      00736         MOVFF   r0x02, r0x06
000068 6A??           00737         CLRF    r0x07
00006A 50??           00738         MOVF    r0x07, W
00006C 6EE5           00739         MOVWF   POSTDEC1
gpasm-1.5.0 #1285 (Jul 12 2020) obj/sdcc-18f2   11/12/23  13:12:33          PAGE 15


LOC    OBJECT CODE    LINE  SOURCE TEXT
  VALUE

00006E 50??           00740         MOVF    r0x06, W
000070 6EE5           00741         MOVWF   POSTDEC1
000072 50??           00742         MOVF    r0x01, W
000074 6EE5           00743         MOVWF   POSTDEC1
000076 50??           00744         MOVF    r0x00, W
000078 6EE5           00745         MOVWF   POSTDEC1
00007A EC?? F0??      00746         CALL    __moduint
00007E 6E??           00747         MOVWF   r0x08
000080 CFF3 F000      00748         MOVFF   PRODL, r0x09
000084 0E04           00749         MOVLW   0x04
000086 26E1           00750         ADDWF   FSR1L, F
                      00751         .line   218; lib/lcd44780.c     buf[i++] = (di < 10 ? (uint8_t)'0' + di : (uint8_t)'A' + di - 10
                            );
000088 C??? F???      00752         MOVFF   r0x05, r0x09
00008C 2A??           00753         INCF    r0x05, F
00008E 6A??           00754         CLRF    r0x0a
000090 BE??           00755         BTFSC   r0x09, 7
000092 68??           00756         SETF    r0x0a
000094 0E??           00757         MOVLW   LOW(_lcd_print_number_buf_65536_55)
000096 26??           00758         ADDWF   r0x09, F
000098 0E??           00759         MOVLW   HIGH(_lcd_print_number_buf_65536_55)
00009A 22??           00760         ADDWFC  r0x0a, F
00009C 0E0A           00761         MOVLW   0x0a
00009E 5C??           00762         SUBWF   r0x08, W
0000A0 E2??           00763         BC      _00165_DS_
0000A2 0E30           00764         MOVLW   0x30
0000A4 24??           00765         ADDWF   r0x08, W
0000A6 6E??           00766         MOVWF   r0x0b
0000A8 D???           00767         BRA     _00166_DS_
0000AA                00768 _00165_DS_:
0000AA 0E37           00769         MOVLW   0x37
0000AC 24??           00770         ADDWF   r0x08, W
0000AE 6E??           00771         MOVWF   r0x0b
0000B0                00772 _00166_DS_:
0000B0 C??? F???      00773         MOVFF   r0x09, FSR0L
0000B4 C??? F???      00774         MOVFF   r0x0a, FSR0H
0000B8 C??? F???      00775         MOVFF   r0x0b, INDF0
                      00776         .line   220; lib/lcd44780.c     n /= base;
0000BC 50??           00777         MOVF    r0x07, W
0000BE 6EE5           00778         MOVWF   POSTDEC1
0000C0 50??           00779         MOVF    r0x06, W
0000C2 6EE5           00780         MOVWF   POSTDEC1
0000C4 50??           00781         MOVF    r0x01, W
0000C6 6EE5           00782         MOVWF   POSTDEC1
0000C8 50??           00783         MOVF    r0x00, W
0000CA 6EE5           00784         MOVWF   POSTDEC1
0000CC EC?? F0??      00785         CALL    __divuint
0000D0 6E??           00786         MOVWF   r0x00
0000D2 CFF3 F000      00787         MOVFF   PRODL, r0x01
0000D6 0E04           00788         MOVLW   0x04
0000D8 26E1           00789         ADDWF   FSR1L, F
                      00790         .line   221; lib/lcd44780.c     } while(n > 0);
0000DA 50??           00791         MOVF    r0x00, W
gpasm-1.5.0 #1285 (Jul 12 2020) obj/sdcc-18f2   11/12/23  13:12:33          PAGE 16


LOC    OBJECT CODE    LINE  SOURCE TEXT
  VALUE

0000DC 10??           00792         IORWF   r0x01, W
0000DE A4D8           00793         BTFSS   STATUS, 2
0000E0 D???           00794         BRA     _00153_DS_
                      00795         .line   223; lib/lcd44780.c     while(pad-- >= i) lcd_putch(padchar);
0000E2 C??? F???      00796         MOVFF   r0x05, r0x00
0000E6 C??? F???      00797         MOVFF   r0x03, r0x01
0000EA                00798 _00156_DS_:
0000EA 50??           00799         MOVF    r0x01, W
0000EC 0F80           00800         ADDLW   0x80
0000EE 6EF3           00801         MOVWF   PRODL
0000F0 50??           00802         MOVF    r0x00, W
0000F2 0F80           00803         ADDLW   0x80
0000F4 5CF3           00804         SUBWF   PRODL, W
0000F6 E3??           00805         BNC     _00161_DS_
0000F8 06??           00806         DECF    r0x01, F
0000FA 50??           00807         MOVF    r0x04, W
0000FC 6EE5           00808         MOVWF   POSTDEC1
0000FE EC?? F0??      00809         CALL    _lcd_putch
000102 52E6           00810         MOVF    POSTINC1, F
000104 D???           00811         BRA     _00156_DS_
000106                00812 _00161_DS_:
                      00813         .line   225; lib/lcd44780.c     for(; i > 0; i--) lcd_putch((char)buf[(int16_t)i - 1]);
000106 50??           00814         MOVF    r0x00, W
000108 0F80           00815         ADDLW   0x80
00010A 0F7F           00816         ADDLW   0x7f
00010C E3??           00817         BNC     _00163_DS_
00010E 04??           00818         DECF    r0x00, W
000110 6E??           00819         MOVWF   r0x01
000112 C??? F???      00820         MOVFF   r0x01, r0x02
000116 6A??           00821         CLRF    r0x03
000118 BE??           00822         BTFSC   r0x01, 7
00011A 68??           00823         SETF    r0x03
00011C 0E??           00824         MOVLW   LOW(_lcd_print_number_buf_65536_55)
00011E 26??           00825         ADDWF   r0x02, F
000120 0E??           00826         MOVLW   HIGH(_lcd_print_number_buf_65536_55)
000122 22??           00827         ADDWFC  r0x03, F
000124 C??? F???      00828         MOVFF   r0x02, FSR0L
000128 C??? F???      00829         MOVFF   r0x03, FSR0H
00012C CFEF F000      00830         MOVFF   INDF0, r0x02
000130 50??           00831         MOVF    r0x02, W
000132 6EE5           00832         MOVWF   POSTDEC1
000134 EC?? F0??      00833         CALL    _lcd_putch
000138 52E6           00834         MOVF    POSTINC1, F
00013A C??? F???      00835         MOVFF   r0x01, r0x00
00013E D???           00836         BRA     _00161_DS_
000140                00837 _00163_DS_:
                      00838         .line   227; lib/lcd44780.c     }
000140 CFE4 F000      00839         MOVFF   PREINC1, r0x0b
000144 CFE4 F000      00840         MOVFF   PREINC1, r0x0a
000148 CFE4 F000      00841         MOVFF   PREINC1, r0x09
00014C CFE4 F000      00842         MOVFF   PREINC1, r0x08
000150 CFE4 F000      00843         MOVFF   PREINC1, r0x07
000154 CFE4 F000      00844         MOVFF   PREINC1, r0x06
gpasm-1.5.0 #1285 (Jul 12 2020) obj/sdcc-18f2   11/12/23  13:12:33          PAGE 17


LOC    OBJECT CODE    LINE  SOURCE TEXT
  VALUE

000158 CFE4 F000      00845         MOVFF   PREINC1, r0x05
00015C CFE4 F000      00846         MOVFF   PREINC1, r0x04
000160 CFE4 F000      00847         MOVFF   PREINC1, r0x03
000164 CFE4 F000      00848         MOVFF   PREINC1, r0x02
000168 CFE4 F000      00849         MOVFF   PREINC1, r0x01
00016C CFE4 F000      00850         MOVFF   PREINC1, r0x00
000170 CFE4 FFD9      00851         MOVFF   PREINC1, FSR2L
000174 0012           00852         RETURN  
                      00853 
                      00854 ; ; Starting pCode block
                      00855 S_lcd44780__lcd_putch   code
000000                00856 _lcd_putch:
                      00857         .line   170; lib/lcd44780.c     lcd_putch(char value) {
000000 CFD9 FFE5      00858         MOVFF   FSR2L, POSTDEC1
000004 CFE1 FFD9      00859         MOVFF   FSR1L, FSR2L
000008 C??? F???      00860         MOVFF   r0x00, POSTDEC1
00000C 0E02           00861         MOVLW   0x02
00000E CFDB F000      00862         MOVFF   PLUSW2, r0x00
                      00863         .line   171; lib/lcd44780.c     lcd_send((unsigned char)value, HIGH);
000012 0E01           00864         MOVLW   0x01
000014 6EE5           00865         MOVWF   POSTDEC1
000016 50??           00866         MOVF    r0x00, W
000018 6EE5           00867         MOVWF   POSTDEC1
00001A EC?? F0??      00868         CALL    _lcd_send
00001E 52E6           00869         MOVF    POSTINC1, F
000020 52E6           00870         MOVF    POSTINC1, F
                      00871         .line   172; lib/lcd44780.c     }
000022 CFE4 F000      00872         MOVFF   PREINC1, r0x00
000026 CFE4 FFD9      00873         MOVFF   PREINC1, FSR2L
00002A 0012           00874         RETURN  
                      00875 
                      00876 ; ; Starting pCode block
                      00877 S_lcd44780__lcd_puts    code
000000                00878 _lcd_puts:
                      00879         .line   163; lib/lcd44780.c     lcd_puts(const char* string) {
000000 CFD9 FFE5      00880         MOVFF   FSR2L, POSTDEC1
000004 CFE1 FFD9      00881         MOVFF   FSR1L, FSR2L
000008 C??? F???      00882         MOVFF   r0x00, POSTDEC1
00000C C??? F???      00883         MOVFF   r0x01, POSTDEC1
000010 C??? F???      00884         MOVFF   r0x02, POSTDEC1
000014 C??? F???      00885         MOVFF   r0x03, POSTDEC1
000018 C??? F???      00886         MOVFF   r0x04, POSTDEC1
00001C C??? F???      00887         MOVFF   r0x05, POSTDEC1
000020 C??? F???      00888         MOVFF   r0x06, POSTDEC1
000024 0E02           00889         MOVLW   0x02
000026 CFDB F000      00890         MOVFF   PLUSW2, r0x00
00002A 0E03           00891         MOVLW   0x03
00002C CFDB F000      00892         MOVFF   PLUSW2, r0x01
000030 0E04           00893         MOVLW   0x04
000032 CFDB F000      00894         MOVFF   PLUSW2, r0x02
                      00895         .line   165; lib/lcd44780.c     for(i = 0; string[i]; i++) lcd_putch(string[i]);
000036 6A??           00896         CLRF    r0x03
000038                00897 _00139_DS_:
gpasm-1.5.0 #1285 (Jul 12 2020) obj/sdcc-18f2   11/12/23  13:12:33          PAGE 18


LOC    OBJECT CODE    LINE  SOURCE TEXT
  VALUE

000038 50??           00898         MOVF    r0x03, W
00003A 24??           00899         ADDWF   r0x00, W
00003C 6E??           00900         MOVWF   r0x04
00003E 6AE8           00901         CLRF    WREG
000040 20??           00902         ADDWFC  r0x01, W
000042 6E??           00903         MOVWF   r0x05
000044 6AE8           00904         CLRF    WREG
000046 20??           00905         ADDWFC  r0x02, W
000048 6E??           00906         MOVWF   r0x06
00004A C??? F???      00907         MOVFF   r0x04, FSR0L
00004E C??? F???      00908         MOVFF   r0x05, PRODL
000052 50??           00909         MOVF    r0x06, W
000054 EC?? F0??      00910         CALL    __gptrget1
000058 6E??           00911         MOVWF   r0x04
00005A 50??           00912         MOVF    r0x04, W
00005C E0??           00913         BZ      _00141_DS_
00005E 50??           00914         MOVF    r0x04, W
000060 6EE5           00915         MOVWF   POSTDEC1
000062 EC?? F0??      00916         CALL    _lcd_putch
000066 52E6           00917         MOVF    POSTINC1, F
000068 2A??           00918         INCF    r0x03, F
00006A D???           00919         BRA     _00139_DS_
00006C                00920 _00141_DS_:
                      00921         .line   166; lib/lcd44780.c     }
00006C CFE4 F000      00922         MOVFF   PREINC1, r0x06
000070 CFE4 F000      00923         MOVFF   PREINC1, r0x05
000074 CFE4 F000      00924         MOVFF   PREINC1, r0x04
000078 CFE4 F000      00925         MOVFF   PREINC1, r0x03
00007C CFE4 F000      00926         MOVFF   PREINC1, r0x02
000080 CFE4 F000      00927         MOVFF   PREINC1, r0x01
000084 CFE4 F000      00928         MOVFF   PREINC1, r0x00
000088 CFE4 FFD9      00929         MOVFF   PREINC1, FSR2L
00008C 0012           00930         RETURN  
                      00931 
                      00932 ; ; Starting pCode block
                      00933 S_lcd44780__lcd_gotoxy  code
000000                00934 _lcd_gotoxy:
                      00935         .line   135; lib/lcd44780.c     lcd_gotoxy(uint8_t col, uint8_t row) {
000000 CFD9 FFE5      00936         MOVFF   FSR2L, POSTDEC1
000004 CFE1 FFD9      00937         MOVFF   FSR1L, FSR2L
000008 C??? F???      00938         MOVFF   r0x00, POSTDEC1
00000C C??? F???      00939         MOVFF   r0x01, POSTDEC1
000010 C??? F???      00940         MOVFF   r0x02, POSTDEC1
000014 0E02           00941         MOVLW   0x02
000016 CFDB F000      00942         MOVFF   PLUSW2, r0x00
00001A 0E03           00943         MOVLW   0x03
00001C CFDB F000      00944         MOVFF   PLUSW2, r0x01
000020 010?           00945         BANKSEL _lcd_gotoxy_row_offsets_65536_47
                      00946         .line   137; lib/lcd44780.c     uint8_t row_offsets[] = {0x00, 0x40, 0x14, 0x54};
000022 6B??           00947         CLRF    _lcd_gotoxy_row_offsets_65536_47, B
000024 0E40           00948         MOVLW   0x40
000026 010?           00949         BANKSEL (_lcd_gotoxy_row_offsets_65536_47 + 1)
000028 6F??           00950         MOVWF   (_lcd_gotoxy_row_offsets_65536_47 + 1), B
gpasm-1.5.0 #1285 (Jul 12 2020) obj/sdcc-18f2   11/12/23  13:12:33          PAGE 19


LOC    OBJECT CODE    LINE  SOURCE TEXT
  VALUE

00002A 0E14           00951         MOVLW   0x14
00002C 010?           00952         BANKSEL (_lcd_gotoxy_row_offsets_65536_47 + 2)
00002E 6F??           00953         MOVWF   (_lcd_gotoxy_row_offsets_65536_47 + 2), B
000030 0E54           00954         MOVLW   0x54
000032 010?           00955         BANKSEL (_lcd_gotoxy_row_offsets_65536_47 + 3)
000034 6F??           00956         MOVWF   (_lcd_gotoxy_row_offsets_65536_47 + 3), B
000036 010?           00957         BANKSEL _LCD_lines
                      00958         .line   146; lib/lcd44780.c     if(LCD_lines == 1) {
000038 51??           00959         MOVF    _LCD_lines, W, B
00003A 0A01           00960         XORLW   0x01
00003C E1??           00961         BNZ     _00124_DS_
                      00962         .line   147; lib/lcd44780.c     row_offsets[1] = 0x14;
00003E 0E14           00963         MOVLW   0x14
000040 010?           00964         BANKSEL (_lcd_gotoxy_row_offsets_65536_47 + 1)
000042 6F??           00965         MOVWF   (_lcd_gotoxy_row_offsets_65536_47 + 1), B
                      00966         .line   148; lib/lcd44780.c     row_offsets[2] = 0x28;
000044 0E28           00967         MOVLW   0x28
000046 010?           00968         BANKSEL (_lcd_gotoxy_row_offsets_65536_47 + 2)
000048 6F??           00969         MOVWF   (_lcd_gotoxy_row_offsets_65536_47 + 2), B
                      00970         .line   149; lib/lcd44780.c     row_offsets[3] = 0x3C;
00004A 0E3C           00971         MOVLW   0x3c
00004C 010?           00972         BANKSEL (_lcd_gotoxy_row_offsets_65536_47 + 3)
00004E 6F??           00973         MOVWF   (_lcd_gotoxy_row_offsets_65536_47 + 3), B
000050                00974 _00124_DS_:
                      00975         .line   156; lib/lcd44780.c     lcd_command(LCD_SETDDRAMADDR | (col + row_offsets[row]));
000050 6A??           00976         CLRF    r0x02
000052 0E??           00977         MOVLW   LOW(_lcd_gotoxy_row_offsets_65536_47)
000054 26??           00978         ADDWF   r0x01, F
000056 0E??           00979         MOVLW   HIGH(_lcd_gotoxy_row_offsets_65536_47)
000058 22??           00980         ADDWFC  r0x02, F
00005A C??? F???      00981         MOVFF   r0x01, FSR0L
00005E C??? F???      00982         MOVFF   r0x02, FSR0H
000062 CFEF F000      00983         MOVFF   INDF0, r0x01
000066 50??           00984         MOVF    r0x01, W
000068 26??           00985         ADDWF   r0x00, F
00006A 8E??           00986         BSF     r0x00, 7
00006C 50??           00987         MOVF    r0x00, W
00006E 6EE5           00988         MOVWF   POSTDEC1
000070 EC?? F0??      00989         CALL    _lcd_command
000074 52E6           00990         MOVF    POSTINC1, F
                      00991         .line   157; lib/lcd44780.c     }
000076 CFE4 F000      00992         MOVFF   PREINC1, r0x02
00007A CFE4 F000      00993         MOVFF   PREINC1, r0x01
00007E CFE4 F000      00994         MOVFF   PREINC1, r0x00
000082 CFE4 FFD9      00995         MOVFF   PREINC1, FSR2L
000086 0012           00996         RETURN  
                      00997 
                      00998 ; ; Starting pCode block
                      00999 S_lcd44780__lcd_command code
000000                01000 _lcd_command:
                      01001         .line   127; lib/lcd44780.c     lcd_command(uint8_t value) {
000000 CFD9 FFE5      01002         MOVFF   FSR2L, POSTDEC1
000004 CFE1 FFD9      01003         MOVFF   FSR1L, FSR2L
gpasm-1.5.0 #1285 (Jul 12 2020) obj/sdcc-18f2   11/12/23  13:12:33          PAGE 20


LOC    OBJECT CODE    LINE  SOURCE TEXT
  VALUE

000008 C??? F???      01004         MOVFF   r0x00, POSTDEC1
00000C 0E02           01005         MOVLW   0x02
00000E CFDB F000      01006         MOVFF   PLUSW2, r0x00
                      01007         .line   128; lib/lcd44780.c     lcd_send(value, LOW);
000012 0E00           01008         MOVLW   0x00
000014 6EE5           01009         MOVWF   POSTDEC1
000016 50??           01010         MOVF    r0x00, W
000018 6EE5           01011         MOVWF   POSTDEC1
00001A EC?? F0??      01012         CALL    _lcd_send
00001E 52E6           01013         MOVF    POSTINC1, F
000020 52E6           01014         MOVF    POSTINC1, F
                      01015         .line   129; lib/lcd44780.c     }
000022 CFE4 F000      01016         MOVFF   PREINC1, r0x00
000026 CFE4 FFD9      01017         MOVFF   PREINC1, FSR2L
00002A 0012           01018         RETURN  
                      01019 
                      01020 ; ; Starting pCode block
                      01021 S_lcd44780__lcd_send    code
000000                01022 _lcd_send:
                      01023         .line   103; lib/lcd44780.c     lcd_send(uint8_t value, uint8_t mode) {
000000 CFD9 FFE5      01024         MOVFF   FSR2L, POSTDEC1
000004 CFE1 FFD9      01025         MOVFF   FSR1L, FSR2L
000008 C??? F???      01026         MOVFF   r0x00, POSTDEC1
00000C C??? F???      01027         MOVFF   r0x01, POSTDEC1
000010 0E02           01028         MOVLW   0x02
000012 CFDB F000      01029         MOVFF   PLUSW2, r0x00
000016 0E03           01030         MOVLW   0x03
000018 CFDB F000      01031         MOVFF   PLUSW2, r0x01
                      01032         .line   104; lib/lcd44780.c     if(mode) {
00001C 50??           01033         MOVF    r0x01, W
00001E E0??           01034         BZ      _00111_DS_
                      01035         .line   105; lib/lcd44780.c     RS_HIGH();
000020 84??           01036         BSF     _LATB, 2
000022 D???           01037         BRA     _00112_DS_
000024                01038 _00111_DS_:
                      01039         .line   107; lib/lcd44780.c     RS_LOW();
000024 94??           01040         BCF     _LATB, 2
000026                01041 _00112_DS_:
                      01042         .line   116; lib/lcd44780.c     lcd_write4bits(value >> 4); // Upper 4 bits first
000026 38??           01043         SWAPF   r0x00, W
000028 0B0F           01044         ANDLW   0x0f
00002A 6E??           01045         MOVWF   r0x01
00002C 50??           01046         MOVF    r0x01, W
00002E 6EE5           01047         MOVWF   POSTDEC1
000030 EC?? F0??      01048         CALL    _lcd_write4bits
000034 52E6           01049         MOVF    POSTINC1, F
                      01050         .line   117; lib/lcd44780.c     lcd_write4bits(value);      // Lower 4 bits second
000036 50??           01051         MOVF    r0x00, W
000038 6EE5           01052         MOVWF   POSTDEC1
00003A EC?? F0??      01053         CALL    _lcd_write4bits
00003E 52E6           01054         MOVF    POSTINC1, F
                      01055         .line   119; lib/lcd44780.c     }
000040 CFE4 F000      01056         MOVFF   PREINC1, r0x01
gpasm-1.5.0 #1285 (Jul 12 2020) obj/sdcc-18f2   11/12/23  13:12:33          PAGE 21


LOC    OBJECT CODE    LINE  SOURCE TEXT
  VALUE

000044 CFE4 F000      01057         MOVFF   PREINC1, r0x00
000048 CFE4 FFD9      01058         MOVFF   PREINC1, FSR2L
00004C 0012           01059         RETURN  
                      01060 
                      01061 ; ; Starting pCode block
                      01062 S_lcd44780__lcd_write4bits      code
000000                01063 _lcd_write4bits:
                      01064         .line   34; lib/lcd44780.c      lcd_write4bits(uint8_t value) {
000000 CFD9 FFE5      01065         MOVFF   FSR2L, POSTDEC1
000004 CFE1 FFD9      01066         MOVFF   FSR1L, FSR2L
000008 C??? F???      01067         MOVFF   r0x00, POSTDEC1
00000C C??? F???      01068         MOVFF   r0x01, POSTDEC1
000010 0E02           01069         MOVLW   0x02
000012 CFDB F000      01070         MOVFF   PLUSW2, r0x00
                      01071         .line   39; lib/lcd44780.c      OUTB &= 0b00001111;
000016 0E0F           01072         MOVLW   0x0f
000018 16??           01073         ANDWF   _LATB, F
                      01074         .line   40; lib/lcd44780.c      OUTB |= value << 4;
00001A 38??           01075         SWAPF   r0x00, W
00001C 0BF0           01076         ANDLW   0xf0
00001E 6E??           01077         MOVWF   r0x01
000020 50??           01078         MOVF    r0x01, W
000022 12??           01079         IORWF   _LATB, F
                      01080         .line   55; lib/lcd44780.c      lcd_pulse_enable();
000024 86??           01081         BSF     _LATB, 3
000026 0E04           01082         MOVLW   0x04
000028 6EE5           01083         MOVWF   POSTDEC1
00002A EC?? F0??      01084         CALL    _delay_us
00002E 52E6           01085         MOVF    POSTINC1, F
000030 96??           01086         BCF     _LATB, 3
000032 0E64           01087         MOVLW   0x64
000034 6EE5           01088         MOVWF   POSTDEC1
000036 EC?? F0??      01089         CALL    _delay_us
00003A 52E6           01090         MOVF    POSTINC1, F
                      01091         .line   60; lib/lcd44780.c      }
00003C CFE4 F000      01092         MOVFF   PREINC1, r0x01
000040 CFE4 F000      01093         MOVFF   PREINC1, r0x00
000044 CFE4 FFD9      01094         MOVFF   PREINC1, FSR2L
000048 0012           01095         RETURN  
                      01096 
                      01097 
                      01098 
                      01099 ; Statistics:
                      01100 ; code size:     1656 (0x0678) bytes ( 1.26%)
                      01101 ;                 828 (0x033c) words
                      01102 ; udata size:      40 (0x0028) bytes ( 3.12%)
                      01103 ; access size:     12 (0x000c) bytes
                      01104 
                      01105 
                      01106         end
gpasm-1.5.0 #1285 (Jul 12 2020) obj/sdcc-18f2   11/12/23  13:12:33          PAGE 22


SYMBOL TABLE
  LABEL                              TYPE        VALUE         VALUE          VALUE
                                                 (hex)         (dec)          (text)

FSR0H                             CONSTANT      00000FEA           4074
FSR0L                             CONSTANT      00000FE9           4073
FSR1L                             CONSTANT      00000FE1           4065
FSR2L                             CONSTANT      00000FD9           4057
INDF0                             CONSTANT      00000FEF           4079
PLUSW2                            CONSTANT      00000FDB           4059
POSTDEC1                          CONSTANT      00000FE5           4069
POSTINC1                          CONSTANT      00000FE6           4070
PREINC1                           CONSTANT      00000FE4           4068
PRODL                             CONSTANT      00000FF3           4083
STATUS                            CONSTANT      00000FD8           4056
WREG                              CONSTANT      00000FE8           4072
_00111_DS_                        ADDRESS       00000024             36
_00112_DS_                        ADDRESS       00000026             38
_00124_DS_                        ADDRESS       00000050             80
_00139_DS_                        ADDRESS       00000038             56
_00141_DS_                        ADDRESS       0000006C            108
_00153_DS_                        ADDRESS       00000064            100
_00156_DS_                        ADDRESS       000000EA            234
_00161_DS_                        ADDRESS       00000106            262
_00163_DS_                        ADDRESS       00000140            320
_00165_DS_                        ADDRESS       000000AA            170
_00166_DS_                        ADDRESS       000000B0            176
_00169_DS_                        ADDRESS       00000062             98
_00249_DS_                        ADDRESS       00000026             38
_00251_DS_                        ADDRESS       00000038             56
_00254_DS_                        ADDRESS       000000A2            162
_00255_DS_                        ADDRESS       000000F8            248
_00277_DS_                        ADDRESS       00000034             52
_00288_DS_                        ADDRESS       00000024             36
_00289_DS_                        ADDRESS       0000002A             42
_ADCON0                           EXTERNAL      00000000              0
_ADCON0bits                       EXTERNAL      00000000              0
_ADCON1                           EXTERNAL      00000000              0
_ADCON1bits                       EXTERNAL      00000000              0
_ADCON2                           EXTERNAL      00000000              0
_ADCON2bits                       EXTERNAL      00000000              0
_ADRES                            EXTERNAL      00000000              0
_ADRESH                           EXTERNAL      00000000              0
_ADRESL                           EXTERNAL      00000000              0
_BAUDCON                          EXTERNAL      00000000              0
_BAUDCONbits                      EXTERNAL      00000000              0
_BAUDCTL                          EXTERNAL      00000000              0
_BAUDCTLbits                      EXTERNAL      00000000              0
_BSR                              EXTERNAL      00000000              0
_CCPR1                            EXTERNAL      00000000              0
_CCPR1H                           EXTERNAL      00000000              0
_CCPR1L                           EXTERNAL      00000000              0
_CCPR2                            EXTERNAL      00000000              0
_CCPR2H                           EXTERNAL      00000000              0
_CCPR2L                           EXTERNAL      00000000              0
_CCP1CON                          EXTERNAL      00000000              0
gpasm-1.5.0 #1285 (Jul 12 2020) obj/sdcc-18f2   11/12/23  13:12:33          PAGE 23


SYMBOL TABLE
  LABEL                              TYPE        VALUE         VALUE          VALUE
                                                 (hex)         (dec)          (text)

_CCP1CONbits                      EXTERNAL      00000000              0
_CCP2CON                          EXTERNAL      00000000              0
_CCP2CONbits                      EXTERNAL      00000000              0
_CMCON                            EXTERNAL      00000000              0
_CMCONbits                        EXTERNAL      00000000              0
_CVRCON                           EXTERNAL      00000000              0
_CVRCONbits                       EXTERNAL      00000000              0
_DDRA                             EXTERNAL      00000000              0
_DDRAbits                         EXTERNAL      00000000              0
_DDRB                             EXTERNAL      00000000              0
_DDRBbits                         EXTERNAL      00000000              0
_DDRC                             EXTERNAL      00000000              0
_DDRCbits                         EXTERNAL      00000000              0
_ECCPAS                           EXTERNAL      00000000              0
_ECCPASbits                       EXTERNAL      00000000              0
_ECCP1AS                          EXTERNAL      00000000              0
_ECCP1ASbits                      EXTERNAL      00000000              0
_ECCP1DEL                         EXTERNAL      00000000              0
_ECCP1DELbits                     EXTERNAL      00000000              0
_EEADR                            EXTERNAL      00000000              0
_EECON1                           EXTERNAL      00000000              0
_EECON1bits                       EXTERNAL      00000000              0
_EECON2                           EXTERNAL      00000000              0
_EEDATA                           EXTERNAL      00000000              0
_FSR0H                            EXTERNAL      00000000              0
_FSR0L                            EXTERNAL      00000000              0
_FSR1H                            EXTERNAL      00000000              0
_FSR1L                            EXTERNAL      00000000              0
_FSR2H                            EXTERNAL      00000000              0
_FSR2L                            EXTERNAL      00000000              0
_HLVDCON                          EXTERNAL      00000000              0
_HLVDCONbits                      EXTERNAL      00000000              0
_INDF0                            EXTERNAL      00000000              0
_INDF1                            EXTERNAL      00000000              0
_INDF2                            EXTERNAL      00000000              0
_INTCON                           EXTERNAL      00000000              0
_INTCONbits                       EXTERNAL      00000000              0
_INTCON2                          EXTERNAL      00000000              0
_INTCON2bits                      EXTERNAL      00000000              0
_INTCON3                          EXTERNAL      00000000              0
_INTCON3bits                      EXTERNAL      00000000              0
_IPR1                             EXTERNAL      00000000              0
_IPR1bits                         EXTERNAL      00000000              0
_IPR2                             EXTERNAL      00000000              0
_IPR2bits                         EXTERNAL      00000000              0
_LATA                             EXTERNAL      00000000              0
_LATAbits                         EXTERNAL      00000000              0
_LATB                             EXTERNAL      00000000              0
_LATBbits                         EXTERNAL      00000000              0
_LATC                             EXTERNAL      00000000              0
_LATCbits                         EXTERNAL      00000000              0
_LCD_ctrl                         STATIC        00000000              0
gpasm-1.5.0 #1285 (Jul 12 2020) obj/sdcc-18f2   11/12/23  13:12:33          PAGE 24


SYMBOL TABLE
  LABEL                              TYPE        VALUE         VALUE          VALUE
                                                 (hex)         (dec)          (text)

_LCD_function                     STATIC        00000000              0
_LCD_lines                        STATIC        00000000              0
_LCD_mode                         STATIC        00000000              0
_LVDCON                           EXTERNAL      00000000              0
_LVDCONbits                       EXTERNAL      00000000              0
_OSCCON                           EXTERNAL      00000000              0
_OSCCONbits                       EXTERNAL      00000000              0
_OSCTUNE                          EXTERNAL      00000000              0
_OSCTUNEbits                      EXTERNAL      00000000              0
_PC                               EXTERNAL      00000000              0
_PCL                              EXTERNAL      00000000              0
_PCLATH                           EXTERNAL      00000000              0
_PCLATU                           EXTERNAL      00000000              0
_PIE1                             EXTERNAL      00000000              0
_PIE1bits                         EXTERNAL      00000000              0
_PIE2                             EXTERNAL      00000000              0
_PIE2bits                         EXTERNAL      00000000              0
_PIR1                             EXTERNAL      00000000              0
_PIR1bits                         EXTERNAL      00000000              0
_PIR2                             EXTERNAL      00000000              0
_PIR2bits                         EXTERNAL      00000000              0
_PLUSW0                           EXTERNAL      00000000              0
_PLUSW1                           EXTERNAL      00000000              0
_PLUSW2                           EXTERNAL      00000000              0
_PORTA                            EXTERNAL      00000000              0
_PORTAbits                        EXTERNAL      00000000              0
_PORTB                            EXTERNAL      00000000              0
_PORTBbits                        EXTERNAL      00000000              0
_PORTC                            EXTERNAL      00000000              0
_PORTCbits                        EXTERNAL      00000000              0
_PORTE                            EXTERNAL      00000000              0
_PORTEbits                        EXTERNAL      00000000              0
_POSTDEC0                         EXTERNAL      00000000              0
_POSTDEC1                         EXTERNAL      00000000              0
_POSTDEC2                         EXTERNAL      00000000              0
_POSTINC0                         EXTERNAL      00000000              0
_POSTINC1                         EXTERNAL      00000000              0
_POSTINC2                         EXTERNAL      00000000              0
_PREINC0                          EXTERNAL      00000000              0
_PREINC1                          EXTERNAL      00000000              0
_PREINC2                          EXTERNAL      00000000              0
_PROD                             EXTERNAL      00000000              0
_PRODH                            EXTERNAL      00000000              0
_PRODL                            EXTERNAL      00000000              0
_PR2                              EXTERNAL      00000000              0
_PWM1CON                          EXTERNAL      00000000              0
_PWM1CONbits                      EXTERNAL      00000000              0
_RCON                             EXTERNAL      00000000              0
_RCONbits                         EXTERNAL      00000000              0
_RCREG                            EXTERNAL      00000000              0
_RCSTA                            EXTERNAL      00000000              0
_RCSTAbits                        EXTERNAL      00000000              0
gpasm-1.5.0 #1285 (Jul 12 2020) obj/sdcc-18f2   11/12/23  13:12:33          PAGE 25


SYMBOL TABLE
  LABEL                              TYPE        VALUE         VALUE          VALUE
                                                 (hex)         (dec)          (text)

_SPBRG                            EXTERNAL      00000000              0
_SPBRGH                           EXTERNAL      00000000              0
_SSPADD                           EXTERNAL      00000000              0
_SSPBUF                           EXTERNAL      00000000              0
_SSPCON1                          EXTERNAL      00000000              0
_SSPCON1bits                      EXTERNAL      00000000              0
_SSPCON2                          EXTERNAL      00000000              0
_SSPCON2bits                      EXTERNAL      00000000              0
_SSPSTAT                          EXTERNAL      00000000              0
_SSPSTATbits                      EXTERNAL      00000000              0
_STATUS                           EXTERNAL      00000000              0
_STATUSbits                       EXTERNAL      00000000              0
_STKPTR                           EXTERNAL      00000000              0
_STKPTRbits                       EXTERNAL      00000000              0
_T0CON                            EXTERNAL      00000000              0
_T0CONbits                        EXTERNAL      00000000              0
_TABLAT                           EXTERNAL      00000000              0
_TBLPTR                           EXTERNAL      00000000              0
_TBLPTRH                          EXTERNAL      00000000              0
_TBLPTRL                          EXTERNAL      00000000              0
_TBLPTRU                          EXTERNAL      00000000              0
_TMR0                             EXTERNAL      00000000              0
_TMR0H                            EXTERNAL      00000000              0
_TMR0L                            EXTERNAL      00000000              0
_TMR1                             EXTERNAL      00000000              0
_TMR1H                            EXTERNAL      00000000              0
_TMR1L                            EXTERNAL      00000000              0
_TMR2                             EXTERNAL      00000000              0
_TMR3                             EXTERNAL      00000000              0
_TMR3H                            EXTERNAL      00000000              0
_TMR3L                            EXTERNAL      00000000              0
_TOS                              EXTERNAL      00000000              0
_TOSH                             EXTERNAL      00000000              0
_TOSL                             EXTERNAL      00000000              0
_TOSU                             EXTERNAL      00000000              0
_TRISA                            EXTERNAL      00000000              0
_TRISAbits                        EXTERNAL      00000000              0
_TRISB                            EXTERNAL      00000000              0
_TRISBbits                        EXTERNAL      00000000              0
_TRISC                            EXTERNAL      00000000              0
_TRISCbits                        EXTERNAL      00000000              0
_TXREG                            EXTERNAL      00000000              0
_TXSTA                            EXTERNAL      00000000              0
_TXSTAbits                        EXTERNAL      00000000              0
_T1CON                            EXTERNAL      00000000              0
_T1CONbits                        EXTERNAL      00000000              0
_T2CON                            EXTERNAL      00000000              0
_T2CONbits                        EXTERNAL      00000000              0
_T3CON                            EXTERNAL      00000000              0
_T3CONbits                        EXTERNAL      00000000              0
_WDTCON                           EXTERNAL      00000000              0
_WDTCONbits                       EXTERNAL      00000000              0
gpasm-1.5.0 #1285 (Jul 12 2020) obj/sdcc-18f2   11/12/23  13:12:33          PAGE 26


SYMBOL TABLE
  LABEL                              TYPE        VALUE         VALUE          VALUE
                                                 (hex)         (dec)          (text)

_WREG                             EXTERNAL      00000000              0
__ACC_RAM_LOW_END                 CONSTANT      0000007F            127
__ACC_RAM_LOW_START               CONSTANT      00000000              0
__ACTIVE_BANK_ADDR                VARIABLE      FFFFFFFF             -1
__ASSUMED_BANK_ADDR               VARIABLE      FFFFFFFF             -1
__BANK_0                          CONSTANT      00000000              0
__BANK_BITS                       CONSTANT      00000F00           3840
__BANK_FIRST                      CONSTANT      00000000              0
__BANK_INV                        CONSTANT      FFFFFFFF             -1
__BANK_LAST                       CONSTANT      00000F00           3840
__BANK_MASK                       CONSTANT      000000FF            255
__BANK_SHIFT                      CONSTANT      00000008              8
__BANK_SIZE                       CONSTANT      00000100            256
__BANK_1                          CONSTANT      00000100            256
__BANK_2                          CONSTANT      00000200            512
__BANK_3                          CONSTANT      00000300            768
__BANK_4                          CONSTANT      00000400           1024
__BANK_5                          CONSTANT      00000500           1280
__BANK_6                          CONSTANT      00000600           1536
__BANK_7                          CONSTANT      00000700           1792
__BANK_8                          CONSTANT      00000800           2048
__BANK_9                          CONSTANT      00000900           2304
__BANK_10                         CONSTANT      00000A00           2560
__BANK_11                         CONSTANT      00000B00           2816
__BANK_12                         CONSTANT      00000C00           3072
__BANK_13                         CONSTANT      00000D00           3328
__BANK_14                         CONSTANT      00000E00           3584
__BANK_15                         CONSTANT      00000F00           3840
__CODE_END                        CONSTANT      00007FFF          32767
__CODE_START                      CONSTANT      00000000              0
__COMMON_RAM_END                  CONSTANT      0000007F            127
__COMMON_RAM_START                CONSTANT      00000000              0
__CONFIG_END                      CONSTANT      0030000D        3145741
__CONFIG_START                    CONSTANT      00300000        3145728
__EEPROM_END                      CONSTANT      00F000FF       15728895
__EEPROM_START                    CONSTANT      00F00000       15728640
__EXTENDED                        CONSTANT      00000001              1
__GPUTILS_SVN_VERSION             CONSTANT      00000505           1285
__GPUTILS_VERSION_MAJOR           CONSTANT      00000001              1
__GPUTILS_VERSION_MICRO           CONSTANT      00000000              0
__GPUTILS_VERSION_MINOR           CONSTANT      00000005              5
__IDLOCS_END                      CONSTANT      00200007        2097159
__IDLOCS_START                    CONSTANT      00200000        2097152
__NUM_BANKS                       CONSTANT      00000010             16
__VECTOR_INT_HIGH                 CONSTANT      00000008              8
__VECTOR_INT_LOW                  CONSTANT      00000018             24
__VECTOR_RESET                    CONSTANT      00000000              0
__WHILE_LOOP_COUNT_MAX            CONSTANT      000000FF            255
__divuint                         EXTERNAL      00000000              0
__gptrget1                        EXTERNAL      00000000              0
__moduint                         EXTERNAL      00000000              0
__16_BIT                          CONSTANT      00000001              1
gpasm-1.5.0 #1285 (Jul 12 2020) obj/sdcc-18f2   11/12/23  13:12:33          PAGE 27


SYMBOL TABLE
  LABEL                              TYPE        VALUE         VALUE          VALUE
                                                 (hex)         (dec)          (text)

__18F2520                         CONSTANT      00000001              1
_delay_ms                         EXTERNAL      00000000              0
_delay_us                         EXTERNAL      00000000              0
_dvar                             EXTERNAL      00000000              0
_lcd_autoscroll                   GLOBAL        00000000              0
_lcd_begin                        GLOBAL        00000000              0
_lcd_blink                        GLOBAL        00000000              0
_lcd_clear                        GLOBAL        00000000              0
_lcd_command                      ADDRESS       00000000              0
_lcd_cursor                       GLOBAL        00000000              0
_lcd_display                      GLOBAL        00000000              0
_lcd_gotoxy                       GLOBAL        00000000              0
_lcd_gotoxy_row_offsets_65536_47  STATIC        00000000              0
_lcd_home                         GLOBAL        00000000              0
_lcd_init                         GLOBAL        00000000              0
_lcd_left_to_right                GLOBAL        00000000              0
_lcd_no_cursor                    GLOBAL        00000000              0
_lcd_print_number                 GLOBAL        00000000              0
_lcd_print_number_buf_65536_55    STATIC        00000000              0
_lcd_putch                        GLOBAL        00000000              0
_lcd_puts                         GLOBAL        00000000              0
_lcd_send                         GLOBAL        00000000              0
_lcd_write4bits                   ADDRESS       00000000              0
_stdin                            EXTERNAL      00000000              0
_stdout                           EXTERNAL      00000000              0
r0x00                             STATIC        00000000              0
r0x01                             STATIC        00000001              1
r0x02                             STATIC        00000002              2
r0x03                             STATIC        00000003              3
r0x04                             STATIC        00000004              4
r0x05                             STATIC        00000005              5
r0x06                             STATIC        00000006              6
r0x07                             STATIC        00000007              7
r0x08                             STATIC        00000008              8
r0x09                             STATIC        00000009              9
r0x0a                             STATIC        0000000A             10
r0x0b                             STATIC        0000000B             11

Errors   :     0
Warnings :     0 reported,     0 suppressed
Messages :     0 reported,     0 suppressed

