gpasm-1.5.0 #1285 (Jul 12 2020) obj/sdcc-18f2   11/12/23  13:12:33          PAGE  1


LOC    OBJECT CODE    LINE  SOURCE TEXT
  VALUE

                      00001 ;--------------------------------------------------------
                      00002 ; File Created by SDCC : free open source ANSI-C Compiler
                      00003 ; Version 4.2.0 #13081 (Linux)
                      00004 ;--------------------------------------------------------
                      00005 ; PIC16 port for the Microchip 16-bit core micros
                      00006 ;--------------------------------------------------------
                      00007 
                      00008         .ident "SDCC version 4.2.0 #13081 [pic16 port]"
                      00009         .file   "src/print.c"
                      00010         list    p=18f2520
                      00011         radix   dec
                      00012 
                      00013 
                      00014 ;--------------------------------------------------------
                      00015 ; public variables in this module
                      00016 ;--------------------------------------------------------
  0000                00017         global  _print_digit
  0000                00018         global  _print_unit
  0000                00019         global  _print_reading
  0000                00020         global  _print_indicator
  0000                00021         global  _output_putch
  0000                00022         global  _put_str
  0000                00023         global  _print_buffer
  0000                00024         global  _lcd_put
                      00025 
                      00026 ;--------------------------------------------------------
                      00027 ; extern variables in this module
                      00028 ;--------------------------------------------------------
  0000                00029         extern  __gptrget1
  0000                00030         extern  _buffer
  0000                00031         extern  _PORTAbits
  0000                00032         extern  _PORTBbits
  0000                00033         extern  _PORTCbits
  0000                00034         extern  _PORTEbits
  0000                00035         extern  _LATAbits
  0000                00036         extern  _LATBbits
  0000                00037         extern  _LATCbits
  0000                00038         extern  _DDRAbits
  0000                00039         extern  _TRISAbits
  0000                00040         extern  _DDRBbits
  0000                00041         extern  _TRISBbits
  0000                00042         extern  _DDRCbits
  0000                00043         extern  _TRISCbits
  0000                00044         extern  _OSCTUNEbits
  0000                00045         extern  _PIE1bits
  0000                00046         extern  _PIR1bits
  0000                00047         extern  _IPR1bits
  0000                00048         extern  _PIE2bits
  0000                00049         extern  _PIR2bits
  0000                00050         extern  _IPR2bits
  0000                00051         extern  _EECON1bits
  0000                00052         extern  _RCSTAbits
  0000                00053         extern  _TXSTAbits
gpasm-1.5.0 #1285 (Jul 12 2020) obj/sdcc-18f2   11/12/23  13:12:33          PAGE  2


LOC    OBJECT CODE    LINE  SOURCE TEXT
  VALUE

  0000                00054         extern  _T3CONbits
  0000                00055         extern  _CMCONbits
  0000                00056         extern  _CVRCONbits
  0000                00057         extern  _ECCP1ASbits
  0000                00058         extern  _ECCPASbits
  0000                00059         extern  _ECCP1DELbits
  0000                00060         extern  _PWM1CONbits
  0000                00061         extern  _BAUDCONbits
  0000                00062         extern  _BAUDCTLbits
  0000                00063         extern  _CCP2CONbits
  0000                00064         extern  _CCP1CONbits
  0000                00065         extern  _ADCON2bits
  0000                00066         extern  _ADCON1bits
  0000                00067         extern  _ADCON0bits
  0000                00068         extern  _SSPCON2bits
  0000                00069         extern  _SSPCON1bits
  0000                00070         extern  _SSPSTATbits
  0000                00071         extern  _T2CONbits
  0000                00072         extern  _T1CONbits
  0000                00073         extern  _RCONbits
  0000                00074         extern  _WDTCONbits
  0000                00075         extern  _HLVDCONbits
  0000                00076         extern  _LVDCONbits
  0000                00077         extern  _OSCCONbits
  0000                00078         extern  _T0CONbits
  0000                00079         extern  _STATUSbits
  0000                00080         extern  _INTCON3bits
  0000                00081         extern  _INTCON2bits
  0000                00082         extern  _INTCONbits
  0000                00083         extern  _STKPTRbits
  0000                00084         extern  _ser_rxfifo
  0000                00085         extern  _ser_rxiptr
  0000                00086         extern  _ser_rxoptr
  0000                00087         extern  _ser_txfifo
  0000                00088         extern  _ser_txiptr
  0000                00089         extern  _ser_txoptr
  0000                00090         extern  _ser_tmp
  0000                00091         extern  _ser_brg
  0000                00092         extern  _PORTA
  0000                00093         extern  _PORTB
  0000                00094         extern  _PORTC
  0000                00095         extern  _PORTE
  0000                00096         extern  _LATA
  0000                00097         extern  _LATB
  0000                00098         extern  _LATC
  0000                00099         extern  _DDRA
  0000                00100         extern  _TRISA
  0000                00101         extern  _DDRB
  0000                00102         extern  _TRISB
  0000                00103         extern  _DDRC
  0000                00104         extern  _TRISC
  0000                00105         extern  _OSCTUNE
  0000                00106         extern  _PIE1
gpasm-1.5.0 #1285 (Jul 12 2020) obj/sdcc-18f2   11/12/23  13:12:33          PAGE  3


LOC    OBJECT CODE    LINE  SOURCE TEXT
  VALUE

  0000                00107         extern  _PIR1
  0000                00108         extern  _IPR1
  0000                00109         extern  _PIE2
  0000                00110         extern  _PIR2
  0000                00111         extern  _IPR2
  0000                00112         extern  _EECON1
  0000                00113         extern  _EECON2
  0000                00114         extern  _EEDATA
  0000                00115         extern  _EEADR
  0000                00116         extern  _RCSTA
  0000                00117         extern  _TXSTA
  0000                00118         extern  _TXREG
  0000                00119         extern  _RCREG
  0000                00120         extern  _SPBRG
  0000                00121         extern  _SPBRGH
  0000                00122         extern  _T3CON
  0000                00123         extern  _TMR3
  0000                00124         extern  _TMR3L
  0000                00125         extern  _TMR3H
  0000                00126         extern  _CMCON
  0000                00127         extern  _CVRCON
  0000                00128         extern  _ECCP1AS
  0000                00129         extern  _ECCPAS
  0000                00130         extern  _ECCP1DEL
  0000                00131         extern  _PWM1CON
  0000                00132         extern  _BAUDCON
  0000                00133         extern  _BAUDCTL
  0000                00134         extern  _CCP2CON
  0000                00135         extern  _CCPR2
  0000                00136         extern  _CCPR2L
  0000                00137         extern  _CCPR2H
  0000                00138         extern  _CCP1CON
  0000                00139         extern  _CCPR1
  0000                00140         extern  _CCPR1L
  0000                00141         extern  _CCPR1H
  0000                00142         extern  _ADCON2
  0000                00143         extern  _ADCON1
  0000                00144         extern  _ADCON0
  0000                00145         extern  _ADRES
  0000                00146         extern  _ADRESL
  0000                00147         extern  _ADRESH
  0000                00148         extern  _SSPCON2
  0000                00149         extern  _SSPCON1
  0000                00150         extern  _SSPSTAT
  0000                00151         extern  _SSPADD
  0000                00152         extern  _SSPBUF
  0000                00153         extern  _T2CON
  0000                00154         extern  _PR2
  0000                00155         extern  _TMR2
  0000                00156         extern  _T1CON
  0000                00157         extern  _TMR1
  0000                00158         extern  _TMR1L
  0000                00159         extern  _TMR1H
gpasm-1.5.0 #1285 (Jul 12 2020) obj/sdcc-18f2   11/12/23  13:12:33          PAGE  4


LOC    OBJECT CODE    LINE  SOURCE TEXT
  VALUE

  0000                00160         extern  _RCON
  0000                00161         extern  _WDTCON
  0000                00162         extern  _HLVDCON
  0000                00163         extern  _LVDCON
  0000                00164         extern  _OSCCON
  0000                00165         extern  _T0CON
  0000                00166         extern  _TMR0
  0000                00167         extern  _TMR0L
  0000                00168         extern  _TMR0H
  0000                00169         extern  _STATUS
  0000                00170         extern  _FSR2L
  0000                00171         extern  _FSR2H
  0000                00172         extern  _PLUSW2
  0000                00173         extern  _PREINC2
  0000                00174         extern  _POSTDEC2
  0000                00175         extern  _POSTINC2
  0000                00176         extern  _INDF2
  0000                00177         extern  _BSR
  0000                00178         extern  _FSR1L
  0000                00179         extern  _FSR1H
  0000                00180         extern  _PLUSW1
  0000                00181         extern  _PREINC1
  0000                00182         extern  _POSTDEC1
  0000                00183         extern  _POSTINC1
  0000                00184         extern  _INDF1
  0000                00185         extern  _WREG
  0000                00186         extern  _FSR0L
  0000                00187         extern  _FSR0H
  0000                00188         extern  _PLUSW0
  0000                00189         extern  _PREINC0
  0000                00190         extern  _POSTDEC0
  0000                00191         extern  _POSTINC0
  0000                00192         extern  _INDF0
  0000                00193         extern  _INTCON3
  0000                00194         extern  _INTCON2
  0000                00195         extern  _INTCON
  0000                00196         extern  _PROD
  0000                00197         extern  _PRODL
  0000                00198         extern  _PRODH
  0000                00199         extern  _TABLAT
  0000                00200         extern  _TBLPTR
  0000                00201         extern  _TBLPTRL
  0000                00202         extern  _TBLPTRH
  0000                00203         extern  _TBLPTRU
  0000                00204         extern  _PC
  0000                00205         extern  _PCL
  0000                00206         extern  _PCLATH
  0000                00207         extern  _PCLATU
  0000                00208         extern  _STKPTR
  0000                00209         extern  _TOS
  0000                00210         extern  _TOSL
  0000                00211         extern  _TOSH
  0000                00212         extern  _TOSU
gpasm-1.5.0 #1285 (Jul 12 2020) obj/sdcc-18f2   11/12/23  13:12:33          PAGE  5


LOC    OBJECT CODE    LINE  SOURCE TEXT
  VALUE

  0000                00213         extern  _buffer_putch
  0000                00214         extern  _lcd_puts
  0000                00215         extern  _lcd_gotoxy
  0000                00216         extern  _lcd_putch
  0000                00217         extern  _ser_putch
  0000                00218         extern  _ser_puts
  0000                00219         extern  _format_number
  0000                00220         extern  __divuint
  0000                00221         extern  __moduint
  0000                00222         extern  _logo_image
                      00223 
                      00224 ;--------------------------------------------------------
                      00225 ;       Equates to used internal registers
                      00226 ;--------------------------------------------------------
  00000FD8            00227 STATUS  equ     0xfd8
  00000FE8            00228 WREG    equ     0xfe8
  00000FE9            00229 FSR0L   equ     0xfe9
  00000FEA            00230 FSR0H   equ     0xfea
  00000FE1            00231 FSR1L   equ     0xfe1
  00000FD9            00232 FSR2L   equ     0xfd9
  00000FEF            00233 INDF0   equ     0xfef
  00000FE6            00234 POSTINC1        equ     0xfe6
  00000FE5            00235 POSTDEC1        equ     0xfe5
  00000FE4            00236 PREINC1 equ     0xfe4
  00000FDB            00237 PLUSW2  equ     0xfdb
  00000FF3            00238 PRODL   equ     0xff3
                      00239 
                      00240 
                      00241         idata
000000 00 00 00 00 00 00242 _print_unit_units_65536_50      db      LOW(___str_0), HIGH(___str_0), UPPER(___str_0), LOW(___str_1), H
                            IGH(___str_1), UPPER(___str_1), LOW(___str_2), HIGH(___str_2), UPPER(___str_2), LOW(___str_3), HIGH(___s
                            tr_3), UPPER(___str_3)
       00 00 00 00 00 
       00 00          
00000C 00 00 00 00 00 00243         db      LOW(___str_4), HIGH(___str_4), UPPER(___str_4), LOW(___str_5), HIGH(___str_5), UPPER(___
                            str_5), LOW(___str_6), HIGH(___str_6), UPPER(___str_6), LOW(___str_7), HIGH(___str_7), UPPER(___str_7)
       00 00 00 00 00 
       00 00          
                      00244 
                      00245 
                      00246 ; Internal registers
                      00247 .registers      udata_ovr       0x0000
000000                00248 r0x00   res     1
000001                00249 r0x01   res     1
000002                00250 r0x02   res     1
000003                00251 r0x03   res     1
000004                00252 r0x04   res     1
000005                00253 r0x05   res     1
000006                00254 r0x06   res     1
000007                00255 r0x07   res     1
                      00256 
                      00257 ;--------------------------------------------------------
                      00258 ; global & static initialisations
gpasm-1.5.0 #1285 (Jul 12 2020) obj/sdcc-18f2   11/12/23  13:12:33          PAGE  6


LOC    OBJECT CODE    LINE  SOURCE TEXT
  VALUE

                      00259 ;--------------------------------------------------------
                      00260 ; I code from now on!
                      00261 ; ; Starting pCode block
                      00262 S_print__print_buffer   code
000000                00263 _print_buffer:
                      00264         .line   510; src/print.c        print_buffer(void) {
000000 CFD9 FFE5      00265         MOVFF   FSR2L, POSTDEC1
000004 CFE1 FFD9      00266         MOVFF   FSR1L, FSR2L
000008 C??? F???      00267         MOVFF   r0x00, POSTDEC1
00000C C??? F???      00268         MOVFF   r0x01, POSTDEC1
000010 C??? F???      00269         MOVFF   r0x02, POSTDEC1
                      00270         .line   513; src/print.c        for(i = 0; i < buffer.n; i++) {
000014 6A??           00271         CLRF    r0x00
000016                00272 _00163_DS_:
000016 010?           00273         BANKSEL (_buffer + 16)
000018 51??           00274         MOVF    (_buffer + 16), W, B
00001A 38E8           00275         SWAPF   WREG, W
00001C 0B0F           00276         ANDLW   0x0f
00001E 6E??           00277         MOVWF   r0x01
000020 50??           00278         MOVF    r0x00, W
000022 6E??           00279         MOVWF   r0x02
000024 50??           00280         MOVF    r0x02, W
000026 0F80           00281         ADDLW   0x80
000028 6EF3           00282         MOVWF   PRODL
00002A 50??           00283         MOVF    r0x01, W
00002C 0F80           00284         ADDLW   0x80
00002E 5CF3           00285         SUBWF   PRODL, W
000030 E2??           00286         BC      _00161_DS_
                      00287         .line   514; src/print.c        ser_putch(buffer.x[i]);
000032 0E??           00288         MOVLW   LOW(_buffer)
000034 24??           00289         ADDWF   r0x00, W
000036 6E??           00290         MOVWF   r0x01
000038 6A??           00291         CLRF    r0x02
00003A 0E??           00292         MOVLW   HIGH(_buffer)
00003C 22??           00293         ADDWFC  r0x02, F
00003E C??? F???      00294         MOVFF   r0x01, FSR0L
000042 C??? F???      00295         MOVFF   r0x02, FSR0H
000046 CFEF F000      00296         MOVFF   INDF0, r0x01
00004A 50??           00297         MOVF    r0x01, W
00004C 6EE5           00298         MOVWF   POSTDEC1
00004E EC?? F0??      00299         CALL    _ser_putch
000052 52E6           00300         MOVF    POSTINC1, F
                      00301         .line   513; src/print.c        for(i = 0; i < buffer.n; i++) {
000054 2A??           00302         INCF    r0x00, F
000056 D???           00303         BRA     _00163_DS_
000058                00304 _00161_DS_:
                      00305         .line   516; src/print.c        ser_puts("\r\n");
000058 0E??           00306         MOVLW   UPPER(___str_11)
00005A 6E??           00307         MOVWF   r0x02
00005C 0E??           00308         MOVLW   HIGH(___str_11)
00005E 6E??           00309         MOVWF   r0x01
000060 0E??           00310         MOVLW   LOW(___str_11)
000062 6E??           00311         MOVWF   r0x00
gpasm-1.5.0 #1285 (Jul 12 2020) obj/sdcc-18f2   11/12/23  13:12:33          PAGE  7


LOC    OBJECT CODE    LINE  SOURCE TEXT
  VALUE

000064 50??           00312         MOVF    r0x02, W
000066 6EE5           00313         MOVWF   POSTDEC1
000068 50??           00314         MOVF    r0x01, W
00006A 6EE5           00315         MOVWF   POSTDEC1
00006C 50??           00316         MOVF    r0x00, W
00006E 6EE5           00317         MOVWF   POSTDEC1
000070 EC?? F0??      00318         CALL    _ser_puts
000074 0E03           00319         MOVLW   0x03
000076 26E1           00320         ADDWF   FSR1L, F
                      00321         .line   518; src/print.c        }
000078 CFE4 F000      00322         MOVFF   PREINC1, r0x02
00007C CFE4 F000      00323         MOVFF   PREINC1, r0x01
000080 CFE4 F000      00324         MOVFF   PREINC1, r0x00
000084 CFE4 FFD9      00325         MOVFF   PREINC1, FSR2L
000088 0012           00326         RETURN  
                      00327 
                      00328 ; ; Starting pCode block
                      00329 S_print__put_str        code
000000                00330 _put_str:
                      00331         .line   501; src/print.c        put_str(const char* s) {
000000 CFD9 FFE5      00332         MOVFF   FSR2L, POSTDEC1
000004 CFE1 FFD9      00333         MOVFF   FSR1L, FSR2L
000008 C??? F???      00334         MOVFF   r0x00, POSTDEC1
00000C C??? F???      00335         MOVFF   r0x01, POSTDEC1
000010 C??? F???      00336         MOVFF   r0x02, POSTDEC1
000014 C??? F???      00337         MOVFF   r0x03, POSTDEC1
000018 C??? F???      00338         MOVFF   r0x04, POSTDEC1
00001C C??? F???      00339         MOVFF   r0x05, POSTDEC1
000020 C??? F???      00340         MOVFF   r0x06, POSTDEC1
000024 C??? F???      00341         MOVFF   r0x07, POSTDEC1
000028 0E02           00342         MOVLW   0x02
00002A CFDB F000      00343         MOVFF   PLUSW2, r0x00
00002E 0E03           00344         MOVLW   0x03
000030 CFDB F000      00345         MOVFF   PLUSW2, r0x01
000034 0E04           00346         MOVLW   0x04
000036 CFDB F000      00347         MOVFF   PLUSW2, r0x02
                      00348         .line   504; src/print.c        for(i = 0; s[i]; i++) {
00003A 6A??           00349         CLRF    r0x03
00003C 6A??           00350         CLRF    r0x04
00003E                00351 _00154_DS_:
00003E 50??           00352         MOVF    r0x03, W
000040 6E??           00353         MOVWF   r0x05
000042 50??           00354         MOVF    r0x04, W
000044 6E??           00355         MOVWF   r0x06
000046 6A??           00356         CLRF    r0x07
000048 50??           00357         MOVF    r0x00, W
00004A 26??           00358         ADDWF   r0x05, F
00004C 50??           00359         MOVF    r0x01, W
00004E 22??           00360         ADDWFC  r0x06, F
000050 50??           00361         MOVF    r0x02, W
000052 22??           00362         ADDWFC  r0x07, F
000054 C??? F???      00363         MOVFF   r0x05, FSR0L
000058 C??? F???      00364         MOVFF   r0x06, PRODL
gpasm-1.5.0 #1285 (Jul 12 2020) obj/sdcc-18f2   11/12/23  13:12:33          PAGE  8


LOC    OBJECT CODE    LINE  SOURCE TEXT
  VALUE

00005C 50??           00365         MOVF    r0x07, W
00005E EC?? F0??      00366         CALL    __gptrget1
000062 6E??           00367         MOVWF   r0x05
000064 50??           00368         MOVF    r0x05, W
000066 E0??           00369         BZ      _00156_DS_
                      00370         .line   505; src/print.c        output_putch(s[i]);
000068 50??           00371         MOVF    r0x05, W
00006A 6EE5           00372         MOVWF   POSTDEC1
00006C EC?? F0??      00373         CALL    _output_putch
000070 52E6           00374         MOVF    POSTINC1, F
                      00375         .line   504; src/print.c        for(i = 0; s[i]; i++) {
000072 4A??           00376         INFSNZ  r0x03, F
000074 2A??           00377         INCF    r0x04, F
000076 D???           00378         BRA     _00154_DS_
000078                00379 _00156_DS_:
                      00380         .line   507; src/print.c        }
000078 CFE4 F000      00381         MOVFF   PREINC1, r0x07
00007C CFE4 F000      00382         MOVFF   PREINC1, r0x06
000080 CFE4 F000      00383         MOVFF   PREINC1, r0x05
000084 CFE4 F000      00384         MOVFF   PREINC1, r0x04
000088 CFE4 F000      00385         MOVFF   PREINC1, r0x03
00008C CFE4 F000      00386         MOVFF   PREINC1, r0x02
000090 CFE4 F000      00387         MOVFF   PREINC1, r0x01
000094 CFE4 F000      00388         MOVFF   PREINC1, r0x00
000098 CFE4 FFD9      00389         MOVFF   PREINC1, FSR2L
00009C 0012           00390         RETURN  
                      00391 
                      00392 ; ; Starting pCode block
                      00393 S_print__output_putch   code
000000                00394 _output_putch:
                      00395         .line   488; src/print.c        output_putch(char c) {
000000 CFD9 FFE5      00396         MOVFF   FSR2L, POSTDEC1
000004 CFE1 FFD9      00397         MOVFF   FSR1L, FSR2L
000008 C??? F???      00398         MOVFF   r0x00, POSTDEC1
00000C 0E02           00399         MOVLW   0x02
00000E CFDB F000      00400         MOVFF   PLUSW2, r0x00
                      00401         .line   490; src/print.c        lcd_putch(c);
000012 50??           00402         MOVF    r0x00, W
000014 6EE5           00403         MOVWF   POSTDEC1
000016 EC?? F0??      00404         CALL    _lcd_putch
00001A 52E6           00405         MOVF    POSTINC1, F
                      00406         .line   493; src/print.c        ser_putch(c);
00001C 50??           00407         MOVF    r0x00, W
00001E 6EE5           00408         MOVWF   POSTDEC1
000020 EC?? F0??      00409         CALL    _ser_putch
000024 52E6           00410         MOVF    POSTINC1, F
                      00411         .line   495; src/print.c        }
000026 CFE4 F000      00412         MOVFF   PREINC1, r0x00
00002A CFE4 FFD9      00413         MOVFF   PREINC1, FSR2L
00002E 0012           00414         RETURN  
                      00415 
                      00416 ; ; Starting pCode block
                      00417 S_print__print_indicator        code
gpasm-1.5.0 #1285 (Jul 12 2020) obj/sdcc-18f2   11/12/23  13:12:33          PAGE  9


LOC    OBJECT CODE    LINE  SOURCE TEXT
  VALUE

000000                00418 _print_indicator:
                      00419         .line   464; src/print.c        print_indicator(uint8_t indicate) {
000000 CFD9 FFE5      00420         MOVFF   FSR2L, POSTDEC1
000004 CFE1 FFD9      00421         MOVFF   FSR1L, FSR2L
000008 C??? F???      00422         MOVFF   r0x00, POSTDEC1
00000C C??? F???      00423         MOVFF   r0x01, POSTDEC1
000010 C??? F???      00424         MOVFF   r0x02, POSTDEC1
000014 0E02           00425         MOVLW   0x02
000016 CFDB F000      00426         MOVFF   PLUSW2, r0x00
                      00427         .line   478; src/print.c        lcd_gotoxy(0, 1);
00001A 0E01           00428         MOVLW   0x01
00001C 6EE5           00429         MOVWF   POSTDEC1
00001E 0E00           00430         MOVLW   0x00
000020 6EE5           00431         MOVWF   POSTDEC1
000022 EC?? F0??      00432         CALL    _lcd_gotoxy
000026 52E6           00433         MOVF    POSTINC1, F
000028 52E6           00434         MOVF    POSTINC1, F
                      00435         .line   479; src/print.c        if(indicate) {
00002A 50??           00436         MOVF    r0x00, W
00002C E0??           00437         BZ      _00140_DS_
                      00438         .line   480; src/print.c        lcd_puts("-*-");
00002E 0E??           00439         MOVLW   UPPER(___str_9)
000030 6E??           00440         MOVWF   r0x02
000032 0E??           00441         MOVLW   HIGH(___str_9)
000034 6E??           00442         MOVWF   r0x01
000036 0E??           00443         MOVLW   LOW(___str_9)
000038 6E??           00444         MOVWF   r0x00
00003A 50??           00445         MOVF    r0x02, W
00003C 6EE5           00446         MOVWF   POSTDEC1
00003E 50??           00447         MOVF    r0x01, W
000040 6EE5           00448         MOVWF   POSTDEC1
000042 50??           00449         MOVF    r0x00, W
000044 6EE5           00450         MOVWF   POSTDEC1
000046 EC?? F0??      00451         CALL    _lcd_puts
00004A 0E03           00452         MOVLW   0x03
00004C 26E1           00453         ADDWF   FSR1L, F
00004E D???           00454         BRA     _00142_DS_
000050                00455 _00140_DS_:
                      00456         .line   482; src/print.c        lcd_puts("   ");
000050 0E??           00457         MOVLW   UPPER(___str_10)
000052 6E??           00458         MOVWF   r0x02
000054 0E??           00459         MOVLW   HIGH(___str_10)
000056 6E??           00460         MOVWF   r0x01
000058 0E??           00461         MOVLW   LOW(___str_10)
00005A 6E??           00462         MOVWF   r0x00
00005C 50??           00463         MOVF    r0x02, W
00005E 6EE5           00464         MOVWF   POSTDEC1
000060 50??           00465         MOVF    r0x01, W
000062 6EE5           00466         MOVWF   POSTDEC1
000064 50??           00467         MOVF    r0x00, W
000066 6EE5           00468         MOVWF   POSTDEC1
000068 EC?? F0??      00469         CALL    _lcd_puts
00006C 0E03           00470         MOVLW   0x03
gpasm-1.5.0 #1285 (Jul 12 2020) obj/sdcc-18f2   11/12/23  13:12:33          PAGE 10


LOC    OBJECT CODE    LINE  SOURCE TEXT
  VALUE

00006E 26E1           00471         ADDWF   FSR1L, F
000070                00472 _00142_DS_:
                      00473         .line   485; src/print.c        }
000070 CFE4 F000      00474         MOVFF   PREINC1, r0x02
000074 CFE4 F000      00475         MOVFF   PREINC1, r0x01
000078 CFE4 F000      00476         MOVFF   PREINC1, r0x00
00007C CFE4 FFD9      00477         MOVFF   PREINC1, FSR2L
000080 0012           00478         RETURN  
                      00479 
                      00480 ; ; Starting pCode block
                      00481 S_print__print_reading  code
000000                00482 _print_reading:
                      00483         .line   424; src/print.c        print_reading(uint16_t measurement) {
000000 CFD9 FFE5      00484         MOVFF   FSR2L, POSTDEC1
000004 CFE1 FFD9      00485         MOVFF   FSR1L, FSR2L
000008 C??? F???      00486         MOVFF   r0x00, POSTDEC1
00000C C??? F???      00487         MOVFF   r0x01, POSTDEC1
000010 C??? F???      00488         MOVFF   r0x02, POSTDEC1
000014 C??? F???      00489         MOVFF   r0x03, POSTDEC1
000018 C??? F???      00490         MOVFF   r0x04, POSTDEC1
00001C 0E02           00491         MOVLW   0x02
00001E CFDB F000      00492         MOVFF   PLUSW2, r0x00
000022 0E03           00493         MOVLW   0x03
000024 CFDB F000      00494         MOVFF   PLUSW2, r0x01
                      00495         .line   451; src/print.c        lcd_gotoxy(9, 0);
000028 0E00           00496         MOVLW   0x00
00002A 6EE5           00497         MOVWF   POSTDEC1
00002C 0E09           00498         MOVLW   0x09
00002E 6EE5           00499         MOVWF   POSTDEC1
000030 EC?? F0??      00500         CALL    _lcd_gotoxy
000034 52E6           00501         MOVF    POSTINC1, F
000036 52E6           00502         MOVF    POSTINC1, F
                      00503         .line   452; src/print.c        lcd_puts("     ");
000038 0E??           00504         MOVLW   UPPER(___str_8)
00003A 6E??           00505         MOVWF   r0x04
00003C 0E??           00506         MOVLW   HIGH(___str_8)
00003E 6E??           00507         MOVWF   r0x03
000040 0E??           00508         MOVLW   LOW(___str_8)
000042 6E??           00509         MOVWF   r0x02
000044 50??           00510         MOVF    r0x04, W
000046 6EE5           00511         MOVWF   POSTDEC1
000048 50??           00512         MOVF    r0x03, W
00004A 6EE5           00513         MOVWF   POSTDEC1
00004C 50??           00514         MOVF    r0x02, W
00004E 6EE5           00515         MOVWF   POSTDEC1
000050 EC?? F0??      00516         CALL    _lcd_puts
000054 0E03           00517         MOVLW   0x03
000056 26E1           00518         ADDWF   FSR1L, F
                      00519         .line   453; src/print.c        lcd_gotoxy(9, 0);
000058 0E00           00520         MOVLW   0x00
00005A 6EE5           00521         MOVWF   POSTDEC1
00005C 0E09           00522         MOVLW   0x09
00005E 6EE5           00523         MOVWF   POSTDEC1
gpasm-1.5.0 #1285 (Jul 12 2020) obj/sdcc-18f2   11/12/23  13:12:33          PAGE 11


LOC    OBJECT CODE    LINE  SOURCE TEXT
  VALUE

000060 EC?? F0??      00524         CALL    _lcd_gotoxy
000064 52E6           00525         MOVF    POSTINC1, F
000066 52E6           00526         MOVF    POSTINC1, F
                      00527         .line   455; src/print.c        format_number(&buffer_putch, measurement / 100, 10, 0);
000068 0E00           00528         MOVLW   0x00
00006A 6EE5           00529         MOVWF   POSTDEC1
00006C 0E64           00530         MOVLW   0x64
00006E 6EE5           00531         MOVWF   POSTDEC1
000070 50??           00532         MOVF    r0x01, W
000072 6EE5           00533         MOVWF   POSTDEC1
000074 50??           00534         MOVF    r0x00, W
000076 6EE5           00535         MOVWF   POSTDEC1
000078 EC?? F0??      00536         CALL    __divuint
00007C 6E??           00537         MOVWF   r0x02
00007E CFF3 F000      00538         MOVFF   PRODL, r0x03
000082 0E04           00539         MOVLW   0x04
000084 26E1           00540         ADDWF   FSR1L, F
000086 0E00           00541         MOVLW   0x00
000088 6EE5           00542         MOVWF   POSTDEC1
00008A 0E0A           00543         MOVLW   0x0a
00008C 6EE5           00544         MOVWF   POSTDEC1
00008E 50??           00545         MOVF    r0x03, W
000090 6EE5           00546         MOVWF   POSTDEC1
000092 50??           00547         MOVF    r0x02, W
000094 6EE5           00548         MOVWF   POSTDEC1
000096 0E??           00549         MOVLW   UPPER(_buffer_putch)
000098 6EE5           00550         MOVWF   POSTDEC1
00009A 0E??           00551         MOVLW   HIGH(_buffer_putch)
00009C 6EE5           00552         MOVWF   POSTDEC1
00009E 0E??           00553         MOVLW   LOW(_buffer_putch)
0000A0 6EE5           00554         MOVWF   POSTDEC1
0000A2 EC?? F0??      00555         CALL    _format_number
0000A6 0E07           00556         MOVLW   0x07
0000A8 26E1           00557         ADDWF   FSR1L, F
                      00558         .line   457; src/print.c        format_number(&buffer_putch, measurement % 100, 10, 0);
0000AA 0E00           00559         MOVLW   0x00
0000AC 6EE5           00560         MOVWF   POSTDEC1
0000AE 0E64           00561         MOVLW   0x64
0000B0 6EE5           00562         MOVWF   POSTDEC1
0000B2 50??           00563         MOVF    r0x01, W
0000B4 6EE5           00564         MOVWF   POSTDEC1
0000B6 50??           00565         MOVF    r0x00, W
0000B8 6EE5           00566         MOVWF   POSTDEC1
0000BA EC?? F0??      00567         CALL    __moduint
0000BE 6E??           00568         MOVWF   r0x00
0000C0 CFF3 F000      00569         MOVFF   PRODL, r0x01
0000C4 0E04           00570         MOVLW   0x04
0000C6 26E1           00571         ADDWF   FSR1L, F
0000C8 0E00           00572         MOVLW   0x00
0000CA 6EE5           00573         MOVWF   POSTDEC1
0000CC 0E0A           00574         MOVLW   0x0a
0000CE 6EE5           00575         MOVWF   POSTDEC1
0000D0 50??           00576         MOVF    r0x01, W
gpasm-1.5.0 #1285 (Jul 12 2020) obj/sdcc-18f2   11/12/23  13:12:33          PAGE 12


LOC    OBJECT CODE    LINE  SOURCE TEXT
  VALUE

0000D2 6EE5           00577         MOVWF   POSTDEC1
0000D4 50??           00578         MOVF    r0x00, W
0000D6 6EE5           00579         MOVWF   POSTDEC1
0000D8 0E??           00580         MOVLW   UPPER(_buffer_putch)
0000DA 6EE5           00581         MOVWF   POSTDEC1
0000DC 0E??           00582         MOVLW   HIGH(_buffer_putch)
0000DE 6EE5           00583         MOVWF   POSTDEC1
0000E0 0E??           00584         MOVLW   LOW(_buffer_putch)
0000E2 6EE5           00585         MOVWF   POSTDEC1
0000E4 EC?? F0??      00586         CALL    _format_number
0000E8 0E07           00587         MOVLW   0x07
0000EA 26E1           00588         ADDWF   FSR1L, F
                      00589         .line   460; src/print.c        }
0000EC CFE4 F000      00590         MOVFF   PREINC1, r0x04
0000F0 CFE4 F000      00591         MOVFF   PREINC1, r0x03
0000F4 CFE4 F000      00592         MOVFF   PREINC1, r0x02
0000F8 CFE4 F000      00593         MOVFF   PREINC1, r0x01
0000FC CFE4 F000      00594         MOVFF   PREINC1, r0x00
000100 CFE4 FFD9      00595         MOVFF   PREINC1, FSR2L
000104 0012           00596         RETURN  
                      00597 
                      00598 ; ; Starting pCode block
                      00599 S_print__print_unit     code
000000                00600 _print_unit:
                      00601         .line   401; src/print.c        print_unit(uint8_t unit) {
000000 CFD9 FFE5      00602         MOVFF   FSR2L, POSTDEC1
000004 CFE1 FFD9      00603         MOVFF   FSR1L, FSR2L
000008 C??? F???      00604         MOVFF   r0x00, POSTDEC1
00000C C??? F???      00605         MOVFF   r0x01, POSTDEC1
                      00606         .line   410; src/print.c        lcd_gotoxy(14, 0);
000010 0E00           00607         MOVLW   0x00
000012 6EE5           00608         MOVWF   POSTDEC1
000014 0E0E           00609         MOVLW   0x0e
000016 6EE5           00610         MOVWF   POSTDEC1
000018 EC?? F0??      00611         CALL    _lcd_gotoxy
00001C 52E6           00612         MOVF    POSTINC1, F
00001E 52E6           00613         MOVF    POSTINC1, F
000020 010?           00614         BANKSEL (_buffer + 16)
                      00615         .line   414; src/print.c        lcd_gotoxy(16 - BUFFER_LEN(), 0);
000022 51??           00616         MOVF    (_buffer + 16), W, B
000024 38E8           00617         SWAPF   WREG, W
000026 0B0F           00618         ANDLW   0x0f
000028 6E??           00619         MOVWF   r0x00
00002A 010?           00620         BANKSEL (_buffer + 16)
00002C 51??           00621         MOVF    (_buffer + 16), W, B
00002E 0B0F           00622         ANDLW   0x0f
000030 6E??           00623         MOVWF   r0x01
000032 50??           00624         MOVF    r0x01, W
000034 5E??           00625         SUBWF   r0x00, F
000036 50??           00626         MOVF    r0x00, W
000038 0810           00627         SUBLW   0x10
00003A 6E??           00628         MOVWF   r0x00
00003C 0E00           00629         MOVLW   0x00
gpasm-1.5.0 #1285 (Jul 12 2020) obj/sdcc-18f2   11/12/23  13:12:33          PAGE 13


LOC    OBJECT CODE    LINE  SOURCE TEXT
  VALUE

00003E 6EE5           00630         MOVWF   POSTDEC1
000040 50??           00631         MOVF    r0x00, W
000042 6EE5           00632         MOVWF   POSTDEC1
000044 EC?? F0??      00633         CALL    _lcd_gotoxy
000048 52E6           00634         MOVF    POSTINC1, F
00004A 52E6           00635         MOVF    POSTINC1, F
                      00636         .line   421; src/print.c        }
00004C CFE4 F000      00637         MOVFF   PREINC1, r0x01
000050 CFE4 F000      00638         MOVFF   PREINC1, r0x00
000054 CFE4 FFD9      00639         MOVFF   PREINC1, FSR2L
000058 0012           00640         RETURN  
                      00641 
                      00642 ; ; Starting pCode block
                      00643 S_print__print_digit    code
000000                00644 _print_digit:
                      00645         .line   379; src/print.c        print_digit(uint8_t line, uint8_t column, uint8_t digit) {
000000 CFD9 FFE5      00646         MOVFF   FSR2L, POSTDEC1
000004 CFE1 FFD9      00647         MOVFF   FSR1L, FSR2L
000008 C??? F???      00648         MOVFF   r0x00, POSTDEC1
00000C C??? F???      00649         MOVFF   r0x01, POSTDEC1
000010 0E03           00650         MOVLW   0x03
000012 CFDB F000      00651         MOVFF   PLUSW2, r0x00
000016 0E04           00652         MOVLW   0x04
000018 CFDB F000      00653         MOVFF   PLUSW2, r0x01
                      00654         .line   394; src/print.c        lcd_gotoxy(column, /*line - 1*/ 0);
00001C 0E00           00655         MOVLW   0x00
00001E 6EE5           00656         MOVWF   POSTDEC1
000020 50??           00657         MOVF    r0x00, W
000022 6EE5           00658         MOVWF   POSTDEC1
000024 EC?? F0??      00659         CALL    _lcd_gotoxy
000028 52E6           00660         MOVF    POSTINC1, F
00002A 52E6           00661         MOVF    POSTINC1, F
                      00662         .line   395; src/print.c        lcd_putch('0' + digit);
00002C 0E30           00663         MOVLW   0x30
00002E 26??           00664         ADDWF   r0x01, F
000030 50??           00665         MOVF    r0x01, W
000032 6EE5           00666         MOVWF   POSTDEC1
000034 EC?? F0??      00667         CALL    _lcd_putch
000038 52E6           00668         MOVF    POSTINC1, F
                      00669         .line   397; src/print.c        }
00003A CFE4 F000      00670         MOVFF   PREINC1, r0x01
00003E CFE4 F000      00671         MOVFF   PREINC1, r0x00
000042 CFE4 FFD9      00672         MOVFF   PREINC1, FSR2L
000046 0012           00673         RETURN  
                      00674 
                      00675 ; ; Starting pCode block
                      00676 S_print__lcd_put        code
000000                00677 _lcd_put:
                      00678         .line   23; src/print.c lcd_put(const char* buf, unsigned n) {
000000 CFD9 FFE5      00679         MOVFF   FSR2L, POSTDEC1
000004 CFE1 FFD9      00680         MOVFF   FSR1L, FSR2L
000008 C??? F???      00681         MOVFF   r0x00, POSTDEC1
00000C C??? F???      00682         MOVFF   r0x01, POSTDEC1
gpasm-1.5.0 #1285 (Jul 12 2020) obj/sdcc-18f2   11/12/23  13:12:33          PAGE 14


LOC    OBJECT CODE    LINE  SOURCE TEXT
  VALUE

000010 C??? F???      00683         MOVFF   r0x02, POSTDEC1
000014 C??? F???      00684         MOVFF   r0x03, POSTDEC1
000018 C??? F???      00685         MOVFF   r0x04, POSTDEC1
00001C C??? F???      00686         MOVFF   r0x05, POSTDEC1
000020 C??? F???      00687         MOVFF   r0x06, POSTDEC1
000024 0E02           00688         MOVLW   0x02
000026 CFDB F000      00689         MOVFF   PLUSW2, r0x00
00002A 0E03           00690         MOVLW   0x03
00002C CFDB F000      00691         MOVFF   PLUSW2, r0x01
000030 0E04           00692         MOVLW   0x04
000032 CFDB F000      00693         MOVFF   PLUSW2, r0x02
000036 0E05           00694         MOVLW   0x05
000038 CFDB F000      00695         MOVFF   PLUSW2, r0x03
00003C 0E06           00696         MOVLW   0x06
00003E CFDB F000      00697         MOVFF   PLUSW2, r0x04
000042                00698 _00105_DS_:
                      00699         .line   26; src/print.c while(n--) lcd_putch(*buf++);
000042 C??? F???      00700         MOVFF   r0x03, r0x05
000046 C??? F???      00701         MOVFF   r0x04, r0x06
00004A 0EFF           00702         MOVLW   0xff
00004C 26??           00703         ADDWF   r0x03, F
00004E 22??           00704         ADDWFC  r0x04, F
000050 50??           00705         MOVF    r0x05, W
000052 10??           00706         IORWF   r0x06, W
000054 E0??           00707         BZ      _00108_DS_
000056 C??? F???      00708         MOVFF   r0x00, FSR0L
00005A C??? F???      00709         MOVFF   r0x01, PRODL
00005E 50??           00710         MOVF    r0x02, W
000060 EC?? F0??      00711         CALL    __gptrget1
000064 6E??           00712         MOVWF   r0x05
000066 2A??           00713         INCF    r0x00, F
000068 E3??           00714         BNC     _00119_DS_
00006A 4A??           00715         INFSNZ  r0x01, F
00006C 2A??           00716         INCF    r0x02, F
00006E                00717 _00119_DS_:
00006E 50??           00718         MOVF    r0x05, W
000070 6EE5           00719         MOVWF   POSTDEC1
000072 EC?? F0??      00720         CALL    _lcd_putch
000076 52E6           00721         MOVF    POSTINC1, F
000078 D???           00722         BRA     _00105_DS_
00007A                00723 _00108_DS_:
                      00724         .line   28; src/print.c }
00007A CFE4 F000      00725         MOVFF   PREINC1, r0x06
00007E CFE4 F000      00726         MOVFF   PREINC1, r0x05
000082 CFE4 F000      00727         MOVFF   PREINC1, r0x04
000086 CFE4 F000      00728         MOVFF   PREINC1, r0x03
00008A CFE4 F000      00729         MOVFF   PREINC1, r0x02
00008E CFE4 F000      00730         MOVFF   PREINC1, r0x01
000092 CFE4 F000      00731         MOVFF   PREINC1, r0x00
000096 CFE4 FFD9      00732         MOVFF   PREINC1, FSR2L
00009A 0012           00733         RETURN  
                      00734 
                      00735 ; ; Starting pCode block
gpasm-1.5.0 #1285 (Jul 12 2020) obj/sdcc-18f2   11/12/23  13:12:33          PAGE 15


LOC    OBJECT CODE    LINE  SOURCE TEXT
  VALUE

00009C                00736 ___str_0:
00009C 0048           00737         DB      0x48, 0x00
                      00738 ; ; Starting pCode block
00009E                00739 ___str_1:
00009E 486D 0000      00740         DB      0x6d, 0x48, 0x00
                      00741 ; ; Starting pCode block
0000A2                00742 ___str_2:
0000A2 4875 0000      00743         DB      0x75, 0x48, 0x00
                      00744 ; ; Starting pCode block
0000A6                00745 ___str_3:
0000A6 486E 0000      00746         DB      0x6e, 0x48, 0x00
                      00747 ; ; Starting pCode block
0000AA                00748 ___str_4:
0000AA 466D 0000      00749         DB      0x6d, 0x46, 0x00
                      00750 ; ; Starting pCode block
0000AE                00751 ___str_5:
0000AE 4675 0000      00752         DB      0x75, 0x46, 0x00
                      00753 ; ; Starting pCode block
0000B2                00754 ___str_6:
0000B2 466E 0000      00755         DB      0x6e, 0x46, 0x00
                      00756 ; ; Starting pCode block
0000B6                00757 ___str_7:
0000B6 4670 0000      00758         DB      0x70, 0x46, 0x00
                      00759 ; ; Starting pCode block
0000BA                00760 ___str_8:
0000BA 2020 2020 0020 00761         DB      0x20, 0x20, 0x20, 0x20, 0x20, 0x00
                      00762 ; ; Starting pCode block
0000C0                00763 ___str_9:
0000C0 2A2D 002D      00764         DB      0x2d, 0x2a, 0x2d, 0x00
                      00765 ; ; Starting pCode block
0000C4                00766 ___str_10:
0000C4 2020 0020      00767         DB      0x20, 0x20, 0x20, 0x00
                      00768 ; ; Starting pCode block
0000C8                00769 ___str_11:
0000C8 0A0D 0000      00770         DB      0x0d, 0x0a, 0x00
                      00771 
                      00772 
                      00773 ; Statistics:
                      00774 ; code size:     1078 (0x0436) bytes ( 0.82%)
                      00775 ;                 539 (0x021b) words
                      00776 ; udata size:       0 (0x0000) bytes ( 0.00%)
                      00777 ; access size:      8 (0x0008) bytes
                      00778 
                      00779 
                      00780         end
gpasm-1.5.0 #1285 (Jul 12 2020) obj/sdcc-18f2   11/12/23  13:12:33          PAGE 16


SYMBOL TABLE
  LABEL                              TYPE        VALUE         VALUE          VALUE
                                                 (hex)         (dec)          (text)

FSR0H                             CONSTANT      00000FEA           4074
FSR0L                             CONSTANT      00000FE9           4073
FSR1L                             CONSTANT      00000FE1           4065
FSR2L                             CONSTANT      00000FD9           4057
INDF0                             CONSTANT      00000FEF           4079
PLUSW2                            CONSTANT      00000FDB           4059
POSTDEC1                          CONSTANT      00000FE5           4069
POSTINC1                          CONSTANT      00000FE6           4070
PREINC1                           CONSTANT      00000FE4           4068
PRODL                             CONSTANT      00000FF3           4083
STATUS                            CONSTANT      00000FD8           4056
WREG                              CONSTANT      00000FE8           4072
_00105_DS_                        ADDRESS       00000042             66
_00108_DS_                        ADDRESS       0000007A            122
_00119_DS_                        ADDRESS       0000006E            110
_00140_DS_                        ADDRESS       00000050             80
_00142_DS_                        ADDRESS       00000070            112
_00154_DS_                        ADDRESS       0000003E             62
_00156_DS_                        ADDRESS       00000078            120
_00161_DS_                        ADDRESS       00000058             88
_00163_DS_                        ADDRESS       00000016             22
_ADCON0                           EXTERNAL      00000000              0
_ADCON0bits                       EXTERNAL      00000000              0
_ADCON1                           EXTERNAL      00000000              0
_ADCON1bits                       EXTERNAL      00000000              0
_ADCON2                           EXTERNAL      00000000              0
_ADCON2bits                       EXTERNAL      00000000              0
_ADRES                            EXTERNAL      00000000              0
_ADRESH                           EXTERNAL      00000000              0
_ADRESL                           EXTERNAL      00000000              0
_BAUDCON                          EXTERNAL      00000000              0
_BAUDCONbits                      EXTERNAL      00000000              0
_BAUDCTL                          EXTERNAL      00000000              0
_BAUDCTLbits                      EXTERNAL      00000000              0
_BSR                              EXTERNAL      00000000              0
_CCPR1                            EXTERNAL      00000000              0
_CCPR1H                           EXTERNAL      00000000              0
_CCPR1L                           EXTERNAL      00000000              0
_CCPR2                            EXTERNAL      00000000              0
_CCPR2H                           EXTERNAL      00000000              0
_CCPR2L                           EXTERNAL      00000000              0
_CCP1CON                          EXTERNAL      00000000              0
_CCP1CONbits                      EXTERNAL      00000000              0
_CCP2CON                          EXTERNAL      00000000              0
_CCP2CONbits                      EXTERNAL      00000000              0
_CMCON                            EXTERNAL      00000000              0
_CMCONbits                        EXTERNAL      00000000              0
_CVRCON                           EXTERNAL      00000000              0
_CVRCONbits                       EXTERNAL      00000000              0
_DDRA                             EXTERNAL      00000000              0
_DDRAbits                         EXTERNAL      00000000              0
_DDRB                             EXTERNAL      00000000              0
gpasm-1.5.0 #1285 (Jul 12 2020) obj/sdcc-18f2   11/12/23  13:12:33          PAGE 17


SYMBOL TABLE
  LABEL                              TYPE        VALUE         VALUE          VALUE
                                                 (hex)         (dec)          (text)

_DDRBbits                         EXTERNAL      00000000              0
_DDRC                             EXTERNAL      00000000              0
_DDRCbits                         EXTERNAL      00000000              0
_ECCPAS                           EXTERNAL      00000000              0
_ECCPASbits                       EXTERNAL      00000000              0
_ECCP1AS                          EXTERNAL      00000000              0
_ECCP1ASbits                      EXTERNAL      00000000              0
_ECCP1DEL                         EXTERNAL      00000000              0
_ECCP1DELbits                     EXTERNAL      00000000              0
_EEADR                            EXTERNAL      00000000              0
_EECON1                           EXTERNAL      00000000              0
_EECON1bits                       EXTERNAL      00000000              0
_EECON2                           EXTERNAL      00000000              0
_EEDATA                           EXTERNAL      00000000              0
_FSR0H                            EXTERNAL      00000000              0
_FSR0L                            EXTERNAL      00000000              0
_FSR1H                            EXTERNAL      00000000              0
_FSR1L                            EXTERNAL      00000000              0
_FSR2H                            EXTERNAL      00000000              0
_FSR2L                            EXTERNAL      00000000              0
_HLVDCON                          EXTERNAL      00000000              0
_HLVDCONbits                      EXTERNAL      00000000              0
_INDF0                            EXTERNAL      00000000              0
_INDF1                            EXTERNAL      00000000              0
_INDF2                            EXTERNAL      00000000              0
_INTCON                           EXTERNAL      00000000              0
_INTCONbits                       EXTERNAL      00000000              0
_INTCON2                          EXTERNAL      00000000              0
_INTCON2bits                      EXTERNAL      00000000              0
_INTCON3                          EXTERNAL      00000000              0
_INTCON3bits                      EXTERNAL      00000000              0
_IPR1                             EXTERNAL      00000000              0
_IPR1bits                         EXTERNAL      00000000              0
_IPR2                             EXTERNAL      00000000              0
_IPR2bits                         EXTERNAL      00000000              0
_LATA                             EXTERNAL      00000000              0
_LATAbits                         EXTERNAL      00000000              0
_LATB                             EXTERNAL      00000000              0
_LATBbits                         EXTERNAL      00000000              0
_LATC                             EXTERNAL      00000000              0
_LATCbits                         EXTERNAL      00000000              0
_LVDCON                           EXTERNAL      00000000              0
_LVDCONbits                       EXTERNAL      00000000              0
_OSCCON                           EXTERNAL      00000000              0
_OSCCONbits                       EXTERNAL      00000000              0
_OSCTUNE                          EXTERNAL      00000000              0
_OSCTUNEbits                      EXTERNAL      00000000              0
_PC                               EXTERNAL      00000000              0
_PCL                              EXTERNAL      00000000              0
_PCLATH                           EXTERNAL      00000000              0
_PCLATU                           EXTERNAL      00000000              0
_PIE1                             EXTERNAL      00000000              0
gpasm-1.5.0 #1285 (Jul 12 2020) obj/sdcc-18f2   11/12/23  13:12:33          PAGE 18


SYMBOL TABLE
  LABEL                              TYPE        VALUE         VALUE          VALUE
                                                 (hex)         (dec)          (text)

_PIE1bits                         EXTERNAL      00000000              0
_PIE2                             EXTERNAL      00000000              0
_PIE2bits                         EXTERNAL      00000000              0
_PIR1                             EXTERNAL      00000000              0
_PIR1bits                         EXTERNAL      00000000              0
_PIR2                             EXTERNAL      00000000              0
_PIR2bits                         EXTERNAL      00000000              0
_PLUSW0                           EXTERNAL      00000000              0
_PLUSW1                           EXTERNAL      00000000              0
_PLUSW2                           EXTERNAL      00000000              0
_PORTA                            EXTERNAL      00000000              0
_PORTAbits                        EXTERNAL      00000000              0
_PORTB                            EXTERNAL      00000000              0
_PORTBbits                        EXTERNAL      00000000              0
_PORTC                            EXTERNAL      00000000              0
_PORTCbits                        EXTERNAL      00000000              0
_PORTE                            EXTERNAL      00000000              0
_PORTEbits                        EXTERNAL      00000000              0
_POSTDEC0                         EXTERNAL      00000000              0
_POSTDEC1                         EXTERNAL      00000000              0
_POSTDEC2                         EXTERNAL      00000000              0
_POSTINC0                         EXTERNAL      00000000              0
_POSTINC1                         EXTERNAL      00000000              0
_POSTINC2                         EXTERNAL      00000000              0
_PREINC0                          EXTERNAL      00000000              0
_PREINC1                          EXTERNAL      00000000              0
_PREINC2                          EXTERNAL      00000000              0
_PROD                             EXTERNAL      00000000              0
_PRODH                            EXTERNAL      00000000              0
_PRODL                            EXTERNAL      00000000              0
_PR2                              EXTERNAL      00000000              0
_PWM1CON                          EXTERNAL      00000000              0
_PWM1CONbits                      EXTERNAL      00000000              0
_RCON                             EXTERNAL      00000000              0
_RCONbits                         EXTERNAL      00000000              0
_RCREG                            EXTERNAL      00000000              0
_RCSTA                            EXTERNAL      00000000              0
_RCSTAbits                        EXTERNAL      00000000              0
_SPBRG                            EXTERNAL      00000000              0
_SPBRGH                           EXTERNAL      00000000              0
_SSPADD                           EXTERNAL      00000000              0
_SSPBUF                           EXTERNAL      00000000              0
_SSPCON1                          EXTERNAL      00000000              0
_SSPCON1bits                      EXTERNAL      00000000              0
_SSPCON2                          EXTERNAL      00000000              0
_SSPCON2bits                      EXTERNAL      00000000              0
_SSPSTAT                          EXTERNAL      00000000              0
_SSPSTATbits                      EXTERNAL      00000000              0
_STATUS                           EXTERNAL      00000000              0
_STATUSbits                       EXTERNAL      00000000              0
_STKPTR                           EXTERNAL      00000000              0
_STKPTRbits                       EXTERNAL      00000000              0
gpasm-1.5.0 #1285 (Jul 12 2020) obj/sdcc-18f2   11/12/23  13:12:33          PAGE 19


SYMBOL TABLE
  LABEL                              TYPE        VALUE         VALUE          VALUE
                                                 (hex)         (dec)          (text)

_T0CON                            EXTERNAL      00000000              0
_T0CONbits                        EXTERNAL      00000000              0
_TABLAT                           EXTERNAL      00000000              0
_TBLPTR                           EXTERNAL      00000000              0
_TBLPTRH                          EXTERNAL      00000000              0
_TBLPTRL                          EXTERNAL      00000000              0
_TBLPTRU                          EXTERNAL      00000000              0
_TMR0                             EXTERNAL      00000000              0
_TMR0H                            EXTERNAL      00000000              0
_TMR0L                            EXTERNAL      00000000              0
_TMR1                             EXTERNAL      00000000              0
_TMR1H                            EXTERNAL      00000000              0
_TMR1L                            EXTERNAL      00000000              0
_TMR2                             EXTERNAL      00000000              0
_TMR3                             EXTERNAL      00000000              0
_TMR3H                            EXTERNAL      00000000              0
_TMR3L                            EXTERNAL      00000000              0
_TOS                              EXTERNAL      00000000              0
_TOSH                             EXTERNAL      00000000              0
_TOSL                             EXTERNAL      00000000              0
_TOSU                             EXTERNAL      00000000              0
_TRISA                            EXTERNAL      00000000              0
_TRISAbits                        EXTERNAL      00000000              0
_TRISB                            EXTERNAL      00000000              0
_TRISBbits                        EXTERNAL      00000000              0
_TRISC                            EXTERNAL      00000000              0
_TRISCbits                        EXTERNAL      00000000              0
_TXREG                            EXTERNAL      00000000              0
_TXSTA                            EXTERNAL      00000000              0
_TXSTAbits                        EXTERNAL      00000000              0
_T1CON                            EXTERNAL      00000000              0
_T1CONbits                        EXTERNAL      00000000              0
_T2CON                            EXTERNAL      00000000              0
_T2CONbits                        EXTERNAL      00000000              0
_T3CON                            EXTERNAL      00000000              0
_T3CONbits                        EXTERNAL      00000000              0
_WDTCON                           EXTERNAL      00000000              0
_WDTCONbits                       EXTERNAL      00000000              0
_WREG                             EXTERNAL      00000000              0
__ACC_RAM_LOW_END                 CONSTANT      0000007F            127
__ACC_RAM_LOW_START               CONSTANT      00000000              0
__ACTIVE_BANK_ADDR                VARIABLE      FFFFFFFF             -1
__ASSUMED_BANK_ADDR               VARIABLE      FFFFFFFF             -1
__BANK_0                          CONSTANT      00000000              0
__BANK_BITS                       CONSTANT      00000F00           3840
__BANK_FIRST                      CONSTANT      00000000              0
__BANK_INV                        CONSTANT      FFFFFFFF             -1
__BANK_LAST                       CONSTANT      00000F00           3840
__BANK_MASK                       CONSTANT      000000FF            255
__BANK_SHIFT                      CONSTANT      00000008              8
__BANK_SIZE                       CONSTANT      00000100            256
__BANK_1                          CONSTANT      00000100            256
gpasm-1.5.0 #1285 (Jul 12 2020) obj/sdcc-18f2   11/12/23  13:12:33          PAGE 20


SYMBOL TABLE
  LABEL                              TYPE        VALUE         VALUE          VALUE
                                                 (hex)         (dec)          (text)

__BANK_2                          CONSTANT      00000200            512
__BANK_3                          CONSTANT      00000300            768
__BANK_4                          CONSTANT      00000400           1024
__BANK_5                          CONSTANT      00000500           1280
__BANK_6                          CONSTANT      00000600           1536
__BANK_7                          CONSTANT      00000700           1792
__BANK_8                          CONSTANT      00000800           2048
__BANK_9                          CONSTANT      00000900           2304
__BANK_10                         CONSTANT      00000A00           2560
__BANK_11                         CONSTANT      00000B00           2816
__BANK_12                         CONSTANT      00000C00           3072
__BANK_13                         CONSTANT      00000D00           3328
__BANK_14                         CONSTANT      00000E00           3584
__BANK_15                         CONSTANT      00000F00           3840
__CODE_END                        CONSTANT      00007FFF          32767
__CODE_START                      CONSTANT      00000000              0
__COMMON_RAM_END                  CONSTANT      0000007F            127
__COMMON_RAM_START                CONSTANT      00000000              0
__CONFIG_END                      CONSTANT      0030000D        3145741
__CONFIG_START                    CONSTANT      00300000        3145728
__EEPROM_END                      CONSTANT      00F000FF       15728895
__EEPROM_START                    CONSTANT      00F00000       15728640
__EXTENDED                        CONSTANT      00000001              1
__GPUTILS_SVN_VERSION             CONSTANT      00000505           1285
__GPUTILS_VERSION_MAJOR           CONSTANT      00000001              1
__GPUTILS_VERSION_MICRO           CONSTANT      00000000              0
__GPUTILS_VERSION_MINOR           CONSTANT      00000005              5
__IDLOCS_END                      CONSTANT      00200007        2097159
__IDLOCS_START                    CONSTANT      00200000        2097152
__NUM_BANKS                       CONSTANT      00000010             16
__VECTOR_INT_HIGH                 CONSTANT      00000008              8
__VECTOR_INT_LOW                  CONSTANT      00000018             24
__VECTOR_RESET                    CONSTANT      00000000              0
__WHILE_LOOP_COUNT_MAX            CONSTANT      000000FF            255
___str_0                          ADDRESS       0000009C            156
___str_1                          ADDRESS       0000009E            158
___str_2                          ADDRESS       000000A2            162
___str_3                          ADDRESS       000000A6            166
___str_4                          ADDRESS       000000AA            170
___str_5                          ADDRESS       000000AE            174
___str_6                          ADDRESS       000000B2            178
___str_7                          ADDRESS       000000B6            182
___str_8                          ADDRESS       000000BA            186
___str_9                          ADDRESS       000000C0            192
___str_10                         ADDRESS       000000C4            196
___str_11                         ADDRESS       000000C8            200
__divuint                         EXTERNAL      00000000              0
__gptrget1                        EXTERNAL      00000000              0
__moduint                         EXTERNAL      00000000              0
__16_BIT                          CONSTANT      00000001              1
__18F2520                         CONSTANT      00000001              1
_buffer                           EXTERNAL      00000000              0
gpasm-1.5.0 #1285 (Jul 12 2020) obj/sdcc-18f2   11/12/23  13:12:33          PAGE 21


SYMBOL TABLE
  LABEL                              TYPE        VALUE         VALUE          VALUE
                                                 (hex)         (dec)          (text)

_buffer_putch                     EXTERNAL      00000000              0
_format_number                    EXTERNAL      00000000              0
_lcd_gotoxy                       EXTERNAL      00000000              0
_lcd_put                          GLOBAL        00000000              0
_lcd_putch                        EXTERNAL      00000000              0
_lcd_puts                         EXTERNAL      00000000              0
_logo_image                       EXTERNAL      00000000              0
_output_putch                     GLOBAL        00000000              0
_print_buffer                     GLOBAL        00000000              0
_print_digit                      GLOBAL        00000000              0
_print_indicator                  GLOBAL        00000000              0
_print_reading                    GLOBAL        00000000              0
_print_unit                       GLOBAL        00000000              0
_print_unit_units_65536_50        STATIC        00000000              0
_put_str                          GLOBAL        00000000              0
_ser_brg                          EXTERNAL      00000000              0
_ser_putch                        EXTERNAL      00000000              0
_ser_puts                         EXTERNAL      00000000              0
_ser_rxfifo                       EXTERNAL      00000000              0
_ser_rxiptr                       EXTERNAL      00000000              0
_ser_rxoptr                       EXTERNAL      00000000              0
_ser_tmp                          EXTERNAL      00000000              0
_ser_txfifo                       EXTERNAL      00000000              0
_ser_txiptr                       EXTERNAL      00000000              0
_ser_txoptr                       EXTERNAL      00000000              0
r0x00                             STATIC        00000000              0
r0x01                             STATIC        00000001              1
r0x02                             STATIC        00000002              2
r0x03                             STATIC        00000003              3
r0x04                             STATIC        00000004              4
r0x05                             STATIC        00000005              5
r0x06                             STATIC        00000006              6
r0x07                             STATIC        00000007              7

Errors   :     0
Warnings :     0 reported,     0 suppressed
Messages :     0 reported,     0 suppressed

