gpasm-1.5.2 #0 (Sep 16 2019) build/default/pr   9-16-2019  13:05:27         PAGE  1


LOC    OBJECT CODE    LINE  SOURCE TEXT
  VALUE

                      00001 ;--------------------------------------------------------
                      00002 ; File Created by SDCC : free open source ANSI-C Compiler
                      00003 ; Version 3.9.3 #11377 (MINGW64)
                      00004 ;--------------------------------------------------------
                      00005 ; PIC16 port for the Microchip 16-bit core micros
                      00006 ;--------------------------------------------------------
                      00007         list    p=18f25k50
                      00008         radix   dec
                      00009 
                      00010 
                      00011 ;--------------------------------------------------------
                      00012 ; public variables in this module
                      00013 ;--------------------------------------------------------
  0000                00014         global  _buffer_init
  0000                00015         global  _buffer_flush
  0000                00016         global  _buffer_putch
  0000                00017         global  _buffer_put
  0000                00018         global  _buffer_puts
  0000                00019         global  _buffer
                      00020 
                      00021 ;--------------------------------------------------------
                      00022 ; extern variables in this module
                      00023 ;--------------------------------------------------------
  0000                00024         extern  __gptrget1
  0000                00025         extern  _SRCON1bits
  0000                00026         extern  _SRCON0bits
  0000                00027         extern  _CCPTMRSbits
  0000                00028         extern  _ANSELAbits
  0000                00029         extern  _ANSELBbits
  0000                00030         extern  _ANSELCbits
  0000                00031         extern  _UCONbits
  0000                00032         extern  _USTATbits
  0000                00033         extern  _UCFGbits
  0000                00034         extern  _UADDRbits
  0000                00035         extern  _UIEbits
  0000                00036         extern  _UIRbits
  0000                00037         extern  _UEIEbits
  0000                00038         extern  _UEIRbits
  0000                00039         extern  _UFRMLbits
  0000                00040         extern  _UFRMHbits
  0000                00041         extern  _UEP0bits
  0000                00042         extern  _UEP1bits
  0000                00043         extern  _UEP2bits
  0000                00044         extern  _UEP3bits
  0000                00045         extern  _UEP4bits
  0000                00046         extern  _UEP5bits
  0000                00047         extern  _UEP6bits
  0000                00048         extern  _UEP7bits
  0000                00049         extern  _UEP8bits
  0000                00050         extern  _UEP9bits
  0000                00051         extern  _UEP10bits
  0000                00052         extern  _UEP11bits
  0000                00053         extern  _UEP12bits
gpasm-1.5.2 #0 (Sep 16 2019) build/default/pr   9-16-2019  13:05:27         PAGE  2


LOC    OBJECT CODE    LINE  SOURCE TEXT
  VALUE

  0000                00054         extern  _UEP13bits
  0000                00055         extern  _UEP14bits
  0000                00056         extern  _UEP15bits
  0000                00057         extern  _SLRCONbits
  0000                00058         extern  _VREFCON2bits
  0000                00059         extern  _VREFCON1bits
  0000                00060         extern  _VREFCON0bits
  0000                00061         extern  _PMD0bits
  0000                00062         extern  _PMD1bits
  0000                00063         extern  _PORTAbits
  0000                00064         extern  _PORTBbits
  0000                00065         extern  _PORTCbits
  0000                00066         extern  _PORTEbits
  0000                00067         extern  _WPUBbits
  0000                00068         extern  _IOCBbits
  0000                00069         extern  _IOCCbits
  0000                00070         extern  _CTMUICONbits
  0000                00071         extern  _LATAbits
  0000                00072         extern  _LATBbits
  0000                00073         extern  _LATCbits
  0000                00074         extern  _CTMUCON1bits
  0000                00075         extern  _CTMUCONLbits
  0000                00076         extern  _CTMUCON0bits
  0000                00077         extern  _CTMUCONHbits
  0000                00078         extern  _DDRAbits
  0000                00079         extern  _TRISAbits
  0000                00080         extern  _DDRBbits
  0000                00081         extern  _TRISBbits
  0000                00082         extern  _DDRCbits
  0000                00083         extern  _TRISCbits
  0000                00084         extern  _CCP2CONbits
  0000                00085         extern  _ECCP2CONbits
  0000                00086         extern  _CM1CON0bits
  0000                00087         extern  _CM2CON0bits
  0000                00088         extern  _CM2CON1bits
  0000                00089         extern  _OSCTUNEbits
  0000                00090         extern  _HLVDCONbits
  0000                00091         extern  _PIE1bits
  0000                00092         extern  _PIR1bits
  0000                00093         extern  _IPR1bits
  0000                00094         extern  _PIE2bits
  0000                00095         extern  _PIR2bits
  0000                00096         extern  _IPR2bits
  0000                00097         extern  _PIE3bits
  0000                00098         extern  _PIR3bits
  0000                00099         extern  _IPR3bits
  0000                00100         extern  _EECON1bits
  0000                00101         extern  _RCSTAbits
  0000                00102         extern  _RCSTA1bits
  0000                00103         extern  _TXSTAbits
  0000                00104         extern  _TXSTA1bits
  0000                00105         extern  _SPBRGbits
  0000                00106         extern  _SPBRG1bits
gpasm-1.5.2 #0 (Sep 16 2019) build/default/pr   9-16-2019  13:05:27         PAGE  3


LOC    OBJECT CODE    LINE  SOURCE TEXT
  VALUE

  0000                00107         extern  _SPBRGHbits
  0000                00108         extern  _SPBRGH1bits
  0000                00109         extern  _T3CONbits
  0000                00110         extern  _T3GCONbits
  0000                00111         extern  _ACTCONbits
  0000                00112         extern  _STCONbits
  0000                00113         extern  _ECCP1ASbits
  0000                00114         extern  _ECCP1DELbits
  0000                00115         extern  _PWM1CONbits
  0000                00116         extern  _BAUDCONbits
  0000                00117         extern  _BAUDCON1bits
  0000                00118         extern  _PSTR1CONbits
  0000                00119         extern  _T2CONbits
  0000                00120         extern  _CCP1CONbits
  0000                00121         extern  _ECCP1CONbits
  0000                00122         extern  _ADCON2bits
  0000                00123         extern  _ADCON1bits
  0000                00124         extern  _ADCON0bits
  0000                00125         extern  _SSP1CON2bits
  0000                00126         extern  _SSPCON2bits
  0000                00127         extern  _SSP1CON1bits
  0000                00128         extern  _SSPCONbits
  0000                00129         extern  _SSPCON1bits
  0000                00130         extern  _SSP1STATbits
  0000                00131         extern  _SSPSTATbits
  0000                00132         extern  _SSP1ADDbits
  0000                00133         extern  _SSPADDbits
  0000                00134         extern  _SSP1MSKbits
  0000                00135         extern  _SSPMSKbits
  0000                00136         extern  _SSP1CON3bits
  0000                00137         extern  _SSPCON3bits
  0000                00138         extern  _T1GCONbits
  0000                00139         extern  _T1CONbits
  0000                00140         extern  _RCONbits
  0000                00141         extern  _WDTCONbits
  0000                00142         extern  _OSCCON2bits
  0000                00143         extern  _OSCCONbits
  0000                00144         extern  _T0CONbits
  0000                00145         extern  _STATUSbits
  0000                00146         extern  _INTCON3bits
  0000                00147         extern  _INTCON2bits
  0000                00148         extern  _INTCONbits
  0000                00149         extern  _STKPTRbits
  0000                00150         extern  _SRCON1
  0000                00151         extern  _SRCON0
  0000                00152         extern  _CCPTMRS
  0000                00153         extern  _VREGCON
  0000                00154         extern  _ANSELA
  0000                00155         extern  _ANSELB
  0000                00156         extern  _ANSELC
  0000                00157         extern  _UCON
  0000                00158         extern  _USTAT
  0000                00159         extern  _UCFG
gpasm-1.5.2 #0 (Sep 16 2019) build/default/pr   9-16-2019  13:05:27         PAGE  4


LOC    OBJECT CODE    LINE  SOURCE TEXT
  VALUE

  0000                00160         extern  _UADDR
  0000                00161         extern  _UIE
  0000                00162         extern  _UIR
  0000                00163         extern  _UEIE
  0000                00164         extern  _UEIR
  0000                00165         extern  _UFRM
  0000                00166         extern  _UFRML
  0000                00167         extern  _UFRMH
  0000                00168         extern  _UEP0
  0000                00169         extern  _UEP1
  0000                00170         extern  _UEP2
  0000                00171         extern  _UEP3
  0000                00172         extern  _UEP4
  0000                00173         extern  _UEP5
  0000                00174         extern  _UEP6
  0000                00175         extern  _UEP7
  0000                00176         extern  _UEP8
  0000                00177         extern  _UEP9
  0000                00178         extern  _UEP10
  0000                00179         extern  _UEP11
  0000                00180         extern  _UEP12
  0000                00181         extern  _UEP13
  0000                00182         extern  _UEP14
  0000                00183         extern  _UEP15
  0000                00184         extern  _SLRCON
  0000                00185         extern  _VREFCON2
  0000                00186         extern  _VREFCON1
  0000                00187         extern  _VREFCON0
  0000                00188         extern  _PMD0
  0000                00189         extern  _PMD1
  0000                00190         extern  _PORTA
  0000                00191         extern  _PORTB
  0000                00192         extern  _PORTC
  0000                00193         extern  _PORTE
  0000                00194         extern  _WPUB
  0000                00195         extern  _IOCB
  0000                00196         extern  _IOCC
  0000                00197         extern  _CTMUICON
  0000                00198         extern  _LATA
  0000                00199         extern  _LATB
  0000                00200         extern  _LATC
  0000                00201         extern  _CTMUCON1
  0000                00202         extern  _CTMUCONL
  0000                00203         extern  _CTMUCON0
  0000                00204         extern  _CTMUCONH
  0000                00205         extern  _CCPR2
  0000                00206         extern  _CCPR2L
  0000                00207         extern  _CCPR2H
  0000                00208         extern  _DDRA
  0000                00209         extern  _TRISA
  0000                00210         extern  _DDRB
  0000                00211         extern  _TRISB
  0000                00212         extern  _DDRC
gpasm-1.5.2 #0 (Sep 16 2019) build/default/pr   9-16-2019  13:05:27         PAGE  5


LOC    OBJECT CODE    LINE  SOURCE TEXT
  VALUE

  0000                00213         extern  _TRISC
  0000                00214         extern  _CCP2CON
  0000                00215         extern  _ECCP2CON
  0000                00216         extern  _CM1CON0
  0000                00217         extern  _CM2CON0
  0000                00218         extern  _CM2CON1
  0000                00219         extern  _OSCTUNE
  0000                00220         extern  _HLVDCON
  0000                00221         extern  _PIE1
  0000                00222         extern  _PIR1
  0000                00223         extern  _IPR1
  0000                00224         extern  _PIE2
  0000                00225         extern  _PIR2
  0000                00226         extern  _IPR2
  0000                00227         extern  _PIE3
  0000                00228         extern  _PIR3
  0000                00229         extern  _IPR3
  0000                00230         extern  _EECON1
  0000                00231         extern  _EECON2
  0000                00232         extern  _EEDATA
  0000                00233         extern  _EEADR
  0000                00234         extern  _RCSTA
  0000                00235         extern  _RCSTA1
  0000                00236         extern  _TXSTA
  0000                00237         extern  _TXSTA1
  0000                00238         extern  _TXREG
  0000                00239         extern  _TXREG1
  0000                00240         extern  _RCREG
  0000                00241         extern  _RCREG1
  0000                00242         extern  _SPBRG
  0000                00243         extern  _SPBRG1
  0000                00244         extern  _SPBRGH
  0000                00245         extern  _SPBRGH1
  0000                00246         extern  _T3CON
  0000                00247         extern  _TMR3
  0000                00248         extern  _TMR3L
  0000                00249         extern  _TMR3H
  0000                00250         extern  _T3GCON
  0000                00251         extern  _ACTCON
  0000                00252         extern  _STCON
  0000                00253         extern  _ECCP1AS
  0000                00254         extern  _ECCP1DEL
  0000                00255         extern  _PWM1CON
  0000                00256         extern  _BAUDCON
  0000                00257         extern  _BAUDCON1
  0000                00258         extern  _PSTR1CON
  0000                00259         extern  _T2CON
  0000                00260         extern  _PR2
  0000                00261         extern  _TMR2
  0000                00262         extern  _CCP1CON
  0000                00263         extern  _ECCP1CON
  0000                00264         extern  _CCPR1
  0000                00265         extern  _CCPR1L
gpasm-1.5.2 #0 (Sep 16 2019) build/default/pr   9-16-2019  13:05:27         PAGE  6


LOC    OBJECT CODE    LINE  SOURCE TEXT
  VALUE

  0000                00266         extern  _CCPR1H
  0000                00267         extern  _ADCON2
  0000                00268         extern  _ADCON1
  0000                00269         extern  _ADCON0
  0000                00270         extern  _ADRESL
  0000                00271         extern  _ADRESH
  0000                00272         extern  _SSP1CON2
  0000                00273         extern  _SSPCON2
  0000                00274         extern  _SSP1CON1
  0000                00275         extern  _SSPCON
  0000                00276         extern  _SSPCON1
  0000                00277         extern  _SSP1STAT
  0000                00278         extern  _SSPSTAT
  0000                00279         extern  _SSP1ADD
  0000                00280         extern  _SSPADD
  0000                00281         extern  _SSP1BUF
  0000                00282         extern  _SSPBUF
  0000                00283         extern  _SSP1MSK
  0000                00284         extern  _SSPMSK
  0000                00285         extern  _SSP1CON3
  0000                00286         extern  _SSPCON3
  0000                00287         extern  _T1GCON
  0000                00288         extern  _T1CON
  0000                00289         extern  _TMR1
  0000                00290         extern  _TMR1L
  0000                00291         extern  _TMR1H
  0000                00292         extern  _RCON
  0000                00293         extern  _WDTCON
  0000                00294         extern  _OSCCON2
  0000                00295         extern  _OSCCON
  0000                00296         extern  _T0CON
  0000                00297         extern  _TMR0
  0000                00298         extern  _TMR0L
  0000                00299         extern  _TMR0H
  0000                00300         extern  _STATUS
  0000                00301         extern  _FSR2L
  0000                00302         extern  _FSR2H
  0000                00303         extern  _PLUSW2
  0000                00304         extern  _PREINC2
  0000                00305         extern  _POSTDEC2
  0000                00306         extern  _POSTINC2
  0000                00307         extern  _INDF2
  0000                00308         extern  _BSR
  0000                00309         extern  _FSR1L
  0000                00310         extern  _FSR1H
  0000                00311         extern  _PLUSW1
  0000                00312         extern  _PREINC1
  0000                00313         extern  _POSTDEC1
  0000                00314         extern  _POSTINC1
  0000                00315         extern  _INDF1
  0000                00316         extern  _WREG
  0000                00317         extern  _FSR0L
  0000                00318         extern  _FSR0H
gpasm-1.5.2 #0 (Sep 16 2019) build/default/pr   9-16-2019  13:05:27         PAGE  7


LOC    OBJECT CODE    LINE  SOURCE TEXT
  VALUE

  0000                00319         extern  _PLUSW0
  0000                00320         extern  _PREINC0
  0000                00321         extern  _POSTDEC0
  0000                00322         extern  _POSTINC0
  0000                00323         extern  _INDF0
  0000                00324         extern  _INTCON3
  0000                00325         extern  _INTCON2
  0000                00326         extern  _INTCON
  0000                00327         extern  _PROD
  0000                00328         extern  _PRODL
  0000                00329         extern  _PRODH
  0000                00330         extern  _TABLAT
  0000                00331         extern  _TBLPTR
  0000                00332         extern  _TBLPTRL
  0000                00333         extern  _TBLPTRH
  0000                00334         extern  _TBLPTRU
  0000                00335         extern  _PC
  0000                00336         extern  _PCL
  0000                00337         extern  _PCLATH
  0000                00338         extern  _PCLATU
  0000                00339         extern  _STKPTR
  0000                00340         extern  _TOS
  0000                00341         extern  _TOSL
  0000                00342         extern  _TOSH
  0000                00343         extern  _TOSU
                      00344 
                      00345 ;--------------------------------------------------------
                      00346 ;       Equates to used internal registers
                      00347 ;--------------------------------------------------------
  00000FD8            00348 STATUS  equ     0xfd8
  00000FF9            00349 PCL     equ     0xff9
  00000FFA            00350 PCLATH  equ     0xffa
  00000FFB            00351 PCLATU  equ     0xffb
  00000FF2            00352 INTCON  equ     0xff2
  00000FE8            00353 WREG    equ     0xfe8
  00000FFD            00354 TOSL    equ     0xffd
  00000FFE            00355 TOSH    equ     0xffe
  00000FFF            00356 TOSU    equ     0xfff
  00000FE9            00357 FSR0L   equ     0xfe9
  00000FEA            00358 FSR0H   equ     0xfea
  00000FE1            00359 FSR1L   equ     0xfe1
  00000FE2            00360 FSR1H   equ     0xfe2
  00000FD9            00361 FSR2L   equ     0xfd9
  00000FDA            00362 FSR2H   equ     0xfda
  00000FEF            00363 INDF0   equ     0xfef
  00000FE6            00364 POSTINC1        equ     0xfe6
  00000FE5            00365 POSTDEC1        equ     0xfe5
  00000FE4            00366 PREINC1 equ     0xfe4
  00000FDB            00367 PLUSW2  equ     0xfdb
  00000FF3            00368 PRODL   equ     0xff3
  00000FF4            00369 PRODH   equ     0xff4
                      00370 
                      00371 
gpasm-1.5.2 #0 (Sep 16 2019) build/default/pr   9-16-2019  13:05:27         PAGE  8


LOC    OBJECT CODE    LINE  SOURCE TEXT
  VALUE

                      00372 ; Internal registers
                      00373 .registers      udata_ovr       0x0000
000000                00374 r0x00   res     1
000001                00375 r0x01   res     1
000002                00376 r0x02   res     1
000003                00377 r0x03   res     1
000004                00378 r0x04   res     1
000005                00379 r0x05   res     1
000006                00380 r0x06   res     1
000007                00381 r0x07   res     1
000008                00382 r0x08   res     1
000009                00383 r0x09   res     1
                      00384 
                      00385 udata_buffer_0  udata
000000                00386 _buffer res     19
                      00387 
                      00388 ;--------------------------------------------------------
                      00389 ; global & static initialisations
                      00390 ;--------------------------------------------------------
                      00391 ; I code from now on!
                      00392 ; ; Starting pCode block
                      00393 S_buffer__buffer_puts   code
000000                00394 _buffer_puts:
                      00395 ;       .line   56; ../../../lib/buffer.c       buffer_puts(const char* x) {
000000 CFDA FFE5      00396         MOVFF   FSR2H, POSTDEC1
000004 CFD9 FFE5      00397         MOVFF   FSR2L, POSTDEC1
000008 CFE2 FFDA      00398         MOVFF   FSR1H, FSR2H
00000C CFE1 FFD9      00399         MOVFF   FSR1L, FSR2L
000010 C??? F???      00400         MOVFF   r0x00, POSTDEC1
000014 C??? F???      00401         MOVFF   r0x01, POSTDEC1
000018 C??? F???      00402         MOVFF   r0x02, POSTDEC1
00001C C??? F???      00403         MOVFF   r0x03, POSTDEC1
000020 0E03           00404         MOVLW   0x03
000022 CFDB F000      00405         MOVFF   PLUSW2, r0x00
000026 0E04           00406         MOVLW   0x04
000028 CFDB F000      00407         MOVFF   PLUSW2, r0x01
00002C 0E05           00408         MOVLW   0x05
00002E CFDB F000      00409         MOVFF   PLUSW2, r0x02
000032                00410 _00169_DS_:
                      00411 ;       .line   57; ../../../lib/buffer.c       while(*x) {
000032 C??? F???      00412         MOVFF   r0x00, FSR0L
000036 C??? F???      00413         MOVFF   r0x01, PRODL
00003A 50??           00414         MOVF    r0x02, W
00003C EC?? F0??      00415         CALL    __gptrget1
000040 6E??           00416         MOVWF   r0x03
000042 50??           00417         MOVF    r0x03, W
000044 E0??           00418         BZ      _00171_DS_
                      00419 ;       .line   58; ../../../lib/buffer.c       buffer_putch(*x);
000046 50??           00420         MOVF    r0x03, W
000048 6EE5           00421         MOVWF   POSTDEC1
00004A EC?? F0??      00422         CALL    _buffer_putch
00004E 52E6           00423         MOVF    POSTINC1, F
                      00424 ;       .line   59; ../../../lib/buffer.c       ++x;
gpasm-1.5.2 #0 (Sep 16 2019) build/default/pr   9-16-2019  13:05:27         PAGE  9


LOC    OBJECT CODE    LINE  SOURCE TEXT
  VALUE

000050 2A??           00425         INCF    r0x00, F
000052 E3??           00426         BNC     _00169_DS_
000054 4A??           00427         INFSNZ  r0x01, F
000056 2A??           00428         INCF    r0x02, F
000058                00429 _00183_DS_:
000058 D???           00430         BRA     _00169_DS_
00005A                00431 _00171_DS_:
                      00432 ;       .line   61; ../../../lib/buffer.c       return 0;
00005A 6AE8           00433         CLRF    WREG
                      00434 ;       .line   62; ../../../lib/buffer.c       }
00005C CFE4 F000      00435         MOVFF   PREINC1, r0x03
000060 CFE4 F000      00436         MOVFF   PREINC1, r0x02
000064 CFE4 F000      00437         MOVFF   PREINC1, r0x01
000068 CFE4 F000      00438         MOVFF   PREINC1, r0x00
00006C CFE4 FFD9      00439         MOVFF   PREINC1, FSR2L
000070 CFE4 FFDA      00440         MOVFF   PREINC1, FSR2H
000074 0012           00441         RETURN  
                      00442 
                      00443 ; ; Starting pCode block
                      00444 S_buffer__buffer_put    code
000000                00445 _buffer_put:
                      00446 ;       .line   33; ../../../lib/buffer.c       buffer_put(const char* buf, len_t len) {
000000 CFDA FFE5      00447         MOVFF   FSR2H, POSTDEC1
000004 CFD9 FFE5      00448         MOVFF   FSR2L, POSTDEC1
000008 CFE2 FFDA      00449         MOVFF   FSR1H, FSR2H
00000C CFE1 FFD9      00450         MOVFF   FSR1L, FSR2L
000010 C??? F???      00451         MOVFF   r0x00, POSTDEC1
000014 C??? F???      00452         MOVFF   r0x01, POSTDEC1
000018 C??? F???      00453         MOVFF   r0x02, POSTDEC1
00001C C??? F???      00454         MOVFF   r0x03, POSTDEC1
000020 C??? F???      00455         MOVFF   r0x04, POSTDEC1
000024 C??? F???      00456         MOVFF   r0x05, POSTDEC1
000028 C??? F???      00457         MOVFF   r0x06, POSTDEC1
00002C C??? F???      00458         MOVFF   r0x07, POSTDEC1
000030 C??? F???      00459         MOVFF   r0x08, POSTDEC1
000034 C??? F???      00460         MOVFF   r0x09, POSTDEC1
000038 0E03           00461         MOVLW   0x03
00003A CFDB F000      00462         MOVFF   PLUSW2, r0x00
00003E 0E04           00463         MOVLW   0x04
000040 CFDB F000      00464         MOVFF   PLUSW2, r0x01
000044 0E05           00465         MOVLW   0x05
000046 CFDB F000      00466         MOVFF   PLUSW2, r0x02
00004A 0E06           00467         MOVLW   0x06
00004C CFDB F000      00468         MOVFF   PLUSW2, r0x03
000050 010?           00469         BANKSEL (_buffer + 16)
                      00470 ;       .line   35; ../../../lib/buffer.c       if(len > BUFFER_SIZE - buffer.n) { // doesn't fit
000052 51??           00471         MOVF    (_buffer + 16), W, B
000054 38E8           00472         SWAPF   WREG, W
000056 0B0F           00473         ANDLW   0x0f
000058 6E??           00474         MOVWF   r0x04
00005A 6A??           00475         CLRF    r0x05
00005C 50??           00476         MOVF    r0x04, W
00005E 0810           00477         SUBLW   0x10
gpasm-1.5.2 #0 (Sep 16 2019) build/default/pr   9-16-2019  13:05:27         PAGE 10


LOC    OBJECT CODE    LINE  SOURCE TEXT
  VALUE

000060 6E??           00478         MOVWF   r0x04
000062 0E00           00479         MOVLW   0x00
000064 56??           00480         SUBFWB  r0x05, F
000066 C??? F???      00481         MOVFF   r0x03, r0x06
00006A 6A??           00482         CLRF    r0x07
00006C 50??           00483         MOVF    r0x05, W
00006E 0F80           00484         ADDLW   0x80
000070 6EF3           00485         MOVWF   PRODL
000072 50??           00486         MOVF    r0x07, W
000074 0F80           00487         ADDLW   0x80
000076 5CF3           00488         SUBWF   PRODL, W
000078 E1??           00489         BNZ     _00163_DS_
00007A 50??           00490         MOVF    r0x06, W
00007C 5C??           00491         SUBWF   r0x04, W
00007E                00492 _00163_DS_:
00007E E2??           00493         BC      _00152_DS_
                      00494 ;       .line   45; ../../../lib/buffer.c       return -1;
000080 68E8           00495         SETF    WREG
000082 D???           00496         BRA     _00148_DS_
000084                00497 _00152_DS_:
                      00498 ;       .line   47; ../../../lib/buffer.c       for(i = 0; i < len; i++) {
000084 6A??           00499         CLRF    r0x04
000086                00500 _00146_DS_:
000086 50??           00501         MOVF    r0x03, W
000088 5C??           00502         SUBWF   r0x04, W
00008A E2??           00503         BC      _00144_DS_
00008C 010?           00504         BANKSEL (_buffer + 16)
                      00505 ;       .line   48; ../../../lib/buffer.c       buffer.x[buffer.n + i] = buf[i];
00008E 51??           00506         MOVF    (_buffer + 16), W, B
000090 38E8           00507         SWAPF   WREG, W
000092 0B0F           00508         ANDLW   0x0f
000094 6E??           00509         MOVWF   r0x05
000096 50??           00510         MOVF    r0x04, W
000098 6E??           00511         MOVWF   r0x06
00009A 50??           00512         MOVF    r0x06, W
00009C 26??           00513         ADDWF   r0x05, F
00009E 6A??           00514         CLRF    r0x06
0000A0 BE??           00515         BTFSC   r0x05, 7
0000A2 68??           00516         SETF    r0x06
0000A4 0E??           00517         MOVLW   LOW(_buffer)
0000A6 26??           00518         ADDWF   r0x05, F
0000A8 0E??           00519         MOVLW   HIGH(_buffer)
0000AA 22??           00520         ADDWFC  r0x06, F
0000AC 50??           00521         MOVF    r0x04, W
0000AE 24??           00522         ADDWF   r0x00, W
0000B0 6E??           00523         MOVWF   r0x07
0000B2 6AE8           00524         CLRF    WREG
0000B4 20??           00525         ADDWFC  r0x01, W
0000B6 6E??           00526         MOVWF   r0x08
0000B8 6AE8           00527         CLRF    WREG
0000BA 20??           00528         ADDWFC  r0x02, W
0000BC 6E??           00529         MOVWF   r0x09
0000BE C??? F???      00530         MOVFF   r0x07, FSR0L
gpasm-1.5.2 #0 (Sep 16 2019) build/default/pr   9-16-2019  13:05:27         PAGE 11


LOC    OBJECT CODE    LINE  SOURCE TEXT
  VALUE

0000C2 C??? F???      00531         MOVFF   r0x08, PRODL
0000C6 50??           00532         MOVF    r0x09, W
0000C8 EC?? F0??      00533         CALL    __gptrget1
0000CC 6E??           00534         MOVWF   r0x07
0000CE C??? F???      00535         MOVFF   r0x05, FSR0L
0000D2 C??? F???      00536         MOVFF   r0x06, FSR0H
0000D6 C??? F???      00537         MOVFF   r0x07, INDF0
                      00538 ;       .line   47; ../../../lib/buffer.c       for(i = 0; i < len; i++) {
0000DA 2A??           00539         INCF    r0x04, F
0000DC D???           00540         BRA     _00146_DS_
0000DE                00541 _00144_DS_:
0000DE 010?           00542         BANKSEL (_buffer + 16)
                      00543 ;       .line   51; ../../../lib/buffer.c       buffer.n += len;
0000E0 51??           00544         MOVF    (_buffer + 16), W, B
0000E2 38E8           00545         SWAPF   WREG, W
0000E4 0B0F           00546         ANDLW   0x0f
0000E6 6E??           00547         MOVWF   r0x00
0000E8 50??           00548         MOVF    r0x00, W
0000EA 26??           00549         ADDWF   r0x03, F
0000EC 50??           00550         MOVF    r0x03, W
0000EE 0B0F           00551         ANDLW   0x0f
0000F0 38E8           00552         SWAPF   WREG, W
0000F2 6EF4           00553         MOVWF   PRODH
0000F4 010?           00554         BANKSEL (_buffer + 16)
0000F6 51??           00555         MOVF    (_buffer + 16), W, B
0000F8 0B0F           00556         ANDLW   0x0f
0000FA 10F4           00557         IORWF   PRODH, W
0000FC 010?           00558         BANKSEL (_buffer + 16)
0000FE 6F??           00559         MOVWF   (_buffer + 16), B
                      00560 ;       .line   52; ../../../lib/buffer.c       return 0;
000100 6AE8           00561         CLRF    WREG
000102                00562 _00148_DS_:
                      00563 ;       .line   53; ../../../lib/buffer.c       }
000102 CFE4 F000      00564         MOVFF   PREINC1, r0x09
000106 CFE4 F000      00565         MOVFF   PREINC1, r0x08
00010A CFE4 F000      00566         MOVFF   PREINC1, r0x07
00010E CFE4 F000      00567         MOVFF   PREINC1, r0x06
000112 CFE4 F000      00568         MOVFF   PREINC1, r0x05
000116 CFE4 F000      00569         MOVFF   PREINC1, r0x04
00011A CFE4 F000      00570         MOVFF   PREINC1, r0x03
00011E CFE4 F000      00571         MOVFF   PREINC1, r0x02
000122 CFE4 F000      00572         MOVFF   PREINC1, r0x01
000126 CFE4 F000      00573         MOVFF   PREINC1, r0x00
00012A CFE4 FFD9      00574         MOVFF   PREINC1, FSR2L
00012E CFE4 FFDA      00575         MOVFF   PREINC1, FSR2H
000132 0012           00576         RETURN  
                      00577 
                      00578 ; ; Starting pCode block
                      00579 S_buffer__buffer_putch  code
000000                00580 _buffer_putch:
                      00581 ;       .line   23; ../../../lib/buffer.c       buffer_putch(char ch) {
000000 CFDA FFE5      00582         MOVFF   FSR2H, POSTDEC1
000004 CFD9 FFE5      00583         MOVFF   FSR2L, POSTDEC1
gpasm-1.5.2 #0 (Sep 16 2019) build/default/pr   9-16-2019  13:05:27         PAGE 12


LOC    OBJECT CODE    LINE  SOURCE TEXT
  VALUE

000008 CFE2 FFDA      00584         MOVFF   FSR1H, FSR2H
00000C CFE1 FFD9      00585         MOVFF   FSR1L, FSR2L
000010 C??? F???      00586         MOVFF   r0x00, POSTDEC1
000014 C??? F???      00587         MOVFF   r0x01, POSTDEC1
000018 C??? F???      00588         MOVFF   r0x02, POSTDEC1
00001C 0E03           00589         MOVLW   0x03
00001E CFDB F000      00590         MOVFF   PLUSW2, r0x00
000022 010?           00591         BANKSEL (_buffer + 16)
                      00592 ;       .line   24; ../../../lib/buffer.c       if(BUFFER_SIZE - buffer.n <= 0) {
000024 51??           00593         MOVF    (_buffer + 16), W, B
000026 38E8           00594         SWAPF   WREG, W
000028 0B0F           00595         ANDLW   0x0f
00002A 6E??           00596         MOVWF   r0x01
00002C 6A??           00597         CLRF    r0x02
00002E 50??           00598         MOVF    r0x01, W
000030 0810           00599         SUBLW   0x10
000032 6E??           00600         MOVWF   r0x01
000034 0E00           00601         MOVLW   0x00
000036 56??           00602         SUBFWB  r0x02, F
000038 50??           00603         MOVF    r0x02, W
00003A 0F80           00604         ADDLW   0x80
00003C 0F80           00605         ADDLW   0x80
00003E E1??           00606         BNZ     _00137_DS_
000040 0E01           00607         MOVLW   0x01
000042 5C??           00608         SUBWF   r0x01, W
000044                00609 _00137_DS_:
000044 E2??           00610         BC      _00130_DS_
                      00611 ;       .line   25; ../../../lib/buffer.c       return 0;
000046 6AE8           00612         CLRF    WREG
000048 D???           00613         BRA     _00131_DS_
00004A                00614 _00130_DS_:
00004A 010?           00615         BANKSEL (_buffer + 16)
                      00616 ;       .line   27; ../../../lib/buffer.c       buffer.x[buffer.n] = ch;
00004C 51??           00617         MOVF    (_buffer + 16), W, B
00004E 38E8           00618         SWAPF   WREG, W
000050 0B0F           00619         ANDLW   0x0f
000052 6E??           00620         MOVWF   r0x01
000054 6A??           00621         CLRF    r0x02
000056 0E??           00622         MOVLW   LOW(_buffer)
000058 26??           00623         ADDWF   r0x01, F
00005A 0E??           00624         MOVLW   HIGH(_buffer)
00005C 22??           00625         ADDWFC  r0x02, F
00005E C??? F???      00626         MOVFF   r0x01, FSR0L
000062 C??? F???      00627         MOVFF   r0x02, FSR0H
000066 C??? F???      00628         MOVFF   r0x00, INDF0
00006A 010?           00629         BANKSEL (_buffer + 16)
                      00630 ;       .line   28; ../../../lib/buffer.c       buffer.n++;
00006C 51??           00631         MOVF    (_buffer + 16), W, B
00006E 38E8           00632         SWAPF   WREG, W
000070 0B0F           00633         ANDLW   0x0f
000072 6E??           00634         MOVWF   r0x00
000074 2A??           00635         INCF    r0x00, F
000076 50??           00636         MOVF    r0x00, W
gpasm-1.5.2 #0 (Sep 16 2019) build/default/pr   9-16-2019  13:05:27         PAGE 13


LOC    OBJECT CODE    LINE  SOURCE TEXT
  VALUE

000078 0B0F           00637         ANDLW   0x0f
00007A 38E8           00638         SWAPF   WREG, W
00007C 6EF4           00639         MOVWF   PRODH
00007E 010?           00640         BANKSEL (_buffer + 16)
000080 51??           00641         MOVF    (_buffer + 16), W, B
000082 0B0F           00642         ANDLW   0x0f
000084 10F4           00643         IORWF   PRODH, W
000086 010?           00644         BANKSEL (_buffer + 16)
000088 6F??           00645         MOVWF   (_buffer + 16), B
                      00646 ;       .line   29; ../../../lib/buffer.c       return 1;
00008A 0E01           00647         MOVLW   0x01
00008C                00648 _00131_DS_:
                      00649 ;       .line   30; ../../../lib/buffer.c       }
00008C CFE4 F000      00650         MOVFF   PREINC1, r0x02
000090 CFE4 F000      00651         MOVFF   PREINC1, r0x01
000094 CFE4 F000      00652         MOVFF   PREINC1, r0x00
000098 CFE4 FFD9      00653         MOVFF   PREINC1, FSR2L
00009C CFE4 FFDA      00654         MOVFF   PREINC1, FSR2H
0000A0 0012           00655         RETURN  
                      00656 
                      00657 ; ; Starting pCode block
                      00658 S_buffer__buffer_flush  code
000000                00659 _buffer_flush:
                      00660 ;       .line   14; ../../../lib/buffer.c       buffer_flush() {
000000 CFDA FFE5      00661         MOVFF   FSR2H, POSTDEC1
000004 CFD9 FFE5      00662         MOVFF   FSR2L, POSTDEC1
000008 CFE2 FFDA      00663         MOVFF   FSR1H, FSR2H
00000C CFE1 FFD9      00664         MOVFF   FSR1L, FSR2L
000010 C??? F???      00665         MOVFF   r0x00, POSTDEC1
000014 C??? F???      00666         MOVFF   r0x01, POSTDEC1
000018 C??? F???      00667         MOVFF   r0x02, POSTDEC1
00001C C??? F???      00668         MOVFF   r0x03, POSTDEC1
000020 C??? F???      00669         MOVFF   r0x04, POSTDEC1
000024                00670 _00110_DS_:
000024 010?           00671         BANKSEL (_buffer + 16)
                      00672 ;       .line   15; ../../../lib/buffer.c       while(buffer.p < buffer.n) {
000026 51??           00673         MOVF    (_buffer + 16), W, B
000028 0B0F           00674         ANDLW   0x0f
00002A 6E??           00675         MOVWF   r0x00
00002C 010?           00676         BANKSEL (_buffer + 16)
00002E 51??           00677         MOVF    (_buffer + 16), W, B
000030 38E8           00678         SWAPF   WREG, W
000032 0B0F           00679         ANDLW   0x0f
000034 6E??           00680         MOVWF   r0x01
000036 50??           00681         MOVF    r0x01, W
000038 5C??           00682         SUBWF   r0x00, W
00003A E2??           00683         BC      _00112_DS_
                      00684 ;       .line   16; ../../../lib/buffer.c       buffer.op(buffer.x[buffer.p++]);
00003C C??? F???      00685         MOVFF   (_buffer + 17), r0x00
000040 C??? F???      00686         MOVFF   (_buffer + 18), r0x01
000044 C??? F???      00687         MOVFF   (_buffer + 19), r0x02
000048 010?           00688         BANKSEL (_buffer + 16)
00004A 51??           00689         MOVF    (_buffer + 16), W, B
gpasm-1.5.2 #0 (Sep 16 2019) build/default/pr   9-16-2019  13:05:27         PAGE 14


LOC    OBJECT CODE    LINE  SOURCE TEXT
  VALUE

00004C 0B0F           00690         ANDLW   0x0f
00004E 6E??           00691         MOVWF   r0x03
000050 28??           00692         INCF    r0x03, W
000052 6E??           00693         MOVWF   r0x04
000054 50??           00694         MOVF    r0x04, W
000056 0B0F           00695         ANDLW   0x0f
000058 6EF4           00696         MOVWF   PRODH
00005A 010?           00697         BANKSEL (_buffer + 16)
00005C 51??           00698         MOVF    (_buffer + 16), W, B
00005E 0BF0           00699         ANDLW   0xf0
000060 10F4           00700         IORWF   PRODH, W
000062 010?           00701         BANKSEL (_buffer + 16)
000064 6F??           00702         MOVWF   (_buffer + 16), B
000066 6A??           00703         CLRF    r0x04
000068 0E??           00704         MOVLW   LOW(_buffer)
00006A 26??           00705         ADDWF   r0x03, F
00006C 0E??           00706         MOVLW   HIGH(_buffer)
00006E 22??           00707         ADDWFC  r0x04, F
000070 C??? F???      00708         MOVFF   r0x03, FSR0L
000074 C??? F???      00709         MOVFF   r0x04, FSR0H
000078 CFEF F000      00710         MOVFF   INDF0, r0x03
00007C 50??           00711         MOVF    r0x03, W
00007E 6EE5           00712         MOVWF   POSTDEC1
000080 CFF2 FFE5      00713         MOVFF   INTCON, POSTDEC1
000084 9EF2           00714         BCF     INTCON, 7
000086 0005           00715         PUSH    
000088 0E??           00716         MOVLW   LOW(_00124_DS_)
00008A 6EFD           00717         MOVWF   TOSL
00008C 0E??           00718         MOVLW   HIGH(_00124_DS_)
00008E 6EFE           00719         MOVWF   TOSH
000090 0E??           00720         MOVLW   UPPER(_00124_DS_)
000092 6EFF           00721         MOVWF   TOSU
000094 BEE4           00722         BTFSC   PREINC1, 7
000096 8EF2           00723         BSF     INTCON, 7
000098 C??? F???      00724         MOVFF   r0x02, PCLATU
00009C C??? F???      00725         MOVFF   r0x01, PCLATH
0000A0 50??           00726         MOVF    r0x00, W
0000A2 6EF9           00727         MOVWF   PCL
0000A4                00728 _00124_DS_:
0000A4 52E6           00729         MOVF    POSTINC1, F
0000A6 D???           00730         BRA     _00110_DS_
0000A8                00731 _00112_DS_:
0000A8 010?           00732         BANKSEL (_buffer + 16)
                      00733 ;       .line   18; ../../../lib/buffer.c       BUFFER_CLEAR();
0000AA 51??           00734         MOVF    (_buffer + 16), W, B
0000AC 0BF0           00735         ANDLW   0xf0
0000AE 010?           00736         BANKSEL (_buffer + 16)
0000B0 6F??           00737         MOVWF   (_buffer + 16), B
0000B2 010?           00738         BANKSEL (_buffer + 16)
0000B4 51??           00739         MOVF    (_buffer + 16), W, B
0000B6 0B0F           00740         ANDLW   0x0f
0000B8 010?           00741         BANKSEL (_buffer + 16)
0000BA 6F??           00742         MOVWF   (_buffer + 16), B
gpasm-1.5.2 #0 (Sep 16 2019) build/default/pr   9-16-2019  13:05:27         PAGE 15


LOC    OBJECT CODE    LINE  SOURCE TEXT
  VALUE

                      00743 ;       .line   19; ../../../lib/buffer.c       return 0;
0000BC 6AE8           00744         CLRF    WREG
                      00745 ;       .line   20; ../../../lib/buffer.c       }
0000BE CFE4 F000      00746         MOVFF   PREINC1, r0x04
0000C2 CFE4 F000      00747         MOVFF   PREINC1, r0x03
0000C6 CFE4 F000      00748         MOVFF   PREINC1, r0x02
0000CA CFE4 F000      00749         MOVFF   PREINC1, r0x01
0000CE CFE4 F000      00750         MOVFF   PREINC1, r0x00
0000D2 CFE4 FFD9      00751         MOVFF   PREINC1, FSR2L
0000D6 CFE4 FFDA      00752         MOVFF   PREINC1, FSR2H
0000DA 0012           00753         RETURN  
                      00754 
                      00755 ; ; Starting pCode block
                      00756 S_buffer__buffer_init   code
000000                00757 _buffer_init:
                      00758 ;       .line   7; ../../../lib/buffer.c        buffer_init(putchar_p op) {
000000 CFDA FFE5      00759         MOVFF   FSR2H, POSTDEC1
000004 CFD9 FFE5      00760         MOVFF   FSR2L, POSTDEC1
000008 CFE2 FFDA      00761         MOVFF   FSR1H, FSR2H
00000C CFE1 FFD9      00762         MOVFF   FSR1L, FSR2L
000010 C??? F???      00763         MOVFF   r0x00, POSTDEC1
000014 C??? F???      00764         MOVFF   r0x01, POSTDEC1
000018 C??? F???      00765         MOVFF   r0x02, POSTDEC1
00001C 0E03           00766         MOVLW   0x03
00001E CFDB F000      00767         MOVFF   PLUSW2, r0x00
000022 0E04           00768         MOVLW   0x04
000024 CFDB F000      00769         MOVFF   PLUSW2, r0x01
000028 0E05           00770         MOVLW   0x05
00002A CFDB F000      00771         MOVFF   PLUSW2, r0x02
00002E 010?           00772         BANKSEL (_buffer + 16)
                      00773 ;       .line   8; ../../../lib/buffer.c        buffer.p = 0;
000030 51??           00774         MOVF    (_buffer + 16), W, B
000032 0BF0           00775         ANDLW   0xf0
000034 010?           00776         BANKSEL (_buffer + 16)
000036 6F??           00777         MOVWF   (_buffer + 16), B
000038 010?           00778         BANKSEL (_buffer + 16)
                      00779 ;       .line   9; ../../../lib/buffer.c        buffer.n = 0;
00003A 51??           00780         MOVF    (_buffer + 16), W, B
00003C 0B0F           00781         ANDLW   0x0f
00003E 010?           00782         BANKSEL (_buffer + 16)
000040 6F??           00783         MOVWF   (_buffer + 16), B
                      00784 ;       .line   10; ../../../lib/buffer.c       buffer.op = op;
000042 50??           00785         MOVF    r0x00, W
000044 010?           00786         BANKSEL (_buffer + 17)
000046 6F??           00787         MOVWF   (_buffer + 17), B
000048 50??           00788         MOVF    r0x01, W
00004A 010?           00789         BANKSEL (_buffer + 18)
00004C 6F??           00790         MOVWF   (_buffer + 18), B
00004E 50??           00791         MOVF    r0x02, W
000050 010?           00792         BANKSEL (_buffer + 19)
000052 6F??           00793         MOVWF   (_buffer + 19), B
                      00794 ;       .line   11; ../../../lib/buffer.c       }
000054 CFE4 F000      00795         MOVFF   PREINC1, r0x02
gpasm-1.5.2 #0 (Sep 16 2019) build/default/pr   9-16-2019  13:05:27         PAGE 16


LOC    OBJECT CODE    LINE  SOURCE TEXT
  VALUE

000058 CFE4 F000      00796         MOVFF   PREINC1, r0x01
00005C CFE4 F000      00797         MOVFF   PREINC1, r0x00
000060 CFE4 FFD9      00798         MOVFF   PREINC1, FSR2L
000064 CFE4 FFDA      00799         MOVFF   PREINC1, FSR2H
000068 0012           00800         RETURN  
                      00801 
                      00802 
                      00803 
                      00804 ; Statistics:
                      00805 ; code size:      914 (0x0392) bytes ( 0.70%)
                      00806 ;                 457 (0x01c9) words
                      00807 ; udata size:      19 (0x0013) bytes ( 1.06%)
                      00808 ; access size:     10 (0x000a) bytes
                      00809 
                      00810 
                      00811         end
gpasm-1.5.2 #0 (Sep 16 2019) build/default/pr   9-16-2019  13:05:27         PAGE 17


SYMBOL TABLE
  LABEL                              TYPE        VALUE         VALUE          VALUE
                                                 (hex)         (dec)          (text)

FSR0H                             CONSTANT      00000FEA           4074
FSR0L                             CONSTANT      00000FE9           4073
FSR1H                             CONSTANT      00000FE2           4066
FSR1L                             CONSTANT      00000FE1           4065
FSR2H                             CONSTANT      00000FDA           4058
FSR2L                             CONSTANT      00000FD9           4057
INDF0                             CONSTANT      00000FEF           4079
INTCON                            CONSTANT      00000FF2           4082
PCL                               CONSTANT      00000FF9           4089
PCLATH                            CONSTANT      00000FFA           4090
PCLATU                            CONSTANT      00000FFB           4091
PLUSW2                            CONSTANT      00000FDB           4059
POSTDEC1                          CONSTANT      00000FE5           4069
POSTINC1                          CONSTANT      00000FE6           4070
PREINC1                           CONSTANT      00000FE4           4068
PRODH                             CONSTANT      00000FF4           4084
PRODL                             CONSTANT      00000FF3           4083
STATUS                            CONSTANT      00000FD8           4056
TOSH                              CONSTANT      00000FFE           4094
TOSL                              CONSTANT      00000FFD           4093
TOSU                              CONSTANT      00000FFF           4095
WREG                              CONSTANT      00000FE8           4072
_00110_DS_                        ADDRESS       00000024             36
_00112_DS_                        ADDRESS       000000A8            168
_00124_DS_                        ADDRESS       000000A4            164
_00130_DS_                        ADDRESS       0000004A             74
_00131_DS_                        ADDRESS       0000008C            140
_00137_DS_                        ADDRESS       00000044             68
_00144_DS_                        ADDRESS       000000DE            222
_00146_DS_                        ADDRESS       00000086            134
_00148_DS_                        ADDRESS       00000102            258
_00152_DS_                        ADDRESS       00000084            132
_00163_DS_                        ADDRESS       0000007E            126
_00169_DS_                        ADDRESS       00000032             50
_00171_DS_                        ADDRESS       0000005A             90
_00183_DS_                        ADDRESS       00000058             88
_ACTCON                           EXTERNAL      00000000              0
_ACTCONbits                       EXTERNAL      00000000              0
_ADCON0                           EXTERNAL      00000000              0
_ADCON0bits                       EXTERNAL      00000000              0
_ADCON1                           EXTERNAL      00000000              0
_ADCON1bits                       EXTERNAL      00000000              0
_ADCON2                           EXTERNAL      00000000              0
_ADCON2bits                       EXTERNAL      00000000              0
_ADRESH                           EXTERNAL      00000000              0
_ADRESL                           EXTERNAL      00000000              0
_ANSELA                           EXTERNAL      00000000              0
_ANSELAbits                       EXTERNAL      00000000              0
_ANSELB                           EXTERNAL      00000000              0
_ANSELBbits                       EXTERNAL      00000000              0
_ANSELC                           EXTERNAL      00000000              0
_ANSELCbits                       EXTERNAL      00000000              0
gpasm-1.5.2 #0 (Sep 16 2019) build/default/pr   9-16-2019  13:05:27         PAGE 18


SYMBOL TABLE
  LABEL                              TYPE        VALUE         VALUE          VALUE
                                                 (hex)         (dec)          (text)

_BAUDCON                          EXTERNAL      00000000              0
_BAUDCON1                         EXTERNAL      00000000              0
_BAUDCON1bits                     EXTERNAL      00000000              0
_BAUDCONbits                      EXTERNAL      00000000              0
_BSR                              EXTERNAL      00000000              0
_CCP1CON                          EXTERNAL      00000000              0
_CCP1CONbits                      EXTERNAL      00000000              0
_CCP2CON                          EXTERNAL      00000000              0
_CCP2CONbits                      EXTERNAL      00000000              0
_CCPR1                            EXTERNAL      00000000              0
_CCPR1H                           EXTERNAL      00000000              0
_CCPR1L                           EXTERNAL      00000000              0
_CCPR2                            EXTERNAL      00000000              0
_CCPR2H                           EXTERNAL      00000000              0
_CCPR2L                           EXTERNAL      00000000              0
_CCPTMRS                          EXTERNAL      00000000              0
_CCPTMRSbits                      EXTERNAL      00000000              0
_CM1CON0                          EXTERNAL      00000000              0
_CM1CON0bits                      EXTERNAL      00000000              0
_CM2CON0                          EXTERNAL      00000000              0
_CM2CON0bits                      EXTERNAL      00000000              0
_CM2CON1                          EXTERNAL      00000000              0
_CM2CON1bits                      EXTERNAL      00000000              0
_CTMUCON0                         EXTERNAL      00000000              0
_CTMUCON0bits                     EXTERNAL      00000000              0
_CTMUCON1                         EXTERNAL      00000000              0
_CTMUCON1bits                     EXTERNAL      00000000              0
_CTMUCONH                         EXTERNAL      00000000              0
_CTMUCONHbits                     EXTERNAL      00000000              0
_CTMUCONL                         EXTERNAL      00000000              0
_CTMUCONLbits                     EXTERNAL      00000000              0
_CTMUICON                         EXTERNAL      00000000              0
_CTMUICONbits                     EXTERNAL      00000000              0
_DDRA                             EXTERNAL      00000000              0
_DDRAbits                         EXTERNAL      00000000              0
_DDRB                             EXTERNAL      00000000              0
_DDRBbits                         EXTERNAL      00000000              0
_DDRC                             EXTERNAL      00000000              0
_DDRCbits                         EXTERNAL      00000000              0
_ECCP1AS                          EXTERNAL      00000000              0
_ECCP1ASbits                      EXTERNAL      00000000              0
_ECCP1CON                         EXTERNAL      00000000              0
_ECCP1CONbits                     EXTERNAL      00000000              0
_ECCP1DEL                         EXTERNAL      00000000              0
_ECCP1DELbits                     EXTERNAL      00000000              0
_ECCP2CON                         EXTERNAL      00000000              0
_ECCP2CONbits                     EXTERNAL      00000000              0
_EEADR                            EXTERNAL      00000000              0
_EECON1                           EXTERNAL      00000000              0
_EECON1bits                       EXTERNAL      00000000              0
_EECON2                           EXTERNAL      00000000              0
_EEDATA                           EXTERNAL      00000000              0
gpasm-1.5.2 #0 (Sep 16 2019) build/default/pr   9-16-2019  13:05:27         PAGE 19


SYMBOL TABLE
  LABEL                              TYPE        VALUE         VALUE          VALUE
                                                 (hex)         (dec)          (text)

_FSR0H                            EXTERNAL      00000000              0
_FSR0L                            EXTERNAL      00000000              0
_FSR1H                            EXTERNAL      00000000              0
_FSR1L                            EXTERNAL      00000000              0
_FSR2H                            EXTERNAL      00000000              0
_FSR2L                            EXTERNAL      00000000              0
_HLVDCON                          EXTERNAL      00000000              0
_HLVDCONbits                      EXTERNAL      00000000              0
_INDF0                            EXTERNAL      00000000              0
_INDF1                            EXTERNAL      00000000              0
_INDF2                            EXTERNAL      00000000              0
_INTCON                           EXTERNAL      00000000              0
_INTCON2                          EXTERNAL      00000000              0
_INTCON2bits                      EXTERNAL      00000000              0
_INTCON3                          EXTERNAL      00000000              0
_INTCON3bits                      EXTERNAL      00000000              0
_INTCONbits                       EXTERNAL      00000000              0
_IOCB                             EXTERNAL      00000000              0
_IOCBbits                         EXTERNAL      00000000              0
_IOCC                             EXTERNAL      00000000              0
_IOCCbits                         EXTERNAL      00000000              0
_IPR1                             EXTERNAL      00000000              0
_IPR1bits                         EXTERNAL      00000000              0
_IPR2                             EXTERNAL      00000000              0
_IPR2bits                         EXTERNAL      00000000              0
_IPR3                             EXTERNAL      00000000              0
_IPR3bits                         EXTERNAL      00000000              0
_LATA                             EXTERNAL      00000000              0
_LATAbits                         EXTERNAL      00000000              0
_LATB                             EXTERNAL      00000000              0
_LATBbits                         EXTERNAL      00000000              0
_LATC                             EXTERNAL      00000000              0
_LATCbits                         EXTERNAL      00000000              0
_OSCCON                           EXTERNAL      00000000              0
_OSCCON2                          EXTERNAL      00000000              0
_OSCCON2bits                      EXTERNAL      00000000              0
_OSCCONbits                       EXTERNAL      00000000              0
_OSCTUNE                          EXTERNAL      00000000              0
_OSCTUNEbits                      EXTERNAL      00000000              0
_PC                               EXTERNAL      00000000              0
_PCL                              EXTERNAL      00000000              0
_PCLATH                           EXTERNAL      00000000              0
_PCLATU                           EXTERNAL      00000000              0
_PIE1                             EXTERNAL      00000000              0
_PIE1bits                         EXTERNAL      00000000              0
_PIE2                             EXTERNAL      00000000              0
_PIE2bits                         EXTERNAL      00000000              0
_PIE3                             EXTERNAL      00000000              0
_PIE3bits                         EXTERNAL      00000000              0
_PIR1                             EXTERNAL      00000000              0
_PIR1bits                         EXTERNAL      00000000              0
_PIR2                             EXTERNAL      00000000              0
gpasm-1.5.2 #0 (Sep 16 2019) build/default/pr   9-16-2019  13:05:27         PAGE 20


SYMBOL TABLE
  LABEL                              TYPE        VALUE         VALUE          VALUE
                                                 (hex)         (dec)          (text)

_PIR2bits                         EXTERNAL      00000000              0
_PIR3                             EXTERNAL      00000000              0
_PIR3bits                         EXTERNAL      00000000              0
_PLUSW0                           EXTERNAL      00000000              0
_PLUSW1                           EXTERNAL      00000000              0
_PLUSW2                           EXTERNAL      00000000              0
_PMD0                             EXTERNAL      00000000              0
_PMD0bits                         EXTERNAL      00000000              0
_PMD1                             EXTERNAL      00000000              0
_PMD1bits                         EXTERNAL      00000000              0
_PORTA                            EXTERNAL      00000000              0
_PORTAbits                        EXTERNAL      00000000              0
_PORTB                            EXTERNAL      00000000              0
_PORTBbits                        EXTERNAL      00000000              0
_PORTC                            EXTERNAL      00000000              0
_PORTCbits                        EXTERNAL      00000000              0
_PORTE                            EXTERNAL      00000000              0
_PORTEbits                        EXTERNAL      00000000              0
_POSTDEC0                         EXTERNAL      00000000              0
_POSTDEC1                         EXTERNAL      00000000              0
_POSTDEC2                         EXTERNAL      00000000              0
_POSTINC0                         EXTERNAL      00000000              0
_POSTINC1                         EXTERNAL      00000000              0
_POSTINC2                         EXTERNAL      00000000              0
_PR2                              EXTERNAL      00000000              0
_PREINC0                          EXTERNAL      00000000              0
_PREINC1                          EXTERNAL      00000000              0
_PREINC2                          EXTERNAL      00000000              0
_PROD                             EXTERNAL      00000000              0
_PRODH                            EXTERNAL      00000000              0
_PRODL                            EXTERNAL      00000000              0
_PSTR1CON                         EXTERNAL      00000000              0
_PSTR1CONbits                     EXTERNAL      00000000              0
_PWM1CON                          EXTERNAL      00000000              0
_PWM1CONbits                      EXTERNAL      00000000              0
_RCON                             EXTERNAL      00000000              0
_RCONbits                         EXTERNAL      00000000              0
_RCREG                            EXTERNAL      00000000              0
_RCREG1                           EXTERNAL      00000000              0
_RCSTA                            EXTERNAL      00000000              0
_RCSTA1                           EXTERNAL      00000000              0
_RCSTA1bits                       EXTERNAL      00000000              0
_RCSTAbits                        EXTERNAL      00000000              0
_SLRCON                           EXTERNAL      00000000              0
_SLRCONbits                       EXTERNAL      00000000              0
_SPBRG                            EXTERNAL      00000000              0
_SPBRG1                           EXTERNAL      00000000              0
_SPBRG1bits                       EXTERNAL      00000000              0
_SPBRGH                           EXTERNAL      00000000              0
_SPBRGH1                          EXTERNAL      00000000              0
_SPBRGH1bits                      EXTERNAL      00000000              0
_SPBRGHbits                       EXTERNAL      00000000              0
gpasm-1.5.2 #0 (Sep 16 2019) build/default/pr   9-16-2019  13:05:27         PAGE 21


SYMBOL TABLE
  LABEL                              TYPE        VALUE         VALUE          VALUE
                                                 (hex)         (dec)          (text)

_SPBRGbits                        EXTERNAL      00000000              0
_SRCON0                           EXTERNAL      00000000              0
_SRCON0bits                       EXTERNAL      00000000              0
_SRCON1                           EXTERNAL      00000000              0
_SRCON1bits                       EXTERNAL      00000000              0
_SSP1ADD                          EXTERNAL      00000000              0
_SSP1ADDbits                      EXTERNAL      00000000              0
_SSP1BUF                          EXTERNAL      00000000              0
_SSP1CON1                         EXTERNAL      00000000              0
_SSP1CON1bits                     EXTERNAL      00000000              0
_SSP1CON2                         EXTERNAL      00000000              0
_SSP1CON2bits                     EXTERNAL      00000000              0
_SSP1CON3                         EXTERNAL      00000000              0
_SSP1CON3bits                     EXTERNAL      00000000              0
_SSP1MSK                          EXTERNAL      00000000              0
_SSP1MSKbits                      EXTERNAL      00000000              0
_SSP1STAT                         EXTERNAL      00000000              0
_SSP1STATbits                     EXTERNAL      00000000              0
_SSPADD                           EXTERNAL      00000000              0
_SSPADDbits                       EXTERNAL      00000000              0
_SSPBUF                           EXTERNAL      00000000              0
_SSPCON                           EXTERNAL      00000000              0
_SSPCON1                          EXTERNAL      00000000              0
_SSPCON1bits                      EXTERNAL      00000000              0
_SSPCON2                          EXTERNAL      00000000              0
_SSPCON2bits                      EXTERNAL      00000000              0
_SSPCON3                          EXTERNAL      00000000              0
_SSPCON3bits                      EXTERNAL      00000000              0
_SSPCONbits                       EXTERNAL      00000000              0
_SSPMSK                           EXTERNAL      00000000              0
_SSPMSKbits                       EXTERNAL      00000000              0
_SSPSTAT                          EXTERNAL      00000000              0
_SSPSTATbits                      EXTERNAL      00000000              0
_STATUS                           EXTERNAL      00000000              0
_STATUSbits                       EXTERNAL      00000000              0
_STCON                            EXTERNAL      00000000              0
_STCONbits                        EXTERNAL      00000000              0
_STKPTR                           EXTERNAL      00000000              0
_STKPTRbits                       EXTERNAL      00000000              0
_T0CON                            EXTERNAL      00000000              0
_T0CONbits                        EXTERNAL      00000000              0
_T1CON                            EXTERNAL      00000000              0
_T1CONbits                        EXTERNAL      00000000              0
_T1GCON                           EXTERNAL      00000000              0
_T1GCONbits                       EXTERNAL      00000000              0
_T2CON                            EXTERNAL      00000000              0
_T2CONbits                        EXTERNAL      00000000              0
_T3CON                            EXTERNAL      00000000              0
_T3CONbits                        EXTERNAL      00000000              0
_T3GCON                           EXTERNAL      00000000              0
_T3GCONbits                       EXTERNAL      00000000              0
_TABLAT                           EXTERNAL      00000000              0
gpasm-1.5.2 #0 (Sep 16 2019) build/default/pr   9-16-2019  13:05:27         PAGE 22


SYMBOL TABLE
  LABEL                              TYPE        VALUE         VALUE          VALUE
                                                 (hex)         (dec)          (text)

_TBLPTR                           EXTERNAL      00000000              0
_TBLPTRH                          EXTERNAL      00000000              0
_TBLPTRL                          EXTERNAL      00000000              0
_TBLPTRU                          EXTERNAL      00000000              0
_TMR0                             EXTERNAL      00000000              0
_TMR0H                            EXTERNAL      00000000              0
_TMR0L                            EXTERNAL      00000000              0
_TMR1                             EXTERNAL      00000000              0
_TMR1H                            EXTERNAL      00000000              0
_TMR1L                            EXTERNAL      00000000              0
_TMR2                             EXTERNAL      00000000              0
_TMR3                             EXTERNAL      00000000              0
_TMR3H                            EXTERNAL      00000000              0
_TMR3L                            EXTERNAL      00000000              0
_TOS                              EXTERNAL      00000000              0
_TOSH                             EXTERNAL      00000000              0
_TOSL                             EXTERNAL      00000000              0
_TOSU                             EXTERNAL      00000000              0
_TRISA                            EXTERNAL      00000000              0
_TRISAbits                        EXTERNAL      00000000              0
_TRISB                            EXTERNAL      00000000              0
_TRISBbits                        EXTERNAL      00000000              0
_TRISC                            EXTERNAL      00000000              0
_TRISCbits                        EXTERNAL      00000000              0
_TXREG                            EXTERNAL      00000000              0
_TXREG1                           EXTERNAL      00000000              0
_TXSTA                            EXTERNAL      00000000              0
_TXSTA1                           EXTERNAL      00000000              0
_TXSTA1bits                       EXTERNAL      00000000              0
_TXSTAbits                        EXTERNAL      00000000              0
_UADDR                            EXTERNAL      00000000              0
_UADDRbits                        EXTERNAL      00000000              0
_UCFG                             EXTERNAL      00000000              0
_UCFGbits                         EXTERNAL      00000000              0
_UCON                             EXTERNAL      00000000              0
_UCONbits                         EXTERNAL      00000000              0
_UEIE                             EXTERNAL      00000000              0
_UEIEbits                         EXTERNAL      00000000              0
_UEIR                             EXTERNAL      00000000              0
_UEIRbits                         EXTERNAL      00000000              0
_UEP0                             EXTERNAL      00000000              0
_UEP0bits                         EXTERNAL      00000000              0
_UEP1                             EXTERNAL      00000000              0
_UEP1bits                         EXTERNAL      00000000              0
_UEP2                             EXTERNAL      00000000              0
_UEP2bits                         EXTERNAL      00000000              0
_UEP3                             EXTERNAL      00000000              0
_UEP3bits                         EXTERNAL      00000000              0
_UEP4                             EXTERNAL      00000000              0
_UEP4bits                         EXTERNAL      00000000              0
_UEP5                             EXTERNAL      00000000              0
_UEP5bits                         EXTERNAL      00000000              0
gpasm-1.5.2 #0 (Sep 16 2019) build/default/pr   9-16-2019  13:05:27         PAGE 23


SYMBOL TABLE
  LABEL                              TYPE        VALUE         VALUE          VALUE
                                                 (hex)         (dec)          (text)

_UEP6                             EXTERNAL      00000000              0
_UEP6bits                         EXTERNAL      00000000              0
_UEP7                             EXTERNAL      00000000              0
_UEP7bits                         EXTERNAL      00000000              0
_UEP8                             EXTERNAL      00000000              0
_UEP8bits                         EXTERNAL      00000000              0
_UEP9                             EXTERNAL      00000000              0
_UEP9bits                         EXTERNAL      00000000              0
_UEP10                            EXTERNAL      00000000              0
_UEP10bits                        EXTERNAL      00000000              0
_UEP11                            EXTERNAL      00000000              0
_UEP11bits                        EXTERNAL      00000000              0
_UEP12                            EXTERNAL      00000000              0
_UEP12bits                        EXTERNAL      00000000              0
_UEP13                            EXTERNAL      00000000              0
_UEP13bits                        EXTERNAL      00000000              0
_UEP14                            EXTERNAL      00000000              0
_UEP14bits                        EXTERNAL      00000000              0
_UEP15                            EXTERNAL      00000000              0
_UEP15bits                        EXTERNAL      00000000              0
_UFRM                             EXTERNAL      00000000              0
_UFRMH                            EXTERNAL      00000000              0
_UFRMHbits                        EXTERNAL      00000000              0
_UFRML                            EXTERNAL      00000000              0
_UFRMLbits                        EXTERNAL      00000000              0
_UIE                              EXTERNAL      00000000              0
_UIEbits                          EXTERNAL      00000000              0
_UIR                              EXTERNAL      00000000              0
_UIRbits                          EXTERNAL      00000000              0
_USTAT                            EXTERNAL      00000000              0
_USTATbits                        EXTERNAL      00000000              0
_VREFCON0                         EXTERNAL      00000000              0
_VREFCON0bits                     EXTERNAL      00000000              0
_VREFCON1                         EXTERNAL      00000000              0
_VREFCON1bits                     EXTERNAL      00000000              0
_VREFCON2                         EXTERNAL      00000000              0
_VREFCON2bits                     EXTERNAL      00000000              0
_VREGCON                          EXTERNAL      00000000              0
_WDTCON                           EXTERNAL      00000000              0
_WDTCONbits                       EXTERNAL      00000000              0
_WPUB                             EXTERNAL      00000000              0
_WPUBbits                         EXTERNAL      00000000              0
_WREG                             EXTERNAL      00000000              0
__16_BIT                          CONSTANT      00000001              1
__18F25K50                        CONSTANT      00000001              1
__ACC_RAM_LOW_END                 CONSTANT      0000005F             95
__ACC_RAM_LOW_START               CONSTANT      00000000              0
__ACTIVE_BANK_ADDR                VARIABLE      FFFFFFFF             -1
__ASSUMED_BANK_ADDR               VARIABLE      FFFFFFFF             -1
__BANK_0                          CONSTANT      00000000              0
__BANK_1                          CONSTANT      00000100            256
__BANK_2                          CONSTANT      00000200            512
gpasm-1.5.2 #0 (Sep 16 2019) build/default/pr   9-16-2019  13:05:27         PAGE 24


SYMBOL TABLE
  LABEL                              TYPE        VALUE         VALUE          VALUE
                                                 (hex)         (dec)          (text)

__BANK_3                          CONSTANT      00000300            768
__BANK_4                          CONSTANT      00000400           1024
__BANK_5                          CONSTANT      00000500           1280
__BANK_6                          CONSTANT      00000600           1536
__BANK_7                          CONSTANT      00000700           1792
__BANK_8                          CONSTANT      00000800           2048
__BANK_9                          CONSTANT      00000900           2304
__BANK_10                         CONSTANT      00000A00           2560
__BANK_11                         CONSTANT      00000B00           2816
__BANK_12                         CONSTANT      00000C00           3072
__BANK_13                         CONSTANT      00000D00           3328
__BANK_14                         CONSTANT      00000E00           3584
__BANK_15                         CONSTANT      00000F00           3840
__BANK_BITS                       CONSTANT      00000F00           3840
__BANK_FIRST                      CONSTANT      00000000              0
__BANK_INV                        CONSTANT      FFFFFFFF             -1
__BANK_LAST                       CONSTANT      00000F00           3840
__BANK_MASK                       CONSTANT      000000FF            255
__BANK_SHIFT                      CONSTANT      00000008              8
__BANK_SIZE                       CONSTANT      00000100            256
__CODE_END                        CONSTANT      00007FFF          32767
__CODE_START                      CONSTANT      00000000              0
__COMMON_RAM_END                  CONSTANT      0000005F             95
__COMMON_RAM_START                CONSTANT      00000000              0
__CONFIG_END                      CONSTANT      0030000D        3145741
__CONFIG_START                    CONSTANT      00300000        3145728
__EEPROM_END                      CONSTANT      00F000FF       15728895
__EEPROM_START                    CONSTANT      00F00000       15728640
__EXTENDED                        CONSTANT      00000001              1
__GPUTILS_SVN_VERSION             CONSTANT      00000000              0
__GPUTILS_VERSION_MAJOR           CONSTANT      00000001              1
__GPUTILS_VERSION_MICRO           CONSTANT      00000002              2
__GPUTILS_VERSION_MINOR           CONSTANT      00000005              5
__IDLOCS_END                      CONSTANT      00200007        2097159
__IDLOCS_START                    CONSTANT      00200000        2097152
__NUM_BANKS                       CONSTANT      00000010             16
__VECTOR_INT_HIGH                 CONSTANT      00000008              8
__VECTOR_INT_LOW                  CONSTANT      00000018             24
__VECTOR_RESET                    CONSTANT      00000000              0
__WHILE_LOOP_COUNT_MAX            CONSTANT      000000FF            255
__gptrget1                        EXTERNAL      00000000              0
_buffer                           GLOBAL        00000000              0
_buffer_flush                     GLOBAL        00000000              0
_buffer_init                      GLOBAL        00000000              0
_buffer_put                       GLOBAL        00000000              0
_buffer_putch                     GLOBAL        00000000              0
_buffer_puts                      GLOBAL        00000000              0
r0x00                             STATIC        00000000              0
r0x01                             STATIC        00000001              1
r0x02                             STATIC        00000002              2
r0x03                             STATIC        00000003              3
r0x04                             STATIC        00000004              4
gpasm-1.5.2 #0 (Sep 16 2019) build/default/pr   9-16-2019  13:05:27         PAGE 25


SYMBOL TABLE
  LABEL                              TYPE        VALUE         VALUE          VALUE
                                                 (hex)         (dec)          (text)

r0x05                             STATIC        00000005              5
r0x06                             STATIC        00000006              6
r0x07                             STATIC        00000007              7
r0x08                             STATIC        00000008              8
r0x09                             STATIC        00000009              9

Errors   :     0
Warnings :     0 reported,     0 suppressed
Messages :     0 reported,     0 suppressed

