gpasm-1.5.2 #0 (Sep 16 2019) build/default/pr   9-16-2019  13:05:27         PAGE  1


LOC    OBJECT CODE    LINE  SOURCE TEXT
  VALUE

                      00001 ;--------------------------------------------------------
                      00002 ; File Created by SDCC : free open source ANSI-C Compiler
                      00003 ; Version 3.9.3 #11377 (MINGW64)
                      00004 ;--------------------------------------------------------
                      00005 ; PIC16 port for the Microchip 16-bit core micros
                      00006 ;--------------------------------------------------------
                      00007         list    p=18f25k50
                      00008         radix   dec
                      00009 
                      00010 
                      00011 ;--------------------------------------------------------
                      00012 ; public variables in this module
                      00013 ;--------------------------------------------------------
  0000                00014         global  _delay_us
  0000                00015         global  _delay_ms
                      00016 
                      00017 ;--------------------------------------------------------
                      00018 ; extern variables in this module
                      00019 ;--------------------------------------------------------
  0000                00020         extern  _SRCON1bits
  0000                00021         extern  _SRCON0bits
  0000                00022         extern  _CCPTMRSbits
  0000                00023         extern  _ANSELAbits
  0000                00024         extern  _ANSELBbits
  0000                00025         extern  _ANSELCbits
  0000                00026         extern  _UCONbits
  0000                00027         extern  _USTATbits
  0000                00028         extern  _UCFGbits
  0000                00029         extern  _UADDRbits
  0000                00030         extern  _UIEbits
  0000                00031         extern  _UIRbits
  0000                00032         extern  _UEIEbits
  0000                00033         extern  _UEIRbits
  0000                00034         extern  _UFRMLbits
  0000                00035         extern  _UFRMHbits
  0000                00036         extern  _UEP0bits
  0000                00037         extern  _UEP1bits
  0000                00038         extern  _UEP2bits
  0000                00039         extern  _UEP3bits
  0000                00040         extern  _UEP4bits
  0000                00041         extern  _UEP5bits
  0000                00042         extern  _UEP6bits
  0000                00043         extern  _UEP7bits
  0000                00044         extern  _UEP8bits
  0000                00045         extern  _UEP9bits
  0000                00046         extern  _UEP10bits
  0000                00047         extern  _UEP11bits
  0000                00048         extern  _UEP12bits
  0000                00049         extern  _UEP13bits
  0000                00050         extern  _UEP14bits
  0000                00051         extern  _UEP15bits
  0000                00052         extern  _SLRCONbits
  0000                00053         extern  _VREFCON2bits
gpasm-1.5.2 #0 (Sep 16 2019) build/default/pr   9-16-2019  13:05:27         PAGE  2


LOC    OBJECT CODE    LINE  SOURCE TEXT
  VALUE

  0000                00054         extern  _VREFCON1bits
  0000                00055         extern  _VREFCON0bits
  0000                00056         extern  _PMD0bits
  0000                00057         extern  _PMD1bits
  0000                00058         extern  _PORTAbits
  0000                00059         extern  _PORTBbits
  0000                00060         extern  _PORTCbits
  0000                00061         extern  _PORTEbits
  0000                00062         extern  _WPUBbits
  0000                00063         extern  _IOCBbits
  0000                00064         extern  _IOCCbits
  0000                00065         extern  _CTMUICONbits
  0000                00066         extern  _LATAbits
  0000                00067         extern  _LATBbits
  0000                00068         extern  _LATCbits
  0000                00069         extern  _CTMUCON1bits
  0000                00070         extern  _CTMUCONLbits
  0000                00071         extern  _CTMUCON0bits
  0000                00072         extern  _CTMUCONHbits
  0000                00073         extern  _DDRAbits
  0000                00074         extern  _TRISAbits
  0000                00075         extern  _DDRBbits
  0000                00076         extern  _TRISBbits
  0000                00077         extern  _DDRCbits
  0000                00078         extern  _TRISCbits
  0000                00079         extern  _CCP2CONbits
  0000                00080         extern  _ECCP2CONbits
  0000                00081         extern  _CM1CON0bits
  0000                00082         extern  _CM2CON0bits
  0000                00083         extern  _CM2CON1bits
  0000                00084         extern  _OSCTUNEbits
  0000                00085         extern  _HLVDCONbits
  0000                00086         extern  _PIE1bits
  0000                00087         extern  _PIR1bits
  0000                00088         extern  _IPR1bits
  0000                00089         extern  _PIE2bits
  0000                00090         extern  _PIR2bits
  0000                00091         extern  _IPR2bits
  0000                00092         extern  _PIE3bits
  0000                00093         extern  _PIR3bits
  0000                00094         extern  _IPR3bits
  0000                00095         extern  _EECON1bits
  0000                00096         extern  _RCSTAbits
  0000                00097         extern  _RCSTA1bits
  0000                00098         extern  _TXSTAbits
  0000                00099         extern  _TXSTA1bits
  0000                00100         extern  _SPBRGbits
  0000                00101         extern  _SPBRG1bits
  0000                00102         extern  _SPBRGHbits
  0000                00103         extern  _SPBRGH1bits
  0000                00104         extern  _T3CONbits
  0000                00105         extern  _T3GCONbits
  0000                00106         extern  _ACTCONbits
gpasm-1.5.2 #0 (Sep 16 2019) build/default/pr   9-16-2019  13:05:27         PAGE  3


LOC    OBJECT CODE    LINE  SOURCE TEXT
  VALUE

  0000                00107         extern  _STCONbits
  0000                00108         extern  _ECCP1ASbits
  0000                00109         extern  _ECCP1DELbits
  0000                00110         extern  _PWM1CONbits
  0000                00111         extern  _BAUDCONbits
  0000                00112         extern  _BAUDCON1bits
  0000                00113         extern  _PSTR1CONbits
  0000                00114         extern  _T2CONbits
  0000                00115         extern  _CCP1CONbits
  0000                00116         extern  _ECCP1CONbits
  0000                00117         extern  _ADCON2bits
  0000                00118         extern  _ADCON1bits
  0000                00119         extern  _ADCON0bits
  0000                00120         extern  _SSP1CON2bits
  0000                00121         extern  _SSPCON2bits
  0000                00122         extern  _SSP1CON1bits
  0000                00123         extern  _SSPCONbits
  0000                00124         extern  _SSPCON1bits
  0000                00125         extern  _SSP1STATbits
  0000                00126         extern  _SSPSTATbits
  0000                00127         extern  _SSP1ADDbits
  0000                00128         extern  _SSPADDbits
  0000                00129         extern  _SSP1MSKbits
  0000                00130         extern  _SSPMSKbits
  0000                00131         extern  _SSP1CON3bits
  0000                00132         extern  _SSPCON3bits
  0000                00133         extern  _T1GCONbits
  0000                00134         extern  _T1CONbits
  0000                00135         extern  _RCONbits
  0000                00136         extern  _WDTCONbits
  0000                00137         extern  _OSCCON2bits
  0000                00138         extern  _OSCCONbits
  0000                00139         extern  _T0CONbits
  0000                00140         extern  _STATUSbits
  0000                00141         extern  _INTCON3bits
  0000                00142         extern  _INTCON2bits
  0000                00143         extern  _INTCONbits
  0000                00144         extern  _STKPTRbits
  0000                00145         extern  _dvar
  0000                00146         extern  _SRCON1
  0000                00147         extern  _SRCON0
  0000                00148         extern  _CCPTMRS
  0000                00149         extern  _VREGCON
  0000                00150         extern  _ANSELA
  0000                00151         extern  _ANSELB
  0000                00152         extern  _ANSELC
  0000                00153         extern  _UCON
  0000                00154         extern  _USTAT
  0000                00155         extern  _UCFG
  0000                00156         extern  _UADDR
  0000                00157         extern  _UIE
  0000                00158         extern  _UIR
  0000                00159         extern  _UEIE
gpasm-1.5.2 #0 (Sep 16 2019) build/default/pr   9-16-2019  13:05:27         PAGE  4


LOC    OBJECT CODE    LINE  SOURCE TEXT
  VALUE

  0000                00160         extern  _UEIR
  0000                00161         extern  _UFRM
  0000                00162         extern  _UFRML
  0000                00163         extern  _UFRMH
  0000                00164         extern  _UEP0
  0000                00165         extern  _UEP1
  0000                00166         extern  _UEP2
  0000                00167         extern  _UEP3
  0000                00168         extern  _UEP4
  0000                00169         extern  _UEP5
  0000                00170         extern  _UEP6
  0000                00171         extern  _UEP7
  0000                00172         extern  _UEP8
  0000                00173         extern  _UEP9
  0000                00174         extern  _UEP10
  0000                00175         extern  _UEP11
  0000                00176         extern  _UEP12
  0000                00177         extern  _UEP13
  0000                00178         extern  _UEP14
  0000                00179         extern  _UEP15
  0000                00180         extern  _SLRCON
  0000                00181         extern  _VREFCON2
  0000                00182         extern  _VREFCON1
  0000                00183         extern  _VREFCON0
  0000                00184         extern  _PMD0
  0000                00185         extern  _PMD1
  0000                00186         extern  _PORTA
  0000                00187         extern  _PORTB
  0000                00188         extern  _PORTC
  0000                00189         extern  _PORTE
  0000                00190         extern  _WPUB
  0000                00191         extern  _IOCB
  0000                00192         extern  _IOCC
  0000                00193         extern  _CTMUICON
  0000                00194         extern  _LATA
  0000                00195         extern  _LATB
  0000                00196         extern  _LATC
  0000                00197         extern  _CTMUCON1
  0000                00198         extern  _CTMUCONL
  0000                00199         extern  _CTMUCON0
  0000                00200         extern  _CTMUCONH
  0000                00201         extern  _CCPR2
  0000                00202         extern  _CCPR2L
  0000                00203         extern  _CCPR2H
  0000                00204         extern  _DDRA
  0000                00205         extern  _TRISA
  0000                00206         extern  _DDRB
  0000                00207         extern  _TRISB
  0000                00208         extern  _DDRC
  0000                00209         extern  _TRISC
  0000                00210         extern  _CCP2CON
  0000                00211         extern  _ECCP2CON
  0000                00212         extern  _CM1CON0
gpasm-1.5.2 #0 (Sep 16 2019) build/default/pr   9-16-2019  13:05:27         PAGE  5


LOC    OBJECT CODE    LINE  SOURCE TEXT
  VALUE

  0000                00213         extern  _CM2CON0
  0000                00214         extern  _CM2CON1
  0000                00215         extern  _OSCTUNE
  0000                00216         extern  _HLVDCON
  0000                00217         extern  _PIE1
  0000                00218         extern  _PIR1
  0000                00219         extern  _IPR1
  0000                00220         extern  _PIE2
  0000                00221         extern  _PIR2
  0000                00222         extern  _IPR2
  0000                00223         extern  _PIE3
  0000                00224         extern  _PIR3
  0000                00225         extern  _IPR3
  0000                00226         extern  _EECON1
  0000                00227         extern  _EECON2
  0000                00228         extern  _EEDATA
  0000                00229         extern  _EEADR
  0000                00230         extern  _RCSTA
  0000                00231         extern  _RCSTA1
  0000                00232         extern  _TXSTA
  0000                00233         extern  _TXSTA1
  0000                00234         extern  _TXREG
  0000                00235         extern  _TXREG1
  0000                00236         extern  _RCREG
  0000                00237         extern  _RCREG1
  0000                00238         extern  _SPBRG
  0000                00239         extern  _SPBRG1
  0000                00240         extern  _SPBRGH
  0000                00241         extern  _SPBRGH1
  0000                00242         extern  _T3CON
  0000                00243         extern  _TMR3
  0000                00244         extern  _TMR3L
  0000                00245         extern  _TMR3H
  0000                00246         extern  _T3GCON
  0000                00247         extern  _ACTCON
  0000                00248         extern  _STCON
  0000                00249         extern  _ECCP1AS
  0000                00250         extern  _ECCP1DEL
  0000                00251         extern  _PWM1CON
  0000                00252         extern  _BAUDCON
  0000                00253         extern  _BAUDCON1
  0000                00254         extern  _PSTR1CON
  0000                00255         extern  _T2CON
  0000                00256         extern  _PR2
  0000                00257         extern  _TMR2
  0000                00258         extern  _CCP1CON
  0000                00259         extern  _ECCP1CON
  0000                00260         extern  _CCPR1
  0000                00261         extern  _CCPR1L
  0000                00262         extern  _CCPR1H
  0000                00263         extern  _ADCON2
  0000                00264         extern  _ADCON1
  0000                00265         extern  _ADCON0
gpasm-1.5.2 #0 (Sep 16 2019) build/default/pr   9-16-2019  13:05:27         PAGE  6


LOC    OBJECT CODE    LINE  SOURCE TEXT
  VALUE

  0000                00266         extern  _ADRESL
  0000                00267         extern  _ADRESH
  0000                00268         extern  _SSP1CON2
  0000                00269         extern  _SSPCON2
  0000                00270         extern  _SSP1CON1
  0000                00271         extern  _SSPCON
  0000                00272         extern  _SSPCON1
  0000                00273         extern  _SSP1STAT
  0000                00274         extern  _SSPSTAT
  0000                00275         extern  _SSP1ADD
  0000                00276         extern  _SSPADD
  0000                00277         extern  _SSP1BUF
  0000                00278         extern  _SSPBUF
  0000                00279         extern  _SSP1MSK
  0000                00280         extern  _SSPMSK
  0000                00281         extern  _SSP1CON3
  0000                00282         extern  _SSPCON3
  0000                00283         extern  _T1GCON
  0000                00284         extern  _T1CON
  0000                00285         extern  _TMR1
  0000                00286         extern  _TMR1L
  0000                00287         extern  _TMR1H
  0000                00288         extern  _RCON
  0000                00289         extern  _WDTCON
  0000                00290         extern  _OSCCON2
  0000                00291         extern  _OSCCON
  0000                00292         extern  _T0CON
  0000                00293         extern  _TMR0
  0000                00294         extern  _TMR0L
  0000                00295         extern  _TMR0H
  0000                00296         extern  _STATUS
  0000                00297         extern  _FSR2L
  0000                00298         extern  _FSR2H
  0000                00299         extern  _PLUSW2
  0000                00300         extern  _PREINC2
  0000                00301         extern  _POSTDEC2
  0000                00302         extern  _POSTINC2
  0000                00303         extern  _INDF2
  0000                00304         extern  _BSR
  0000                00305         extern  _FSR1L
  0000                00306         extern  _FSR1H
  0000                00307         extern  _PLUSW1
  0000                00308         extern  _PREINC1
  0000                00309         extern  _POSTDEC1
  0000                00310         extern  _POSTINC1
  0000                00311         extern  _INDF1
  0000                00312         extern  _WREG
  0000                00313         extern  _FSR0L
  0000                00314         extern  _FSR0H
  0000                00315         extern  _PLUSW0
  0000                00316         extern  _PREINC0
  0000                00317         extern  _POSTDEC0
  0000                00318         extern  _POSTINC0
gpasm-1.5.2 #0 (Sep 16 2019) build/default/pr   9-16-2019  13:05:27         PAGE  7


LOC    OBJECT CODE    LINE  SOURCE TEXT
  VALUE

  0000                00319         extern  _INDF0
  0000                00320         extern  _INTCON3
  0000                00321         extern  _INTCON2
  0000                00322         extern  _INTCON
  0000                00323         extern  _PROD
  0000                00324         extern  _PRODL
  0000                00325         extern  _PRODH
  0000                00326         extern  _TABLAT
  0000                00327         extern  _TBLPTR
  0000                00328         extern  _TBLPTRL
  0000                00329         extern  _TBLPTRH
  0000                00330         extern  _TBLPTRU
  0000                00331         extern  _PC
  0000                00332         extern  _PCL
  0000                00333         extern  _PCLATH
  0000                00334         extern  _PCLATU
  0000                00335         extern  _STKPTR
  0000                00336         extern  _TOS
  0000                00337         extern  _TOSL
  0000                00338         extern  _TOSH
  0000                00339         extern  _TOSU
                      00340 
                      00341 ;--------------------------------------------------------
                      00342 ;       Equates to used internal registers
                      00343 ;--------------------------------------------------------
  00000FD8            00344 STATUS  equ     0xfd8
  00000FE1            00345 FSR1L   equ     0xfe1
  00000FE2            00346 FSR1H   equ     0xfe2
  00000FD9            00347 FSR2L   equ     0xfd9
  00000FDA            00348 FSR2H   equ     0xfda
  00000FE5            00349 POSTDEC1        equ     0xfe5
  00000FE4            00350 PREINC1 equ     0xfe4
  00000FDB            00351 PLUSW2  equ     0xfdb
                      00352 
                      00353 
                      00354 ; Internal registers
                      00355 .registers      udata_ovr       0x0000
000000                00356 r0x00   res     1
000001                00357 r0x01   res     1
000002                00358 r0x02   res     1
000003                00359 r0x03   res     1
                      00360 
                      00361 ;--------------------------------------------------------
                      00362 ; global & static initialisations
                      00363 ;--------------------------------------------------------
                      00364 ; I code from now on!
                      00365 ; ; Starting pCode block
                      00366 S_delay__delay_ms       code
000000                00367 _delay_ms:
                      00368 ;       .line   13; ../../../lib/delay.c        delay_ms(unsigned int x) {
000000 CFDA FFE5      00369         MOVFF   FSR2H, POSTDEC1
000004 CFD9 FFE5      00370         MOVFF   FSR2L, POSTDEC1
000008 CFE2 FFDA      00371         MOVFF   FSR1H, FSR2H
gpasm-1.5.2 #0 (Sep 16 2019) build/default/pr   9-16-2019  13:05:27         PAGE  8


LOC    OBJECT CODE    LINE  SOURCE TEXT
  VALUE

00000C CFE1 FFD9      00372         MOVFF   FSR1L, FSR2L
000010 C??? F???      00373         MOVFF   r0x00, POSTDEC1
000014 C??? F???      00374         MOVFF   r0x01, POSTDEC1
000018 C??? F???      00375         MOVFF   r0x02, POSTDEC1
00001C C??? F???      00376         MOVFF   r0x03, POSTDEC1
000020 0E03           00377         MOVLW   0x03
000022 CFDB F000      00378         MOVFF   PLUSW2, r0x00
000026 0E04           00379         MOVLW   0x04
000028 CFDB F000      00380         MOVFF   PLUSW2, r0x01
                      00381 ;       .line   14; ../../../lib/delay.c        unsigned char i = 255;
00002C 0EFF           00382         MOVLW   0xff
00002E 6E??           00383         MOVWF   r0x02
000030                00384 _00130_DS_:
                      00385 ;       .line   15; ../../../lib/delay.c        for(x; x > 0; x--) {
000030 50??           00386         MOVF    r0x00, W
000032 10??           00387         IORWF   r0x01, W
000034 E0??           00388         BZ      _00132_DS_
                      00389 ;       .line   16; ../../../lib/delay.c        while(i > 0) {
000036 C??? F???      00390         MOVFF   r0x02, r0x03
00003A                00391 _00113_DS_:
00003A 50??           00392         MOVF    r0x03, W
00003C E0??           00393         BZ      _00115_DS_
                      00394 ;       .line   17; ../../../lib/delay.c        i--;
00003E 06??           00395         DECF    r0x03, F
000040 D???           00396         BRA     _00113_DS_
000042                00397 _00115_DS_:
                      00398 ;       .line   20; ../../../lib/delay.c        while(i > 0) {
000042 0EFF           00399         MOVLW   0xff
000044 6E??           00400         MOVWF   r0x03
000046                00401 _00116_DS_:
000046 50??           00402         MOVF    r0x03, W
000048 E0??           00403         BZ      _00118_DS_
                      00404 ;       .line   21; ../../../lib/delay.c        i--;
00004A 06??           00405         DECF    r0x03, F
00004C D???           00406         BRA     _00116_DS_
00004E                00407 _00118_DS_:
                      00408 ;       .line   24; ../../../lib/delay.c        while(i > 0) {
00004E 0EFF           00409         MOVLW   0xff
000050 6E??           00410         MOVWF   r0x03
000052                00411 _00119_DS_:
000052 50??           00412         MOVF    r0x03, W
000054 E0??           00413         BZ      _00121_DS_
                      00414 ;       .line   25; ../../../lib/delay.c        i--;
000056 06??           00415         DECF    r0x03, F
000058 D???           00416         BRA     _00119_DS_
00005A                00417 _00121_DS_:
                      00418 ;       .line   28; ../../../lib/delay.c        while(i > 0) {
00005A 0EFF           00419         MOVLW   0xff
00005C 6E??           00420         MOVWF   r0x03
00005E                00421 _00122_DS_:
00005E 50??           00422         MOVF    r0x03, W
000060 E0??           00423         BZ      _00124_DS_
                      00424 ;       .line   29; ../../../lib/delay.c        i--;
gpasm-1.5.2 #0 (Sep 16 2019) build/default/pr   9-16-2019  13:05:27         PAGE  9


LOC    OBJECT CODE    LINE  SOURCE TEXT
  VALUE

000062 06??           00425         DECF    r0x03, F
000064 D???           00426         BRA     _00122_DS_
000066                00427 _00124_DS_:
                      00428 ;       .line   32; ../../../lib/delay.c        while(i > 0) {
000066 0E32           00429         MOVLW   0x32
000068 6E??           00430         MOVWF   r0x03
00006A                00431 _00125_DS_:
00006A 50??           00432         MOVF    r0x03, W
00006C E0??           00433         BZ      _00152_DS_
                      00434 ;       .line   33; ../../../lib/delay.c        i--;
00006E 06??           00435         DECF    r0x03, F
000070 D???           00436         BRA     _00125_DS_
000072                00437 _00152_DS_:
000072 C??? F???      00438         MOVFF   r0x03, r0x02
                      00439 ;       .line   15; ../../../lib/delay.c        for(x; x > 0; x--) {
000076 0EFF           00440         MOVLW   0xff
000078 26??           00441         ADDWF   r0x00, F
00007A 22??           00442         ADDWFC  r0x01, F
00007C D???           00443         BRA     _00130_DS_
00007E                00444 _00132_DS_:
                      00445 ;       .line   36; ../../../lib/delay.c        }
00007E CFE4 F000      00446         MOVFF   PREINC1, r0x03
000082 CFE4 F000      00447         MOVFF   PREINC1, r0x02
000086 CFE4 F000      00448         MOVFF   PREINC1, r0x01
00008A CFE4 F000      00449         MOVFF   PREINC1, r0x00
00008E CFE4 FFD9      00450         MOVFF   PREINC1, FSR2L
000092 CFE4 FFDA      00451         MOVFF   PREINC1, FSR2H
000096 0012           00452         RETURN  
                      00453 
                      00454 ; ; Starting pCode block
                      00455 S_delay__delay_us       code
000000                00456 _delay_us:
                      00457 ;       .line   5; ../../../lib/delay.c delay_us(unsigned char x) {
000000 CFDA FFE5      00458         MOVFF   FSR2H, POSTDEC1
000004 CFD9 FFE5      00459         MOVFF   FSR2L, POSTDEC1
000008 CFE2 FFDA      00460         MOVFF   FSR1H, FSR2H
00000C CFE1 FFD9      00461         MOVFF   FSR1L, FSR2L
000010 C??? F???      00462         MOVFF   r0x00, POSTDEC1
000014 0E03           00463         MOVLW   0x03
000016 CFDB F000      00464         MOVFF   PLUSW2, r0x00
00001A                00465 _00105_DS_:
                      00466 ;       .line   6; ../../../lib/delay.c while(x > 0) {
00001A 50??           00467         MOVF    r0x00, W
00001C E0??           00468         BZ      _00107_DS_
                      00469 ;       .line   7; ../../../lib/delay.c x--;
00001E 06??           00470         DECF    r0x00, F
000020 D???           00471         BRA     _00105_DS_
000022                00472 _00107_DS_:
000022 0000           00473         nop     
                      00474 ;       .line   10; ../../../lib/delay.c        }
000024 CFE4 F000      00475         MOVFF   PREINC1, r0x00
000028 CFE4 FFD9      00476         MOVFF   PREINC1, FSR2L
00002C CFE4 FFDA      00477         MOVFF   PREINC1, FSR2H
gpasm-1.5.2 #0 (Sep 16 2019) build/default/pr   9-16-2019  13:05:27         PAGE 10


LOC    OBJECT CODE    LINE  SOURCE TEXT
  VALUE

000030 0012           00478         RETURN  
                      00479 
                      00480 
                      00481 
                      00482 ; Statistics:
                      00483 ; code size:      202 (0x00ca) bytes ( 0.15%)
                      00484 ;                 101 (0x0065) words
                      00485 ; udata size:       0 (0x0000) bytes ( 0.00%)
                      00486 ; access size:      4 (0x0004) bytes
                      00487 
                      00488 
                      00489         end
gpasm-1.5.2 #0 (Sep 16 2019) build/default/pr   9-16-2019  13:05:27         PAGE 11


SYMBOL TABLE
  LABEL                              TYPE        VALUE         VALUE          VALUE
                                                 (hex)         (dec)          (text)

FSR1H                             CONSTANT      00000FE2           4066
FSR1L                             CONSTANT      00000FE1           4065
FSR2H                             CONSTANT      00000FDA           4058
FSR2L                             CONSTANT      00000FD9           4057
PLUSW2                            CONSTANT      00000FDB           4059
POSTDEC1                          CONSTANT      00000FE5           4069
PREINC1                           CONSTANT      00000FE4           4068
STATUS                            CONSTANT      00000FD8           4056
_00105_DS_                        ADDRESS       0000001A             26
_00107_DS_                        ADDRESS       00000022             34
_00113_DS_                        ADDRESS       0000003A             58
_00115_DS_                        ADDRESS       00000042             66
_00116_DS_                        ADDRESS       00000046             70
_00118_DS_                        ADDRESS       0000004E             78
_00119_DS_                        ADDRESS       00000052             82
_00121_DS_                        ADDRESS       0000005A             90
_00122_DS_                        ADDRESS       0000005E             94
_00124_DS_                        ADDRESS       00000066            102
_00125_DS_                        ADDRESS       0000006A            106
_00130_DS_                        ADDRESS       00000030             48
_00132_DS_                        ADDRESS       0000007E            126
_00152_DS_                        ADDRESS       00000072            114
_ACTCON                           EXTERNAL      00000000              0
_ACTCONbits                       EXTERNAL      00000000              0
_ADCON0                           EXTERNAL      00000000              0
_ADCON0bits                       EXTERNAL      00000000              0
_ADCON1                           EXTERNAL      00000000              0
_ADCON1bits                       EXTERNAL      00000000              0
_ADCON2                           EXTERNAL      00000000              0
_ADCON2bits                       EXTERNAL      00000000              0
_ADRESH                           EXTERNAL      00000000              0
_ADRESL                           EXTERNAL      00000000              0
_ANSELA                           EXTERNAL      00000000              0
_ANSELAbits                       EXTERNAL      00000000              0
_ANSELB                           EXTERNAL      00000000              0
_ANSELBbits                       EXTERNAL      00000000              0
_ANSELC                           EXTERNAL      00000000              0
_ANSELCbits                       EXTERNAL      00000000              0
_BAUDCON                          EXTERNAL      00000000              0
_BAUDCON1                         EXTERNAL      00000000              0
_BAUDCON1bits                     EXTERNAL      00000000              0
_BAUDCONbits                      EXTERNAL      00000000              0
_BSR                              EXTERNAL      00000000              0
_CCP1CON                          EXTERNAL      00000000              0
_CCP1CONbits                      EXTERNAL      00000000              0
_CCP2CON                          EXTERNAL      00000000              0
_CCP2CONbits                      EXTERNAL      00000000              0
_CCPR1                            EXTERNAL      00000000              0
_CCPR1H                           EXTERNAL      00000000              0
_CCPR1L                           EXTERNAL      00000000              0
_CCPR2                            EXTERNAL      00000000              0
_CCPR2H                           EXTERNAL      00000000              0
gpasm-1.5.2 #0 (Sep 16 2019) build/default/pr   9-16-2019  13:05:27         PAGE 12


SYMBOL TABLE
  LABEL                              TYPE        VALUE         VALUE          VALUE
                                                 (hex)         (dec)          (text)

_CCPR2L                           EXTERNAL      00000000              0
_CCPTMRS                          EXTERNAL      00000000              0
_CCPTMRSbits                      EXTERNAL      00000000              0
_CM1CON0                          EXTERNAL      00000000              0
_CM1CON0bits                      EXTERNAL      00000000              0
_CM2CON0                          EXTERNAL      00000000              0
_CM2CON0bits                      EXTERNAL      00000000              0
_CM2CON1                          EXTERNAL      00000000              0
_CM2CON1bits                      EXTERNAL      00000000              0
_CTMUCON0                         EXTERNAL      00000000              0
_CTMUCON0bits                     EXTERNAL      00000000              0
_CTMUCON1                         EXTERNAL      00000000              0
_CTMUCON1bits                     EXTERNAL      00000000              0
_CTMUCONH                         EXTERNAL      00000000              0
_CTMUCONHbits                     EXTERNAL      00000000              0
_CTMUCONL                         EXTERNAL      00000000              0
_CTMUCONLbits                     EXTERNAL      00000000              0
_CTMUICON                         EXTERNAL      00000000              0
_CTMUICONbits                     EXTERNAL      00000000              0
_DDRA                             EXTERNAL      00000000              0
_DDRAbits                         EXTERNAL      00000000              0
_DDRB                             EXTERNAL      00000000              0
_DDRBbits                         EXTERNAL      00000000              0
_DDRC                             EXTERNAL      00000000              0
_DDRCbits                         EXTERNAL      00000000              0
_ECCP1AS                          EXTERNAL      00000000              0
_ECCP1ASbits                      EXTERNAL      00000000              0
_ECCP1CON                         EXTERNAL      00000000              0
_ECCP1CONbits                     EXTERNAL      00000000              0
_ECCP1DEL                         EXTERNAL      00000000              0
_ECCP1DELbits                     EXTERNAL      00000000              0
_ECCP2CON                         EXTERNAL      00000000              0
_ECCP2CONbits                     EXTERNAL      00000000              0
_EEADR                            EXTERNAL      00000000              0
_EECON1                           EXTERNAL      00000000              0
_EECON1bits                       EXTERNAL      00000000              0
_EECON2                           EXTERNAL      00000000              0
_EEDATA                           EXTERNAL      00000000              0
_FSR0H                            EXTERNAL      00000000              0
_FSR0L                            EXTERNAL      00000000              0
_FSR1H                            EXTERNAL      00000000              0
_FSR1L                            EXTERNAL      00000000              0
_FSR2H                            EXTERNAL      00000000              0
_FSR2L                            EXTERNAL      00000000              0
_HLVDCON                          EXTERNAL      00000000              0
_HLVDCONbits                      EXTERNAL      00000000              0
_INDF0                            EXTERNAL      00000000              0
_INDF1                            EXTERNAL      00000000              0
_INDF2                            EXTERNAL      00000000              0
_INTCON                           EXTERNAL      00000000              0
_INTCON2                          EXTERNAL      00000000              0
_INTCON2bits                      EXTERNAL      00000000              0
gpasm-1.5.2 #0 (Sep 16 2019) build/default/pr   9-16-2019  13:05:27         PAGE 13


SYMBOL TABLE
  LABEL                              TYPE        VALUE         VALUE          VALUE
                                                 (hex)         (dec)          (text)

_INTCON3                          EXTERNAL      00000000              0
_INTCON3bits                      EXTERNAL      00000000              0
_INTCONbits                       EXTERNAL      00000000              0
_IOCB                             EXTERNAL      00000000              0
_IOCBbits                         EXTERNAL      00000000              0
_IOCC                             EXTERNAL      00000000              0
_IOCCbits                         EXTERNAL      00000000              0
_IPR1                             EXTERNAL      00000000              0
_IPR1bits                         EXTERNAL      00000000              0
_IPR2                             EXTERNAL      00000000              0
_IPR2bits                         EXTERNAL      00000000              0
_IPR3                             EXTERNAL      00000000              0
_IPR3bits                         EXTERNAL      00000000              0
_LATA                             EXTERNAL      00000000              0
_LATAbits                         EXTERNAL      00000000              0
_LATB                             EXTERNAL      00000000              0
_LATBbits                         EXTERNAL      00000000              0
_LATC                             EXTERNAL      00000000              0
_LATCbits                         EXTERNAL      00000000              0
_OSCCON                           EXTERNAL      00000000              0
_OSCCON2                          EXTERNAL      00000000              0
_OSCCON2bits                      EXTERNAL      00000000              0
_OSCCONbits                       EXTERNAL      00000000              0
_OSCTUNE                          EXTERNAL      00000000              0
_OSCTUNEbits                      EXTERNAL      00000000              0
_PC                               EXTERNAL      00000000              0
_PCL                              EXTERNAL      00000000              0
_PCLATH                           EXTERNAL      00000000              0
_PCLATU                           EXTERNAL      00000000              0
_PIE1                             EXTERNAL      00000000              0
_PIE1bits                         EXTERNAL      00000000              0
_PIE2                             EXTERNAL      00000000              0
_PIE2bits                         EXTERNAL      00000000              0
_PIE3                             EXTERNAL      00000000              0
_PIE3bits                         EXTERNAL      00000000              0
_PIR1                             EXTERNAL      00000000              0
_PIR1bits                         EXTERNAL      00000000              0
_PIR2                             EXTERNAL      00000000              0
_PIR2bits                         EXTERNAL      00000000              0
_PIR3                             EXTERNAL      00000000              0
_PIR3bits                         EXTERNAL      00000000              0
_PLUSW0                           EXTERNAL      00000000              0
_PLUSW1                           EXTERNAL      00000000              0
_PLUSW2                           EXTERNAL      00000000              0
_PMD0                             EXTERNAL      00000000              0
_PMD0bits                         EXTERNAL      00000000              0
_PMD1                             EXTERNAL      00000000              0
_PMD1bits                         EXTERNAL      00000000              0
_PORTA                            EXTERNAL      00000000              0
_PORTAbits                        EXTERNAL      00000000              0
_PORTB                            EXTERNAL      00000000              0
_PORTBbits                        EXTERNAL      00000000              0
gpasm-1.5.2 #0 (Sep 16 2019) build/default/pr   9-16-2019  13:05:27         PAGE 14


SYMBOL TABLE
  LABEL                              TYPE        VALUE         VALUE          VALUE
                                                 (hex)         (dec)          (text)

_PORTC                            EXTERNAL      00000000              0
_PORTCbits                        EXTERNAL      00000000              0
_PORTE                            EXTERNAL      00000000              0
_PORTEbits                        EXTERNAL      00000000              0
_POSTDEC0                         EXTERNAL      00000000              0
_POSTDEC1                         EXTERNAL      00000000              0
_POSTDEC2                         EXTERNAL      00000000              0
_POSTINC0                         EXTERNAL      00000000              0
_POSTINC1                         EXTERNAL      00000000              0
_POSTINC2                         EXTERNAL      00000000              0
_PR2                              EXTERNAL      00000000              0
_PREINC0                          EXTERNAL      00000000              0
_PREINC1                          EXTERNAL      00000000              0
_PREINC2                          EXTERNAL      00000000              0
_PROD                             EXTERNAL      00000000              0
_PRODH                            EXTERNAL      00000000              0
_PRODL                            EXTERNAL      00000000              0
_PSTR1CON                         EXTERNAL      00000000              0
_PSTR1CONbits                     EXTERNAL      00000000              0
_PWM1CON                          EXTERNAL      00000000              0
_PWM1CONbits                      EXTERNAL      00000000              0
_RCON                             EXTERNAL      00000000              0
_RCONbits                         EXTERNAL      00000000              0
_RCREG                            EXTERNAL      00000000              0
_RCREG1                           EXTERNAL      00000000              0
_RCSTA                            EXTERNAL      00000000              0
_RCSTA1                           EXTERNAL      00000000              0
_RCSTA1bits                       EXTERNAL      00000000              0
_RCSTAbits                        EXTERNAL      00000000              0
_SLRCON                           EXTERNAL      00000000              0
_SLRCONbits                       EXTERNAL      00000000              0
_SPBRG                            EXTERNAL      00000000              0
_SPBRG1                           EXTERNAL      00000000              0
_SPBRG1bits                       EXTERNAL      00000000              0
_SPBRGH                           EXTERNAL      00000000              0
_SPBRGH1                          EXTERNAL      00000000              0
_SPBRGH1bits                      EXTERNAL      00000000              0
_SPBRGHbits                       EXTERNAL      00000000              0
_SPBRGbits                        EXTERNAL      00000000              0
_SRCON0                           EXTERNAL      00000000              0
_SRCON0bits                       EXTERNAL      00000000              0
_SRCON1                           EXTERNAL      00000000              0
_SRCON1bits                       EXTERNAL      00000000              0
_SSP1ADD                          EXTERNAL      00000000              0
_SSP1ADDbits                      EXTERNAL      00000000              0
_SSP1BUF                          EXTERNAL      00000000              0
_SSP1CON1                         EXTERNAL      00000000              0
_SSP1CON1bits                     EXTERNAL      00000000              0
_SSP1CON2                         EXTERNAL      00000000              0
_SSP1CON2bits                     EXTERNAL      00000000              0
_SSP1CON3                         EXTERNAL      00000000              0
_SSP1CON3bits                     EXTERNAL      00000000              0
gpasm-1.5.2 #0 (Sep 16 2019) build/default/pr   9-16-2019  13:05:27         PAGE 15


SYMBOL TABLE
  LABEL                              TYPE        VALUE         VALUE          VALUE
                                                 (hex)         (dec)          (text)

_SSP1MSK                          EXTERNAL      00000000              0
_SSP1MSKbits                      EXTERNAL      00000000              0
_SSP1STAT                         EXTERNAL      00000000              0
_SSP1STATbits                     EXTERNAL      00000000              0
_SSPADD                           EXTERNAL      00000000              0
_SSPADDbits                       EXTERNAL      00000000              0
_SSPBUF                           EXTERNAL      00000000              0
_SSPCON                           EXTERNAL      00000000              0
_SSPCON1                          EXTERNAL      00000000              0
_SSPCON1bits                      EXTERNAL      00000000              0
_SSPCON2                          EXTERNAL      00000000              0
_SSPCON2bits                      EXTERNAL      00000000              0
_SSPCON3                          EXTERNAL      00000000              0
_SSPCON3bits                      EXTERNAL      00000000              0
_SSPCONbits                       EXTERNAL      00000000              0
_SSPMSK                           EXTERNAL      00000000              0
_SSPMSKbits                       EXTERNAL      00000000              0
_SSPSTAT                          EXTERNAL      00000000              0
_SSPSTATbits                      EXTERNAL      00000000              0
_STATUS                           EXTERNAL      00000000              0
_STATUSbits                       EXTERNAL      00000000              0
_STCON                            EXTERNAL      00000000              0
_STCONbits                        EXTERNAL      00000000              0
_STKPTR                           EXTERNAL      00000000              0
_STKPTRbits                       EXTERNAL      00000000              0
_T0CON                            EXTERNAL      00000000              0
_T0CONbits                        EXTERNAL      00000000              0
_T1CON                            EXTERNAL      00000000              0
_T1CONbits                        EXTERNAL      00000000              0
_T1GCON                           EXTERNAL      00000000              0
_T1GCONbits                       EXTERNAL      00000000              0
_T2CON                            EXTERNAL      00000000              0
_T2CONbits                        EXTERNAL      00000000              0
_T3CON                            EXTERNAL      00000000              0
_T3CONbits                        EXTERNAL      00000000              0
_T3GCON                           EXTERNAL      00000000              0
_T3GCONbits                       EXTERNAL      00000000              0
_TABLAT                           EXTERNAL      00000000              0
_TBLPTR                           EXTERNAL      00000000              0
_TBLPTRH                          EXTERNAL      00000000              0
_TBLPTRL                          EXTERNAL      00000000              0
_TBLPTRU                          EXTERNAL      00000000              0
_TMR0                             EXTERNAL      00000000              0
_TMR0H                            EXTERNAL      00000000              0
_TMR0L                            EXTERNAL      00000000              0
_TMR1                             EXTERNAL      00000000              0
_TMR1H                            EXTERNAL      00000000              0
_TMR1L                            EXTERNAL      00000000              0
_TMR2                             EXTERNAL      00000000              0
_TMR3                             EXTERNAL      00000000              0
_TMR3H                            EXTERNAL      00000000              0
_TMR3L                            EXTERNAL      00000000              0
gpasm-1.5.2 #0 (Sep 16 2019) build/default/pr   9-16-2019  13:05:27         PAGE 16


SYMBOL TABLE
  LABEL                              TYPE        VALUE         VALUE          VALUE
                                                 (hex)         (dec)          (text)

_TOS                              EXTERNAL      00000000              0
_TOSH                             EXTERNAL      00000000              0
_TOSL                             EXTERNAL      00000000              0
_TOSU                             EXTERNAL      00000000              0
_TRISA                            EXTERNAL      00000000              0
_TRISAbits                        EXTERNAL      00000000              0
_TRISB                            EXTERNAL      00000000              0
_TRISBbits                        EXTERNAL      00000000              0
_TRISC                            EXTERNAL      00000000              0
_TRISCbits                        EXTERNAL      00000000              0
_TXREG                            EXTERNAL      00000000              0
_TXREG1                           EXTERNAL      00000000              0
_TXSTA                            EXTERNAL      00000000              0
_TXSTA1                           EXTERNAL      00000000              0
_TXSTA1bits                       EXTERNAL      00000000              0
_TXSTAbits                        EXTERNAL      00000000              0
_UADDR                            EXTERNAL      00000000              0
_UADDRbits                        EXTERNAL      00000000              0
_UCFG                             EXTERNAL      00000000              0
_UCFGbits                         EXTERNAL      00000000              0
_UCON                             EXTERNAL      00000000              0
_UCONbits                         EXTERNAL      00000000              0
_UEIE                             EXTERNAL      00000000              0
_UEIEbits                         EXTERNAL      00000000              0
_UEIR                             EXTERNAL      00000000              0
_UEIRbits                         EXTERNAL      00000000              0
_UEP0                             EXTERNAL      00000000              0
_UEP0bits                         EXTERNAL      00000000              0
_UEP1                             EXTERNAL      00000000              0
_UEP1bits                         EXTERNAL      00000000              0
_UEP2                             EXTERNAL      00000000              0
_UEP2bits                         EXTERNAL      00000000              0
_UEP3                             EXTERNAL      00000000              0
_UEP3bits                         EXTERNAL      00000000              0
_UEP4                             EXTERNAL      00000000              0
_UEP4bits                         EXTERNAL      00000000              0
_UEP5                             EXTERNAL      00000000              0
_UEP5bits                         EXTERNAL      00000000              0
_UEP6                             EXTERNAL      00000000              0
_UEP6bits                         EXTERNAL      00000000              0
_UEP7                             EXTERNAL      00000000              0
_UEP7bits                         EXTERNAL      00000000              0
_UEP8                             EXTERNAL      00000000              0
_UEP8bits                         EXTERNAL      00000000              0
_UEP9                             EXTERNAL      00000000              0
_UEP9bits                         EXTERNAL      00000000              0
_UEP10                            EXTERNAL      00000000              0
_UEP10bits                        EXTERNAL      00000000              0
_UEP11                            EXTERNAL      00000000              0
_UEP11bits                        EXTERNAL      00000000              0
_UEP12                            EXTERNAL      00000000              0
_UEP12bits                        EXTERNAL      00000000              0
gpasm-1.5.2 #0 (Sep 16 2019) build/default/pr   9-16-2019  13:05:27         PAGE 17


SYMBOL TABLE
  LABEL                              TYPE        VALUE         VALUE          VALUE
                                                 (hex)         (dec)          (text)

_UEP13                            EXTERNAL      00000000              0
_UEP13bits                        EXTERNAL      00000000              0
_UEP14                            EXTERNAL      00000000              0
_UEP14bits                        EXTERNAL      00000000              0
_UEP15                            EXTERNAL      00000000              0
_UEP15bits                        EXTERNAL      00000000              0
_UFRM                             EXTERNAL      00000000              0
_UFRMH                            EXTERNAL      00000000              0
_UFRMHbits                        EXTERNAL      00000000              0
_UFRML                            EXTERNAL      00000000              0
_UFRMLbits                        EXTERNAL      00000000              0
_UIE                              EXTERNAL      00000000              0
_UIEbits                          EXTERNAL      00000000              0
_UIR                              EXTERNAL      00000000              0
_UIRbits                          EXTERNAL      00000000              0
_USTAT                            EXTERNAL      00000000              0
_USTATbits                        EXTERNAL      00000000              0
_VREFCON0                         EXTERNAL      00000000              0
_VREFCON0bits                     EXTERNAL      00000000              0
_VREFCON1                         EXTERNAL      00000000              0
_VREFCON1bits                     EXTERNAL      00000000              0
_VREFCON2                         EXTERNAL      00000000              0
_VREFCON2bits                     EXTERNAL      00000000              0
_VREGCON                          EXTERNAL      00000000              0
_WDTCON                           EXTERNAL      00000000              0
_WDTCONbits                       EXTERNAL      00000000              0
_WPUB                             EXTERNAL      00000000              0
_WPUBbits                         EXTERNAL      00000000              0
_WREG                             EXTERNAL      00000000              0
__16_BIT                          CONSTANT      00000001              1
__18F25K50                        CONSTANT      00000001              1
__ACC_RAM_LOW_END                 CONSTANT      0000005F             95
__ACC_RAM_LOW_START               CONSTANT      00000000              0
__ACTIVE_BANK_ADDR                VARIABLE      FFFFFFFF             -1
__ASSUMED_BANK_ADDR               VARIABLE      FFFFFFFF             -1
__BANK_0                          CONSTANT      00000000              0
__BANK_1                          CONSTANT      00000100            256
__BANK_2                          CONSTANT      00000200            512
__BANK_3                          CONSTANT      00000300            768
__BANK_4                          CONSTANT      00000400           1024
__BANK_5                          CONSTANT      00000500           1280
__BANK_6                          CONSTANT      00000600           1536
__BANK_7                          CONSTANT      00000700           1792
__BANK_8                          CONSTANT      00000800           2048
__BANK_9                          CONSTANT      00000900           2304
__BANK_10                         CONSTANT      00000A00           2560
__BANK_11                         CONSTANT      00000B00           2816
__BANK_12                         CONSTANT      00000C00           3072
__BANK_13                         CONSTANT      00000D00           3328
__BANK_14                         CONSTANT      00000E00           3584
__BANK_15                         CONSTANT      00000F00           3840
__BANK_BITS                       CONSTANT      00000F00           3840
gpasm-1.5.2 #0 (Sep 16 2019) build/default/pr   9-16-2019  13:05:27         PAGE 18


SYMBOL TABLE
  LABEL                              TYPE        VALUE         VALUE          VALUE
                                                 (hex)         (dec)          (text)

__BANK_FIRST                      CONSTANT      00000000              0
__BANK_INV                        CONSTANT      FFFFFFFF             -1
__BANK_LAST                       CONSTANT      00000F00           3840
__BANK_MASK                       CONSTANT      000000FF            255
__BANK_SHIFT                      CONSTANT      00000008              8
__BANK_SIZE                       CONSTANT      00000100            256
__CODE_END                        CONSTANT      00007FFF          32767
__CODE_START                      CONSTANT      00000000              0
__COMMON_RAM_END                  CONSTANT      0000005F             95
__COMMON_RAM_START                CONSTANT      00000000              0
__CONFIG_END                      CONSTANT      0030000D        3145741
__CONFIG_START                    CONSTANT      00300000        3145728
__EEPROM_END                      CONSTANT      00F000FF       15728895
__EEPROM_START                    CONSTANT      00F00000       15728640
__EXTENDED                        CONSTANT      00000001              1
__GPUTILS_SVN_VERSION             CONSTANT      00000000              0
__GPUTILS_VERSION_MAJOR           CONSTANT      00000001              1
__GPUTILS_VERSION_MICRO           CONSTANT      00000002              2
__GPUTILS_VERSION_MINOR           CONSTANT      00000005              5
__IDLOCS_END                      CONSTANT      00200007        2097159
__IDLOCS_START                    CONSTANT      00200000        2097152
__NUM_BANKS                       CONSTANT      00000010             16
__VECTOR_INT_HIGH                 CONSTANT      00000008              8
__VECTOR_INT_LOW                  CONSTANT      00000018             24
__VECTOR_RESET                    CONSTANT      00000000              0
__WHILE_LOOP_COUNT_MAX            CONSTANT      000000FF            255
_delay_ms                         GLOBAL        00000000              0
_delay_us                         GLOBAL        00000000              0
_dvar                             EXTERNAL      00000000              0
r0x00                             STATIC        00000000              0
r0x01                             STATIC        00000001              1
r0x02                             STATIC        00000002              2
r0x03                             STATIC        00000003              3

Errors   :     0
Warnings :     0 reported,     0 suppressed
Messages :     0 reported,     0 suppressed

