gpasm-1.5.2 #0 (Sep 16 2019) build/default/pr   9-16-2019  13:05:27         PAGE  1


LOC    OBJECT CODE    LINE  SOURCE TEXT
  VALUE

                      00001 ;--------------------------------------------------------
                      00002 ; File Created by SDCC : free open source ANSI-C Compiler
                      00003 ; Version 3.9.3 #11377 (MINGW64)
                      00004 ;--------------------------------------------------------
                      00005 ; PIC16 port for the Microchip 16-bit core micros
                      00006 ;--------------------------------------------------------
                      00007         list    p=18f25k50
                      00008         radix   dec
                      00009 
                      00010 
                      00011 ;--------------------------------------------------------
                      00012 ; public variables in this module
                      00013 ;--------------------------------------------------------
  0000                00014         global  _timer0_init
  0000                00015         global  _timer0_read_ps
  0000                00016         global  _timer1_init
  0000                00017         global  _timer2_init
                      00018 
                      00019 ;--------------------------------------------------------
                      00020 ; extern variables in this module
                      00021 ;--------------------------------------------------------
  0000                00022         extern  _SRCON1bits
  0000                00023         extern  _SRCON0bits
  0000                00024         extern  _CCPTMRSbits
  0000                00025         extern  _ANSELAbits
  0000                00026         extern  _ANSELBbits
  0000                00027         extern  _ANSELCbits
  0000                00028         extern  _UCONbits
  0000                00029         extern  _USTATbits
  0000                00030         extern  _UCFGbits
  0000                00031         extern  _UADDRbits
  0000                00032         extern  _UIEbits
  0000                00033         extern  _UIRbits
  0000                00034         extern  _UEIEbits
  0000                00035         extern  _UEIRbits
  0000                00036         extern  _UFRMLbits
  0000                00037         extern  _UFRMHbits
  0000                00038         extern  _UEP0bits
  0000                00039         extern  _UEP1bits
  0000                00040         extern  _UEP2bits
  0000                00041         extern  _UEP3bits
  0000                00042         extern  _UEP4bits
  0000                00043         extern  _UEP5bits
  0000                00044         extern  _UEP6bits
  0000                00045         extern  _UEP7bits
  0000                00046         extern  _UEP8bits
  0000                00047         extern  _UEP9bits
  0000                00048         extern  _UEP10bits
  0000                00049         extern  _UEP11bits
  0000                00050         extern  _UEP12bits
  0000                00051         extern  _UEP13bits
  0000                00052         extern  _UEP14bits
  0000                00053         extern  _UEP15bits
gpasm-1.5.2 #0 (Sep 16 2019) build/default/pr   9-16-2019  13:05:27         PAGE  2


LOC    OBJECT CODE    LINE  SOURCE TEXT
  VALUE

  0000                00054         extern  _SLRCONbits
  0000                00055         extern  _VREFCON2bits
  0000                00056         extern  _VREFCON1bits
  0000                00057         extern  _VREFCON0bits
  0000                00058         extern  _PMD0bits
  0000                00059         extern  _PMD1bits
  0000                00060         extern  _PORTAbits
  0000                00061         extern  _PORTBbits
  0000                00062         extern  _PORTCbits
  0000                00063         extern  _PORTEbits
  0000                00064         extern  _WPUBbits
  0000                00065         extern  _IOCBbits
  0000                00066         extern  _IOCCbits
  0000                00067         extern  _CTMUICONbits
  0000                00068         extern  _LATAbits
  0000                00069         extern  _LATBbits
  0000                00070         extern  _LATCbits
  0000                00071         extern  _CTMUCON1bits
  0000                00072         extern  _CTMUCONLbits
  0000                00073         extern  _CTMUCON0bits
  0000                00074         extern  _CTMUCONHbits
  0000                00075         extern  _DDRAbits
  0000                00076         extern  _TRISAbits
  0000                00077         extern  _DDRBbits
  0000                00078         extern  _TRISBbits
  0000                00079         extern  _DDRCbits
  0000                00080         extern  _TRISCbits
  0000                00081         extern  _CCP2CONbits
  0000                00082         extern  _ECCP2CONbits
  0000                00083         extern  _CM1CON0bits
  0000                00084         extern  _CM2CON0bits
  0000                00085         extern  _CM2CON1bits
  0000                00086         extern  _OSCTUNEbits
  0000                00087         extern  _HLVDCONbits
  0000                00088         extern  _PIE1bits
  0000                00089         extern  _PIR1bits
  0000                00090         extern  _IPR1bits
  0000                00091         extern  _PIE2bits
  0000                00092         extern  _PIR2bits
  0000                00093         extern  _IPR2bits
  0000                00094         extern  _PIE3bits
  0000                00095         extern  _PIR3bits
  0000                00096         extern  _IPR3bits
  0000                00097         extern  _EECON1bits
  0000                00098         extern  _RCSTAbits
  0000                00099         extern  _RCSTA1bits
  0000                00100         extern  _TXSTAbits
  0000                00101         extern  _TXSTA1bits
  0000                00102         extern  _SPBRGbits
  0000                00103         extern  _SPBRG1bits
  0000                00104         extern  _SPBRGHbits
  0000                00105         extern  _SPBRGH1bits
  0000                00106         extern  _T3CONbits
gpasm-1.5.2 #0 (Sep 16 2019) build/default/pr   9-16-2019  13:05:27         PAGE  3


LOC    OBJECT CODE    LINE  SOURCE TEXT
  VALUE

  0000                00107         extern  _T3GCONbits
  0000                00108         extern  _ACTCONbits
  0000                00109         extern  _STCONbits
  0000                00110         extern  _ECCP1ASbits
  0000                00111         extern  _ECCP1DELbits
  0000                00112         extern  _PWM1CONbits
  0000                00113         extern  _BAUDCONbits
  0000                00114         extern  _BAUDCON1bits
  0000                00115         extern  _PSTR1CONbits
  0000                00116         extern  _T2CONbits
  0000                00117         extern  _CCP1CONbits
  0000                00118         extern  _ECCP1CONbits
  0000                00119         extern  _ADCON2bits
  0000                00120         extern  _ADCON1bits
  0000                00121         extern  _ADCON0bits
  0000                00122         extern  _SSP1CON2bits
  0000                00123         extern  _SSPCON2bits
  0000                00124         extern  _SSP1CON1bits
  0000                00125         extern  _SSPCONbits
  0000                00126         extern  _SSPCON1bits
  0000                00127         extern  _SSP1STATbits
  0000                00128         extern  _SSPSTATbits
  0000                00129         extern  _SSP1ADDbits
  0000                00130         extern  _SSPADDbits
  0000                00131         extern  _SSP1MSKbits
  0000                00132         extern  _SSPMSKbits
  0000                00133         extern  _SSP1CON3bits
  0000                00134         extern  _SSPCON3bits
  0000                00135         extern  _T1GCONbits
  0000                00136         extern  _T1CONbits
  0000                00137         extern  _RCONbits
  0000                00138         extern  _WDTCONbits
  0000                00139         extern  _OSCCON2bits
  0000                00140         extern  _OSCCONbits
  0000                00141         extern  _T0CONbits
  0000                00142         extern  _STATUSbits
  0000                00143         extern  _INTCON3bits
  0000                00144         extern  _INTCON2bits
  0000                00145         extern  _INTCONbits
  0000                00146         extern  _STKPTRbits
  0000                00147         extern  _SRCON1
  0000                00148         extern  _SRCON0
  0000                00149         extern  _CCPTMRS
  0000                00150         extern  _VREGCON
  0000                00151         extern  _ANSELA
  0000                00152         extern  _ANSELB
  0000                00153         extern  _ANSELC
  0000                00154         extern  _UCON
  0000                00155         extern  _USTAT
  0000                00156         extern  _UCFG
  0000                00157         extern  _UADDR
  0000                00158         extern  _UIE
  0000                00159         extern  _UIR
gpasm-1.5.2 #0 (Sep 16 2019) build/default/pr   9-16-2019  13:05:27         PAGE  4


LOC    OBJECT CODE    LINE  SOURCE TEXT
  VALUE

  0000                00160         extern  _UEIE
  0000                00161         extern  _UEIR
  0000                00162         extern  _UFRM
  0000                00163         extern  _UFRML
  0000                00164         extern  _UFRMH
  0000                00165         extern  _UEP0
  0000                00166         extern  _UEP1
  0000                00167         extern  _UEP2
  0000                00168         extern  _UEP3
  0000                00169         extern  _UEP4
  0000                00170         extern  _UEP5
  0000                00171         extern  _UEP6
  0000                00172         extern  _UEP7
  0000                00173         extern  _UEP8
  0000                00174         extern  _UEP9
  0000                00175         extern  _UEP10
  0000                00176         extern  _UEP11
  0000                00177         extern  _UEP12
  0000                00178         extern  _UEP13
  0000                00179         extern  _UEP14
  0000                00180         extern  _UEP15
  0000                00181         extern  _SLRCON
  0000                00182         extern  _VREFCON2
  0000                00183         extern  _VREFCON1
  0000                00184         extern  _VREFCON0
  0000                00185         extern  _PMD0
  0000                00186         extern  _PMD1
  0000                00187         extern  _PORTA
  0000                00188         extern  _PORTB
  0000                00189         extern  _PORTC
  0000                00190         extern  _PORTE
  0000                00191         extern  _WPUB
  0000                00192         extern  _IOCB
  0000                00193         extern  _IOCC
  0000                00194         extern  _CTMUICON
  0000                00195         extern  _LATA
  0000                00196         extern  _LATB
  0000                00197         extern  _LATC
  0000                00198         extern  _CTMUCON1
  0000                00199         extern  _CTMUCONL
  0000                00200         extern  _CTMUCON0
  0000                00201         extern  _CTMUCONH
  0000                00202         extern  _CCPR2
  0000                00203         extern  _CCPR2L
  0000                00204         extern  _CCPR2H
  0000                00205         extern  _DDRA
  0000                00206         extern  _TRISA
  0000                00207         extern  _DDRB
  0000                00208         extern  _TRISB
  0000                00209         extern  _DDRC
  0000                00210         extern  _TRISC
  0000                00211         extern  _CCP2CON
  0000                00212         extern  _ECCP2CON
gpasm-1.5.2 #0 (Sep 16 2019) build/default/pr   9-16-2019  13:05:27         PAGE  5


LOC    OBJECT CODE    LINE  SOURCE TEXT
  VALUE

  0000                00213         extern  _CM1CON0
  0000                00214         extern  _CM2CON0
  0000                00215         extern  _CM2CON1
  0000                00216         extern  _OSCTUNE
  0000                00217         extern  _HLVDCON
  0000                00218         extern  _PIE1
  0000                00219         extern  _PIR1
  0000                00220         extern  _IPR1
  0000                00221         extern  _PIE2
  0000                00222         extern  _PIR2
  0000                00223         extern  _IPR2
  0000                00224         extern  _PIE3
  0000                00225         extern  _PIR3
  0000                00226         extern  _IPR3
  0000                00227         extern  _EECON1
  0000                00228         extern  _EECON2
  0000                00229         extern  _EEDATA
  0000                00230         extern  _EEADR
  0000                00231         extern  _RCSTA
  0000                00232         extern  _RCSTA1
  0000                00233         extern  _TXSTA
  0000                00234         extern  _TXSTA1
  0000                00235         extern  _TXREG
  0000                00236         extern  _TXREG1
  0000                00237         extern  _RCREG
  0000                00238         extern  _RCREG1
  0000                00239         extern  _SPBRG
  0000                00240         extern  _SPBRG1
  0000                00241         extern  _SPBRGH
  0000                00242         extern  _SPBRGH1
  0000                00243         extern  _T3CON
  0000                00244         extern  _TMR3
  0000                00245         extern  _TMR3L
  0000                00246         extern  _TMR3H
  0000                00247         extern  _T3GCON
  0000                00248         extern  _ACTCON
  0000                00249         extern  _STCON
  0000                00250         extern  _ECCP1AS
  0000                00251         extern  _ECCP1DEL
  0000                00252         extern  _PWM1CON
  0000                00253         extern  _BAUDCON
  0000                00254         extern  _BAUDCON1
  0000                00255         extern  _PSTR1CON
  0000                00256         extern  _T2CON
  0000                00257         extern  _PR2
  0000                00258         extern  _TMR2
  0000                00259         extern  _CCP1CON
  0000                00260         extern  _ECCP1CON
  0000                00261         extern  _CCPR1
  0000                00262         extern  _CCPR1L
  0000                00263         extern  _CCPR1H
  0000                00264         extern  _ADCON2
  0000                00265         extern  _ADCON1
gpasm-1.5.2 #0 (Sep 16 2019) build/default/pr   9-16-2019  13:05:27         PAGE  6


LOC    OBJECT CODE    LINE  SOURCE TEXT
  VALUE

  0000                00266         extern  _ADCON0
  0000                00267         extern  _ADRESL
  0000                00268         extern  _ADRESH
  0000                00269         extern  _SSP1CON2
  0000                00270         extern  _SSPCON2
  0000                00271         extern  _SSP1CON1
  0000                00272         extern  _SSPCON
  0000                00273         extern  _SSPCON1
  0000                00274         extern  _SSP1STAT
  0000                00275         extern  _SSPSTAT
  0000                00276         extern  _SSP1ADD
  0000                00277         extern  _SSPADD
  0000                00278         extern  _SSP1BUF
  0000                00279         extern  _SSPBUF
  0000                00280         extern  _SSP1MSK
  0000                00281         extern  _SSPMSK
  0000                00282         extern  _SSP1CON3
  0000                00283         extern  _SSPCON3
  0000                00284         extern  _T1GCON
  0000                00285         extern  _T1CON
  0000                00286         extern  _TMR1
  0000                00287         extern  _TMR1L
  0000                00288         extern  _TMR1H
  0000                00289         extern  _RCON
  0000                00290         extern  _WDTCON
  0000                00291         extern  _OSCCON2
  0000                00292         extern  _OSCCON
  0000                00293         extern  _T0CON
  0000                00294         extern  _TMR0
  0000                00295         extern  _TMR0L
  0000                00296         extern  _TMR0H
  0000                00297         extern  _STATUS
  0000                00298         extern  _FSR2L
  0000                00299         extern  _FSR2H
  0000                00300         extern  _PLUSW2
  0000                00301         extern  _PREINC2
  0000                00302         extern  _POSTDEC2
  0000                00303         extern  _POSTINC2
  0000                00304         extern  _INDF2
  0000                00305         extern  _BSR
  0000                00306         extern  _FSR1L
  0000                00307         extern  _FSR1H
  0000                00308         extern  _PLUSW1
  0000                00309         extern  _PREINC1
  0000                00310         extern  _POSTDEC1
  0000                00311         extern  _POSTINC1
  0000                00312         extern  _INDF1
  0000                00313         extern  _WREG
  0000                00314         extern  _FSR0L
  0000                00315         extern  _FSR0H
  0000                00316         extern  _PLUSW0
  0000                00317         extern  _PREINC0
  0000                00318         extern  _POSTDEC0
gpasm-1.5.2 #0 (Sep 16 2019) build/default/pr   9-16-2019  13:05:27         PAGE  7


LOC    OBJECT CODE    LINE  SOURCE TEXT
  VALUE

  0000                00319         extern  _POSTINC0
  0000                00320         extern  _INDF0
  0000                00321         extern  _INTCON3
  0000                00322         extern  _INTCON2
  0000                00323         extern  _INTCON
  0000                00324         extern  _PROD
  0000                00325         extern  _PRODL
  0000                00326         extern  _PRODH
  0000                00327         extern  _TABLAT
  0000                00328         extern  _TBLPTR
  0000                00329         extern  _TBLPTRL
  0000                00330         extern  _TBLPTRH
  0000                00331         extern  _TBLPTRU
  0000                00332         extern  _PC
  0000                00333         extern  _PCL
  0000                00334         extern  _PCLATH
  0000                00335         extern  _PCLATU
  0000                00336         extern  _STKPTR
  0000                00337         extern  _TOS
  0000                00338         extern  _TOSL
  0000                00339         extern  _TOSH
  0000                00340         extern  _TOSU
                      00341 
                      00342 ;--------------------------------------------------------
                      00343 ;       Equates to used internal registers
                      00344 ;--------------------------------------------------------
  00000FD8            00345 STATUS  equ     0xfd8
  00000FE8            00346 WREG    equ     0xfe8
  00000FE1            00347 FSR1L   equ     0xfe1
  00000FE2            00348 FSR1H   equ     0xfe2
  00000FD9            00349 FSR2L   equ     0xfd9
  00000FDA            00350 FSR2H   equ     0xfda
  00000FE5            00351 POSTDEC1        equ     0xfe5
  00000FE4            00352 PREINC1 equ     0xfe4
  00000FDB            00353 PLUSW2  equ     0xfdb
  00000FF3            00354 PRODL   equ     0xff3
                      00355 
                      00356 
                      00357 ; Internal registers
                      00358 .registers      udata_ovr       0x0000
000000                00359 r0x00   res     1
000001                00360 r0x01   res     1
000002                00361 r0x02   res     1
000003                00362 r0x03   res     1
000004                00363 r0x04   res     1
000005                00364 r0x05   res     1
                      00365 
                      00366 ;--------------------------------------------------------
                      00367 ; global & static initialisations
                      00368 ;--------------------------------------------------------
                      00369 ; I code from now on!
                      00370 ; ; Starting pCode block
                      00371 S_timer__timer2_init    code
gpasm-1.5.2 #0 (Sep 16 2019) build/default/pr   9-16-2019  13:05:27         PAGE  8


LOC    OBJECT CODE    LINE  SOURCE TEXT
  VALUE

000000                00372 _timer2_init:
                      00373 ;       .line   125; ../../../lib/timer.c       timer2_init(uint8_t ps_mode) {
000000 CFDA FFE5      00374         MOVFF   FSR2H, POSTDEC1
000004 CFD9 FFE5      00375         MOVFF   FSR2L, POSTDEC1
000008 CFE2 FFDA      00376         MOVFF   FSR1H, FSR2H
00000C CFE1 FFD9      00377         MOVFF   FSR1L, FSR2L
000010 C??? F???      00378         MOVFF   r0x00, POSTDEC1
000014 C??? F???      00379         MOVFF   r0x01, POSTDEC1
000018 C??? F???      00380         MOVFF   r0x02, POSTDEC1
00001C C??? F???      00381         MOVFF   r0x03, POSTDEC1
000020 0E03           00382         MOVLW   0x03
000022 CFDB F000      00383         MOVFF   PLUSW2, r0x00
                      00384 ;       .line   126; ../../../lib/timer.c       uint8_t ps = ps_mode & PRESCALE_MASK;
000026 0E0F           00385         MOVLW   0x0f
000028 14??           00386         ANDWF   r0x00, W
00002A 6E??           00387         MOVWF   r0x01
                      00388 ;       .line   130; ../../../lib/timer.c       T2CON &= ~0b01111111;
00002C 0E80           00389         MOVLW   0x80
00002E 16??           00390         ANDWF   _T2CON, F
                      00391 ;       .line   132; ../../../lib/timer.c       T2CON |= (postscaler & 0b1111) << 3;
000030 6A??           00392         CLRF    r0x02
000032 0E0F           00393         MOVLW   0x0f
000034 16??           00394         ANDWF   r0x02, F
000036 38??           00395         SWAPF   r0x02, W
000038 40E8           00396         RRNCF   WREG, W
00003A 0BF8           00397         ANDLW   0xf8
00003C 6E??           00398         MOVWF   r0x03
00003E 50??           00399         MOVF    _T2CON, W
000040 6E??           00400         MOVWF   r0x02
000042 50??           00401         MOVF    r0x03, W
000044 10??           00402         IORWF   r0x02, W
000046 6E??           00403         MOVWF   _T2CON
                      00404 ;       .line   133; ../../../lib/timer.c       T2CON |= (ps & 0b11); // Set timer 2 prescaler to 1:1.
000048 0E03           00405         MOVLW   0x03
00004A 16??           00406         ANDWF   r0x01, F
00004C 50??           00407         MOVF    r0x01, W
00004E 12??           00408         IORWF   _T2CON, F
                      00409 ;       .line   135; ../../../lib/timer.c       TIMER2_VALUE = 0;
000050 6A??           00410         CLRF    _TMR2
                      00411 ;       .line   137; ../../../lib/timer.c       T2CON |= 0b100; // TMR2ON = 1; // Enable timer 2.
000052 84??           00412         BSF     _T2CON, 2
                      00413 ;       .line   140; ../../../lib/timer.c       PIR1 &= ~0b10;
000054 92??           00414         BCF     _PIR1, 1
                      00415 ;       .line   141; ../../../lib/timer.c       PIE1 = (!!(ps_mode & TIMER2_FLAGS_INTR)) << 1;
000056 50??           00416         MOVF    r0x00, W
000058 0B80           00417         ANDLW   0x80
00005A 44E8           00418         RLNCF   WREG, W
00005C 6E??           00419         MOVWF   r0x00
00005E 50??           00420         MOVF    r0x00, W
000060 80D8           00421         BSF     STATUS, 0
000062 66E8           00422         TSTFSZ  WREG
000064 90D8           00423         BCF     STATUS, 0
000066 6A??           00424         CLRF    r0x00
gpasm-1.5.2 #0 (Sep 16 2019) build/default/pr   9-16-2019  13:05:27         PAGE  9


LOC    OBJECT CODE    LINE  SOURCE TEXT
  VALUE

000068 36??           00425         RLCF    r0x00, F
00006A 50??           00426         MOVF    r0x00, W
00006C 80D8           00427         BSF     STATUS, 0
00006E 66E8           00428         TSTFSZ  WREG
000070 90D8           00429         BCF     STATUS, 0
000072 6A??           00430         CLRF    r0x00
000074 36??           00431         RLCF    r0x00, F
000076 44??           00432         RLNCF   r0x00, W
000078 0BFE           00433         ANDLW   0xfe
00007A 6E??           00434         MOVWF   _PIE1
                      00435 ;       .line   142; ../../../lib/timer.c       }
00007C CFE4 F000      00436         MOVFF   PREINC1, r0x03
000080 CFE4 F000      00437         MOVFF   PREINC1, r0x02
000084 CFE4 F000      00438         MOVFF   PREINC1, r0x01
000088 CFE4 F000      00439         MOVFF   PREINC1, r0x00
00008C CFE4 FFD9      00440         MOVFF   PREINC1, FSR2L
000090 CFE4 FFDA      00441         MOVFF   PREINC1, FSR2H
000094 0012           00442         RETURN  
                      00443 
                      00444 ; ; Starting pCode block
                      00445 S_timer__timer1_init    code
000000                00446 _timer1_init:
                      00447 ;       .line   92; ../../../lib/timer.c        timer1_init(uint8_t ps_mode) {
000000 CFDA FFE5      00448         MOVFF   FSR2H, POSTDEC1
000004 CFD9 FFE5      00449         MOVFF   FSR2L, POSTDEC1
000008 CFE2 FFDA      00450         MOVFF   FSR1H, FSR2H
00000C CFE1 FFD9      00451         MOVFF   FSR1L, FSR2L
000010 C??? F???      00452         MOVFF   r0x00, POSTDEC1
000014 C??? F???      00453         MOVFF   r0x01, POSTDEC1
000018 C??? F???      00454         MOVFF   r0x02, POSTDEC1
00001C 0E03           00455         MOVLW   0x03
00001E CFDB F000      00456         MOVFF   PLUSW2, r0x00
                      00457 ;       .line   94; ../../../lib/timer.c        T1CON &= ~0b00111110;
000022 0EC1           00458         MOVLW   0xc1
000024 16??           00459         ANDWF   _T1CON, F
                      00460 ;       .line   96; ../../../lib/timer.c        T1CON |= (ps_mode & PRESCALE_MASK) << 4;
000026 50??           00461         MOVF    r0x00, W
000028 6E??           00462         MOVWF   r0x01
00002A 0E0F           00463         MOVLW   0x0f
00002C 16??           00464         ANDWF   r0x01, F
00002E 38??           00465         SWAPF   r0x01, W
000030 0BF0           00466         ANDLW   0xf0
000032 6E??           00467         MOVWF   r0x02
000034 50??           00468         MOVF    _T1CON, W
000036 6E??           00469         MOVWF   r0x01
000038 50??           00470         MOVF    r0x02, W
00003A 10??           00471         IORWF   r0x01, W
00003C 6E??           00472         MOVWF   _T1CON
                      00473 ;       .line   98; ../../../lib/timer.c        T1CON |= (!!(ps_mode & TIMER1_FLAGS_EXTCLK)) << 1; // In
                            ternal clock source
00003E 50??           00474         MOVF    r0x00, W
000040 0B40           00475         ANDLW   0x40
000042 A4D8           00476         BTFSS   STATUS, 2
gpasm-1.5.2 #0 (Sep 16 2019) build/default/pr   9-16-2019  13:05:27         PAGE 10


LOC    OBJECT CODE    LINE  SOURCE TEXT
  VALUE

000044 0E01           00477         MOVLW   0x01
000046 6E??           00478         MOVWF   r0x01
000048 50??           00479         MOVF    r0x01, W
00004A 80D8           00480         BSF     STATUS, 0
00004C 66E8           00481         TSTFSZ  WREG
00004E 90D8           00482         BCF     STATUS, 0
000050 6A??           00483         CLRF    r0x01
000052 36??           00484         RLCF    r0x01, F
000054 50??           00485         MOVF    r0x01, W
000056 80D8           00486         BSF     STATUS, 0
000058 66E8           00487         TSTFSZ  WREG
00005A 90D8           00488         BCF     STATUS, 0
00005C 6A??           00489         CLRF    r0x01
00005E 36??           00490         RLCF    r0x01, F
000060 44??           00491         RLNCF   r0x01, W
000062 0BFE           00492         ANDLW   0xfe
000064 6E??           00493         MOVWF   r0x02
000066 50??           00494         MOVF    _T1CON, W
000068 6E??           00495         MOVWF   r0x01
00006A 50??           00496         MOVF    r0x02, W
00006C 10??           00497         IORWF   r0x01, W
00006E 6E??           00498         MOVWF   _T1CON
                      00499 ;       .line   100; ../../../lib/timer.c       if(T1CON & 0b00000010) {
000070 C??? F???      00500         MOVFF   _T1CON, r0x01
000074 A2??           00501         BTFSS   r0x01, 1
000076 D???           00502         BRA     _00147_DS_
                      00503 ;       .line   104; ../../../lib/timer.c       T1CON |= (!(ps_mode & TIMER1_FLAGS_SYNC)) << 2;
000078 50??           00504         MOVF    r0x00, W
00007A 0B20           00505         ANDLW   0x20
00007C A4D8           00506         BTFSS   STATUS, 2
00007E 0E01           00507         MOVLW   0x01
000080 6E??           00508         MOVWF   r0x01
000082 50??           00509         MOVF    r0x01, W
000084 80D8           00510         BSF     STATUS, 0
000086 66E8           00511         TSTFSZ  WREG
000088 90D8           00512         BCF     STATUS, 0
00008A 6A??           00513         CLRF    r0x01
00008C 36??           00514         RLCF    r0x01, F
00008E 44??           00515         RLNCF   r0x01, W
000090 44E8           00516         RLNCF   WREG, W
000092 0BFC           00517         ANDLW   0xfc
000094 6E??           00518         MOVWF   r0x02
000096 50??           00519         MOVF    _T1CON, W
000098 6E??           00520         MOVWF   r0x01
00009A 50??           00521         MOVF    r0x02, W
00009C 10??           00522         IORWF   r0x01, W
00009E 6E??           00523         MOVWF   _T1CON
0000A0                00524 _00147_DS_:
                      00525 ;       .line   108; ../../../lib/timer.c       TMR1H = 0;
0000A0 6A??           00526         CLRF    _TMR1H
                      00527 ;       .line   109; ../../../lib/timer.c       TMR1L = 0;
0000A2 6A??           00528         CLRF    _TMR1L
                      00529 ;       .line   111; ../../../lib/timer.c       T1CON |= 0b1; // TMR1ON = 1;
gpasm-1.5.2 #0 (Sep 16 2019) build/default/pr   9-16-2019  13:05:27         PAGE 11


LOC    OBJECT CODE    LINE  SOURCE TEXT
  VALUE

0000A4 80??           00530         BSF     _T1CON, 0
                      00531 ;       .line   113; ../../../lib/timer.c       PIR1 &= ~0b1; //  TMR1IF = 0;
0000A6 90??           00532         BCF     _PIR1, 0
                      00533 ;       .line   115; ../../../lib/timer.c       PIE1 &= ~0b1;
0000A8 90??           00534         BCF     _PIE1, 0
                      00535 ;       .line   116; ../../../lib/timer.c       PIE1 |= !!(ps_mode & TIMER1_FLAGS_INTR);
0000AA 50??           00536         MOVF    r0x00, W
0000AC 0B80           00537         ANDLW   0x80
0000AE 44E8           00538         RLNCF   WREG, W
0000B0 6E??           00539         MOVWF   r0x00
0000B2 50??           00540         MOVF    r0x00, W
0000B4 80D8           00541         BSF     STATUS, 0
0000B6 66E8           00542         TSTFSZ  WREG
0000B8 90D8           00543         BCF     STATUS, 0
0000BA 6A??           00544         CLRF    r0x00
0000BC 36??           00545         RLCF    r0x00, F
0000BE 50??           00546         MOVF    r0x00, W
0000C0 80D8           00547         BSF     STATUS, 0
0000C2 66E8           00548         TSTFSZ  WREG
0000C4 90D8           00549         BCF     STATUS, 0
0000C6 6A??           00550         CLRF    r0x00
0000C8 36??           00551         RLCF    r0x00, F
0000CA 50??           00552         MOVF    _PIE1, W
0000CC 6E??           00553         MOVWF   r0x01
0000CE 50??           00554         MOVF    r0x00, W
0000D0 10??           00555         IORWF   r0x01, W
0000D2 6E??           00556         MOVWF   _PIE1
                      00557 ;       .line   117; ../../../lib/timer.c       }
0000D4 CFE4 F000      00558         MOVFF   PREINC1, r0x02
0000D8 CFE4 F000      00559         MOVFF   PREINC1, r0x01
0000DC CFE4 F000      00560         MOVFF   PREINC1, r0x00
0000E0 CFE4 FFD9      00561         MOVFF   PREINC1, FSR2L
0000E4 CFE4 FFDA      00562         MOVFF   PREINC1, FSR2H
0000E8 0012           00563         RETURN  
                      00564 
                      00565 ; ; Starting pCode block
                      00566 S_timer__timer0_read_ps code
000000                00567 _timer0_read_ps:
                      00568 ;       .line   59; ../../../lib/timer.c        timer0_read_ps(void) {
000000 CFDA FFE5      00569         MOVFF   FSR2H, POSTDEC1
000004 CFD9 FFE5      00570         MOVFF   FSR2L, POSTDEC1
000008 CFE2 FFDA      00571         MOVFF   FSR1H, FSR2H
00000C CFE1 FFD9      00572         MOVFF   FSR1L, FSR2L
000010 C??? F???      00573         MOVFF   r0x00, POSTDEC1
000014 C??? F???      00574         MOVFF   r0x01, POSTDEC1
000018 C??? F???      00575         MOVFF   r0x02, POSTDEC1
00001C C??? F???      00576         MOVFF   r0x03, POSTDEC1
000020 C??? F???      00577         MOVFF   r0x04, POSTDEC1
000024 C??? F???      00578         MOVFF   r0x05, POSTDEC1
                      00579 ;       .line   60; ../../../lib/timer.c        uint8_t prev = TMR0;
000028 C??? F???      00580         MOVFF   _TMR0, r0x00
                      00581 ;       .line   63; ../../../lib/timer.c        T0CON |= 0x20; // T0CS = 1;
00002C 8A??           00582         BSF     _T0CON, 5
gpasm-1.5.2 #0 (Sep 16 2019) build/default/pr   9-16-2019  13:05:27         PAGE 12


LOC    OBJECT CODE    LINE  SOURCE TEXT
  VALUE

                      00583 ;       .line   65; ../../../lib/timer.c        do {
00002E 6A??           00584         CLRF    r0x01
000030 6A??           00585         CLRF    r0x02
000032                00586 _00122_DS_:
                      00587 ;       .line   67; ../../../lib/timer.c        T0CON |= 0x10; // T0SE = 1;
000032 88??           00588         BSF     _T0CON, 4
000034 0000           00589         nop     
000036 0000           00590         nop     
                      00591 ;       .line   72; ../../../lib/timer.c        T0CON &= ~0x10; // T0SE = 0;
000038 98??           00592         BCF     _T0CON, 4
00003A 0000           00593         nop     
00003C 0000           00594         nop     
                      00595 ;       .line   77; ../../../lib/timer.c        ++count;
00003E 4A??           00596         INFSNZ  r0x01, F
000040 2A??           00597         INCF    r0x02, F
                      00598 ;       .line   80; ../../../lib/timer.c        } while(prev == TMR0 && count <= 255);
000042 50??           00599         MOVF    r0x00, W
000044 18??           00600         XORWF   _TMR0, W
000046 E1??           00601         BNZ     _00124_DS_
000048 0E01           00602         MOVLW   0x01
00004A 5C??           00603         SUBWF   r0x02, W
00004C E1??           00604         BNZ     _00141_DS_
00004E 0E00           00605         MOVLW   0x00
000050 5C??           00606         SUBWF   r0x01, W
000052                00607 _00141_DS_:
000052 E3??           00608         BNC     _00122_DS_
000054                00609 _00124_DS_:
                      00610 ;       .line   82; ../../../lib/timer.c        count = ((prev << 8) + (256 - count));
000054 6A??           00611         CLRF    r0x03
000056 50??           00612         MOVF    r0x00, W
000058 6E??           00613         MOVWF   r0x05
00005A 6A??           00614         CLRF    r0x04
00005C 50??           00615         MOVF    r0x01, W
00005E 0800           00616         SUBLW   0x00
000060 6E??           00617         MOVWF   r0x01
000062 0E01           00618         MOVLW   0x01
000064 56??           00619         SUBFWB  r0x02, F
000066 50??           00620         MOVF    r0x04, W
000068 26??           00621         ADDWF   r0x01, F
00006A 50??           00622         MOVF    r0x05, W
00006C 22??           00623         ADDWFC  r0x02, F
                      00624 ;       .line   83; ../../../lib/timer.c        return count;
00006E C??? F???      00625         MOVFF   r0x02, PRODL
000072 50??           00626         MOVF    r0x01, W
                      00627 ;       .line   84; ../../../lib/timer.c        }
000074 CFE4 F000      00628         MOVFF   PREINC1, r0x05
000078 CFE4 F000      00629         MOVFF   PREINC1, r0x04
00007C CFE4 F000      00630         MOVFF   PREINC1, r0x03
000080 CFE4 F000      00631         MOVFF   PREINC1, r0x02
000084 CFE4 F000      00632         MOVFF   PREINC1, r0x01
000088 CFE4 F000      00633         MOVFF   PREINC1, r0x00
00008C CFE4 FFD9      00634         MOVFF   PREINC1, FSR2L
000090 CFE4 FFDA      00635         MOVFF   PREINC1, FSR2H
gpasm-1.5.2 #0 (Sep 16 2019) build/default/pr   9-16-2019  13:05:27         PAGE 13


LOC    OBJECT CODE    LINE  SOURCE TEXT
  VALUE

000094 0012           00636         RETURN  
                      00637 
                      00638 ; ; Starting pCode block
                      00639 S_timer__timer0_init    code
000000                00640 _timer0_init:
                      00641 ;       .line   27; ../../../lib/timer.c        timer0_init(uint8_t ps_mode) {
000000 CFDA FFE5      00642         MOVFF   FSR2H, POSTDEC1
000004 CFD9 FFE5      00643         MOVFF   FSR2L, POSTDEC1
000008 CFE2 FFDA      00644         MOVFF   FSR1H, FSR2H
00000C CFE1 FFD9      00645         MOVFF   FSR1L, FSR2L
000010 C??? F???      00646         MOVFF   r0x00, POSTDEC1
000014 C??? F???      00647         MOVFF   r0x01, POSTDEC1
000018 C??? F???      00648         MOVFF   r0x02, POSTDEC1
00001C C??? F???      00649         MOVFF   r0x03, POSTDEC1
000020 C??? F???      00650         MOVFF   r0x04, POSTDEC1
000024 0E03           00651         MOVLW   0x03
000026 CFDB F000      00652         MOVFF   PLUSW2, r0x00
                      00653 ;       .line   28; ../../../lib/timer.c        uint8_t prescaler = ps_mode & PRESCALE_MASK;
00002A 0E0F           00654         MOVLW   0x0f
00002C 14??           00655         ANDWF   r0x00, W
00002E 6E??           00656         MOVWF   r0x01
                      00657 ;       .line   30; ../../../lib/timer.c        TIMER0_VALUE = 0;
000030 6A??           00658         CLRF    _TMR0
                      00659 ;       .line   33; ../../../lib/timer.c        T0CON |= (!!(ps_mode & TIMER0_FLAGS_EXTCLK)) ? 0x20 : 0x
                            00;
000032 50??           00660         MOVF    r0x00, W
000034 0B40           00661         ANDLW   0x40
000036 A4D8           00662         BTFSS   STATUS, 2
000038 0E01           00663         MOVLW   0x01
00003A 6E??           00664         MOVWF   r0x02
00003C 50??           00665         MOVF    r0x02, W
00003E E0??           00666         BZ      _00109_DS_
000040 0E20           00667         MOVLW   0x20
000042 6E??           00668         MOVWF   r0x02
000044 6A??           00669         CLRF    r0x03
000046 D???           00670         BRA     _00110_DS_
000048                00671 _00109_DS_:
000048 6A??           00672         CLRF    r0x02
00004A 6A??           00673         CLRF    r0x03
00004C                00674 _00110_DS_:
00004C C??? F???      00675         MOVFF   _T0CON, r0x04
000050 50??           00676         MOVF    r0x02, W
000052 10??           00677         IORWF   r0x04, W
000054 6E??           00678         MOVWF   _T0CON
                      00679 ;       .line   36; ../../../lib/timer.c        T0CON |= (!!(ps_mode & EDGE_HIGH_LOW)) ? 0x10 : 0x00;
000056 50??           00680         MOVF    r0x00, W
000058 0B10           00681         ANDLW   0x10
00005A 38E8           00682         SWAPF   WREG, W
00005C 6E??           00683         MOVWF   r0x02
00005E 50??           00684         MOVF    r0x02, W
000060 E0??           00685         BZ      _00111_DS_
000062 0E10           00686         MOVLW   0x10
000064 6E??           00687         MOVWF   r0x02
gpasm-1.5.2 #0 (Sep 16 2019) build/default/pr   9-16-2019  13:05:27         PAGE 14


LOC    OBJECT CODE    LINE  SOURCE TEXT
  VALUE

000066 6A??           00688         CLRF    r0x03
000068 D???           00689         BRA     _00112_DS_
00006A                00690 _00111_DS_:
00006A 6A??           00691         CLRF    r0x02
00006C 6A??           00692         CLRF    r0x03
00006E                00693 _00112_DS_:
00006E C??? F???      00694         MOVFF   _T0CON, r0x04
000072 50??           00695         MOVF    r0x02, W
000074 10??           00696         IORWF   r0x04, W
000076 6E??           00697         MOVWF   _T0CON
                      00698 ;       .line   39; ../../../lib/timer.c        T0CON &= (!!prescaler) ? ~0x08 : ~0x00;
000078 50??           00699         MOVF    r0x01, W
00007A E0??           00700         BZ      _00113_DS_
00007C 0EF7           00701         MOVLW   0xf7
00007E 6E??           00702         MOVWF   r0x02
000080 D???           00703         BRA     _00114_DS_
000082                00704 _00113_DS_:
000082 0EFF           00705         MOVLW   0xff
000084 6E??           00706         MOVWF   r0x02
000086                00707 _00114_DS_:
000086 50??           00708         MOVF    _T0CON, W
000088 6E??           00709         MOVWF   r0x03
00008A 50??           00710         MOVF    r0x02, W
00008C 14??           00711         ANDWF   r0x03, W
00008E 6E??           00712         MOVWF   _T0CON
                      00713 ;       .line   41; ../../../lib/timer.c        T0CON &= ~0b111;
000090 0EF8           00714         MOVLW   0xf8
000092 16??           00715         ANDWF   _T0CON, F
                      00716 ;       .line   43; ../../../lib/timer.c        if(prescaler > 0) {
000094 50??           00717         MOVF    r0x01, W
000096 E0??           00718         BZ      _00106_DS_
                      00719 ;       .line   44; ../../../lib/timer.c        T0CON |= (prescaler - 1) & 0b111;
000098 06??           00720         DECF    r0x01, F
00009A 0E07           00721         MOVLW   0x07
00009C 16??           00722         ANDWF   r0x01, F
00009E 50??           00723         MOVF    r0x01, W
0000A0 12??           00724         IORWF   _T0CON, F
0000A2                00725 _00106_DS_:
                      00726 ;       .line   54; ../../../lib/timer.c        INTCON &= ~0x40; // TMR0IF = 0;
0000A2 9C??           00727         BCF     _INTCON, 6
                      00728 ;       .line   55; ../../../lib/timer.c        INTCON |= (!!(ps_mode & TIMER0_FLAGS_INTR)) ? 0x20 : 0x0
                            0;
0000A4 50??           00729         MOVF    r0x00, W
0000A6 0B80           00730         ANDLW   0x80
0000A8 44E8           00731         RLNCF   WREG, W
0000AA 6E??           00732         MOVWF   r0x00
0000AC 50??           00733         MOVF    r0x00, W
0000AE E0??           00734         BZ      _00115_DS_
0000B0 0E20           00735         MOVLW   0x20
0000B2 6E??           00736         MOVWF   r0x00
0000B4 6A??           00737         CLRF    r0x01
0000B6 D???           00738         BRA     _00116_DS_
0000B8                00739 _00115_DS_:
gpasm-1.5.2 #0 (Sep 16 2019) build/default/pr   9-16-2019  13:05:27         PAGE 15


LOC    OBJECT CODE    LINE  SOURCE TEXT
  VALUE

0000B8 6A??           00740         CLRF    r0x00
0000BA 6A??           00741         CLRF    r0x01
0000BC                00742 _00116_DS_:
0000BC C??? F???      00743         MOVFF   _INTCON, r0x02
0000C0 50??           00744         MOVF    r0x00, W
0000C2 10??           00745         IORWF   r0x02, W
0000C4 6E??           00746         MOVWF   _INTCON
                      00747 ;       .line   56; ../../../lib/timer.c        }
0000C6 CFE4 F000      00748         MOVFF   PREINC1, r0x04
0000CA CFE4 F000      00749         MOVFF   PREINC1, r0x03
0000CE CFE4 F000      00750         MOVFF   PREINC1, r0x02
0000D2 CFE4 F000      00751         MOVFF   PREINC1, r0x01
0000D6 CFE4 F000      00752         MOVFF   PREINC1, r0x00
0000DA CFE4 FFD9      00753         MOVFF   PREINC1, FSR2L
0000DE CFE4 FFDA      00754         MOVFF   PREINC1, FSR2H
0000E2 0012           00755         RETURN  
                      00756 
                      00757 
                      00758 
                      00759 ; Statistics:
                      00760 ; code size:      762 (0x02fa) bytes ( 0.58%)
                      00761 ;                 381 (0x017d) words
                      00762 ; udata size:       0 (0x0000) bytes ( 0.00%)
                      00763 ; access size:      6 (0x0006) bytes
                      00764 
                      00765 
                      00766         end
gpasm-1.5.2 #0 (Sep 16 2019) build/default/pr   9-16-2019  13:05:27         PAGE 16


SYMBOL TABLE
  LABEL                              TYPE        VALUE         VALUE          VALUE
                                                 (hex)         (dec)          (text)

FSR1H                             CONSTANT      00000FE2           4066
FSR1L                             CONSTANT      00000FE1           4065
FSR2H                             CONSTANT      00000FDA           4058
FSR2L                             CONSTANT      00000FD9           4057
PLUSW2                            CONSTANT      00000FDB           4059
POSTDEC1                          CONSTANT      00000FE5           4069
PREINC1                           CONSTANT      00000FE4           4068
PRODL                             CONSTANT      00000FF3           4083
STATUS                            CONSTANT      00000FD8           4056
WREG                              CONSTANT      00000FE8           4072
_00106_DS_                        ADDRESS       000000A2            162
_00109_DS_                        ADDRESS       00000048             72
_00110_DS_                        ADDRESS       0000004C             76
_00111_DS_                        ADDRESS       0000006A            106
_00112_DS_                        ADDRESS       0000006E            110
_00113_DS_                        ADDRESS       00000082            130
_00114_DS_                        ADDRESS       00000086            134
_00115_DS_                        ADDRESS       000000B8            184
_00116_DS_                        ADDRESS       000000BC            188
_00122_DS_                        ADDRESS       00000032             50
_00124_DS_                        ADDRESS       00000054             84
_00141_DS_                        ADDRESS       00000052             82
_00147_DS_                        ADDRESS       000000A0            160
_ACTCON                           EXTERNAL      00000000              0
_ACTCONbits                       EXTERNAL      00000000              0
_ADCON0                           EXTERNAL      00000000              0
_ADCON0bits                       EXTERNAL      00000000              0
_ADCON1                           EXTERNAL      00000000              0
_ADCON1bits                       EXTERNAL      00000000              0
_ADCON2                           EXTERNAL      00000000              0
_ADCON2bits                       EXTERNAL      00000000              0
_ADRESH                           EXTERNAL      00000000              0
_ADRESL                           EXTERNAL      00000000              0
_ANSELA                           EXTERNAL      00000000              0
_ANSELAbits                       EXTERNAL      00000000              0
_ANSELB                           EXTERNAL      00000000              0
_ANSELBbits                       EXTERNAL      00000000              0
_ANSELC                           EXTERNAL      00000000              0
_ANSELCbits                       EXTERNAL      00000000              0
_BAUDCON                          EXTERNAL      00000000              0
_BAUDCON1                         EXTERNAL      00000000              0
_BAUDCON1bits                     EXTERNAL      00000000              0
_BAUDCONbits                      EXTERNAL      00000000              0
_BSR                              EXTERNAL      00000000              0
_CCP1CON                          EXTERNAL      00000000              0
_CCP1CONbits                      EXTERNAL      00000000              0
_CCP2CON                          EXTERNAL      00000000              0
_CCP2CONbits                      EXTERNAL      00000000              0
_CCPR1                            EXTERNAL      00000000              0
_CCPR1H                           EXTERNAL      00000000              0
_CCPR1L                           EXTERNAL      00000000              0
_CCPR2                            EXTERNAL      00000000              0
gpasm-1.5.2 #0 (Sep 16 2019) build/default/pr   9-16-2019  13:05:27         PAGE 17


SYMBOL TABLE
  LABEL                              TYPE        VALUE         VALUE          VALUE
                                                 (hex)         (dec)          (text)

_CCPR2H                           EXTERNAL      00000000              0
_CCPR2L                           EXTERNAL      00000000              0
_CCPTMRS                          EXTERNAL      00000000              0
_CCPTMRSbits                      EXTERNAL      00000000              0
_CM1CON0                          EXTERNAL      00000000              0
_CM1CON0bits                      EXTERNAL      00000000              0
_CM2CON0                          EXTERNAL      00000000              0
_CM2CON0bits                      EXTERNAL      00000000              0
_CM2CON1                          EXTERNAL      00000000              0
_CM2CON1bits                      EXTERNAL      00000000              0
_CTMUCON0                         EXTERNAL      00000000              0
_CTMUCON0bits                     EXTERNAL      00000000              0
_CTMUCON1                         EXTERNAL      00000000              0
_CTMUCON1bits                     EXTERNAL      00000000              0
_CTMUCONH                         EXTERNAL      00000000              0
_CTMUCONHbits                     EXTERNAL      00000000              0
_CTMUCONL                         EXTERNAL      00000000              0
_CTMUCONLbits                     EXTERNAL      00000000              0
_CTMUICON                         EXTERNAL      00000000              0
_CTMUICONbits                     EXTERNAL      00000000              0
_DDRA                             EXTERNAL      00000000              0
_DDRAbits                         EXTERNAL      00000000              0
_DDRB                             EXTERNAL      00000000              0
_DDRBbits                         EXTERNAL      00000000              0
_DDRC                             EXTERNAL      00000000              0
_DDRCbits                         EXTERNAL      00000000              0
_ECCP1AS                          EXTERNAL      00000000              0
_ECCP1ASbits                      EXTERNAL      00000000              0
_ECCP1CON                         EXTERNAL      00000000              0
_ECCP1CONbits                     EXTERNAL      00000000              0
_ECCP1DEL                         EXTERNAL      00000000              0
_ECCP1DELbits                     EXTERNAL      00000000              0
_ECCP2CON                         EXTERNAL      00000000              0
_ECCP2CONbits                     EXTERNAL      00000000              0
_EEADR                            EXTERNAL      00000000              0
_EECON1                           EXTERNAL      00000000              0
_EECON1bits                       EXTERNAL      00000000              0
_EECON2                           EXTERNAL      00000000              0
_EEDATA                           EXTERNAL      00000000              0
_FSR0H                            EXTERNAL      00000000              0
_FSR0L                            EXTERNAL      00000000              0
_FSR1H                            EXTERNAL      00000000              0
_FSR1L                            EXTERNAL      00000000              0
_FSR2H                            EXTERNAL      00000000              0
_FSR2L                            EXTERNAL      00000000              0
_HLVDCON                          EXTERNAL      00000000              0
_HLVDCONbits                      EXTERNAL      00000000              0
_INDF0                            EXTERNAL      00000000              0
_INDF1                            EXTERNAL      00000000              0
_INDF2                            EXTERNAL      00000000              0
_INTCON                           EXTERNAL      00000000              0
_INTCON2                          EXTERNAL      00000000              0
gpasm-1.5.2 #0 (Sep 16 2019) build/default/pr   9-16-2019  13:05:27         PAGE 18


SYMBOL TABLE
  LABEL                              TYPE        VALUE         VALUE          VALUE
                                                 (hex)         (dec)          (text)

_INTCON2bits                      EXTERNAL      00000000              0
_INTCON3                          EXTERNAL      00000000              0
_INTCON3bits                      EXTERNAL      00000000              0
_INTCONbits                       EXTERNAL      00000000              0
_IOCB                             EXTERNAL      00000000              0
_IOCBbits                         EXTERNAL      00000000              0
_IOCC                             EXTERNAL      00000000              0
_IOCCbits                         EXTERNAL      00000000              0
_IPR1                             EXTERNAL      00000000              0
_IPR1bits                         EXTERNAL      00000000              0
_IPR2                             EXTERNAL      00000000              0
_IPR2bits                         EXTERNAL      00000000              0
_IPR3                             EXTERNAL      00000000              0
_IPR3bits                         EXTERNAL      00000000              0
_LATA                             EXTERNAL      00000000              0
_LATAbits                         EXTERNAL      00000000              0
_LATB                             EXTERNAL      00000000              0
_LATBbits                         EXTERNAL      00000000              0
_LATC                             EXTERNAL      00000000              0
_LATCbits                         EXTERNAL      00000000              0
_OSCCON                           EXTERNAL      00000000              0
_OSCCON2                          EXTERNAL      00000000              0
_OSCCON2bits                      EXTERNAL      00000000              0
_OSCCONbits                       EXTERNAL      00000000              0
_OSCTUNE                          EXTERNAL      00000000              0
_OSCTUNEbits                      EXTERNAL      00000000              0
_PC                               EXTERNAL      00000000              0
_PCL                              EXTERNAL      00000000              0
_PCLATH                           EXTERNAL      00000000              0
_PCLATU                           EXTERNAL      00000000              0
_PIE1                             EXTERNAL      00000000              0
_PIE1bits                         EXTERNAL      00000000              0
_PIE2                             EXTERNAL      00000000              0
_PIE2bits                         EXTERNAL      00000000              0
_PIE3                             EXTERNAL      00000000              0
_PIE3bits                         EXTERNAL      00000000              0
_PIR1                             EXTERNAL      00000000              0
_PIR1bits                         EXTERNAL      00000000              0
_PIR2                             EXTERNAL      00000000              0
_PIR2bits                         EXTERNAL      00000000              0
_PIR3                             EXTERNAL      00000000              0
_PIR3bits                         EXTERNAL      00000000              0
_PLUSW0                           EXTERNAL      00000000              0
_PLUSW1                           EXTERNAL      00000000              0
_PLUSW2                           EXTERNAL      00000000              0
_PMD0                             EXTERNAL      00000000              0
_PMD0bits                         EXTERNAL      00000000              0
_PMD1                             EXTERNAL      00000000              0
_PMD1bits                         EXTERNAL      00000000              0
_PORTA                            EXTERNAL      00000000              0
_PORTAbits                        EXTERNAL      00000000              0
_PORTB                            EXTERNAL      00000000              0
gpasm-1.5.2 #0 (Sep 16 2019) build/default/pr   9-16-2019  13:05:27         PAGE 19


SYMBOL TABLE
  LABEL                              TYPE        VALUE         VALUE          VALUE
                                                 (hex)         (dec)          (text)

_PORTBbits                        EXTERNAL      00000000              0
_PORTC                            EXTERNAL      00000000              0
_PORTCbits                        EXTERNAL      00000000              0
_PORTE                            EXTERNAL      00000000              0
_PORTEbits                        EXTERNAL      00000000              0
_POSTDEC0                         EXTERNAL      00000000              0
_POSTDEC1                         EXTERNAL      00000000              0
_POSTDEC2                         EXTERNAL      00000000              0
_POSTINC0                         EXTERNAL      00000000              0
_POSTINC1                         EXTERNAL      00000000              0
_POSTINC2                         EXTERNAL      00000000              0
_PR2                              EXTERNAL      00000000              0
_PREINC0                          EXTERNAL      00000000              0
_PREINC1                          EXTERNAL      00000000              0
_PREINC2                          EXTERNAL      00000000              0
_PROD                             EXTERNAL      00000000              0
_PRODH                            EXTERNAL      00000000              0
_PRODL                            EXTERNAL      00000000              0
_PSTR1CON                         EXTERNAL      00000000              0
_PSTR1CONbits                     EXTERNAL      00000000              0
_PWM1CON                          EXTERNAL      00000000              0
_PWM1CONbits                      EXTERNAL      00000000              0
_RCON                             EXTERNAL      00000000              0
_RCONbits                         EXTERNAL      00000000              0
_RCREG                            EXTERNAL      00000000              0
_RCREG1                           EXTERNAL      00000000              0
_RCSTA                            EXTERNAL      00000000              0
_RCSTA1                           EXTERNAL      00000000              0
_RCSTA1bits                       EXTERNAL      00000000              0
_RCSTAbits                        EXTERNAL      00000000              0
_SLRCON                           EXTERNAL      00000000              0
_SLRCONbits                       EXTERNAL      00000000              0
_SPBRG                            EXTERNAL      00000000              0
_SPBRG1                           EXTERNAL      00000000              0
_SPBRG1bits                       EXTERNAL      00000000              0
_SPBRGH                           EXTERNAL      00000000              0
_SPBRGH1                          EXTERNAL      00000000              0
_SPBRGH1bits                      EXTERNAL      00000000              0
_SPBRGHbits                       EXTERNAL      00000000              0
_SPBRGbits                        EXTERNAL      00000000              0
_SRCON0                           EXTERNAL      00000000              0
_SRCON0bits                       EXTERNAL      00000000              0
_SRCON1                           EXTERNAL      00000000              0
_SRCON1bits                       EXTERNAL      00000000              0
_SSP1ADD                          EXTERNAL      00000000              0
_SSP1ADDbits                      EXTERNAL      00000000              0
_SSP1BUF                          EXTERNAL      00000000              0
_SSP1CON1                         EXTERNAL      00000000              0
_SSP1CON1bits                     EXTERNAL      00000000              0
_SSP1CON2                         EXTERNAL      00000000              0
_SSP1CON2bits                     EXTERNAL      00000000              0
_SSP1CON3                         EXTERNAL      00000000              0
gpasm-1.5.2 #0 (Sep 16 2019) build/default/pr   9-16-2019  13:05:27         PAGE 20


SYMBOL TABLE
  LABEL                              TYPE        VALUE         VALUE          VALUE
                                                 (hex)         (dec)          (text)

_SSP1CON3bits                     EXTERNAL      00000000              0
_SSP1MSK                          EXTERNAL      00000000              0
_SSP1MSKbits                      EXTERNAL      00000000              0
_SSP1STAT                         EXTERNAL      00000000              0
_SSP1STATbits                     EXTERNAL      00000000              0
_SSPADD                           EXTERNAL      00000000              0
_SSPADDbits                       EXTERNAL      00000000              0
_SSPBUF                           EXTERNAL      00000000              0
_SSPCON                           EXTERNAL      00000000              0
_SSPCON1                          EXTERNAL      00000000              0
_SSPCON1bits                      EXTERNAL      00000000              0
_SSPCON2                          EXTERNAL      00000000              0
_SSPCON2bits                      EXTERNAL      00000000              0
_SSPCON3                          EXTERNAL      00000000              0
_SSPCON3bits                      EXTERNAL      00000000              0
_SSPCONbits                       EXTERNAL      00000000              0
_SSPMSK                           EXTERNAL      00000000              0
_SSPMSKbits                       EXTERNAL      00000000              0
_SSPSTAT                          EXTERNAL      00000000              0
_SSPSTATbits                      EXTERNAL      00000000              0
_STATUS                           EXTERNAL      00000000              0
_STATUSbits                       EXTERNAL      00000000              0
_STCON                            EXTERNAL      00000000              0
_STCONbits                        EXTERNAL      00000000              0
_STKPTR                           EXTERNAL      00000000              0
_STKPTRbits                       EXTERNAL      00000000              0
_T0CON                            EXTERNAL      00000000              0
_T0CONbits                        EXTERNAL      00000000              0
_T1CON                            EXTERNAL      00000000              0
_T1CONbits                        EXTERNAL      00000000              0
_T1GCON                           EXTERNAL      00000000              0
_T1GCONbits                       EXTERNAL      00000000              0
_T2CON                            EXTERNAL      00000000              0
_T2CONbits                        EXTERNAL      00000000              0
_T3CON                            EXTERNAL      00000000              0
_T3CONbits                        EXTERNAL      00000000              0
_T3GCON                           EXTERNAL      00000000              0
_T3GCONbits                       EXTERNAL      00000000              0
_TABLAT                           EXTERNAL      00000000              0
_TBLPTR                           EXTERNAL      00000000              0
_TBLPTRH                          EXTERNAL      00000000              0
_TBLPTRL                          EXTERNAL      00000000              0
_TBLPTRU                          EXTERNAL      00000000              0
_TMR0                             EXTERNAL      00000000              0
_TMR0H                            EXTERNAL      00000000              0
_TMR0L                            EXTERNAL      00000000              0
_TMR1                             EXTERNAL      00000000              0
_TMR1H                            EXTERNAL      00000000              0
_TMR1L                            EXTERNAL      00000000              0
_TMR2                             EXTERNAL      00000000              0
_TMR3                             EXTERNAL      00000000              0
_TMR3H                            EXTERNAL      00000000              0
gpasm-1.5.2 #0 (Sep 16 2019) build/default/pr   9-16-2019  13:05:27         PAGE 21


SYMBOL TABLE
  LABEL                              TYPE        VALUE         VALUE          VALUE
                                                 (hex)         (dec)          (text)

_TMR3L                            EXTERNAL      00000000              0
_TOS                              EXTERNAL      00000000              0
_TOSH                             EXTERNAL      00000000              0
_TOSL                             EXTERNAL      00000000              0
_TOSU                             EXTERNAL      00000000              0
_TRISA                            EXTERNAL      00000000              0
_TRISAbits                        EXTERNAL      00000000              0
_TRISB                            EXTERNAL      00000000              0
_TRISBbits                        EXTERNAL      00000000              0
_TRISC                            EXTERNAL      00000000              0
_TRISCbits                        EXTERNAL      00000000              0
_TXREG                            EXTERNAL      00000000              0
_TXREG1                           EXTERNAL      00000000              0
_TXSTA                            EXTERNAL      00000000              0
_TXSTA1                           EXTERNAL      00000000              0
_TXSTA1bits                       EXTERNAL      00000000              0
_TXSTAbits                        EXTERNAL      00000000              0
_UADDR                            EXTERNAL      00000000              0
_UADDRbits                        EXTERNAL      00000000              0
_UCFG                             EXTERNAL      00000000              0
_UCFGbits                         EXTERNAL      00000000              0
_UCON                             EXTERNAL      00000000              0
_UCONbits                         EXTERNAL      00000000              0
_UEIE                             EXTERNAL      00000000              0
_UEIEbits                         EXTERNAL      00000000              0
_UEIR                             EXTERNAL      00000000              0
_UEIRbits                         EXTERNAL      00000000              0
_UEP0                             EXTERNAL      00000000              0
_UEP0bits                         EXTERNAL      00000000              0
_UEP1                             EXTERNAL      00000000              0
_UEP1bits                         EXTERNAL      00000000              0
_UEP2                             EXTERNAL      00000000              0
_UEP2bits                         EXTERNAL      00000000              0
_UEP3                             EXTERNAL      00000000              0
_UEP3bits                         EXTERNAL      00000000              0
_UEP4                             EXTERNAL      00000000              0
_UEP4bits                         EXTERNAL      00000000              0
_UEP5                             EXTERNAL      00000000              0
_UEP5bits                         EXTERNAL      00000000              0
_UEP6                             EXTERNAL      00000000              0
_UEP6bits                         EXTERNAL      00000000              0
_UEP7                             EXTERNAL      00000000              0
_UEP7bits                         EXTERNAL      00000000              0
_UEP8                             EXTERNAL      00000000              0
_UEP8bits                         EXTERNAL      00000000              0
_UEP9                             EXTERNAL      00000000              0
_UEP9bits                         EXTERNAL      00000000              0
_UEP10                            EXTERNAL      00000000              0
_UEP10bits                        EXTERNAL      00000000              0
_UEP11                            EXTERNAL      00000000              0
_UEP11bits                        EXTERNAL      00000000              0
_UEP12                            EXTERNAL      00000000              0
gpasm-1.5.2 #0 (Sep 16 2019) build/default/pr   9-16-2019  13:05:27         PAGE 22


SYMBOL TABLE
  LABEL                              TYPE        VALUE         VALUE          VALUE
                                                 (hex)         (dec)          (text)

_UEP12bits                        EXTERNAL      00000000              0
_UEP13                            EXTERNAL      00000000              0
_UEP13bits                        EXTERNAL      00000000              0
_UEP14                            EXTERNAL      00000000              0
_UEP14bits                        EXTERNAL      00000000              0
_UEP15                            EXTERNAL      00000000              0
_UEP15bits                        EXTERNAL      00000000              0
_UFRM                             EXTERNAL      00000000              0
_UFRMH                            EXTERNAL      00000000              0
_UFRMHbits                        EXTERNAL      00000000              0
_UFRML                            EXTERNAL      00000000              0
_UFRMLbits                        EXTERNAL      00000000              0
_UIE                              EXTERNAL      00000000              0
_UIEbits                          EXTERNAL      00000000              0
_UIR                              EXTERNAL      00000000              0
_UIRbits                          EXTERNAL      00000000              0
_USTAT                            EXTERNAL      00000000              0
_USTATbits                        EXTERNAL      00000000              0
_VREFCON0                         EXTERNAL      00000000              0
_VREFCON0bits                     EXTERNAL      00000000              0
_VREFCON1                         EXTERNAL      00000000              0
_VREFCON1bits                     EXTERNAL      00000000              0
_VREFCON2                         EXTERNAL      00000000              0
_VREFCON2bits                     EXTERNAL      00000000              0
_VREGCON                          EXTERNAL      00000000              0
_WDTCON                           EXTERNAL      00000000              0
_WDTCONbits                       EXTERNAL      00000000              0
_WPUB                             EXTERNAL      00000000              0
_WPUBbits                         EXTERNAL      00000000              0
_WREG                             EXTERNAL      00000000              0
__16_BIT                          CONSTANT      00000001              1
__18F25K50                        CONSTANT      00000001              1
__ACC_RAM_LOW_END                 CONSTANT      0000005F             95
__ACC_RAM_LOW_START               CONSTANT      00000000              0
__ACTIVE_BANK_ADDR                VARIABLE      FFFFFFFF             -1
__ASSUMED_BANK_ADDR               VARIABLE      FFFFFFFF             -1
__BANK_0                          CONSTANT      00000000              0
__BANK_1                          CONSTANT      00000100            256
__BANK_2                          CONSTANT      00000200            512
__BANK_3                          CONSTANT      00000300            768
__BANK_4                          CONSTANT      00000400           1024
__BANK_5                          CONSTANT      00000500           1280
__BANK_6                          CONSTANT      00000600           1536
__BANK_7                          CONSTANT      00000700           1792
__BANK_8                          CONSTANT      00000800           2048
__BANK_9                          CONSTANT      00000900           2304
__BANK_10                         CONSTANT      00000A00           2560
__BANK_11                         CONSTANT      00000B00           2816
__BANK_12                         CONSTANT      00000C00           3072
__BANK_13                         CONSTANT      00000D00           3328
__BANK_14                         CONSTANT      00000E00           3584
__BANK_15                         CONSTANT      00000F00           3840
gpasm-1.5.2 #0 (Sep 16 2019) build/default/pr   9-16-2019  13:05:27         PAGE 23


SYMBOL TABLE
  LABEL                              TYPE        VALUE         VALUE          VALUE
                                                 (hex)         (dec)          (text)

__BANK_BITS                       CONSTANT      00000F00           3840
__BANK_FIRST                      CONSTANT      00000000              0
__BANK_INV                        CONSTANT      FFFFFFFF             -1
__BANK_LAST                       CONSTANT      00000F00           3840
__BANK_MASK                       CONSTANT      000000FF            255
__BANK_SHIFT                      CONSTANT      00000008              8
__BANK_SIZE                       CONSTANT      00000100            256
__CODE_END                        CONSTANT      00007FFF          32767
__CODE_START                      CONSTANT      00000000              0
__COMMON_RAM_END                  CONSTANT      0000005F             95
__COMMON_RAM_START                CONSTANT      00000000              0
__CONFIG_END                      CONSTANT      0030000D        3145741
__CONFIG_START                    CONSTANT      00300000        3145728
__EEPROM_END                      CONSTANT      00F000FF       15728895
__EEPROM_START                    CONSTANT      00F00000       15728640
__EXTENDED                        CONSTANT      00000001              1
__GPUTILS_SVN_VERSION             CONSTANT      00000000              0
__GPUTILS_VERSION_MAJOR           CONSTANT      00000001              1
__GPUTILS_VERSION_MICRO           CONSTANT      00000002              2
__GPUTILS_VERSION_MINOR           CONSTANT      00000005              5
__IDLOCS_END                      CONSTANT      00200007        2097159
__IDLOCS_START                    CONSTANT      00200000        2097152
__NUM_BANKS                       CONSTANT      00000010             16
__VECTOR_INT_HIGH                 CONSTANT      00000008              8
__VECTOR_INT_LOW                  CONSTANT      00000018             24
__VECTOR_RESET                    CONSTANT      00000000              0
__WHILE_LOOP_COUNT_MAX            CONSTANT      000000FF            255
_timer0_init                      GLOBAL        00000000              0
_timer0_read_ps                   GLOBAL        00000000              0
_timer1_init                      GLOBAL        00000000              0
_timer2_init                      GLOBAL        00000000              0
r0x00                             STATIC        00000000              0
r0x01                             STATIC        00000001              1
r0x02                             STATIC        00000002              2
r0x03                             STATIC        00000003              3
r0x04                             STATIC        00000004              4
r0x05                             STATIC        00000005              5

Errors   :     0
Warnings :     0 reported,     0 suppressed
Messages :     0 reported,     0 suppressed

